<?xml version="1.0" encoding="UTF-8"?>
<testsuites name="Patient Management" time="81.804" tests="2" failures="0" errors="0">
   <testsuite name="Patient Management" tests="2" failures="0" errors="0" time="81.804" skipped="0" timestamp="08-05-2024T12:00:11" hostname="safaamarir - 192.168.1.4" id="Test Suites/IS iPhone/Patient Management">
      <properties>
         <property name="deviceName" value="Safa’s iPhone"/>
         <property name="devicePlatform" value=""/>
         <property name="logFolder" value="/Users/safaamarir/git/Android_Automation/Reports/20240508_120007/IS iPhone/Patient Management/20240508_120008"/>
         <property name="logFiles" value="/Users/safaamarir/git/Android_Automation/Reports/20240508_120007/IS iPhone/Patient Management/20240508_120008/execution0.log, /Users/safaamarir/git/Android_Automation/Reports/20240508_120007/IS iPhone/Patient Management/20240508_120008/appium_error.log, /Users/safaamarir/git/Android_Automation/Reports/20240508_120007/IS iPhone/Patient Management/20240508_120008/appium.log, /Users/safaamarir/git/Android_Automation/Reports/20240508_120007/IS iPhone/Patient Management/20240508_120008/appium-proxy-server.log"/>
         <property name="attachments" value=""/>
         <property name="hostName" value="safaamarir - 192.168.1.4"/>
         <property name="os" value="Mac OS X 64bit"/>
         <property name="appiumServerStatus" value="{&quot;value&quot;:{&quot;ready&quot;:true,&quot;message&quot;:&quot;The server is ready to accept new connections&quot;,&quot;build&quot;:{&quot;version&quot;:&quot;2.4.1&quot;,&quot;git-sha&quot;:&quot;82c2e743a5bcea725f9ca1429e3e21c3088ff904&quot;,&quot;built&quot;:&quot;2024-05-06 08:46:28 +0100&quot;}}}"/>
         <property name="katalonVersion" value="9.2.0.212"/>
         <property name="deviceOS" value="iOS"/>
         <property name="appiumVersion" value="2.4.1"/>
         <property name="deviceModel" value="iPhone14,5"/>
         <property name="hostAddress" value="192.168.1.4"/>
         <property name="deviceManufacturer" value="Apple"/>
         <property name="deviceId" value="00008110-00112D590CD0201E"/>
         <property name="deviceName" value="Safa’s iPhone"/>
         <property name="deviceOSVersion" value="17.4.1"/>
      </properties>
      <testcase name="Test Cases/IOS/User Management/EK-8491 IS iPhone - Sign in" time="64.713" classname="Test Cases/IOS/User Management/EK-8491 IS iPhone - Sign in" status="PASSED">
         <system-out><![CDATA[08-05-2024T12:00:11 - [TEST_CASE][PASSED] - Test Cases/IOS/User Management/EK-8491 IS iPhone - Sign in: Test Cases/IOS/User Management/EK-8491 IS iPhone - Sign in

08-05-2024T12:00:11 - [TEST_STEP][PASSED] - Start listener action : beforeTestCase: null

08-05-2024T12:00:11 - [TEST_STEP][PASSED] - addDefaultPackages(): null

08-05-2024T12:00:11 - [TEST_STEP][PASSED] - runFeatureFile("Include/features/EK-8491 IS iPhone - Sign in.feature"): Feature file: 'Include/features/EK-8491 IS iPhone - Sign in.feature' was passed

08-05-2024T12:00:11 - [MESSAGE][INFO] - Starting run keyword runFeatureFile: 'Include/features/EK-8491 IS iPhone - Sign in.feature' and extract report to folder: '/Users/safaamarir/git/Android_Automation/Reports/20240508_120007/IS iPhone/Patient Management/20240508_120008/cucumber_report/1715166011951'...

08-05-2024T12:00:12 - [MESSAGE][PASSED] - Feature file: 'Include/features/EK-8491 IS iPhone - Sign in.feature' was passed

08-05-2024T12:00:12 - [TEST_STEP][PASSED] - startApplication(IPA, true): Started app at: '/Users/safaamarir/APK/IOS/IS/IS_Preprod_2.2.1_290.ipa'

08-05-2024T12:00:12 - [MESSAGE][INFO] - User set preference: ['automationName', 'XCUITest']

08-05-2024T12:00:12 - [MESSAGE][INFO] - User set preference: ['deviceId', '00008110-00112D590CD0201E']

08-05-2024T12:00:22 - [MESSAGE][WARNING] - Failed to start ios_webkit_debug_proxy on default port 27753

08-05-2024T12:00:22 - [MESSAGE][INFO] - Detected NodeJS location: "/opt/homebrew/Cellar/node/21.7.1/bin/node"

08-05-2024T12:00:22 - [MESSAGE][INFO] - PATH: /opt/homebrew/Cellar/node/21.7.1/bin:/opt/homebrew/bin:/usr/bin:/bin:/usr/sbin:/sbin:/usr/local/bin

08-05-2024T12:00:22 - [MESSAGE][INFO] - APPIUM_HOME: /Users/safaamarir/.appium

08-05-2024T12:00:22 - [MESSAGE][INFO] - appium outlog: /Users/safaamarir/git/Android_Automation/Reports/20240508_120007/IS iPhone/Patient Management/20240508_120008/appium.log

08-05-2024T12:00:22 - [MESSAGE][INFO] - appium errlog: /Users/safaamarir/git/Android_Automation/Reports/20240508_120007/IS iPhone/Patient Management/20240508_120008/appium_error.log

08-05-2024T12:00:23 - [MESSAGE][INFO] - Appium server started on port 52,801

08-05-2024T12:00:56 - [MESSAGE][PASSED] - Started app at: '/Users/safaamarir/APK/IOS/IS/IS_Preprod_2.2.1_290.ipa'

08-05-2024T12:00:56 - [TEST_STEP][PASSED] - tap(findTestObject("Object Repository/IOS/User Management/Sign In/XCUIElementTypeButton - Allow"), 30): Tapped on element 'Object Repository/IOS/User Management/Sign In/XCUIElementTypeButton - Allow'

08-05-2024T12:00:58 - [MESSAGE][PASSED] - Tapped on element 'Object Repository/IOS/User Management/Sign In/XCUIElementTypeButton - Allow'

08-05-2024T12:00:58 - [TEST_STEP][PASSED] - setText(findTestObject("Object Repository/IOS/User Management/Sign In/XCUIElementTypeTextField - username"), LoginCreds.get("username"), 30): Text 'katalon' has been set to element 'Object Repository/IOS/User Management/Sign In/XCUIElementTypeTextField - username'

08-05-2024T12:00:59 - [MESSAGE][PASSED] - Text 'katalon' has been set to element 'Object Repository/IOS/User Management/Sign In/XCUIElementTypeTextField - username'

08-05-2024T12:00:59 - [TEST_STEP][PASSED] - setText(findTestObject("Object Repository/IOS/User Management/Sign In/XCUIElementTypeSecureTextField - Passcode"), LoginCreds.get("password"), 30): Text 'eKare123@' has been set to element 'Object Repository/IOS/User Management/Sign In/XCUIElementTypeSecureTextField - Passcode'

08-05-2024T12:01:01 - [MESSAGE][PASSED] - Text 'eKare123@' has been set to element 'Object Repository/IOS/User Management/Sign In/XCUIElementTypeSecureTextField - Passcode'

08-05-2024T12:01:01 - [TEST_STEP][PASSED] - tap(findTestObject("Object Repository/IOS/User Management/Sign In/XCUIElementTypeOther - SIGN IN"), 30): Tapped on element 'Object Repository/IOS/User Management/Sign In/XCUIElementTypeOther - SIGN IN'

08-05-2024T12:01:03 - [MESSAGE][PASSED] - Tapped on element 'Object Repository/IOS/User Management/Sign In/XCUIElementTypeOther - SIGN IN'

08-05-2024T12:01:03 - [TEST_STEP][PASSED] - tap(findTestObject("IOS/User Management/Sign In/XCUIElementTypeOther - Katalon"), 30): Tapped on element 'Object Repository/IOS/User Management/Sign In/XCUIElementTypeOther - Katalon'

08-05-2024T12:01:04 - [MESSAGE][PASSED] - Tapped on element 'Object Repository/IOS/User Management/Sign In/XCUIElementTypeOther - Katalon'

08-05-2024T12:01:04 - [TEST_STEP][PASSED] - delay(10): Delayed 10 second(s)

08-05-2024T12:01:14 - [MESSAGE][PASSED] - Delayed 10 second(s)

08-05-2024T12:01:16 - [TEST_STEP][PASSED] - Video: Video recording for test case 'Test Cases/IOS/User Management/EK-8491 IS iPhone - Sign in' .

08-05-2024T12:01:16 - [MESSAGE][INFO] - Video recording for test case 'Test Cases/IOS/User Management/EK-8491 IS iPhone - Sign in' .]]></system-out>
         <system-err><![CDATA[]]></system-err>
      </testcase>
      <testcase name="Test Cases/IOS/Patient Management/EK-8771 IS iPhone - Freeze Patient" time="17.031" classname="Test Cases/IOS/Patient Management/EK-8771 IS iPhone - Freeze Patient" status="PASSED">
         <system-out><![CDATA[08-05-2024T12:01:16 - [TEST_CASE][PASSED] - Test Cases/IOS/Patient Management/EK-8771 IS iPhone - Freeze Patient: Test Cases/IOS/Patient Management/EK-8771 IS iPhone - Freeze Patient

08-05-2024T12:01:16 - [TEST_STEP][PASSED] - Start listener action : beforeTestCase: null

08-05-2024T12:01:16 - [TEST_STEP][PASSED] - addDefaultPackages(): null

08-05-2024T12:01:16 - [TEST_STEP][PASSED] - runFeatureFile("Include/features/EK-8771 IS iPhone - Freeze Patient.feature"): Feature file: 'Include/features/EK-8771 IS iPhone - Freeze Patient.feature' was passed

08-05-2024T12:01:16 - [MESSAGE][INFO] - Starting run keyword runFeatureFile: 'Include/features/EK-8771 IS iPhone - Freeze Patient.feature' and extract report to folder: '/Users/safaamarir/git/Android_Automation/Reports/20240508_120007/IS iPhone/Patient Management/20240508_120008/cucumber_report/1715166076421'...

08-05-2024T12:01:16 - [MESSAGE][PASSED] - Feature file: 'Include/features/EK-8771 IS iPhone - Freeze Patient.feature' was passed

08-05-2024T12:01:16 - [TEST_STEP][PASSED] - setText(findTestObject("IOS/Patient Management/Freeze Patient/XCUIElementTypeTextField - Search Bar"), "6767", 30): Text '6767' has been set to element 'Object Repository/IOS/Patient Management/Freeze Patient/XCUIElementTypeTextField - Search Bar'

08-05-2024T12:01:19 - [MESSAGE][PASSED] - Text '6767' has been set to element 'Object Repository/IOS/Patient Management/Freeze Patient/XCUIElementTypeTextField - Search Bar'

08-05-2024T12:01:19 - [TEST_STEP][PASSED] - delay(3, STOP_ON_FAILURE): Delayed 3 second(s)

08-05-2024T12:01:22 - [MESSAGE][PASSED] - Delayed 3 second(s)

08-05-2024T12:01:22 - [TEST_STEP][PASSED] - tap(findTestObject("IOS/Patient Management/Freeze Patient/XCUIElementTypeOther - Freeze, Patient 08052024 26M    MRN 6767 No Consent"), 30): Tapped on element 'Object Repository/IOS/Patient Management/Freeze Patient/XCUIElementTypeOther - Freeze, Patient 08052024 26M    MRN 6767 No Consent'

08-05-2024T12:01:23 - [MESSAGE][PASSED] - Tapped on element 'Object Repository/IOS/Patient Management/Freeze Patient/XCUIElementTypeOther - Freeze, Patient 08052024 26M    MRN 6767 No Consent'

08-05-2024T12:01:23 - [TEST_STEP][PASSED] - tap(findTestObject("IOS/Patient Management/Freeze Patient/XCUIElementTypeOther - Freeze, Patient 08052024 26M    MRN 6767 No Consent"), 30): Tapped on element 'Object Repository/IOS/Patient Management/Freeze Patient/XCUIElementTypeOther - Freeze, Patient 08052024 26M    MRN 6767 No Consent'

08-05-2024T12:01:24 - [MESSAGE][PASSED] - Tapped on element 'Object Repository/IOS/Patient Management/Freeze Patient/XCUIElementTypeOther - Freeze, Patient 08052024 26M    MRN 6767 No Consent'

08-05-2024T12:01:24 - [TEST_STEP][PASSED] - tap(findTestObject("Object Repository/IOS/Patient Management/Freeze Patient/XCUIElementTypeOther - Menu"), 30): Tapped on element 'Object Repository/IOS/Patient Management/Freeze Patient/XCUIElementTypeOther - Menu'

08-05-2024T12:01:26 - [MESSAGE][PASSED] - Tapped on element 'Object Repository/IOS/Patient Management/Freeze Patient/XCUIElementTypeOther - Menu'

08-05-2024T12:01:26 - [TEST_STEP][PASSED] - tap(findTestObject("Object Repository/IOS/Patient Management/Freeze Patient/XCUIElementTypeOther - Freeze patient"), 30): Tapped on element 'Object Repository/IOS/Patient Management/Freeze Patient/XCUIElementTypeOther - Freeze patient'

08-05-2024T12:01:27 - [MESSAGE][PASSED] - Tapped on element 'Object Repository/IOS/Patient Management/Freeze Patient/XCUIElementTypeOther - Freeze patient'

08-05-2024T12:01:27 - [TEST_STEP][PASSED] - verifyElementText(findTestObject("Object Repository/IOS/Patient Management/Freeze Patient/XCUIElementTypeOther - Change patient status to Inactive"), "Change patient status to Inactive ?"): Actual text and expected text of test object 'Object Repository/IOS/Patient Management/Freeze Patient/XCUIElementTypeOther - Change patient status to Inactive' are matched.

08-05-2024T12:01:28 - [MESSAGE][PASSED] - Actual text and expected text of test object 'Object Repository/IOS/Patient Management/Freeze Patient/XCUIElementTypeOther - Change patient status to Inactive' are matched.

08-05-2024T12:01:28 - [TEST_STEP][PASSED] - verifyElementText(findTestObject("Object Repository/IOS/Patient Management/Freeze Patient/XCUIElementTypeOther - Confirm"), "Confirm"): Actual text and expected text of test object 'Object Repository/IOS/Patient Management/Freeze Patient/XCUIElementTypeOther - Confirm' are matched.

08-05-2024T12:01:29 - [MESSAGE][PASSED] - Actual text and expected text of test object 'Object Repository/IOS/Patient Management/Freeze Patient/XCUIElementTypeOther - Confirm' are matched.

08-05-2024T12:01:29 - [TEST_STEP][PASSED] - verifyElementText(findTestObject("Object Repository/IOS/Patient Management/Freeze Patient/XCUIElementTypeOther - Cancel"), "Cancel"): Actual text and expected text of test object 'Object Repository/IOS/Patient Management/Freeze Patient/XCUIElementTypeOther - Cancel' are matched.

08-05-2024T12:01:30 - [MESSAGE][PASSED] - Actual text and expected text of test object 'Object Repository/IOS/Patient Management/Freeze Patient/XCUIElementTypeOther - Cancel' are matched.

08-05-2024T12:01:30 - [TEST_STEP][PASSED] - tap(findTestObject("Object Repository/IOS/Patient Management/Freeze Patient/XCUIElementTypeOther - Confirm"), 30): Tapped on element 'Object Repository/IOS/Patient Management/Freeze Patient/XCUIElementTypeOther - Confirm'

08-05-2024T12:01:31 - [MESSAGE][PASSED] - Tapped on element 'Object Repository/IOS/Patient Management/Freeze Patient/XCUIElementTypeOther - Confirm'

08-05-2024T12:01:33 - [TEST_STEP][PASSED] - Video: Video recording for test case 'Test Cases/IOS/Patient Management/EK-8771 IS iPhone - Freeze Patient' .

08-05-2024T12:01:33 - [MESSAGE][INFO] - Video recording for test case 'Test Cases/IOS/Patient Management/EK-8771 IS iPhone - Freeze Patient' .]]></system-out>
         <system-err><![CDATA[]]></system-err>
      </testcase>
      <system-out><![CDATA[08-05-2024T12:00:11 - [TEST_SUITE][PASSED] - Patient Management: Test Cases/IOS/Patient Management/EK-8771 IS iPhone - Freeze Patient]]></system-out>
      <system-err><![CDATA[]]></system-err>
   </testsuite>
</testsuites>
