<?xml version="1.0" encoding="UTF-8"?>
<testsuites name="Menu and other services" time="146.017" tests="4" failures="0" errors="0">
   <testsuite name="Menu and other services" tests="4" failures="0" errors="0" time="146.017" skipped="0" timestamp="14-02-2024T11:12:35" hostname="safaamarir - 192.168.1.4" id="Test Suites/IS iPhone/Menu and other services">
      <properties>
         <property name="deviceName" value="Safa’s iPhone"/>
         <property name="devicePlatform" value=""/>
         <property name="logFolder" value="/Users/safaamarir/git/Android_Automation/Reports/20240214_111231/IS iPhone/Menu and other services/20240214_111232"/>
         <property name="logFiles" value="/Users/safaamarir/git/Android_Automation/Reports/20240214_111231/IS iPhone/Menu and other services/20240214_111232/execution0.log, /Users/safaamarir/git/Android_Automation/Reports/20240214_111231/IS iPhone/Menu and other services/20240214_111232/appium_error.log, /Users/safaamarir/git/Android_Automation/Reports/20240214_111231/IS iPhone/Menu and other services/20240214_111232/appium.log, /Users/safaamarir/git/Android_Automation/Reports/20240214_111231/IS iPhone/Menu and other services/20240214_111232/appium-proxy-server.log"/>
         <property name="attachments" value=""/>
         <property name="hostName" value="safaamarir - 192.168.1.4"/>
         <property name="os" value="Mac OS X 64bit"/>
         <property name="appiumServerStatus" value="{&quot;value&quot;:{&quot;ready&quot;:true,&quot;message&quot;:&quot;The server is ready to accept new connections&quot;,&quot;build&quot;:{&quot;version&quot;:&quot;2.4.1&quot;,&quot;git-sha&quot;:&quot;b3751bca8c4a3c76107d5aa3b75b81db93cf4bb6&quot;,&quot;built&quot;:&quot;2024-01-07 16:04:51 -0800&quot;}}}"/>
         <property name="katalonVersion" value="9.2.0.212"/>
         <property name="deviceOS" value="iOS"/>
         <property name="appiumVersion" value="2.4.1"/>
         <property name="deviceModel" value="iPhone14,5"/>
         <property name="hostAddress" value="192.168.1.4"/>
         <property name="deviceManufacturer" value="Apple"/>
         <property name="deviceId" value="00008110-00112D590CD0201E"/>
         <property name="deviceName" value="Safa’s iPhone"/>
         <property name="deviceOSVersion" value="17.3"/>
      </properties>
      <testcase name="Test Cases/IOS/User Management/EK-8491 IS iPhone - Sign in" time="60.584" classname="Test Cases/IOS/User Management/EK-8491 IS iPhone - Sign in" status="PASSED">
         <system-out><![CDATA[14-02-2024T11:12:35 - [TEST_CASE][PASSED] - Test Cases/IOS/User Management/EK-8491 IS iPhone - Sign in: Test Cases/IOS/User Management/EK-8491 IS iPhone - Sign in

14-02-2024T11:12:35 - [TEST_STEP][PASSED] - Start listener action : beforeTestCase: null

14-02-2024T11:12:35 - [TEST_STEP][PASSED] - addDefaultPackages(): null

14-02-2024T11:12:36 - [TEST_STEP][PASSED] - runFeatureFile("Include/features/EK-8491 IS iPhone - Sign in.feature"): Feature file: 'Include/features/EK-8491 IS iPhone - Sign in.feature' was passed

14-02-2024T11:12:36 - [MESSAGE][INFO] - Starting run keyword runFeatureFile: 'Include/features/EK-8491 IS iPhone - Sign in.feature' and extract report to folder: '/Users/safaamarir/git/Android_Automation/Reports/20240214_111231/IS iPhone/Menu and other services/20240214_111232/cucumber_report/1707905556211'...

14-02-2024T11:12:36 - [MESSAGE][PASSED] - Feature file: 'Include/features/EK-8491 IS iPhone - Sign in.feature' was passed

14-02-2024T11:12:36 - [TEST_STEP][PASSED] - startApplication(IPA, true): Started app at: '/Users/safaamarir/APK/IOS/IS/IS_PreProd_2.1.5_214.ipa'

14-02-2024T11:12:36 - [MESSAGE][INFO] - User set preference: ['automationName', 'XCUITest']

14-02-2024T11:12:36 - [MESSAGE][INFO] - User set preference: ['deviceId', '00008110-00112D590CD0201E']

14-02-2024T11:12:46 - [MESSAGE][WARNING] - Failed to start ios_webkit_debug_proxy on default port 27753

14-02-2024T11:12:46 - [MESSAGE][INFO] - Detected NodeJS location: "/opt/homebrew/Cellar/node/21.5.0/bin/node"

14-02-2024T11:12:46 - [MESSAGE][INFO] - PATH: /opt/homebrew/Cellar/node/21.5.0/bin:/opt/homebrew/bin:/usr/bin:/bin:/usr/sbin:/sbin:/usr/local/bin

14-02-2024T11:12:46 - [MESSAGE][INFO] - APPIUM_HOME: /Users/safaamarir/.appium

14-02-2024T11:12:46 - [MESSAGE][INFO] - appium outlog: /Users/safaamarir/git/Android_Automation/Reports/20240214_111231/IS iPhone/Menu and other services/20240214_111232/appium.log

14-02-2024T11:12:46 - [MESSAGE][INFO] - appium errlog: /Users/safaamarir/git/Android_Automation/Reports/20240214_111231/IS iPhone/Menu and other services/20240214_111232/appium_error.log

14-02-2024T11:12:48 - [MESSAGE][INFO] - Appium server started on port 52,885

14-02-2024T11:13:16 - [MESSAGE][PASSED] - Started app at: '/Users/safaamarir/APK/IOS/IS/IS_PreProd_2.1.5_214.ipa'

14-02-2024T11:13:16 - [TEST_STEP][PASSED] - tap(findTestObject("Object Repository/IOS/User Management/Sign In/XCUIElementTypeButton - Allow"), 30): Tapped on element 'Object Repository/IOS/User Management/Sign In/XCUIElementTypeButton - Allow'

14-02-2024T11:13:18 - [MESSAGE][PASSED] - Tapped on element 'Object Repository/IOS/User Management/Sign In/XCUIElementTypeButton - Allow'

14-02-2024T11:13:18 - [TEST_STEP][PASSED] - setText(findTestObject("Object Repository/IOS/User Management/Sign In/XCUIElementTypeTextField - username"), LoginCreds.get("username"), 30): Text 'katalon' has been set to element 'Object Repository/IOS/User Management/Sign In/XCUIElementTypeTextField - username'

14-02-2024T11:13:20 - [MESSAGE][PASSED] - Text 'katalon' has been set to element 'Object Repository/IOS/User Management/Sign In/XCUIElementTypeTextField - username'

14-02-2024T11:13:20 - [TEST_STEP][PASSED] - setText(findTestObject("Object Repository/IOS/User Management/Sign In/XCUIElementTypeSecureTextField - Passcode"), LoginCreds.get("password"), 30): Text 'eKare123@' has been set to element 'Object Repository/IOS/User Management/Sign In/XCUIElementTypeSecureTextField - Passcode'

14-02-2024T11:13:21 - [MESSAGE][PASSED] - Text 'eKare123@' has been set to element 'Object Repository/IOS/User Management/Sign In/XCUIElementTypeSecureTextField - Passcode'

14-02-2024T11:13:21 - [TEST_STEP][PASSED] - tap(findTestObject("Object Repository/IOS/User Management/Sign In/XCUIElementTypeOther - SIGN IN"), 30): Tapped on element 'Object Repository/IOS/User Management/Sign In/XCUIElementTypeOther - SIGN IN'

14-02-2024T11:13:23 - [MESSAGE][PASSED] - Tapped on element 'Object Repository/IOS/User Management/Sign In/XCUIElementTypeOther - SIGN IN'

14-02-2024T11:13:23 - [TEST_STEP][PASSED] - tap(findTestObject("IOS/User Management/Sign In/XCUIElementTypeOther - Katalon"), 30): Tapped on element 'Object Repository/IOS/User Management/Sign In/XCUIElementTypeOther - Katalon'

14-02-2024T11:13:24 - [MESSAGE][PASSED] - Tapped on element 'Object Repository/IOS/User Management/Sign In/XCUIElementTypeOther - Katalon'

14-02-2024T11:13:24 - [TEST_STEP][PASSED] - delay(10): Delayed 10 second(s)

14-02-2024T11:13:34 - [MESSAGE][PASSED] - Delayed 10 second(s)

14-02-2024T11:13:36 - [TEST_STEP][PASSED] - Video: Video recording for test case 'Test Cases/IOS/User Management/EK-8491 IS iPhone - Sign in' .

14-02-2024T11:13:36 - [MESSAGE][INFO] - Video recording for test case 'Test Cases/IOS/User Management/EK-8491 IS iPhone - Sign in' .]]></system-out>
         <system-err><![CDATA[]]></system-err>
      </testcase>
      <testcase name="Test Cases/IOS/Menu and other services/EK-8591 IS iPhone - Phone general tutorial" time="26.738" classname="Test Cases/IOS/Menu and other services/EK-8591 IS iPhone - Phone general tutorial" status="PASSED">
         <system-out><![CDATA[14-02-2024T11:13:36 - [TEST_CASE][PASSED] - Test Cases/IOS/Menu and other services/EK-8591 IS iPhone - Phone general tutorial: Test Cases/IOS/Menu and other services/EK-8591 IS iPhone - Phone general tutorial

14-02-2024T11:13:36 - [TEST_STEP][PASSED] - Start listener action : beforeTestCase: null

14-02-2024T11:13:36 - [TEST_STEP][PASSED] - addDefaultPackages(): null

14-02-2024T11:13:36 - [TEST_STEP][PASSED] - runFeatureFile("Include/features/EK-8591 IS iPhone - Phone general tutorial.feature"): Feature file: 'Include/features/EK-8591 IS iPhone - Phone general tutorial.feature' was passed

14-02-2024T11:13:36 - [MESSAGE][INFO] - Starting run keyword runFeatureFile: 'Include/features/EK-8591 IS iPhone - Phone general tutorial.feature' and extract report to folder: '/Users/safaamarir/git/Android_Automation/Reports/20240214_111231/IS iPhone/Menu and other services/20240214_111232/cucumber_report/1707905616521'...

14-02-2024T11:13:36 - [MESSAGE][PASSED] - Feature file: 'Include/features/EK-8591 IS iPhone - Phone general tutorial.feature' was passed

14-02-2024T11:13:36 - [TEST_STEP][PASSED] - tap(findTestObject("Object Repository/IOS/User Management/Login as a user with multiple sites/XCUIElementTypeOther - Menu (1)"), 30): Tapped on element 'Object Repository/IOS/User Management/Login as a user with multiple sites/XCUIElementTypeOther - Menu (1)'

14-02-2024T11:13:43 - [MESSAGE][PASSED] - Tapped on element 'Object Repository/IOS/User Management/Login as a user with multiple sites/XCUIElementTypeOther - Menu (1)'

14-02-2024T11:13:43 - [TEST_STEP][PASSED] - tap(findTestObject("Object Repository/IOS/Menu and Other Sevices/Phone tuto/XCUIElementTypeOther - Help"), 30): Tapped on element 'Object Repository/IOS/Menu and Other Sevices/Phone tuto/XCUIElementTypeOther - Help'

14-02-2024T11:13:46 - [MESSAGE][PASSED] - Tapped on element 'Object Repository/IOS/Menu and Other Sevices/Phone tuto/XCUIElementTypeOther - Help'

14-02-2024T11:13:46 - [TEST_STEP][PASSED] - tap(findTestObject("Object Repository/IOS/Menu and Other Sevices/Phone tuto/XCUIElementTypeOther - App Intro"), 30): Tapped on element 'Object Repository/IOS/Menu and Other Sevices/Phone tuto/XCUIElementTypeOther - App Intro'

14-02-2024T11:13:48 - [MESSAGE][PASSED] - Tapped on element 'Object Repository/IOS/Menu and Other Sevices/Phone tuto/XCUIElementTypeOther - App Intro'

14-02-2024T11:13:48 - [TEST_STEP][PASSED] - verifyElementExist(findTestObject("Object Repository/IOS/Menu and Other Sevices/Phone tuto/XCUIElementTypeImage"), 30): Element 'Object Repository/IOS/Menu and Other Sevices/Phone tuto/XCUIElementTypeImage' is exist

14-02-2024T11:13:49 - [MESSAGE][PASSED] - Element 'Object Repository/IOS/Menu and Other Sevices/Phone tuto/XCUIElementTypeImage' is exist

14-02-2024T11:13:49 - [TEST_STEP][PASSED] - verifyElementText(findTestObject("Object Repository/IOS/Menu and Other Sevices/Phone tuto/XCUIElementTypeStaticText - To start, add a new patient or select from your list"), "To start, add a new patient or select from your list"): Actual text and expected text of test object 'Object Repository/IOS/Menu and Other Sevices/Phone tuto/XCUIElementTypeStaticText - To start, add a new patient or select from your list' are matched.

14-02-2024T11:13:50 - [MESSAGE][PASSED] - Actual text and expected text of test object 'Object Repository/IOS/Menu and Other Sevices/Phone tuto/XCUIElementTypeStaticText - To start, add a new patient or select from your list' are matched.

14-02-2024T11:13:50 - [TEST_STEP][PASSED] - tap(findTestObject("Object Repository/IOS/Menu and Other Sevices/Phone tuto/XCUIElementTypeOther - next"), 30): Tapped on element 'Object Repository/IOS/Menu and Other Sevices/Phone tuto/XCUIElementTypeOther - next'

14-02-2024T11:13:51 - [MESSAGE][PASSED] - Tapped on element 'Object Repository/IOS/Menu and Other Sevices/Phone tuto/XCUIElementTypeOther - next'

14-02-2024T11:13:51 - [TEST_STEP][PASSED] - verifyElementText(findTestObject("Object Repository/IOS/Menu and Other Sevices/Phone tuto/XCUIElementTypeStaticText - Add new or select an existing wound"), "Add new or select an existing wound."): Actual text and expected text of test object 'Object Repository/IOS/Menu and Other Sevices/Phone tuto/XCUIElementTypeStaticText - Add new or select an existing wound' are matched.

14-02-2024T11:13:52 - [MESSAGE][PASSED] - Actual text and expected text of test object 'Object Repository/IOS/Menu and Other Sevices/Phone tuto/XCUIElementTypeStaticText - Add new or select an existing wound' are matched.

14-02-2024T11:13:52 - [TEST_STEP][PASSED] - tap(findTestObject("IOS/Menu and Other Sevices/Phone tuto/XCUIElementTypeOther - Next (1)"), 30): Tapped on element 'Object Repository/IOS/Menu and Other Sevices/Phone tuto/XCUIElementTypeOther - Next (1)'

14-02-2024T11:13:53 - [MESSAGE][PASSED] - Tapped on element 'Object Repository/IOS/Menu and Other Sevices/Phone tuto/XCUIElementTypeOther - Next (1)'

14-02-2024T11:13:53 - [TEST_STEP][PASSED] - verifyElementText(findTestObject("Object Repository/IOS/Menu and Other Sevices/Phone tuto/XCUIElementTypeOther - Measure wound dimensions and color composition"), "Measure wound dimensions and color composition"): Actual text and expected text of test object 'Object Repository/IOS/Menu and Other Sevices/Phone tuto/XCUIElementTypeOther - Measure wound dimensions and color composition' are matched.

14-02-2024T11:13:54 - [MESSAGE][PASSED] - Actual text and expected text of test object 'Object Repository/IOS/Menu and Other Sevices/Phone tuto/XCUIElementTypeOther - Measure wound dimensions and color composition' are matched.

14-02-2024T11:13:54 - [TEST_STEP][PASSED] - tap(findTestObject("Object Repository/IOS/Menu and Other Sevices/Phone tuto/XCUIElementTypeOther - Next (1)"), 30): Tapped on element 'Object Repository/IOS/Menu and Other Sevices/Phone tuto/XCUIElementTypeOther - Next (1)'

14-02-2024T11:13:55 - [MESSAGE][PASSED] - Tapped on element 'Object Repository/IOS/Menu and Other Sevices/Phone tuto/XCUIElementTypeOther - Next (1)'

14-02-2024T11:13:55 - [TEST_STEP][PASSED] - verifyElementText(findTestObject("IOS/Menu and Other Sevices/Phone tuto/XCUIElementTypeStaticText - Enter clinical information for documentation and reporting"), "Enter clinical information for documentation and reporting"): Actual text and expected text of test object 'Object Repository/IOS/Menu and Other Sevices/Phone tuto/XCUIElementTypeStaticText - Enter clinical information for documentation and reporting' are matched.

14-02-2024T11:13:57 - [MESSAGE][PASSED] - Actual text and expected text of test object 'Object Repository/IOS/Menu and Other Sevices/Phone tuto/XCUIElementTypeStaticText - Enter clinical information for documentation and reporting' are matched.

14-02-2024T11:13:57 - [TEST_STEP][PASSED] - tap(findTestObject("IOS/Menu and Other Sevices/Phone tuto/XCUIElementTypeOther - Next (1)"), 0): Tapped on element 'Object Repository/IOS/Menu and Other Sevices/Phone tuto/XCUIElementTypeOther - Next (1)'

14-02-2024T11:13:57 - [MESSAGE][WARNING] - Timeout '0' is invalid. Using default page load timeout: '30'

14-02-2024T11:13:58 - [MESSAGE][PASSED] - Tapped on element 'Object Repository/IOS/Menu and Other Sevices/Phone tuto/XCUIElementTypeOther - Next (1)'

14-02-2024T11:13:58 - [TEST_STEP][PASSED] - checkElement(findTestObject("IOS/Menu and Other Sevices/Phone tuto/XCUIElementTypeStaticText - Monitor wound and healing progress"), 0): Element 'Object Repository/IOS/Menu and Other Sevices/Phone tuto/XCUIElementTypeStaticText - Monitor wound and healing progress' is checked

14-02-2024T11:13:58 - [MESSAGE][WARNING] - Timeout '0' is invalid. Using default page load timeout: '30'

14-02-2024T11:13:59 - [MESSAGE][PASSED] - Element 'Object Repository/IOS/Menu and Other Sevices/Phone tuto/XCUIElementTypeStaticText - Monitor wound and healing progress' is checked

14-02-2024T11:13:59 - [TEST_STEP][PASSED] - tap(findTestObject("IOS/Menu and Other Sevices/Phone tuto/XCUIElementTypeOther - Got it"), 0): Tapped on element 'Object Repository/IOS/Menu and Other Sevices/Phone tuto/XCUIElementTypeOther - Got it'

14-02-2024T11:13:59 - [MESSAGE][WARNING] - Timeout '0' is invalid. Using default page load timeout: '30'

14-02-2024T11:14:01 - [MESSAGE][PASSED] - Tapped on element 'Object Repository/IOS/Menu and Other Sevices/Phone tuto/XCUIElementTypeOther - Got it'

14-02-2024T11:14:03 - [TEST_STEP][PASSED] - Video: Video recording for test case 'Test Cases/IOS/Menu and other services/EK-8591 IS iPhone - Phone general tutorial' .

14-02-2024T11:14:03 - [MESSAGE][INFO] - Video recording for test case 'Test Cases/IOS/Menu and other services/EK-8591 IS iPhone - Phone general tutorial' .]]></system-out>
         <system-err><![CDATA[]]></system-err>
      </testcase>
      <testcase name="Test Cases/IOS/Menu and other services/EK-8592 IS iPhone - Language" time="24.107" classname="Test Cases/IOS/Menu and other services/EK-8592 IS iPhone - Language" status="PASSED">
         <system-out><![CDATA[14-02-2024T11:14:03 - [TEST_CASE][PASSED] - Test Cases/IOS/Menu and other services/EK-8592 IS iPhone - Language: Test Cases/IOS/Menu and other services/EK-8592 IS iPhone - Language

14-02-2024T11:14:03 - [TEST_STEP][PASSED] - Start listener action : beforeTestCase: null

14-02-2024T11:14:03 - [TEST_STEP][PASSED] - addDefaultPackages(): null

14-02-2024T11:14:03 - [TEST_STEP][PASSED] - runFeatureFile("Include/features/EK-8592 IS iPhone - Language.feature"): Feature file: 'Include/features/EK-8592 IS iPhone - Language.feature' was passed

14-02-2024T11:14:03 - [MESSAGE][INFO] - Starting run keyword runFeatureFile: 'Include/features/EK-8592 IS iPhone - Language.feature' and extract report to folder: '/Users/safaamarir/git/Android_Automation/Reports/20240214_111231/IS iPhone/Menu and other services/20240214_111232/cucumber_report/1707905643265'...

14-02-2024T11:14:03 - [MESSAGE][PASSED] - Feature file: 'Include/features/EK-8592 IS iPhone - Language.feature' was passed

14-02-2024T11:14:03 - [TEST_STEP][PASSED] - tap(findTestObject("Object Repository/IOS/User Management/Login as a user with multiple sites/XCUIElementTypeOther - Menu (1)"), 30): Tapped on element 'Object Repository/IOS/User Management/Login as a user with multiple sites/XCUIElementTypeOther - Menu (1)'

14-02-2024T11:14:04 - [MESSAGE][PASSED] - Tapped on element 'Object Repository/IOS/User Management/Login as a user with multiple sites/XCUIElementTypeOther - Menu (1)'

14-02-2024T11:14:04 - [TEST_STEP][PASSED] - tap(findTestObject("Object Repository/IOS/Menu and Other Sevices/Language/XCUIElementTypeOther - Settings"), 30): Tapped on element 'Object Repository/IOS/Menu and Other Sevices/Language/XCUIElementTypeOther - Settings'

14-02-2024T11:14:06 - [MESSAGE][PASSED] - Tapped on element 'Object Repository/IOS/Menu and Other Sevices/Language/XCUIElementTypeOther - Settings'

14-02-2024T11:14:06 - [TEST_STEP][PASSED] - tap(findTestObject("Object Repository/IOS/Menu and Other Sevices/Language/XCUIElementTypeOther - Language English"), 30): Tapped on element 'Object Repository/IOS/Menu and Other Sevices/Language/XCUIElementTypeOther - Language English'

14-02-2024T11:14:07 - [MESSAGE][PASSED] - Tapped on element 'Object Repository/IOS/Menu and Other Sevices/Language/XCUIElementTypeOther - Language English'

14-02-2024T11:14:07 - [TEST_STEP][PASSED] - tap(findTestObject("Object Repository/IOS/Menu and Other Sevices/Language/XCUIElementTypeOther -"), 30): Tapped on element 'Object Repository/IOS/Menu and Other Sevices/Language/XCUIElementTypeOther -'

14-02-2024T11:14:09 - [MESSAGE][PASSED] - Tapped on element 'Object Repository/IOS/Menu and Other Sevices/Language/XCUIElementTypeOther -'

14-02-2024T11:14:09 - [TEST_STEP][PASSED] - tap(findTestObject("Object Repository/IOS/Menu and Other Sevices/Language/XCUIElementTypeOther - add wound"), 30): Tapped on element 'Object Repository/IOS/Menu and Other Sevices/Language/XCUIElementTypeOther - add wound'

14-02-2024T11:14:13 - [MESSAGE][PASSED] - Tapped on element 'Object Repository/IOS/Menu and Other Sevices/Language/XCUIElementTypeOther - add wound'

14-02-2024T11:14:13 - [TEST_STEP][PASSED] - verifyElementText(findTestObject("Object Repository/IOS/Menu and Other Sevices/Language/XCUIElementTypeOther - (1)"), "病人记录"): Actual text and expected text of test object 'Object Repository/IOS/Menu and Other Sevices/Language/XCUIElementTypeOther - (1)' are matched.

14-02-2024T11:14:15 - [MESSAGE][PASSED] - Actual text and expected text of test object 'Object Repository/IOS/Menu and Other Sevices/Language/XCUIElementTypeOther - (1)' are matched.

14-02-2024T11:14:15 - [TEST_STEP][PASSED] - verifyElementText(findTestObject("Object Repository/IOS/Menu and Other Sevices/Language/XCUIElementTypeOther - (2)"), "添加新患者"): Actual text and expected text of test object 'Object Repository/IOS/Menu and Other Sevices/Language/XCUIElementTypeOther - (2)' are matched.

14-02-2024T11:14:16 - [MESSAGE][PASSED] - Actual text and expected text of test object 'Object Repository/IOS/Menu and Other Sevices/Language/XCUIElementTypeOther - (2)' are matched.

14-02-2024T11:14:16 - [TEST_STEP][PASSED] - verifyElementText(findTestObject("Object Repository/IOS/Menu and Other Sevices/Language/XCUIElementTypeOther - (3)"), "保存"): Actual text and expected text of test object 'Object Repository/IOS/Menu and Other Sevices/Language/XCUIElementTypeOther - (3)' are matched.

14-02-2024T11:14:17 - [MESSAGE][PASSED] - Actual text and expected text of test object 'Object Repository/IOS/Menu and Other Sevices/Language/XCUIElementTypeOther - (3)' are matched.

14-02-2024T11:14:17 - [TEST_STEP][PASSED] - tap(findTestObject("Object Repository/IOS/Menu and Other Sevices/Language/XCUIElementTypeOther - Back (1)"), 30): Tapped on element 'Object Repository/IOS/Menu and Other Sevices/Language/XCUIElementTypeOther - Back (1)'

14-02-2024T11:14:18 - [MESSAGE][PASSED] - Tapped on element 'Object Repository/IOS/Menu and Other Sevices/Language/XCUIElementTypeOther - Back (1)'

14-02-2024T11:14:18 - [TEST_STEP][PASSED] - tap(findTestObject("Object Repository/IOS/User Management/Login as a user with multiple sites/XCUIElementTypeOther - Menu (1)"), 30): Tapped on element 'Object Repository/IOS/User Management/Login as a user with multiple sites/XCUIElementTypeOther - Menu (1)'

14-02-2024T11:14:20 - [MESSAGE][PASSED] - Tapped on element 'Object Repository/IOS/User Management/Login as a user with multiple sites/XCUIElementTypeOther - Menu (1)'

14-02-2024T11:14:20 - [TEST_STEP][PASSED] - tap(findTestObject("Object Repository/IOS/Menu and Other Sevices/Language/XCUIElementTypeOther - Settings"), 30): Tapped on element 'Object Repository/IOS/Menu and Other Sevices/Language/XCUIElementTypeOther - Settings'

14-02-2024T11:14:22 - [MESSAGE][PASSED] - Tapped on element 'Object Repository/IOS/Menu and Other Sevices/Language/XCUIElementTypeOther - Settings'

14-02-2024T11:14:22 - [TEST_STEP][PASSED] - tap(findTestObject("Object Repository/IOS/Menu and Other Sevices/Language/XCUIElementTypeOther - Language English"), 30): Tapped on element 'Object Repository/IOS/Menu and Other Sevices/Language/XCUIElementTypeOther - Language English'

14-02-2024T11:14:23 - [MESSAGE][PASSED] - Tapped on element 'Object Repository/IOS/Menu and Other Sevices/Language/XCUIElementTypeOther - Language English'

14-02-2024T11:14:23 - [TEST_STEP][PASSED] - tap(findTestObject("Object Repository/IOS/Menu and Other Sevices/Language/XCUIElementTypeOther - English"), 30): Tapped on element 'Object Repository/IOS/Menu and Other Sevices/Language/XCUIElementTypeOther - English'

14-02-2024T11:14:25 - [MESSAGE][PASSED] - Tapped on element 'Object Repository/IOS/Menu and Other Sevices/Language/XCUIElementTypeOther - English'

14-02-2024T11:14:27 - [TEST_STEP][PASSED] - Video: Video recording for test case 'Test Cases/IOS/Menu and other services/EK-8592 IS iPhone - Language' .

14-02-2024T11:14:27 - [MESSAGE][INFO] - Video recording for test case 'Test Cases/IOS/Menu and other services/EK-8592 IS iPhone - Language' .]]></system-out>
         <system-err><![CDATA[]]></system-err>
      </testcase>
      <testcase name="Test Cases/IOS/Menu and other services/EK-8593 IS iPhone - Help" time="34.524" classname="Test Cases/IOS/Menu and other services/EK-8593 IS iPhone - Help" status="PASSED">
         <system-out><![CDATA[14-02-2024T11:14:27 - [TEST_CASE][PASSED] - Test Cases/IOS/Menu and other services/EK-8593 IS iPhone - Help: Test Cases/IOS/Menu and other services/EK-8593 IS iPhone - Help

14-02-2024T11:14:27 - [TEST_STEP][PASSED] - Start listener action : beforeTestCase: null

14-02-2024T11:14:27 - [TEST_STEP][PASSED] - addDefaultPackages(): null

14-02-2024T11:14:27 - [TEST_STEP][PASSED] - runFeatureFile("Include/features/EK-8593 IS iPhone - Help.feature"): Feature file: 'Include/features/EK-8593 IS iPhone - Help.feature' was passed

14-02-2024T11:14:27 - [MESSAGE][INFO] - Starting run keyword runFeatureFile: 'Include/features/EK-8593 IS iPhone - Help.feature' and extract report to folder: '/Users/safaamarir/git/Android_Automation/Reports/20240214_111231/IS iPhone/Menu and other services/20240214_111232/cucumber_report/1707905667367'...

14-02-2024T11:14:27 - [MESSAGE][PASSED] - Feature file: 'Include/features/EK-8593 IS iPhone - Help.feature' was passed

14-02-2024T11:14:27 - [TEST_STEP][PASSED] - tap(findTestObject("Object Repository/IOS/User Management/Login as a user with multiple sites/XCUIElementTypeOther - Menu (1)"), 30): Tapped on element 'Object Repository/IOS/User Management/Login as a user with multiple sites/XCUIElementTypeOther - Menu (1)'

14-02-2024T11:14:29 - [MESSAGE][PASSED] - Tapped on element 'Object Repository/IOS/User Management/Login as a user with multiple sites/XCUIElementTypeOther - Menu (1)'

14-02-2024T11:14:29 - [TEST_STEP][PASSED] - tap(findTestObject("Object Repository/IOS/Menu and Other Sevices/Help/XCUIElementTypeOther - Help"), 30): Tapped on element 'Object Repository/IOS/Menu and Other Sevices/Help/XCUIElementTypeOther - Help'

14-02-2024T11:14:31 - [MESSAGE][PASSED] - Tapped on element 'Object Repository/IOS/Menu and Other Sevices/Help/XCUIElementTypeOther - Help'

14-02-2024T11:14:31 - [TEST_STEP][PASSED] - tap(findTestObject("Object Repository/IOS/Menu and Other Sevices/Help/XCUIElementTypeOther - Help Center"), 30): Tapped on element 'Object Repository/IOS/Menu and Other Sevices/Help/XCUIElementTypeOther - Help Center'

14-02-2024T11:14:34 - [MESSAGE][PASSED] - Tapped on element 'Object Repository/IOS/Menu and Other Sevices/Help/XCUIElementTypeOther - Help Center'

14-02-2024T11:14:34 - [TEST_STEP][PASSED] - verifyElementExist(findTestObject("Object Repository/IOS/Menu and Other Sevices/Help/XCUIElementTypeStaticText - Help"), 30): Element 'Object Repository/IOS/Menu and Other Sevices/Help/XCUIElementTypeStaticText - Help' is exist

14-02-2024T11:14:35 - [MESSAGE][PASSED] - Element 'Object Repository/IOS/Menu and Other Sevices/Help/XCUIElementTypeStaticText - Help' is exist

14-02-2024T11:14:35 - [TEST_STEP][PASSED] - tap(findTestObject("Object Repository/IOS/Menu and Other Sevices/Help/XCUIElementTypeButton - Cancel"), 30): Tapped on element 'Object Repository/IOS/Menu and Other Sevices/Help/XCUIElementTypeButton - Cancel'

14-02-2024T11:14:36 - [MESSAGE][PASSED] - Tapped on element 'Object Repository/IOS/Menu and Other Sevices/Help/XCUIElementTypeButton - Cancel'

14-02-2024T11:14:36 - [TEST_STEP][PASSED] - tap(findTestObject("Object Repository/IOS/Menu and Other Sevices/Help/XCUIElementTypeOther - Help"), 30): Tapped on element 'Object Repository/IOS/Menu and Other Sevices/Help/XCUIElementTypeOther - Help'

14-02-2024T11:14:38 - [MESSAGE][PASSED] - Tapped on element 'Object Repository/IOS/Menu and Other Sevices/Help/XCUIElementTypeOther - Help'

14-02-2024T11:14:38 - [TEST_STEP][PASSED] - tap(findTestObject("Object Repository/IOS/Menu and Other Sevices/Help/XCUIElementTypeOther - Send device info"), 30): Tapped on element 'Object Repository/IOS/Menu and Other Sevices/Help/XCUIElementTypeOther - Send device info'

14-02-2024T11:14:40 - [MESSAGE][PASSED] - Tapped on element 'Object Repository/IOS/Menu and Other Sevices/Help/XCUIElementTypeOther - Send device info'

14-02-2024T11:14:40 - [TEST_STEP][PASSED] - verifyElementText(findTestObject("Object Repository/IOS/Menu and Other Sevices/Help/XCUIElementTypeStaticText - Device hardware and software information will be sent to eKare for troubleshooting"), "Device hardware and software information will be sent to eKare for troubleshooting"): Actual text and expected text of test object 'Object Repository/IOS/Menu and Other Sevices/Help/XCUIElementTypeStaticText - Device hardware and software information will be sent to eKare for troubleshooting' are matched.

14-02-2024T11:14:43 - [MESSAGE][PASSED] - Actual text and expected text of test object 'Object Repository/IOS/Menu and Other Sevices/Help/XCUIElementTypeStaticText - Device hardware and software information will be sent to eKare for troubleshooting' are matched.

14-02-2024T11:14:43 - [TEST_STEP][PASSED] - verifyElementExist(findTestObject("Object Repository/IOS/Menu and Other Sevices/Help/XCUIElementTypeButton - Cancel (1)"), 30): Element 'Object Repository/IOS/Menu and Other Sevices/Help/XCUIElementTypeButton - Cancel (1)' is exist

14-02-2024T11:14:44 - [MESSAGE][PASSED] - Element 'Object Repository/IOS/Menu and Other Sevices/Help/XCUIElementTypeButton - Cancel (1)' is exist

14-02-2024T11:14:44 - [TEST_STEP][PASSED] - tap(findTestObject("Object Repository/IOS/Menu and Other Sevices/Help/XCUIElementTypeButton - Proceed"), 30): Tapped on element 'Object Repository/IOS/Menu and Other Sevices/Help/XCUIElementTypeButton - Proceed'

14-02-2024T11:14:47 - [MESSAGE][PASSED] - Tapped on element 'Object Repository/IOS/Menu and Other Sevices/Help/XCUIElementTypeButton - Proceed'

14-02-2024T11:14:47 - [TEST_STEP][PASSED] - verifyElementText(findTestObject("Object Repository/IOS/Menu and Other Sevices/Help/XCUIElementTypeStaticText - Information sent successfully"), "Information sent successfully"): Actual text and expected text of test object 'Object Repository/IOS/Menu and Other Sevices/Help/XCUIElementTypeStaticText - Information sent successfully' are matched.

14-02-2024T11:14:51 - [MESSAGE][PASSED] - Actual text and expected text of test object 'Object Repository/IOS/Menu and Other Sevices/Help/XCUIElementTypeStaticText - Information sent successfully' are matched.

14-02-2024T11:14:51 - [TEST_STEP][PASSED] - tap(findTestObject("Object Repository/IOS/Menu and Other Sevices/Help/XCUIElementTypeButton - OK"), 30): Tapped on element 'Object Repository/IOS/Menu and Other Sevices/Help/XCUIElementTypeButton - OK'

14-02-2024T11:14:53 - [MESSAGE][PASSED] - Tapped on element 'Object Repository/IOS/Menu and Other Sevices/Help/XCUIElementTypeButton - OK'

14-02-2024T11:14:53 - [TEST_STEP][PASSED] - tap(findTestObject("Object Repository/IOS/User Management/Login as a user with multiple sites/XCUIElementTypeOther - Menu (1)"), 30): Tapped on element 'Object Repository/IOS/User Management/Login as a user with multiple sites/XCUIElementTypeOther - Menu (1)'

14-02-2024T11:14:55 - [MESSAGE][PASSED] - Tapped on element 'Object Repository/IOS/User Management/Login as a user with multiple sites/XCUIElementTypeOther - Menu (1)'

14-02-2024T11:14:55 - [TEST_STEP][PASSED] - tap(findTestObject("Object Repository/IOS/Menu and Other Sevices/Help/XCUIElementTypeOther - Help"), 30): Tapped on element 'Object Repository/IOS/Menu and Other Sevices/Help/XCUIElementTypeOther - Help'

14-02-2024T11:14:57 - [MESSAGE][PASSED] - Tapped on element 'Object Repository/IOS/Menu and Other Sevices/Help/XCUIElementTypeOther - Help'

14-02-2024T11:14:57 - [TEST_STEP][PASSED] - tap(findTestObject("Object Repository/IOS/Menu and Other Sevices/Help/XCUIElementTypeOther - Send back up"), 30): Tapped on element 'Object Repository/IOS/Menu and Other Sevices/Help/XCUIElementTypeOther - Send back up'

14-02-2024T11:14:59 - [MESSAGE][PASSED] - Tapped on element 'Object Repository/IOS/Menu and Other Sevices/Help/XCUIElementTypeOther - Send back up'

14-02-2024T11:15:01 - [TEST_STEP][PASSED] - Video: Video recording for test case 'Test Cases/IOS/Menu and other services/EK-8593 IS iPhone - Help' .

14-02-2024T11:15:01 - [MESSAGE][INFO] - Video recording for test case 'Test Cases/IOS/Menu and other services/EK-8593 IS iPhone - Help' .]]></system-out>
         <system-err><![CDATA[]]></system-err>
      </testcase>
      <system-out><![CDATA[14-02-2024T11:12:35 - [TEST_SUITE][PASSED] - Menu and other services: Test Cases/IOS/Menu and other services/EK-8593 IS iPhone - Help]]></system-out>
      <system-err><![CDATA[]]></system-err>
   </testsuite>
</testsuites>
