<?xml version="1.0" encoding="UTF-8"?>
<testsuites name="User Management" time="75.839" tests="2" failures="0" errors="0">
   <testsuite name="User Management" tests="2" failures="0" errors="0" time="75.839" skipped="0" timestamp="09-01-2024T12:30:35" hostname="safaamarir - 192.168.1.113" id="Test Suites/IS iPhone/User Management">
      <properties>
         <property name="deviceName" value="Safa’s iPhone"/>
         <property name="devicePlatform" value=""/>
         <property name="logFolder" value="/Users/safaamarir/git/Android_Automation/Reports/20240109_123033/IS iPhone/User Management/20240109_123033"/>
         <property name="logFiles" value="/Users/safaamarir/git/Android_Automation/Reports/20240109_123033/IS iPhone/User Management/20240109_123033/execution0.log, /Users/safaamarir/git/Android_Automation/Reports/20240109_123033/IS iPhone/User Management/20240109_123033/appium_error.log, /Users/safaamarir/git/Android_Automation/Reports/20240109_123033/IS iPhone/User Management/20240109_123033/appium.log, /Users/safaamarir/git/Android_Automation/Reports/20240109_123033/IS iPhone/User Management/20240109_123033/appium-proxy-server.log"/>
         <property name="attachments" value=""/>
         <property name="hostName" value="safaamarir - 192.168.1.113"/>
         <property name="os" value="Mac OS X 64bit"/>
         <property name="appiumServerStatus" value="{&quot;value&quot;:{&quot;ready&quot;:true,&quot;message&quot;:&quot;The server is ready to accept new connections&quot;,&quot;build&quot;:{&quot;version&quot;:&quot;2.4.1&quot;,&quot;git-sha&quot;:&quot;705d2564ddfb9c915ee9425dd9ed408bfac61005&quot;,&quot;built&quot;:&quot;2024-01-01 17:37:37 +0000&quot;}}}"/>
         <property name="katalonVersion" value="9.2.0.212"/>
         <property name="deviceOS" value="iOS"/>
         <property name="appiumVersion" value="2.4.1"/>
         <property name="deviceModel" value="iPhone14,5"/>
         <property name="hostAddress" value="192.168.1.113"/>
         <property name="deviceManufacturer" value="Apple"/>
         <property name="deviceId" value="00008110-00112D590CD0201E"/>
         <property name="deviceName" value="Safa’s iPhone"/>
         <property name="deviceOSVersion" value="17.3"/>
      </properties>
      <testcase name="Test Cases/IOS/User Management/EK-8491 IS iPhone - Sign in" time="62.968" classname="Test Cases/IOS/User Management/EK-8491 IS iPhone - Sign in" status="PASSED">
         <system-out><![CDATA[09-01-2024T12:30:35 - [TEST_CASE][PASSED] - Test Cases/IOS/User Management/EK-8491 IS iPhone - Sign in: Test Cases/IOS/User Management/EK-8491 IS iPhone - Sign in

09-01-2024T12:30:35 - [TEST_STEP][PASSED] - Start listener action : beforeTestCase: null

09-01-2024T12:30:35 - [TEST_STEP][PASSED] - addDefaultPackages(): null

09-01-2024T12:30:36 - [TEST_STEP][PASSED] - runFeatureFile("Include/features/EK-8491 IS iPhone - Sign in.feature"): Feature file: 'Include/features/EK-8491 IS iPhone - Sign in.feature' was passed

09-01-2024T12:30:36 - [MESSAGE][INFO] - Starting run keyword runFeatureFile: 'Include/features/EK-8491 IS iPhone - Sign in.feature' and extract report to folder: '/Users/safaamarir/git/Android_Automation/Reports/20240109_123033/IS iPhone/User Management/20240109_123033/cucumber_report/1704799836234'...

09-01-2024T12:30:36 - [MESSAGE][PASSED] - Feature file: 'Include/features/EK-8491 IS iPhone - Sign in.feature' was passed

09-01-2024T12:30:36 - [TEST_STEP][PASSED] - startApplication(LoginCreds.get("IPA"), true): Started app at: '/Users/safaamarir/APK/IOS/IS/IS_PreProd_2.1_192.ipa'

09-01-2024T12:30:36 - [MESSAGE][INFO] - User set preference: ['automationName', 'XCUITest']

09-01-2024T12:30:36 - [MESSAGE][INFO] - User set preference: ['deviceId', '00008110-00112D590CD0201E']

09-01-2024T12:30:46 - [MESSAGE][WARNING] - Failed to start ios_webkit_debug_proxy on default port 27753

09-01-2024T12:30:46 - [MESSAGE][INFO] - Detected NodeJS location: "/opt/homebrew/Cellar/node/21.5.0/bin/node"

09-01-2024T12:30:46 - [MESSAGE][INFO] - PATH: /opt/homebrew/Cellar/node/21.5.0/bin:/opt/homebrew/bin:/usr/bin:/bin:/usr/sbin:/sbin:/usr/local/bin

09-01-2024T12:30:46 - [MESSAGE][INFO] - APPIUM_HOME: /Users/safaamarir/.appium

09-01-2024T12:30:46 - [MESSAGE][INFO] - appium outlog: /Users/safaamarir/git/Android_Automation/Reports/20240109_123033/IS iPhone/User Management/20240109_123033/appium.log

09-01-2024T12:30:46 - [MESSAGE][INFO] - appium errlog: /Users/safaamarir/git/Android_Automation/Reports/20240109_123033/IS iPhone/User Management/20240109_123033/appium_error.log

09-01-2024T12:30:48 - [MESSAGE][INFO] - Appium server started on port 65,285

09-01-2024T12:31:19 - [MESSAGE][PASSED] - Started app at: '/Users/safaamarir/APK/IOS/IS/IS_PreProd_2.1_192.ipa'

09-01-2024T12:31:19 - [TEST_STEP][PASSED] - setText(findTestObject("Object Repository/IOS/User Management/Sign In/XCUIElementTypeTextField - username"), LoginCreds.get("username"), 0): Text 'katalon' has been set to element 'Object Repository/IOS/User Management/Sign In/XCUIElementTypeTextField - username'

09-01-2024T12:31:19 - [MESSAGE][WARNING] - Timeout '0' is invalid. Using default page load timeout: '30'

09-01-2024T12:31:20 - [MESSAGE][PASSED] - Text 'katalon' has been set to element 'Object Repository/IOS/User Management/Sign In/XCUIElementTypeTextField - username'

09-01-2024T12:31:20 - [TEST_STEP][PASSED] - setText(findTestObject("Object Repository/IOS/User Management/Sign In/XCUIElementTypeSecureTextField - Passcode"), LoginCreds.get("password"), 0): Text 'eKare123@' has been set to element 'Object Repository/IOS/User Management/Sign In/XCUIElementTypeSecureTextField - Passcode'

09-01-2024T12:31:20 - [MESSAGE][WARNING] - Timeout '0' is invalid. Using default page load timeout: '30'

09-01-2024T12:31:22 - [MESSAGE][PASSED] - Text 'eKare123@' has been set to element 'Object Repository/IOS/User Management/Sign In/XCUIElementTypeSecureTextField - Passcode'

09-01-2024T12:31:22 - [TEST_STEP][PASSED] - tap(findTestObject("Object Repository/IOS/User Management/Sign In/XCUIElementTypeOther - SIGN IN"), 0): Tapped on element 'Object Repository/IOS/User Management/Sign In/XCUIElementTypeOther - SIGN IN'

09-01-2024T12:31:22 - [MESSAGE][WARNING] - Timeout '0' is invalid. Using default page load timeout: '30'

09-01-2024T12:31:24 - [MESSAGE][PASSED] - Tapped on element 'Object Repository/IOS/User Management/Sign In/XCUIElementTypeOther - SIGN IN'

09-01-2024T12:31:24 - [TEST_STEP][PASSED] - tap(findTestObject("IOS/User Management/Sign In/XCUIElementTypeOther - Katalon"), 30): Tapped on element 'Object Repository/IOS/User Management/Sign In/XCUIElementTypeOther - Katalon'

09-01-2024T12:31:26 - [MESSAGE][PASSED] - Tapped on element 'Object Repository/IOS/User Management/Sign In/XCUIElementTypeOther - Katalon'

09-01-2024T12:31:26 - [TEST_STEP][PASSED] - delay(10): Delayed 10 second(s)

09-01-2024T12:31:36 - [MESSAGE][PASSED] - Delayed 10 second(s)

09-01-2024T12:31:38 - [TEST_STEP][PASSED] - Video: Video recording for test case 'Test Cases/IOS/User Management/EK-8491 IS iPhone - Sign in' .

09-01-2024T12:31:38 - [MESSAGE][INFO] - Video recording for test case 'Test Cases/IOS/User Management/EK-8491 IS iPhone - Sign in' .]]></system-out>
         <system-err><![CDATA[]]></system-err>
      </testcase>
      <testcase name="Test Cases/IOS/User Management/EK-8492 IS iPhone - Logout" time="12.81" classname="Test Cases/IOS/User Management/EK-8492 IS iPhone - Logout" status="PASSED">
         <system-out><![CDATA[09-01-2024T12:31:38 - [TEST_CASE][PASSED] - Test Cases/IOS/User Management/EK-8492 IS iPhone - Logout: Test Cases/IOS/User Management/EK-8492 IS iPhone - Logout

09-01-2024T12:31:38 - [TEST_STEP][PASSED] - Start listener action : beforeTestCase: null

09-01-2024T12:31:38 - [TEST_STEP][PASSED] - addDefaultPackages(): null

09-01-2024T12:31:38 - [TEST_STEP][PASSED] - runFeatureFile("Include/features/EK-8492 IS iPhone - Logout.feature"): Feature file: 'Include/features/EK-8492 IS iPhone - Logout.feature' was passed

09-01-2024T12:31:38 - [MESSAGE][INFO] - Starting run keyword runFeatureFile: 'Include/features/EK-8492 IS iPhone - Logout.feature' and extract report to folder: '/Users/safaamarir/git/Android_Automation/Reports/20240109_123033/IS iPhone/User Management/20240109_123033/cucumber_report/1704799898938'...

09-01-2024T12:31:38 - [MESSAGE][PASSED] - Feature file: 'Include/features/EK-8492 IS iPhone - Logout.feature' was passed

09-01-2024T12:31:38 - [TEST_STEP][PASSED] - tap(findTestObject("Object Repository/IOS/User Management/Logout/XCUIElementTypeOther"), 0): Tapped on element 'Object Repository/IOS/User Management/Logout/XCUIElementTypeOther'

09-01-2024T12:31:38 - [MESSAGE][WARNING] - Timeout '0' is invalid. Using default page load timeout: '30'

09-01-2024T12:31:40 - [MESSAGE][PASSED] - Tapped on element 'Object Repository/IOS/User Management/Logout/XCUIElementTypeOther'

09-01-2024T12:31:40 - [TEST_STEP][PASSED] - tap(findTestObject("Object Repository/IOS/User Management/Logout/XCUIElementTypeOther - Logout"), 0): Tapped on element 'Object Repository/IOS/User Management/Logout/XCUIElementTypeOther - Logout'

09-01-2024T12:31:40 - [MESSAGE][WARNING] - Timeout '0' is invalid. Using default page load timeout: '30'

09-01-2024T12:31:42 - [MESSAGE][PASSED] - Tapped on element 'Object Repository/IOS/User Management/Logout/XCUIElementTypeOther - Logout'

09-01-2024T12:31:42 - [TEST_STEP][PASSED] - verifyElementText(findTestObject("Object Repository/IOS/User Management/Logout/XCUIElementTypeStaticText - You want to logout"), "You want to logout ?"): Actual text and expected text of test object 'Object Repository/IOS/User Management/Logout/XCUIElementTypeStaticText - You want to logout' are matched.

09-01-2024T12:31:44 - [MESSAGE][PASSED] - Actual text and expected text of test object 'Object Repository/IOS/User Management/Logout/XCUIElementTypeStaticText - You want to logout' are matched.

09-01-2024T12:31:44 - [TEST_STEP][PASSED] - verifyElementExist(findTestObject("Object Repository/IOS/User Management/Logout/XCUIElementTypeButton - Cancel"), 0): Element 'Object Repository/IOS/User Management/Logout/XCUIElementTypeButton - Cancel' is exist

09-01-2024T12:31:44 - [MESSAGE][WARNING] - Timeout '0' is invalid. Using default page load timeout: '30'

09-01-2024T12:31:45 - [MESSAGE][PASSED] - Element 'Object Repository/IOS/User Management/Logout/XCUIElementTypeButton - Cancel' is exist

09-01-2024T12:31:45 - [TEST_STEP][PASSED] - tap(findTestObject("Object Repository/IOS/User Management/Logout/XCUIElementTypeButton - Confirm"), 0): Tapped on element 'Object Repository/IOS/User Management/Logout/XCUIElementTypeButton - Confirm'

09-01-2024T12:31:45 - [MESSAGE][WARNING] - Timeout '0' is invalid. Using default page load timeout: '30'

09-01-2024T12:31:47 - [MESSAGE][PASSED] - Tapped on element 'Object Repository/IOS/User Management/Logout/XCUIElementTypeButton - Confirm'

09-01-2024T12:31:47 - [TEST_STEP][PASSED] - verifyElementExist(findTestObject("Object Repository/IOS/User Management/Logout/XCUIElementTypeOther (1)"), 0): Element 'Object Repository/IOS/User Management/Logout/XCUIElementTypeOther (1)' is exist

09-01-2024T12:31:47 - [MESSAGE][WARNING] - Timeout '0' is invalid. Using default page load timeout: '30'

09-01-2024T12:31:49 - [MESSAGE][PASSED] - Element 'Object Repository/IOS/User Management/Logout/XCUIElementTypeOther (1)' is exist

09-01-2024T12:31:51 - [TEST_STEP][PASSED] - Video: Video recording for test case 'Test Cases/IOS/User Management/EK-8492 IS iPhone - Logout' .

09-01-2024T12:31:51 - [MESSAGE][INFO] - Video recording for test case 'Test Cases/IOS/User Management/EK-8492 IS iPhone - Logout' .]]></system-out>
         <system-err><![CDATA[]]></system-err>
      </testcase>
      <system-out><![CDATA[09-01-2024T12:30:35 - [TEST_SUITE][PASSED] - User Management: Test Cases/IOS/User Management/EK-8492 IS iPhone - Logout]]></system-out>
      <system-err><![CDATA[]]></system-err>
   </testsuite>
</testsuites>
