<?xml version="1.0" encoding="UTF-8"?>
<testsuites name="Menu and other services" time="182.504" tests="7" failures="0" errors="0">
   <testsuite name="Menu and other services" tests="7" failures="0" errors="0" time="182.504" skipped="0" timestamp="2023-09-21 10:30:33" hostname="Amarir - DESKTOP-EE3F8H4" id="Test Suites/Menu and other services">
      <properties>
         <property name="deviceName" value="samsung SM-N975F (Android 12)"/>
         <property name="devicePlatform" value=""/>
         <property name="logFolder" value="C:\\Users\\Amarir\\git\\Android Automation\\Reports\\20230921_103022\\Menu and other services\\20230921_103022"/>
         <property name="logFiles" value="C:\\Users\\Amarir\\git\\Android Automation\\Reports\\20230921_103022\\Menu and other services\\20230921_103022\\appium.log, C:\\Users\\Amarir\\git\\Android Automation\\Reports\\20230921_103022\\Menu and other services\\20230921_103022\\execution0.log"/>
         <property name="attachments" value="C:\\Users\\Amarir\\git\\Android Automation\\Reports\\20230921_103022\\Menu and other services\\20230921_103022\\1695292328610.png"/>
         <property name="hostName" value="Amarir - DESKTOP-EE3F8H4"/>
         <property name="os" value="Windows 10 64bit"/>
         <property name="appiumServerStatus" value="{&quot;value&quot;:{&quot;build&quot;:{&quot;version&quot;:&quot;1.22.0&quot;}},&quot;sessionId&quot;:null,&quot;status&quot;:0}"/>
         <property name="katalonVersion" value="8.6.5.208"/>
         <property name="deviceOS" value="Android"/>
         <property name="appiumVersion" value="1.22.0"/>
         <property name="deviceModel" value="SM-N975F"/>
         <property name="hostAddress" value="192.168.234.1"/>
         <property name="deviceManufacturer" value="samsung"/>
         <property name="deviceId" value="RF8N307NKZV"/>
         <property name="deviceName" value="samsung SM-N975F (Android 12)"/>
         <property name="deviceOSVersion" value="12"/>
      </properties>
      <testcase name="Test Cases/IS/User Managemenet/Login" time="59.904" classname="Test Cases/IS/User Managemenet/Login" status="PASSED">
         <system-out><![CDATA[2023-09-21 10:30:34 - [TEST_CASE][PASSED] - Test Cases/IS/User Managemenet/Login: Test Cases/IS/User Managemenet/Login

2023-09-21 10:30:36 - [TEST_STEP][PASSED] - startApplication(APK, false): Started app at: 'C:\Users\Amarir\Downloads\APK\EU\EU_Prod_2.1.1.apk'

2023-09-21 10:30:41 - [MESSAGE][INFO] - Detected NodeJS location: "C:\Program Files\nodejs\node.exe"

2023-09-21 10:30:46 - [MESSAGE][INFO] - Appium server started on port 59,374

2023-09-21 10:31:24 - [MESSAGE][PASSED] - Started app at: 'C:\Users\Amarir\Downloads\APK\EU\EU_Prod_2.1.1.apk'

2023-09-21 10:31:24 - [TEST_STEP][PASSED] - setText(findTestObject("User Management/Login/android.widget.EditText - username"), LoginCreds.get("username"), 30): Text 'safakata' has been set to element 'Object Repository/User Management/Login/android.widget.EditText - username'

2023-09-21 10:31:26 - [MESSAGE][PASSED] - Text 'safakata' has been set to element 'Object Repository/User Management/Login/android.widget.EditText - username'

2023-09-21 10:31:26 - [TEST_STEP][PASSED] - setText(findTestObject("User Management/Login/android.widget.EditText - password"), LoginCreds.get("password"), 30): Text 'eKare123@' has been set to element 'Object Repository/User Management/Login/android.widget.EditText - password'

2023-09-21 10:31:28 - [MESSAGE][PASSED] - Text 'eKare123@' has been set to element 'Object Repository/User Management/Login/android.widget.EditText - password'

2023-09-21 10:31:28 - [TEST_STEP][PASSED] - tap(findTestObject("User Management/Login/android.view.ViewGroup - sign in"), 30): Tapped on element 'Object Repository/User Management/Login/android.view.ViewGroup - sign in'

2023-09-21 10:31:29 - [MESSAGE][PASSED] - Tapped on element 'Object Repository/User Management/Login/android.view.ViewGroup - sign in'

2023-09-21 10:31:29 - [TEST_STEP][PASSED] - tap(findTestObject("Object Repository/User Management/Login/android.widget.TextView - Katalon"), 30): Tapped on element 'Object Repository/User Management/Login/android.widget.TextView - Katalon'

2023-09-21 10:31:30 - [MESSAGE][PASSED] - Tapped on element 'Object Repository/User Management/Login/android.widget.TextView - Katalon'

2023-09-21 10:31:30 - [TEST_STEP][PASSED] - delay(2, STOP_ON_FAILURE): Delayed 2 second(s)

2023-09-21 10:31:33 - [MESSAGE][PASSED] - Delayed 2 second(s)

2023-09-21 10:31:33 - [TEST_STEP][PASSED] - verifyElementExist(findTestObject("Object Repository/User Management/Login/android.widget.TextView - Patient Directory"), 30): Element 'Object Repository/User Management/Login/android.widget.TextView - Patient Directory' is exist

2023-09-21 10:31:34 - [MESSAGE][PASSED] - Element 'Object Repository/User Management/Login/android.widget.TextView - Patient Directory' is exist]]></system-out>
         <system-err><![CDATA[]]></system-err>
      </testcase>
      <testcase name="Test Cases/IS/Menu and other services/Switch between sites" time="21.674" classname="Test Cases/IS/Menu and other services/Switch between sites" status="PASSED">
         <system-out><![CDATA[2023-09-21 10:31:34 - [TEST_CASE][PASSED] - Test Cases/IS/Menu and other services/Switch between sites: Test Cases/IS/Menu and other services/Switch between sites

2023-09-21 10:31:36 - [TEST_STEP][PASSED] - tap(findTestObject("Object Repository/Menu and other services/Switch between sites/android.widget.ImageView - Menu"), 30): Tapped on element 'Object Repository/Menu and other services/Switch between sites/android.widget.ImageView - Menu'

2023-09-21 10:31:37 - [MESSAGE][PASSED] - Tapped on element 'Object Repository/Menu and other services/Switch between sites/android.widget.ImageView - Menu'

2023-09-21 10:31:37 - [TEST_STEP][PASSED] - tap(findTestObject("Object Repository/Menu and other services/Switch between sites/android.widget.TextView - Site"), 30): Tapped on element 'Object Repository/Menu and other services/Switch between sites/android.widget.TextView - Site'

2023-09-21 10:31:39 - [MESSAGE][PASSED] - Tapped on element 'Object Repository/Menu and other services/Switch between sites/android.widget.TextView - Site'

2023-09-21 10:31:39 - [TEST_STEP][PASSED] - tap(findTestObject("Object Repository/Menu and other services/Switch between sites/android.widget.TextView - Test1"), 30): Tapped on element 'Object Repository/Menu and other services/Switch between sites/android.widget.TextView - Test1'

2023-09-21 10:31:40 - [MESSAGE][PASSED] - Tapped on element 'Object Repository/Menu and other services/Switch between sites/android.widget.TextView - Test1'

2023-09-21 10:31:40 - [TEST_STEP][PASSED] - tap(findTestObject("Object Repository/Menu and other services/Switch between sites/android.widget.ImageView - Menu"), 30): Tapped on element 'Object Repository/Menu and other services/Switch between sites/android.widget.ImageView - Menu'

2023-09-21 10:31:45 - [MESSAGE][PASSED] - Tapped on element 'Object Repository/Menu and other services/Switch between sites/android.widget.ImageView - Menu'

2023-09-21 10:31:45 - [TEST_STEP][PASSED] - tap(findTestObject("Menu and other services/Switch between sites/android.widget.TextView - Site"), 30): Tapped on element 'Object Repository/Menu and other services/Switch between sites/android.widget.TextView - Site'

2023-09-21 10:31:47 - [MESSAGE][PASSED] - Tapped on element 'Object Repository/Menu and other services/Switch between sites/android.widget.TextView - Site'

2023-09-21 10:31:47 - [TEST_STEP][PASSED] - tap(findTestObject("Object Repository/Menu and other services/Switch between sites/android.widget.TextView - site user"), 30): Tapped on element 'Object Repository/Menu and other services/Switch between sites/android.widget.TextView - site user'

2023-09-21 10:31:48 - [MESSAGE][PASSED] - Tapped on element 'Object Repository/Menu and other services/Switch between sites/android.widget.TextView - site user'

2023-09-21 10:31:48 - [TEST_STEP][PASSED] - tap(findTestObject("Menu and other services/Switch between sites/android.widget.ImageView - Menu"), 30): Tapped on element 'Object Repository/Menu and other services/Switch between sites/android.widget.ImageView - Menu'

2023-09-21 10:31:53 - [MESSAGE][PASSED] - Tapped on element 'Object Repository/Menu and other services/Switch between sites/android.widget.ImageView - Menu'

2023-09-21 10:31:53 - [TEST_STEP][PASSED] - tap(findTestObject("Menu and other services/Switch between sites/android.widget.TextView - Site"), 30): Tapped on element 'Object Repository/Menu and other services/Switch between sites/android.widget.TextView - Site'

2023-09-21 10:31:55 - [MESSAGE][PASSED] - Tapped on element 'Object Repository/Menu and other services/Switch between sites/android.widget.TextView - Site'

2023-09-21 10:31:55 - [TEST_STEP][PASSED] - tap(findTestObject("Object Repository/Menu and other services/Switch between sites/android.widget.TextView - Katalon"), 30): Tapped on element 'Object Repository/Menu and other services/Switch between sites/android.widget.TextView - Katalon'

2023-09-21 10:31:56 - [MESSAGE][PASSED] - Tapped on element 'Object Repository/Menu and other services/Switch between sites/android.widget.TextView - Katalon']]></system-out>
         <system-err><![CDATA[]]></system-err>
      </testcase>
      <testcase name="Test Cases/IS/Menu and other services/About" time="8.638" classname="Test Cases/IS/Menu and other services/About" status="PASSED">
         <system-out><![CDATA[2023-09-21 10:32:09 - [TEST_CASE][PASSED] - Test Cases/IS/Menu and other services/About: Test Cases/IS/Menu and other services/About

2023-09-21 10:32:09 - [TEST_STEP][PASSED] - tap(findTestObject("Object Repository/Menu and other services/About/android.widget.ImageView - Menu"), 30): Tapped on element 'Object Repository/Menu and other services/About/android.widget.ImageView - Menu'

2023-09-21 10:32:09 - [MESSAGE][PASSED] - Tapped on element 'Object Repository/Menu and other services/About/android.widget.ImageView - Menu'

2023-09-21 10:32:09 - [TEST_STEP][PASSED] - tap(findTestObject("Object Repository/Menu and other services/About/android.widget.TextView - About"), 30): Tapped on element 'Object Repository/Menu and other services/About/android.widget.TextView - About'

2023-09-21 10:32:11 - [MESSAGE][PASSED] - Tapped on element 'Object Repository/Menu and other services/About/android.widget.TextView - About'

2023-09-21 10:32:11 - [TEST_STEP][PASSED] - verifyElementText(findTestObject("Object Repository/Menu and other services/About/android.widget.TextView - Katalon"), "Katalon"): Actual text and expected text of test object 'Object Repository/Menu and other services/About/android.widget.TextView - Katalon' are matched.

2023-09-21 10:32:12 - [MESSAGE][PASSED] - Actual text and expected text of test object 'Object Repository/Menu and other services/About/android.widget.TextView - Katalon' are matched.

2023-09-21 10:32:12 - [TEST_STEP][PASSED] - verifyElementText(findTestObject("Object Repository/Menu and other services/About/android.widget.TextView - Katalon (1)"), "Katalon"): Actual text and expected text of test object 'Object Repository/Menu and other services/About/android.widget.TextView - Katalon (1)' are matched.

2023-09-21 10:32:13 - [MESSAGE][PASSED] - Actual text and expected text of test object 'Object Repository/Menu and other services/About/android.widget.TextView - Katalon (1)' are matched.

2023-09-21 10:32:13 - [TEST_STEP][PASSED] - scrollToText("UDI"): Scrolling to text 'UDI' successfully

2023-09-21 10:32:17 - [MESSAGE][PASSED] - Scrolling to text 'UDI' successfully

2023-09-21 10:32:17 - [TEST_STEP][PASSED] - verifyElementText(findTestObject("Object Repository/Menu and other services/About/android.widget.TextView - 2.1.1"), "2.1.1"): Actual text and expected text of test object 'Object Repository/Menu and other services/About/android.widget.TextView - 2.1.1' are matched.

2023-09-21 10:32:17 - [MESSAGE][PASSED] - Actual text and expected text of test object 'Object Repository/Menu and other services/About/android.widget.TextView - 2.1.1' are matched.

2023-09-21 10:32:17 - [TEST_STEP][PASSED] - tap(findTestObject("Object Repository/Menu and other services/About/android.widget.ImageView - close"), 30): Tapped on element 'Object Repository/Menu and other services/About/android.widget.ImageView - close'

2023-09-21 10:32:17 - [MESSAGE][PASSED] - Tapped on element 'Object Repository/Menu and other services/About/android.widget.ImageView - close']]></system-out>
         <system-err><![CDATA[]]></system-err>
      </testcase>
      <testcase name="Test Cases/IS/Menu and other services/Automatic adjustment of Date format" time="14.746" classname="Test Cases/IS/Menu and other services/Automatic adjustment of Date format" status="PASSED">
         <system-out><![CDATA[2023-09-21 10:32:17 - [TEST_CASE][PASSED] - Test Cases/IS/Menu and other services/Automatic adjustment of Date format: Test Cases/IS/Menu and other services/Automatic adjustment of Date format

2023-09-21 10:32:19 - [TEST_STEP][PASSED] - date = getText(findTestObject("Object Repository/Menu and other services/Automatic adjustment of Date format/android.widget.TextView - 27072023"), 30, STOP_ON_FAILURE): Text of element 'Object Repository/Menu and other services/Automatic adjustment of Date format/android.widget.TextView - 27072023' is: '20/09/2023'

2023-09-21 10:32:20 - [MESSAGE][PASSED] - Text of element 'Object Repository/Menu and other services/Automatic adjustment of Date format/android.widget.TextView - 27072023' is: '20/09/2023'

2023-09-21 10:32:20 - [TEST_STEP][PASSED] - verifyMatch(date, "[0-9]{2}/[0-9]{2}/[0-9]{4}", true, STOP_ON_FAILURE): Actual text '20/09/2023' and expected text '[0-9]{2}/[0-9]{2}/[0-9]{4}' are matched  using regular expression

2023-09-21 10:32:20 - [MESSAGE][PASSED] - Actual text '20/09/2023' and expected text '[0-9]{2}/[0-9]{2}/[0-9]{4}' are matched  using regular expression

2023-09-21 10:32:20 - [TEST_STEP][PASSED] - tap(findTestObject("Object Repository/Menu and other services/Automatic adjustment of Date format/android.widget.ImageView - Menu"), 30): Tapped on element 'Object Repository/Menu and other services/Automatic adjustment of Date format/android.widget.ImageView - Menu'

2023-09-21 10:32:20 - [MESSAGE][PASSED] - Tapped on element 'Object Repository/Menu and other services/Automatic adjustment of Date format/android.widget.ImageView - Menu'

2023-09-21 10:32:20 - [TEST_STEP][PASSED] - tap(findTestObject("Object Repository/Menu and other services/Automatic adjustment of Date format/android.widget.TextView - Site"), 30): Tapped on element 'Object Repository/Menu and other services/Automatic adjustment of Date format/android.widget.TextView - Site'

2023-09-21 10:32:22 - [MESSAGE][PASSED] - Tapped on element 'Object Repository/Menu and other services/Automatic adjustment of Date format/android.widget.TextView - Site'

2023-09-21 10:32:22 - [TEST_STEP][PASSED] - tap(findTestObject("Object Repository/Menu and other services/Automatic adjustment of Date format/android.widget.TextView - site user"), 30): Tapped on element 'Object Repository/Menu and other services/Automatic adjustment of Date format/android.widget.TextView - site user'

2023-09-21 10:32:23 - [MESSAGE][PASSED] - Tapped on element 'Object Repository/Menu and other services/Automatic adjustment of Date format/android.widget.TextView - site user'

2023-09-21 10:32:23 - [TEST_STEP][PASSED] - date1 = getText(findTestObject("Menu and other services/Automatic adjustment of Date format/android.widget.TextView - 20230921"), 30): Text of element 'Object Repository/Menu and other services/Automatic adjustment of Date format/android.widget.TextView - 20230921' is: '2023/09/21'

2023-09-21 10:32:29 - [MESSAGE][PASSED] - Text of element 'Object Repository/Menu and other services/Automatic adjustment of Date format/android.widget.TextView - 20230921' is: '2023/09/21'

2023-09-21 10:32:29 - [TEST_STEP][PASSED] - verifyMatch(date1, "[0-9]{4}/[0-9]{2}/[0-9]{2}", true, STOP_ON_FAILURE): Actual text '2023/09/21' and expected text '[0-9]{4}/[0-9]{2}/[0-9]{2}' are matched  using regular expression

2023-09-21 10:32:29 - [MESSAGE][PASSED] - Actual text '2023/09/21' and expected text '[0-9]{4}/[0-9]{2}/[0-9]{2}' are matched  using regular expression

2023-09-21 10:32:29 - [TEST_STEP][PASSED] - tap(findTestObject("Object Repository/Menu and other services/Automatic adjustment of Date format/android.widget.ImageView - Menu"), 30): Tapped on element 'Object Repository/Menu and other services/Automatic adjustment of Date format/android.widget.ImageView - Menu'

2023-09-21 10:32:29 - [MESSAGE][PASSED] - Tapped on element 'Object Repository/Menu and other services/Automatic adjustment of Date format/android.widget.ImageView - Menu'

2023-09-21 10:32:29 - [TEST_STEP][PASSED] - tap(findTestObject("Menu and other services/Automatic adjustment of Date format/android.widget.TextView - Site"), 30): Tapped on element 'Object Repository/Menu and other services/Automatic adjustment of Date format/android.widget.TextView - Site'

2023-09-21 10:32:31 - [MESSAGE][PASSED] - Tapped on element 'Object Repository/Menu and other services/Automatic adjustment of Date format/android.widget.TextView - Site'

2023-09-21 10:32:31 - [TEST_STEP][PASSED] - tap(findTestObject("Object Repository/Menu and other services/Automatic adjustment of Date format/android.widget.TextView - Katalon"), 30): Tapped on element 'Object Repository/Menu and other services/Automatic adjustment of Date format/android.widget.TextView - Katalon'

2023-09-21 10:32:32 - [MESSAGE][PASSED] - Tapped on element 'Object Repository/Menu and other services/Automatic adjustment of Date format/android.widget.TextView - Katalon']]></system-out>
         <system-err><![CDATA[]]></system-err>
      </testcase>
      <testcase name="Test Cases/IS/Menu and other services/Phone general tuto" time="14.069" classname="Test Cases/IS/Menu and other services/Phone general tuto" status="PASSED">
         <system-out><![CDATA[2023-09-21 10:32:32 - [TEST_CASE][PASSED] - Test Cases/IS/Menu and other services/Phone general tuto: Test Cases/IS/Menu and other services/Phone general tuto

2023-09-21 10:32:34 - [TEST_STEP][PASSED] - tap(findTestObject("Object Repository/Menu and other services/Phone General Tuto/android.widget.ImageView - Menu"), 30): Tapped on element 'Object Repository/Menu and other services/Phone General Tuto/android.widget.ImageView - Menu'

2023-09-21 10:32:39 - [MESSAGE][PASSED] - Tapped on element 'Object Repository/Menu and other services/Phone General Tuto/android.widget.ImageView - Menu'

2023-09-21 10:32:39 - [TEST_STEP][PASSED] - tap(findTestObject("Object Repository/Menu and other services/Phone General Tuto/android.widget.TextView - Help"), 30): Tapped on element 'Object Repository/Menu and other services/Phone General Tuto/android.widget.TextView - Help'

2023-09-21 10:32:41 - [MESSAGE][PASSED] - Tapped on element 'Object Repository/Menu and other services/Phone General Tuto/android.widget.TextView - Help'

2023-09-21 10:32:41 - [TEST_STEP][PASSED] - tap(findTestObject("Object Repository/Menu and other services/Phone General Tuto/android.widget.TextView - App Intro"), 30): Tapped on element 'Object Repository/Menu and other services/Phone General Tuto/android.widget.TextView - App Intro'

2023-09-21 10:32:41 - [MESSAGE][PASSED] - Tapped on element 'Object Repository/Menu and other services/Phone General Tuto/android.widget.TextView - App Intro'

2023-09-21 10:32:41 - [TEST_STEP][PASSED] - verifyElementExist(findTestObject("Object Repository/Menu and other services/Phone General Tuto/android.view.ViewGroup - Tuto"), 30): Element 'Object Repository/Menu and other services/Phone General Tuto/android.view.ViewGroup - Tuto' is exist

2023-09-21 10:32:43 - [MESSAGE][PASSED] - Element 'Object Repository/Menu and other services/Phone General Tuto/android.view.ViewGroup - Tuto' is exist

2023-09-21 10:32:43 - [TEST_STEP][PASSED] - verifyElementExist(findTestObject("Object Repository/Menu and other services/Phone General Tuto/android.widget.TextView - Welcome to inSight"), 30): Element 'Object Repository/Menu and other services/Phone General Tuto/android.widget.TextView - Welcome to inSight' is exist

2023-09-21 10:32:44 - [MESSAGE][PASSED] - Element 'Object Repository/Menu and other services/Phone General Tuto/android.widget.TextView - Welcome to inSight' is exist

2023-09-21 10:32:44 - [TEST_STEP][PASSED] - verifyElementExist(findTestObject("Object Repository/Menu and other services/Phone General Tuto/android.widget.TextView - Skip"), 30): Element 'Object Repository/Menu and other services/Phone General Tuto/android.widget.TextView - Skip' is exist

2023-09-21 10:32:44 - [MESSAGE][PASSED] - Element 'Object Repository/Menu and other services/Phone General Tuto/android.widget.TextView - Skip' is exist

2023-09-21 10:32:44 - [TEST_STEP][PASSED] - verifyElementExist(findTestObject("Object Repository/Menu and other services/Phone General Tuto/android.widget.TextView - next"), 30): Element 'Object Repository/Menu and other services/Phone General Tuto/android.widget.TextView - next' is exist

2023-09-21 10:32:44 - [MESSAGE][PASSED] - Element 'Object Repository/Menu and other services/Phone General Tuto/android.widget.TextView - next' is exist

2023-09-21 10:32:44 - [TEST_STEP][PASSED] - tap(findTestObject("Menu and other services/Phone General Tuto/android.widget.TextView - next"), 30): Tapped on element 'Object Repository/Menu and other services/Phone General Tuto/android.widget.TextView - next'

2023-09-21 10:32:45 - [MESSAGE][PASSED] - Tapped on element 'Object Repository/Menu and other services/Phone General Tuto/android.widget.TextView - next'

2023-09-21 10:32:45 - [TEST_STEP][PASSED] - verifyElementText(findTestObject("Object Repository/Menu and other services/Phone General Tuto/android.widget.TextView - Add a wound"), "Add a wound"): Actual text and expected text of test object 'Object Repository/Menu and other services/Phone General Tuto/android.widget.TextView - Add a wound' are matched.

2023-09-21 10:32:46 - [MESSAGE][PASSED] - Actual text and expected text of test object 'Object Repository/Menu and other services/Phone General Tuto/android.widget.TextView - Add a wound' are matched.

2023-09-21 10:32:46 - [TEST_STEP][PASSED] - tap(findTestObject("Menu and other services/Phone General Tuto/android.widget.TextView - Skip"), 30): Tapped on element 'Object Repository/Menu and other services/Phone General Tuto/android.widget.TextView - Skip'

2023-09-21 10:32:46 - [MESSAGE][PASSED] - Tapped on element 'Object Repository/Menu and other services/Phone General Tuto/android.widget.TextView - Skip']]></system-out>
         <system-err><![CDATA[]]></system-err>
      </testcase>
      <testcase name="Test Cases/IS/Menu and other services/Language" time="26.258" classname="Test Cases/IS/Menu and other services/Language" status="PASSED">
         <system-out><![CDATA[2023-09-21 10:32:46 - [TEST_CASE][PASSED] - Test Cases/IS/Menu and other services/Language: Test Cases/IS/Menu and other services/Language

2023-09-21 10:32:47 - [TEST_STEP][PASSED] - tap(findTestObject("Object Repository/Menu and other services/Language/android.widget.ImageView - Menu"), 30): Tapped on element 'Object Repository/Menu and other services/Language/android.widget.ImageView - Menu'

2023-09-21 10:32:48 - [MESSAGE][PASSED] - Tapped on element 'Object Repository/Menu and other services/Language/android.widget.ImageView - Menu'

2023-09-21 10:32:48 - [TEST_STEP][PASSED] - tap(findTestObject("Object Repository/Menu and other services/Language/android.widget.TextView - Settings"), 30): Tapped on element 'Object Repository/Menu and other services/Language/android.widget.TextView - Settings'

2023-09-21 10:32:50 - [MESSAGE][PASSED] - Tapped on element 'Object Repository/Menu and other services/Language/android.widget.TextView - Settings'

2023-09-21 10:32:50 - [TEST_STEP][PASSED] - tap(findTestObject("Object Repository/Menu and other services/Language/android.widget.TextView - English"), 30): Tapped on element 'Object Repository/Menu and other services/Language/android.widget.TextView - English'

2023-09-21 10:32:51 - [MESSAGE][PASSED] - Tapped on element 'Object Repository/Menu and other services/Language/android.widget.TextView - English'

2023-09-21 10:32:51 - [TEST_STEP][PASSED] - tap(findTestObject("Object Repository/Menu and other services/Language/android.widget.TextView - Deutsch"), 30): Tapped on element 'Object Repository/Menu and other services/Language/android.widget.TextView - Deutsch'

2023-09-21 10:32:52 - [MESSAGE][PASSED] - Tapped on element 'Object Repository/Menu and other services/Language/android.widget.TextView - Deutsch'

2023-09-21 10:32:52 - [TEST_STEP][PASSED] - tap(findTestObject("Object Repository/Menu and other services/Language/android.view.ViewGroup"), 30): Tapped on element 'Object Repository/Menu and other services/Language/android.view.ViewGroup'

2023-09-21 10:32:59 - [MESSAGE][PASSED] - Tapped on element 'Object Repository/Menu and other services/Language/android.view.ViewGroup'

2023-09-21 10:32:59 - [TEST_STEP][PASSED] - verifyElementText(findTestObject("Object Repository/Menu and other services/Language/android.widget.TextView - Geschlecht"), "Geschlecht"): Actual text and expected text of test object 'Object Repository/Menu and other services/Language/android.widget.TextView - Geschlecht' are matched.

2023-09-21 10:33:00 - [MESSAGE][PASSED] - Actual text and expected text of test object 'Object Repository/Menu and other services/Language/android.widget.TextView - Geschlecht' are matched.

2023-09-21 10:33:00 - [TEST_STEP][PASSED] - verifyElementText(findTestObject("Object Repository/Menu and other services/Language/android.widget.TextView - Geburtstag"), "Geburtstag"): Actual text and expected text of test object 'Object Repository/Menu and other services/Language/android.widget.TextView - Geburtstag' are matched.

2023-09-21 10:33:01 - [MESSAGE][PASSED] - Actual text and expected text of test object 'Object Repository/Menu and other services/Language/android.widget.TextView - Geburtstag' are matched.

2023-09-21 10:33:01 - [TEST_STEP][PASSED] - verifyElementText(findTestObject("Object Repository/Menu and other services/Language/android.widget.TextView - Alter"), "Alter"): Actual text and expected text of test object 'Object Repository/Menu and other services/Language/android.widget.TextView - Alter' are matched.

2023-09-21 10:33:02 - [MESSAGE][PASSED] - Actual text and expected text of test object 'Object Repository/Menu and other services/Language/android.widget.TextView - Alter' are matched.

2023-09-21 10:33:02 - [TEST_STEP][PASSED] - verifyElementText(findTestObject("Object Repository/Menu and other services/Language/android.widget.TextView - Zustimmung"), "Zustimmung"): Actual text and expected text of test object 'Object Repository/Menu and other services/Language/android.widget.TextView - Zustimmung' are matched.

2023-09-21 10:33:03 - [MESSAGE][PASSED] - Actual text and expected text of test object 'Object Repository/Menu and other services/Language/android.widget.TextView - Zustimmung' are matched.

2023-09-21 10:33:03 - [TEST_STEP][PASSED] - tap(findTestObject("Object Repository/Menu and other services/Language/android.widget.ImageView - Back"), 30): Tapped on element 'Object Repository/Menu and other services/Language/android.widget.ImageView - Back'

2023-09-21 10:33:04 - [MESSAGE][PASSED] - Tapped on element 'Object Repository/Menu and other services/Language/android.widget.ImageView - Back'

2023-09-21 10:33:04 - [TEST_STEP][PASSED] - tap(findTestObject("Object Repository/Menu and other services/Language/android.widget.ImageView - Menu (1)"), 30): Tapped on element 'Object Repository/Menu and other services/Language/android.widget.ImageView - Menu (1)'

2023-09-21 10:33:04 - [MESSAGE][PASSED] - Tapped on element 'Object Repository/Menu and other services/Language/android.widget.ImageView - Menu (1)'

2023-09-21 10:33:04 - [TEST_STEP][PASSED] - verifyElementText(findTestObject("Object Repository/Menu and other services/Language/android.widget.TextView - Seite"), "Seite"): Actual text and expected text of test object 'Object Repository/Menu and other services/Language/android.widget.TextView - Seite' are matched.

2023-09-21 10:33:06 - [MESSAGE][PASSED] - Actual text and expected text of test object 'Object Repository/Menu and other services/Language/android.widget.TextView - Seite' are matched.

2023-09-21 10:33:06 - [TEST_STEP][PASSED] - verifyElementText(findTestObject("Object Repository/Menu and other services/Language/android.widget.TextView - Offene Telegesundheit"), "Offene Telegesundheit"): Actual text and expected text of test object 'Object Repository/Menu and other services/Language/android.widget.TextView - Offene Telegesundheit' are matched.

2023-09-21 10:33:07 - [MESSAGE][PASSED] - Actual text and expected text of test object 'Object Repository/Menu and other services/Language/android.widget.TextView - Offene Telegesundheit' are matched.

2023-09-21 10:33:07 - [TEST_STEP][PASSED] - verifyElementText(findTestObject("Object Repository/Menu and other services/Language/android.widget.TextView - Hilfe"), "Hilfe"): Actual text and expected text of test object 'Object Repository/Menu and other services/Language/android.widget.TextView - Hilfe' are matched.

2023-09-21 10:33:07 - [MESSAGE][PASSED] - Actual text and expected text of test object 'Object Repository/Menu and other services/Language/android.widget.TextView - Hilfe' are matched.

2023-09-21 10:33:07 - [TEST_STEP][PASSED] - verifyElementText(findTestObject("Object Repository/Menu and other services/Language/android.widget.TextView - ber uns"), "Über uns"): Actual text and expected text of test object 'Object Repository/Menu and other services/Language/android.widget.TextView - ber uns' are matched.

2023-09-21 10:33:08 - [MESSAGE][PASSED] - Actual text and expected text of test object 'Object Repository/Menu and other services/Language/android.widget.TextView - ber uns' are matched.

2023-09-21 10:33:08 - [TEST_STEP][PASSED] - verifyElementText(findTestObject("Object Repository/Menu and other services/Language/android.widget.TextView - Einstellungen"), "Einstellungen"): Actual text and expected text of test object 'Object Repository/Menu and other services/Language/android.widget.TextView - Einstellungen' are matched.

2023-09-21 10:33:08 - [MESSAGE][PASSED] - Actual text and expected text of test object 'Object Repository/Menu and other services/Language/android.widget.TextView - Einstellungen' are matched.

2023-09-21 10:33:08 - [TEST_STEP][PASSED] - verifyElementText(findTestObject("Object Repository/Menu and other services/Language/android.widget.TextView - Ausloggen"), "Ausloggen"): Actual text and expected text of test object 'Object Repository/Menu and other services/Language/android.widget.TextView - Ausloggen' are matched.

2023-09-21 10:33:09 - [MESSAGE][PASSED] - Actual text and expected text of test object 'Object Repository/Menu and other services/Language/android.widget.TextView - Ausloggen' are matched.

2023-09-21 10:33:09 - [TEST_STEP][PASSED] - tap(findTestObject("Menu and other services/Language/android.widget.TextView - Einstellungen"), 30): Tapped on element 'Object Repository/Menu and other services/Language/android.widget.TextView - Einstellungen'

2023-09-21 10:33:10 - [MESSAGE][PASSED] - Tapped on element 'Object Repository/Menu and other services/Language/android.widget.TextView - Einstellungen'

2023-09-21 10:33:10 - [TEST_STEP][PASSED] - tap(findTestObject("Object Repository/Menu and other services/Language/android.widget.TextView - Deutsch (1)"), 30): Tapped on element 'Object Repository/Menu and other services/Language/android.widget.TextView - Deutsch (1)'

2023-09-21 10:33:11 - [MESSAGE][PASSED] - Tapped on element 'Object Repository/Menu and other services/Language/android.widget.TextView - Deutsch (1)'

2023-09-21 10:33:11 - [TEST_STEP][PASSED] - tap(findTestObject("Object Repository/Menu and other services/Language/android.widget.TextView - English (1)"), 30): Tapped on element 'Object Repository/Menu and other services/Language/android.widget.TextView - English (1)'

2023-09-21 10:33:13 - [MESSAGE][PASSED] - Tapped on element 'Object Repository/Menu and other services/Language/android.widget.TextView - English (1)']]></system-out>
         <system-err><![CDATA[]]></system-err>
      </testcase>
      <testcase name="Test Cases/IS/Menu and other services/Help" time="23.287" classname="Test Cases/IS/Menu and other services/Help" status="PASSED">
         <system-out><![CDATA[2023-09-21 10:33:13 - [TEST_CASE][PASSED] - Test Cases/IS/Menu and other services/Help: Test Cases/IS/Menu and other services/Help

2023-09-21 10:33:16 - [TEST_STEP][PASSED] - tap(findTestObject("Object Repository/Menu and other services/Help/android.widget.ImageView - Menu"), 30): Tapped on element 'Object Repository/Menu and other services/Help/android.widget.ImageView - Menu'

2023-09-21 10:33:18 - [MESSAGE][PASSED] - Tapped on element 'Object Repository/Menu and other services/Help/android.widget.ImageView - Menu'

2023-09-21 10:33:18 - [TEST_STEP][PASSED] - tap(findTestObject("Object Repository/Menu and other services/Help/android.widget.TextView - Help"), 30): Tapped on element 'Object Repository/Menu and other services/Help/android.widget.TextView - Help'

2023-09-21 10:33:20 - [MESSAGE][PASSED] - Tapped on element 'Object Repository/Menu and other services/Help/android.widget.TextView - Help'

2023-09-21 10:33:20 - [TEST_STEP][PASSED] - tap(findTestObject("Object Repository/Menu and other services/Help/android.widget.TextView - Help Center"), 30): Tapped on element 'Object Repository/Menu and other services/Help/android.widget.TextView - Help Center'

2023-09-21 10:33:22 - [MESSAGE][PASSED] - Tapped on element 'Object Repository/Menu and other services/Help/android.widget.TextView - Help Center'

2023-09-21 10:33:22 - [TEST_STEP][PASSED] - verifyElementText(findTestObject("Object Repository/Menu and other services/Help/android.widget.TextView - Support"), "Support"): Actual text and expected text of test object 'Object Repository/Menu and other services/Help/android.widget.TextView - Support' are matched.

2023-09-21 10:33:23 - [MESSAGE][PASSED] - Actual text and expected text of test object 'Object Repository/Menu and other services/Help/android.widget.TextView - Support' are matched.

2023-09-21 10:33:23 - [TEST_STEP][PASSED] - verifyElementText(findTestObject("Menu and other services/Help/android.widget.TextView - Critical Notifications (2)"), "Critical Notifications"): Actual text and expected text of test object 'Object Repository/Menu and other services/Help/android.widget.TextView - Critical Notifications (2)' are matched.

2023-09-21 10:33:24 - [MESSAGE][PASSED] - Actual text and expected text of test object 'Object Repository/Menu and other services/Help/android.widget.TextView - Critical Notifications (2)' are matched.

2023-09-21 10:33:24 - [TEST_STEP][PASSED] - pressBack(): Press back button successfully

2023-09-21 10:33:24 - [MESSAGE][PASSED] - Press back button successfully

2023-09-21 10:33:24 - [TEST_STEP][PASSED] - tap(findTestObject("Menu and other services/Help/android.widget.TextView - Help"), 30): Tapped on element 'Object Repository/Menu and other services/Help/android.widget.TextView - Help'

2023-09-21 10:33:25 - [MESSAGE][PASSED] - Tapped on element 'Object Repository/Menu and other services/Help/android.widget.TextView - Help'

2023-09-21 10:33:25 - [TEST_STEP][PASSED] - tap(findTestObject("Object Repository/Menu and other services/Help/android.widget.TextView - Send device info"), 30): Tapped on element 'Object Repository/Menu and other services/Help/android.widget.TextView - Send device info'

2023-09-21 10:33:26 - [MESSAGE][PASSED] - Tapped on element 'Object Repository/Menu and other services/Help/android.widget.TextView - Send device info'

2023-09-21 10:33:26 - [TEST_STEP][PASSED] - verifyElementText(findTestObject("Object Repository/Menu and other services/Help/android.widget.TextView - Device hardware and software information will be sent to eKare for troubleshooting"), "Device hardware and software information will be sent to eKare for troubleshooting"): Actual text and expected text of test object 'Object Repository/Menu and other services/Help/android.widget.TextView - Device hardware and software information will be sent to eKare for troubleshooting' are matched.

2023-09-21 10:33:27 - [MESSAGE][PASSED] - Actual text and expected text of test object 'Object Repository/Menu and other services/Help/android.widget.TextView - Device hardware and software information will be sent to eKare for troubleshooting' are matched.

2023-09-21 10:33:27 - [TEST_STEP][PASSED] - verifyElementExist(findTestObject("Object Repository/Menu and other services/Help/android.widget.Button - CANCEL"), 30): Element 'Object Repository/Menu and other services/Help/android.widget.Button - CANCEL' is exist

2023-09-21 10:33:28 - [MESSAGE][PASSED] - Element 'Object Repository/Menu and other services/Help/android.widget.Button - CANCEL' is exist

2023-09-21 10:33:28 - [TEST_STEP][PASSED] - verifyElementExist(findTestObject("Object Repository/Menu and other services/Help/android.widget.Button - PROCEED"), 30): Element 'Object Repository/Menu and other services/Help/android.widget.Button - PROCEED' is exist

2023-09-21 10:33:29 - [MESSAGE][PASSED] - Element 'Object Repository/Menu and other services/Help/android.widget.Button - PROCEED' is exist

2023-09-21 10:33:29 - [TEST_STEP][PASSED] - tap(findTestObject("Menu and other services/Help/android.widget.Button - PROCEED"), 30): Tapped on element 'Object Repository/Menu and other services/Help/android.widget.Button - PROCEED'

2023-09-21 10:33:30 - [MESSAGE][PASSED] - Tapped on element 'Object Repository/Menu and other services/Help/android.widget.Button - PROCEED'

2023-09-21 10:33:30 - [TEST_STEP][PASSED] - verifyElementText(findTestObject("Object Repository/Menu and other services/Help/android.widget.TextView - Information sent successfully"), "Information sent successfully"): Actual text and expected text of test object 'Object Repository/Menu and other services/Help/android.widget.TextView - Information sent successfully' are matched.

2023-09-21 10:33:32 - [MESSAGE][PASSED] - Actual text and expected text of test object 'Object Repository/Menu and other services/Help/android.widget.TextView - Information sent successfully' are matched.

2023-09-21 10:33:32 - [TEST_STEP][PASSED] - tap(findTestObject("Object Repository/Menu and other services/Help/android.widget.Button - OK"), 30): Tapped on element 'Object Repository/Menu and other services/Help/android.widget.Button - OK'

2023-09-21 10:33:32 - [MESSAGE][PASSED] - Tapped on element 'Object Repository/Menu and other services/Help/android.widget.Button - OK'

2023-09-21 10:33:32 - [TEST_STEP][PASSED] - tap(findTestObject("Menu and other services/Help/android.widget.ImageView - Menu"), 30): Tapped on element 'Object Repository/Menu and other services/Help/android.widget.ImageView - Menu'

2023-09-21 10:33:33 - [MESSAGE][PASSED] - Tapped on element 'Object Repository/Menu and other services/Help/android.widget.ImageView - Menu'

2023-09-21 10:33:33 - [TEST_STEP][PASSED] - tap(findTestObject("Menu and other services/Help/android.widget.TextView - Help"), 30): Tapped on element 'Object Repository/Menu and other services/Help/android.widget.TextView - Help'

2023-09-21 10:33:35 - [MESSAGE][PASSED] - Tapped on element 'Object Repository/Menu and other services/Help/android.widget.TextView - Help'

2023-09-21 10:33:35 - [TEST_STEP][PASSED] - verifyElementExist(findTestObject("Menu and other services/Help/android.widget.TextView - Send back up"), 30): Element 'Object Repository/Menu and other services/Help/android.widget.TextView - Send back up' is exist

2023-09-21 10:33:35 - [MESSAGE][PASSED] - Element 'Object Repository/Menu and other services/Help/android.widget.TextView - Send back up' is exist

2023-09-21 10:33:35 - [TEST_STEP][PASSED] - tap(findTestObject("Object Repository/Menu and other services/Help/android.widget.TextView - Send back up"), 30): Tapped on element 'Object Repository/Menu and other services/Help/android.widget.TextView - Send back up'

2023-09-21 10:33:36 - [MESSAGE][PASSED] - Tapped on element 'Object Repository/Menu and other services/Help/android.widget.TextView - Send back up']]></system-out>
         <system-err><![CDATA[]]></system-err>
      </testcase>
      <system-out><![CDATA[2023-09-21 10:30:33 - [TEST_SUITE][FAILED] - Menu and other services: Test Cases/IS/Menu and other services/About FAILED.
Reason:
com.kms.katalon.core.exception.StepFailedException: Failed to tap on element 'Object Repository/Menu and other services/About/android.widget.ImageView - Menu' (Root cause: org.openqa.selenium.WebDriverException: java.net.SocketTimeoutException: timeout
Build info: version: '3.141.59', revision: 'e82be7d358', time: '2018-11-14T08:25:53'
System info: host: 'DESKTOP-EE3F8H4', ip: '192.168.234.1', os.name: 'Windows 10', os.arch: 'amd64', os.version: '10.0', java.version: '1.8.0_362'
Driver info: driver.version: SwipeableAndroidDriver
	at io.appium.java_client.remote.AppiumCommandExecutor.execute(AppiumCommandExecutor.java:254)
	at org.openqa.selenium.remote.RemoteWebDriver.execute(RemoteWebDriver.java:552)
	at io.appium.java_client.DefaultGenericMobileDriver.execute(DefaultGenericMobileDriver.java:46)
	at io.appium.java_client.AppiumDriver.execute(AppiumDriver.java:1)
	at io.appium.java_client.android.AndroidDriver.execute(AndroidDriver.java:1)
	at com.kms.katalon.core.appium.driver.SwipeableAndroidDriver.execute(SwipeableAndroidDriver.java:1)
	at org.openqa.selenium.remote.RemoteWebDriver$RemoteWebDriverOptions$RemoteWindow.getSize(RemoteWebDriver.java:813)
	at org.openqa.selenium.WebDriver$Window$getSize.call(Unknown Source)
	at com.kms.katalon.core.mobile.keyword.internal.MobileAbstractKeyword.findElement(MobileAbstractKeyword.groovy:81)
	at com.kms.katalon.core.mobile.keyword.builtin.TapKeyword.access$1(TapKeyword.groovy)
	at com.kms.katalon.core.mobile.keyword.builtin.TapKeyword$_tap_closure1.doCall(TapKeyword.groovy:76)
	at com.kms.katalon.core.mobile.keyword.builtin.TapKeyword$_tap_closure1.call(TapKeyword.groovy)
	at com.kms.katalon.core.mobile.keyword.internal.MobileKeywordMain.runKeyword(MobileKeywordMain.groovy:21)
	at com.kms.katalon.core.mobile.keyword.builtin.TapKeyword.tap(TapKeyword.groovy:84)
	at com.kms.katalon.core.mobile.keyword.builtin.TapKeyword.execute(TapKeyword.groovy:68)
	at com.kms.katalon.core.keyword.internal.KeywordExecutor.executeKeywordForPlatform(KeywordExecutor.groovy:74)
	at com.kms.katalon.core.mobile.keyword.MobileBuiltInKeywords.tap(MobileBuiltInKeywords.groovy:1490)
	at com.kms.katalon.core.mobile.keyword.MobileBuiltInKeywords$tap$1.call(Unknown Source)
	at About.run(About:20)
	at com.kms.katalon.core.main.ScriptEngine.run(ScriptEngine.java:194)
	at com.kms.katalon.core.main.ScriptEngine.runScriptAsRawText(ScriptEngine.java:119)
	at com.kms.katalon.core.main.TestCaseExecutor.runScript(TestCaseExecutor.java:448)
	at com.kms.katalon.core.main.TestCaseExecutor.doExecute(TestCaseExecutor.java:439)
	at com.kms.katalon.core.main.TestCaseExecutor.processExecutionPhase(TestCaseExecutor.java:418)
	at com.kms.katalon.core.main.TestCaseExecutor.accessMainPhase(TestCaseExecutor.java:410)
	at com.kms.katalon.core.main.TestCaseExecutor.execute(TestCaseExecutor.java:285)
	at com.kms.katalon.core.common.CommonExecutor.accessTestCaseMainPhase(CommonExecutor.java:65)
	at com.kms.katalon.core.main.TestSuiteExecutor.accessTestSuiteMainPhase(TestSuiteExecutor.java:148)
	at com.kms.katalon.core.main.TestSuiteExecutor.execute(TestSuiteExecutor.java:106)
	at com.kms.katalon.core.main.TestCaseMain.startTestSuite(TestCaseMain.java:187)
	at com.kms.katalon.core.main.TestCaseMain$startTestSuite$0.call(Unknown Source)
	at TempTestSuite1695292222153.run(TempTestSuite1695292222153.groovy:36)
Caused by: java.net.SocketTimeoutException: timeout
	at okio.Okio$4.newTimeoutException(Okio.java:232)
	at okio.AsyncTimeout.exit(AsyncTimeout.java:275)
	at okio.AsyncTimeout$1.write(AsyncTimeout.java:186)
	at okio.RealBufferedSink.flush(RealBufferedSink.java:224)
	at okhttp3.internal.http1.Http1Codec.finishRequest(Http1Codec.java:166)
	at okhttp3.internal.http.CallServerInterceptor.intercept(CallServerInterceptor.java:84)
	at okhttp3.internal.http.RealInterceptorChain.proceed(RealInterceptorChain.java:147)
	at okhttp3.internal.http.RealInterceptorChain.proceed(RealInterceptorChain.java:121)
	at org.openqa.selenium.remote.internal.OkHttpClient$Factory$1.lambda$createClient$1(OkHttpClient.java:152)
	at okhttp3.internal.http.RealInterceptorChain.proceed(RealInterceptorChain.java:147)
	at okhttp3.internal.connection.ConnectInterceptor.intercept(ConnectInterceptor.java:45)
	at okhttp3.internal.http.RealInterceptorChain.proceed(RealInterceptorChain.java:147)
	at okhttp3.internal.http.RealInterceptorChain.proceed(RealInterceptorChain.java:121)
	at okhttp3.internal.cache.CacheInterceptor.intercept(CacheInterceptor.java:93)
	at okhttp3.internal.http.RealInterceptorChain.proceed(RealInterceptorChain.java:147)
	at okhttp3.internal.http.RealInterceptorChain.proceed(RealInterceptorChain.java:121)
	at okhttp3.internal.http.BridgeInterceptor.intercept(BridgeInterceptor.java:93)
	at okhttp3.internal.http.RealInterceptorChain.proceed(RealInterceptorChain.java:147)
	at okhttp3.internal.http.RetryAndFollowUpInterceptor.intercept(RetryAndFollowUpInterceptor.java:126)
	at okhttp3.internal.http.RealInterceptorChain.proceed(RealInterceptorChain.java:147)
	at okhttp3.internal.http.RealInterceptorChain.proceed(RealInterceptorChain.java:121)
	at okhttp3.RealCall.getResponseWithInterceptorChain(RealCall.java:200)
	at okhttp3.RealCall.execute(RealCall.java:77)
	at org.openqa.selenium.remote.internal.OkHttpClient.execute(OkHttpClient.java:103)
	at org.openqa.selenium.remote.HttpCommandExecutor.execute(HttpCommandExecutor.java:155)
	at io.appium.java_client.remote.AppiumCommandExecutor.execute(AppiumCommandExecutor.java:239)
	at org.openqa.selenium.remote.RemoteWebDriver.execute(RemoteWebDriver.java:552)
	at io.appium.java_client.DefaultGenericMobileDriver.execute(DefaultGenericMobileDriver.java:46)
	at io.appium.java_client.AppiumDriver.execute(AppiumDriver.java:1)
	at io.appium.java_client.android.AndroidDriver.execute(AndroidDriver.java:1)
	at com.kms.katalon.core.appium.driver.SwipeableAndroidDriver.execute(SwipeableAndroidDriver.java:1)
	at org.openqa.selenium.remote.RemoteWebDriver$RemoteWebDriverOptions$RemoteWindow.getSize(RemoteWebDriver.java:813)
	at org.openqa.selenium.WebDriver$Window$getSize.call(Unknown Source)
	at com.kms.katalon.core.mobile.keyword.internal.MobileAbstractKeyword.findElement(MobileAbstractKeyword.groovy:81)
	at com.kms.katalon.core.mobile.keyword.builtin.TapKeyword.access$1(TapKeyword.groovy)
	at com.kms.katalon.core.mobile.keyword.builtin.TapKeyword$_tap_closure1.doCall(TapKeyword.groovy:76)
	at com.kms.katalon.core.mobile.keyword.builtin.TapKeyword$_tap_closure1.call(TapKeyword.groovy)
	at com.kms.katalon.core.mobile.keyword.internal.MobileKeywordMain.runKeyword(MobileKeywordMain.groovy:21)
	at com.kms.katalon.core.mobile.keyword.builtin.TapKeyword.tap(TapKeyword.groovy:84)
	at com.kms.katalon.core.mobile.keyword.builtin.TapKeyword.execute(TapKeyword.groovy:68)
	at com.kms.katalon.core.keyword.internal.KeywordExecutor.executeKeywordForPlatform(KeywordExecutor.groovy:74)
	at com.kms.katalon.core.mobile.keyword.MobileBuiltInKeywords.tap(MobileBuiltInKeywords.groovy:1490)
	at com.kms.katalon.core.mobile.keyword.MobileBuiltInKeywords$tap$1.call(Unknown Source)
	at Script1690797931709.run(Script1690797931709.groovy:20)
	... 13 more
)
	at com.kms.katalon.core.keyword.internal.KeywordMain.stepFailed(KeywordMain.groovy:51)
	at com.kms.katalon.core.mobile.keyword.internal.MobileKeywordMain.stepFailed(MobileKeywordMain.groovy:40)
	at com.kms.katalon.core.mobile.keyword.internal.MobileKeywordMain.runKeyword(MobileKeywordMain.groovy:23)
	at com.kms.katalon.core.mobile.keyword.builtin.TapKeyword.tap(TapKeyword.groovy:84)
	at com.kms.katalon.core.mobile.keyword.builtin.TapKeyword.execute(TapKeyword.groovy:68)
	at com.kms.katalon.core.keyword.internal.KeywordExecutor.executeKeywordForPlatform(KeywordExecutor.groovy:74)
	at com.kms.katalon.core.mobile.keyword.MobileBuiltInKeywords.tap(MobileBuiltInKeywords.groovy:1490)
	at com.kms.katalon.core.mobile.keyword.MobileBuiltInKeywords$tap$1.call(Unknown Source)
	at About.run(About:20)
	at com.kms.katalon.core.main.ScriptEngine.run(ScriptEngine.java:194)
	at com.kms.katalon.core.main.ScriptEngine.runScriptAsRawText(ScriptEngine.java:119)
	at com.kms.katalon.core.main.TestCaseExecutor.runScript(TestCaseExecutor.java:448)
	at com.kms.katalon.core.main.TestCaseExecutor.doExecute(TestCaseExecutor.java:439)
	at com.kms.katalon.core.main.TestCaseExecutor.processExecutionPhase(TestCaseExecutor.java:418)
	at com.kms.katalon.core.main.TestCaseExecutor.accessMainPhase(TestCaseExecutor.java:410)
	at com.kms.katalon.core.main.TestCaseExecutor.execute(TestCaseExecutor.java:285)
	at com.kms.katalon.core.common.CommonExecutor.accessTestCaseMainPhase(CommonExecutor.java:65)
	at com.kms.katalon.core.main.TestSuiteExecutor.accessTestSuiteMainPhase(TestSuiteExecutor.java:148)
	at com.kms.katalon.core.main.TestSuiteExecutor.execute(TestSuiteExecutor.java:106)
	at com.kms.katalon.core.main.TestCaseMain.startTestSuite(TestCaseMain.java:187)
	at com.kms.katalon.core.main.TestCaseMain$startTestSuite$0.call(Unknown Source)
	at TempTestSuite1695292222153.run(TempTestSuite1695292222153.groovy:36)
Caused by: org.openqa.selenium.WebDriverException: java.net.SocketTimeoutException: timeout
Build info: version: '3.141.59', revision: 'e82be7d358', time: '2018-11-14T08:25:53'
System info: host: 'DESKTOP-EE3F8H4', ip: '192.168.234.1', os.name: 'Windows 10', os.arch: 'amd64', os.version: '10.0', java.version: '1.8.0_362'
Driver info: driver.version: SwipeableAndroidDriver
	at io.appium.java_client.remote.AppiumCommandExecutor.execute(AppiumCommandExecutor.java:254)
	at org.openqa.selenium.remote.RemoteWebDriver.execute(RemoteWebDriver.java:552)
	at io.appium.java_client.DefaultGenericMobileDriver.execute(DefaultGenericMobileDriver.java:46)
	at io.appium.java_client.AppiumDriver.execute(AppiumDriver.java:1)
	at io.appium.java_client.android.AndroidDriver.execute(AndroidDriver.java:1)
	at com.kms.katalon.core.appium.driver.SwipeableAndroidDriver.execute(SwipeableAndroidDriver.java:1)
	at org.openqa.selenium.remote.RemoteWebDriver$RemoteWebDriverOptions$RemoteWindow.getSize(RemoteWebDriver.java:813)
	at org.openqa.selenium.WebDriver$Window$getSize.call(Unknown Source)
	at com.kms.katalon.core.mobile.keyword.internal.MobileAbstractKeyword.findElement(MobileAbstractKeyword.groovy:81)
	at com.kms.katalon.core.mobile.keyword.builtin.TapKeyword.access$1(TapKeyword.groovy)
	at com.kms.katalon.core.mobile.keyword.builtin.TapKeyword$_tap_closure1.doCall(TapKeyword.groovy:76)
	at com.kms.katalon.core.mobile.keyword.builtin.TapKeyword$_tap_closure1.call(TapKeyword.groovy)
	at com.kms.katalon.core.mobile.keyword.internal.MobileKeywordMain.runKeyword(MobileKeywordMain.groovy:21)
	... 19 more
Caused by: java.net.SocketTimeoutException: timeout
	at okio.Okio$4.newTimeoutException(Okio.java:232)
	at okio.AsyncTimeout.exit(AsyncTimeout.java:275)
	at okio.AsyncTimeout$1.write(AsyncTimeout.java:186)
	at okio.RealBufferedSink.flush(RealBufferedSink.java:224)
	at okhttp3.internal.http1.Http1Codec.finishRequest(Http1Codec.java:166)
	at okhttp3.internal.http.CallServerInterceptor.intercept(CallServerInterceptor.java:84)
	at okhttp3.internal.http.RealInterceptorChain.proceed(RealInterceptorChain.java:147)
	at okhttp3.internal.http.RealInterceptorChain.proceed(RealInterceptorChain.java:121)
	at org.openqa.selenium.remote.internal.OkHttpClient$Factory$1.lambda$createClient$1(OkHttpClient.java:152)
	at okhttp3.internal.http.RealInterceptorChain.proceed(RealInterceptorChain.java:147)
	at okhttp3.internal.connection.ConnectInterceptor.intercept(ConnectInterceptor.java:45)
	at okhttp3.internal.http.RealInterceptorChain.proceed(RealInterceptorChain.java:147)
	at okhttp3.internal.http.RealInterceptorChain.proceed(RealInterceptorChain.java:121)
	at okhttp3.internal.cache.CacheInterceptor.intercept(CacheInterceptor.java:93)
	at okhttp3.internal.http.RealInterceptorChain.proceed(RealInterceptorChain.java:147)
	at okhttp3.internal.http.RealInterceptorChain.proceed(RealInterceptorChain.java:121)
	at okhttp3.internal.http.BridgeInterceptor.intercept(BridgeInterceptor.java:93)
	at okhttp3.internal.http.RealInterceptorChain.proceed(RealInterceptorChain.java:147)
	at okhttp3.internal.http.RetryAndFollowUpInterceptor.intercept(RetryAndFollowUpInterceptor.java:126)
	at okhttp3.internal.http.RealInterceptorChain.proceed(RealInterceptorChain.java:147)
	at okhttp3.internal.http.RealInterceptorChain.proceed(RealInterceptorChain.java:121)
	at okhttp3.RealCall.getResponseWithInterceptorChain(RealCall.java:200)
	at okhttp3.RealCall.execute(RealCall.java:77)
	at org.openqa.selenium.remote.internal.OkHttpClient.execute(OkHttpClient.java:103)
	at org.openqa.selenium.remote.HttpCommandExecutor.execute(HttpCommandExecutor.java:155)
	at io.appium.java_client.remote.AppiumCommandExecutor.execute(AppiumCommandExecutor.java:239)
	... 31 more]]></system-out>
      <system-err><![CDATA[2023-09-21 10:30:33 - [TEST_SUITE][FAILED] - Menu and other services: Test Cases/IS/Menu and other services/About FAILED.
Reason:
com.kms.katalon.core.exception.StepFailedException: Failed to tap on element 'Object Repository/Menu and other services/About/android.widget.ImageView - Menu' (Root cause: org.openqa.selenium.WebDriverException: java.net.SocketTimeoutException: timeout
Build info: version: '3.141.59', revision: 'e82be7d358', time: '2018-11-14T08:25:53'
System info: host: 'DESKTOP-EE3F8H4', ip: '192.168.234.1', os.name: 'Windows 10', os.arch: 'amd64', os.version: '10.0', java.version: '1.8.0_362'
Driver info: driver.version: SwipeableAndroidDriver
	at io.appium.java_client.remote.AppiumCommandExecutor.execute(AppiumCommandExecutor.java:254)
	at org.openqa.selenium.remote.RemoteWebDriver.execute(RemoteWebDriver.java:552)
	at io.appium.java_client.DefaultGenericMobileDriver.execute(DefaultGenericMobileDriver.java:46)
	at io.appium.java_client.AppiumDriver.execute(AppiumDriver.java:1)
	at io.appium.java_client.android.AndroidDriver.execute(AndroidDriver.java:1)
	at com.kms.katalon.core.appium.driver.SwipeableAndroidDriver.execute(SwipeableAndroidDriver.java:1)
	at org.openqa.selenium.remote.RemoteWebDriver$RemoteWebDriverOptions$RemoteWindow.getSize(RemoteWebDriver.java:813)
	at org.openqa.selenium.WebDriver$Window$getSize.call(Unknown Source)
	at com.kms.katalon.core.mobile.keyword.internal.MobileAbstractKeyword.findElement(MobileAbstractKeyword.groovy:81)
	at com.kms.katalon.core.mobile.keyword.builtin.TapKeyword.access$1(TapKeyword.groovy)
	at com.kms.katalon.core.mobile.keyword.builtin.TapKeyword$_tap_closure1.doCall(TapKeyword.groovy:76)
	at com.kms.katalon.core.mobile.keyword.builtin.TapKeyword$_tap_closure1.call(TapKeyword.groovy)
	at com.kms.katalon.core.mobile.keyword.internal.MobileKeywordMain.runKeyword(MobileKeywordMain.groovy:21)
	at com.kms.katalon.core.mobile.keyword.builtin.TapKeyword.tap(TapKeyword.groovy:84)
	at com.kms.katalon.core.mobile.keyword.builtin.TapKeyword.execute(TapKeyword.groovy:68)
	at com.kms.katalon.core.keyword.internal.KeywordExecutor.executeKeywordForPlatform(KeywordExecutor.groovy:74)
	at com.kms.katalon.core.mobile.keyword.MobileBuiltInKeywords.tap(MobileBuiltInKeywords.groovy:1490)
	at com.kms.katalon.core.mobile.keyword.MobileBuiltInKeywords$tap$1.call(Unknown Source)
	at About.run(About:20)
	at com.kms.katalon.core.main.ScriptEngine.run(ScriptEngine.java:194)
	at com.kms.katalon.core.main.ScriptEngine.runScriptAsRawText(ScriptEngine.java:119)
	at com.kms.katalon.core.main.TestCaseExecutor.runScript(TestCaseExecutor.java:448)
	at com.kms.katalon.core.main.TestCaseExecutor.doExecute(TestCaseExecutor.java:439)
	at com.kms.katalon.core.main.TestCaseExecutor.processExecutionPhase(TestCaseExecutor.java:418)
	at com.kms.katalon.core.main.TestCaseExecutor.accessMainPhase(TestCaseExecutor.java:410)
	at com.kms.katalon.core.main.TestCaseExecutor.execute(TestCaseExecutor.java:285)
	at com.kms.katalon.core.common.CommonExecutor.accessTestCaseMainPhase(CommonExecutor.java:65)
	at com.kms.katalon.core.main.TestSuiteExecutor.accessTestSuiteMainPhase(TestSuiteExecutor.java:148)
	at com.kms.katalon.core.main.TestSuiteExecutor.execute(TestSuiteExecutor.java:106)
	at com.kms.katalon.core.main.TestCaseMain.startTestSuite(TestCaseMain.java:187)
	at com.kms.katalon.core.main.TestCaseMain$startTestSuite$0.call(Unknown Source)
	at TempTestSuite1695292222153.run(TempTestSuite1695292222153.groovy:36)
Caused by: java.net.SocketTimeoutException: timeout
	at okio.Okio$4.newTimeoutException(Okio.java:232)
	at okio.AsyncTimeout.exit(AsyncTimeout.java:275)
	at okio.AsyncTimeout$1.write(AsyncTimeout.java:186)
	at okio.RealBufferedSink.flush(RealBufferedSink.java:224)
	at okhttp3.internal.http1.Http1Codec.finishRequest(Http1Codec.java:166)
	at okhttp3.internal.http.CallServerInterceptor.intercept(CallServerInterceptor.java:84)
	at okhttp3.internal.http.RealInterceptorChain.proceed(RealInterceptorChain.java:147)
	at okhttp3.internal.http.RealInterceptorChain.proceed(RealInterceptorChain.java:121)
	at org.openqa.selenium.remote.internal.OkHttpClient$Factory$1.lambda$createClient$1(OkHttpClient.java:152)
	at okhttp3.internal.http.RealInterceptorChain.proceed(RealInterceptorChain.java:147)
	at okhttp3.internal.connection.ConnectInterceptor.intercept(ConnectInterceptor.java:45)
	at okhttp3.internal.http.RealInterceptorChain.proceed(RealInterceptorChain.java:147)
	at okhttp3.internal.http.RealInterceptorChain.proceed(RealInterceptorChain.java:121)
	at okhttp3.internal.cache.CacheInterceptor.intercept(CacheInterceptor.java:93)
	at okhttp3.internal.http.RealInterceptorChain.proceed(RealInterceptorChain.java:147)
	at okhttp3.internal.http.RealInterceptorChain.proceed(RealInterceptorChain.java:121)
	at okhttp3.internal.http.BridgeInterceptor.intercept(BridgeInterceptor.java:93)
	at okhttp3.internal.http.RealInterceptorChain.proceed(RealInterceptorChain.java:147)
	at okhttp3.internal.http.RetryAndFollowUpInterceptor.intercept(RetryAndFollowUpInterceptor.java:126)
	at okhttp3.internal.http.RealInterceptorChain.proceed(RealInterceptorChain.java:147)
	at okhttp3.internal.http.RealInterceptorChain.proceed(RealInterceptorChain.java:121)
	at okhttp3.RealCall.getResponseWithInterceptorChain(RealCall.java:200)
	at okhttp3.RealCall.execute(RealCall.java:77)
	at org.openqa.selenium.remote.internal.OkHttpClient.execute(OkHttpClient.java:103)
	at org.openqa.selenium.remote.HttpCommandExecutor.execute(HttpCommandExecutor.java:155)
	at io.appium.java_client.remote.AppiumCommandExecutor.execute(AppiumCommandExecutor.java:239)
	at org.openqa.selenium.remote.RemoteWebDriver.execute(RemoteWebDriver.java:552)
	at io.appium.java_client.DefaultGenericMobileDriver.execute(DefaultGenericMobileDriver.java:46)
	at io.appium.java_client.AppiumDriver.execute(AppiumDriver.java:1)
	at io.appium.java_client.android.AndroidDriver.execute(AndroidDriver.java:1)
	at com.kms.katalon.core.appium.driver.SwipeableAndroidDriver.execute(SwipeableAndroidDriver.java:1)
	at org.openqa.selenium.remote.RemoteWebDriver$RemoteWebDriverOptions$RemoteWindow.getSize(RemoteWebDriver.java:813)
	at org.openqa.selenium.WebDriver$Window$getSize.call(Unknown Source)
	at com.kms.katalon.core.mobile.keyword.internal.MobileAbstractKeyword.findElement(MobileAbstractKeyword.groovy:81)
	at com.kms.katalon.core.mobile.keyword.builtin.TapKeyword.access$1(TapKeyword.groovy)
	at com.kms.katalon.core.mobile.keyword.builtin.TapKeyword$_tap_closure1.doCall(TapKeyword.groovy:76)
	at com.kms.katalon.core.mobile.keyword.builtin.TapKeyword$_tap_closure1.call(TapKeyword.groovy)
	at com.kms.katalon.core.mobile.keyword.internal.MobileKeywordMain.runKeyword(MobileKeywordMain.groovy:21)
	at com.kms.katalon.core.mobile.keyword.builtin.TapKeyword.tap(TapKeyword.groovy:84)
	at com.kms.katalon.core.mobile.keyword.builtin.TapKeyword.execute(TapKeyword.groovy:68)
	at com.kms.katalon.core.keyword.internal.KeywordExecutor.executeKeywordForPlatform(KeywordExecutor.groovy:74)
	at com.kms.katalon.core.mobile.keyword.MobileBuiltInKeywords.tap(MobileBuiltInKeywords.groovy:1490)
	at com.kms.katalon.core.mobile.keyword.MobileBuiltInKeywords$tap$1.call(Unknown Source)
	at Script1690797931709.run(Script1690797931709.groovy:20)
	... 13 more
)
	at com.kms.katalon.core.keyword.internal.KeywordMain.stepFailed(KeywordMain.groovy:51)
	at com.kms.katalon.core.mobile.keyword.internal.MobileKeywordMain.stepFailed(MobileKeywordMain.groovy:40)
	at com.kms.katalon.core.mobile.keyword.internal.MobileKeywordMain.runKeyword(MobileKeywordMain.groovy:23)
	at com.kms.katalon.core.mobile.keyword.builtin.TapKeyword.tap(TapKeyword.groovy:84)
	at com.kms.katalon.core.mobile.keyword.builtin.TapKeyword.execute(TapKeyword.groovy:68)
	at com.kms.katalon.core.keyword.internal.KeywordExecutor.executeKeywordForPlatform(KeywordExecutor.groovy:74)
	at com.kms.katalon.core.mobile.keyword.MobileBuiltInKeywords.tap(MobileBuiltInKeywords.groovy:1490)
	at com.kms.katalon.core.mobile.keyword.MobileBuiltInKeywords$tap$1.call(Unknown Source)
	at About.run(About:20)
	at com.kms.katalon.core.main.ScriptEngine.run(ScriptEngine.java:194)
	at com.kms.katalon.core.main.ScriptEngine.runScriptAsRawText(ScriptEngine.java:119)
	at com.kms.katalon.core.main.TestCaseExecutor.runScript(TestCaseExecutor.java:448)
	at com.kms.katalon.core.main.TestCaseExecutor.doExecute(TestCaseExecutor.java:439)
	at com.kms.katalon.core.main.TestCaseExecutor.processExecutionPhase(TestCaseExecutor.java:418)
	at com.kms.katalon.core.main.TestCaseExecutor.accessMainPhase(TestCaseExecutor.java:410)
	at com.kms.katalon.core.main.TestCaseExecutor.execute(TestCaseExecutor.java:285)
	at com.kms.katalon.core.common.CommonExecutor.accessTestCaseMainPhase(CommonExecutor.java:65)
	at com.kms.katalon.core.main.TestSuiteExecutor.accessTestSuiteMainPhase(TestSuiteExecutor.java:148)
	at com.kms.katalon.core.main.TestSuiteExecutor.execute(TestSuiteExecutor.java:106)
	at com.kms.katalon.core.main.TestCaseMain.startTestSuite(TestCaseMain.java:187)
	at com.kms.katalon.core.main.TestCaseMain$startTestSuite$0.call(Unknown Source)
	at TempTestSuite1695292222153.run(TempTestSuite1695292222153.groovy:36)
Caused by: org.openqa.selenium.WebDriverException: java.net.SocketTimeoutException: timeout
Build info: version: '3.141.59', revision: 'e82be7d358', time: '2018-11-14T08:25:53'
System info: host: 'DESKTOP-EE3F8H4', ip: '192.168.234.1', os.name: 'Windows 10', os.arch: 'amd64', os.version: '10.0', java.version: '1.8.0_362'
Driver info: driver.version: SwipeableAndroidDriver
	at io.appium.java_client.remote.AppiumCommandExecutor.execute(AppiumCommandExecutor.java:254)
	at org.openqa.selenium.remote.RemoteWebDriver.execute(RemoteWebDriver.java:552)
	at io.appium.java_client.DefaultGenericMobileDriver.execute(DefaultGenericMobileDriver.java:46)
	at io.appium.java_client.AppiumDriver.execute(AppiumDriver.java:1)
	at io.appium.java_client.android.AndroidDriver.execute(AndroidDriver.java:1)
	at com.kms.katalon.core.appium.driver.SwipeableAndroidDriver.execute(SwipeableAndroidDriver.java:1)
	at org.openqa.selenium.remote.RemoteWebDriver$RemoteWebDriverOptions$RemoteWindow.getSize(RemoteWebDriver.java:813)
	at org.openqa.selenium.WebDriver$Window$getSize.call(Unknown Source)
	at com.kms.katalon.core.mobile.keyword.internal.MobileAbstractKeyword.findElement(MobileAbstractKeyword.groovy:81)
	at com.kms.katalon.core.mobile.keyword.builtin.TapKeyword.access$1(TapKeyword.groovy)
	at com.kms.katalon.core.mobile.keyword.builtin.TapKeyword$_tap_closure1.doCall(TapKeyword.groovy:76)
	at com.kms.katalon.core.mobile.keyword.builtin.TapKeyword$_tap_closure1.call(TapKeyword.groovy)
	at com.kms.katalon.core.mobile.keyword.internal.MobileKeywordMain.runKeyword(MobileKeywordMain.groovy:21)
	... 19 more
Caused by: java.net.SocketTimeoutException: timeout
	at okio.Okio$4.newTimeoutException(Okio.java:232)
	at okio.AsyncTimeout.exit(AsyncTimeout.java:275)
	at okio.AsyncTimeout$1.write(AsyncTimeout.java:186)
	at okio.RealBufferedSink.flush(RealBufferedSink.java:224)
	at okhttp3.internal.http1.Http1Codec.finishRequest(Http1Codec.java:166)
	at okhttp3.internal.http.CallServerInterceptor.intercept(CallServerInterceptor.java:84)
	at okhttp3.internal.http.RealInterceptorChain.proceed(RealInterceptorChain.java:147)
	at okhttp3.internal.http.RealInterceptorChain.proceed(RealInterceptorChain.java:121)
	at org.openqa.selenium.remote.internal.OkHttpClient$Factory$1.lambda$createClient$1(OkHttpClient.java:152)
	at okhttp3.internal.http.RealInterceptorChain.proceed(RealInterceptorChain.java:147)
	at okhttp3.internal.connection.ConnectInterceptor.intercept(ConnectInterceptor.java:45)
	at okhttp3.internal.http.RealInterceptorChain.proceed(RealInterceptorChain.java:147)
	at okhttp3.internal.http.RealInterceptorChain.proceed(RealInterceptorChain.java:121)
	at okhttp3.internal.cache.CacheInterceptor.intercept(CacheInterceptor.java:93)
	at okhttp3.internal.http.RealInterceptorChain.proceed(RealInterceptorChain.java:147)
	at okhttp3.internal.http.RealInterceptorChain.proceed(RealInterceptorChain.java:121)
	at okhttp3.internal.http.BridgeInterceptor.intercept(BridgeInterceptor.java:93)
	at okhttp3.internal.http.RealInterceptorChain.proceed(RealInterceptorChain.java:147)
	at okhttp3.internal.http.RetryAndFollowUpInterceptor.intercept(RetryAndFollowUpInterceptor.java:126)
	at okhttp3.internal.http.RealInterceptorChain.proceed(RealInterceptorChain.java:147)
	at okhttp3.internal.http.RealInterceptorChain.proceed(RealInterceptorChain.java:121)
	at okhttp3.RealCall.getResponseWithInterceptorChain(RealCall.java:200)
	at okhttp3.RealCall.execute(RealCall.java:77)
	at org.openqa.selenium.remote.internal.OkHttpClient.execute(OkHttpClient.java:103)
	at org.openqa.selenium.remote.HttpCommandExecutor.execute(HttpCommandExecutor.java:155)
	at io.appium.java_client.remote.AppiumCommandExecutor.execute(AppiumCommandExecutor.java:239)
	... 31 more]]></system-err>
   </testsuite>
</testsuites>
