<?xml version="1.0" encoding="UTF-8"?>
<testsuites name="Sync" time="275.545" tests="2" failures="0" errors="0">
   <testsuite name="Sync" tests="2" failures="0" errors="0" time="275.545" skipped="0" timestamp="2023-08-08 11:16:46" hostname="Amarir - DESKTOP-EE3F8H4" id="Test Suites/Sync">
      <properties>
         <property name="deviceName" value="samsung SM-N975F (Android 12)"/>
         <property name="devicePlatform" value=""/>
         <property name="logFolder" value="C:\\Users\\Amarir\\git\\IS_Katalon_Lite_Version\\Reports\\20230808_111629\\Sync\\20230808_111629"/>
         <property name="logFiles" value="C:\\Users\\Amarir\\git\\IS_Katalon_Lite_Version\\Reports\\20230808_111629\\Sync\\20230808_111629\\appium.log, C:\\Users\\Amarir\\git\\IS_Katalon_Lite_Version\\Reports\\20230808_111629\\Sync\\20230808_111629\\execution0.log"/>
         <property name="attachments" value=""/>
         <property name="hostName" value="Amarir - DESKTOP-EE3F8H4"/>
         <property name="os" value="Windows 10 64bit"/>
         <property name="appiumServerStatus" value="{&quot;value&quot;:{&quot;build&quot;:{&quot;version&quot;:&quot;1.22.0&quot;}},&quot;sessionId&quot;:null,&quot;status&quot;:0}"/>
         <property name="katalonVersion" value="8.6.0.208"/>
         <property name="deviceOS" value="Android"/>
         <property name="appiumVersion" value="1.22.0"/>
         <property name="deviceModel" value="SM-N975F"/>
         <property name="hostAddress" value="192.168.234.1"/>
         <property name="deviceManufacturer" value="samsung"/>
         <property name="deviceId" value="RF8N307NKZV"/>
         <property name="deviceName" value="samsung SM-N975F (Android 12)"/>
         <property name="deviceOSVersion" value="12"/>
      </properties>
      <testcase name="Test Cases/User Managemenet/Login" time="63.098" classname="Test Cases/User Managemenet/Login" status="PASSED">
         <system-out><![CDATA[2023-08-08 11:16:47 - [TEST_CASE][PASSED] - Test Cases/User Managemenet/Login: Test Cases/User Managemenet/Login

2023-08-08 11:16:49 - [TEST_STEP][PASSED] - startApplication(APK, true): Started app at: 'C:\Users\Amarir\Downloads\APK\IS\IS_76.apk'

2023-08-08 11:16:50 - [MESSAGE][INFO] - Detected NodeJS location: "C:\Program Files\nodejs\node.exe"

2023-08-08 11:16:53 - [MESSAGE][INFO] - Appium server started on port 61,584

2023-08-08 11:17:33 - [MESSAGE][PASSED] - Started app at: 'C:\Users\Amarir\Downloads\APK\IS\IS_76.apk'

2023-08-08 11:17:33 - [TEST_STEP][PASSED] - setText(findTestObject("User Management/Login/android.widget.EditText - username"), LoginCreds.get("username"), 30): Text 'Katalon' has been set to element 'Object Repository/User Management/Login/android.widget.EditText - username'

2023-08-08 11:17:41 - [MESSAGE][PASSED] - Text 'Katalon' has been set to element 'Object Repository/User Management/Login/android.widget.EditText - username'

2023-08-08 11:17:41 - [TEST_STEP][PASSED] - setText(findTestObject("User Management/Login/android.widget.EditText - password"), LoginCreds.get("password"), 30): Text 'eKare123@' has been set to element 'Object Repository/User Management/Login/android.widget.EditText - password'

2023-08-08 11:17:43 - [MESSAGE][PASSED] - Text 'eKare123@' has been set to element 'Object Repository/User Management/Login/android.widget.EditText - password'

2023-08-08 11:17:43 - [TEST_STEP][PASSED] - tap(findTestObject("User Management/Login/android.view.ViewGroup - sign in"), 30): Tapped on element 'Object Repository/User Management/Login/android.view.ViewGroup - sign in'

2023-08-08 11:17:43 - [MESSAGE][PASSED] - Tapped on element 'Object Repository/User Management/Login/android.view.ViewGroup - sign in'

2023-08-08 11:17:43 - [TEST_STEP][PASSED] - tap(findTestObject("Object Repository/User Management/Login/android.widget.TextView - Katalon"), 30): Tapped on element 'Object Repository/User Management/Login/android.widget.TextView - Katalon'

2023-08-08 11:17:45 - [MESSAGE][PASSED] - Tapped on element 'Object Repository/User Management/Login/android.widget.TextView - Katalon'

2023-08-08 11:17:45 - [TEST_STEP][PASSED] - delay(2, STOP_ON_FAILURE): Delayed 2 second(s)

2023-08-08 11:17:47 - [MESSAGE][PASSED] - Delayed 2 second(s)

2023-08-08 11:17:47 - [TEST_STEP][PASSED] - verifyElementExist(findTestObject("Object Repository/User Management/Login/android.widget.TextView - Patient Directory"), 30): Element 'Object Repository/User Management/Login/android.widget.TextView - Patient Directory' is exist

2023-08-08 11:17:50 - [MESSAGE][PASSED] - Element 'Object Repository/User Management/Login/android.widget.TextView - Patient Directory' is exist]]></system-out>
         <system-err><![CDATA[]]></system-err>
      </testcase>
      <testcase name="Test Cases/Synchronization and Offline Use/Automatic sync mode" time="211.491" classname="Test Cases/Synchronization and Offline Use/Automatic sync mode" status="PASSED">
         <system-out><![CDATA[2023-08-08 11:17:50 - [TEST_CASE][PASSED] - Test Cases/Synchronization and Offline Use/Automatic sync mode: Test Cases/Synchronization and Offline Use/Automatic sync mode

2023-08-08 11:17:51 - [TEST_STEP][PASSED] - delay(60, STOP_ON_FAILURE): Delayed 60 second(s)

2023-08-08 11:18:51 - [MESSAGE][PASSED] - Delayed 60 second(s)

2023-08-08 11:18:51 - [TEST_STEP][PASSED] - toggleWifi("off", STOP_ON_FAILURE): Toggled wifi

2023-08-08 11:18:53 - [MESSAGE][PASSED] - Toggled wifi

2023-08-08 11:18:53 - [TEST_STEP][PASSED] - tap(findTestObject("Synchronization and Offline Use/Automatic sync mode/android.view.ViewGroup - add patient"), 30): Tapped on element 'Object Repository/Synchronization and Offline Use/Automatic sync mode/android.view.ViewGroup - add patient'

2023-08-08 11:18:54 - [MESSAGE][PASSED] - Tapped on element 'Object Repository/Synchronization and Offline Use/Automatic sync mode/android.view.ViewGroup - add patient'

2023-08-08 11:18:54 - [TEST_STEP][PASSED] - setText(findTestObject("Object Repository/Synchronization and Offline Use/Automatic sync mode/android.widget.EditText - First name"), "Test", 30): Text 'Test' has been set to element 'Object Repository/Synchronization and Offline Use/Automatic sync mode/android.widget.EditText - First name'

2023-08-08 11:18:56 - [MESSAGE][PASSED] - Text 'Test' has been set to element 'Object Repository/Synchronization and Offline Use/Automatic sync mode/android.widget.EditText - First name'

2023-08-08 11:18:56 - [TEST_STEP][PASSED] - setText(findTestObject("Object Repository/Synchronization and Offline Use/Automatic sync mode/android.widget.EditText - Last name"), "Sync", 30): Text 'Sync' has been set to element 'Object Repository/Synchronization and Offline Use/Automatic sync mode/android.widget.EditText - Last name'

2023-08-08 11:18:57 - [MESSAGE][PASSED] - Text 'Sync' has been set to element 'Object Repository/Synchronization and Offline Use/Automatic sync mode/android.widget.EditText - Last name'

2023-08-08 11:18:57 - [TEST_STEP][PASSED] - setText(findTestObject("Object Repository/Synchronization and Offline Use/Automatic sync mode/android.widget.EditText - Date of birth (ddmmyyyy)"), "01/09/1990", 30): Text '01/09/1990' has been set to element 'Object Repository/Synchronization and Offline Use/Automatic sync mode/android.widget.EditText - Date of birth (ddmmyyyy)'

2023-08-08 11:18:59 - [MESSAGE][PASSED] - Text '01/09/1990' has been set to element 'Object Repository/Synchronization and Offline Use/Automatic sync mode/android.widget.EditText - Date of birth (ddmmyyyy)'

2023-08-08 11:18:59 - [TEST_STEP][PASSED] - setText(findTestObject("Object Repository/Synchronization and Offline Use/Automatic sync mode/android.widget.EditText - MRN"), "00ui", 30): Text '00ui' has been set to element 'Object Repository/Synchronization and Offline Use/Automatic sync mode/android.widget.EditText - MRN'

2023-08-08 11:19:01 - [MESSAGE][PASSED] - Text '00ui' has been set to element 'Object Repository/Synchronization and Offline Use/Automatic sync mode/android.widget.EditText - MRN'

2023-08-08 11:19:01 - [TEST_STEP][PASSED] - tap(findTestObject("Object Repository/Synchronization and Offline Use/Automatic sync mode/android.widget.TextView - Save"), 30): Tapped on element 'Object Repository/Synchronization and Offline Use/Automatic sync mode/android.widget.TextView - Save'

2023-08-08 11:19:01 - [MESSAGE][PASSED] - Tapped on element 'Object Repository/Synchronization and Offline Use/Automatic sync mode/android.widget.TextView - Save'

2023-08-08 11:19:01 - [TEST_STEP][PASSED] - verifyElementText(findTestObject("Object Repository/Synchronization and Offline Use/Automatic sync mode/android.widget.TextView - Patient created successfully"), "Patient created successfully"): Actual text and expected text of test object 'Object Repository/Synchronization and Offline Use/Automatic sync mode/android.widget.TextView - Patient created successfully' are matched.

2023-08-08 11:19:02 - [MESSAGE][PASSED] - Actual text and expected text of test object 'Object Repository/Synchronization and Offline Use/Automatic sync mode/android.widget.TextView - Patient created successfully' are matched.

2023-08-08 11:19:02 - [TEST_STEP][PASSED] - tap(findTestObject("Object Repository/Synchronization and Offline Use/Automatic sync mode/android.widget.Button - OK"), 30): Tapped on element 'Object Repository/Synchronization and Offline Use/Automatic sync mode/android.widget.Button - OK'

2023-08-08 11:19:03 - [MESSAGE][PASSED] - Tapped on element 'Object Repository/Synchronization and Offline Use/Automatic sync mode/android.widget.Button - OK'

2023-08-08 11:19:03 - [TEST_STEP][PASSED] - verifyElementText(findTestObject("Object Repository/Synchronization and Offline Use/Automatic sync mode/android.widget.TextView - Sync, Test"), "Sync, Test"): Actual text and expected text of test object 'Object Repository/Synchronization and Offline Use/Automatic sync mode/android.widget.TextView - Sync, Test' are matched.

2023-08-08 11:19:04 - [MESSAGE][PASSED] - Actual text and expected text of test object 'Object Repository/Synchronization and Offline Use/Automatic sync mode/android.widget.TextView - Sync, Test' are matched.

2023-08-08 11:19:04 - [TEST_STEP][PASSED] - verifyElementText(findTestObject("Object Repository/Synchronization and Offline Use/Automatic sync mode/android.widget.TextView - MRN 00ui"), "MRN: 00ui"): Actual text and expected text of test object 'Object Repository/Synchronization and Offline Use/Automatic sync mode/android.widget.TextView - MRN 00ui' are matched.

2023-08-08 11:19:04 - [MESSAGE][PASSED] - Actual text and expected text of test object 'Object Repository/Synchronization and Offline Use/Automatic sync mode/android.widget.TextView - MRN 00ui' are matched.

2023-08-08 11:19:04 - [TEST_STEP][PASSED] - tap(findTestObject("Synchronization and Offline Use/Automatic sync mode/android.widget.TextView - MRN 00ui"), 30): Tapped on element 'Object Repository/Synchronization and Offline Use/Automatic sync mode/android.widget.TextView - MRN 00ui'

2023-08-08 11:19:04 - [MESSAGE][PASSED] - Tapped on element 'Object Repository/Synchronization and Offline Use/Automatic sync mode/android.widget.TextView - MRN 00ui'

2023-08-08 11:19:04 - [TEST_STEP][PASSED] - tap(findTestObject("Object Repository/Wound Management/Add Wound/android.widget.ImageView - add wound"), 30): Tapped on element 'Object Repository/Wound Management/Add Wound/android.widget.ImageView - add wound'

2023-08-08 11:19:05 - [MESSAGE][PASSED] - Tapped on element 'Object Repository/Wound Management/Add Wound/android.widget.ImageView - add wound'

2023-08-08 11:19:05 - [TEST_STEP][PASSED] - tap(findTestObject("Object Repository/Wound Management/Add Wound/android.widget.TextView - Next"), 30): Tapped on element 'Object Repository/Wound Management/Add Wound/android.widget.TextView - Next'

2023-08-08 11:19:06 - [MESSAGE][PASSED] - Tapped on element 'Object Repository/Wound Management/Add Wound/android.widget.TextView - Next'

2023-08-08 11:19:06 - [TEST_STEP][PASSED] - tap(findTestObject("Object Repository/Wound Management/Add Wound/android.widget.TextView - Save"), 30): Tapped on element 'Object Repository/Wound Management/Add Wound/android.widget.TextView - Save'

2023-08-08 11:19:07 - [MESSAGE][PASSED] - Tapped on element 'Object Repository/Wound Management/Add Wound/android.widget.TextView - Save'

2023-08-08 11:19:07 - [TEST_STEP][PASSED] - verifyElementExist(findTestObject("Object Repository/Wound Management/Add Wound/android.view.ViewGroup (2)"), 30): Element 'Object Repository/Wound Management/Add Wound/android.view.ViewGroup (2)' is exist

2023-08-08 11:19:08 - [MESSAGE][PASSED] - Element 'Object Repository/Wound Management/Add Wound/android.view.ViewGroup (2)' is exist

2023-08-08 11:19:08 - [TEST_STEP][PASSED] - tap(findTestObject("Wound Management/Add Wound/android.view.ViewGroup (2)"), 30): Tapped on element 'Object Repository/Wound Management/Add Wound/android.view.ViewGroup (2)'

2023-08-08 11:19:09 - [MESSAGE][PASSED] - Tapped on element 'Object Repository/Wound Management/Add Wound/android.view.ViewGroup (2)'

2023-08-08 11:19:09 - [TEST_STEP][PASSED] - verifyElementText(findTestObject("Object Repository/Wound Assessment/Add Assessment/android.widget.TextView - Assessment"), "Assessment"): Actual text and expected text of test object 'Object Repository/Wound Assessment/Add Assessment/android.widget.TextView - Assessment' are matched.

2023-08-08 11:19:39 - [MESSAGE][PASSED] - Actual text and expected text of test object 'Object Repository/Wound Assessment/Add Assessment/android.widget.TextView - Assessment' are matched.

2023-08-08 11:19:39 - [TEST_STEP][PASSED] - tap(findTestObject("Wound Assessment/Add Assessment/android.widget.TextView - Assessment"), 30): Tapped on element 'Object Repository/Wound Assessment/Add Assessment/android.widget.TextView - Assessment'

2023-08-08 11:20:09 - [MESSAGE][PASSED] - Tapped on element 'Object Repository/Wound Assessment/Add Assessment/android.widget.TextView - Assessment'

2023-08-08 11:20:09 - [TEST_STEP][PASSED] - verifyElementExist(findTestObject("Object Repository/Wound Assessment/Add Assessment/android.widget.ImageView - add Assessement"), 30): Element 'Object Repository/Wound Assessment/Add Assessment/android.widget.ImageView - add Assessement' is exist

2023-08-08 11:20:11 - [MESSAGE][PASSED] - Element 'Object Repository/Wound Assessment/Add Assessment/android.widget.ImageView - add Assessement' is exist

2023-08-08 11:20:11 - [TEST_STEP][PASSED] - tap(findTestObject("Object Repository/Wound Assessment/Add Assessment/android.widget.ImageView - add Assessement"), 30): Tapped on element 'Object Repository/Wound Assessment/Add Assessment/android.widget.ImageView - add Assessement'

2023-08-08 11:20:11 - [MESSAGE][PASSED] - Tapped on element 'Object Repository/Wound Assessment/Add Assessment/android.widget.ImageView - add Assessement'

2023-08-08 11:20:11 - [TEST_STEP][PASSED] - tap(findTestObject("Object Repository/Wound Assessment/Add Assessment/android.widget.TextView - WOUND EDGE"), 30): Tapped on element 'Object Repository/Wound Assessment/Add Assessment/android.widget.TextView - WOUND EDGE'

2023-08-08 11:20:12 - [MESSAGE][PASSED] - Tapped on element 'Object Repository/Wound Assessment/Add Assessment/android.widget.TextView - WOUND EDGE'

2023-08-08 11:20:12 - [TEST_STEP][PASSED] - tap(findTestObject("Object Repository/Wound Assessment/Add Assessment/android.widget.TextView - Rolled"), 30): Tapped on element 'Object Repository/Wound Assessment/Add Assessment/android.widget.TextView - Rolled'

2023-08-08 11:20:13 - [MESSAGE][PASSED] - Tapped on element 'Object Repository/Wound Assessment/Add Assessment/android.widget.TextView - Rolled'

2023-08-08 11:20:13 - [TEST_STEP][PASSED] - tap(findTestObject("Object Repository/Wound Assessment/Add Assessment/android.widget.TextView - PERI WOUND SKIN"), 30): Tapped on element 'Object Repository/Wound Assessment/Add Assessment/android.widget.TextView - PERI WOUND SKIN'

2023-08-08 11:20:14 - [MESSAGE][PASSED] - Tapped on element 'Object Repository/Wound Assessment/Add Assessment/android.widget.TextView - PERI WOUND SKIN'

2023-08-08 11:20:14 - [TEST_STEP][PASSED] - tap(findTestObject("Object Repository/Wound Assessment/Add Assessment/android.widget.TextView - Oedema"), 30): Tapped on element 'Object Repository/Wound Assessment/Add Assessment/android.widget.TextView - Oedema'

2023-08-08 11:20:15 - [MESSAGE][PASSED] - Tapped on element 'Object Repository/Wound Assessment/Add Assessment/android.widget.TextView - Oedema'

2023-08-08 11:20:15 - [TEST_STEP][PASSED] - tap(findTestObject("Object Repository/Wound Assessment/Add Assessment/android.widget.TextView - PERI WOUND SKIN (1)"), 30): Tapped on element 'Object Repository/Wound Assessment/Add Assessment/android.widget.TextView - PERI WOUND SKIN (1)'

2023-08-08 11:20:16 - [MESSAGE][PASSED] - Tapped on element 'Object Repository/Wound Assessment/Add Assessment/android.widget.TextView - PERI WOUND SKIN (1)'

2023-08-08 11:20:16 - [TEST_STEP][PASSED] - tap(findTestObject("Object Repository/Wound Assessment/Add Assessment/android.widget.TextView - PAIN"), 30): Tapped on element 'Object Repository/Wound Assessment/Add Assessment/android.widget.TextView - PAIN'

2023-08-08 11:20:17 - [MESSAGE][PASSED] - Tapped on element 'Object Repository/Wound Assessment/Add Assessment/android.widget.TextView - PAIN'

2023-08-08 11:20:17 - [TEST_STEP][PASSED] - tap(findTestObject("Object Repository/Wound Assessment/Add Assessment/android.widget.SeekBar - 0.0"), 30): Tapped on element 'Object Repository/Wound Assessment/Add Assessment/android.widget.SeekBar - 0.0'

2023-08-08 11:20:18 - [MESSAGE][PASSED] - Tapped on element 'Object Repository/Wound Assessment/Add Assessment/android.widget.SeekBar - 0.0'

2023-08-08 11:20:18 - [TEST_STEP][PASSED] - tap(findTestObject("Wound Assessment/Add Assessment/android.widget.TextView - PAIN"), 30): Tapped on element 'Object Repository/Wound Assessment/Add Assessment/android.widget.TextView - PAIN'

2023-08-08 11:20:19 - [MESSAGE][PASSED] - Tapped on element 'Object Repository/Wound Assessment/Add Assessment/android.widget.TextView - PAIN'

2023-08-08 11:20:19 - [TEST_STEP][PASSED] - tap(findTestObject("Object Repository/Wound Assessment/Add Assessment/android.widget.TextView - DRAINAGE"), 30): Tapped on element 'Object Repository/Wound Assessment/Add Assessment/android.widget.TextView - DRAINAGE'

2023-08-08 11:20:21 - [MESSAGE][PASSED] - Tapped on element 'Object Repository/Wound Assessment/Add Assessment/android.widget.TextView - DRAINAGE'

2023-08-08 11:20:21 - [TEST_STEP][PASSED] - tap(findTestObject("Object Repository/Wound Assessment/Add Assessment/android.widget.TextView - Minimum"), 30): Tapped on element 'Object Repository/Wound Assessment/Add Assessment/android.widget.TextView - Minimum'

2023-08-08 11:20:22 - [MESSAGE][PASSED] - Tapped on element 'Object Repository/Wound Assessment/Add Assessment/android.widget.TextView - Minimum'

2023-08-08 11:20:22 - [TEST_STEP][PASSED] - tap(findTestObject("Wound Assessment/Add Assessment/android.widget.TextView - DRAINAGE"), 30): Tapped on element 'Object Repository/Wound Assessment/Add Assessment/android.widget.TextView - DRAINAGE'

2023-08-08 11:20:23 - [MESSAGE][PASSED] - Tapped on element 'Object Repository/Wound Assessment/Add Assessment/android.widget.TextView - DRAINAGE'

2023-08-08 11:20:23 - [TEST_STEP][PASSED] - tap(findTestObject("Object Repository/Wound Assessment/Add Assessment/android.widget.TextView - PRESSURE INJURY STAGING"), 30): Tapped on element 'Object Repository/Wound Assessment/Add Assessment/android.widget.TextView - PRESSURE INJURY STAGING'

2023-08-08 11:20:24 - [MESSAGE][PASSED] - Tapped on element 'Object Repository/Wound Assessment/Add Assessment/android.widget.TextView - PRESSURE INJURY STAGING'

2023-08-08 11:20:24 - [TEST_STEP][PASSED] - tap(findTestObject("Object Repository/Wound Assessment/Add Assessment/android.view.ViewGroup - stage II"), 30): Tapped on element 'Object Repository/Wound Assessment/Add Assessment/android.view.ViewGroup - stage II'

2023-08-08 11:20:25 - [MESSAGE][PASSED] - Tapped on element 'Object Repository/Wound Assessment/Add Assessment/android.view.ViewGroup - stage II'

2023-08-08 11:20:25 - [TEST_STEP][PASSED] - tap(findTestObject("Wound Assessment/Add Assessment/android.widget.TextView - PRESSURE INJURY STAGING"), 30): Tapped on element 'Object Repository/Wound Assessment/Add Assessment/android.widget.TextView - PRESSURE INJURY STAGING'

2023-08-08 11:20:25 - [MESSAGE][PASSED] - Tapped on element 'Object Repository/Wound Assessment/Add Assessment/android.widget.TextView - PRESSURE INJURY STAGING'

2023-08-08 11:20:25 - [TEST_STEP][PASSED] - tap(findTestObject("Object Repository/Wound Assessment/Add Assessment/android.widget.TextView - ODOR"), 30): Tapped on element 'Object Repository/Wound Assessment/Add Assessment/android.widget.TextView - ODOR'

2023-08-08 11:20:26 - [MESSAGE][PASSED] - Tapped on element 'Object Repository/Wound Assessment/Add Assessment/android.widget.TextView - ODOR'

2023-08-08 11:20:26 - [TEST_STEP][PASSED] - tap(findTestObject("Object Repository/Wound Assessment/Add Assessment/android.widget.TextView - None"), 30): Tapped on element 'Object Repository/Wound Assessment/Add Assessment/android.widget.TextView - None'

2023-08-08 11:20:28 - [MESSAGE][PASSED] - Tapped on element 'Object Repository/Wound Assessment/Add Assessment/android.widget.TextView - None'

2023-08-08 11:20:28 - [TEST_STEP][PASSED] - tap(findTestObject("Wound Assessment/Add Assessment/android.widget.TextView - Save"), 30): Tapped on element 'Object Repository/Wound Assessment/Add Assessment/android.widget.TextView - Save'

2023-08-08 11:20:28 - [MESSAGE][PASSED] - Tapped on element 'Object Repository/Wound Assessment/Add Assessment/android.widget.TextView - Save'

2023-08-08 11:20:28 - [TEST_STEP][PASSED] - verifyElementExist(findTestObject("Object Repository/Wound Assessment/Add Assessment/android.view.ViewGroup (1)"), 30): Element 'Object Repository/Wound Assessment/Add Assessment/android.view.ViewGroup (1)' is exist

2023-08-08 11:20:30 - [MESSAGE][PASSED] - Element 'Object Repository/Wound Assessment/Add Assessment/android.view.ViewGroup (1)' is exist

2023-08-08 11:20:30 - [TEST_STEP][PASSED] - tap(findTestObject("Treatment and WCP/Add Treatment/android.widget.TextView - Treatment"), 30): Tapped on element 'Object Repository/Treatment and WCP/Add Treatment/android.widget.TextView - Treatment'

2023-08-08 11:21:00 - [MESSAGE][PASSED] - Tapped on element 'Object Repository/Treatment and WCP/Add Treatment/android.widget.TextView - Treatment'

2023-08-08 11:21:00 - [TEST_STEP][PASSED] - verifyElementExist(findTestObject("Synchronization and Offline Use/Automatic sync mode/android.widget.ImageView - add treatment"), 30): Element 'Object Repository/Synchronization and Offline Use/Automatic sync mode/android.widget.ImageView - add treatment' is exist

2023-08-08 11:21:01 - [MESSAGE][PASSED] - Element 'Object Repository/Synchronization and Offline Use/Automatic sync mode/android.widget.ImageView - add treatment' is exist

2023-08-08 11:21:01 - [TEST_STEP][PASSED] - tap(findTestObject("Synchronization and Offline Use/Automatic sync mode/android.widget.ImageView - add treatment"), 30): Tapped on element 'Object Repository/Synchronization and Offline Use/Automatic sync mode/android.widget.ImageView - add treatment'

2023-08-08 11:21:02 - [MESSAGE][PASSED] - Tapped on element 'Object Repository/Synchronization and Offline Use/Automatic sync mode/android.widget.ImageView - add treatment'

2023-08-08 11:21:02 - [TEST_STEP][PASSED] - tap(findTestObject("Object Repository/Treatment and WCP/Add Treatment/android.widget.TextView - Next"), 30): Tapped on element 'Object Repository/Treatment and WCP/Add Treatment/android.widget.TextView - Next'

2023-08-08 11:21:03 - [MESSAGE][PASSED] - Tapped on element 'Object Repository/Treatment and WCP/Add Treatment/android.widget.TextView - Next'

2023-08-08 11:21:03 - [TEST_STEP][PASSED] - tap(findTestObject("Object Repository/Treatment and WCP/Add Treatment/android.widget.TextView - CLEANSING"), 30): Tapped on element 'Object Repository/Treatment and WCP/Add Treatment/android.widget.TextView - CLEANSING'

2023-08-08 11:21:04 - [MESSAGE][PASSED] - Tapped on element 'Object Repository/Treatment and WCP/Add Treatment/android.widget.TextView - CLEANSING'

2023-08-08 11:21:04 - [TEST_STEP][PASSED] - tap(findTestObject("Object Repository/Treatment and WCP/Add Treatment/android.widget.TextView - Acetic Acid"), 30): Tapped on element 'Object Repository/Treatment and WCP/Add Treatment/android.widget.TextView - Acetic Acid'

2023-08-08 11:21:05 - [MESSAGE][PASSED] - Tapped on element 'Object Repository/Treatment and WCP/Add Treatment/android.widget.TextView - Acetic Acid'

2023-08-08 11:21:05 - [TEST_STEP][PASSED] - tap(findTestObject("Object Repository/Treatment and WCP/Add Treatment/android.widget.TextView - OINTMENTS"), 30): Tapped on element 'Object Repository/Treatment and WCP/Add Treatment/android.widget.TextView - OINTMENTS'

2023-08-08 11:21:06 - [MESSAGE][PASSED] - Tapped on element 'Object Repository/Treatment and WCP/Add Treatment/android.widget.TextView - OINTMENTS'

2023-08-08 11:21:06 - [TEST_STEP][PASSED] - tap(findTestObject("Object Repository/Treatment and WCP/Add Treatment/android.widget.TextView - Zinc Oxide"), 30): Tapped on element 'Object Repository/Treatment and WCP/Add Treatment/android.widget.TextView - Zinc Oxide'

2023-08-08 11:21:07 - [MESSAGE][PASSED] - Tapped on element 'Object Repository/Treatment and WCP/Add Treatment/android.widget.TextView - Zinc Oxide'

2023-08-08 11:21:07 - [TEST_STEP][PASSED] - tap(findTestObject("Object Repository/Treatment and WCP/Add Treatment/android.widget.TextView - Save"), 30): Tapped on element 'Object Repository/Treatment and WCP/Add Treatment/android.widget.TextView - Save'

2023-08-08 11:21:08 - [MESSAGE][PASSED] - Tapped on element 'Object Repository/Treatment and WCP/Add Treatment/android.widget.TextView - Save'

2023-08-08 11:21:08 - [TEST_STEP][PASSED] - verifyElementText(findTestObject("Object Repository/Treatment and WCP/Add Treatment/android.widget.TextView - Acetic Acid (1)"), "Acetic Acid"): Actual text and expected text of test object 'Object Repository/Treatment and WCP/Add Treatment/android.widget.TextView - Acetic Acid (1)' are matched.

2023-08-08 11:21:09 - [MESSAGE][PASSED] - Actual text and expected text of test object 'Object Repository/Treatment and WCP/Add Treatment/android.widget.TextView - Acetic Acid (1)' are matched.

2023-08-08 11:21:09 - [TEST_STEP][PASSED] - verifyElementText(findTestObject("Object Repository/Treatment and WCP/Add Treatment/android.widget.TextView - Zinc Oxide (1)"), "Zinc Oxide"): Actual text and expected text of test object 'Object Repository/Treatment and WCP/Add Treatment/android.widget.TextView - Zinc Oxide (1)' are matched.

2023-08-08 11:21:10 - [MESSAGE][PASSED] - Actual text and expected text of test object 'Object Repository/Treatment and WCP/Add Treatment/android.widget.TextView - Zinc Oxide (1)' are matched.

2023-08-08 11:21:10 - [TEST_STEP][PASSED] - pressBack(): Press back button successfully

2023-08-08 11:21:10 - [MESSAGE][PASSED] - Press back button successfully

2023-08-08 11:21:10 - [TEST_STEP][PASSED] - pressBack(): Press back button successfully

2023-08-08 11:21:11 - [MESSAGE][PASSED] - Press back button successfully

2023-08-08 11:21:11 - [TEST_STEP][PASSED] - toggleWifi("on", STOP_ON_FAILURE): Toggled wifi

2023-08-08 11:21:12 - [MESSAGE][PASSED] - Toggled wifi

2023-08-08 11:21:12 - [TEST_STEP][PASSED] - delay(10, STOP_ON_FAILURE): Delayed 10 second(s)

2023-08-08 11:21:22 - [MESSAGE][PASSED] - Delayed 10 second(s)]]></system-out>
         <system-err><![CDATA[]]></system-err>
      </testcase>
      <system-out><![CDATA[2023-08-08 11:16:46 - [TEST_SUITE][PASSED] - Sync: Test Cases/Synchronization and Offline Use/Automatic sync mode]]></system-out>
      <system-err><![CDATA[]]></system-err>
   </testsuite>
</testsuites>
