<?xml version="1.0" encoding="UTF-8"?>
<testsuites name="Wound Management" time="316.413" tests="9" failures="1" errors="0">
   <testsuite name="Wound Management" tests="9" failures="1" errors="0" time="316.413" skipped="0" timestamp="2023-08-17 10:41:48" hostname="Amarir - DESKTOP-EE3F8H4" id="Test Suites/Wound Management">
      <properties>
         <property name="deviceName" value="samsung SM-N975F (Android 12)"/>
         <property name="devicePlatform" value=""/>
         <property name="logFolder" value="C:\\Users\\Amarir\\git\\IS_Katalon_Lite_Version\\Reports\\20230817_102719\\Wound Management\\20230817_102729"/>
         <property name="logFiles" value="C:\\Users\\Amarir\\git\\IS_Katalon_Lite_Version\\Reports\\20230817_102719\\Wound Management\\20230817_102729\\appium.log, C:\\Users\\Amarir\\git\\IS_Katalon_Lite_Version\\Reports\\20230817_102719\\Wound Management\\20230817_102729\\execution0.log"/>
         <property name="attachments" value="C:\\Users\\Amarir\\git\\IS_Katalon_Lite_Version\\Reports\\20230817_102719\\Wound Management\\20230817_102729\\1692269094589.png, C:\\Users\\Amarir\\git\\IS_Katalon_Lite_Version\\Reports\\20230817_102719\\Wound Management\\20230817_102729\\1692269125793.png, C:\\Users\\Amarir\\git\\IS_Katalon_Lite_Version\\Reports\\20230817_102719\\Wound Management\\20230817_102729\\1692269156843.png, C:\\Users\\Amarir\\git\\IS_Katalon_Lite_Version\\Reports\\20230817_102719\\Wound Management\\20230817_102729\\1692269188019.png"/>
         <property name="hostName" value="Amarir - DESKTOP-EE3F8H4"/>
         <property name="os" value="Windows 10 64bit"/>
         <property name="appiumServerStatus" value="{&quot;value&quot;:{&quot;build&quot;:{&quot;version&quot;:&quot;1.22.0&quot;}},&quot;sessionId&quot;:null,&quot;status&quot;:0}"/>
         <property name="katalonVersion" value="8.6.5.208"/>
         <property name="deviceOS" value="Android"/>
         <property name="appiumVersion" value="1.22.0"/>
         <property name="deviceModel" value="SM-N975F"/>
         <property name="hostAddress" value="192.168.234.1"/>
         <property name="deviceManufacturer" value="samsung"/>
         <property name="deviceId" value="RF8N307NKZV"/>
         <property name="deviceName" value="samsung SM-N975F (Android 12)"/>
         <property name="deviceOSVersion" value="12"/>
      </properties>
      <testcase name="Test Cases/User Managemenet/Login" time="47.345" classname="Test Cases/User Managemenet/Login" status="PASSED">
         <system-out><![CDATA[2023-08-17 10:41:49 - [TEST_CASE][PASSED] - Test Cases/User Managemenet/Login: Test Cases/User Managemenet/Login

2023-08-17 10:41:51 - [TEST_STEP][PASSED] - startApplication(APK, false): Started app at: 'C:\Users\Amarir\Downloads\APK\IS\IS_Prod_2.1.apk'

2023-08-17 10:41:54 - [MESSAGE][INFO] - Detected NodeJS location: "C:\Program Files\nodejs\node.exe"

2023-08-17 10:41:58 - [MESSAGE][INFO] - Appium server started on port 60,547

2023-08-17 10:42:23 - [MESSAGE][PASSED] - Started app at: 'C:\Users\Amarir\Downloads\APK\IS\IS_Prod_2.1.apk'

2023-08-17 10:42:23 - [TEST_STEP][PASSED] - setText(findTestObject("User Management/Login/android.widget.EditText - username"), LoginCreds.get("username"), 30): Text 'safakata' has been set to element 'Object Repository/User Management/Login/android.widget.EditText - username'

2023-08-17 10:42:28 - [MESSAGE][PASSED] - Text 'safakata' has been set to element 'Object Repository/User Management/Login/android.widget.EditText - username'

2023-08-17 10:42:28 - [TEST_STEP][PASSED] - setText(findTestObject("User Management/Login/android.widget.EditText - password"), LoginCreds.get("password"), 30): Text 'eKare123@' has been set to element 'Object Repository/User Management/Login/android.widget.EditText - password'

2023-08-17 10:42:30 - [MESSAGE][PASSED] - Text 'eKare123@' has been set to element 'Object Repository/User Management/Login/android.widget.EditText - password'

2023-08-17 10:42:30 - [TEST_STEP][PASSED] - tap(findTestObject("User Management/Login/android.view.ViewGroup - sign in"), 30): Tapped on element 'Object Repository/User Management/Login/android.view.ViewGroup - sign in'

2023-08-17 10:42:30 - [MESSAGE][PASSED] - Tapped on element 'Object Repository/User Management/Login/android.view.ViewGroup - sign in'

2023-08-17 10:42:30 - [TEST_STEP][PASSED] - tap(findTestObject("Object Repository/User Management/Login/android.widget.TextView - Katalon"), 30): Tapped on element 'Object Repository/User Management/Login/android.widget.TextView - Katalon'

2023-08-17 10:42:32 - [MESSAGE][PASSED] - Tapped on element 'Object Repository/User Management/Login/android.widget.TextView - Katalon'

2023-08-17 10:42:32 - [TEST_STEP][PASSED] - delay(2, STOP_ON_FAILURE): Delayed 2 second(s)

2023-08-17 10:42:34 - [MESSAGE][PASSED] - Delayed 2 second(s)

2023-08-17 10:42:34 - [TEST_STEP][PASSED] - verifyElementExist(findTestObject("Object Repository/User Management/Login/android.widget.TextView - Patient Directory"), 30): Element 'Object Repository/User Management/Login/android.widget.TextView - Patient Directory' is exist

2023-08-17 10:42:37 - [MESSAGE][PASSED] - Element 'Object Repository/User Management/Login/android.widget.TextView - Patient Directory' is exist]]></system-out>
         <system-err><![CDATA[]]></system-err>
      </testcase>
      <testcase name="Test Cases/Wound Management/Add Wound" time="13.252" classname="Test Cases/Wound Management/Add Wound" status="PASSED">
         <system-out><![CDATA[2023-08-17 10:42:37 - [TEST_CASE][PASSED] - Test Cases/Wound Management/Add Wound: Test Cases/Wound Management/Add Wound

2023-08-17 10:42:38 - [TEST_STEP][PASSED] - setText(findTestObject("Object Repository/Wound Management/Add Wound/android.widget.EditText - Search by Name, MRN"), "78ui", 30): Text '78ui' has been set to element 'Object Repository/Wound Management/Add Wound/android.widget.EditText - Search by Name, MRN'

2023-08-17 10:42:39 - [MESSAGE][PASSED] - Text '78ui' has been set to element 'Object Repository/Wound Management/Add Wound/android.widget.EditText - Search by Name, MRN'

2023-08-17 10:42:39 - [TEST_STEP][PASSED] - tap(findTestObject("Object Repository/Wound Management/Add Wound/android.widget.TextView - Current site"), 30): Tapped on element 'Object Repository/Wound Management/Add Wound/android.widget.TextView - Current site'

2023-08-17 10:42:40 - [MESSAGE][PASSED] - Tapped on element 'Object Repository/Wound Management/Add Wound/android.widget.TextView - Current site'

2023-08-17 10:42:40 - [TEST_STEP][PASSED] - tap(findTestObject("Object Repository/Wound Management/Add Wound/android.widget.TextView - Current site (1)"), 30): Tapped on element 'Object Repository/Wound Management/Add Wound/android.widget.TextView - Current site (1)'

2023-08-17 10:42:41 - [MESSAGE][PASSED] - Tapped on element 'Object Repository/Wound Management/Add Wound/android.widget.TextView - Current site (1)'

2023-08-17 10:42:41 - [TEST_STEP][PASSED] - tap(findTestObject("Object Repository/Wound Management/Add Wound/android.view.ViewGroup"), 30): Tapped on element 'Object Repository/Wound Management/Add Wound/android.view.ViewGroup'

2023-08-17 10:42:42 - [MESSAGE][PASSED] - Tapped on element 'Object Repository/Wound Management/Add Wound/android.view.ViewGroup'

2023-08-17 10:42:42 - [TEST_STEP][PASSED] - tap(findTestObject("Object Repository/Wound Management/Add Wound/android.widget.ImageView - add wound"), 30): Tapped on element 'Object Repository/Wound Management/Add Wound/android.widget.ImageView - add wound'

2023-08-17 10:42:44 - [MESSAGE][PASSED] - Tapped on element 'Object Repository/Wound Management/Add Wound/android.widget.ImageView - add wound'

2023-08-17 10:42:44 - [TEST_STEP][PASSED] - tap(findTestObject("Object Repository/Wound Management/Add Wound/android.widget.TextView - Next"), 30): Tapped on element 'Object Repository/Wound Management/Add Wound/android.widget.TextView - Next'

2023-08-17 10:42:45 - [MESSAGE][PASSED] - Tapped on element 'Object Repository/Wound Management/Add Wound/android.widget.TextView - Next'

2023-08-17 10:42:45 - [TEST_STEP][PASSED] - tap(findTestObject("Object Repository/Wound Management/Add Wound/android.widget.TextView - Save"), 30): Tapped on element 'Object Repository/Wound Management/Add Wound/android.widget.TextView - Save'

2023-08-17 10:42:46 - [MESSAGE][PASSED] - Tapped on element 'Object Repository/Wound Management/Add Wound/android.widget.TextView - Save'

2023-08-17 10:42:46 - [TEST_STEP][PASSED] - verifyElementExist(findTestObject("Object Repository/Wound Management/Add Wound/android.view.ViewGroup (2)"), 30): Element 'Object Repository/Wound Management/Add Wound/android.view.ViewGroup (2)' is exist

2023-08-17 10:42:49 - [MESSAGE][PASSED] - Element 'Object Repository/Wound Management/Add Wound/android.view.ViewGroup (2)' is exist

2023-08-17 10:42:49 - [TEST_STEP][PASSED] - pressBack(): Press back button successfully

2023-08-17 10:42:49 - [MESSAGE][PASSED] - Press back button successfully

2023-08-17 10:42:49 - [TEST_STEP][PASSED] - tap(findTestObject("Object Repository/Wound Management/Lock Wound/android.widget.ImageView - x"), 30): Tapped on element 'Object Repository/Wound Management/Lock Wound/android.widget.ImageView - x'

2023-08-17 10:42:50 - [MESSAGE][PASSED] - Tapped on element 'Object Repository/Wound Management/Lock Wound/android.widget.ImageView - x']]></system-out>
         <system-err><![CDATA[]]></system-err>
      </testcase>
      <testcase name="Test Cases/Wound Management/Edit Wound" time="25.189" classname="Test Cases/Wound Management/Edit Wound" status="PASSED">
         <system-out><![CDATA[2023-08-17 10:42:50 - [TEST_CASE][PASSED] - Test Cases/Wound Management/Edit Wound: Test Cases/Wound Management/Edit Wound

2023-08-17 10:42:51 - [TEST_STEP][PASSED] - setText(findTestObject("Object Repository/Wound Management/Edit Wound/android.widget.EditText - Search by Name, MRN"), "86ui", 30): Text '86ui' has been set to element 'Object Repository/Wound Management/Edit Wound/android.widget.EditText - Search by Name, MRN'

2023-08-17 10:42:52 - [MESSAGE][PASSED] - Text '86ui' has been set to element 'Object Repository/Wound Management/Edit Wound/android.widget.EditText - Search by Name, MRN'

2023-08-17 10:42:52 - [TEST_STEP][PASSED] - tap(findTestObject("Object Repository/Wound Management/Edit Wound/android.widget.TextView - Current site"), 30): Tapped on element 'Object Repository/Wound Management/Edit Wound/android.widget.TextView - Current site'

2023-08-17 10:42:53 - [MESSAGE][PASSED] - Tapped on element 'Object Repository/Wound Management/Edit Wound/android.widget.TextView - Current site'

2023-08-17 10:42:53 - [TEST_STEP][PASSED] - tap(findTestObject("Object Repository/Wound Management/Edit Wound/android.widget.TextView - Current site (1)"), 30): Tapped on element 'Object Repository/Wound Management/Edit Wound/android.widget.TextView - Current site (1)'

2023-08-17 10:42:54 - [MESSAGE][PASSED] - Tapped on element 'Object Repository/Wound Management/Edit Wound/android.widget.TextView - Current site (1)'

2023-08-17 10:42:54 - [TEST_STEP][PASSED] - tap(findTestObject("Object Repository/Wound Management/Edit Wound/android.view.ViewGroup"), 30): Tapped on element 'Object Repository/Wound Management/Edit Wound/android.view.ViewGroup'

2023-08-17 10:42:55 - [MESSAGE][PASSED] - Tapped on element 'Object Repository/Wound Management/Edit Wound/android.view.ViewGroup'

2023-08-17 10:42:55 - [TEST_STEP][PASSED] - verifyElementExist(findTestObject("Object Repository/Wound Management/Edit Wound/android.view.ViewGroup - wound"), 30): Element 'Object Repository/Wound Management/Edit Wound/android.view.ViewGroup - wound' is exist

2023-08-17 10:42:57 - [MESSAGE][PASSED] - Element 'Object Repository/Wound Management/Edit Wound/android.view.ViewGroup - wound' is exist

2023-08-17 10:42:57 - [TEST_STEP][PASSED] - tap(findTestObject("Object Repository/Wound Management/Edit Wound/android.view.ViewGroup - wound"), 30): Tapped on element 'Object Repository/Wound Management/Edit Wound/android.view.ViewGroup - wound'

2023-08-17 10:42:58 - [MESSAGE][PASSED] - Tapped on element 'Object Repository/Wound Management/Edit Wound/android.view.ViewGroup - wound'

2023-08-17 10:42:58 - [TEST_STEP][PASSED] - tap(findTestObject("Wound Management/Edit Wound/android.widget.ImageView - MENU (1)"), 30): Tapped on element 'Object Repository/Wound Management/Edit Wound/android.widget.ImageView - MENU (1)'

2023-08-17 10:43:01 - [MESSAGE][PASSED] - Tapped on element 'Object Repository/Wound Management/Edit Wound/android.widget.ImageView - MENU (1)'

2023-08-17 10:43:01 - [TEST_STEP][PASSED] - tap(findTestObject("Object Repository/Wound Management/Edit Wound/android.widget.TextView - Edit wound"), 30): Tapped on element 'Object Repository/Wound Management/Edit Wound/android.widget.TextView - Edit wound'

2023-08-17 10:43:02 - [MESSAGE][PASSED] - Tapped on element 'Object Repository/Wound Management/Edit Wound/android.widget.TextView - Edit wound'

2023-08-17 10:43:02 - [TEST_STEP][PASSED] - tap(findTestObject("Object Repository/Wound Management/Edit Wound/android.view.ViewGroup - secondary wound type"), 30): Tapped on element 'Object Repository/Wound Management/Edit Wound/android.view.ViewGroup - secondary wound type'

2023-08-17 10:43:03 - [MESSAGE][PASSED] - Tapped on element 'Object Repository/Wound Management/Edit Wound/android.view.ViewGroup - secondary wound type'

2023-08-17 10:43:03 - [TEST_STEP][PASSED] - tap(findTestObject("Object Repository/Wound Management/Edit Wound/android.widget.TextView - Stage III"), 30): Tapped on element 'Object Repository/Wound Management/Edit Wound/android.widget.TextView - Stage III'

2023-08-17 10:43:04 - [MESSAGE][PASSED] - Tapped on element 'Object Repository/Wound Management/Edit Wound/android.widget.TextView - Stage III'

2023-08-17 10:43:04 - [TEST_STEP][PASSED] - tap(findTestObject("Object Repository/Wound Management/Edit Wound/android.view.ViewGroup - facility acquired wound"), 30): Tapped on element 'Object Repository/Wound Management/Edit Wound/android.view.ViewGroup - facility acquired wound'

2023-08-17 10:43:05 - [MESSAGE][PASSED] - Tapped on element 'Object Repository/Wound Management/Edit Wound/android.view.ViewGroup - facility acquired wound'

2023-08-17 10:43:05 - [TEST_STEP][PASSED] - tap(findTestObject("Object Repository/Wound Management/Edit Wound/android.widget.TextView - Next"), 30): Tapped on element 'Object Repository/Wound Management/Edit Wound/android.widget.TextView - Next'

2023-08-17 10:43:06 - [MESSAGE][PASSED] - Tapped on element 'Object Repository/Wound Management/Edit Wound/android.widget.TextView - Next'

2023-08-17 10:43:06 - [TEST_STEP][PASSED] - tap(findTestObject("Object Repository/Wound Management/Edit Wound/android.widget.TextView - Additional description (Optional)"), 30): Tapped on element 'Object Repository/Wound Management/Edit Wound/android.widget.TextView - Additional description (Optional)'

2023-08-17 10:43:07 - [MESSAGE][PASSED] - Tapped on element 'Object Repository/Wound Management/Edit Wound/android.widget.TextView - Additional description (Optional)'

2023-08-17 10:43:07 - [TEST_STEP][PASSED] - setText(findTestObject("Object Repository/Wound Management/Edit Wound/android.widget.EditText - description"), "Test Description", 30): Text 'Test Description' has been set to element 'Object Repository/Wound Management/Edit Wound/android.widget.EditText - description'

2023-08-17 10:43:08 - [MESSAGE][PASSED] - Text 'Test Description' has been set to element 'Object Repository/Wound Management/Edit Wound/android.widget.EditText - description'

2023-08-17 10:43:08 - [TEST_STEP][PASSED] - tap(findTestObject("Object Repository/Wound Management/Edit Wound/android.widget.TextView - OK"), 30): Tapped on element 'Object Repository/Wound Management/Edit Wound/android.widget.TextView - OK'

2023-08-17 10:43:09 - [MESSAGE][PASSED] - Tapped on element 'Object Repository/Wound Management/Edit Wound/android.widget.TextView - OK'

2023-08-17 10:43:09 - [TEST_STEP][PASSED] - tap(findTestObject("Object Repository/Wound Management/Edit Wound/android.widget.TextView - Save"), 30): Tapped on element 'Object Repository/Wound Management/Edit Wound/android.widget.TextView - Save'

2023-08-17 10:43:10 - [MESSAGE][PASSED] - Tapped on element 'Object Repository/Wound Management/Edit Wound/android.widget.TextView - Save'

2023-08-17 10:43:10 - [TEST_STEP][PASSED] - verifyElementText(findTestObject("Object Repository/Wound Management/Edit Wound/android.widget.TextView - Test Description"), "Test Description"): Actual text and expected text of test object 'Object Repository/Wound Management/Edit Wound/android.widget.TextView - Test Description' are matched.

2023-08-17 10:43:13 - [MESSAGE][PASSED] - Actual text and expected text of test object 'Object Repository/Wound Management/Edit Wound/android.widget.TextView - Test Description' are matched.

2023-08-17 10:43:13 - [TEST_STEP][PASSED] - pressBack(): Press back button successfully

2023-08-17 10:43:14 - [MESSAGE][PASSED] - Press back button successfully

2023-08-17 10:43:14 - [TEST_STEP][PASSED] - pressBack(): Press back button successfully

2023-08-17 10:43:14 - [MESSAGE][PASSED] - Press back button successfully

2023-08-17 10:43:14 - [TEST_STEP][PASSED] - tap(findTestObject("Object Repository/Wound Management/Lock Wound/android.widget.ImageView - x"), 30): Tapped on element 'Object Repository/Wound Management/Lock Wound/android.widget.ImageView - x'

2023-08-17 10:43:15 - [MESSAGE][PASSED] - Tapped on element 'Object Repository/Wound Management/Lock Wound/android.widget.ImageView - x']]></system-out>
         <system-err><![CDATA[]]></system-err>
      </testcase>
      <testcase name="Test Cases/Wound Management/Change wound Statues" time="16.036" classname="Test Cases/Wound Management/Change wound Statues" status="PASSED">
         <system-out><![CDATA[2023-08-17 10:43:15 - [TEST_CASE][PASSED] - Test Cases/Wound Management/Change wound Statues: Test Cases/Wound Management/Change wound Statues

2023-08-17 10:43:17 - [TEST_STEP][PASSED] - setText(findTestObject("Object Repository/Wound Management/Change wound statues/android.widget.EditText - Search by Name, MRN"), "87ui", 30): Text '87ui' has been set to element 'Object Repository/Wound Management/Change wound statues/android.widget.EditText - Search by Name, MRN'

2023-08-17 10:43:19 - [MESSAGE][PASSED] - Text '87ui' has been set to element 'Object Repository/Wound Management/Change wound statues/android.widget.EditText - Search by Name, MRN'

2023-08-17 10:43:19 - [TEST_STEP][PASSED] - tap(findTestObject("Object Repository/Wound Management/Change wound statues/android.widget.TextView - Current site"), 30): Tapped on element 'Object Repository/Wound Management/Change wound statues/android.widget.TextView - Current site'

2023-08-17 10:43:20 - [MESSAGE][PASSED] - Tapped on element 'Object Repository/Wound Management/Change wound statues/android.widget.TextView - Current site'

2023-08-17 10:43:20 - [TEST_STEP][PASSED] - tap(findTestObject("Object Repository/Wound Management/Change wound statues/android.widget.TextView - Current site (1)"), 30): Tapped on element 'Object Repository/Wound Management/Change wound statues/android.widget.TextView - Current site (1)'

2023-08-17 10:43:21 - [MESSAGE][PASSED] - Tapped on element 'Object Repository/Wound Management/Change wound statues/android.widget.TextView - Current site (1)'

2023-08-17 10:43:21 - [TEST_STEP][PASSED] - tap(findTestObject("Object Repository/Wound Management/Change wound statues/android.view.ViewGroup - Patient"), 30): Tapped on element 'Object Repository/Wound Management/Change wound statues/android.view.ViewGroup - Patient'

2023-08-17 10:43:22 - [MESSAGE][PASSED] - Tapped on element 'Object Repository/Wound Management/Change wound statues/android.view.ViewGroup - Patient'

2023-08-17 10:43:22 - [TEST_STEP][PASSED] - verifyElementExist(findTestObject("Object Repository/Wound Management/Change wound statues/android.view.ViewGroup - wound"), 30): Element 'Object Repository/Wound Management/Change wound statues/android.view.ViewGroup - wound' is exist

2023-08-17 10:43:24 - [MESSAGE][PASSED] - Element 'Object Repository/Wound Management/Change wound statues/android.view.ViewGroup - wound' is exist

2023-08-17 10:43:24 - [TEST_STEP][PASSED] - tap(findTestObject("Object Repository/Wound Management/Change wound statues/android.view.ViewGroup - Patient"), 30): Tapped on element 'Object Repository/Wound Management/Change wound statues/android.view.ViewGroup - Patient'

2023-08-17 10:43:24 - [MESSAGE][PASSED] - Tapped on element 'Object Repository/Wound Management/Change wound statues/android.view.ViewGroup - Patient'

2023-08-17 10:43:24 - [TEST_STEP][PASSED] - tap(findTestObject("Object Repository/Wound Management/Change wound statues/android.view.ViewGroup - wound statues"), 30): Tapped on element 'Object Repository/Wound Management/Change wound statues/android.view.ViewGroup - wound statues'

2023-08-17 10:43:26 - [MESSAGE][PASSED] - Tapped on element 'Object Repository/Wound Management/Change wound statues/android.view.ViewGroup - wound statues'

2023-08-17 10:43:26 - [TEST_STEP][PASSED] - verifyElementText(findTestObject("Object Repository/Wound Management/Change wound statues/android.widget.TextView - Healed"), "Healed"): Actual text and expected text of test object 'Object Repository/Wound Management/Change wound statues/android.widget.TextView - Healed' are matched.

2023-08-17 10:43:28 - [MESSAGE][PASSED] - Actual text and expected text of test object 'Object Repository/Wound Management/Change wound statues/android.widget.TextView - Healed' are matched.

2023-08-17 10:43:28 - [TEST_STEP][PASSED] - tap(findTestObject("Wound Management/Change wound statues/android.widget.TextView - Healed"), 30): Tapped on element 'Object Repository/Wound Management/Change wound statues/android.widget.TextView - Healed'

2023-08-17 10:43:28 - [MESSAGE][PASSED] - Tapped on element 'Object Repository/Wound Management/Change wound statues/android.widget.TextView - Healed'

2023-08-17 10:43:28 - [TEST_STEP][PASSED] - verifyElementText(findTestObject("Object Repository/Wound Management/Change wound statues/android.widget.TextView - Healed (1)"), "Healed"): Actual text and expected text of test object 'Object Repository/Wound Management/Change wound statues/android.widget.TextView - Healed (1)' are matched.

2023-08-17 10:43:29 - [MESSAGE][PASSED] - Actual text and expected text of test object 'Object Repository/Wound Management/Change wound statues/android.widget.TextView - Healed (1)' are matched.

2023-08-17 10:43:29 - [TEST_STEP][PASSED] - pressBack(): Press back button successfully

2023-08-17 10:43:30 - [MESSAGE][PASSED] - Press back button successfully

2023-08-17 10:43:30 - [TEST_STEP][PASSED] - pressBack(): Press back button successfully

2023-08-17 10:43:31 - [MESSAGE][PASSED] - Press back button successfully

2023-08-17 10:43:31 - [TEST_STEP][PASSED] - tap(findTestObject("Object Repository/Wound Management/Change wound statues/android.widget.ImageView"), 30): Tapped on element 'Object Repository/Wound Management/Change wound statues/android.widget.ImageView'

2023-08-17 10:43:31 - [MESSAGE][PASSED] - Tapped on element 'Object Repository/Wound Management/Change wound statues/android.widget.ImageView']]></system-out>
         <system-err><![CDATA[]]></system-err>
      </testcase>
      <testcase name="Test Cases/Wound Management/Lock Wound" time="20.693" classname="Test Cases/Wound Management/Lock Wound" status="PASSED">
         <system-out><![CDATA[2023-08-17 10:43:31 - [TEST_CASE][PASSED] - Test Cases/Wound Management/Lock Wound: Test Cases/Wound Management/Lock Wound

2023-08-17 10:43:33 - [TEST_STEP][PASSED] - setText(findTestObject("Object Repository/Wound Management/Lock Wound/android.widget.EditText - Search by Name, MRN"), "89ui", 30): Text '89ui' has been set to element 'Object Repository/Wound Management/Lock Wound/android.widget.EditText - Search by Name, MRN'

2023-08-17 10:43:35 - [MESSAGE][PASSED] - Text '89ui' has been set to element 'Object Repository/Wound Management/Lock Wound/android.widget.EditText - Search by Name, MRN'

2023-08-17 10:43:35 - [TEST_STEP][PASSED] - tap(findTestObject("Object Repository/Wound Management/Lock Wound/android.widget.TextView - Current site"), 30): Tapped on element 'Object Repository/Wound Management/Lock Wound/android.widget.TextView - Current site'

2023-08-17 10:43:36 - [MESSAGE][PASSED] - Tapped on element 'Object Repository/Wound Management/Lock Wound/android.widget.TextView - Current site'

2023-08-17 10:43:36 - [TEST_STEP][PASSED] - tap(findTestObject("Object Repository/Wound Management/Lock Wound/android.widget.TextView - Current site (1)"), 30): Tapped on element 'Object Repository/Wound Management/Lock Wound/android.widget.TextView - Current site (1)'

2023-08-17 10:43:36 - [MESSAGE][PASSED] - Tapped on element 'Object Repository/Wound Management/Lock Wound/android.widget.TextView - Current site (1)'

2023-08-17 10:43:36 - [TEST_STEP][PASSED] - verifyElementExist(findTestObject("Object Repository/Wound Management/Lock Wound/android.view.ViewGroup - Patient"), 30): Element 'Object Repository/Wound Management/Lock Wound/android.view.ViewGroup - Patient' is exist

2023-08-17 10:43:38 - [MESSAGE][PASSED] - Element 'Object Repository/Wound Management/Lock Wound/android.view.ViewGroup - Patient' is exist

2023-08-17 10:43:38 - [TEST_STEP][PASSED] - tap(findTestObject("Object Repository/Wound Management/Lock Wound/android.view.ViewGroup - Patient"), 30): Tapped on element 'Object Repository/Wound Management/Lock Wound/android.view.ViewGroup - Patient'

2023-08-17 10:43:38 - [MESSAGE][PASSED] - Tapped on element 'Object Repository/Wound Management/Lock Wound/android.view.ViewGroup - Patient'

2023-08-17 10:43:38 - [TEST_STEP][PASSED] - verifyElementExist(findTestObject("Object Repository/Wound Management/Lock Wound/android.view.ViewGroup - wound"), 30): Element 'Object Repository/Wound Management/Lock Wound/android.view.ViewGroup - wound' is exist

2023-08-17 10:43:40 - [MESSAGE][PASSED] - Element 'Object Repository/Wound Management/Lock Wound/android.view.ViewGroup - wound' is exist

2023-08-17 10:43:40 - [TEST_STEP][PASSED] - tap(findTestObject("Object Repository/Wound Management/Lock Wound/android.view.ViewGroup - wound"), 30): Tapped on element 'Object Repository/Wound Management/Lock Wound/android.view.ViewGroup - wound'

2023-08-17 10:43:40 - [MESSAGE][PASSED] - Tapped on element 'Object Repository/Wound Management/Lock Wound/android.view.ViewGroup - wound'

2023-08-17 10:43:40 - [TEST_STEP][PASSED] - tap(findTestObject("Object Repository/Wound Management/Lock Wound/android.widget.ImageView - menu"), 30): Tapped on element 'Object Repository/Wound Management/Lock Wound/android.widget.ImageView - menu'

2023-08-17 10:43:43 - [MESSAGE][PASSED] - Tapped on element 'Object Repository/Wound Management/Lock Wound/android.widget.ImageView - menu'

2023-08-17 10:43:43 - [TEST_STEP][PASSED] - tap(findTestObject("Object Repository/Wound Management/Lock Wound/android.widget.TextView - Lock wound"), 30): Tapped on element 'Object Repository/Wound Management/Lock Wound/android.widget.TextView - Lock wound'

2023-08-17 10:43:44 - [MESSAGE][PASSED] - Tapped on element 'Object Repository/Wound Management/Lock Wound/android.widget.TextView - Lock wound'

2023-08-17 10:43:44 - [TEST_STEP][PASSED] - pressBack(): Press back button successfully

2023-08-17 10:43:46 - [MESSAGE][PASSED] - Press back button successfully

2023-08-17 10:43:46 - [TEST_STEP][PASSED] - delay(5): Delayed 5 second(s)

2023-08-17 10:43:51 - [MESSAGE][PASSED] - Delayed 5 second(s)

2023-08-17 10:43:51 - [TEST_STEP][PASSED] - pressBack(): Press back button successfully

2023-08-17 10:43:51 - [MESSAGE][PASSED] - Press back button successfully

2023-08-17 10:43:51 - [TEST_STEP][PASSED] - tap(findTestObject("Object Repository/Wound Management/Lock Wound/android.widget.ImageView - x"), 30): Tapped on element 'Object Repository/Wound Management/Lock Wound/android.widget.ImageView - x'

2023-08-17 10:43:52 - [MESSAGE][PASSED] - Tapped on element 'Object Repository/Wound Management/Lock Wound/android.widget.ImageView - x']]></system-out>
         <system-err><![CDATA[]]></system-err>
      </testcase>
      <testcase name="Test Cases/Wound Management/Unlock Wound" time="16.716" classname="Test Cases/Wound Management/Unlock Wound" status="PASSED">
         <system-out><![CDATA[2023-08-17 10:43:52 - [TEST_CASE][PASSED] - Test Cases/Wound Management/Unlock Wound: Test Cases/Wound Management/Unlock Wound

2023-08-17 10:43:53 - [TEST_STEP][PASSED] - setText(findTestObject("Object Repository/Wound Management/Unlock wound/android.widget.EditText - Search by Name, MRN"), "90ui", 30): Text '90ui' has been set to element 'Object Repository/Wound Management/Unlock wound/android.widget.EditText - Search by Name, MRN'

2023-08-17 10:43:54 - [MESSAGE][PASSED] - Text '90ui' has been set to element 'Object Repository/Wound Management/Unlock wound/android.widget.EditText - Search by Name, MRN'

2023-08-17 10:43:54 - [TEST_STEP][PASSED] - tap(findTestObject("Object Repository/Wound Management/Unlock wound/android.widget.TextView - Current site"), 30): Tapped on element 'Object Repository/Wound Management/Unlock wound/android.widget.TextView - Current site'

2023-08-17 10:43:55 - [MESSAGE][PASSED] - Tapped on element 'Object Repository/Wound Management/Unlock wound/android.widget.TextView - Current site'

2023-08-17 10:43:55 - [TEST_STEP][PASSED] - tap(findTestObject("Object Repository/Wound Management/Unlock wound/android.widget.TextView - Current site (1)"), 30): Tapped on element 'Object Repository/Wound Management/Unlock wound/android.widget.TextView - Current site (1)'

2023-08-17 10:43:56 - [MESSAGE][PASSED] - Tapped on element 'Object Repository/Wound Management/Unlock wound/android.widget.TextView - Current site (1)'

2023-08-17 10:43:56 - [TEST_STEP][PASSED] - verifyElementExist(findTestObject("Object Repository/Wound Management/Unlock wound/android.view.ViewGroup - Patient"), 30): Element 'Object Repository/Wound Management/Unlock wound/android.view.ViewGroup - Patient' is exist

2023-08-17 10:43:57 - [MESSAGE][PASSED] - Element 'Object Repository/Wound Management/Unlock wound/android.view.ViewGroup - Patient' is exist

2023-08-17 10:43:57 - [TEST_STEP][PASSED] - tap(findTestObject("Object Repository/Wound Management/Unlock wound/android.view.ViewGroup - Patient"), 30): Tapped on element 'Object Repository/Wound Management/Unlock wound/android.view.ViewGroup - Patient'

2023-08-17 10:43:58 - [MESSAGE][PASSED] - Tapped on element 'Object Repository/Wound Management/Unlock wound/android.view.ViewGroup - Patient'

2023-08-17 10:43:58 - [TEST_STEP][PASSED] - verifyElementExist(findTestObject("Object Repository/Wound Management/Unlock wound/android.view.ViewGroup - wound"), 30): Element 'Object Repository/Wound Management/Unlock wound/android.view.ViewGroup - wound' is exist

2023-08-17 10:44:00 - [MESSAGE][PASSED] - Element 'Object Repository/Wound Management/Unlock wound/android.view.ViewGroup - wound' is exist

2023-08-17 10:44:00 - [TEST_STEP][PASSED] - tap(findTestObject("Object Repository/Wound Management/Unlock wound/android.view.ViewGroup - wound"), 30): Tapped on element 'Object Repository/Wound Management/Unlock wound/android.view.ViewGroup - wound'

2023-08-17 10:44:01 - [MESSAGE][PASSED] - Tapped on element 'Object Repository/Wound Management/Unlock wound/android.view.ViewGroup - wound'

2023-08-17 10:44:01 - [TEST_STEP][PASSED] - tap(findTestObject("Object Repository/Wound Management/Unlock wound/android.widget.ImageView - menu"), 30): Tapped on element 'Object Repository/Wound Management/Unlock wound/android.widget.ImageView - menu'

2023-08-17 10:44:03 - [MESSAGE][PASSED] - Tapped on element 'Object Repository/Wound Management/Unlock wound/android.widget.ImageView - menu'

2023-08-17 10:44:03 - [TEST_STEP][PASSED] - verifyElementText(findTestObject("Object Repository/Wound Management/Unlock wound/android.widget.TextView - Unlock wound"), "Unlock wound"): Actual text and expected text of test object 'Object Repository/Wound Management/Unlock wound/android.widget.TextView - Unlock wound' are matched.

2023-08-17 10:44:05 - [MESSAGE][PASSED] - Actual text and expected text of test object 'Object Repository/Wound Management/Unlock wound/android.widget.TextView - Unlock wound' are matched.

2023-08-17 10:44:05 - [TEST_STEP][PASSED] - tap(findTestObject("Wound Management/Unlock wound/android.widget.TextView - Unlock wound"), 30): Tapped on element 'Object Repository/Wound Management/Unlock wound/android.widget.TextView - Unlock wound'

2023-08-17 10:44:05 - [MESSAGE][PASSED] - Tapped on element 'Object Repository/Wound Management/Unlock wound/android.widget.TextView - Unlock wound'

2023-08-17 10:44:05 - [TEST_STEP][PASSED] - pressBack(): Press back button successfully

2023-08-17 10:44:07 - [MESSAGE][PASSED] - Press back button successfully

2023-08-17 10:44:07 - [TEST_STEP][PASSED] - verifyElementExist(findTestObject("Object Repository/Wound Management/Unlock wound/android.view.ViewGroup - wound"), 30): Element 'Object Repository/Wound Management/Unlock wound/android.view.ViewGroup - wound' is exist

2023-08-17 10:44:08 - [MESSAGE][PASSED] - Element 'Object Repository/Wound Management/Unlock wound/android.view.ViewGroup - wound' is exist

2023-08-17 10:44:08 - [TEST_STEP][PASSED] - pressBack(): Press back button successfully

2023-08-17 10:44:08 - [MESSAGE][PASSED] - Press back button successfully

2023-08-17 10:44:08 - [TEST_STEP][PASSED] - tap(findTestObject("Object Repository/Wound Management/Unlock wound/android.widget.ImageView - x"), 30): Tapped on element 'Object Repository/Wound Management/Unlock wound/android.widget.ImageView - x'

2023-08-17 10:44:09 - [MESSAGE][PASSED] - Tapped on element 'Object Repository/Wound Management/Unlock wound/android.widget.ImageView - x']]></system-out>
         <system-err><![CDATA[]]></system-err>
      </testcase>
      <testcase name="Test Cases/Wound Management/Wound List" time="31.058" classname="Test Cases/Wound Management/Wound List" status="FAILED">
         <failure type="FAILED" message="Test Cases/Wound Management/Wound List FAILED.
Reason:
com.kms.katalon.core.exception.StepFailedException: Object Object Repository/Wound Management/Wound List/android.widget.EditText - Search by Name, MRN not found
	at com.kms.katalon.core.keyword.internal.KeywordMain.stepFailed(KeywordMain.groovy:51)
	at com.kms.katalon.core.mobile.keyword.internal.MobileKeywordMain.stepFailed(MobileKeywordMain.groovy:40)
	at com.kms.katalon.core.mobile.keyword.builtin.SetTextKeyword$_setText_closure1.doCall(SetTextKeyword.groovy:76)
	at com.kms.katalon.core.mobile.keyword.builtin.SetTextKeyword$_setText_closure1.call(SetTextKeyword.groovy)
	at com.kms.katalon.core.mobile.keyword.internal.MobileKeywordMain.runKeyword(MobileKeywordMain.groovy:21)
	at com.kms.katalon.core.mobile.keyword.builtin.SetTextKeyword.setText(SetTextKeyword.groovy:83)
	at com.kms.katalon.core.mobile.keyword.builtin.SetTextKeyword.execute(SetTextKeyword.groovy:66)
	at com.kms.katalon.core.keyword.internal.KeywordExecutor.executeKeywordForPlatform(KeywordExecutor.groovy:74)
	at com.kms.katalon.core.mobile.keyword.MobileBuiltInKeywords.setText(MobileBuiltInKeywords.groovy:1307)
	at com.kms.katalon.core.mobile.keyword.MobileBuiltInKeywords$setText$0.call(Unknown Source)
	at Wound List.run(Wound List:20)
	at com.kms.katalon.core.main.ScriptEngine.run(ScriptEngine.java:194)
	at com.kms.katalon.core.main.ScriptEngine.runScriptAsRawText(ScriptEngine.java:119)
	at com.kms.katalon.core.main.TestCaseExecutor.runScript(TestCaseExecutor.java:448)
	at com.kms.katalon.core.main.TestCaseExecutor.doExecute(TestCaseExecutor.java:439)
	at com.kms.katalon.core.main.TestCaseExecutor.processExecutionPhase(TestCaseExecutor.java:418)
	at com.kms.katalon.core.main.TestCaseExecutor.accessMainPhase(TestCaseExecutor.java:410)
	at com.kms.katalon.core.main.TestCaseExecutor.execute(TestCaseExecutor.java:285)
	at com.kms.katalon.core.main.TestCaseExecutor.execute(TestCaseExecutor.java:369)
	at com.kms.katalon.core.main.TestCaseExecutor.execute(TestCaseExecutor.java:369)
	at com.kms.katalon.core.main.TestCaseExecutor.execute(TestCaseExecutor.java:369)
	at com.kms.katalon.core.common.CommonExecutor.accessTestCaseMainPhase(CommonExecutor.java:65)
	at com.kms.katalon.core.main.TestSuiteExecutor.accessTestSuiteMainPhase(TestSuiteExecutor.java:148)
	at com.kms.katalon.core.main.TestSuiteExecutor.execute(TestSuiteExecutor.java:106)
	at com.kms.katalon.core.main.TestCaseMain.startTestSuite(TestCaseMain.java:187)
	at com.kms.katalon.core.main.TestCaseMain$startTestSuite$0.call(Unknown Source)
	at TempTestSuite1692268049938.run(TempTestSuite1692268049938.groovy:36)
"/>
         <system-out><![CDATA[2023-08-17 10:45:57 - [TEST_CASE][FAILED] - Test Cases/Wound Management/Wound List: Test Cases/Wound Management/Wound List FAILED.
Reason:
com.kms.katalon.core.exception.StepFailedException: Object Object Repository/Wound Management/Wound List/android.widget.EditText - Search by Name, MRN not found
	at com.kms.katalon.core.keyword.internal.KeywordMain.stepFailed(KeywordMain.groovy:51)
	at com.kms.katalon.core.mobile.keyword.internal.MobileKeywordMain.stepFailed(MobileKeywordMain.groovy:40)
	at com.kms.katalon.core.mobile.keyword.builtin.SetTextKeyword$_setText_closure1.doCall(SetTextKeyword.groovy:76)
	at com.kms.katalon.core.mobile.keyword.builtin.SetTextKeyword$_setText_closure1.call(SetTextKeyword.groovy)
	at com.kms.katalon.core.mobile.keyword.internal.MobileKeywordMain.runKeyword(MobileKeywordMain.groovy:21)
	at com.kms.katalon.core.mobile.keyword.builtin.SetTextKeyword.setText(SetTextKeyword.groovy:83)
	at com.kms.katalon.core.mobile.keyword.builtin.SetTextKeyword.execute(SetTextKeyword.groovy:66)
	at com.kms.katalon.core.keyword.internal.KeywordExecutor.executeKeywordForPlatform(KeywordExecutor.groovy:74)
	at com.kms.katalon.core.mobile.keyword.MobileBuiltInKeywords.setText(MobileBuiltInKeywords.groovy:1307)
	at com.kms.katalon.core.mobile.keyword.MobileBuiltInKeywords$setText$0.call(Unknown Source)
	at Wound List.run(Wound List:20)
	at com.kms.katalon.core.main.ScriptEngine.run(ScriptEngine.java:194)
	at com.kms.katalon.core.main.ScriptEngine.runScriptAsRawText(ScriptEngine.java:119)
	at com.kms.katalon.core.main.TestCaseExecutor.runScript(TestCaseExecutor.java:448)
	at com.kms.katalon.core.main.TestCaseExecutor.doExecute(TestCaseExecutor.java:439)
	at com.kms.katalon.core.main.TestCaseExecutor.processExecutionPhase(TestCaseExecutor.java:418)
	at com.kms.katalon.core.main.TestCaseExecutor.accessMainPhase(TestCaseExecutor.java:410)
	at com.kms.katalon.core.main.TestCaseExecutor.execute(TestCaseExecutor.java:285)
	at com.kms.katalon.core.main.TestCaseExecutor.execute(TestCaseExecutor.java:369)
	at com.kms.katalon.core.main.TestCaseExecutor.execute(TestCaseExecutor.java:369)
	at com.kms.katalon.core.main.TestCaseExecutor.execute(TestCaseExecutor.java:369)
	at com.kms.katalon.core.common.CommonExecutor.accessTestCaseMainPhase(CommonExecutor.java:65)
	at com.kms.katalon.core.main.TestSuiteExecutor.accessTestSuiteMainPhase(TestSuiteExecutor.java:148)
	at com.kms.katalon.core.main.TestSuiteExecutor.execute(TestSuiteExecutor.java:106)
	at com.kms.katalon.core.main.TestCaseMain.startTestSuite(TestCaseMain.java:187)
	at com.kms.katalon.core.main.TestCaseMain$startTestSuite$0.call(Unknown Source)
	at TempTestSuite1692268049938.run(TempTestSuite1692268049938.groovy:36)


2023-08-17 10:45:57 - [TEST_STEP][FAILED] - setText(findTestObject("Object Repository/Wound Management/Wound List/android.widget.EditText - Search by Name, MRN"), "92ui", 30): Failed to set text into element (Root cause: com.kms.katalon.core.exception.StepFailedException: Object Object Repository/Wound Management/Wound List/android.widget.EditText - Search by Name, MRN not found
	at com.kms.katalon.core.keyword.internal.KeywordMain.stepFailed(KeywordMain.groovy:51)
	at com.kms.katalon.core.mobile.keyword.internal.MobileKeywordMain.stepFailed(MobileKeywordMain.groovy:40)
	at com.kms.katalon.core.mobile.keyword.builtin.SetTextKeyword$_setText_closure1.doCall(SetTextKeyword.groovy:76)
	at com.kms.katalon.core.mobile.keyword.builtin.SetTextKeyword$_setText_closure1.call(SetTextKeyword.groovy)
	at com.kms.katalon.core.mobile.keyword.internal.MobileKeywordMain.runKeyword(MobileKeywordMain.groovy:21)
	at com.kms.katalon.core.mobile.keyword.builtin.SetTextKeyword.setText(SetTextKeyword.groovy:83)
	at com.kms.katalon.core.mobile.keyword.builtin.SetTextKeyword.execute(SetTextKeyword.groovy:66)
	at com.kms.katalon.core.keyword.internal.KeywordExecutor.executeKeywordForPlatform(KeywordExecutor.groovy:74)
	at com.kms.katalon.core.mobile.keyword.MobileBuiltInKeywords.setText(MobileBuiltInKeywords.groovy:1307)
	at com.kms.katalon.core.mobile.keyword.MobileBuiltInKeywords$setText$0.call(Unknown Source)
	at Wound List.run(Wound List:20)
	at com.kms.katalon.core.main.ScriptEngine.run(ScriptEngine.java:194)
	at com.kms.katalon.core.main.ScriptEngine.runScriptAsRawText(ScriptEngine.java:119)
	at com.kms.katalon.core.main.TestCaseExecutor.runScript(TestCaseExecutor.java:448)
	at com.kms.katalon.core.main.TestCaseExecutor.doExecute(TestCaseExecutor.java:439)
	at com.kms.katalon.core.main.TestCaseExecutor.processExecutionPhase(TestCaseExecutor.java:418)
	at com.kms.katalon.core.main.TestCaseExecutor.accessMainPhase(TestCaseExecutor.java:410)
	at com.kms.katalon.core.main.TestCaseExecutor.execute(TestCaseExecutor.java:285)
	at com.kms.katalon.core.main.TestCaseExecutor.execute(TestCaseExecutor.java:369)
	at com.kms.katalon.core.main.TestCaseExecutor.execute(TestCaseExecutor.java:369)
	at com.kms.katalon.core.main.TestCaseExecutor.execute(TestCaseExecutor.java:369)
	at com.kms.katalon.core.common.CommonExecutor.accessTestCaseMainPhase(CommonExecutor.java:65)
	at com.kms.katalon.core.main.TestSuiteExecutor.accessTestSuiteMainPhase(TestSuiteExecutor.java:148)
	at com.kms.katalon.core.main.TestSuiteExecutor.execute(TestSuiteExecutor.java:106)
	at com.kms.katalon.core.main.TestCaseMain.startTestSuite(TestCaseMain.java:187)
	at com.kms.katalon.core.main.TestCaseMain$startTestSuite$0.call(Unknown Source)
	at TempTestSuite1692268049938.run(TempTestSuite1692268049938.groovy:36)
)

2023-08-17 10:46:28 - [MESSAGE][FAILED] - Object Object Repository/Wound Management/Wound List/android.widget.EditText - Search by Name, MRN not found

2023-08-17 10:46:28 - [MESSAGE][FAILED] - Failed to set text into element (Root cause: com.kms.katalon.core.exception.StepFailedException: Object Object Repository/Wound Management/Wound List/android.widget.EditText - Search by Name, MRN not found
	at com.kms.katalon.core.keyword.internal.KeywordMain.stepFailed(KeywordMain.groovy:51)
	at com.kms.katalon.core.mobile.keyword.internal.MobileKeywordMain.stepFailed(MobileKeywordMain.groovy:40)
	at com.kms.katalon.core.mobile.keyword.builtin.SetTextKeyword$_setText_closure1.doCall(SetTextKeyword.groovy:76)
	at com.kms.katalon.core.mobile.keyword.builtin.SetTextKeyword$_setText_closure1.call(SetTextKeyword.groovy)
	at com.kms.katalon.core.mobile.keyword.internal.MobileKeywordMain.runKeyword(MobileKeywordMain.groovy:21)
	at com.kms.katalon.core.mobile.keyword.builtin.SetTextKeyword.setText(SetTextKeyword.groovy:83)
	at com.kms.katalon.core.mobile.keyword.builtin.SetTextKeyword.execute(SetTextKeyword.groovy:66)
	at com.kms.katalon.core.keyword.internal.KeywordExecutor.executeKeywordForPlatform(KeywordExecutor.groovy:74)
	at com.kms.katalon.core.mobile.keyword.MobileBuiltInKeywords.setText(MobileBuiltInKeywords.groovy:1307)
	at com.kms.katalon.core.mobile.keyword.MobileBuiltInKeywords$setText$0.call(Unknown Source)
	at Wound List.run(Wound List:20)
	at com.kms.katalon.core.main.ScriptEngine.run(ScriptEngine.java:194)
	at com.kms.katalon.core.main.ScriptEngine.runScriptAsRawText(ScriptEngine.java:119)
	at com.kms.katalon.core.main.TestCaseExecutor.runScript(TestCaseExecutor.java:448)
	at com.kms.katalon.core.main.TestCaseExecutor.doExecute(TestCaseExecutor.java:439)
	at com.kms.katalon.core.main.TestCaseExecutor.processExecutionPhase(TestCaseExecutor.java:418)
	at com.kms.katalon.core.main.TestCaseExecutor.accessMainPhase(TestCaseExecutor.java:410)
	at com.kms.katalon.core.main.TestCaseExecutor.execute(TestCaseExecutor.java:285)
	at com.kms.katalon.core.main.TestCaseExecutor.execute(TestCaseExecutor.java:369)
	at com.kms.katalon.core.main.TestCaseExecutor.execute(TestCaseExecutor.java:369)
	at com.kms.katalon.core.main.TestCaseExecutor.execute(TestCaseExecutor.java:369)
	at com.kms.katalon.core.common.CommonExecutor.accessTestCaseMainPhase(CommonExecutor.java:65)
	at com.kms.katalon.core.main.TestSuiteExecutor.accessTestSuiteMainPhase(TestSuiteExecutor.java:148)
	at com.kms.katalon.core.main.TestSuiteExecutor.execute(TestSuiteExecutor.java:106)
	at com.kms.katalon.core.main.TestCaseMain.startTestSuite(TestCaseMain.java:187)
	at com.kms.katalon.core.main.TestCaseMain$startTestSuite$0.call(Unknown Source)
	at TempTestSuite1692268049938.run(TempTestSuite1692268049938.groovy:36)
)
[[ATTACHMENT|C:\\Users\\Amarir\\git\\IS_Katalon_Lite_Version\\Reports\\20230817_102719\\Wound Management\\20230817_102729\\1692269188019.png]]]]></system-out>
         <system-err><![CDATA[2023-08-17 10:45:57 - [TEST_CASE][FAILED] - Test Cases/Wound Management/Wound List: Test Cases/Wound Management/Wound List FAILED.
Reason:
com.kms.katalon.core.exception.StepFailedException: Object Object Repository/Wound Management/Wound List/android.widget.EditText - Search by Name, MRN not found
	at com.kms.katalon.core.keyword.internal.KeywordMain.stepFailed(KeywordMain.groovy:51)
	at com.kms.katalon.core.mobile.keyword.internal.MobileKeywordMain.stepFailed(MobileKeywordMain.groovy:40)
	at com.kms.katalon.core.mobile.keyword.builtin.SetTextKeyword$_setText_closure1.doCall(SetTextKeyword.groovy:76)
	at com.kms.katalon.core.mobile.keyword.builtin.SetTextKeyword$_setText_closure1.call(SetTextKeyword.groovy)
	at com.kms.katalon.core.mobile.keyword.internal.MobileKeywordMain.runKeyword(MobileKeywordMain.groovy:21)
	at com.kms.katalon.core.mobile.keyword.builtin.SetTextKeyword.setText(SetTextKeyword.groovy:83)
	at com.kms.katalon.core.mobile.keyword.builtin.SetTextKeyword.execute(SetTextKeyword.groovy:66)
	at com.kms.katalon.core.keyword.internal.KeywordExecutor.executeKeywordForPlatform(KeywordExecutor.groovy:74)
	at com.kms.katalon.core.mobile.keyword.MobileBuiltInKeywords.setText(MobileBuiltInKeywords.groovy:1307)
	at com.kms.katalon.core.mobile.keyword.MobileBuiltInKeywords$setText$0.call(Unknown Source)
	at Wound List.run(Wound List:20)
	at com.kms.katalon.core.main.ScriptEngine.run(ScriptEngine.java:194)
	at com.kms.katalon.core.main.ScriptEngine.runScriptAsRawText(ScriptEngine.java:119)
	at com.kms.katalon.core.main.TestCaseExecutor.runScript(TestCaseExecutor.java:448)
	at com.kms.katalon.core.main.TestCaseExecutor.doExecute(TestCaseExecutor.java:439)
	at com.kms.katalon.core.main.TestCaseExecutor.processExecutionPhase(TestCaseExecutor.java:418)
	at com.kms.katalon.core.main.TestCaseExecutor.accessMainPhase(TestCaseExecutor.java:410)
	at com.kms.katalon.core.main.TestCaseExecutor.execute(TestCaseExecutor.java:285)
	at com.kms.katalon.core.main.TestCaseExecutor.execute(TestCaseExecutor.java:369)
	at com.kms.katalon.core.main.TestCaseExecutor.execute(TestCaseExecutor.java:369)
	at com.kms.katalon.core.main.TestCaseExecutor.execute(TestCaseExecutor.java:369)
	at com.kms.katalon.core.common.CommonExecutor.accessTestCaseMainPhase(CommonExecutor.java:65)
	at com.kms.katalon.core.main.TestSuiteExecutor.accessTestSuiteMainPhase(TestSuiteExecutor.java:148)
	at com.kms.katalon.core.main.TestSuiteExecutor.execute(TestSuiteExecutor.java:106)
	at com.kms.katalon.core.main.TestCaseMain.startTestSuite(TestCaseMain.java:187)
	at com.kms.katalon.core.main.TestCaseMain$startTestSuite$0.call(Unknown Source)
	at TempTestSuite1692268049938.run(TempTestSuite1692268049938.groovy:36)]]></system-err>
      </testcase>
      <testcase name="Test Cases/Wound Management/Wound Summary" time="13.886" classname="Test Cases/Wound Management/Wound Summary" status="PASSED">
         <system-out><![CDATA[2023-08-17 10:46:28 - [TEST_CASE][PASSED] - Test Cases/Wound Management/Wound Summary: Test Cases/Wound Management/Wound Summary

2023-08-17 10:46:30 - [TEST_STEP][PASSED] - tap(findTestObject("Object Repository/Wound Management/Wound Summary/android.view.ViewGroup - wound1"), 30): Tapped on element 'Object Repository/Wound Management/Wound Summary/android.view.ViewGroup - wound1'

2023-08-17 10:46:30 - [MESSAGE][PASSED] - Tapped on element 'Object Repository/Wound Management/Wound Summary/android.view.ViewGroup - wound1'

2023-08-17 10:46:30 - [TEST_STEP][PASSED] - verifyElementText(findTestObject("Object Repository/Wound Management/Wound Summary/android.widget.TextView - Wound, List"), "Wound, List"): Actual text and expected text of test object 'Object Repository/Wound Management/Wound Summary/android.widget.TextView - Wound, List' are matched.

2023-08-17 10:46:33 - [MESSAGE][PASSED] - Actual text and expected text of test object 'Object Repository/Wound Management/Wound Summary/android.widget.TextView - Wound, List' are matched.

2023-08-17 10:46:33 - [TEST_STEP][PASSED] - verifyElementText(findTestObject("Object Repository/Wound Management/Wound Summary/android.widget.TextView - Wound 1 Trauma"), "Wound 1: Trauma"): Actual text and expected text of test object 'Object Repository/Wound Management/Wound Summary/android.widget.TextView - Wound 1 Trauma' are matched.

2023-08-17 10:46:33 - [MESSAGE][PASSED] - Actual text and expected text of test object 'Object Repository/Wound Management/Wound Summary/android.widget.TextView - Wound 1 Trauma' are matched.

2023-08-17 10:46:33 - [TEST_STEP][PASSED] - verifyElementText(findTestObject("Object Repository/Wound Management/Wound Summary/android.widget.TextView - Active"), "Active"): Actual text and expected text of test object 'Object Repository/Wound Management/Wound Summary/android.widget.TextView - Active' are matched.

2023-08-17 10:46:34 - [MESSAGE][PASSED] - Actual text and expected text of test object 'Object Repository/Wound Management/Wound Summary/android.widget.TextView - Active' are matched.

2023-08-17 10:46:34 - [TEST_STEP][PASSED] - verifyElementText(findTestObject("Object Repository/Wound Management/Wound Summary/android.widget.TextView - 14082023"), "14/08/2023"): Actual text and expected text of test object 'Object Repository/Wound Management/Wound Summary/android.widget.TextView - 14082023' are matched.

2023-08-17 10:46:34 - [MESSAGE][PASSED] - Actual text and expected text of test object 'Object Repository/Wound Management/Wound Summary/android.widget.TextView - 14082023' are matched.

2023-08-17 10:46:34 - [TEST_STEP][PASSED] - verifyElementText(findTestObject("Object Repository/Wound Management/Wound Summary/android.widget.TextView - HeadNeck, Front"), "Head/Neck, Front"): Actual text and expected text of test object 'Object Repository/Wound Management/Wound Summary/android.widget.TextView - HeadNeck, Front' are matched.

2023-08-17 10:46:35 - [MESSAGE][PASSED] - Actual text and expected text of test object 'Object Repository/Wound Management/Wound Summary/android.widget.TextView - HeadNeck, Front' are matched.

2023-08-17 10:46:35 - [TEST_STEP][PASSED] - verifyElementText(findTestObject("Object Repository/Wound Management/Wound Summary/android.widget.TextView - Test description"), "Test description"): Actual text and expected text of test object 'Object Repository/Wound Management/Wound Summary/android.widget.TextView - Test description' are matched.

2023-08-17 10:46:36 - [MESSAGE][PASSED] - Actual text and expected text of test object 'Object Repository/Wound Management/Wound Summary/android.widget.TextView - Test description' are matched.

2023-08-17 10:46:36 - [TEST_STEP][PASSED] - verifyElementText(findTestObject("Object Repository/Wound Management/Wound Summary/android.widget.TextView - 3D"), "3D"): Actual text and expected text of test object 'Object Repository/Wound Management/Wound Summary/android.widget.TextView - 3D' are matched.

2023-08-17 10:46:37 - [MESSAGE][PASSED] - Actual text and expected text of test object 'Object Repository/Wound Management/Wound Summary/android.widget.TextView - 3D' are matched.

2023-08-17 10:46:37 - [TEST_STEP][PASSED] - verifyElementExist(findTestObject("Object Repository/Wound Management/Wound Summary/android.view.ViewGroup"), 30): Element 'Object Repository/Wound Management/Wound Summary/android.view.ViewGroup' is exist

2023-08-17 10:46:37 - [MESSAGE][PASSED] - Element 'Object Repository/Wound Management/Wound Summary/android.view.ViewGroup' is exist

2023-08-17 10:46:37 - [TEST_STEP][PASSED] - verifyElementExist(findTestObject("Wound Management/Wound Summary/android.widget.ImageView"), 30): Element 'Object Repository/Wound Management/Wound Summary/android.widget.ImageView' is exist

2023-08-17 10:46:38 - [MESSAGE][PASSED] - Element 'Object Repository/Wound Management/Wound Summary/android.widget.ImageView' is exist

2023-08-17 10:46:38 - [TEST_STEP][PASSED] - verifyElementText(findTestObject("Object Repository/Wound Management/Wound Summary/android.widget.TextView - 3D (1)"), "3D"): Actual text and expected text of test object 'Object Repository/Wound Management/Wound Summary/android.widget.TextView - 3D (1)' are matched.

2023-08-17 10:46:38 - [MESSAGE][PASSED] - Actual text and expected text of test object 'Object Repository/Wound Management/Wound Summary/android.widget.TextView - 3D (1)' are matched.

2023-08-17 10:46:38 - [TEST_STEP][PASSED] - verifyElementText(findTestObject("Object Repository/Wound Management/Wound Summary/android.widget.TextView - WOUND SIZE"), "WOUND SIZE"): Actual text and expected text of test object 'Object Repository/Wound Management/Wound Summary/android.widget.TextView - WOUND SIZE' are matched.

2023-08-17 10:46:39 - [MESSAGE][PASSED] - Actual text and expected text of test object 'Object Repository/Wound Management/Wound Summary/android.widget.TextView - WOUND SIZE' are matched.

2023-08-17 10:46:39 - [TEST_STEP][PASSED] - verifyElementText(findTestObject("Object Repository/Wound Management/Wound Summary/android.widget.TextView - COLOR COMPOSITION"), "COLOR COMPOSITION"): Actual text and expected text of test object 'Object Repository/Wound Management/Wound Summary/android.widget.TextView - COLOR COMPOSITION' are matched.

2023-08-17 10:46:39 - [MESSAGE][PASSED] - Actual text and expected text of test object 'Object Repository/Wound Management/Wound Summary/android.widget.TextView - COLOR COMPOSITION' are matched.

2023-08-17 10:46:39 - [TEST_STEP][PASSED] - verifyElementExist(findTestObject("Hard to find elements/android.view.ViewGroup - Assessment"), 30): Element 'Object Repository/Hard to find elements/android.view.ViewGroup - Assessment' is exist

2023-08-17 10:46:39 - [MESSAGE][PASSED] - Element 'Object Repository/Hard to find elements/android.view.ViewGroup - Assessment' is exist

2023-08-17 10:46:39 - [TEST_STEP][PASSED] - verifyElementExist(findTestObject("Hard to find elements/android.view.ViewGroup - Treatement"), 30): Element 'Object Repository/Hard to find elements/android.view.ViewGroup - Treatement' is exist

2023-08-17 10:46:40 - [MESSAGE][PASSED] - Element 'Object Repository/Hard to find elements/android.view.ViewGroup - Treatement' is exist

2023-08-17 10:46:40 - [TEST_STEP][PASSED] - verifyElementExist(findTestObject("Hard to find elements/android.view.ViewGroup - Messaging"), 30): Element 'Object Repository/Hard to find elements/android.view.ViewGroup - Messaging' is exist

2023-08-17 10:46:40 - [MESSAGE][PASSED] - Element 'Object Repository/Hard to find elements/android.view.ViewGroup - Messaging' is exist

2023-08-17 10:46:40 - [TEST_STEP][PASSED] - pressBack(): Press back button successfully

2023-08-17 10:46:41 - [MESSAGE][PASSED] - Press back button successfully

2023-08-17 10:46:41 - [TEST_STEP][PASSED] - pressBack(): Press back button successfully

2023-08-17 10:46:41 - [MESSAGE][PASSED] - Press back button successfully

2023-08-17 10:46:41 - [TEST_STEP][PASSED] - tap(findTestObject("Object Repository/Wound Management/Unlock wound/android.widget.ImageView - x"), 30): Tapped on element 'Object Repository/Wound Management/Unlock wound/android.widget.ImageView - x'

2023-08-17 10:46:42 - [MESSAGE][PASSED] - Tapped on element 'Object Repository/Wound Management/Unlock wound/android.widget.ImageView - x']]></system-out>
         <system-err><![CDATA[]]></system-err>
      </testcase>
      <testcase name="Test Cases/Wound Management/Delete Wound" time="22.713" classname="Test Cases/Wound Management/Delete Wound" status="PASSED">
         <system-out><![CDATA[2023-08-17 10:46:42 - [TEST_CASE][PASSED] - Test Cases/Wound Management/Delete Wound: Test Cases/Wound Management/Delete Wound

2023-08-17 10:46:43 - [TEST_STEP][PASSED] - setText(findTestObject("Object Repository/Wound Management/Delete Wound/android.widget.EditText - Search by Name, MRN"), "91ui", 30): Text '91ui' has been set to element 'Object Repository/Wound Management/Delete Wound/android.widget.EditText - Search by Name, MRN'

2023-08-17 10:46:44 - [MESSAGE][PASSED] - Text '91ui' has been set to element 'Object Repository/Wound Management/Delete Wound/android.widget.EditText - Search by Name, MRN'

2023-08-17 10:46:44 - [TEST_STEP][PASSED] - tap(findTestObject("Object Repository/Wound Management/Delete Wound/android.widget.TextView - Current site"), 30): Tapped on element 'Object Repository/Wound Management/Delete Wound/android.widget.TextView - Current site'

2023-08-17 10:46:45 - [MESSAGE][PASSED] - Tapped on element 'Object Repository/Wound Management/Delete Wound/android.widget.TextView - Current site'

2023-08-17 10:46:45 - [TEST_STEP][PASSED] - tap(findTestObject("Object Repository/Wound Management/Delete Wound/android.widget.TextView - Current site (1)"), 30): Tapped on element 'Object Repository/Wound Management/Delete Wound/android.widget.TextView - Current site (1)'

2023-08-17 10:46:46 - [MESSAGE][PASSED] - Tapped on element 'Object Repository/Wound Management/Delete Wound/android.widget.TextView - Current site (1)'

2023-08-17 10:46:46 - [TEST_STEP][PASSED] - verifyElementExist(findTestObject("Object Repository/Wound Management/Delete Wound/android.view.ViewGroup - Patient"), 30): Element 'Object Repository/Wound Management/Delete Wound/android.view.ViewGroup - Patient' is exist

2023-08-17 10:46:47 - [MESSAGE][PASSED] - Element 'Object Repository/Wound Management/Delete Wound/android.view.ViewGroup - Patient' is exist

2023-08-17 10:46:47 - [TEST_STEP][PASSED] - tap(findTestObject("Object Repository/Wound Management/Delete Wound/android.view.ViewGroup - Patient"), 30): Tapped on element 'Object Repository/Wound Management/Delete Wound/android.view.ViewGroup - Patient'

2023-08-17 10:46:48 - [MESSAGE][PASSED] - Tapped on element 'Object Repository/Wound Management/Delete Wound/android.view.ViewGroup - Patient'

2023-08-17 10:46:48 - [TEST_STEP][PASSED] - verifyElementExist(findTestObject("Object Repository/Wound Management/Delete Wound/android.view.ViewGroup - wound"), 30): Element 'Object Repository/Wound Management/Delete Wound/android.view.ViewGroup - wound' is exist

2023-08-17 10:46:55 - [MESSAGE][PASSED] - Element 'Object Repository/Wound Management/Delete Wound/android.view.ViewGroup - wound' is exist

2023-08-17 10:46:55 - [TEST_STEP][PASSED] - tap(findTestObject("Object Repository/Wound Management/Delete Wound/android.view.ViewGroup - wound (1)"), 30): Tapped on element 'Object Repository/Wound Management/Delete Wound/android.view.ViewGroup - wound (1)'

2023-08-17 10:46:55 - [MESSAGE][PASSED] - Tapped on element 'Object Repository/Wound Management/Delete Wound/android.view.ViewGroup - wound (1)'

2023-08-17 10:46:55 - [TEST_STEP][PASSED] - verifyElementExist(findTestObject("Object Repository/Wound Management/Delete Wound/android.widget.ImageView - menu"), 30): Element 'Object Repository/Wound Management/Delete Wound/android.widget.ImageView - menu' is exist

2023-08-17 10:46:58 - [MESSAGE][PASSED] - Element 'Object Repository/Wound Management/Delete Wound/android.widget.ImageView - menu' is exist

2023-08-17 10:46:58 - [TEST_STEP][PASSED] - tap(findTestObject("Object Repository/Wound Management/Delete Wound/android.widget.ImageView - menu"), 30): Tapped on element 'Object Repository/Wound Management/Delete Wound/android.widget.ImageView - menu'

2023-08-17 10:46:59 - [MESSAGE][PASSED] - Tapped on element 'Object Repository/Wound Management/Delete Wound/android.widget.ImageView - menu'

2023-08-17 10:46:59 - [TEST_STEP][PASSED] - verifyElementText(findTestObject("Object Repository/Wound Management/Delete Wound/android.widget.TextView - Delete wound"), "Delete wound"): Actual text and expected text of test object 'Object Repository/Wound Management/Delete Wound/android.widget.TextView - Delete wound' are matched.

2023-08-17 10:47:00 - [MESSAGE][PASSED] - Actual text and expected text of test object 'Object Repository/Wound Management/Delete Wound/android.widget.TextView - Delete wound' are matched.

2023-08-17 10:47:00 - [TEST_STEP][PASSED] - tap(findTestObject("Wound Management/Delete Wound/android.widget.TextView - Delete wound"), 30): Tapped on element 'Object Repository/Wound Management/Delete Wound/android.widget.TextView - Delete wound'

2023-08-17 10:47:00 - [MESSAGE][PASSED] - Tapped on element 'Object Repository/Wound Management/Delete Wound/android.widget.TextView - Delete wound'

2023-08-17 10:47:00 - [TEST_STEP][PASSED] - verifyElementText(findTestObject("Object Repository/Wound Management/Delete Wound/android.widget.TextView - Delete the selected wound All data, including all images and measurements, will be erased"), "Delete the selected wound? All data, including all images and measurements, will be erased."): Actual text and expected text of test object 'Object Repository/Wound Management/Delete Wound/android.widget.TextView - Delete the selected wound All data, including all images and measurements, will be erased' are matched.

2023-08-17 10:47:01 - [MESSAGE][PASSED] - Actual text and expected text of test object 'Object Repository/Wound Management/Delete Wound/android.widget.TextView - Delete the selected wound All data, including all images and measurements, will be erased' are matched.

2023-08-17 10:47:01 - [TEST_STEP][PASSED] - verifyElementText(findTestObject("Object Repository/Wound Management/Delete Wound/android.widget.Button - CANCEL"), "CANCEL"): Actual text and expected text of test object 'Object Repository/Wound Management/Delete Wound/android.widget.Button - CANCEL' are matched.

2023-08-17 10:47:02 - [MESSAGE][PASSED] - Actual text and expected text of test object 'Object Repository/Wound Management/Delete Wound/android.widget.Button - CANCEL' are matched.

2023-08-17 10:47:02 - [TEST_STEP][PASSED] - verifyElementExist(findTestObject("Object Repository/Wound Management/Delete Wound/android.widget.Button - CONFIRM"), 30): Element 'Object Repository/Wound Management/Delete Wound/android.widget.Button - CONFIRM' is exist

2023-08-17 10:47:02 - [MESSAGE][PASSED] - Element 'Object Repository/Wound Management/Delete Wound/android.widget.Button - CONFIRM' is exist

2023-08-17 10:47:02 - [TEST_STEP][PASSED] - tap(findTestObject("Wound Management/Delete Wound/android.widget.Button - CONFIRM"), 30): Tapped on element 'Object Repository/Wound Management/Delete Wound/android.widget.Button - CONFIRM'

2023-08-17 10:47:02 - [MESSAGE][PASSED] - Tapped on element 'Object Repository/Wound Management/Delete Wound/android.widget.Button - CONFIRM'

2023-08-17 10:47:02 - [TEST_STEP][PASSED] - verifyElementText(findTestObject("Object Repository/Wound Management/Delete Wound/android.widget.TextView - Click  above to add a wound"), "Click "+" above to add a wound"): Actual text and expected text of test object 'Object Repository/Wound Management/Delete Wound/android.widget.TextView - Click  above to add a wound' are matched.

2023-08-17 10:47:04 - [MESSAGE][PASSED] - Actual text and expected text of test object 'Object Repository/Wound Management/Delete Wound/android.widget.TextView - Click  above to add a wound' are matched.

2023-08-17 10:47:04 - [TEST_STEP][PASSED] - pressBack(): Press back button successfully

2023-08-17 10:47:04 - [MESSAGE][PASSED] - Press back button successfully

2023-08-17 10:47:04 - [TEST_STEP][PASSED] - tap(findTestObject("Object Repository/Wound Management/Delete Wound/android.widget.ImageView - x"), 30): Tapped on element 'Object Repository/Wound Management/Delete Wound/android.widget.ImageView - x'

2023-08-17 10:47:05 - [MESSAGE][PASSED] - Tapped on element 'Object Repository/Wound Management/Delete Wound/android.widget.ImageView - x']]></system-out>
         <system-err><![CDATA[]]></system-err>
      </testcase>
      <system-out><![CDATA[2023-08-17 10:41:48 - [TEST_SUITE][FAILED] - Wound Management: Test Cases/Wound Management/Wound List FAILED.
Reason:
com.kms.katalon.core.exception.StepFailedException: Verify element text of test object 'Object Repository/Wound Management/Wound List/android.widget.TextView - Wound 3 Pressure Injury (1)' FAILED. (Root cause: org.openqa.selenium.WebDriverException: java.net.SocketTimeoutException: timeout
Build info: version: '3.141.59', revision: 'e82be7d358', time: '2018-11-14T08:25:53'
System info: host: 'DESKTOP-EE3F8H4', ip: '192.168.234.1', os.name: 'Windows 10', os.arch: 'amd64', os.version: '10.0', java.version: '1.8.0_362'
Driver info: driver.version: SwipeableAndroidDriver
	at io.appium.java_client.remote.AppiumCommandExecutor.execute(AppiumCommandExecutor.java:254)
	at org.openqa.selenium.remote.RemoteWebDriver.execute(RemoteWebDriver.java:552)
	at io.appium.java_client.DefaultGenericMobileDriver.execute(DefaultGenericMobileDriver.java:42)
	at io.appium.java_client.AppiumDriver.execute(AppiumDriver.java:1)
	at io.appium.java_client.android.AndroidDriver.execute(AndroidDriver.java:1)
	at com.kms.katalon.core.appium.driver.SwipeableAndroidDriver.execute(SwipeableAndroidDriver.java:1)
	at org.openqa.selenium.remote.RemoteWebElement.execute(RemoteWebElement.java:285)
	at io.appium.java_client.DefaultGenericMobileElement.execute(DefaultGenericMobileElement.java:45)
	at io.appium.java_client.MobileElement.execute(MobileElement.java:1)
	at io.appium.java_client.android.AndroidElement.execute(AndroidElement.java:1)
	at org.openqa.selenium.remote.RemoteWebElement.getLocation(RemoteWebElement.java:337)
	at org.openqa.selenium.WebElement$getLocation.call(Unknown Source)
	at com.kms.katalon.core.mobile.keyword.internal.MobileAbstractKeyword.findElement(MobileAbstractKeyword.groovy:86)
	at com.kms.katalon.core.mobile.keyword.builtin.VerifyElementTextKeyword.access$1(VerifyElementTextKeyword.groovy)
	at com.kms.katalon.core.mobile.keyword.builtin.VerifyElementTextKeyword$_verifyElementText_closure1.doCall(VerifyElementTextKeyword.groovy:47)
	at com.kms.katalon.core.mobile.keyword.builtin.VerifyElementTextKeyword$_verifyElementText_closure1.call(VerifyElementTextKeyword.groovy)
	at com.kms.katalon.core.mobile.keyword.internal.MobileKeywordMain.runKeyword(MobileKeywordMain.groovy:21)
	at com.kms.katalon.core.mobile.keyword.builtin.VerifyElementTextKeyword.verifyElementText(VerifyElementTextKeyword.groovy:62)
	at com.kms.katalon.core.mobile.keyword.builtin.VerifyElementTextKeyword.execute(VerifyElementTextKeyword.groovy:39)
	at com.kms.katalon.core.keyword.internal.KeywordExecutor.executeKeywordForPlatform(KeywordExecutor.groovy:74)
	at com.kms.katalon.core.mobile.keyword.MobileBuiltInKeywords.verifyElementText(MobileBuiltInKeywords.groovy:2901)
	at com.kms.katalon.core.mobile.keyword.MobileBuiltInKeywords$verifyElementText$4.call(Unknown Source)
	at Wound List.run(Wound List:72)
	at com.kms.katalon.core.main.ScriptEngine.run(ScriptEngine.java:194)
	at com.kms.katalon.core.main.ScriptEngine.runScriptAsRawText(ScriptEngine.java:119)
	at com.kms.katalon.core.main.TestCaseExecutor.runScript(TestCaseExecutor.java:448)
	at com.kms.katalon.core.main.TestCaseExecutor.doExecute(TestCaseExecutor.java:439)
	at com.kms.katalon.core.main.TestCaseExecutor.processExecutionPhase(TestCaseExecutor.java:418)
	at com.kms.katalon.core.main.TestCaseExecutor.accessMainPhase(TestCaseExecutor.java:410)
	at com.kms.katalon.core.main.TestCaseExecutor.execute(TestCaseExecutor.java:285)
	at com.kms.katalon.core.common.CommonExecutor.accessTestCaseMainPhase(CommonExecutor.java:65)
	at com.kms.katalon.core.main.TestSuiteExecutor.accessTestSuiteMainPhase(TestSuiteExecutor.java:148)
	at com.kms.katalon.core.main.TestSuiteExecutor.execute(TestSuiteExecutor.java:106)
	at com.kms.katalon.core.main.TestCaseMain.startTestSuite(TestCaseMain.java:187)
	at com.kms.katalon.core.main.TestCaseMain$startTestSuite$0.call(Unknown Source)
	at TempTestSuite1692268049938.run(TempTestSuite1692268049938.groovy:36)
Caused by: java.net.SocketTimeoutException: timeout
	at okio.Okio$4.newTimeoutException(Okio.java:232)
	at okio.AsyncTimeout.exit(AsyncTimeout.java:285)
	at okio.AsyncTimeout$1.write(AsyncTimeout.java:184)
	at okio.RealBufferedSink.flush(RealBufferedSink.java:224)
	at okhttp3.internal.http1.Http1Codec.finishRequest(Http1Codec.java:166)
	at okhttp3.internal.http.CallServerInterceptor.intercept(CallServerInterceptor.java:84)
	at okhttp3.internal.http.RealInterceptorChain.proceed(RealInterceptorChain.java:147)
	at okhttp3.internal.http.RealInterceptorChain.proceed(RealInterceptorChain.java:121)
	at org.openqa.selenium.remote.internal.OkHttpClient$Factory$1.lambda$createClient$1(OkHttpClient.java:152)
	at okhttp3.internal.http.RealInterceptorChain.proceed(RealInterceptorChain.java:147)
	at okhttp3.internal.connection.ConnectInterceptor.intercept(ConnectInterceptor.java:45)
	at okhttp3.internal.http.RealInterceptorChain.proceed(RealInterceptorChain.java:147)
	at okhttp3.internal.http.RealInterceptorChain.proceed(RealInterceptorChain.java:121)
	at okhttp3.internal.cache.CacheInterceptor.intercept(CacheInterceptor.java:93)
	at okhttp3.internal.http.RealInterceptorChain.proceed(RealInterceptorChain.java:147)
	at okhttp3.internal.http.RealInterceptorChain.proceed(RealInterceptorChain.java:121)
	at okhttp3.internal.http.BridgeInterceptor.intercept(BridgeInterceptor.java:93)
	at okhttp3.internal.http.RealInterceptorChain.proceed(RealInterceptorChain.java:147)
	at okhttp3.internal.http.RetryAndFollowUpInterceptor.intercept(RetryAndFollowUpInterceptor.java:126)
	at okhttp3.internal.http.RealInterceptorChain.proceed(RealInterceptorChain.java:147)
	at okhttp3.internal.http.RealInterceptorChain.proceed(RealInterceptorChain.java:121)
	at okhttp3.RealCall.getResponseWithInterceptorChain(RealCall.java:200)
	at okhttp3.RealCall.execute(RealCall.java:77)
	at org.openqa.selenium.remote.internal.OkHttpClient.execute(OkHttpClient.java:103)
	at org.openqa.selenium.remote.HttpCommandExecutor.execute(HttpCommandExecutor.java:155)
	at io.appium.java_client.remote.AppiumCommandExecutor.execute(AppiumCommandExecutor.java:239)
	at org.openqa.selenium.remote.RemoteWebDriver.execute(RemoteWebDriver.java:552)
	at io.appium.java_client.DefaultGenericMobileDriver.execute(DefaultGenericMobileDriver.java:42)
	at io.appium.java_client.AppiumDriver.execute(AppiumDriver.java:1)
	at io.appium.java_client.android.AndroidDriver.execute(AndroidDriver.java:1)
	at com.kms.katalon.core.appium.driver.SwipeableAndroidDriver.execute(SwipeableAndroidDriver.java:1)
	at org.openqa.selenium.remote.RemoteWebElement.execute(RemoteWebElement.java:285)
	at io.appium.java_client.DefaultGenericMobileElement.execute(DefaultGenericMobileElement.java:45)
	at io.appium.java_client.MobileElement.execute(MobileElement.java:1)
	at io.appium.java_client.android.AndroidElement.execute(AndroidElement.java:1)
	at org.openqa.selenium.remote.RemoteWebElement.getLocation(RemoteWebElement.java:337)
	at org.openqa.selenium.WebElement$getLocation.call(Unknown Source)
	at com.kms.katalon.core.mobile.keyword.internal.MobileAbstractKeyword.findElement(MobileAbstractKeyword.groovy:86)
	at com.kms.katalon.core.mobile.keyword.builtin.VerifyElementTextKeyword.access$1(VerifyElementTextKeyword.groovy)
	at com.kms.katalon.core.mobile.keyword.builtin.VerifyElementTextKeyword$_verifyElementText_closure1.doCall(VerifyElementTextKeyword.groovy:47)
	at com.kms.katalon.core.mobile.keyword.builtin.VerifyElementTextKeyword$_verifyElementText_closure1.call(VerifyElementTextKeyword.groovy)
	at com.kms.katalon.core.mobile.keyword.internal.MobileKeywordMain.runKeyword(MobileKeywordMain.groovy:21)
	at com.kms.katalon.core.mobile.keyword.builtin.VerifyElementTextKeyword.verifyElementText(VerifyElementTextKeyword.groovy:62)
	at com.kms.katalon.core.mobile.keyword.builtin.VerifyElementTextKeyword.execute(VerifyElementTextKeyword.groovy:39)
	at com.kms.katalon.core.keyword.internal.KeywordExecutor.executeKeywordForPlatform(KeywordExecutor.groovy:74)
	at com.kms.katalon.core.mobile.keyword.MobileBuiltInKeywords.verifyElementText(MobileBuiltInKeywords.groovy:2901)
	at com.kms.katalon.core.mobile.keyword.MobileBuiltInKeywords$verifyElementText$4.call(Unknown Source)
	at Script1690362225853.run(Script1690362225853.groovy:72)
	... 13 more
Caused by: java.net.SocketException: Socket closed
	at okio.Okio$1.write(Okio.java:79)
	at okio.AsyncTimeout$1.write(AsyncTimeout.java:180)
	... 58 more
)
	at com.kms.katalon.core.keyword.internal.KeywordMain.stepFailed(KeywordMain.groovy:51)
	at com.kms.katalon.core.mobile.keyword.internal.MobileKeywordMain.stepFailed(MobileKeywordMain.groovy:40)
	at com.kms.katalon.core.mobile.keyword.internal.MobileKeywordMain.runKeyword(MobileKeywordMain.groovy:23)
	at com.kms.katalon.core.mobile.keyword.builtin.VerifyElementTextKeyword.verifyElementText(VerifyElementTextKeyword.groovy:62)
	at com.kms.katalon.core.mobile.keyword.builtin.VerifyElementTextKeyword.execute(VerifyElementTextKeyword.groovy:39)
	at com.kms.katalon.core.keyword.internal.KeywordExecutor.executeKeywordForPlatform(KeywordExecutor.groovy:74)
	at com.kms.katalon.core.mobile.keyword.MobileBuiltInKeywords.verifyElementText(MobileBuiltInKeywords.groovy:2901)
	at com.kms.katalon.core.mobile.keyword.MobileBuiltInKeywords$verifyElementText$4.call(Unknown Source)
	at Wound List.run(Wound List:72)
	at com.kms.katalon.core.main.ScriptEngine.run(ScriptEngine.java:194)
	at com.kms.katalon.core.main.ScriptEngine.runScriptAsRawText(ScriptEngine.java:119)
	at com.kms.katalon.core.main.TestCaseExecutor.runScript(TestCaseExecutor.java:448)
	at com.kms.katalon.core.main.TestCaseExecutor.doExecute(TestCaseExecutor.java:439)
	at com.kms.katalon.core.main.TestCaseExecutor.processExecutionPhase(TestCaseExecutor.java:418)
	at com.kms.katalon.core.main.TestCaseExecutor.accessMainPhase(TestCaseExecutor.java:410)
	at com.kms.katalon.core.main.TestCaseExecutor.execute(TestCaseExecutor.java:285)
	at com.kms.katalon.core.common.CommonExecutor.accessTestCaseMainPhase(CommonExecutor.java:65)
	at com.kms.katalon.core.main.TestSuiteExecutor.accessTestSuiteMainPhase(TestSuiteExecutor.java:148)
	at com.kms.katalon.core.main.TestSuiteExecutor.execute(TestSuiteExecutor.java:106)
	at com.kms.katalon.core.main.TestCaseMain.startTestSuite(TestCaseMain.java:187)
	at com.kms.katalon.core.main.TestCaseMain$startTestSuite$0.call(Unknown Source)
	at TempTestSuite1692268049938.run(TempTestSuite1692268049938.groovy:36)
Caused by: org.openqa.selenium.WebDriverException: java.net.SocketTimeoutException: timeout
Build info: version: '3.141.59', revision: 'e82be7d358', time: '2018-11-14T08:25:53'
System info: host: 'DESKTOP-EE3F8H4', ip: '192.168.234.1', os.name: 'Windows 10', os.arch: 'amd64', os.version: '10.0', java.version: '1.8.0_362'
Driver info: driver.version: SwipeableAndroidDriver
	at io.appium.java_client.remote.AppiumCommandExecutor.execute(AppiumCommandExecutor.java:254)
	at org.openqa.selenium.remote.RemoteWebDriver.execute(RemoteWebDriver.java:552)
	at io.appium.java_client.DefaultGenericMobileDriver.execute(DefaultGenericMobileDriver.java:42)
	at io.appium.java_client.AppiumDriver.execute(AppiumDriver.java:1)
	at io.appium.java_client.android.AndroidDriver.execute(AndroidDriver.java:1)
	at com.kms.katalon.core.appium.driver.SwipeableAndroidDriver.execute(SwipeableAndroidDriver.java:1)
	at org.openqa.selenium.remote.RemoteWebElement.execute(RemoteWebElement.java:285)
	at io.appium.java_client.DefaultGenericMobileElement.execute(DefaultGenericMobileElement.java:45)
	at io.appium.java_client.MobileElement.execute(MobileElement.java:1)
	at io.appium.java_client.android.AndroidElement.execute(AndroidElement.java:1)
	at org.openqa.selenium.remote.RemoteWebElement.getLocation(RemoteWebElement.java:337)
	at org.openqa.selenium.WebElement$getLocation.call(Unknown Source)
	at com.kms.katalon.core.mobile.keyword.internal.MobileAbstractKeyword.findElement(MobileAbstractKeyword.groovy:86)
	at com.kms.katalon.core.mobile.keyword.builtin.VerifyElementTextKeyword.access$1(VerifyElementTextKeyword.groovy)
	at com.kms.katalon.core.mobile.keyword.builtin.VerifyElementTextKeyword$_verifyElementText_closure1.doCall(VerifyElementTextKeyword.groovy:47)
	at com.kms.katalon.core.mobile.keyword.builtin.VerifyElementTextKeyword$_verifyElementText_closure1.call(VerifyElementTextKeyword.groovy)
	at com.kms.katalon.core.mobile.keyword.internal.MobileKeywordMain.runKeyword(MobileKeywordMain.groovy:21)
	... 19 more
Caused by: java.net.SocketTimeoutException: timeout
	at okio.Okio$4.newTimeoutException(Okio.java:232)
	at okio.AsyncTimeout.exit(AsyncTimeout.java:285)
	at okio.AsyncTimeout$1.write(AsyncTimeout.java:184)
	at okio.RealBufferedSink.flush(RealBufferedSink.java:224)
	at okhttp3.internal.http1.Http1Codec.finishRequest(Http1Codec.java:166)
	at okhttp3.internal.http.CallServerInterceptor.intercept(CallServerInterceptor.java:84)
	at okhttp3.internal.http.RealInterceptorChain.proceed(RealInterceptorChain.java:147)
	at okhttp3.internal.http.RealInterceptorChain.proceed(RealInterceptorChain.java:121)
	at org.openqa.selenium.remote.internal.OkHttpClient$Factory$1.lambda$createClient$1(OkHttpClient.java:152)
	at okhttp3.internal.http.RealInterceptorChain.proceed(RealInterceptorChain.java:147)
	at okhttp3.internal.connection.ConnectInterceptor.intercept(ConnectInterceptor.java:45)
	at okhttp3.internal.http.RealInterceptorChain.proceed(RealInterceptorChain.java:147)
	at okhttp3.internal.http.RealInterceptorChain.proceed(RealInterceptorChain.java:121)
	at okhttp3.internal.cache.CacheInterceptor.intercept(CacheInterceptor.java:93)
	at okhttp3.internal.http.RealInterceptorChain.proceed(RealInterceptorChain.java:147)
	at okhttp3.internal.http.RealInterceptorChain.proceed(RealInterceptorChain.java:121)
	at okhttp3.internal.http.BridgeInterceptor.intercept(BridgeInterceptor.java:93)
	at okhttp3.internal.http.RealInterceptorChain.proceed(RealInterceptorChain.java:147)
	at okhttp3.internal.http.RetryAndFollowUpInterceptor.intercept(RetryAndFollowUpInterceptor.java:126)
	at okhttp3.internal.http.RealInterceptorChain.proceed(RealInterceptorChain.java:147)
	at okhttp3.internal.http.RealInterceptorChain.proceed(RealInterceptorChain.java:121)
	at okhttp3.RealCall.getResponseWithInterceptorChain(RealCall.java:200)
	at okhttp3.RealCall.execute(RealCall.java:77)
	at org.openqa.selenium.remote.internal.OkHttpClient.execute(OkHttpClient.java:103)
	at org.openqa.selenium.remote.HttpCommandExecutor.execute(HttpCommandExecutor.java:155)
	at io.appium.java_client.remote.AppiumCommandExecutor.execute(AppiumCommandExecutor.java:239)
	at org.openqa.selenium.remote.RemoteWebDriver.execute(RemoteWebDriver.java:552)
	at io.appium.java_client.DefaultGenericMobileDriver.execute(DefaultGenericMobileDriver.java:42)
	at io.appium.java_client.AppiumDriver.execute(AppiumDriver.java:1)
	at io.appium.java_client.android.AndroidDriver.execute(AndroidDriver.java:1)
	at com.kms.katalon.core.appium.driver.SwipeableAndroidDriver.execute(SwipeableAndroidDriver.java:1)
	at org.openqa.selenium.remote.RemoteWebElement.execute(RemoteWebElement.java:285)
	at io.appium.java_client.DefaultGenericMobileElement.execute(DefaultGenericMobileElement.java:45)
	at io.appium.java_client.MobileElement.execute(MobileElement.java:1)
	at io.appium.java_client.android.AndroidElement.execute(AndroidElement.java:1)
	at org.openqa.selenium.remote.RemoteWebElement.getLocation(RemoteWebElement.java:337)
	at org.openqa.selenium.WebElement$getLocation.call(Unknown Source)
	at com.kms.katalon.core.mobile.keyword.internal.MobileAbstractKeyword.findElement(MobileAbstractKeyword.groovy:86)
	at com.kms.katalon.core.mobile.keyword.builtin.VerifyElementTextKeyword.access$1(VerifyElementTextKeyword.groovy)
	at com.kms.katalon.core.mobile.keyword.builtin.VerifyElementTextKeyword$_verifyElementText_closure1.doCall(VerifyElementTextKeyword.groovy:47)
	at com.kms.katalon.core.mobile.keyword.builtin.VerifyElementTextKeyword$_verifyElementText_closure1.call(VerifyElementTextKeyword.groovy)
	at com.kms.katalon.core.mobile.keyword.internal.MobileKeywordMain.runKeyword(MobileKeywordMain.groovy:21)
	at com.kms.katalon.core.mobile.keyword.builtin.VerifyElementTextKeyword.verifyElementText(VerifyElementTextKeyword.groovy:62)
	at com.kms.katalon.core.mobile.keyword.builtin.VerifyElementTextKeyword.execute(VerifyElementTextKeyword.groovy:39)
	at com.kms.katalon.core.keyword.internal.KeywordExecutor.executeKeywordForPlatform(KeywordExecutor.groovy:74)
	at com.kms.katalon.core.mobile.keyword.MobileBuiltInKeywords.verifyElementText(MobileBuiltInKeywords.groovy:2901)
	at com.kms.katalon.core.mobile.keyword.MobileBuiltInKeywords$verifyElementText$4.call(Unknown Source)
	at Script1690362225853.run(Script1690362225853.groovy:72)
	... 13 more
Caused by: java.net.SocketException: Socket closed
	at okio.Okio$1.write(Okio.java:79)
	at okio.AsyncTimeout$1.write(AsyncTimeout.java:180)
	at okio.RealBufferedSink.flush(RealBufferedSink.java:224)
	at okhttp3.internal.http1.Http1Codec.finishRequest(Http1Codec.java:166)
	at okhttp3.internal.http.CallServerInterceptor.intercept(CallServerInterceptor.java:84)
	at okhttp3.internal.http.RealInterceptorChain.proceed(RealInterceptorChain.java:147)
	at okhttp3.internal.http.RealInterceptorChain.proceed(RealInterceptorChain.java:121)
	at org.openqa.selenium.remote.internal.OkHttpClient$Factory$1.lambda$createClient$1(OkHttpClient.java:152)
	at okhttp3.internal.http.RealInterceptorChain.proceed(RealInterceptorChain.java:147)
	at okhttp3.internal.connection.ConnectInterceptor.intercept(ConnectInterceptor.java:45)
	at okhttp3.internal.http.RealInterceptorChain.proceed(RealInterceptorChain.java:147)
	at okhttp3.internal.http.RealInterceptorChain.proceed(RealInterceptorChain.java:121)
	at okhttp3.internal.cache.CacheInterceptor.intercept(CacheInterceptor.java:93)
	at okhttp3.internal.http.RealInterceptorChain.proceed(RealInterceptorChain.java:147)
	at okhttp3.internal.http.RealInterceptorChain.proceed(RealInterceptorChain.java:121)
	at okhttp3.internal.http.BridgeInterceptor.intercept(BridgeInterceptor.java:93)
	at okhttp3.internal.http.RealInterceptorChain.proceed(RealInterceptorChain.java:147)
	at okhttp3.internal.http.RetryAndFollowUpInterceptor.intercept(RetryAndFollowUpInterceptor.java:126)
	at okhttp3.internal.http.RealInterceptorChain.proceed(RealInterceptorChain.java:147)
	at okhttp3.internal.http.RealInterceptorChain.proceed(RealInterceptorChain.java:121)
	at okhttp3.RealCall.getResponseWithInterceptorChain(RealCall.java:200)
	at okhttp3.RealCall.execute(RealCall.java:77)
	at org.openqa.selenium.remote.internal.OkHttpClient.execute(OkHttpClient.java:103)
	at org.openqa.selenium.remote.HttpCommandExecutor.execute(HttpCommandExecutor.java:155)
	at io.appium.java_client.remote.AppiumCommandExecutor.execute(AppiumCommandExecutor.java:239)
	at org.openqa.selenium.remote.RemoteWebDriver.execute(RemoteWebDriver.java:552)
	at io.appium.java_client.DefaultGenericMobileDriver.execute(DefaultGenericMobileDriver.java:42)
	at io.appium.java_client.AppiumDriver.execute(AppiumDriver.java:1)
	at io.appium.java_client.android.AndroidDriver.execute(AndroidDriver.java:1)
	at com.kms.katalon.core.appium.driver.SwipeableAndroidDriver.execute(SwipeableAndroidDriver.java:1)
	at org.openqa.selenium.remote.RemoteWebElement.execute(RemoteWebElement.java:285)
	at io.appium.java_client.DefaultGenericMobileElement.execute(DefaultGenericMobileElement.java:45)
	at io.appium.java_client.MobileElement.execute(MobileElement.java:1)
	at io.appium.java_client.android.AndroidElement.execute(AndroidElement.java:1)
	at org.openqa.selenium.remote.RemoteWebElement.getLocation(RemoteWebElement.java:337)
	at org.openqa.selenium.WebElement$getLocation.call(Unknown Source)
	at com.kms.katalon.core.mobile.keyword.internal.MobileAbstractKeyword.findElement(MobileAbstractKeyword.groovy:86)
	at com.kms.katalon.core.mobile.keyword.builtin.VerifyElementTextKeyword.access$1(VerifyElementTextKeyword.groovy)
	at com.kms.katalon.core.mobile.keyword.builtin.VerifyElementTextKeyword$_verifyElementText_closure1.doCall(VerifyElementTextKeyword.groovy:47)
	at com.kms.katalon.core.mobile.keyword.builtin.VerifyElementTextKeyword$_verifyElementText_closure1.call(VerifyElementTextKeyword.groovy)
	at com.kms.katalon.core.mobile.keyword.internal.MobileKeywordMain.runKeyword(MobileKeywordMain.groovy:21)
	at com.kms.katalon.core.mobile.keyword.builtin.VerifyElementTextKeyword.verifyElementText(VerifyElementTextKeyword.groovy:62)
	at com.kms.katalon.core.mobile.keyword.builtin.VerifyElementTextKeyword.execute(VerifyElementTextKeyword.groovy:39)
	at com.kms.katalon.core.keyword.internal.KeywordExecutor.executeKeywordForPlatform(KeywordExecutor.groovy:74)
	at com.kms.katalon.core.mobile.keyword.MobileBuiltInKeywords.verifyElementText(MobileBuiltInKeywords.groovy:2901)
	at com.kms.katalon.core.mobile.keyword.MobileBuiltInKeywords$verifyElementText$4.call(Unknown Source)
	at Wound List.run(Wound List:72)
	... 13 more]]></system-out>
      <system-err><![CDATA[2023-08-17 10:41:48 - [TEST_SUITE][FAILED] - Wound Management: Test Cases/Wound Management/Wound List FAILED.
Reason:
com.kms.katalon.core.exception.StepFailedException: Verify element text of test object 'Object Repository/Wound Management/Wound List/android.widget.TextView - Wound 3 Pressure Injury (1)' FAILED. (Root cause: org.openqa.selenium.WebDriverException: java.net.SocketTimeoutException: timeout
Build info: version: '3.141.59', revision: 'e82be7d358', time: '2018-11-14T08:25:53'
System info: host: 'DESKTOP-EE3F8H4', ip: '192.168.234.1', os.name: 'Windows 10', os.arch: 'amd64', os.version: '10.0', java.version: '1.8.0_362'
Driver info: driver.version: SwipeableAndroidDriver
	at io.appium.java_client.remote.AppiumCommandExecutor.execute(AppiumCommandExecutor.java:254)
	at org.openqa.selenium.remote.RemoteWebDriver.execute(RemoteWebDriver.java:552)
	at io.appium.java_client.DefaultGenericMobileDriver.execute(DefaultGenericMobileDriver.java:42)
	at io.appium.java_client.AppiumDriver.execute(AppiumDriver.java:1)
	at io.appium.java_client.android.AndroidDriver.execute(AndroidDriver.java:1)
	at com.kms.katalon.core.appium.driver.SwipeableAndroidDriver.execute(SwipeableAndroidDriver.java:1)
	at org.openqa.selenium.remote.RemoteWebElement.execute(RemoteWebElement.java:285)
	at io.appium.java_client.DefaultGenericMobileElement.execute(DefaultGenericMobileElement.java:45)
	at io.appium.java_client.MobileElement.execute(MobileElement.java:1)
	at io.appium.java_client.android.AndroidElement.execute(AndroidElement.java:1)
	at org.openqa.selenium.remote.RemoteWebElement.getLocation(RemoteWebElement.java:337)
	at org.openqa.selenium.WebElement$getLocation.call(Unknown Source)
	at com.kms.katalon.core.mobile.keyword.internal.MobileAbstractKeyword.findElement(MobileAbstractKeyword.groovy:86)
	at com.kms.katalon.core.mobile.keyword.builtin.VerifyElementTextKeyword.access$1(VerifyElementTextKeyword.groovy)
	at com.kms.katalon.core.mobile.keyword.builtin.VerifyElementTextKeyword$_verifyElementText_closure1.doCall(VerifyElementTextKeyword.groovy:47)
	at com.kms.katalon.core.mobile.keyword.builtin.VerifyElementTextKeyword$_verifyElementText_closure1.call(VerifyElementTextKeyword.groovy)
	at com.kms.katalon.core.mobile.keyword.internal.MobileKeywordMain.runKeyword(MobileKeywordMain.groovy:21)
	at com.kms.katalon.core.mobile.keyword.builtin.VerifyElementTextKeyword.verifyElementText(VerifyElementTextKeyword.groovy:62)
	at com.kms.katalon.core.mobile.keyword.builtin.VerifyElementTextKeyword.execute(VerifyElementTextKeyword.groovy:39)
	at com.kms.katalon.core.keyword.internal.KeywordExecutor.executeKeywordForPlatform(KeywordExecutor.groovy:74)
	at com.kms.katalon.core.mobile.keyword.MobileBuiltInKeywords.verifyElementText(MobileBuiltInKeywords.groovy:2901)
	at com.kms.katalon.core.mobile.keyword.MobileBuiltInKeywords$verifyElementText$4.call(Unknown Source)
	at Wound List.run(Wound List:72)
	at com.kms.katalon.core.main.ScriptEngine.run(ScriptEngine.java:194)
	at com.kms.katalon.core.main.ScriptEngine.runScriptAsRawText(ScriptEngine.java:119)
	at com.kms.katalon.core.main.TestCaseExecutor.runScript(TestCaseExecutor.java:448)
	at com.kms.katalon.core.main.TestCaseExecutor.doExecute(TestCaseExecutor.java:439)
	at com.kms.katalon.core.main.TestCaseExecutor.processExecutionPhase(TestCaseExecutor.java:418)
	at com.kms.katalon.core.main.TestCaseExecutor.accessMainPhase(TestCaseExecutor.java:410)
	at com.kms.katalon.core.main.TestCaseExecutor.execute(TestCaseExecutor.java:285)
	at com.kms.katalon.core.common.CommonExecutor.accessTestCaseMainPhase(CommonExecutor.java:65)
	at com.kms.katalon.core.main.TestSuiteExecutor.accessTestSuiteMainPhase(TestSuiteExecutor.java:148)
	at com.kms.katalon.core.main.TestSuiteExecutor.execute(TestSuiteExecutor.java:106)
	at com.kms.katalon.core.main.TestCaseMain.startTestSuite(TestCaseMain.java:187)
	at com.kms.katalon.core.main.TestCaseMain$startTestSuite$0.call(Unknown Source)
	at TempTestSuite1692268049938.run(TempTestSuite1692268049938.groovy:36)
Caused by: java.net.SocketTimeoutException: timeout
	at okio.Okio$4.newTimeoutException(Okio.java:232)
	at okio.AsyncTimeout.exit(AsyncTimeout.java:285)
	at okio.AsyncTimeout$1.write(AsyncTimeout.java:184)
	at okio.RealBufferedSink.flush(RealBufferedSink.java:224)
	at okhttp3.internal.http1.Http1Codec.finishRequest(Http1Codec.java:166)
	at okhttp3.internal.http.CallServerInterceptor.intercept(CallServerInterceptor.java:84)
	at okhttp3.internal.http.RealInterceptorChain.proceed(RealInterceptorChain.java:147)
	at okhttp3.internal.http.RealInterceptorChain.proceed(RealInterceptorChain.java:121)
	at org.openqa.selenium.remote.internal.OkHttpClient$Factory$1.lambda$createClient$1(OkHttpClient.java:152)
	at okhttp3.internal.http.RealInterceptorChain.proceed(RealInterceptorChain.java:147)
	at okhttp3.internal.connection.ConnectInterceptor.intercept(ConnectInterceptor.java:45)
	at okhttp3.internal.http.RealInterceptorChain.proceed(RealInterceptorChain.java:147)
	at okhttp3.internal.http.RealInterceptorChain.proceed(RealInterceptorChain.java:121)
	at okhttp3.internal.cache.CacheInterceptor.intercept(CacheInterceptor.java:93)
	at okhttp3.internal.http.RealInterceptorChain.proceed(RealInterceptorChain.java:147)
	at okhttp3.internal.http.RealInterceptorChain.proceed(RealInterceptorChain.java:121)
	at okhttp3.internal.http.BridgeInterceptor.intercept(BridgeInterceptor.java:93)
	at okhttp3.internal.http.RealInterceptorChain.proceed(RealInterceptorChain.java:147)
	at okhttp3.internal.http.RetryAndFollowUpInterceptor.intercept(RetryAndFollowUpInterceptor.java:126)
	at okhttp3.internal.http.RealInterceptorChain.proceed(RealInterceptorChain.java:147)
	at okhttp3.internal.http.RealInterceptorChain.proceed(RealInterceptorChain.java:121)
	at okhttp3.RealCall.getResponseWithInterceptorChain(RealCall.java:200)
	at okhttp3.RealCall.execute(RealCall.java:77)
	at org.openqa.selenium.remote.internal.OkHttpClient.execute(OkHttpClient.java:103)
	at org.openqa.selenium.remote.HttpCommandExecutor.execute(HttpCommandExecutor.java:155)
	at io.appium.java_client.remote.AppiumCommandExecutor.execute(AppiumCommandExecutor.java:239)
	at org.openqa.selenium.remote.RemoteWebDriver.execute(RemoteWebDriver.java:552)
	at io.appium.java_client.DefaultGenericMobileDriver.execute(DefaultGenericMobileDriver.java:42)
	at io.appium.java_client.AppiumDriver.execute(AppiumDriver.java:1)
	at io.appium.java_client.android.AndroidDriver.execute(AndroidDriver.java:1)
	at com.kms.katalon.core.appium.driver.SwipeableAndroidDriver.execute(SwipeableAndroidDriver.java:1)
	at org.openqa.selenium.remote.RemoteWebElement.execute(RemoteWebElement.java:285)
	at io.appium.java_client.DefaultGenericMobileElement.execute(DefaultGenericMobileElement.java:45)
	at io.appium.java_client.MobileElement.execute(MobileElement.java:1)
	at io.appium.java_client.android.AndroidElement.execute(AndroidElement.java:1)
	at org.openqa.selenium.remote.RemoteWebElement.getLocation(RemoteWebElement.java:337)
	at org.openqa.selenium.WebElement$getLocation.call(Unknown Source)
	at com.kms.katalon.core.mobile.keyword.internal.MobileAbstractKeyword.findElement(MobileAbstractKeyword.groovy:86)
	at com.kms.katalon.core.mobile.keyword.builtin.VerifyElementTextKeyword.access$1(VerifyElementTextKeyword.groovy)
	at com.kms.katalon.core.mobile.keyword.builtin.VerifyElementTextKeyword$_verifyElementText_closure1.doCall(VerifyElementTextKeyword.groovy:47)
	at com.kms.katalon.core.mobile.keyword.builtin.VerifyElementTextKeyword$_verifyElementText_closure1.call(VerifyElementTextKeyword.groovy)
	at com.kms.katalon.core.mobile.keyword.internal.MobileKeywordMain.runKeyword(MobileKeywordMain.groovy:21)
	at com.kms.katalon.core.mobile.keyword.builtin.VerifyElementTextKeyword.verifyElementText(VerifyElementTextKeyword.groovy:62)
	at com.kms.katalon.core.mobile.keyword.builtin.VerifyElementTextKeyword.execute(VerifyElementTextKeyword.groovy:39)
	at com.kms.katalon.core.keyword.internal.KeywordExecutor.executeKeywordForPlatform(KeywordExecutor.groovy:74)
	at com.kms.katalon.core.mobile.keyword.MobileBuiltInKeywords.verifyElementText(MobileBuiltInKeywords.groovy:2901)
	at com.kms.katalon.core.mobile.keyword.MobileBuiltInKeywords$verifyElementText$4.call(Unknown Source)
	at Script1690362225853.run(Script1690362225853.groovy:72)
	... 13 more
Caused by: java.net.SocketException: Socket closed
	at okio.Okio$1.write(Okio.java:79)
	at okio.AsyncTimeout$1.write(AsyncTimeout.java:180)
	... 58 more
)
	at com.kms.katalon.core.keyword.internal.KeywordMain.stepFailed(KeywordMain.groovy:51)
	at com.kms.katalon.core.mobile.keyword.internal.MobileKeywordMain.stepFailed(MobileKeywordMain.groovy:40)
	at com.kms.katalon.core.mobile.keyword.internal.MobileKeywordMain.runKeyword(MobileKeywordMain.groovy:23)
	at com.kms.katalon.core.mobile.keyword.builtin.VerifyElementTextKeyword.verifyElementText(VerifyElementTextKeyword.groovy:62)
	at com.kms.katalon.core.mobile.keyword.builtin.VerifyElementTextKeyword.execute(VerifyElementTextKeyword.groovy:39)
	at com.kms.katalon.core.keyword.internal.KeywordExecutor.executeKeywordForPlatform(KeywordExecutor.groovy:74)
	at com.kms.katalon.core.mobile.keyword.MobileBuiltInKeywords.verifyElementText(MobileBuiltInKeywords.groovy:2901)
	at com.kms.katalon.core.mobile.keyword.MobileBuiltInKeywords$verifyElementText$4.call(Unknown Source)
	at Wound List.run(Wound List:72)
	at com.kms.katalon.core.main.ScriptEngine.run(ScriptEngine.java:194)
	at com.kms.katalon.core.main.ScriptEngine.runScriptAsRawText(ScriptEngine.java:119)
	at com.kms.katalon.core.main.TestCaseExecutor.runScript(TestCaseExecutor.java:448)
	at com.kms.katalon.core.main.TestCaseExecutor.doExecute(TestCaseExecutor.java:439)
	at com.kms.katalon.core.main.TestCaseExecutor.processExecutionPhase(TestCaseExecutor.java:418)
	at com.kms.katalon.core.main.TestCaseExecutor.accessMainPhase(TestCaseExecutor.java:410)
	at com.kms.katalon.core.main.TestCaseExecutor.execute(TestCaseExecutor.java:285)
	at com.kms.katalon.core.common.CommonExecutor.accessTestCaseMainPhase(CommonExecutor.java:65)
	at com.kms.katalon.core.main.TestSuiteExecutor.accessTestSuiteMainPhase(TestSuiteExecutor.java:148)
	at com.kms.katalon.core.main.TestSuiteExecutor.execute(TestSuiteExecutor.java:106)
	at com.kms.katalon.core.main.TestCaseMain.startTestSuite(TestCaseMain.java:187)
	at com.kms.katalon.core.main.TestCaseMain$startTestSuite$0.call(Unknown Source)
	at TempTestSuite1692268049938.run(TempTestSuite1692268049938.groovy:36)
Caused by: org.openqa.selenium.WebDriverException: java.net.SocketTimeoutException: timeout
Build info: version: '3.141.59', revision: 'e82be7d358', time: '2018-11-14T08:25:53'
System info: host: 'DESKTOP-EE3F8H4', ip: '192.168.234.1', os.name: 'Windows 10', os.arch: 'amd64', os.version: '10.0', java.version: '1.8.0_362'
Driver info: driver.version: SwipeableAndroidDriver
	at io.appium.java_client.remote.AppiumCommandExecutor.execute(AppiumCommandExecutor.java:254)
	at org.openqa.selenium.remote.RemoteWebDriver.execute(RemoteWebDriver.java:552)
	at io.appium.java_client.DefaultGenericMobileDriver.execute(DefaultGenericMobileDriver.java:42)
	at io.appium.java_client.AppiumDriver.execute(AppiumDriver.java:1)
	at io.appium.java_client.android.AndroidDriver.execute(AndroidDriver.java:1)
	at com.kms.katalon.core.appium.driver.SwipeableAndroidDriver.execute(SwipeableAndroidDriver.java:1)
	at org.openqa.selenium.remote.RemoteWebElement.execute(RemoteWebElement.java:285)
	at io.appium.java_client.DefaultGenericMobileElement.execute(DefaultGenericMobileElement.java:45)
	at io.appium.java_client.MobileElement.execute(MobileElement.java:1)
	at io.appium.java_client.android.AndroidElement.execute(AndroidElement.java:1)
	at org.openqa.selenium.remote.RemoteWebElement.getLocation(RemoteWebElement.java:337)
	at org.openqa.selenium.WebElement$getLocation.call(Unknown Source)
	at com.kms.katalon.core.mobile.keyword.internal.MobileAbstractKeyword.findElement(MobileAbstractKeyword.groovy:86)
	at com.kms.katalon.core.mobile.keyword.builtin.VerifyElementTextKeyword.access$1(VerifyElementTextKeyword.groovy)
	at com.kms.katalon.core.mobile.keyword.builtin.VerifyElementTextKeyword$_verifyElementText_closure1.doCall(VerifyElementTextKeyword.groovy:47)
	at com.kms.katalon.core.mobile.keyword.builtin.VerifyElementTextKeyword$_verifyElementText_closure1.call(VerifyElementTextKeyword.groovy)
	at com.kms.katalon.core.mobile.keyword.internal.MobileKeywordMain.runKeyword(MobileKeywordMain.groovy:21)
	... 19 more
Caused by: java.net.SocketTimeoutException: timeout
	at okio.Okio$4.newTimeoutException(Okio.java:232)
	at okio.AsyncTimeout.exit(AsyncTimeout.java:285)
	at okio.AsyncTimeout$1.write(AsyncTimeout.java:184)
	at okio.RealBufferedSink.flush(RealBufferedSink.java:224)
	at okhttp3.internal.http1.Http1Codec.finishRequest(Http1Codec.java:166)
	at okhttp3.internal.http.CallServerInterceptor.intercept(CallServerInterceptor.java:84)
	at okhttp3.internal.http.RealInterceptorChain.proceed(RealInterceptorChain.java:147)
	at okhttp3.internal.http.RealInterceptorChain.proceed(RealInterceptorChain.java:121)
	at org.openqa.selenium.remote.internal.OkHttpClient$Factory$1.lambda$createClient$1(OkHttpClient.java:152)
	at okhttp3.internal.http.RealInterceptorChain.proceed(RealInterceptorChain.java:147)
	at okhttp3.internal.connection.ConnectInterceptor.intercept(ConnectInterceptor.java:45)
	at okhttp3.internal.http.RealInterceptorChain.proceed(RealInterceptorChain.java:147)
	at okhttp3.internal.http.RealInterceptorChain.proceed(RealInterceptorChain.java:121)
	at okhttp3.internal.cache.CacheInterceptor.intercept(CacheInterceptor.java:93)
	at okhttp3.internal.http.RealInterceptorChain.proceed(RealInterceptorChain.java:147)
	at okhttp3.internal.http.RealInterceptorChain.proceed(RealInterceptorChain.java:121)
	at okhttp3.internal.http.BridgeInterceptor.intercept(BridgeInterceptor.java:93)
	at okhttp3.internal.http.RealInterceptorChain.proceed(RealInterceptorChain.java:147)
	at okhttp3.internal.http.RetryAndFollowUpInterceptor.intercept(RetryAndFollowUpInterceptor.java:126)
	at okhttp3.internal.http.RealInterceptorChain.proceed(RealInterceptorChain.java:147)
	at okhttp3.internal.http.RealInterceptorChain.proceed(RealInterceptorChain.java:121)
	at okhttp3.RealCall.getResponseWithInterceptorChain(RealCall.java:200)
	at okhttp3.RealCall.execute(RealCall.java:77)
	at org.openqa.selenium.remote.internal.OkHttpClient.execute(OkHttpClient.java:103)
	at org.openqa.selenium.remote.HttpCommandExecutor.execute(HttpCommandExecutor.java:155)
	at io.appium.java_client.remote.AppiumCommandExecutor.execute(AppiumCommandExecutor.java:239)
	at org.openqa.selenium.remote.RemoteWebDriver.execute(RemoteWebDriver.java:552)
	at io.appium.java_client.DefaultGenericMobileDriver.execute(DefaultGenericMobileDriver.java:42)
	at io.appium.java_client.AppiumDriver.execute(AppiumDriver.java:1)
	at io.appium.java_client.android.AndroidDriver.execute(AndroidDriver.java:1)
	at com.kms.katalon.core.appium.driver.SwipeableAndroidDriver.execute(SwipeableAndroidDriver.java:1)
	at org.openqa.selenium.remote.RemoteWebElement.execute(RemoteWebElement.java:285)
	at io.appium.java_client.DefaultGenericMobileElement.execute(DefaultGenericMobileElement.java:45)
	at io.appium.java_client.MobileElement.execute(MobileElement.java:1)
	at io.appium.java_client.android.AndroidElement.execute(AndroidElement.java:1)
	at org.openqa.selenium.remote.RemoteWebElement.getLocation(RemoteWebElement.java:337)
	at org.openqa.selenium.WebElement$getLocation.call(Unknown Source)
	at com.kms.katalon.core.mobile.keyword.internal.MobileAbstractKeyword.findElement(MobileAbstractKeyword.groovy:86)
	at com.kms.katalon.core.mobile.keyword.builtin.VerifyElementTextKeyword.access$1(VerifyElementTextKeyword.groovy)
	at com.kms.katalon.core.mobile.keyword.builtin.VerifyElementTextKeyword$_verifyElementText_closure1.doCall(VerifyElementTextKeyword.groovy:47)
	at com.kms.katalon.core.mobile.keyword.builtin.VerifyElementTextKeyword$_verifyElementText_closure1.call(VerifyElementTextKeyword.groovy)
	at com.kms.katalon.core.mobile.keyword.internal.MobileKeywordMain.runKeyword(MobileKeywordMain.groovy:21)
	at com.kms.katalon.core.mobile.keyword.builtin.VerifyElementTextKeyword.verifyElementText(VerifyElementTextKeyword.groovy:62)
	at com.kms.katalon.core.mobile.keyword.builtin.VerifyElementTextKeyword.execute(VerifyElementTextKeyword.groovy:39)
	at com.kms.katalon.core.keyword.internal.KeywordExecutor.executeKeywordForPlatform(KeywordExecutor.groovy:74)
	at com.kms.katalon.core.mobile.keyword.MobileBuiltInKeywords.verifyElementText(MobileBuiltInKeywords.groovy:2901)
	at com.kms.katalon.core.mobile.keyword.MobileBuiltInKeywords$verifyElementText$4.call(Unknown Source)
	at Script1690362225853.run(Script1690362225853.groovy:72)
	... 13 more
Caused by: java.net.SocketException: Socket closed
	at okio.Okio$1.write(Okio.java:79)
	at okio.AsyncTimeout$1.write(AsyncTimeout.java:180)
	at okio.RealBufferedSink.flush(RealBufferedSink.java:224)
	at okhttp3.internal.http1.Http1Codec.finishRequest(Http1Codec.java:166)
	at okhttp3.internal.http.CallServerInterceptor.intercept(CallServerInterceptor.java:84)
	at okhttp3.internal.http.RealInterceptorChain.proceed(RealInterceptorChain.java:147)
	at okhttp3.internal.http.RealInterceptorChain.proceed(RealInterceptorChain.java:121)
	at org.openqa.selenium.remote.internal.OkHttpClient$Factory$1.lambda$createClient$1(OkHttpClient.java:152)
	at okhttp3.internal.http.RealInterceptorChain.proceed(RealInterceptorChain.java:147)
	at okhttp3.internal.connection.ConnectInterceptor.intercept(ConnectInterceptor.java:45)
	at okhttp3.internal.http.RealInterceptorChain.proceed(RealInterceptorChain.java:147)
	at okhttp3.internal.http.RealInterceptorChain.proceed(RealInterceptorChain.java:121)
	at okhttp3.internal.cache.CacheInterceptor.intercept(CacheInterceptor.java:93)
	at okhttp3.internal.http.RealInterceptorChain.proceed(RealInterceptorChain.java:147)
	at okhttp3.internal.http.RealInterceptorChain.proceed(RealInterceptorChain.java:121)
	at okhttp3.internal.http.BridgeInterceptor.intercept(BridgeInterceptor.java:93)
	at okhttp3.internal.http.RealInterceptorChain.proceed(RealInterceptorChain.java:147)
	at okhttp3.internal.http.RetryAndFollowUpInterceptor.intercept(RetryAndFollowUpInterceptor.java:126)
	at okhttp3.internal.http.RealInterceptorChain.proceed(RealInterceptorChain.java:147)
	at okhttp3.internal.http.RealInterceptorChain.proceed(RealInterceptorChain.java:121)
	at okhttp3.RealCall.getResponseWithInterceptorChain(RealCall.java:200)
	at okhttp3.RealCall.execute(RealCall.java:77)
	at org.openqa.selenium.remote.internal.OkHttpClient.execute(OkHttpClient.java:103)
	at org.openqa.selenium.remote.HttpCommandExecutor.execute(HttpCommandExecutor.java:155)
	at io.appium.java_client.remote.AppiumCommandExecutor.execute(AppiumCommandExecutor.java:239)
	at org.openqa.selenium.remote.RemoteWebDriver.execute(RemoteWebDriver.java:552)
	at io.appium.java_client.DefaultGenericMobileDriver.execute(DefaultGenericMobileDriver.java:42)
	at io.appium.java_client.AppiumDriver.execute(AppiumDriver.java:1)
	at io.appium.java_client.android.AndroidDriver.execute(AndroidDriver.java:1)
	at com.kms.katalon.core.appium.driver.SwipeableAndroidDriver.execute(SwipeableAndroidDriver.java:1)
	at org.openqa.selenium.remote.RemoteWebElement.execute(RemoteWebElement.java:285)
	at io.appium.java_client.DefaultGenericMobileElement.execute(DefaultGenericMobileElement.java:45)
	at io.appium.java_client.MobileElement.execute(MobileElement.java:1)
	at io.appium.java_client.android.AndroidElement.execute(AndroidElement.java:1)
	at org.openqa.selenium.remote.RemoteWebElement.getLocation(RemoteWebElement.java:337)
	at org.openqa.selenium.WebElement$getLocation.call(Unknown Source)
	at com.kms.katalon.core.mobile.keyword.internal.MobileAbstractKeyword.findElement(MobileAbstractKeyword.groovy:86)
	at com.kms.katalon.core.mobile.keyword.builtin.VerifyElementTextKeyword.access$1(VerifyElementTextKeyword.groovy)
	at com.kms.katalon.core.mobile.keyword.builtin.VerifyElementTextKeyword$_verifyElementText_closure1.doCall(VerifyElementTextKeyword.groovy:47)
	at com.kms.katalon.core.mobile.keyword.builtin.VerifyElementTextKeyword$_verifyElementText_closure1.call(VerifyElementTextKeyword.groovy)
	at com.kms.katalon.core.mobile.keyword.internal.MobileKeywordMain.runKeyword(MobileKeywordMain.groovy:21)
	at com.kms.katalon.core.mobile.keyword.builtin.VerifyElementTextKeyword.verifyElementText(VerifyElementTextKeyword.groovy:62)
	at com.kms.katalon.core.mobile.keyword.builtin.VerifyElementTextKeyword.execute(VerifyElementTextKeyword.groovy:39)
	at com.kms.katalon.core.keyword.internal.KeywordExecutor.executeKeywordForPlatform(KeywordExecutor.groovy:74)
	at com.kms.katalon.core.mobile.keyword.MobileBuiltInKeywords.verifyElementText(MobileBuiltInKeywords.groovy:2901)
	at com.kms.katalon.core.mobile.keyword.MobileBuiltInKeywords$verifyElementText$4.call(Unknown Source)
	at Wound List.run(Wound List:72)
	... 13 more]]></system-err>
   </testsuite>
</testsuites>
