<?xml version="1.0" encoding="UTF-8"?>
<testsuites name="Menu and other services" time="145.888" tests="7" failures="0" errors="0">
   <testsuite name="Menu and other services" tests="7" failures="0" errors="0" time="145.888" skipped="0" timestamp="2023-07-31 15:16:33" hostname="Amarir - DESKTOP-EE3F8H4" id="Test Suites/Menu and other services">
      <properties>
         <property name="deviceName" value="samsung SM-N975F (Android 12)"/>
         <property name="devicePlatform" value=""/>
         <property name="logFolder" value="C:\\Users\\Amarir\\git\\IS_Katalon_Lite_Version\\Reports\\20230731_151623\\Menu and other services\\20230731_151623"/>
         <property name="logFiles" value="C:\\Users\\Amarir\\git\\IS_Katalon_Lite_Version\\Reports\\20230731_151623\\Menu and other services\\20230731_151623\\appium.log, C:\\Users\\Amarir\\git\\IS_Katalon_Lite_Version\\Reports\\20230731_151623\\Menu and other services\\20230731_151623\\execution0.log"/>
         <property name="attachments" value=""/>
         <property name="hostName" value="Amarir - DESKTOP-EE3F8H4"/>
         <property name="os" value="Windows 10 64bit"/>
         <property name="appiumServerStatus" value="{&quot;value&quot;:{&quot;build&quot;:{&quot;version&quot;:&quot;1.22.0&quot;}},&quot;sessionId&quot;:null,&quot;status&quot;:0}"/>
         <property name="katalonVersion" value="8.6.0.208"/>
         <property name="deviceOS" value="Android"/>
         <property name="appiumVersion" value="1.22.0"/>
         <property name="deviceModel" value="SM-N975F"/>
         <property name="hostAddress" value="192.168.234.1"/>
         <property name="deviceManufacturer" value="samsung"/>
         <property name="deviceId" value="RF8N307NKZV"/>
         <property name="deviceName" value="samsung SM-N975F (Android 12)"/>
         <property name="deviceOSVersion" value="12"/>
      </properties>
      <testcase name="Test Cases/User Managemenet/Login" time="52.744" classname="Test Cases/User Managemenet/Login" status="PASSED">
         <system-out><![CDATA[2023-07-31 15:16:34 - [TEST_CASE][PASSED] - Test Cases/User Managemenet/Login: Test Cases/User Managemenet/Login

2023-07-31 15:16:35 - [TEST_STEP][PASSED] - startApplication("C:\Users\Amarir\Downloads\APK\IS\app-release.apk", true): Started app at: 'C:\Users\Amarir\Downloads\APK\IS\app-release.apk'

2023-07-31 15:16:36 - [MESSAGE][INFO] - Detected NodeJS location: "C:\Program Files\nodejs\node.exe"

2023-07-31 15:16:38 - [MESSAGE][INFO] - Appium server started on port 62,772

2023-07-31 15:17:16 - [MESSAGE][PASSED] - Started app at: 'C:\Users\Amarir\Downloads\APK\IS\app-release.apk'

2023-07-31 15:17:16 - [TEST_STEP][PASSED] - setText(findTestObject("User Management/Login/android.widget.EditText - username"), LoginCreds.get("username"), 30): Text 'Katalon' has been set to element 'Object Repository/User Management/Login/android.widget.EditText - username'

2023-07-31 15:17:20 - [MESSAGE][PASSED] - Text 'Katalon' has been set to element 'Object Repository/User Management/Login/android.widget.EditText - username'

2023-07-31 15:17:20 - [TEST_STEP][PASSED] - setText(findTestObject("User Management/Login/android.widget.EditText - password"), LoginCreds.get("password"), 30): Text 'eKare123@' has been set to element 'Object Repository/User Management/Login/android.widget.EditText - password'

2023-07-31 15:17:21 - [MESSAGE][PASSED] - Text 'eKare123@' has been set to element 'Object Repository/User Management/Login/android.widget.EditText - password'

2023-07-31 15:17:21 - [TEST_STEP][PASSED] - tap(findTestObject("User Management/Login/android.view.ViewGroup - sign in"), 30): Tapped on element 'Object Repository/User Management/Login/android.view.ViewGroup - sign in'

2023-07-31 15:17:22 - [MESSAGE][PASSED] - Tapped on element 'Object Repository/User Management/Login/android.view.ViewGroup - sign in'

2023-07-31 15:17:22 - [TEST_STEP][PASSED] - tap(findTestObject("Object Repository/User Management/Login/android.widget.TextView - Katalon"), 30): Tapped on element 'Object Repository/User Management/Login/android.widget.TextView - Katalon'

2023-07-31 15:17:24 - [MESSAGE][PASSED] - Tapped on element 'Object Repository/User Management/Login/android.widget.TextView - Katalon'

2023-07-31 15:17:24 - [TEST_STEP][PASSED] - delay(2, STOP_ON_FAILURE): Delayed 2 second(s)

2023-07-31 15:17:26 - [MESSAGE][PASSED] - Delayed 2 second(s)

2023-07-31 15:17:26 - [TEST_STEP][PASSED] - verifyElementExist(findTestObject("Object Repository/User Management/Login/android.widget.TextView - Patient Directory"), 30): Element 'Object Repository/User Management/Login/android.widget.TextView - Patient Directory' is exist

2023-07-31 15:17:26 - [MESSAGE][PASSED] - Element 'Object Repository/User Management/Login/android.widget.TextView - Patient Directory' is exist]]></system-out>
         <system-err><![CDATA[]]></system-err>
      </testcase>
      <testcase name="Test Cases/Menu and other services/Switch between sites" time="17.676" classname="Test Cases/Menu and other services/Switch between sites" status="PASSED">
         <system-out><![CDATA[2023-07-31 15:17:26 - [TEST_CASE][PASSED] - Test Cases/Menu and other services/Switch between sites: Test Cases/Menu and other services/Switch between sites

2023-07-31 15:17:27 - [TEST_STEP][PASSED] - tap(findTestObject("Object Repository/Menu and other services/Switch between sites/android.widget.ImageView - Menu"), 30): Tapped on element 'Object Repository/Menu and other services/Switch between sites/android.widget.ImageView - Menu'

2023-07-31 15:17:28 - [MESSAGE][PASSED] - Tapped on element 'Object Repository/Menu and other services/Switch between sites/android.widget.ImageView - Menu'

2023-07-31 15:17:28 - [TEST_STEP][PASSED] - tap(findTestObject("Object Repository/Menu and other services/Switch between sites/android.widget.TextView - Site"), 30): Tapped on element 'Object Repository/Menu and other services/Switch between sites/android.widget.TextView - Site'

2023-07-31 15:17:29 - [MESSAGE][PASSED] - Tapped on element 'Object Repository/Menu and other services/Switch between sites/android.widget.TextView - Site'

2023-07-31 15:17:29 - [TEST_STEP][PASSED] - tap(findTestObject("Object Repository/Menu and other services/Switch between sites/android.widget.TextView - Test1"), 30): Tapped on element 'Object Repository/Menu and other services/Switch between sites/android.widget.TextView - Test1'

2023-07-31 15:17:30 - [MESSAGE][PASSED] - Tapped on element 'Object Repository/Menu and other services/Switch between sites/android.widget.TextView - Test1'

2023-07-31 15:17:30 - [TEST_STEP][PASSED] - tap(findTestObject("Object Repository/Menu and other services/Switch between sites/android.widget.ImageView - Menu"), 30): Tapped on element 'Object Repository/Menu and other services/Switch between sites/android.widget.ImageView - Menu'

2023-07-31 15:17:34 - [MESSAGE][PASSED] - Tapped on element 'Object Repository/Menu and other services/Switch between sites/android.widget.ImageView - Menu'

2023-07-31 15:17:34 - [TEST_STEP][PASSED] - tap(findTestObject("Menu and other services/Switch between sites/android.widget.TextView - Site"), 30): Tapped on element 'Object Repository/Menu and other services/Switch between sites/android.widget.TextView - Site'

2023-07-31 15:17:36 - [MESSAGE][PASSED] - Tapped on element 'Object Repository/Menu and other services/Switch between sites/android.widget.TextView - Site'

2023-07-31 15:17:36 - [TEST_STEP][PASSED] - tap(findTestObject("Object Repository/Menu and other services/Switch between sites/android.widget.TextView - site user"), 30): Tapped on element 'Object Repository/Menu and other services/Switch between sites/android.widget.TextView - site user'

2023-07-31 15:17:37 - [MESSAGE][PASSED] - Tapped on element 'Object Repository/Menu and other services/Switch between sites/android.widget.TextView - site user'

2023-07-31 15:17:37 - [TEST_STEP][PASSED] - tap(findTestObject("Menu and other services/Switch between sites/android.widget.ImageView - Menu"), 30): Tapped on element 'Object Repository/Menu and other services/Switch between sites/android.widget.ImageView - Menu'

2023-07-31 15:17:41 - [MESSAGE][PASSED] - Tapped on element 'Object Repository/Menu and other services/Switch between sites/android.widget.ImageView - Menu'

2023-07-31 15:17:41 - [TEST_STEP][PASSED] - tap(findTestObject("Menu and other services/Switch between sites/android.widget.TextView - Site"), 30): Tapped on element 'Object Repository/Menu and other services/Switch between sites/android.widget.TextView - Site'

2023-07-31 15:17:43 - [MESSAGE][PASSED] - Tapped on element 'Object Repository/Menu and other services/Switch between sites/android.widget.TextView - Site'

2023-07-31 15:17:43 - [TEST_STEP][PASSED] - tap(findTestObject("Object Repository/Menu and other services/Switch between sites/android.widget.TextView - Katalon"), 30): Tapped on element 'Object Repository/Menu and other services/Switch between sites/android.widget.TextView - Katalon'

2023-07-31 15:17:44 - [MESSAGE][PASSED] - Tapped on element 'Object Repository/Menu and other services/Switch between sites/android.widget.TextView - Katalon']]></system-out>
         <system-err><![CDATA[]]></system-err>
      </testcase>
      <testcase name="Test Cases/Menu and other services/About" time="11.465" classname="Test Cases/Menu and other services/About" status="PASSED">
         <system-out><![CDATA[2023-07-31 15:17:44 - [TEST_CASE][PASSED] - Test Cases/Menu and other services/About: Test Cases/Menu and other services/About

2023-07-31 15:17:45 - [TEST_STEP][PASSED] - tap(findTestObject("Object Repository/Menu and other services/About/android.widget.ImageView - Menu"), 30): Tapped on element 'Object Repository/Menu and other services/About/android.widget.ImageView - Menu'

2023-07-31 15:17:49 - [MESSAGE][PASSED] - Tapped on element 'Object Repository/Menu and other services/About/android.widget.ImageView - Menu'

2023-07-31 15:17:49 - [TEST_STEP][PASSED] - tap(findTestObject("Object Repository/Menu and other services/About/android.widget.TextView - About"), 30): Tapped on element 'Object Repository/Menu and other services/About/android.widget.TextView - About'

2023-07-31 15:17:50 - [MESSAGE][PASSED] - Tapped on element 'Object Repository/Menu and other services/About/android.widget.TextView - About'

2023-07-31 15:17:50 - [TEST_STEP][PASSED] - verifyElementText(findTestObject("Object Repository/Menu and other services/About/android.widget.TextView - Katalon"), "Katalon"): Actual text and expected text of test object 'Object Repository/Menu and other services/About/android.widget.TextView - Katalon' are matched.

2023-07-31 15:17:52 - [MESSAGE][PASSED] - Actual text and expected text of test object 'Object Repository/Menu and other services/About/android.widget.TextView - Katalon' are matched.

2023-07-31 15:17:52 - [TEST_STEP][PASSED] - verifyElementText(findTestObject("Object Repository/Menu and other services/About/android.widget.TextView - Katalon (1)"), "Katalon"): Actual text and expected text of test object 'Object Repository/Menu and other services/About/android.widget.TextView - Katalon (1)' are matched.

2023-07-31 15:17:52 - [MESSAGE][PASSED] - Actual text and expected text of test object 'Object Repository/Menu and other services/About/android.widget.TextView - Katalon (1)' are matched.

2023-07-31 15:17:52 - [TEST_STEP][PASSED] - scrollToText("UDI"): Scrolling to text 'UDI' successfully

2023-07-31 15:17:55 - [MESSAGE][PASSED] - Scrolling to text 'UDI' successfully

2023-07-31 15:17:55 - [TEST_STEP][PASSED] - verifyElementText(findTestObject("Object Repository/Menu and other services/About/android.widget.TextView - 2.1"), "2.1"): Actual text and expected text of test object 'Object Repository/Menu and other services/About/android.widget.TextView - 2.1' are matched.

2023-07-31 15:17:55 - [MESSAGE][PASSED] - Actual text and expected text of test object 'Object Repository/Menu and other services/About/android.widget.TextView - 2.1' are matched.

2023-07-31 15:17:55 - [TEST_STEP][PASSED] - tap(findTestObject("Object Repository/Menu and other services/About/android.widget.ImageView - close"), 30): Tapped on element 'Object Repository/Menu and other services/About/android.widget.ImageView - close'

2023-07-31 15:17:56 - [MESSAGE][PASSED] - Tapped on element 'Object Repository/Menu and other services/About/android.widget.ImageView - close']]></system-out>
         <system-err><![CDATA[]]></system-err>
      </testcase>
      <testcase name="Test Cases/Menu and other services/Automatic adjustment of Date format" time="11.561" classname="Test Cases/Menu and other services/Automatic adjustment of Date format" status="PASSED">
         <system-out><![CDATA[2023-07-31 15:17:56 - [TEST_CASE][PASSED] - Test Cases/Menu and other services/Automatic adjustment of Date format: Test Cases/Menu and other services/Automatic adjustment of Date format

2023-07-31 15:17:56 - [TEST_STEP][PASSED] - date = getText(findTestObject("Object Repository/Menu and other services/Automatic adjustment of Date format/android.widget.TextView - 27072023"), 30, STOP_ON_FAILURE): Text of element 'Object Repository/Menu and other services/Automatic adjustment of Date format/android.widget.TextView - 27072023' is: '27/07/2023'

2023-07-31 15:17:57 - [MESSAGE][PASSED] - Text of element 'Object Repository/Menu and other services/Automatic adjustment of Date format/android.widget.TextView - 27072023' is: '27/07/2023'

2023-07-31 15:17:57 - [TEST_STEP][PASSED] - verifyMatch(date, "[0-9]{2}/[0-9]{2}/[0-9]{4}", true, STOP_ON_FAILURE): Actual text '27/07/2023' and expected text '[0-9]{2}/[0-9]{2}/[0-9]{4}' are matched  using regular expression

2023-07-31 15:17:57 - [MESSAGE][PASSED] - Actual text '27/07/2023' and expected text '[0-9]{2}/[0-9]{2}/[0-9]{4}' are matched  using regular expression

2023-07-31 15:17:57 - [TEST_STEP][PASSED] - tap(findTestObject("Object Repository/Menu and other services/Automatic adjustment of Date format/android.widget.ImageView - Menu"), 30): Tapped on element 'Object Repository/Menu and other services/Automatic adjustment of Date format/android.widget.ImageView - Menu'

2023-07-31 15:17:57 - [MESSAGE][PASSED] - Tapped on element 'Object Repository/Menu and other services/Automatic adjustment of Date format/android.widget.ImageView - Menu'

2023-07-31 15:17:57 - [TEST_STEP][PASSED] - tap(findTestObject("Object Repository/Menu and other services/Automatic adjustment of Date format/android.widget.TextView - Site"), 30): Tapped on element 'Object Repository/Menu and other services/Automatic adjustment of Date format/android.widget.TextView - Site'

2023-07-31 15:17:59 - [MESSAGE][PASSED] - Tapped on element 'Object Repository/Menu and other services/Automatic adjustment of Date format/android.widget.TextView - Site'

2023-07-31 15:17:59 - [TEST_STEP][PASSED] - tap(findTestObject("Object Repository/Menu and other services/Automatic adjustment of Date format/android.widget.TextView - site user"), 30): Tapped on element 'Object Repository/Menu and other services/Automatic adjustment of Date format/android.widget.TextView - site user'

2023-07-31 15:18:00 - [MESSAGE][PASSED] - Tapped on element 'Object Repository/Menu and other services/Automatic adjustment of Date format/android.widget.TextView - site user'

2023-07-31 15:18:00 - [TEST_STEP][PASSED] - date1 = getText(findTestObject("Menu and other services/Automatic adjustment of Date format/android.widget.TextView - 20230727"), 30): Text of element 'Object Repository/Menu and other services/Automatic adjustment of Date format/android.widget.TextView - 20230727' is: '2023/07/27'

2023-07-31 15:18:04 - [MESSAGE][PASSED] - Text of element 'Object Repository/Menu and other services/Automatic adjustment of Date format/android.widget.TextView - 20230727' is: '2023/07/27'

2023-07-31 15:18:04 - [TEST_STEP][PASSED] - verifyMatch(date1, "[0-9]{4}/[0-9]{2}/[0-9]{2}", true, STOP_ON_FAILURE): Actual text '2023/07/27' and expected text '[0-9]{4}/[0-9]{2}/[0-9]{2}' are matched  using regular expression

2023-07-31 15:18:04 - [MESSAGE][PASSED] - Actual text '2023/07/27' and expected text '[0-9]{4}/[0-9]{2}/[0-9]{2}' are matched  using regular expression

2023-07-31 15:18:04 - [TEST_STEP][PASSED] - tap(findTestObject("Object Repository/Menu and other services/Automatic adjustment of Date format/android.widget.ImageView - Menu"), 30): Tapped on element 'Object Repository/Menu and other services/Automatic adjustment of Date format/android.widget.ImageView - Menu'

2023-07-31 15:18:05 - [MESSAGE][PASSED] - Tapped on element 'Object Repository/Menu and other services/Automatic adjustment of Date format/android.widget.ImageView - Menu'

2023-07-31 15:18:05 - [TEST_STEP][PASSED] - tap(findTestObject("Menu and other services/Automatic adjustment of Date format/android.widget.TextView - Site"), 30): Tapped on element 'Object Repository/Menu and other services/Automatic adjustment of Date format/android.widget.TextView - Site'

2023-07-31 15:18:06 - [MESSAGE][PASSED] - Tapped on element 'Object Repository/Menu and other services/Automatic adjustment of Date format/android.widget.TextView - Site'

2023-07-31 15:18:06 - [TEST_STEP][PASSED] - tap(findTestObject("Object Repository/Menu and other services/Automatic adjustment of Date format/android.widget.TextView - Katalon"), 30): Tapped on element 'Object Repository/Menu and other services/Automatic adjustment of Date format/android.widget.TextView - Katalon'

2023-07-31 15:18:07 - [MESSAGE][PASSED] - Tapped on element 'Object Repository/Menu and other services/Automatic adjustment of Date format/android.widget.TextView - Katalon']]></system-out>
         <system-err><![CDATA[]]></system-err>
      </testcase>
      <testcase name="Test Cases/Menu and other services/Phone general tuto" time="11.308" classname="Test Cases/Menu and other services/Phone general tuto" status="PASSED">
         <system-out><![CDATA[2023-07-31 15:18:07 - [TEST_CASE][PASSED] - Test Cases/Menu and other services/Phone general tuto: Test Cases/Menu and other services/Phone general tuto

2023-07-31 15:18:08 - [TEST_STEP][PASSED] - tap(findTestObject("Object Repository/Menu and other services/Phone General Tuto/android.widget.ImageView - Menu"), 30): Tapped on element 'Object Repository/Menu and other services/Phone General Tuto/android.widget.ImageView - Menu'

2023-07-31 15:18:12 - [MESSAGE][PASSED] - Tapped on element 'Object Repository/Menu and other services/Phone General Tuto/android.widget.ImageView - Menu'

2023-07-31 15:18:12 - [TEST_STEP][PASSED] - tap(findTestObject("Object Repository/Menu and other services/Phone General Tuto/android.widget.TextView - Help"), 30): Tapped on element 'Object Repository/Menu and other services/Phone General Tuto/android.widget.TextView - Help'

2023-07-31 15:18:13 - [MESSAGE][PASSED] - Tapped on element 'Object Repository/Menu and other services/Phone General Tuto/android.widget.TextView - Help'

2023-07-31 15:18:13 - [TEST_STEP][PASSED] - tap(findTestObject("Object Repository/Menu and other services/Phone General Tuto/android.widget.TextView - App Intro"), 30): Tapped on element 'Object Repository/Menu and other services/Phone General Tuto/android.widget.TextView - App Intro'

2023-07-31 15:18:14 - [MESSAGE][PASSED] - Tapped on element 'Object Repository/Menu and other services/Phone General Tuto/android.widget.TextView - App Intro'

2023-07-31 15:18:14 - [TEST_STEP][PASSED] - verifyElementExist(findTestObject("Object Repository/Menu and other services/Phone General Tuto/android.view.ViewGroup - Tuto"), 30): Element 'Object Repository/Menu and other services/Phone General Tuto/android.view.ViewGroup - Tuto' is exist

2023-07-31 15:18:16 - [MESSAGE][PASSED] - Element 'Object Repository/Menu and other services/Phone General Tuto/android.view.ViewGroup - Tuto' is exist

2023-07-31 15:18:16 - [TEST_STEP][PASSED] - verifyElementExist(findTestObject("Object Repository/Menu and other services/Phone General Tuto/android.widget.TextView - Welcome to inSight"), 30): Element 'Object Repository/Menu and other services/Phone General Tuto/android.widget.TextView - Welcome to inSight' is exist

2023-07-31 15:18:16 - [MESSAGE][PASSED] - Element 'Object Repository/Menu and other services/Phone General Tuto/android.widget.TextView - Welcome to inSight' is exist

2023-07-31 15:18:16 - [TEST_STEP][PASSED] - verifyElementExist(findTestObject("Object Repository/Menu and other services/Phone General Tuto/android.widget.TextView - Skip"), 30): Element 'Object Repository/Menu and other services/Phone General Tuto/android.widget.TextView - Skip' is exist

2023-07-31 15:18:17 - [MESSAGE][PASSED] - Element 'Object Repository/Menu and other services/Phone General Tuto/android.widget.TextView - Skip' is exist

2023-07-31 15:18:17 - [TEST_STEP][PASSED] - verifyElementExist(findTestObject("Object Repository/Menu and other services/Phone General Tuto/android.widget.TextView - next"), 30): Element 'Object Repository/Menu and other services/Phone General Tuto/android.widget.TextView - next' is exist

2023-07-31 15:18:17 - [MESSAGE][PASSED] - Element 'Object Repository/Menu and other services/Phone General Tuto/android.widget.TextView - next' is exist

2023-07-31 15:18:17 - [TEST_STEP][PASSED] - tap(findTestObject("Menu and other services/Phone General Tuto/android.widget.TextView - next"), 30): Tapped on element 'Object Repository/Menu and other services/Phone General Tuto/android.widget.TextView - next'

2023-07-31 15:18:17 - [MESSAGE][PASSED] - Tapped on element 'Object Repository/Menu and other services/Phone General Tuto/android.widget.TextView - next'

2023-07-31 15:18:17 - [TEST_STEP][PASSED] - verifyElementText(findTestObject("Object Repository/Menu and other services/Phone General Tuto/android.widget.TextView - Add a wound"), "Add a wound"): Actual text and expected text of test object 'Object Repository/Menu and other services/Phone General Tuto/android.widget.TextView - Add a wound' are matched.

2023-07-31 15:18:18 - [MESSAGE][PASSED] - Actual text and expected text of test object 'Object Repository/Menu and other services/Phone General Tuto/android.widget.TextView - Add a wound' are matched.

2023-07-31 15:18:18 - [TEST_STEP][PASSED] - tap(findTestObject("Menu and other services/Phone General Tuto/android.widget.TextView - Skip"), 30): Tapped on element 'Object Repository/Menu and other services/Phone General Tuto/android.widget.TextView - Skip'

2023-07-31 15:18:19 - [MESSAGE][PASSED] - Tapped on element 'Object Repository/Menu and other services/Phone General Tuto/android.widget.TextView - Skip']]></system-out>
         <system-err><![CDATA[]]></system-err>
      </testcase>
      <testcase name="Test Cases/Menu and other services/Language" time="20.625" classname="Test Cases/Menu and other services/Language" status="PASSED">
         <system-out><![CDATA[2023-07-31 15:18:19 - [TEST_CASE][PASSED] - Test Cases/Menu and other services/Language: Test Cases/Menu and other services/Language

2023-07-31 15:18:19 - [TEST_STEP][PASSED] - tap(findTestObject("Object Repository/Menu and other services/Language/android.widget.ImageView - Menu"), 30): Tapped on element 'Object Repository/Menu and other services/Language/android.widget.ImageView - Menu'

2023-07-31 15:18:20 - [MESSAGE][PASSED] - Tapped on element 'Object Repository/Menu and other services/Language/android.widget.ImageView - Menu'

2023-07-31 15:18:20 - [TEST_STEP][PASSED] - tap(findTestObject("Object Repository/Menu and other services/Language/android.widget.TextView - Settings"), 30): Tapped on element 'Object Repository/Menu and other services/Language/android.widget.TextView - Settings'

2023-07-31 15:18:21 - [MESSAGE][PASSED] - Tapped on element 'Object Repository/Menu and other services/Language/android.widget.TextView - Settings'

2023-07-31 15:18:21 - [TEST_STEP][PASSED] - tap(findTestObject("Object Repository/Menu and other services/Language/android.widget.TextView - English"), 30): Tapped on element 'Object Repository/Menu and other services/Language/android.widget.TextView - English'

2023-07-31 15:18:23 - [MESSAGE][PASSED] - Tapped on element 'Object Repository/Menu and other services/Language/android.widget.TextView - English'

2023-07-31 15:18:23 - [TEST_STEP][PASSED] - tap(findTestObject("Object Repository/Menu and other services/Language/android.widget.TextView - Deutsch"), 30): Tapped on element 'Object Repository/Menu and other services/Language/android.widget.TextView - Deutsch'

2023-07-31 15:18:24 - [MESSAGE][PASSED] - Tapped on element 'Object Repository/Menu and other services/Language/android.widget.TextView - Deutsch'

2023-07-31 15:18:24 - [TEST_STEP][PASSED] - tap(findTestObject("Object Repository/Menu and other services/Language/android.view.ViewGroup"), 30): Tapped on element 'Object Repository/Menu and other services/Language/android.view.ViewGroup'

2023-07-31 15:18:28 - [MESSAGE][PASSED] - Tapped on element 'Object Repository/Menu and other services/Language/android.view.ViewGroup'

2023-07-31 15:18:28 - [TEST_STEP][PASSED] - verifyElementText(findTestObject("Object Repository/Menu and other services/Language/android.widget.TextView - Geschlecht"), "Geschlecht"): Actual text and expected text of test object 'Object Repository/Menu and other services/Language/android.widget.TextView - Geschlecht' are matched.

2023-07-31 15:18:30 - [MESSAGE][PASSED] - Actual text and expected text of test object 'Object Repository/Menu and other services/Language/android.widget.TextView - Geschlecht' are matched.

2023-07-31 15:18:30 - [TEST_STEP][PASSED] - verifyElementText(findTestObject("Object Repository/Menu and other services/Language/android.widget.TextView - Geburtstag"), "Geburtstag"): Actual text and expected text of test object 'Object Repository/Menu and other services/Language/android.widget.TextView - Geburtstag' are matched.

2023-07-31 15:18:31 - [MESSAGE][PASSED] - Actual text and expected text of test object 'Object Repository/Menu and other services/Language/android.widget.TextView - Geburtstag' are matched.

2023-07-31 15:18:31 - [TEST_STEP][PASSED] - verifyElementText(findTestObject("Object Repository/Menu and other services/Language/android.widget.TextView - Alter"), "Alter"): Actual text and expected text of test object 'Object Repository/Menu and other services/Language/android.widget.TextView - Alter' are matched.

2023-07-31 15:18:31 - [MESSAGE][PASSED] - Actual text and expected text of test object 'Object Repository/Menu and other services/Language/android.widget.TextView - Alter' are matched.

2023-07-31 15:18:31 - [TEST_STEP][PASSED] - verifyElementText(findTestObject("Object Repository/Menu and other services/Language/android.widget.TextView - Zustimmung"), "Zustimmung"): Actual text and expected text of test object 'Object Repository/Menu and other services/Language/android.widget.TextView - Zustimmung' are matched.

2023-07-31 15:18:32 - [MESSAGE][PASSED] - Actual text and expected text of test object 'Object Repository/Menu and other services/Language/android.widget.TextView - Zustimmung' are matched.

2023-07-31 15:18:32 - [TEST_STEP][PASSED] - tap(findTestObject("Object Repository/Menu and other services/Language/android.widget.ImageView - Back"), 30): Tapped on element 'Object Repository/Menu and other services/Language/android.widget.ImageView - Back'

2023-07-31 15:18:32 - [MESSAGE][PASSED] - Tapped on element 'Object Repository/Menu and other services/Language/android.widget.ImageView - Back'

2023-07-31 15:18:32 - [TEST_STEP][PASSED] - tap(findTestObject("Object Repository/Menu and other services/Language/android.widget.ImageView - Menu (1)"), 30): Tapped on element 'Object Repository/Menu and other services/Language/android.widget.ImageView - Menu (1)'

2023-07-31 15:18:33 - [MESSAGE][PASSED] - Tapped on element 'Object Repository/Menu and other services/Language/android.widget.ImageView - Menu (1)'

2023-07-31 15:18:33 - [TEST_STEP][PASSED] - verifyElementText(findTestObject("Object Repository/Menu and other services/Language/android.widget.TextView - Seite"), "Seite"): Actual text and expected text of test object 'Object Repository/Menu and other services/Language/android.widget.TextView - Seite' are matched.

2023-07-31 15:18:35 - [MESSAGE][PASSED] - Actual text and expected text of test object 'Object Repository/Menu and other services/Language/android.widget.TextView - Seite' are matched.

2023-07-31 15:18:35 - [TEST_STEP][PASSED] - verifyElementText(findTestObject("Object Repository/Menu and other services/Language/android.widget.TextView - Offene Telegesundheit"), "Offene Telegesundheit"): Actual text and expected text of test object 'Object Repository/Menu and other services/Language/android.widget.TextView - Offene Telegesundheit' are matched.

2023-07-31 15:18:35 - [MESSAGE][PASSED] - Actual text and expected text of test object 'Object Repository/Menu and other services/Language/android.widget.TextView - Offene Telegesundheit' are matched.

2023-07-31 15:18:35 - [TEST_STEP][PASSED] - verifyElementText(findTestObject("Object Repository/Menu and other services/Language/android.widget.TextView - Hilfe"), "Hilfe"): Actual text and expected text of test object 'Object Repository/Menu and other services/Language/android.widget.TextView - Hilfe' are matched.

2023-07-31 15:18:35 - [MESSAGE][PASSED] - Actual text and expected text of test object 'Object Repository/Menu and other services/Language/android.widget.TextView - Hilfe' are matched.

2023-07-31 15:18:35 - [TEST_STEP][PASSED] - verifyElementText(findTestObject("Object Repository/Menu and other services/Language/android.widget.TextView - ber uns"), "Über uns"): Actual text and expected text of test object 'Object Repository/Menu and other services/Language/android.widget.TextView - ber uns' are matched.

2023-07-31 15:18:36 - [MESSAGE][PASSED] - Actual text and expected text of test object 'Object Repository/Menu and other services/Language/android.widget.TextView - ber uns' are matched.

2023-07-31 15:18:36 - [TEST_STEP][PASSED] - verifyElementText(findTestObject("Object Repository/Menu and other services/Language/android.widget.TextView - Einstellungen"), "Einstellungen"): Actual text and expected text of test object 'Object Repository/Menu and other services/Language/android.widget.TextView - Einstellungen' are matched.

2023-07-31 15:18:36 - [MESSAGE][PASSED] - Actual text and expected text of test object 'Object Repository/Menu and other services/Language/android.widget.TextView - Einstellungen' are matched.

2023-07-31 15:18:36 - [TEST_STEP][PASSED] - verifyElementText(findTestObject("Object Repository/Menu and other services/Language/android.widget.TextView - Ausloggen"), "Ausloggen"): Actual text and expected text of test object 'Object Repository/Menu and other services/Language/android.widget.TextView - Ausloggen' are matched.

2023-07-31 15:18:36 - [MESSAGE][PASSED] - Actual text and expected text of test object 'Object Repository/Menu and other services/Language/android.widget.TextView - Ausloggen' are matched.

2023-07-31 15:18:36 - [TEST_STEP][PASSED] - tap(findTestObject("Menu and other services/Language/android.widget.TextView - Einstellungen"), 30): Tapped on element 'Object Repository/Menu and other services/Language/android.widget.TextView - Einstellungen'

2023-07-31 15:18:37 - [MESSAGE][PASSED] - Tapped on element 'Object Repository/Menu and other services/Language/android.widget.TextView - Einstellungen'

2023-07-31 15:18:37 - [TEST_STEP][PASSED] - tap(findTestObject("Object Repository/Menu and other services/Language/android.widget.TextView - Deutsch (1)"), 30): Tapped on element 'Object Repository/Menu and other services/Language/android.widget.TextView - Deutsch (1)'

2023-07-31 15:18:38 - [MESSAGE][PASSED] - Tapped on element 'Object Repository/Menu and other services/Language/android.widget.TextView - Deutsch (1)'

2023-07-31 15:18:38 - [TEST_STEP][PASSED] - tap(findTestObject("Object Repository/Menu and other services/Language/android.widget.TextView - English (1)"), 30): Tapped on element 'Object Repository/Menu and other services/Language/android.widget.TextView - English (1)'

2023-07-31 15:18:39 - [MESSAGE][PASSED] - Tapped on element 'Object Repository/Menu and other services/Language/android.widget.TextView - English (1)']]></system-out>
         <system-err><![CDATA[]]></system-err>
      </testcase>
      <testcase name="Test Cases/Menu and other services/Help" time="19.775" classname="Test Cases/Menu and other services/Help" status="PASSED">
         <system-out><![CDATA[2023-07-31 15:18:39 - [TEST_CASE][PASSED] - Test Cases/Menu and other services/Help: Test Cases/Menu and other services/Help

2023-07-31 15:18:40 - [TEST_STEP][PASSED] - tap(findTestObject("Object Repository/Menu and other services/Help/android.widget.ImageView - Menu"), 30): Tapped on element 'Object Repository/Menu and other services/Help/android.widget.ImageView - Menu'

2023-07-31 15:18:44 - [MESSAGE][PASSED] - Tapped on element 'Object Repository/Menu and other services/Help/android.widget.ImageView - Menu'

2023-07-31 15:18:44 - [TEST_STEP][PASSED] - tap(findTestObject("Object Repository/Menu and other services/Help/android.widget.TextView - Help"), 30): Tapped on element 'Object Repository/Menu and other services/Help/android.widget.TextView - Help'

2023-07-31 15:18:46 - [MESSAGE][PASSED] - Tapped on element 'Object Repository/Menu and other services/Help/android.widget.TextView - Help'

2023-07-31 15:18:46 - [TEST_STEP][PASSED] - tap(findTestObject("Object Repository/Menu and other services/Help/android.widget.TextView - Help Center"), 30): Tapped on element 'Object Repository/Menu and other services/Help/android.widget.TextView - Help Center'

2023-07-31 15:18:46 - [MESSAGE][PASSED] - Tapped on element 'Object Repository/Menu and other services/Help/android.widget.TextView - Help Center'

2023-07-31 15:18:46 - [TEST_STEP][PASSED] - verifyElementText(findTestObject("Object Repository/Menu and other services/Help/android.widget.TextView - Support"), "Support"): Actual text and expected text of test object 'Object Repository/Menu and other services/Help/android.widget.TextView - Support' are matched.

2023-07-31 15:18:47 - [MESSAGE][PASSED] - Actual text and expected text of test object 'Object Repository/Menu and other services/Help/android.widget.TextView - Support' are matched.

2023-07-31 15:18:47 - [TEST_STEP][PASSED] - verifyElementText(findTestObject("Object Repository/Menu and other services/Help/android.widget.TextView - Critical Notifications"), "Critical Notifications"): Actual text and expected text of test object 'Object Repository/Menu and other services/Help/android.widget.TextView - Critical Notifications' are matched.

2023-07-31 15:18:49 - [MESSAGE][PASSED] - Actual text and expected text of test object 'Object Repository/Menu and other services/Help/android.widget.TextView - Critical Notifications' are matched.

2023-07-31 15:18:49 - [TEST_STEP][PASSED] - pressBack(): Press back button successfully

2023-07-31 15:18:49 - [MESSAGE][PASSED] - Press back button successfully

2023-07-31 15:18:49 - [TEST_STEP][PASSED] - tap(findTestObject("Menu and other services/Help/android.widget.TextView - Help"), 30): Tapped on element 'Object Repository/Menu and other services/Help/android.widget.TextView - Help'

2023-07-31 15:18:50 - [MESSAGE][PASSED] - Tapped on element 'Object Repository/Menu and other services/Help/android.widget.TextView - Help'

2023-07-31 15:18:50 - [TEST_STEP][PASSED] - tap(findTestObject("Object Repository/Menu and other services/Help/android.widget.TextView - Send device info"), 30): Tapped on element 'Object Repository/Menu and other services/Help/android.widget.TextView - Send device info'

2023-07-31 15:18:51 - [MESSAGE][PASSED] - Tapped on element 'Object Repository/Menu and other services/Help/android.widget.TextView - Send device info'

2023-07-31 15:18:51 - [TEST_STEP][PASSED] - verifyElementText(findTestObject("Object Repository/Menu and other services/Help/android.widget.TextView - Device hardware and software information will be sent to eKare for troubleshooting"), "Device hardware and software information will be sent to eKare for troubleshooting"): Actual text and expected text of test object 'Object Repository/Menu and other services/Help/android.widget.TextView - Device hardware and software information will be sent to eKare for troubleshooting' are matched.

2023-07-31 15:18:52 - [MESSAGE][PASSED] - Actual text and expected text of test object 'Object Repository/Menu and other services/Help/android.widget.TextView - Device hardware and software information will be sent to eKare for troubleshooting' are matched.

2023-07-31 15:18:52 - [TEST_STEP][PASSED] - verifyElementExist(findTestObject("Object Repository/Menu and other services/Help/android.widget.Button - CANCEL"), 30): Element 'Object Repository/Menu and other services/Help/android.widget.Button - CANCEL' is exist

2023-07-31 15:18:52 - [MESSAGE][PASSED] - Element 'Object Repository/Menu and other services/Help/android.widget.Button - CANCEL' is exist

2023-07-31 15:18:52 - [TEST_STEP][PASSED] - verifyElementExist(findTestObject("Object Repository/Menu and other services/Help/android.widget.Button - PROCEED"), 30): Element 'Object Repository/Menu and other services/Help/android.widget.Button - PROCEED' is exist

2023-07-31 15:18:52 - [MESSAGE][PASSED] - Element 'Object Repository/Menu and other services/Help/android.widget.Button - PROCEED' is exist

2023-07-31 15:18:52 - [TEST_STEP][PASSED] - tap(findTestObject("Menu and other services/Help/android.widget.Button - PROCEED"), 30): Tapped on element 'Object Repository/Menu and other services/Help/android.widget.Button - PROCEED'

2023-07-31 15:18:53 - [MESSAGE][PASSED] - Tapped on element 'Object Repository/Menu and other services/Help/android.widget.Button - PROCEED'

2023-07-31 15:18:53 - [TEST_STEP][PASSED] - verifyElementText(findTestObject("Object Repository/Menu and other services/Help/android.widget.TextView - Information sent successfully"), "Information sent successfully"): Actual text and expected text of test object 'Object Repository/Menu and other services/Help/android.widget.TextView - Information sent successfully' are matched.

2023-07-31 15:18:55 - [MESSAGE][PASSED] - Actual text and expected text of test object 'Object Repository/Menu and other services/Help/android.widget.TextView - Information sent successfully' are matched.

2023-07-31 15:18:55 - [TEST_STEP][PASSED] - tap(findTestObject("Object Repository/Menu and other services/Help/android.widget.Button - OK"), 30): Tapped on element 'Object Repository/Menu and other services/Help/android.widget.Button - OK'

2023-07-31 15:18:55 - [MESSAGE][PASSED] - Tapped on element 'Object Repository/Menu and other services/Help/android.widget.Button - OK'

2023-07-31 15:18:55 - [TEST_STEP][PASSED] - tap(findTestObject("Menu and other services/Help/android.widget.ImageView - Menu"), 30): Tapped on element 'Object Repository/Menu and other services/Help/android.widget.ImageView - Menu'

2023-07-31 15:18:56 - [MESSAGE][PASSED] - Tapped on element 'Object Repository/Menu and other services/Help/android.widget.ImageView - Menu'

2023-07-31 15:18:56 - [TEST_STEP][PASSED] - tap(findTestObject("Menu and other services/Help/android.widget.TextView - Help"), 30): Tapped on element 'Object Repository/Menu and other services/Help/android.widget.TextView - Help'

2023-07-31 15:18:57 - [MESSAGE][PASSED] - Tapped on element 'Object Repository/Menu and other services/Help/android.widget.TextView - Help'

2023-07-31 15:18:57 - [TEST_STEP][PASSED] - verifyElementExist(findTestObject("Menu and other services/Help/android.widget.TextView - Send back up"), 30): Element 'Object Repository/Menu and other services/Help/android.widget.TextView - Send back up' is exist

2023-07-31 15:18:59 - [MESSAGE][PASSED] - Element 'Object Repository/Menu and other services/Help/android.widget.TextView - Send back up' is exist

2023-07-31 15:18:59 - [TEST_STEP][PASSED] - tap(findTestObject("Object Repository/Menu and other services/Help/android.widget.TextView - Send back up"), 30): Tapped on element 'Object Repository/Menu and other services/Help/android.widget.TextView - Send back up'

2023-07-31 15:18:59 - [MESSAGE][PASSED] - Tapped on element 'Object Repository/Menu and other services/Help/android.widget.TextView - Send back up']]></system-out>
         <system-err><![CDATA[]]></system-err>
      </testcase>
      <system-out><![CDATA[2023-07-31 15:16:33 - [TEST_SUITE][PASSED] - Menu and other services: Test Cases/Menu and other services/Help]]></system-out>
      <system-err><![CDATA[]]></system-err>
   </testsuite>
</testsuites>
