<?xml version="1.0" encoding="UTF-8"?>
<testsuites name="Wound Management" time="121.484" tests="5" failures="0" errors="0">
   <testsuite name="Wound Management" tests="5" failures="0" errors="0" time="121.484" skipped="0" timestamp="2023-07-25 16:31:05" hostname="Amarir - DESKTOP-EE3F8H4" id="Test Suites/Wound Management">
      <properties>
         <property name="deviceName" value="samsung SM-N975F (Android 12)"/>
         <property name="devicePlatform" value=""/>
         <property name="logFolder" value="C:\\Users\\Amarir\\git\\IS_Katalon_Lite_Version\\Reports\\20230725_163100\\Wound Management\\20230725_163100"/>
         <property name="logFiles" value="C:\\Users\\Amarir\\git\\IS_Katalon_Lite_Version\\Reports\\20230725_163100\\Wound Management\\20230725_163100\\appium.log, C:\\Users\\Amarir\\git\\IS_Katalon_Lite_Version\\Reports\\20230725_163100\\Wound Management\\20230725_163100\\execution0.log"/>
         <property name="attachments" value=""/>
         <property name="hostName" value="Amarir - DESKTOP-EE3F8H4"/>
         <property name="os" value="Windows 10 64bit"/>
         <property name="appiumServerStatus" value="{&quot;value&quot;:{&quot;build&quot;:{&quot;version&quot;:&quot;1.22.0&quot;}},&quot;sessionId&quot;:null,&quot;status&quot;:0}"/>
         <property name="katalonVersion" value="8.6.0.208"/>
         <property name="deviceOS" value="Android"/>
         <property name="appiumVersion" value="1.22.0"/>
         <property name="deviceModel" value="SM-N975F"/>
         <property name="hostAddress" value="192.168.234.1"/>
         <property name="deviceManufacturer" value="samsung"/>
         <property name="deviceId" value="RF8N307NKZV"/>
         <property name="deviceName" value="samsung SM-N975F (Android 12)"/>
         <property name="deviceOSVersion" value="12"/>
      </properties>
      <testcase name="Test Cases/User Managemenet/Login" time="53.409" classname="Test Cases/User Managemenet/Login" status="PASSED">
         <system-out><![CDATA[2023-07-25 16:31:06 - [TEST_CASE][PASSED] - Test Cases/User Managemenet/Login: Test Cases/User Managemenet/Login

2023-07-25 16:31:07 - [TEST_STEP][PASSED] - startApplication("C:\Users\Amarir\Downloads\APK\IS\app-release.apk", true): Started app at: 'C:\Users\Amarir\Downloads\APK\IS\app-release.apk'

2023-07-25 16:31:08 - [MESSAGE][INFO] - Detected NodeJS location: "C:\Program Files\nodejs\node.exe"

2023-07-25 16:31:11 - [MESSAGE][INFO] - Appium server started on port 61,450

2023-07-25 16:31:47 - [MESSAGE][PASSED] - Started app at: 'C:\Users\Amarir\Downloads\APK\IS\app-release.apk'

2023-07-25 16:31:47 - [TEST_STEP][PASSED] - setText(findTestObject("User Management/Login/android.widget.EditText - username"), LoginCreds.get("username"), 30): Text 'Katalon' has been set to element 'Object Repository/User Management/Login/android.widget.EditText - username'

2023-07-25 16:31:53 - [MESSAGE][PASSED] - Text 'Katalon' has been set to element 'Object Repository/User Management/Login/android.widget.EditText - username'

2023-07-25 16:31:53 - [TEST_STEP][PASSED] - setText(findTestObject("User Management/Login/android.widget.EditText - password"), LoginCreds.get("password"), 30): Text 'eKare123@' has been set to element 'Object Repository/User Management/Login/android.widget.EditText - password'

2023-07-25 16:31:54 - [MESSAGE][PASSED] - Text 'eKare123@' has been set to element 'Object Repository/User Management/Login/android.widget.EditText - password'

2023-07-25 16:31:54 - [TEST_STEP][PASSED] - tap(findTestObject("User Management/Login/android.view.ViewGroup - sign in"), 30): Tapped on element 'Object Repository/User Management/Login/android.view.ViewGroup - sign in'

2023-07-25 16:31:55 - [MESSAGE][PASSED] - Tapped on element 'Object Repository/User Management/Login/android.view.ViewGroup - sign in'

2023-07-25 16:31:55 - [TEST_STEP][PASSED] - tap(findTestObject("Object Repository/User Management/Login/android.widget.TextView - Katalon"), 30): Tapped on element 'Object Repository/User Management/Login/android.widget.TextView - Katalon'

2023-07-25 16:31:56 - [MESSAGE][PASSED] - Tapped on element 'Object Repository/User Management/Login/android.widget.TextView - Katalon'

2023-07-25 16:31:56 - [TEST_STEP][PASSED] - delay(2, STOP_ON_FAILURE): Delayed 2 second(s)

2023-07-25 16:31:58 - [MESSAGE][PASSED] - Delayed 2 second(s)

2023-07-25 16:31:58 - [TEST_STEP][PASSED] - verifyElementExist(findTestObject("Object Repository/User Management/Login/android.widget.TextView - Patient Directory"), 30): Element 'Object Repository/User Management/Login/android.widget.TextView - Patient Directory' is exist

2023-07-25 16:31:59 - [MESSAGE][PASSED] - Element 'Object Repository/User Management/Login/android.widget.TextView - Patient Directory' is exist]]></system-out>
         <system-err><![CDATA[]]></system-err>
      </testcase>
      <testcase name="Test Cases/Wound Management/Add Wound" time="12.752" classname="Test Cases/Wound Management/Add Wound" status="PASSED">
         <system-out><![CDATA[2023-07-25 16:31:59 - [TEST_CASE][PASSED] - Test Cases/Wound Management/Add Wound: Test Cases/Wound Management/Add Wound

2023-07-25 16:32:00 - [TEST_STEP][PASSED] - setText(findTestObject("Object Repository/Wound Management/Add Wound/android.widget.EditText - Search by Name, MRN"), "78ui", 0): Text '78ui' has been set to element 'Object Repository/Wound Management/Add Wound/android.widget.EditText - Search by Name, MRN'

2023-07-25 16:32:00 - [MESSAGE][WARNING] - Timeout '0' is invalid. Using default page load timeout: '30'

2023-07-25 16:32:01 - [MESSAGE][PASSED] - Text '78ui' has been set to element 'Object Repository/Wound Management/Add Wound/android.widget.EditText - Search by Name, MRN'

2023-07-25 16:32:01 - [TEST_STEP][PASSED] - tap(findTestObject("Object Repository/Wound Management/Add Wound/android.widget.TextView - Current site"), 0): Tapped on element 'Object Repository/Wound Management/Add Wound/android.widget.TextView - Current site'

2023-07-25 16:32:01 - [MESSAGE][WARNING] - Timeout '0' is invalid. Using default page load timeout: '30'

2023-07-25 16:32:02 - [MESSAGE][PASSED] - Tapped on element 'Object Repository/Wound Management/Add Wound/android.widget.TextView - Current site'

2023-07-25 16:32:02 - [TEST_STEP][PASSED] - tap(findTestObject("Object Repository/Wound Management/Add Wound/android.widget.TextView - Current site (1)"), 0): Tapped on element 'Object Repository/Wound Management/Add Wound/android.widget.TextView - Current site (1)'

2023-07-25 16:32:02 - [MESSAGE][WARNING] - Timeout '0' is invalid. Using default page load timeout: '30'

2023-07-25 16:32:03 - [MESSAGE][PASSED] - Tapped on element 'Object Repository/Wound Management/Add Wound/android.widget.TextView - Current site (1)'

2023-07-25 16:32:03 - [TEST_STEP][PASSED] - tap(findTestObject("Object Repository/Wound Management/Add Wound/android.view.ViewGroup"), 0): Tapped on element 'Object Repository/Wound Management/Add Wound/android.view.ViewGroup'

2023-07-25 16:32:04 - [MESSAGE][WARNING] - Timeout '0' is invalid. Using default page load timeout: '30'

2023-07-25 16:32:04 - [MESSAGE][PASSED] - Tapped on element 'Object Repository/Wound Management/Add Wound/android.view.ViewGroup'

2023-07-25 16:32:04 - [TEST_STEP][PASSED] - tap(findTestObject("Object Repository/Wound Management/Add Wound/android.widget.ImageView - add wound"), 0): Tapped on element 'Object Repository/Wound Management/Add Wound/android.widget.ImageView - add wound'

2023-07-25 16:32:04 - [MESSAGE][WARNING] - Timeout '0' is invalid. Using default page load timeout: '30'

2023-07-25 16:32:06 - [MESSAGE][PASSED] - Tapped on element 'Object Repository/Wound Management/Add Wound/android.widget.ImageView - add wound'

2023-07-25 16:32:06 - [TEST_STEP][PASSED] - tap(findTestObject("Object Repository/Wound Management/Add Wound/android.widget.TextView - Next"), 0): Tapped on element 'Object Repository/Wound Management/Add Wound/android.widget.TextView - Next'

2023-07-25 16:32:06 - [MESSAGE][WARNING] - Timeout '0' is invalid. Using default page load timeout: '30'

2023-07-25 16:32:07 - [MESSAGE][PASSED] - Tapped on element 'Object Repository/Wound Management/Add Wound/android.widget.TextView - Next'

2023-07-25 16:32:07 - [TEST_STEP][PASSED] - tap(findTestObject("Object Repository/Wound Management/Add Wound/android.widget.TextView - Save"), 0): Tapped on element 'Object Repository/Wound Management/Add Wound/android.widget.TextView - Save'

2023-07-25 16:32:07 - [MESSAGE][WARNING] - Timeout '0' is invalid. Using default page load timeout: '30'

2023-07-25 16:32:08 - [MESSAGE][PASSED] - Tapped on element 'Object Repository/Wound Management/Add Wound/android.widget.TextView - Save'

2023-07-25 16:32:08 - [TEST_STEP][PASSED] - verifyElementExist(findTestObject("Object Repository/Wound Management/Add Wound/android.view.ViewGroup (2)"), 0): Element 'Object Repository/Wound Management/Add Wound/android.view.ViewGroup (2)' is exist

2023-07-25 16:32:08 - [MESSAGE][WARNING] - Timeout '0' is invalid. Using default page load timeout: '30'

2023-07-25 16:32:11 - [MESSAGE][PASSED] - Element 'Object Repository/Wound Management/Add Wound/android.view.ViewGroup (2)' is exist

2023-07-25 16:32:11 - [TEST_STEP][PASSED] - pressBack(): Press back button successfully

2023-07-25 16:32:11 - [MESSAGE][PASSED] - Press back button successfully

2023-07-25 16:32:11 - [TEST_STEP][PASSED] - tap(findTestObject("Object Repository/Wound Management/Lock Wound/android.widget.ImageView - x"), 0): Tapped on element 'Object Repository/Wound Management/Lock Wound/android.widget.ImageView - x'

2023-07-25 16:32:11 - [MESSAGE][WARNING] - Timeout '0' is invalid. Using default page load timeout: '30'

2023-07-25 16:32:12 - [MESSAGE][PASSED] - Tapped on element 'Object Repository/Wound Management/Lock Wound/android.widget.ImageView - x']]></system-out>
         <system-err><![CDATA[]]></system-err>
      </testcase>
      <testcase name="Test Cases/Wound Management/Edit Wound" time="23.806" classname="Test Cases/Wound Management/Edit Wound" status="PASSED">
         <system-out><![CDATA[2023-07-25 16:32:12 - [TEST_CASE][PASSED] - Test Cases/Wound Management/Edit Wound: Test Cases/Wound Management/Edit Wound

2023-07-25 16:32:12 - [TEST_STEP][PASSED] - setText(findTestObject("Object Repository/Wound Management/Edit Wound/android.widget.EditText - Search by Name, MRN"), "86ui", 0): Text '86ui' has been set to element 'Object Repository/Wound Management/Edit Wound/android.widget.EditText - Search by Name, MRN'

2023-07-25 16:32:12 - [MESSAGE][WARNING] - Timeout '0' is invalid. Using default page load timeout: '30'

2023-07-25 16:32:13 - [MESSAGE][PASSED] - Text '86ui' has been set to element 'Object Repository/Wound Management/Edit Wound/android.widget.EditText - Search by Name, MRN'

2023-07-25 16:32:13 - [TEST_STEP][PASSED] - tap(findTestObject("Object Repository/Wound Management/Edit Wound/android.widget.TextView - Current site"), 0): Tapped on element 'Object Repository/Wound Management/Edit Wound/android.widget.TextView - Current site'

2023-07-25 16:32:13 - [MESSAGE][WARNING] - Timeout '0' is invalid. Using default page load timeout: '30'

2023-07-25 16:32:14 - [MESSAGE][PASSED] - Tapped on element 'Object Repository/Wound Management/Edit Wound/android.widget.TextView - Current site'

2023-07-25 16:32:14 - [TEST_STEP][PASSED] - tap(findTestObject("Object Repository/Wound Management/Edit Wound/android.widget.TextView - Current site (1)"), 0): Tapped on element 'Object Repository/Wound Management/Edit Wound/android.widget.TextView - Current site (1)'

2023-07-25 16:32:14 - [MESSAGE][WARNING] - Timeout '0' is invalid. Using default page load timeout: '30'

2023-07-25 16:32:16 - [MESSAGE][PASSED] - Tapped on element 'Object Repository/Wound Management/Edit Wound/android.widget.TextView - Current site (1)'

2023-07-25 16:32:16 - [TEST_STEP][PASSED] - tap(findTestObject("Object Repository/Wound Management/Edit Wound/android.view.ViewGroup"), 0): Tapped on element 'Object Repository/Wound Management/Edit Wound/android.view.ViewGroup'

2023-07-25 16:32:16 - [MESSAGE][WARNING] - Timeout '0' is invalid. Using default page load timeout: '30'

2023-07-25 16:32:16 - [MESSAGE][PASSED] - Tapped on element 'Object Repository/Wound Management/Edit Wound/android.view.ViewGroup'

2023-07-25 16:32:16 - [TEST_STEP][PASSED] - verifyElementExist(findTestObject("Object Repository/Wound Management/Edit Wound/android.view.ViewGroup - wound"), 0): Element 'Object Repository/Wound Management/Edit Wound/android.view.ViewGroup - wound' is exist

2023-07-25 16:32:17 - [MESSAGE][WARNING] - Timeout '0' is invalid. Using default page load timeout: '30'

2023-07-25 16:32:18 - [MESSAGE][PASSED] - Element 'Object Repository/Wound Management/Edit Wound/android.view.ViewGroup - wound' is exist

2023-07-25 16:32:18 - [TEST_STEP][PASSED] - tap(findTestObject("Object Repository/Wound Management/Edit Wound/android.view.ViewGroup - wound"), 0): Tapped on element 'Object Repository/Wound Management/Edit Wound/android.view.ViewGroup - wound'

2023-07-25 16:32:18 - [MESSAGE][WARNING] - Timeout '0' is invalid. Using default page load timeout: '30'

2023-07-25 16:32:19 - [MESSAGE][PASSED] - Tapped on element 'Object Repository/Wound Management/Edit Wound/android.view.ViewGroup - wound'

2023-07-25 16:32:19 - [TEST_STEP][PASSED] - tap(findTestObject("Object Repository/Wound Management/Edit Wound/android.widget.ImageView - menu"), 0): Tapped on element 'Object Repository/Wound Management/Edit Wound/android.widget.ImageView - menu'

2023-07-25 16:32:19 - [MESSAGE][WARNING] - Timeout '0' is invalid. Using default page load timeout: '30'

2023-07-25 16:32:21 - [MESSAGE][PASSED] - Tapped on element 'Object Repository/Wound Management/Edit Wound/android.widget.ImageView - menu'

2023-07-25 16:32:21 - [TEST_STEP][PASSED] - tap(findTestObject("Object Repository/Wound Management/Edit Wound/android.widget.TextView - Edit wound"), 0): Tapped on element 'Object Repository/Wound Management/Edit Wound/android.widget.TextView - Edit wound'

2023-07-25 16:32:21 - [MESSAGE][WARNING] - Timeout '0' is invalid. Using default page load timeout: '30'

2023-07-25 16:32:22 - [MESSAGE][PASSED] - Tapped on element 'Object Repository/Wound Management/Edit Wound/android.widget.TextView - Edit wound'

2023-07-25 16:32:22 - [TEST_STEP][PASSED] - tap(findTestObject("Object Repository/Wound Management/Edit Wound/android.view.ViewGroup - secondary wound type"), 0): Tapped on element 'Object Repository/Wound Management/Edit Wound/android.view.ViewGroup - secondary wound type'

2023-07-25 16:32:22 - [MESSAGE][WARNING] - Timeout '0' is invalid. Using default page load timeout: '30'

2023-07-25 16:32:23 - [MESSAGE][PASSED] - Tapped on element 'Object Repository/Wound Management/Edit Wound/android.view.ViewGroup - secondary wound type'

2023-07-25 16:32:23 - [TEST_STEP][PASSED] - tap(findTestObject("Object Repository/Wound Management/Edit Wound/android.widget.TextView - Stage III"), 0): Tapped on element 'Object Repository/Wound Management/Edit Wound/android.widget.TextView - Stage III'

2023-07-25 16:32:24 - [MESSAGE][WARNING] - Timeout '0' is invalid. Using default page load timeout: '30'

2023-07-25 16:32:24 - [MESSAGE][PASSED] - Tapped on element 'Object Repository/Wound Management/Edit Wound/android.widget.TextView - Stage III'

2023-07-25 16:32:24 - [TEST_STEP][PASSED] - tap(findTestObject("Object Repository/Wound Management/Edit Wound/android.view.ViewGroup - facility acquired wound"), 0): Tapped on element 'Object Repository/Wound Management/Edit Wound/android.view.ViewGroup - facility acquired wound'

2023-07-25 16:32:25 - [MESSAGE][WARNING] - Timeout '0' is invalid. Using default page load timeout: '30'

2023-07-25 16:32:25 - [MESSAGE][PASSED] - Tapped on element 'Object Repository/Wound Management/Edit Wound/android.view.ViewGroup - facility acquired wound'

2023-07-25 16:32:25 - [TEST_STEP][PASSED] - tap(findTestObject("Object Repository/Wound Management/Edit Wound/android.widget.TextView - Next"), 0): Tapped on element 'Object Repository/Wound Management/Edit Wound/android.widget.TextView - Next'

2023-07-25 16:32:26 - [MESSAGE][WARNING] - Timeout '0' is invalid. Using default page load timeout: '30'

2023-07-25 16:32:26 - [MESSAGE][PASSED] - Tapped on element 'Object Repository/Wound Management/Edit Wound/android.widget.TextView - Next'

2023-07-25 16:32:26 - [TEST_STEP][PASSED] - tap(findTestObject("Object Repository/Wound Management/Edit Wound/android.widget.TextView - Additional description (Optional)"), 0): Tapped on element 'Object Repository/Wound Management/Edit Wound/android.widget.TextView - Additional description (Optional)'

2023-07-25 16:32:27 - [MESSAGE][WARNING] - Timeout '0' is invalid. Using default page load timeout: '30'

2023-07-25 16:32:28 - [MESSAGE][PASSED] - Tapped on element 'Object Repository/Wound Management/Edit Wound/android.widget.TextView - Additional description (Optional)'

2023-07-25 16:32:28 - [TEST_STEP][PASSED] - setText(findTestObject("Object Repository/Wound Management/Edit Wound/android.widget.EditText - description"), "Test Description", 0): Text 'Test Description' has been set to element 'Object Repository/Wound Management/Edit Wound/android.widget.EditText - description'

2023-07-25 16:32:28 - [MESSAGE][WARNING] - Timeout '0' is invalid. Using default page load timeout: '30'

2023-07-25 16:32:29 - [MESSAGE][PASSED] - Text 'Test Description' has been set to element 'Object Repository/Wound Management/Edit Wound/android.widget.EditText - description'

2023-07-25 16:32:29 - [TEST_STEP][PASSED] - tap(findTestObject("Object Repository/Wound Management/Edit Wound/android.widget.TextView - OK"), 0): Tapped on element 'Object Repository/Wound Management/Edit Wound/android.widget.TextView - OK'

2023-07-25 16:32:29 - [MESSAGE][WARNING] - Timeout '0' is invalid. Using default page load timeout: '30'

2023-07-25 16:32:30 - [MESSAGE][PASSED] - Tapped on element 'Object Repository/Wound Management/Edit Wound/android.widget.TextView - OK'

2023-07-25 16:32:30 - [TEST_STEP][PASSED] - tap(findTestObject("Object Repository/Wound Management/Edit Wound/android.widget.TextView - Save"), 0): Tapped on element 'Object Repository/Wound Management/Edit Wound/android.widget.TextView - Save'

2023-07-25 16:32:30 - [MESSAGE][WARNING] - Timeout '0' is invalid. Using default page load timeout: '30'

2023-07-25 16:32:31 - [MESSAGE][PASSED] - Tapped on element 'Object Repository/Wound Management/Edit Wound/android.widget.TextView - Save'

2023-07-25 16:32:31 - [TEST_STEP][PASSED] - verifyElementText(findTestObject("Object Repository/Wound Management/Edit Wound/android.widget.TextView - Test Description"), "Test Description"): Actual text and expected text of test object 'Object Repository/Wound Management/Edit Wound/android.widget.TextView - Test Description' are matched.

2023-07-25 16:32:34 - [MESSAGE][PASSED] - Actual text and expected text of test object 'Object Repository/Wound Management/Edit Wound/android.widget.TextView - Test Description' are matched.

2023-07-25 16:32:34 - [TEST_STEP][PASSED] - pressBack(): Press back button successfully

2023-07-25 16:32:34 - [MESSAGE][PASSED] - Press back button successfully

2023-07-25 16:32:34 - [TEST_STEP][PASSED] - pressBack(): Press back button successfully

2023-07-25 16:32:35 - [MESSAGE][PASSED] - Press back button successfully

2023-07-25 16:32:35 - [TEST_STEP][PASSED] - tap(findTestObject("Object Repository/Wound Management/Lock Wound/android.widget.ImageView - x"), 0): Tapped on element 'Object Repository/Wound Management/Lock Wound/android.widget.ImageView - x'

2023-07-25 16:32:35 - [MESSAGE][WARNING] - Timeout '0' is invalid. Using default page load timeout: '30'

2023-07-25 16:32:36 - [MESSAGE][PASSED] - Tapped on element 'Object Repository/Wound Management/Lock Wound/android.widget.ImageView - x']]></system-out>
         <system-err><![CDATA[]]></system-err>
      </testcase>
      <testcase name="Test Cases/Wound Management/Change wound Statues" time="15.206" classname="Test Cases/Wound Management/Change wound Statues" status="PASSED">
         <system-out><![CDATA[2023-07-25 16:32:36 - [TEST_CASE][PASSED] - Test Cases/Wound Management/Change wound Statues: Test Cases/Wound Management/Change wound Statues

2023-07-25 16:32:36 - [TEST_STEP][PASSED] - setText(findTestObject("Object Repository/Wound Management/Change wound statues/android.widget.EditText - Search by Name, MRN"), "87ui", 0): Text '87ui' has been set to element 'Object Repository/Wound Management/Change wound statues/android.widget.EditText - Search by Name, MRN'

2023-07-25 16:32:36 - [MESSAGE][WARNING] - Timeout '0' is invalid. Using default page load timeout: '30'

2023-07-25 16:32:38 - [MESSAGE][PASSED] - Text '87ui' has been set to element 'Object Repository/Wound Management/Change wound statues/android.widget.EditText - Search by Name, MRN'

2023-07-25 16:32:38 - [TEST_STEP][PASSED] - tap(findTestObject("Object Repository/Wound Management/Change wound statues/android.widget.TextView - Current site"), 0): Tapped on element 'Object Repository/Wound Management/Change wound statues/android.widget.TextView - Current site'

2023-07-25 16:32:38 - [MESSAGE][WARNING] - Timeout '0' is invalid. Using default page load timeout: '30'

2023-07-25 16:32:39 - [MESSAGE][PASSED] - Tapped on element 'Object Repository/Wound Management/Change wound statues/android.widget.TextView - Current site'

2023-07-25 16:32:39 - [TEST_STEP][PASSED] - tap(findTestObject("Object Repository/Wound Management/Change wound statues/android.widget.TextView - Current site (1)"), 0): Tapped on element 'Object Repository/Wound Management/Change wound statues/android.widget.TextView - Current site (1)'

2023-07-25 16:32:39 - [MESSAGE][WARNING] - Timeout '0' is invalid. Using default page load timeout: '30'

2023-07-25 16:32:40 - [MESSAGE][PASSED] - Tapped on element 'Object Repository/Wound Management/Change wound statues/android.widget.TextView - Current site (1)'

2023-07-25 16:32:40 - [TEST_STEP][PASSED] - tap(findTestObject("Object Repository/Wound Management/Change wound statues/android.view.ViewGroup - Patient"), 0): Tapped on element 'Object Repository/Wound Management/Change wound statues/android.view.ViewGroup - Patient'

2023-07-25 16:32:41 - [MESSAGE][WARNING] - Timeout '0' is invalid. Using default page load timeout: '30'

2023-07-25 16:32:41 - [MESSAGE][PASSED] - Tapped on element 'Object Repository/Wound Management/Change wound statues/android.view.ViewGroup - Patient'

2023-07-25 16:32:41 - [TEST_STEP][PASSED] - verifyElementExist(findTestObject("Object Repository/Wound Management/Change wound statues/android.view.ViewGroup - wound"), 0): Element 'Object Repository/Wound Management/Change wound statues/android.view.ViewGroup - wound' is exist

2023-07-25 16:32:41 - [MESSAGE][WARNING] - Timeout '0' is invalid. Using default page load timeout: '30'

2023-07-25 16:32:43 - [MESSAGE][PASSED] - Element 'Object Repository/Wound Management/Change wound statues/android.view.ViewGroup - wound' is exist

2023-07-25 16:32:43 - [TEST_STEP][PASSED] - tap(findTestObject("Object Repository/Wound Management/Change wound statues/android.view.ViewGroup - Patient"), 0): Tapped on element 'Object Repository/Wound Management/Change wound statues/android.view.ViewGroup - Patient'

2023-07-25 16:32:43 - [MESSAGE][WARNING] - Timeout '0' is invalid. Using default page load timeout: '30'

2023-07-25 16:32:43 - [MESSAGE][PASSED] - Tapped on element 'Object Repository/Wound Management/Change wound statues/android.view.ViewGroup - Patient'

2023-07-25 16:32:43 - [TEST_STEP][PASSED] - tap(findTestObject("Object Repository/Wound Management/Change wound statues/android.view.ViewGroup - wound statues"), 0): Tapped on element 'Object Repository/Wound Management/Change wound statues/android.view.ViewGroup - wound statues'

2023-07-25 16:32:44 - [MESSAGE][WARNING] - Timeout '0' is invalid. Using default page load timeout: '30'

2023-07-25 16:32:46 - [MESSAGE][PASSED] - Tapped on element 'Object Repository/Wound Management/Change wound statues/android.view.ViewGroup - wound statues'

2023-07-25 16:32:46 - [TEST_STEP][PASSED] - verifyElementText(findTestObject("Object Repository/Wound Management/Change wound statues/android.widget.TextView - Healed"), "Healed"): Actual text and expected text of test object 'Object Repository/Wound Management/Change wound statues/android.widget.TextView - Healed' are matched.

2023-07-25 16:32:48 - [MESSAGE][PASSED] - Actual text and expected text of test object 'Object Repository/Wound Management/Change wound statues/android.widget.TextView - Healed' are matched.

2023-07-25 16:32:48 - [TEST_STEP][PASSED] - tap(findTestObject("Wound Management/Change wound statues/android.widget.TextView - Healed"), 0): Tapped on element 'Object Repository/Wound Management/Change wound statues/android.widget.TextView - Healed'

2023-07-25 16:32:48 - [MESSAGE][WARNING] - Timeout '0' is invalid. Using default page load timeout: '30'

2023-07-25 16:32:48 - [MESSAGE][PASSED] - Tapped on element 'Object Repository/Wound Management/Change wound statues/android.widget.TextView - Healed'

2023-07-25 16:32:48 - [TEST_STEP][PASSED] - verifyElementText(findTestObject("Object Repository/Wound Management/Change wound statues/android.widget.TextView - Healed (1)"), "Healed"): Actual text and expected text of test object 'Object Repository/Wound Management/Change wound statues/android.widget.TextView - Healed (1)' are matched.

2023-07-25 16:32:49 - [MESSAGE][PASSED] - Actual text and expected text of test object 'Object Repository/Wound Management/Change wound statues/android.widget.TextView - Healed (1)' are matched.

2023-07-25 16:32:49 - [TEST_STEP][PASSED] - pressBack(): Press back button successfully

2023-07-25 16:32:49 - [MESSAGE][PASSED] - Press back button successfully

2023-07-25 16:32:49 - [TEST_STEP][PASSED] - pressBack(): Press back button successfully

2023-07-25 16:32:50 - [MESSAGE][PASSED] - Press back button successfully

2023-07-25 16:32:50 - [TEST_STEP][PASSED] - tap(findTestObject("Object Repository/Wound Management/Change wound statues/android.widget.ImageView"), 0): Tapped on element 'Object Repository/Wound Management/Change wound statues/android.widget.ImageView'

2023-07-25 16:32:50 - [MESSAGE][WARNING] - Timeout '0' is invalid. Using default page load timeout: '30'

2023-07-25 16:32:51 - [MESSAGE][PASSED] - Tapped on element 'Object Repository/Wound Management/Change wound statues/android.widget.ImageView']]></system-out>
         <system-err><![CDATA[]]></system-err>
      </testcase>
      <testcase name="Test Cases/Wound Management/Lock Wound" time="15.686" classname="Test Cases/Wound Management/Lock Wound" status="PASSED">
         <system-out><![CDATA[2023-07-25 16:32:51 - [TEST_CASE][PASSED] - Test Cases/Wound Management/Lock Wound: Test Cases/Wound Management/Lock Wound

2023-07-25 16:32:51 - [TEST_STEP][PASSED] - setText(findTestObject("Object Repository/Wound Management/Lock Wound/android.widget.EditText - Search by Name, MRN"), "89ui", 0): Text '89ui' has been set to element 'Object Repository/Wound Management/Lock Wound/android.widget.EditText - Search by Name, MRN'

2023-07-25 16:32:51 - [MESSAGE][WARNING] - Timeout '0' is invalid. Using default page load timeout: '30'

2023-07-25 16:32:53 - [MESSAGE][PASSED] - Text '89ui' has been set to element 'Object Repository/Wound Management/Lock Wound/android.widget.EditText - Search by Name, MRN'

2023-07-25 16:32:53 - [TEST_STEP][PASSED] - tap(findTestObject("Object Repository/Wound Management/Lock Wound/android.widget.TextView - Current site"), 0): Tapped on element 'Object Repository/Wound Management/Lock Wound/android.widget.TextView - Current site'

2023-07-25 16:32:53 - [MESSAGE][WARNING] - Timeout '0' is invalid. Using default page load timeout: '30'

2023-07-25 16:32:54 - [MESSAGE][PASSED] - Tapped on element 'Object Repository/Wound Management/Lock Wound/android.widget.TextView - Current site'

2023-07-25 16:32:54 - [TEST_STEP][PASSED] - tap(findTestObject("Object Repository/Wound Management/Lock Wound/android.widget.TextView - Current site (1)"), 0): Tapped on element 'Object Repository/Wound Management/Lock Wound/android.widget.TextView - Current site (1)'

2023-07-25 16:32:55 - [MESSAGE][WARNING] - Timeout '0' is invalid. Using default page load timeout: '30'

2023-07-25 16:32:55 - [MESSAGE][PASSED] - Tapped on element 'Object Repository/Wound Management/Lock Wound/android.widget.TextView - Current site (1)'

2023-07-25 16:32:55 - [TEST_STEP][PASSED] - verifyElementExist(findTestObject("Object Repository/Wound Management/Lock Wound/android.view.ViewGroup - Patient"), 0): Element 'Object Repository/Wound Management/Lock Wound/android.view.ViewGroup - Patient' is exist

2023-07-25 16:32:55 - [MESSAGE][WARNING] - Timeout '0' is invalid. Using default page load timeout: '30'

2023-07-25 16:32:56 - [MESSAGE][PASSED] - Element 'Object Repository/Wound Management/Lock Wound/android.view.ViewGroup - Patient' is exist

2023-07-25 16:32:56 - [TEST_STEP][PASSED] - tap(findTestObject("Object Repository/Wound Management/Lock Wound/android.view.ViewGroup - Patient"), 0): Tapped on element 'Object Repository/Wound Management/Lock Wound/android.view.ViewGroup - Patient'

2023-07-25 16:32:56 - [MESSAGE][WARNING] - Timeout '0' is invalid. Using default page load timeout: '30'

2023-07-25 16:32:57 - [MESSAGE][PASSED] - Tapped on element 'Object Repository/Wound Management/Lock Wound/android.view.ViewGroup - Patient'

2023-07-25 16:32:57 - [TEST_STEP][PASSED] - verifyElementExist(findTestObject("Object Repository/Wound Management/Lock Wound/android.view.ViewGroup - wound"), 0): Element 'Object Repository/Wound Management/Lock Wound/android.view.ViewGroup - wound' is exist

2023-07-25 16:32:57 - [MESSAGE][WARNING] - Timeout '0' is invalid. Using default page load timeout: '30'

2023-07-25 16:32:59 - [MESSAGE][PASSED] - Element 'Object Repository/Wound Management/Lock Wound/android.view.ViewGroup - wound' is exist

2023-07-25 16:32:59 - [TEST_STEP][PASSED] - tap(findTestObject("Object Repository/Wound Management/Lock Wound/android.view.ViewGroup - wound"), 0): Tapped on element 'Object Repository/Wound Management/Lock Wound/android.view.ViewGroup - wound'

2023-07-25 16:32:59 - [MESSAGE][WARNING] - Timeout '0' is invalid. Using default page load timeout: '30'

2023-07-25 16:32:59 - [MESSAGE][PASSED] - Tapped on element 'Object Repository/Wound Management/Lock Wound/android.view.ViewGroup - wound'

2023-07-25 16:32:59 - [TEST_STEP][PASSED] - tap(findTestObject("Object Repository/Wound Management/Lock Wound/android.widget.ImageView - menu"), 0): Tapped on element 'Object Repository/Wound Management/Lock Wound/android.widget.ImageView - menu'

2023-07-25 16:32:59 - [MESSAGE][WARNING] - Timeout '0' is invalid. Using default page load timeout: '30'

2023-07-25 16:33:01 - [MESSAGE][PASSED] - Tapped on element 'Object Repository/Wound Management/Lock Wound/android.widget.ImageView - menu'

2023-07-25 16:33:01 - [TEST_STEP][PASSED] - tap(findTestObject("Object Repository/Wound Management/Lock Wound/android.widget.TextView - Lock wound"), 0): Tapped on element 'Object Repository/Wound Management/Lock Wound/android.widget.TextView - Lock wound'

2023-07-25 16:33:01 - [MESSAGE][WARNING] - Timeout '0' is invalid. Using default page load timeout: '30'

2023-07-25 16:33:03 - [MESSAGE][PASSED] - Tapped on element 'Object Repository/Wound Management/Lock Wound/android.widget.TextView - Lock wound'

2023-07-25 16:33:03 - [TEST_STEP][PASSED] - pressBack(): Press back button successfully

2023-07-25 16:33:05 - [MESSAGE][PASSED] - Press back button successfully

2023-07-25 16:33:05 - [TEST_STEP][PASSED] - pressBack(): Press back button successfully

2023-07-25 16:33:06 - [MESSAGE][PASSED] - Press back button successfully

2023-07-25 16:33:06 - [TEST_STEP][PASSED] - tap(findTestObject("Object Repository/Wound Management/Lock Wound/android.widget.ImageView - x"), 0): Tapped on element 'Object Repository/Wound Management/Lock Wound/android.widget.ImageView - x'

2023-07-25 16:33:06 - [MESSAGE][WARNING] - Timeout '0' is invalid. Using default page load timeout: '30'

2023-07-25 16:33:06 - [MESSAGE][PASSED] - Tapped on element 'Object Repository/Wound Management/Lock Wound/android.widget.ImageView - x']]></system-out>
         <system-err><![CDATA[]]></system-err>
      </testcase>
      <system-out><![CDATA[2023-07-25 16:31:05 - [TEST_SUITE][PASSED] - Wound Management: Test Cases/Wound Management/Lock Wound]]></system-out>
      <system-err><![CDATA[]]></system-err>
   </testsuite>
</testsuites>
