<?xml version="1.0" encoding="UTF-8"?>
<testsuites name="User Management" time="390.531" tests="7" failures="0" errors="0">
   <testsuite name="User Management" tests="7" failures="0" errors="0" time="390.531" skipped="0" timestamp="08-02-2024T15:52:24" hostname="safaamarir - 192.168.11.100" id="Test Suites/IS iPhone/User Management">
      <properties>
         <property name="deviceName" value="Safa’s iPhone"/>
         <property name="devicePlatform" value=""/>
         <property name="logFolder" value="/Users/safaamarir/git/Android_Automation/Reports/20240208_155221/IS iPhone/User Management/20240208_155221"/>
         <property name="logFiles" value="/Users/safaamarir/git/Android_Automation/Reports/20240208_155221/IS iPhone/User Management/20240208_155221/execution0.log, /Users/safaamarir/git/Android_Automation/Reports/20240208_155221/IS iPhone/User Management/20240208_155221/appium_error.log, /Users/safaamarir/git/Android_Automation/Reports/20240208_155221/IS iPhone/User Management/20240208_155221/appium.log, /Users/safaamarir/git/Android_Automation/Reports/20240208_155221/IS iPhone/User Management/20240208_155221/appium-proxy-server.log"/>
         <property name="attachments" value=""/>
         <property name="hostName" value="safaamarir - 192.168.11.100"/>
         <property name="os" value="Mac OS X 64bit"/>
         <property name="appiumServerStatus" value="{&quot;value&quot;:{&quot;ready&quot;:true,&quot;message&quot;:&quot;The server is ready to accept new connections&quot;,&quot;build&quot;:{&quot;version&quot;:&quot;2.4.1&quot;,&quot;git-sha&quot;:&quot;b3751bca8c4a3c76107d5aa3b75b81db93cf4bb6&quot;,&quot;built&quot;:&quot;2024-01-07 16:04:51 -0800&quot;}}}"/>
         <property name="katalonVersion" value="9.2.0.212"/>
         <property name="deviceOS" value="iOS"/>
         <property name="appiumVersion" value="2.4.1"/>
         <property name="deviceModel" value="iPhone14,5"/>
         <property name="hostAddress" value="192.168.11.100"/>
         <property name="deviceManufacturer" value="Apple"/>
         <property name="deviceId" value="00008110-00112D590CD0201E"/>
         <property name="deviceName" value="Safa’s iPhone"/>
         <property name="deviceOSVersion" value="17.3"/>
      </properties>
      <testcase name="Test Cases/IOS/User Management/EK-8569 IS iPhone - Terms and condition Privacy and Policy" time="60.343" classname="Test Cases/IOS/User Management/EK-8569 IS iPhone - Terms and condition Privacy and Policy" status="PASSED">
         <system-out><![CDATA[08-02-2024T15:52:24 - [TEST_CASE][PASSED] - Test Cases/IOS/User Management/EK-8569 IS iPhone - Terms and condition Privacy and Policy: Test Cases/IOS/User Management/EK-8569 IS iPhone - Terms and condition Privacy and Policy

08-02-2024T15:52:24 - [TEST_STEP][PASSED] - Start listener action : beforeTestCase: null

08-02-2024T15:52:24 - [TEST_STEP][PASSED] - addDefaultPackages(): null

08-02-2024T15:52:24 - [TEST_STEP][PASSED] - runFeatureFile("Include/features/EK-8569 IS iPhone - Terms and condition Privacy and Policy.feature"): Feature file: 'Include/features/EK-8569 IS iPhone - Terms and condition Privacy and Policy.feature' was passed

08-02-2024T15:52:24 - [MESSAGE][INFO] - Starting run keyword runFeatureFile: 'Include/features/EK-8569 IS iPhone - Terms and condition Privacy and Policy.feature' and extract report to folder: '/Users/safaamarir/git/Android_Automation/Reports/20240208_155221/IS iPhone/User Management/20240208_155221/cucumber_report/1707403944595'...

08-02-2024T15:52:24 - [MESSAGE][PASSED] - Feature file: 'Include/features/EK-8569 IS iPhone - Terms and condition Privacy and Policy.feature' was passed

08-02-2024T15:52:24 - [TEST_STEP][PASSED] - startApplication(IPA, true): Started app at: '/Users/safaamarir/APK/IOS/IS/IS_PreProd_2.1.5_214.ipa'

08-02-2024T15:52:25 - [MESSAGE][INFO] - User set preference: ['automationName', 'XCUITest']

08-02-2024T15:52:25 - [MESSAGE][INFO] - User set preference: ['deviceId', '00008110-00112D590CD0201E']

08-02-2024T15:52:35 - [MESSAGE][WARNING] - Failed to start ios_webkit_debug_proxy on default port 27753

08-02-2024T15:52:35 - [MESSAGE][INFO] - Detected NodeJS location: "/opt/homebrew/Cellar/node/21.5.0/bin/node"

08-02-2024T15:52:35 - [MESSAGE][INFO] - PATH: /opt/homebrew/Cellar/node/21.5.0/bin:/opt/homebrew/bin:/usr/bin:/bin:/usr/sbin:/sbin:/usr/local/bin

08-02-2024T15:52:35 - [MESSAGE][INFO] - APPIUM_HOME: /Users/safaamarir/.appium

08-02-2024T15:52:35 - [MESSAGE][INFO] - appium outlog: /Users/safaamarir/git/Android_Automation/Reports/20240208_155221/IS iPhone/User Management/20240208_155221/appium.log

08-02-2024T15:52:35 - [MESSAGE][INFO] - appium errlog: /Users/safaamarir/git/Android_Automation/Reports/20240208_155221/IS iPhone/User Management/20240208_155221/appium_error.log

08-02-2024T15:52:36 - [MESSAGE][INFO] - Appium server started on port 60,356

08-02-2024T15:53:04 - [MESSAGE][PASSED] - Started app at: '/Users/safaamarir/APK/IOS/IS/IS_PreProd_2.1.5_214.ipa'

08-02-2024T15:53:04 - [TEST_STEP][PASSED] - tap(findTestObject("Object Repository/IOS/User Management/Sign In/XCUIElementTypeButton - Allow"), 30): Tapped on element 'Object Repository/IOS/User Management/Sign In/XCUIElementTypeButton - Allow'

08-02-2024T15:53:06 - [MESSAGE][PASSED] - Tapped on element 'Object Repository/IOS/User Management/Sign In/XCUIElementTypeButton - Allow'

08-02-2024T15:53:06 - [TEST_STEP][PASSED] - verifyElementExist(findTestObject("IOS/User Management/Terms and Conditions Privacy and Policy/XCUIElementTypeOther - Terms  Conditions"), 30): Element 'Object Repository/IOS/User Management/Terms and Conditions Privacy and Policy/XCUIElementTypeOther - Terms  Conditions' is exist

08-02-2024T15:53:06 - [MESSAGE][PASSED] - Element 'Object Repository/IOS/User Management/Terms and Conditions Privacy and Policy/XCUIElementTypeOther - Terms  Conditions' is exist

08-02-2024T15:53:06 - [TEST_STEP][PASSED] - tap(findTestObject("IOS/User Management/Terms and Conditions Privacy and Policy/XCUIElementTypeOther - Terms  Conditions"), 30): Tapped on element 'Object Repository/IOS/User Management/Terms and Conditions Privacy and Policy/XCUIElementTypeOther - Terms  Conditions'

08-02-2024T15:53:07 - [MESSAGE][PASSED] - Tapped on element 'Object Repository/IOS/User Management/Terms and Conditions Privacy and Policy/XCUIElementTypeOther - Terms  Conditions'

08-02-2024T15:53:07 - [TEST_STEP][PASSED] - delay(5): Delayed 5 second(s)

08-02-2024T15:53:12 - [MESSAGE][PASSED] - Delayed 5 second(s)

08-02-2024T15:53:12 - [TEST_STEP][PASSED] - tapAtPosition(44, 42): Tapped at [44, 42]

08-02-2024T15:53:13 - [MESSAGE][PASSED] - Tapped at [44, 42]

08-02-2024T15:53:13 - [TEST_STEP][PASSED] - verifyElementExist(findTestObject("IOS/User Management/Terms and Conditions Privacy and Policy/XCUIElementTypeImage"), 30): Element 'Object Repository/IOS/User Management/Terms and Conditions Privacy and Policy/XCUIElementTypeImage' is exist

08-02-2024T15:53:13 - [MESSAGE][PASSED] - Element 'Object Repository/IOS/User Management/Terms and Conditions Privacy and Policy/XCUIElementTypeImage' is exist

08-02-2024T15:53:13 - [TEST_STEP][PASSED] - verifyElementExist(findTestObject("IOS/User Management/Terms and Conditions Privacy and Policy/XCUIElementTypeOther - Privacy Policy"), 30): Element 'Object Repository/IOS/User Management/Terms and Conditions Privacy and Policy/XCUIElementTypeOther - Privacy Policy' is exist

08-02-2024T15:53:14 - [MESSAGE][PASSED] - Element 'Object Repository/IOS/User Management/Terms and Conditions Privacy and Policy/XCUIElementTypeOther - Privacy Policy' is exist

08-02-2024T15:53:14 - [TEST_STEP][PASSED] - tap(findTestObject("IOS/User Management/Terms and Conditions Privacy and Policy/XCUIElementTypeOther - Privacy Policy"), 30): Tapped on element 'Object Repository/IOS/User Management/Terms and Conditions Privacy and Policy/XCUIElementTypeOther - Privacy Policy'

08-02-2024T15:53:15 - [MESSAGE][PASSED] - Tapped on element 'Object Repository/IOS/User Management/Terms and Conditions Privacy and Policy/XCUIElementTypeOther - Privacy Policy'

08-02-2024T15:53:15 - [TEST_STEP][PASSED] - delay(5, STOP_ON_FAILURE): Delayed 5 second(s)

08-02-2024T15:53:20 - [MESSAGE][PASSED] - Delayed 5 second(s)

08-02-2024T15:53:20 - [TEST_STEP][PASSED] - tapAtPosition(44, 42): Tapped at [44, 42]

08-02-2024T15:53:21 - [MESSAGE][PASSED] - Tapped at [44, 42]

08-02-2024T15:53:21 - [TEST_STEP][PASSED] - verifyElementExist(findTestObject("IOS/User Management/Terms and Conditions Privacy and Policy/XCUIElementTypeImage"), 30): Element 'Object Repository/IOS/User Management/Terms and Conditions Privacy and Policy/XCUIElementTypeImage' is exist

08-02-2024T15:53:22 - [MESSAGE][PASSED] - Element 'Object Repository/IOS/User Management/Terms and Conditions Privacy and Policy/XCUIElementTypeImage' is exist

08-02-2024T15:53:24 - [TEST_STEP][PASSED] - Video: Video recording for test case 'Test Cases/IOS/User Management/EK-8569 IS iPhone - Terms and condition Privacy and Policy' .

08-02-2024T15:53:24 - [MESSAGE][INFO] - Video recording for test case 'Test Cases/IOS/User Management/EK-8569 IS iPhone - Terms and condition Privacy and Policy' .]]></system-out>
         <system-err><![CDATA[]]></system-err>
      </testcase>
      <testcase name="Test Cases/IOS/User Management/EK-8493 IS iPhone - Restore Password" time="8.058" classname="Test Cases/IOS/User Management/EK-8493 IS iPhone - Restore Password" status="PASSED">
         <system-out><![CDATA[08-02-2024T15:53:24 - [TEST_CASE][PASSED] - Test Cases/IOS/User Management/EK-8493 IS iPhone - Restore Password: Test Cases/IOS/User Management/EK-8493 IS iPhone - Restore Password

08-02-2024T15:53:24 - [TEST_STEP][PASSED] - Start listener action : beforeTestCase: null

08-02-2024T15:53:24 - [TEST_STEP][PASSED] - addDefaultPackages(): null

08-02-2024T15:53:24 - [TEST_STEP][PASSED] - runFeatureFile("Include/features/EK-8493 IS iPhone - Restore Password.feature"): Feature file: 'Include/features/EK-8493 IS iPhone - Restore Password.feature' was passed

08-02-2024T15:53:24 - [MESSAGE][INFO] - Starting run keyword runFeatureFile: 'Include/features/EK-8493 IS iPhone - Restore Password.feature' and extract report to folder: '/Users/safaamarir/git/Android_Automation/Reports/20240208_155221/IS iPhone/User Management/20240208_155221/cucumber_report/1707404004641'...

08-02-2024T15:53:24 - [MESSAGE][PASSED] - Feature file: 'Include/features/EK-8493 IS iPhone - Restore Password.feature' was passed

08-02-2024T15:53:24 - [TEST_STEP][PASSED] - tap(findTestObject("Object Repository/IOS/User Management/Restore Password/XCUIElementTypeOther - Forgot your password"), 30): Tapped on element 'Object Repository/IOS/User Management/Restore Password/XCUIElementTypeOther - Forgot your password'

08-02-2024T15:53:25 - [MESSAGE][PASSED] - Tapped on element 'Object Repository/IOS/User Management/Restore Password/XCUIElementTypeOther - Forgot your password'

08-02-2024T15:53:25 - [TEST_STEP][PASSED] - setText(findTestObject("Object Repository/IOS/User Management/Restore Password/XCUIElementTypeTextField - Username"), LoginCreds.get("username"), 30): Text 'katalon' has been set to element 'Object Repository/IOS/User Management/Restore Password/XCUIElementTypeTextField - Username'

08-02-2024T15:53:26 - [MESSAGE][PASSED] - Text 'katalon' has been set to element 'Object Repository/IOS/User Management/Restore Password/XCUIElementTypeTextField - Username'

08-02-2024T15:53:26 - [TEST_STEP][PASSED] - setText(findTestObject("Object Repository/IOS/User Management/Restore Password/XCUIElementTypeTextField - Email"), LoginCreds.get("email"), 30): Text 'samarir@masaratapp.com' has been set to element 'Object Repository/IOS/User Management/Restore Password/XCUIElementTypeTextField - Email'

08-02-2024T15:53:28 - [MESSAGE][PASSED] - Text 'samarir@masaratapp.com' has been set to element 'Object Repository/IOS/User Management/Restore Password/XCUIElementTypeTextField - Email'

08-02-2024T15:53:28 - [TEST_STEP][PASSED] - tap(findTestObject("IOS/User Management/Restore Password/XCUIElementTypeOther - Restore Password"), 30): Tapped on element 'Object Repository/IOS/User Management/Restore Password/XCUIElementTypeOther - Restore Password'

08-02-2024T15:53:29 - [MESSAGE][PASSED] - Tapped on element 'Object Repository/IOS/User Management/Restore Password/XCUIElementTypeOther - Restore Password'

08-02-2024T15:53:29 - [TEST_STEP][PASSED] - tap(findTestObject("IOS/Draft/XCUIElementTypeOther - Restore Password"), 30, STOP_ON_FAILURE): Tapped on element 'Object Repository/IOS/Draft/XCUIElementTypeOther - Restore Password'

08-02-2024T15:53:30 - [MESSAGE][PASSED] - Tapped on element 'Object Repository/IOS/Draft/XCUIElementTypeOther - Restore Password'

08-02-2024T15:53:32 - [TEST_STEP][PASSED] - Video: Video recording for test case 'Test Cases/IOS/User Management/EK-8493 IS iPhone - Restore Password' .

08-02-2024T15:53:32 - [MESSAGE][INFO] - Video recording for test case 'Test Cases/IOS/User Management/EK-8493 IS iPhone - Restore Password' .]]></system-out>
         <system-err><![CDATA[]]></system-err>
      </testcase>
      <testcase name="Test Cases/IOS/User Management/EK-8570 IS iPhone - 10 Times failed login" time="43.048" classname="Test Cases/IOS/User Management/EK-8570 IS iPhone - 10 Times failed login" status="PASSED">
         <system-out><![CDATA[08-02-2024T15:53:32 - [TEST_CASE][PASSED] - Test Cases/IOS/User Management/EK-8570 IS iPhone - 10 Times failed login: Test Cases/IOS/User Management/EK-8570 IS iPhone - 10 Times failed login

08-02-2024T15:53:32 - [TEST_STEP][PASSED] - Start listener action : beforeTestCase: null

08-02-2024T15:53:32 - [TEST_STEP][PASSED] - addDefaultPackages(): null

08-02-2024T15:53:32 - [TEST_STEP][PASSED] - runFeatureFile("Include/features/EK-8570 IS iPhone - 10 Times failed login.feature"): Feature file: 'Include/features/EK-8570 IS iPhone - 10 Times failed login.feature' was passed

08-02-2024T15:53:32 - [MESSAGE][INFO] - Starting run keyword runFeatureFile: 'Include/features/EK-8570 IS iPhone - 10 Times failed login.feature' and extract report to folder: '/Users/safaamarir/git/Android_Automation/Reports/20240208_155221/IS iPhone/User Management/20240208_155221/cucumber_report/1707404012701'...

08-02-2024T15:53:32 - [MESSAGE][PASSED] - Feature file: 'Include/features/EK-8570 IS iPhone - 10 Times failed login.feature' was passed

08-02-2024T15:53:32 - [TEST_STEP][PASSED] - delay(10, STOP_ON_FAILURE): Delayed 10 second(s)

08-02-2024T15:53:42 - [MESSAGE][PASSED] - Delayed 10 second(s)

08-02-2024T15:53:42 - [TEST_STEP][PASSED] - setText(findTestObject("IOS/User Management/Sign In/XCUIElementTypeTextField - username"), "Test10times", 30): Text 'Test10times' has been set to element 'Object Repository/IOS/User Management/Sign In/XCUIElementTypeTextField - username'

08-02-2024T15:53:44 - [MESSAGE][PASSED] - Text 'Test10times' has been set to element 'Object Repository/IOS/User Management/Sign In/XCUIElementTypeTextField - username'

08-02-2024T15:53:44 - [TEST_STEP][PASSED] - setText(findTestObject("IOS/User Management/Sign In/XCUIElementTypeSecureTextField - Passcode"), "123", 30): Text '123' has been set to element 'Object Repository/IOS/User Management/Sign In/XCUIElementTypeSecureTextField - Passcode'

08-02-2024T15:53:46 - [MESSAGE][PASSED] - Text '123' has been set to element 'Object Repository/IOS/User Management/Sign In/XCUIElementTypeSecureTextField - Passcode'

08-02-2024T15:53:46 - [TEST_STEP][PASSED] - tap(findTestObject("Object Repository/IOS/User Management/10 times failed login/XCUIElementTypeOther - SIGN IN"), 30): Tapped on element 'Object Repository/IOS/User Management/10 times failed login/XCUIElementTypeOther - SIGN IN'

08-02-2024T15:53:48 - [MESSAGE][PASSED] - Tapped on element 'Object Repository/IOS/User Management/10 times failed login/XCUIElementTypeOther - SIGN IN'

08-02-2024T15:53:48 - [TEST_STEP][PASSED] - verifyElementText(findTestObject("Object Repository/IOS/User Management/10 times failed login/XCUIElementTypeStaticText - Login failed. Incorrect credentials"), "Login failed. Incorrect credentials !"): Actual text and expected text of test object 'Object Repository/IOS/User Management/10 times failed login/XCUIElementTypeStaticText - Login failed. Incorrect credentials' are matched.

08-02-2024T15:53:48 - [MESSAGE][PASSED] - Actual text and expected text of test object 'Object Repository/IOS/User Management/10 times failed login/XCUIElementTypeStaticText - Login failed. Incorrect credentials' are matched.

08-02-2024T15:53:48 - [TEST_STEP][PASSED] - tap(findTestObject("Object Repository/IOS/User Management/10 times failed login/XCUIElementTypeButton - OK"), 30): Tapped on element 'Object Repository/IOS/User Management/10 times failed login/XCUIElementTypeButton - OK'

08-02-2024T15:53:50 - [MESSAGE][PASSED] - Tapped on element 'Object Repository/IOS/User Management/10 times failed login/XCUIElementTypeButton - OK'

08-02-2024T15:53:50 - [TEST_STEP][PASSED] - tap(findTestObject("Object Repository/IOS/User Management/10 times failed login/XCUIElementTypeOther - SIGN IN"), 30): Tapped on element 'Object Repository/IOS/User Management/10 times failed login/XCUIElementTypeOther - SIGN IN'

08-02-2024T15:53:51 - [MESSAGE][PASSED] - Tapped on element 'Object Repository/IOS/User Management/10 times failed login/XCUIElementTypeOther - SIGN IN'

08-02-2024T15:53:51 - [TEST_STEP][PASSED] - verifyElementText(findTestObject("Object Repository/IOS/User Management/10 times failed login/XCUIElementTypeStaticText - Login failed. Incorrect credentials"), "Login failed. Incorrect credentials !"): Actual text and expected text of test object 'Object Repository/IOS/User Management/10 times failed login/XCUIElementTypeStaticText - Login failed. Incorrect credentials' are matched.

08-02-2024T15:53:51 - [MESSAGE][PASSED] - Actual text and expected text of test object 'Object Repository/IOS/User Management/10 times failed login/XCUIElementTypeStaticText - Login failed. Incorrect credentials' are matched.

08-02-2024T15:53:51 - [TEST_STEP][PASSED] - tap(findTestObject("Object Repository/IOS/User Management/10 times failed login/XCUIElementTypeButton - OK"), 30): Tapped on element 'Object Repository/IOS/User Management/10 times failed login/XCUIElementTypeButton - OK'

08-02-2024T15:53:52 - [MESSAGE][PASSED] - Tapped on element 'Object Repository/IOS/User Management/10 times failed login/XCUIElementTypeButton - OK'

08-02-2024T15:53:52 - [TEST_STEP][PASSED] - tap(findTestObject("Object Repository/IOS/User Management/10 times failed login/XCUIElementTypeOther - SIGN IN"), 30): Tapped on element 'Object Repository/IOS/User Management/10 times failed login/XCUIElementTypeOther - SIGN IN'

08-02-2024T15:53:53 - [MESSAGE][PASSED] - Tapped on element 'Object Repository/IOS/User Management/10 times failed login/XCUIElementTypeOther - SIGN IN'

08-02-2024T15:53:53 - [TEST_STEP][PASSED] - verifyElementText(findTestObject("Object Repository/IOS/User Management/10 times failed login/XCUIElementTypeStaticText - Login failed. Incorrect credentials"), "Login failed. Incorrect credentials !"): Actual text and expected text of test object 'Object Repository/IOS/User Management/10 times failed login/XCUIElementTypeStaticText - Login failed. Incorrect credentials' are matched.

08-02-2024T15:53:53 - [MESSAGE][PASSED] - Actual text and expected text of test object 'Object Repository/IOS/User Management/10 times failed login/XCUIElementTypeStaticText - Login failed. Incorrect credentials' are matched.

08-02-2024T15:53:53 - [TEST_STEP][PASSED] - tap(findTestObject("Object Repository/IOS/User Management/10 times failed login/XCUIElementTypeButton - OK"), 30): Tapped on element 'Object Repository/IOS/User Management/10 times failed login/XCUIElementTypeButton - OK'

08-02-2024T15:53:55 - [MESSAGE][PASSED] - Tapped on element 'Object Repository/IOS/User Management/10 times failed login/XCUIElementTypeButton - OK'

08-02-2024T15:53:55 - [TEST_STEP][PASSED] - tap(findTestObject("Object Repository/IOS/User Management/10 times failed login/XCUIElementTypeOther - SIGN IN"), 30): Tapped on element 'Object Repository/IOS/User Management/10 times failed login/XCUIElementTypeOther - SIGN IN'

08-02-2024T15:53:56 - [MESSAGE][PASSED] - Tapped on element 'Object Repository/IOS/User Management/10 times failed login/XCUIElementTypeOther - SIGN IN'

08-02-2024T15:53:56 - [TEST_STEP][PASSED] - verifyElementText(findTestObject("Object Repository/IOS/User Management/10 times failed login/XCUIElementTypeStaticText - Login failed. Incorrect credentials"), "Login failed. Incorrect credentials !"): Actual text and expected text of test object 'Object Repository/IOS/User Management/10 times failed login/XCUIElementTypeStaticText - Login failed. Incorrect credentials' are matched.

08-02-2024T15:53:56 - [MESSAGE][PASSED] - Actual text and expected text of test object 'Object Repository/IOS/User Management/10 times failed login/XCUIElementTypeStaticText - Login failed. Incorrect credentials' are matched.

08-02-2024T15:53:56 - [TEST_STEP][PASSED] - tap(findTestObject("Object Repository/IOS/User Management/10 times failed login/XCUIElementTypeButton - OK"), 30): Tapped on element 'Object Repository/IOS/User Management/10 times failed login/XCUIElementTypeButton - OK'

08-02-2024T15:53:57 - [MESSAGE][PASSED] - Tapped on element 'Object Repository/IOS/User Management/10 times failed login/XCUIElementTypeButton - OK'

08-02-2024T15:53:57 - [TEST_STEP][PASSED] - tap(findTestObject("Object Repository/IOS/User Management/10 times failed login/XCUIElementTypeOther - SIGN IN"), 30): Tapped on element 'Object Repository/IOS/User Management/10 times failed login/XCUIElementTypeOther - SIGN IN'

08-02-2024T15:53:58 - [MESSAGE][PASSED] - Tapped on element 'Object Repository/IOS/User Management/10 times failed login/XCUIElementTypeOther - SIGN IN'

08-02-2024T15:53:58 - [TEST_STEP][PASSED] - verifyElementText(findTestObject("Object Repository/IOS/User Management/10 times failed login/XCUIElementTypeStaticText - Login failed. Incorrect credentials"), "Login failed. Incorrect credentials !"): Actual text and expected text of test object 'Object Repository/IOS/User Management/10 times failed login/XCUIElementTypeStaticText - Login failed. Incorrect credentials' are matched.

08-02-2024T15:53:59 - [MESSAGE][PASSED] - Actual text and expected text of test object 'Object Repository/IOS/User Management/10 times failed login/XCUIElementTypeStaticText - Login failed. Incorrect credentials' are matched.

08-02-2024T15:53:59 - [TEST_STEP][PASSED] - tap(findTestObject("Object Repository/IOS/User Management/10 times failed login/XCUIElementTypeButton - OK"), 30): Tapped on element 'Object Repository/IOS/User Management/10 times failed login/XCUIElementTypeButton - OK'

08-02-2024T15:54:00 - [MESSAGE][PASSED] - Tapped on element 'Object Repository/IOS/User Management/10 times failed login/XCUIElementTypeButton - OK'

08-02-2024T15:54:00 - [TEST_STEP][PASSED] - tap(findTestObject("Object Repository/IOS/User Management/10 times failed login/XCUIElementTypeOther - SIGN IN"), 30): Tapped on element 'Object Repository/IOS/User Management/10 times failed login/XCUIElementTypeOther - SIGN IN'

08-02-2024T15:54:01 - [MESSAGE][PASSED] - Tapped on element 'Object Repository/IOS/User Management/10 times failed login/XCUIElementTypeOther - SIGN IN'

08-02-2024T15:54:01 - [TEST_STEP][PASSED] - verifyElementText(findTestObject("Object Repository/IOS/User Management/10 times failed login/XCUIElementTypeStaticText - Login failed. Incorrect credentials"), "Login failed. Incorrect credentials !"): Actual text and expected text of test object 'Object Repository/IOS/User Management/10 times failed login/XCUIElementTypeStaticText - Login failed. Incorrect credentials' are matched.

08-02-2024T15:54:01 - [MESSAGE][PASSED] - Actual text and expected text of test object 'Object Repository/IOS/User Management/10 times failed login/XCUIElementTypeStaticText - Login failed. Incorrect credentials' are matched.

08-02-2024T15:54:01 - [TEST_STEP][PASSED] - tap(findTestObject("Object Repository/IOS/User Management/10 times failed login/XCUIElementTypeButton - OK"), 30): Tapped on element 'Object Repository/IOS/User Management/10 times failed login/XCUIElementTypeButton - OK'

08-02-2024T15:54:03 - [MESSAGE][PASSED] - Tapped on element 'Object Repository/IOS/User Management/10 times failed login/XCUIElementTypeButton - OK'

08-02-2024T15:54:03 - [TEST_STEP][PASSED] - tap(findTestObject("Object Repository/IOS/User Management/10 times failed login/XCUIElementTypeOther - SIGN IN"), 30): Tapped on element 'Object Repository/IOS/User Management/10 times failed login/XCUIElementTypeOther - SIGN IN'

08-02-2024T15:54:04 - [MESSAGE][PASSED] - Tapped on element 'Object Repository/IOS/User Management/10 times failed login/XCUIElementTypeOther - SIGN IN'

08-02-2024T15:54:04 - [TEST_STEP][PASSED] - verifyElementText(findTestObject("Object Repository/IOS/User Management/10 times failed login/XCUIElementTypeStaticText - Login failed. Incorrect credentials"), "Login failed. Incorrect credentials !"): Actual text and expected text of test object 'Object Repository/IOS/User Management/10 times failed login/XCUIElementTypeStaticText - Login failed. Incorrect credentials' are matched.

08-02-2024T15:54:04 - [MESSAGE][PASSED] - Actual text and expected text of test object 'Object Repository/IOS/User Management/10 times failed login/XCUIElementTypeStaticText - Login failed. Incorrect credentials' are matched.

08-02-2024T15:54:04 - [TEST_STEP][PASSED] - tap(findTestObject("Object Repository/IOS/User Management/10 times failed login/XCUIElementTypeButton - OK"), 30): Tapped on element 'Object Repository/IOS/User Management/10 times failed login/XCUIElementTypeButton - OK'

08-02-2024T15:54:05 - [MESSAGE][PASSED] - Tapped on element 'Object Repository/IOS/User Management/10 times failed login/XCUIElementTypeButton - OK'

08-02-2024T15:54:05 - [TEST_STEP][PASSED] - tap(findTestObject("Object Repository/IOS/User Management/10 times failed login/XCUIElementTypeOther - SIGN IN"), 30): Tapped on element 'Object Repository/IOS/User Management/10 times failed login/XCUIElementTypeOther - SIGN IN'

08-02-2024T15:54:06 - [MESSAGE][PASSED] - Tapped on element 'Object Repository/IOS/User Management/10 times failed login/XCUIElementTypeOther - SIGN IN'

08-02-2024T15:54:06 - [TEST_STEP][PASSED] - verifyElementText(findTestObject("Object Repository/IOS/User Management/10 times failed login/XCUIElementTypeStaticText - Login failed. Incorrect credentials"), "Login failed. Incorrect credentials !"): Actual text and expected text of test object 'Object Repository/IOS/User Management/10 times failed login/XCUIElementTypeStaticText - Login failed. Incorrect credentials' are matched.

08-02-2024T15:54:07 - [MESSAGE][PASSED] - Actual text and expected text of test object 'Object Repository/IOS/User Management/10 times failed login/XCUIElementTypeStaticText - Login failed. Incorrect credentials' are matched.

08-02-2024T15:54:07 - [TEST_STEP][PASSED] - tap(findTestObject("Object Repository/IOS/User Management/10 times failed login/XCUIElementTypeButton - OK"), 30): Tapped on element 'Object Repository/IOS/User Management/10 times failed login/XCUIElementTypeButton - OK'

08-02-2024T15:54:08 - [MESSAGE][PASSED] - Tapped on element 'Object Repository/IOS/User Management/10 times failed login/XCUIElementTypeButton - OK'

08-02-2024T15:54:08 - [TEST_STEP][PASSED] - tap(findTestObject("Object Repository/IOS/User Management/10 times failed login/XCUIElementTypeOther - SIGN IN"), 30): Tapped on element 'Object Repository/IOS/User Management/10 times failed login/XCUIElementTypeOther - SIGN IN'

08-02-2024T15:54:09 - [MESSAGE][PASSED] - Tapped on element 'Object Repository/IOS/User Management/10 times failed login/XCUIElementTypeOther - SIGN IN'

08-02-2024T15:54:09 - [TEST_STEP][PASSED] - verifyElementText(findTestObject("Object Repository/IOS/User Management/10 times failed login/XCUIElementTypeStaticText - Login failed. Incorrect credentials"), "Login failed. Incorrect credentials !"): Actual text and expected text of test object 'Object Repository/IOS/User Management/10 times failed login/XCUIElementTypeStaticText - Login failed. Incorrect credentials' are matched.

08-02-2024T15:54:09 - [MESSAGE][PASSED] - Actual text and expected text of test object 'Object Repository/IOS/User Management/10 times failed login/XCUIElementTypeStaticText - Login failed. Incorrect credentials' are matched.

08-02-2024T15:54:09 - [TEST_STEP][PASSED] - tap(findTestObject("Object Repository/IOS/User Management/10 times failed login/XCUIElementTypeButton - OK"), 30): Tapped on element 'Object Repository/IOS/User Management/10 times failed login/XCUIElementTypeButton - OK'

08-02-2024T15:54:11 - [MESSAGE][PASSED] - Tapped on element 'Object Repository/IOS/User Management/10 times failed login/XCUIElementTypeButton - OK'

08-02-2024T15:54:11 - [TEST_STEP][PASSED] - tap(findTestObject("Object Repository/IOS/User Management/10 times failed login/XCUIElementTypeOther - SIGN IN"), 30): Tapped on element 'Object Repository/IOS/User Management/10 times failed login/XCUIElementTypeOther - SIGN IN'

08-02-2024T15:54:11 - [MESSAGE][PASSED] - Tapped on element 'Object Repository/IOS/User Management/10 times failed login/XCUIElementTypeOther - SIGN IN'

08-02-2024T15:54:11 - [TEST_STEP][PASSED] - verifyElementText(findTestObject("Object Repository/IOS/User Management/10 times failed login/XCUIElementTypeStaticText - Login failed. Incorrect credentials"), "Your account has been temporarily disabled due to repeated login failures. Please contact your administrator: samarir@masaratapp.com"): Actual text and expected text of test object 'Object Repository/IOS/User Management/10 times failed login/XCUIElementTypeStaticText - Login failed. Incorrect credentials' are matched.

08-02-2024T15:54:12 - [MESSAGE][PASSED] - Actual text and expected text of test object 'Object Repository/IOS/User Management/10 times failed login/XCUIElementTypeStaticText - Login failed. Incorrect credentials' are matched.

08-02-2024T15:54:12 - [TEST_STEP][PASSED] - tap(findTestObject("Object Repository/IOS/User Management/10 times failed login/XCUIElementTypeButton - OK"), 30): Tapped on element 'Object Repository/IOS/User Management/10 times failed login/XCUIElementTypeButton - OK'

08-02-2024T15:54:13 - [MESSAGE][PASSED] - Tapped on element 'Object Repository/IOS/User Management/10 times failed login/XCUIElementTypeButton - OK'

08-02-2024T15:54:15 - [TEST_STEP][PASSED] - Video: Video recording for test case 'Test Cases/IOS/User Management/EK-8570 IS iPhone - 10 Times failed login' .

08-02-2024T15:54:15 - [MESSAGE][INFO] - Video recording for test case 'Test Cases/IOS/User Management/EK-8570 IS iPhone - 10 Times failed login' .]]></system-out>
         <system-err><![CDATA[]]></system-err>
      </testcase>
      <testcase name="Test Cases/IOS/User Management/EK-8491 IS iPhone - Sign in" time="56.719" classname="Test Cases/IOS/User Management/EK-8491 IS iPhone - Sign in" status="PASSED">
         <system-out><![CDATA[08-02-2024T15:54:15 - [TEST_CASE][PASSED] - Test Cases/IOS/User Management/EK-8491 IS iPhone - Sign in: Test Cases/IOS/User Management/EK-8491 IS iPhone - Sign in

08-02-2024T15:54:15 - [TEST_STEP][PASSED] - Start listener action : beforeTestCase: null

08-02-2024T15:54:15 - [TEST_STEP][PASSED] - addDefaultPackages(): null

08-02-2024T15:54:15 - [TEST_STEP][PASSED] - runFeatureFile("Include/features/EK-8491 IS iPhone - Sign in.feature"): Feature file: 'Include/features/EK-8491 IS iPhone - Sign in.feature' was passed

08-02-2024T15:54:15 - [MESSAGE][INFO] - Starting run keyword runFeatureFile: 'Include/features/EK-8491 IS iPhone - Sign in.feature' and extract report to folder: '/Users/safaamarir/git/Android_Automation/Reports/20240208_155221/IS iPhone/User Management/20240208_155221/cucumber_report/1707404055746'...

08-02-2024T15:54:15 - [MESSAGE][PASSED] - Feature file: 'Include/features/EK-8491 IS iPhone - Sign in.feature' was passed

08-02-2024T15:54:15 - [TEST_STEP][PASSED] - startApplication(IPA, true): Started app at: '/Users/safaamarir/APK/IOS/IS/IS_PreProd_2.1.5_214.ipa'

08-02-2024T15:54:15 - [MESSAGE][INFO] - User set preference: ['automationName', 'XCUITest']

08-02-2024T15:54:15 - [MESSAGE][INFO] - User set preference: ['deviceId', '00008110-00112D590CD0201E']

08-02-2024T15:54:25 - [MESSAGE][WARNING] - Failed to start ios_webkit_debug_proxy on default port 27753

08-02-2024T15:54:53 - [MESSAGE][PASSED] - Started app at: '/Users/safaamarir/APK/IOS/IS/IS_PreProd_2.1.5_214.ipa'

08-02-2024T15:54:53 - [TEST_STEP][PASSED] - tap(findTestObject("Object Repository/IOS/User Management/Sign In/XCUIElementTypeButton - Allow"), 30): Tapped on element 'Object Repository/IOS/User Management/Sign In/XCUIElementTypeButton - Allow'

08-02-2024T15:54:54 - [MESSAGE][PASSED] - Tapped on element 'Object Repository/IOS/User Management/Sign In/XCUIElementTypeButton - Allow'

08-02-2024T15:54:54 - [TEST_STEP][PASSED] - setText(findTestObject("Object Repository/IOS/User Management/Sign In/XCUIElementTypeTextField - username"), LoginCreds.get("username"), 30): Text 'katalon' has been set to element 'Object Repository/IOS/User Management/Sign In/XCUIElementTypeTextField - username'

08-02-2024T15:54:56 - [MESSAGE][PASSED] - Text 'katalon' has been set to element 'Object Repository/IOS/User Management/Sign In/XCUIElementTypeTextField - username'

08-02-2024T15:54:56 - [TEST_STEP][PASSED] - setText(findTestObject("Object Repository/IOS/User Management/Sign In/XCUIElementTypeSecureTextField - Passcode"), LoginCreds.get("password"), 30): Text 'eKare123@' has been set to element 'Object Repository/IOS/User Management/Sign In/XCUIElementTypeSecureTextField - Passcode'

08-02-2024T15:54:57 - [MESSAGE][PASSED] - Text 'eKare123@' has been set to element 'Object Repository/IOS/User Management/Sign In/XCUIElementTypeSecureTextField - Passcode'

08-02-2024T15:54:57 - [TEST_STEP][PASSED] - tap(findTestObject("Object Repository/IOS/User Management/Sign In/XCUIElementTypeOther - SIGN IN"), 30): Tapped on element 'Object Repository/IOS/User Management/Sign In/XCUIElementTypeOther - SIGN IN'

08-02-2024T15:54:59 - [MESSAGE][PASSED] - Tapped on element 'Object Repository/IOS/User Management/Sign In/XCUIElementTypeOther - SIGN IN'

08-02-2024T15:54:59 - [TEST_STEP][PASSED] - tap(findTestObject("IOS/User Management/Sign In/XCUIElementTypeOther - Katalon"), 30): Tapped on element 'Object Repository/IOS/User Management/Sign In/XCUIElementTypeOther - Katalon'

08-02-2024T15:55:00 - [MESSAGE][PASSED] - Tapped on element 'Object Repository/IOS/User Management/Sign In/XCUIElementTypeOther - Katalon'

08-02-2024T15:55:00 - [TEST_STEP][PASSED] - delay(10): Delayed 10 second(s)

08-02-2024T15:55:10 - [MESSAGE][PASSED] - Delayed 10 second(s)

08-02-2024T15:55:12 - [TEST_STEP][PASSED] - Video: Video recording for test case 'Test Cases/IOS/User Management/EK-8491 IS iPhone - Sign in' .

08-02-2024T15:55:12 - [MESSAGE][INFO] - Video recording for test case 'Test Cases/IOS/User Management/EK-8491 IS iPhone - Sign in' .]]></system-out>
         <system-err><![CDATA[]]></system-err>
      </testcase>
      <testcase name="Test Cases/IOS/User Management/EK-8492 IS iPhone - Logout" time="13.734" classname="Test Cases/IOS/User Management/EK-8492 IS iPhone - Logout" status="PASSED">
         <system-out><![CDATA[08-02-2024T15:55:12 - [TEST_CASE][PASSED] - Test Cases/IOS/User Management/EK-8492 IS iPhone - Logout: Test Cases/IOS/User Management/EK-8492 IS iPhone - Logout

08-02-2024T15:55:12 - [TEST_STEP][PASSED] - Start listener action : beforeTestCase: null

08-02-2024T15:55:12 - [TEST_STEP][PASSED] - addDefaultPackages(): null

08-02-2024T15:55:12 - [TEST_STEP][PASSED] - runFeatureFile("Include/features/EK-8492 IS iPhone - Logout.feature"): Feature file: 'Include/features/EK-8492 IS iPhone - Logout.feature' was passed

08-02-2024T15:55:12 - [MESSAGE][INFO] - Starting run keyword runFeatureFile: 'Include/features/EK-8492 IS iPhone - Logout.feature' and extract report to folder: '/Users/safaamarir/git/Android_Automation/Reports/20240208_155221/IS iPhone/User Management/20240208_155221/cucumber_report/1707404112464'...

08-02-2024T15:55:12 - [MESSAGE][PASSED] - Feature file: 'Include/features/EK-8492 IS iPhone - Logout.feature' was passed

08-02-2024T15:55:12 - [TEST_STEP][PASSED] - tap(findTestObject("Object Repository/IOS/User Management/Logout/XCUIElementTypeOther"), 30): Tapped on element 'Object Repository/IOS/User Management/Logout/XCUIElementTypeOther'

08-02-2024T15:55:13 - [MESSAGE][PASSED] - Tapped on element 'Object Repository/IOS/User Management/Logout/XCUIElementTypeOther'

08-02-2024T15:55:13 - [TEST_STEP][PASSED] - tap(findTestObject("Object Repository/IOS/User Management/Logout/XCUIElementTypeOther - Logout"), 30): Tapped on element 'Object Repository/IOS/User Management/Logout/XCUIElementTypeOther - Logout'

08-02-2024T15:55:15 - [MESSAGE][PASSED] - Tapped on element 'Object Repository/IOS/User Management/Logout/XCUIElementTypeOther - Logout'

08-02-2024T15:55:15 - [TEST_STEP][PASSED] - verifyElementText(findTestObject("Object Repository/IOS/User Management/Logout/XCUIElementTypeStaticText - You want to logout"), "You want to logout ?"): Actual text and expected text of test object 'Object Repository/IOS/User Management/Logout/XCUIElementTypeStaticText - You want to logout' are matched.

08-02-2024T15:55:17 - [MESSAGE][PASSED] - Actual text and expected text of test object 'Object Repository/IOS/User Management/Logout/XCUIElementTypeStaticText - You want to logout' are matched.

08-02-2024T15:55:17 - [TEST_STEP][PASSED] - verifyElementExist(findTestObject("Object Repository/IOS/User Management/Logout/XCUIElementTypeButton - Cancel"), 30): Element 'Object Repository/IOS/User Management/Logout/XCUIElementTypeButton - Cancel' is exist

08-02-2024T15:55:18 - [MESSAGE][PASSED] - Element 'Object Repository/IOS/User Management/Logout/XCUIElementTypeButton - Cancel' is exist

08-02-2024T15:55:18 - [TEST_STEP][PASSED] - tap(findTestObject("Object Repository/IOS/User Management/Logout/XCUIElementTypeButton - Confirm"), 30): Tapped on element 'Object Repository/IOS/User Management/Logout/XCUIElementTypeButton - Confirm'

08-02-2024T15:55:21 - [MESSAGE][PASSED] - Tapped on element 'Object Repository/IOS/User Management/Logout/XCUIElementTypeButton - Confirm'

08-02-2024T15:55:21 - [TEST_STEP][PASSED] - verifyElementExist(findTestObject("Object Repository/IOS/User Management/Logout/XCUIElementTypeOther (1)"), 30): Element 'Object Repository/IOS/User Management/Logout/XCUIElementTypeOther (1)' is exist

08-02-2024T15:55:24 - [MESSAGE][PASSED] - Element 'Object Repository/IOS/User Management/Logout/XCUIElementTypeOther (1)' is exist

08-02-2024T15:55:26 - [TEST_STEP][PASSED] - Video: Video recording for test case 'Test Cases/IOS/User Management/EK-8492 IS iPhone - Logout' .

08-02-2024T15:55:26 - [MESSAGE][INFO] - Video recording for test case 'Test Cases/IOS/User Management/EK-8492 IS iPhone - Logout' .]]></system-out>
         <system-err><![CDATA[]]></system-err>
      </testcase>
      <testcase name="Test Cases/IOS/User Management/EK-8571 IS iPhone - Login as a user with multiple sites" time="135.419" classname="Test Cases/IOS/User Management/EK-8571 IS iPhone - Login as a user with multiple sites" status="PASSED">
         <system-out><![CDATA[08-02-2024T15:55:26 - [TEST_CASE][PASSED] - Test Cases/IOS/User Management/EK-8571 IS iPhone - Login as a user with multiple sites: Test Cases/IOS/User Management/EK-8571 IS iPhone - Login as a user with multiple sites

08-02-2024T15:55:26 - [TEST_STEP][PASSED] - Start listener action : beforeTestCase: null

08-02-2024T15:55:26 - [TEST_STEP][PASSED] - addDefaultPackages(): null

08-02-2024T15:55:26 - [TEST_STEP][PASSED] - runFeatureFile("Include/features/EK-8571 IS iPhone - Login as a user with multiple sites.feature"): Feature file: 'Include/features/EK-8571 IS iPhone - Login as a user with multiple sites.feature' was passed

08-02-2024T15:55:26 - [MESSAGE][INFO] - Starting run keyword runFeatureFile: 'Include/features/EK-8571 IS iPhone - Login as a user with multiple sites.feature' and extract report to folder: '/Users/safaamarir/git/Android_Automation/Reports/20240208_155221/IS iPhone/User Management/20240208_155221/cucumber_report/1707404126205'...

08-02-2024T15:55:26 - [MESSAGE][PASSED] - Feature file: 'Include/features/EK-8571 IS iPhone - Login as a user with multiple sites.feature' was passed

08-02-2024T15:55:26 - [TEST_STEP][PASSED] - setText(findTestObject("Object Repository/IOS/User Management/Sign In/XCUIElementTypeTextField - username"), LoginCreds.get("siteuser"), 30): Text 'katalonSite' has been set to element 'Object Repository/IOS/User Management/Sign In/XCUIElementTypeTextField - username'

08-02-2024T15:55:29 - [MESSAGE][PASSED] - Text 'katalonSite' has been set to element 'Object Repository/IOS/User Management/Sign In/XCUIElementTypeTextField - username'

08-02-2024T15:55:29 - [TEST_STEP][PASSED] - setText(findTestObject("Object Repository/IOS/User Management/Sign In/XCUIElementTypeSecureTextField - Passcode"), LoginCreds.get("password"), 30): Text 'eKare123@' has been set to element 'Object Repository/IOS/User Management/Sign In/XCUIElementTypeSecureTextField - Passcode'

08-02-2024T15:55:30 - [MESSAGE][PASSED] - Text 'eKare123@' has been set to element 'Object Repository/IOS/User Management/Sign In/XCUIElementTypeSecureTextField - Passcode'

08-02-2024T15:55:30 - [TEST_STEP][PASSED] - tap(findTestObject("Object Repository/IOS/User Management/Login as a user with multiple sites/XCUIElementTypeOther - SIGN IN"), 30): Tapped on element 'Object Repository/IOS/User Management/Login as a user with multiple sites/XCUIElementTypeOther - SIGN IN'

08-02-2024T15:55:32 - [MESSAGE][PASSED] - Tapped on element 'Object Repository/IOS/User Management/Login as a user with multiple sites/XCUIElementTypeOther - SIGN IN'

08-02-2024T15:55:32 - [TEST_STEP][PASSED] - tap(findTestObject("Object Repository/IOS/User Management/Login as a user with multiple sites/XCUIElementTypeOther - Katalon"), 30): Tapped on element 'Object Repository/IOS/User Management/Login as a user with multiple sites/XCUIElementTypeOther - Katalon'

08-02-2024T15:55:33 - [MESSAGE][PASSED] - Tapped on element 'Object Repository/IOS/User Management/Login as a user with multiple sites/XCUIElementTypeOther - Katalon'

08-02-2024T15:55:33 - [TEST_STEP][PASSED] - verifyElementExist(findTestObject("Object Repository/IOS/User Management/Login as a user with multiple sites/XCUIElementTypeOther -"), 30): Element 'Object Repository/IOS/User Management/Login as a user with multiple sites/XCUIElementTypeOther -' is exist

08-02-2024T15:55:35 - [MESSAGE][PASSED] - Element 'Object Repository/IOS/User Management/Login as a user with multiple sites/XCUIElementTypeOther -' is exist

08-02-2024T15:55:35 - [TEST_STEP][PASSED] - setText(findTestObject("Object Repository/IOS/User Management/Login as a user with multiple sites/XCUIElementTypeTextField - Search by Name, MRN"), "111ui", 30): Text '111ui' has been set to element 'Object Repository/IOS/User Management/Login as a user with multiple sites/XCUIElementTypeTextField - Search by Name, MRN'

08-02-2024T15:55:38 - [MESSAGE][PASSED] - Text '111ui' has been set to element 'Object Repository/IOS/User Management/Login as a user with multiple sites/XCUIElementTypeTextField - Search by Name, MRN'

08-02-2024T15:55:38 - [TEST_STEP][PASSED] - tapAtPosition(539, 707): Tapped at [539, 707]

08-02-2024T15:55:39 - [MESSAGE][PASSED] - Tapped at [539, 707]

08-02-2024T15:55:39 - [TEST_STEP][PASSED] - delay(5, STOP_ON_FAILURE): Delayed 5 second(s)

08-02-2024T15:55:44 - [MESSAGE][PASSED] - Delayed 5 second(s)

08-02-2024T15:55:44 - [TEST_STEP][PASSED] - tap(findTestObject("IOS/User Management/Login as a user with multiple sites/XCUIElementTypeOther - Patient"), 30): Tapped on element 'Object Repository/IOS/User Management/Login as a user with multiple sites/XCUIElementTypeOther - Patient'

08-02-2024T15:55:45 - [MESSAGE][PASSED] - Tapped on element 'Object Repository/IOS/User Management/Login as a user with multiple sites/XCUIElementTypeOther - Patient'

08-02-2024T15:55:45 - [TEST_STEP][PASSED] - tap(findTestObject("IOS/User Management/Login as a user with multiple sites/XCUIElementTypeOther - Patient"), 30): Tapped on element 'Object Repository/IOS/User Management/Login as a user with multiple sites/XCUIElementTypeOther - Patient'

08-02-2024T15:55:46 - [MESSAGE][PASSED] - Tapped on element 'Object Repository/IOS/User Management/Login as a user with multiple sites/XCUIElementTypeOther - Patient'

08-02-2024T15:55:46 - [TEST_STEP][PASSED] - tap(findTestObject("Object Repository/IOS/User Management/Login as a user with multiple sites/XCUIElementTypeOther - menu"), 30): Tapped on element 'Object Repository/IOS/User Management/Login as a user with multiple sites/XCUIElementTypeOther - menu'

08-02-2024T15:55:48 - [MESSAGE][PASSED] - Tapped on element 'Object Repository/IOS/User Management/Login as a user with multiple sites/XCUIElementTypeOther - menu'

08-02-2024T15:55:48 - [TEST_STEP][PASSED] - verifyElementExist(findTestObject("Object Repository/IOS/User Management/Login as a user with multiple sites/XCUIElementTypeOther - Delete patient"), 30): Element 'Object Repository/IOS/User Management/Login as a user with multiple sites/XCUIElementTypeOther - Delete patient' is exist

08-02-2024T15:55:49 - [MESSAGE][PASSED] - Element 'Object Repository/IOS/User Management/Login as a user with multiple sites/XCUIElementTypeOther - Delete patient' is exist

08-02-2024T15:55:49 - [TEST_STEP][PASSED] - tapAtPosition(539, 707): Tapped at [539, 707]

08-02-2024T15:55:49 - [MESSAGE][PASSED] - Tapped at [539, 707]

08-02-2024T15:55:49 - [TEST_STEP][PASSED] - tap(findTestObject("Object Repository/IOS/User Management/Login as a user with multiple sites/XCUIElementTypeOther - Back"), 30): Tapped on element 'Object Repository/IOS/User Management/Login as a user with multiple sites/XCUIElementTypeOther - Back'

08-02-2024T15:55:50 - [MESSAGE][PASSED] - Tapped on element 'Object Repository/IOS/User Management/Login as a user with multiple sites/XCUIElementTypeOther - Back'

08-02-2024T15:55:50 - [TEST_STEP][PASSED] - tap(findTestObject("Object Repository/IOS/User Management/Login as a user with multiple sites/XCUIElementTypeOther - Menu (1)"), 30): Tapped on element 'Object Repository/IOS/User Management/Login as a user with multiple sites/XCUIElementTypeOther - Menu (1)'

08-02-2024T15:55:51 - [MESSAGE][PASSED] - Tapped on element 'Object Repository/IOS/User Management/Login as a user with multiple sites/XCUIElementTypeOther - Menu (1)'

08-02-2024T15:55:51 - [TEST_STEP][PASSED] - tap(findTestObject("Object Repository/IOS/User Management/Login as a user with multiple sites/XCUIElementTypeOther - Site"), 30): Tapped on element 'Object Repository/IOS/User Management/Login as a user with multiple sites/XCUIElementTypeOther - Site'

08-02-2024T15:55:53 - [MESSAGE][PASSED] - Tapped on element 'Object Repository/IOS/User Management/Login as a user with multiple sites/XCUIElementTypeOther - Site'

08-02-2024T15:55:53 - [TEST_STEP][PASSED] - tap(findTestObject("Object Repository/IOS/User Management/Login as a user with multiple sites/XCUIElementTypeOther - site user"), 30): Tapped on element 'Object Repository/IOS/User Management/Login as a user with multiple sites/XCUIElementTypeOther - site user'

08-02-2024T15:55:54 - [MESSAGE][PASSED] - Tapped on element 'Object Repository/IOS/User Management/Login as a user with multiple sites/XCUIElementTypeOther - site user'

08-02-2024T15:55:54 - [TEST_STEP][PASSED] - verifyElementExist(findTestObject("Object Repository/IOS/User Management/Login as a user with multiple sites/XCUIElementTypeOther - add patient"), 30): Element 'Object Repository/IOS/User Management/Login as a user with multiple sites/XCUIElementTypeOther - add patient' is exist

08-02-2024T15:55:57 - [MESSAGE][PASSED] - Element 'Object Repository/IOS/User Management/Login as a user with multiple sites/XCUIElementTypeOther - add patient' is exist

08-02-2024T15:55:57 - [TEST_STEP][PASSED] - tap(findTestObject("IOS/User Management/Login as a user with multiple sites/XCUIElementTypeOther - Patient 1"), 30): Tapped on element 'Object Repository/IOS/User Management/Login as a user with multiple sites/XCUIElementTypeOther - Patient 1'

08-02-2024T15:55:58 - [MESSAGE][PASSED] - Tapped on element 'Object Repository/IOS/User Management/Login as a user with multiple sites/XCUIElementTypeOther - Patient 1'

08-02-2024T15:55:58 - [TEST_STEP][PASSED] - tap(findTestObject("Object Repository/IOS/User Management/Login as a user with multiple sites/XCUIElementTypeOther - Menu Patient"), 30): Tapped on element 'Object Repository/IOS/User Management/Login as a user with multiple sites/XCUIElementTypeOther - Menu Patient'

08-02-2024T15:55:59 - [MESSAGE][PASSED] - Tapped on element 'Object Repository/IOS/User Management/Login as a user with multiple sites/XCUIElementTypeOther - Menu Patient'

08-02-2024T15:55:59 - [TEST_STEP][PASSED] - verifyElementExist(findTestObject("Object Repository/IOS/User Management/Login as a user with multiple sites/XCUIElementTypeOther - Edit patient"), 30): Element 'Object Repository/IOS/User Management/Login as a user with multiple sites/XCUIElementTypeOther - Edit patient' is exist

08-02-2024T15:56:00 - [MESSAGE][PASSED] - Element 'Object Repository/IOS/User Management/Login as a user with multiple sites/XCUIElementTypeOther - Edit patient' is exist

08-02-2024T15:56:00 - [TEST_STEP][PASSED] - verifyElementNotExist(findTestObject("IOS/User Management/Login as a user with multiple sites/XCUIElementTypeOther - Delete patient"), 30): Element 'Object Repository/IOS/User Management/Login as a user with multiple sites/XCUIElementTypeOther - Delete patient' not found

08-02-2024T15:56:31 - [MESSAGE][PASSED] - Element 'Object Repository/IOS/User Management/Login as a user with multiple sites/XCUIElementTypeOther - Delete patient' not found

08-02-2024T15:56:31 - [TEST_STEP][PASSED] - tapAtPosition(539, 707): Tapped at [539, 707]

08-02-2024T15:56:31 - [MESSAGE][PASSED] - Tapped at [539, 707]

08-02-2024T15:56:31 - [TEST_STEP][PASSED] - tap(findTestObject("Object Repository/IOS/User Management/Login as a user with multiple sites/XCUIElementTypeOther - Back"), 30): Tapped on element 'Object Repository/IOS/User Management/Login as a user with multiple sites/XCUIElementTypeOther - Back'

08-02-2024T15:56:32 - [MESSAGE][PASSED] - Tapped on element 'Object Repository/IOS/User Management/Login as a user with multiple sites/XCUIElementTypeOther - Back'

08-02-2024T15:56:32 - [TEST_STEP][PASSED] - tap(findTestObject("Object Repository/IOS/User Management/Login as a user with multiple sites/XCUIElementTypeOther - Menu (1)"), 30): Tapped on element 'Object Repository/IOS/User Management/Login as a user with multiple sites/XCUIElementTypeOther - Menu (1)'

08-02-2024T15:56:33 - [MESSAGE][PASSED] - Tapped on element 'Object Repository/IOS/User Management/Login as a user with multiple sites/XCUIElementTypeOther - Menu (1)'

08-02-2024T15:56:33 - [TEST_STEP][PASSED] - tap(findTestObject("Object Repository/IOS/User Management/Login as a user with multiple sites/XCUIElementTypeOther - Site"), 30): Tapped on element 'Object Repository/IOS/User Management/Login as a user with multiple sites/XCUIElementTypeOther - Site'

08-02-2024T15:56:35 - [MESSAGE][PASSED] - Tapped on element 'Object Repository/IOS/User Management/Login as a user with multiple sites/XCUIElementTypeOther - Site'

08-02-2024T15:56:35 - [TEST_STEP][PASSED] - checkElement(findTestObject("IOS/User Management/Login as a user with multiple sites/XCUIElementTypeOther - Test1"), 30): Element 'Object Repository/IOS/User Management/Login as a user with multiple sites/XCUIElementTypeOther - Test1' is checked

08-02-2024T15:56:36 - [MESSAGE][PASSED] - Element 'Object Repository/IOS/User Management/Login as a user with multiple sites/XCUIElementTypeOther - Test1' is checked

08-02-2024T15:56:36 - [TEST_STEP][PASSED] - verifyElementNotExist(findTestObject("Object Repository/IOS/User Management/Login as a user with multiple sites/XCUIElementTypeOther -"), 30): Element 'Object Repository/IOS/User Management/Login as a user with multiple sites/XCUIElementTypeOther -' not found

08-02-2024T15:57:06 - [MESSAGE][PASSED] - Element 'Object Repository/IOS/User Management/Login as a user with multiple sites/XCUIElementTypeOther -' not found

08-02-2024T15:57:06 - [TEST_STEP][PASSED] - tap(findTestObject("IOS/User Management/Login as a user with multiple sites/XCUIElementTypeOther - Katalon, Patient 07022024 33M    MRN 112ui No Consent (1)"), 30): Tapped on element 'Object Repository/IOS/User Management/Login as a user with multiple sites/XCUIElementTypeOther - Katalon, Patient 07022024 33M    MRN 112ui No Consent (1)'

08-02-2024T15:57:08 - [MESSAGE][PASSED] - Tapped on element 'Object Repository/IOS/User Management/Login as a user with multiple sites/XCUIElementTypeOther - Katalon, Patient 07022024 33M    MRN 112ui No Consent (1)'

08-02-2024T15:57:08 - [TEST_STEP][PASSED] - verifyElementNotExist(findTestObject("IOS/User Management/Login as a user with multiple sites/XCUIElementTypeOther - Menu Patient"), 30): Element 'Object Repository/IOS/User Management/Login as a user with multiple sites/XCUIElementTypeOther - Menu Patient' not found

08-02-2024T15:57:38 - [MESSAGE][PASSED] - Element 'Object Repository/IOS/User Management/Login as a user with multiple sites/XCUIElementTypeOther - Menu Patient' not found

08-02-2024T15:57:38 - [TEST_STEP][PASSED] - tap(findTestObject("IOS/User Management/Login as a user with multiple sites/XCUIElementTypeOther - Back"), 30): Tapped on element 'Object Repository/IOS/User Management/Login as a user with multiple sites/XCUIElementTypeOther - Back'

08-02-2024T15:57:39 - [MESSAGE][PASSED] - Tapped on element 'Object Repository/IOS/User Management/Login as a user with multiple sites/XCUIElementTypeOther - Back'

08-02-2024T15:57:41 - [TEST_STEP][PASSED] - Video: Video recording for test case 'Test Cases/IOS/User Management/EK-8571 IS iPhone - Login as a user with multiple sites' .

08-02-2024T15:57:41 - [MESSAGE][INFO] - Video recording for test case 'Test Cases/IOS/User Management/EK-8571 IS iPhone - Login as a user with multiple sites' .]]></system-out>
         <system-err><![CDATA[]]></system-err>
      </testcase>
      <testcase name="Test Cases/IOS/User Management/EK-8513 IS iPhone - Auto Logout" time="73.146" classname="Test Cases/IOS/User Management/EK-8513 IS iPhone - Auto Logout" status="PASSED">
         <system-out><![CDATA[08-02-2024T15:57:41 - [TEST_CASE][PASSED] - Test Cases/IOS/User Management/EK-8513 IS iPhone - Auto Logout: Test Cases/IOS/User Management/EK-8513 IS iPhone - Auto Logout

08-02-2024T15:57:41 - [TEST_STEP][PASSED] - Start listener action : beforeTestCase: null

08-02-2024T15:57:41 - [TEST_STEP][PASSED] - addDefaultPackages(): null

08-02-2024T15:57:41 - [TEST_STEP][PASSED] - runFeatureFile("Include/features/EK-8513 IS iPhone - Auto Logout.feature"): Feature file: 'Include/features/EK-8513 IS iPhone - Auto Logout.feature' was passed

08-02-2024T15:57:41 - [MESSAGE][INFO] - Starting run keyword runFeatureFile: 'Include/features/EK-8513 IS iPhone - Auto Logout.feature' and extract report to folder: '/Users/safaamarir/git/Android_Automation/Reports/20240208_155221/IS iPhone/User Management/20240208_155221/cucumber_report/1707404261618'...

08-02-2024T15:57:41 - [MESSAGE][PASSED] - Feature file: 'Include/features/EK-8513 IS iPhone - Auto Logout.feature' was passed

08-02-2024T15:57:41 - [TEST_STEP][PASSED] - tap(findTestObject("Object Repository/IOS/User Management/Auto Logout/XCUIElementTypeOther"), 30): Tapped on element 'Object Repository/IOS/User Management/Auto Logout/XCUIElementTypeOther'

08-02-2024T15:57:42 - [MESSAGE][PASSED] - Tapped on element 'Object Repository/IOS/User Management/Auto Logout/XCUIElementTypeOther'

08-02-2024T15:57:42 - [TEST_STEP][PASSED] - tap(findTestObject("Object Repository/IOS/User Management/Auto Logout/XCUIElementTypeOther - Settings"), 30): Tapped on element 'Object Repository/IOS/User Management/Auto Logout/XCUIElementTypeOther - Settings'

08-02-2024T15:57:43 - [MESSAGE][PASSED] - Tapped on element 'Object Repository/IOS/User Management/Auto Logout/XCUIElementTypeOther - Settings'

08-02-2024T15:57:43 - [TEST_STEP][PASSED] - tap(findTestObject("Object Repository/IOS/User Management/Auto Logout/XCUIElementTypeOther - Logout time 10 minutes"), 30): Tapped on element 'Object Repository/IOS/User Management/Auto Logout/XCUIElementTypeOther - Logout time 10 minutes'

08-02-2024T15:57:45 - [MESSAGE][PASSED] - Tapped on element 'Object Repository/IOS/User Management/Auto Logout/XCUIElementTypeOther - Logout time 10 minutes'

08-02-2024T15:57:45 - [TEST_STEP][PASSED] - tap(findTestObject("Object Repository/IOS/User Management/Auto Logout/XCUIElementTypeOther - 1 minutes"), 30): Tapped on element 'Object Repository/IOS/User Management/Auto Logout/XCUIElementTypeOther - 1 minutes'

08-02-2024T15:57:46 - [MESSAGE][PASSED] - Tapped on element 'Object Repository/IOS/User Management/Auto Logout/XCUIElementTypeOther - 1 minutes'

08-02-2024T15:57:46 - [TEST_STEP][PASSED] - tap(findTestObject("Object Repository/IOS/User Management/Auto Logout/XCUIElementTypeOther (2)"), 30): Tapped on element 'Object Repository/IOS/User Management/Auto Logout/XCUIElementTypeOther (2)'

08-02-2024T15:57:47 - [MESSAGE][PASSED] - Tapped on element 'Object Repository/IOS/User Management/Auto Logout/XCUIElementTypeOther (2)'

08-02-2024T15:57:47 - [TEST_STEP][PASSED] - delay(65): Delayed 65 second(s)

08-02-2024T15:58:52 - [MESSAGE][PASSED] - Delayed 65 second(s)

08-02-2024T15:58:52 - [TEST_STEP][PASSED] - verifyElementExist(findTestObject("Object Repository/IOS/User Management/Auto Logout/XCUIElementTypeImage"), 30): Element 'Object Repository/IOS/User Management/Auto Logout/XCUIElementTypeImage' is exist

08-02-2024T15:58:52 - [MESSAGE][PASSED] - Element 'Object Repository/IOS/User Management/Auto Logout/XCUIElementTypeImage' is exist

08-02-2024T15:58:54 - [TEST_STEP][PASSED] - Video: Video recording for test case 'Test Cases/IOS/User Management/EK-8513 IS iPhone - Auto Logout' .

08-02-2024T15:58:54 - [MESSAGE][INFO] - Video recording for test case 'Test Cases/IOS/User Management/EK-8513 IS iPhone - Auto Logout' .]]></system-out>
         <system-err><![CDATA[]]></system-err>
      </testcase>
      <system-out><![CDATA[08-02-2024T15:52:24 - [TEST_SUITE][PASSED] - User Management: Test Cases/IOS/User Management/EK-8513 IS iPhone - Auto Logout]]></system-out>
      <system-err><![CDATA[]]></system-err>
   </testsuite>
</testsuites>
