<?xml version="1.0" encoding="UTF-8"?>
<testsuites name="IS_Lite" time="835.71" tests="22" failures="0" errors="0">
   <testsuite name="User Management" tests="7" failures="0" errors="0" time="480.185" skipped="0" timestamp="2023-08-17 09:37:55" hostname="Amarir - DESKTOP-EE3F8H4" id="Test Suites/User Management">
      <properties>
         <property name="deviceName" value="samsung SM-N975F (Android 12)"/>
         <property name="devicePlatform" value=""/>
         <property name="logFolder" value="C:\\Users\\Amarir\\git\\IS_Katalon_Lite_Version\\Reports\\20230817_093727\\User Management\\20230817_093730"/>
         <property name="logFiles" value="C:\\Users\\Amarir\\git\\IS_Katalon_Lite_Version\\Reports\\20230817_093727\\User Management\\20230817_093730\\appium.log, C:\\Users\\Amarir\\git\\IS_Katalon_Lite_Version\\Reports\\20230817_093727\\User Management\\20230817_093730\\execution0.log"/>
         <property name="attachments" value=""/>
         <property name="hostName" value="Amarir - DESKTOP-EE3F8H4"/>
         <property name="os" value="Windows 10 64bit"/>
         <property name="appiumServerStatus" value="{&quot;value&quot;:{&quot;build&quot;:{&quot;version&quot;:&quot;1.22.0&quot;}},&quot;sessionId&quot;:null,&quot;status&quot;:0}"/>
         <property name="katalonVersion" value="8.6.5.208"/>
         <property name="deviceOS" value="Android"/>
         <property name="appiumVersion" value="1.22.0"/>
         <property name="deviceModel" value="SM-N975F"/>
         <property name="hostAddress" value="192.168.234.1"/>
         <property name="deviceManufacturer" value="samsung"/>
         <property name="deviceId" value="RF8N307NKZV"/>
         <property name="deviceName" value="samsung SM-N975F (Android 12)"/>
         <property name="deviceOSVersion" value="12"/>
      </properties>
      <testcase name="Test Cases/User Managemenet/Privacy Terms and Conditions" time="203.242" classname="Test Cases/User Managemenet/Privacy Terms and Conditions" status="PASSED">
         <system-out><![CDATA[2023-08-17 09:37:56 - [TEST_CASE][PASSED] - Test Cases/User Managemenet/Privacy Terms and Conditions: Test Cases/User Managemenet/Privacy Terms and Conditions

2023-08-17 09:37:59 - [TEST_STEP][PASSED] - startApplication(APK, true): Started app at: 'C:\Users\Amarir\Downloads\APK\IS\IS_Prod_2.1.apk'

2023-08-17 09:38:02 - [MESSAGE][INFO] - Detected NodeJS location: "C:\Program Files\nodejs\node.exe"

2023-08-17 09:38:09 - [MESSAGE][INFO] - Appium server started on port 52,638

2023-08-17 09:38:59 - [MESSAGE][PASSED] - Started app at: 'C:\Users\Amarir\Downloads\APK\IS\IS_Prod_2.1.apk'

2023-08-17 09:38:59 - [TEST_STEP][PASSED] - verifyElementText(findTestObject("Object Repository/User Management/Privacy Terms and conditions/android.widget.TextView - Terms  Conditions"), "Terms & Conditions"): Actual text and expected text of test object 'Object Repository/User Management/Privacy Terms and conditions/android.widget.TextView - Terms  Conditions' are matched.

2023-08-17 09:39:30 - [MESSAGE][PASSED] - Actual text and expected text of test object 'Object Repository/User Management/Privacy Terms and conditions/android.widget.TextView - Terms  Conditions' are matched.

2023-08-17 09:39:30 - [TEST_STEP][PASSED] - verifyElementText(findTestObject("Object Repository/User Management/Privacy Terms and conditions/android.widget.TextView - Privacy Policy"), "Privacy Policy"): Actual text and expected text of test object 'Object Repository/User Management/Privacy Terms and conditions/android.widget.TextView - Privacy Policy' are matched.

2023-08-17 09:40:00 - [MESSAGE][PASSED] - Actual text and expected text of test object 'Object Repository/User Management/Privacy Terms and conditions/android.widget.TextView - Privacy Policy' are matched.

2023-08-17 09:40:00 - [TEST_STEP][PASSED] - tap(findTestObject("User Management/Privacy Terms and conditions/android.widget.TextView - Terms  Conditions"), 30): Tapped on element 'Object Repository/User Management/Privacy Terms and conditions/android.widget.TextView - Terms  Conditions'

2023-08-17 09:40:30 - [MESSAGE][PASSED] - Tapped on element 'Object Repository/User Management/Privacy Terms and conditions/android.widget.TextView - Terms  Conditions'

2023-08-17 09:40:30 - [TEST_STEP][PASSED] - delay(5, STOP_ON_FAILURE): Delayed 5 second(s)

2023-08-17 09:40:36 - [MESSAGE][PASSED] - Delayed 5 second(s)

2023-08-17 09:40:36 - [TEST_STEP][PASSED] - verifyElementText(findTestObject("User Management/Privacy Terms and conditions/android.widget.TextView - Terms and Conditions"), "Terms and Conditions"): Actual text and expected text of test object 'Object Repository/User Management/Privacy Terms and conditions/android.widget.TextView - Terms and Conditions' are matched.

2023-08-17 09:40:42 - [MESSAGE][PASSED] - Actual text and expected text of test object 'Object Repository/User Management/Privacy Terms and conditions/android.widget.TextView - Terms and Conditions' are matched.

2023-08-17 09:40:42 - [TEST_STEP][PASSED] - pressBack(): Press back button successfully

2023-08-17 09:40:43 - [MESSAGE][PASSED] - Press back button successfully

2023-08-17 09:40:43 - [TEST_STEP][PASSED] - tap(findTestObject("User Management/Privacy Terms and conditions/android.widget.TextView - Privacy Policy"), 30): Tapped on element 'Object Repository/User Management/Privacy Terms and conditions/android.widget.TextView - Privacy Policy'

2023-08-17 09:41:13 - [MESSAGE][PASSED] - Tapped on element 'Object Repository/User Management/Privacy Terms and conditions/android.widget.TextView - Privacy Policy'

2023-08-17 09:41:13 - [TEST_STEP][PASSED] - delay(5, STOP_ON_FAILURE): Delayed 5 second(s)

2023-08-17 09:41:18 - [MESSAGE][PASSED] - Delayed 5 second(s)

2023-08-17 09:41:18 - [TEST_STEP][PASSED] - verifyElementText(findTestObject("Object Repository/User Management/Privacy Terms and conditions/android.widget.TextView - Privacy Policy (1)"), "Privacy Policy"): Actual text and expected text of test object 'Object Repository/User Management/Privacy Terms and conditions/android.widget.TextView - Privacy Policy (1)' are matched.

2023-08-17 09:41:19 - [MESSAGE][PASSED] - Actual text and expected text of test object 'Object Repository/User Management/Privacy Terms and conditions/android.widget.TextView - Privacy Policy (1)' are matched.

2023-08-17 09:41:19 - [TEST_STEP][PASSED] - pressBack(): Press back button successfully

2023-08-17 09:41:20 - [MESSAGE][PASSED] - Press back button successfully]]></system-out>
         <system-err><![CDATA[]]></system-err>
      </testcase>
      <testcase name="Test Cases/User Managemenet/Restore Password" time="5.515" classname="Test Cases/User Managemenet/Restore Password" status="PASSED">
         <system-out><![CDATA[2023-08-17 09:41:20 - [TEST_CASE][PASSED] - Test Cases/User Managemenet/Restore Password: Test Cases/User Managemenet/Restore Password

2023-08-17 09:41:21 - [TEST_STEP][PASSED] - tap(findTestObject("Object Repository/User Management/Restore Password/android.widget.TextView - Forgot your password"), 30): Tapped on element 'Object Repository/User Management/Restore Password/android.widget.TextView - Forgot your password'

2023-08-17 09:41:21 - [MESSAGE][PASSED] - Tapped on element 'Object Repository/User Management/Restore Password/android.widget.TextView - Forgot your password'

2023-08-17 09:41:21 - [TEST_STEP][PASSED] - setText(findTestObject("Object Repository/User Management/Restore Password/android.widget.EditText - username"), LoginCreds.get("username"), 30): Text 'safakata' has been set to element 'Object Repository/User Management/Restore Password/android.widget.EditText - username'

2023-08-17 09:41:22 - [MESSAGE][PASSED] - Text 'safakata' has been set to element 'Object Repository/User Management/Restore Password/android.widget.EditText - username'

2023-08-17 09:41:22 - [TEST_STEP][PASSED] - setText(findTestObject("Object Repository/User Management/Restore Password/android.widget.EditText - email"), LoginCreds.get("email"), 30): Text 'samarir+katalon@masaratapp.com' has been set to element 'Object Repository/User Management/Restore Password/android.widget.EditText - email'

2023-08-17 09:41:24 - [MESSAGE][PASSED] - Text 'samarir+katalon@masaratapp.com' has been set to element 'Object Repository/User Management/Restore Password/android.widget.EditText - email'

2023-08-17 09:41:24 - [TEST_STEP][PASSED] - tap(findTestObject("Object Repository/User Management/Restore Password/android.view.ViewGroup"), 30): Tapped on element 'Object Repository/User Management/Restore Password/android.view.ViewGroup'

2023-08-17 09:41:24 - [MESSAGE][PASSED] - Tapped on element 'Object Repository/User Management/Restore Password/android.view.ViewGroup'

2023-08-17 09:41:24 - [TEST_STEP][PASSED] - pressBack(): Press back button successfully

2023-08-17 09:41:25 - [MESSAGE][PASSED] - Press back button successfully]]></system-out>
         <system-err><![CDATA[]]></system-err>
      </testcase>
      <testcase name="Test Cases/User Managemenet/10loginTestAttempts" time="27.089" classname="Test Cases/User Managemenet/10loginTestAttempts" status="PASSED">
         <system-out><![CDATA[2023-08-17 09:41:25 - [TEST_CASE][PASSED] - Test Cases/User Managemenet/10loginTestAttempts: Test Cases/User Managemenet/10loginTestAttempts

2023-08-17 09:41:26 - [TEST_STEP][PASSED] - setText(findTestObject("User Management/Login/android.widget.EditText - username"), "Test10times", 30): Text 'Test10times' has been set to element 'Object Repository/User Management/Login/android.widget.EditText - username'

2023-08-17 09:41:27 - [MESSAGE][PASSED] - Text 'Test10times' has been set to element 'Object Repository/User Management/Login/android.widget.EditText - username'

2023-08-17 09:41:27 - [TEST_STEP][PASSED] - setText(findTestObject("User Management/Login/android.widget.EditText - password"), "123", 30): Text '123' has been set to element 'Object Repository/User Management/Login/android.widget.EditText - password'

2023-08-17 09:41:28 - [MESSAGE][PASSED] - Text '123' has been set to element 'Object Repository/User Management/Login/android.widget.EditText - password'

2023-08-17 09:41:28 - [TEST_STEP][PASSED] - tap(findTestObject("Object Repository/User Management/10loginAttempts/android.view.ViewGroup"), 30): Tapped on element 'Object Repository/User Management/10loginAttempts/android.view.ViewGroup'

2023-08-17 09:41:29 - [MESSAGE][PASSED] - Tapped on element 'Object Repository/User Management/10loginAttempts/android.view.ViewGroup'

2023-08-17 09:41:29 - [TEST_STEP][PASSED] - verifyElementText(findTestObject("User Management/10loginAttempts/android.widget.TextView - Login failed. Incorrect credentials"), "Login failed. Incorrect credentials !"): Actual text and expected text of test object 'Object Repository/User Management/10loginAttempts/android.widget.TextView - Login failed. Incorrect credentials' are matched.

2023-08-17 09:41:31 - [MESSAGE][PASSED] - Actual text and expected text of test object 'Object Repository/User Management/10loginAttempts/android.widget.TextView - Login failed. Incorrect credentials' are matched.

2023-08-17 09:41:31 - [TEST_STEP][PASSED] - tap(findTestObject("Object Repository/User Management/10loginAttempts/android.widget.Button - OK"), 30): Tapped on element 'Object Repository/User Management/10loginAttempts/android.widget.Button - OK'

2023-08-17 09:41:31 - [MESSAGE][PASSED] - Tapped on element 'Object Repository/User Management/10loginAttempts/android.widget.Button - OK'

2023-08-17 09:41:31 - [TEST_STEP][PASSED] - tap(findTestObject("User Management/10loginAttempts/android.view.ViewGroup"), 30): Tapped on element 'Object Repository/User Management/10loginAttempts/android.view.ViewGroup'

2023-08-17 09:41:32 - [MESSAGE][PASSED] - Tapped on element 'Object Repository/User Management/10loginAttempts/android.view.ViewGroup'

2023-08-17 09:41:32 - [TEST_STEP][PASSED] - verifyElementText(findTestObject("User Management/10loginAttempts/android.widget.TextView - Login failed. Incorrect credentials"), "Login failed. Incorrect credentials !"): Actual text and expected text of test object 'Object Repository/User Management/10loginAttempts/android.widget.TextView - Login failed. Incorrect credentials' are matched.

2023-08-17 09:41:33 - [MESSAGE][PASSED] - Actual text and expected text of test object 'Object Repository/User Management/10loginAttempts/android.widget.TextView - Login failed. Incorrect credentials' are matched.

2023-08-17 09:41:33 - [TEST_STEP][PASSED] - tap(findTestObject("Object Repository/User Management/10loginAttempts/android.widget.Button - OK"), 30): Tapped on element 'Object Repository/User Management/10loginAttempts/android.widget.Button - OK'

2023-08-17 09:41:34 - [MESSAGE][PASSED] - Tapped on element 'Object Repository/User Management/10loginAttempts/android.widget.Button - OK'

2023-08-17 09:41:34 - [TEST_STEP][PASSED] - tap(findTestObject("User Management/10loginAttempts/android.view.ViewGroup"), 30): Tapped on element 'Object Repository/User Management/10loginAttempts/android.view.ViewGroup'

2023-08-17 09:41:34 - [MESSAGE][PASSED] - Tapped on element 'Object Repository/User Management/10loginAttempts/android.view.ViewGroup'

2023-08-17 09:41:34 - [TEST_STEP][PASSED] - verifyElementText(findTestObject("User Management/10loginAttempts/android.widget.TextView - Login failed. Incorrect credentials"), "Login failed. Incorrect credentials !"): Actual text and expected text of test object 'Object Repository/User Management/10loginAttempts/android.widget.TextView - Login failed. Incorrect credentials' are matched.

2023-08-17 09:41:35 - [MESSAGE][PASSED] - Actual text and expected text of test object 'Object Repository/User Management/10loginAttempts/android.widget.TextView - Login failed. Incorrect credentials' are matched.

2023-08-17 09:41:35 - [TEST_STEP][PASSED] - tap(findTestObject("Object Repository/User Management/10loginAttempts/android.widget.Button - OK"), 30): Tapped on element 'Object Repository/User Management/10loginAttempts/android.widget.Button - OK'

2023-08-17 09:41:36 - [MESSAGE][PASSED] - Tapped on element 'Object Repository/User Management/10loginAttempts/android.widget.Button - OK'

2023-08-17 09:41:36 - [TEST_STEP][PASSED] - tap(findTestObject("User Management/10loginAttempts/android.view.ViewGroup"), 30): Tapped on element 'Object Repository/User Management/10loginAttempts/android.view.ViewGroup'

2023-08-17 09:41:37 - [MESSAGE][PASSED] - Tapped on element 'Object Repository/User Management/10loginAttempts/android.view.ViewGroup'

2023-08-17 09:41:37 - [TEST_STEP][PASSED] - verifyElementText(findTestObject("User Management/10loginAttempts/android.widget.TextView - Login failed. Incorrect credentials"), "Login failed. Incorrect credentials !"): Actual text and expected text of test object 'Object Repository/User Management/10loginAttempts/android.widget.TextView - Login failed. Incorrect credentials' are matched.

2023-08-17 09:41:38 - [MESSAGE][PASSED] - Actual text and expected text of test object 'Object Repository/User Management/10loginAttempts/android.widget.TextView - Login failed. Incorrect credentials' are matched.

2023-08-17 09:41:38 - [TEST_STEP][PASSED] - tap(findTestObject("Object Repository/User Management/10loginAttempts/android.widget.Button - OK"), 30): Tapped on element 'Object Repository/User Management/10loginAttempts/android.widget.Button - OK'

2023-08-17 09:41:38 - [MESSAGE][PASSED] - Tapped on element 'Object Repository/User Management/10loginAttempts/android.widget.Button - OK'

2023-08-17 09:41:38 - [TEST_STEP][PASSED] - tap(findTestObject("User Management/10loginAttempts/android.view.ViewGroup"), 30): Tapped on element 'Object Repository/User Management/10loginAttempts/android.view.ViewGroup'

2023-08-17 09:41:39 - [MESSAGE][PASSED] - Tapped on element 'Object Repository/User Management/10loginAttempts/android.view.ViewGroup'

2023-08-17 09:41:39 - [TEST_STEP][PASSED] - verifyElementText(findTestObject("User Management/10loginAttempts/android.widget.TextView - Login failed. Incorrect credentials"), "Login failed. Incorrect credentials !"): Actual text and expected text of test object 'Object Repository/User Management/10loginAttempts/android.widget.TextView - Login failed. Incorrect credentials' are matched.

2023-08-17 09:41:40 - [MESSAGE][PASSED] - Actual text and expected text of test object 'Object Repository/User Management/10loginAttempts/android.widget.TextView - Login failed. Incorrect credentials' are matched.

2023-08-17 09:41:40 - [TEST_STEP][PASSED] - tap(findTestObject("Object Repository/User Management/10loginAttempts/android.widget.Button - OK"), 30): Tapped on element 'Object Repository/User Management/10loginAttempts/android.widget.Button - OK'

2023-08-17 09:41:41 - [MESSAGE][PASSED] - Tapped on element 'Object Repository/User Management/10loginAttempts/android.widget.Button - OK'

2023-08-17 09:41:41 - [TEST_STEP][PASSED] - tap(findTestObject("User Management/10loginAttempts/android.view.ViewGroup"), 30): Tapped on element 'Object Repository/User Management/10loginAttempts/android.view.ViewGroup'

2023-08-17 09:41:41 - [MESSAGE][PASSED] - Tapped on element 'Object Repository/User Management/10loginAttempts/android.view.ViewGroup'

2023-08-17 09:41:41 - [TEST_STEP][PASSED] - verifyElementText(findTestObject("User Management/10loginAttempts/android.widget.TextView - Login failed. Incorrect credentials"), "Login failed. Incorrect credentials !"): Actual text and expected text of test object 'Object Repository/User Management/10loginAttempts/android.widget.TextView - Login failed. Incorrect credentials' are matched.

2023-08-17 09:41:43 - [MESSAGE][PASSED] - Actual text and expected text of test object 'Object Repository/User Management/10loginAttempts/android.widget.TextView - Login failed. Incorrect credentials' are matched.

2023-08-17 09:41:43 - [TEST_STEP][PASSED] - tap(findTestObject("Object Repository/User Management/10loginAttempts/android.widget.Button - OK"), 30): Tapped on element 'Object Repository/User Management/10loginAttempts/android.widget.Button - OK'

2023-08-17 09:41:43 - [MESSAGE][PASSED] - Tapped on element 'Object Repository/User Management/10loginAttempts/android.widget.Button - OK'

2023-08-17 09:41:43 - [TEST_STEP][PASSED] - tap(findTestObject("User Management/10loginAttempts/android.view.ViewGroup"), 30): Tapped on element 'Object Repository/User Management/10loginAttempts/android.view.ViewGroup'

2023-08-17 09:41:44 - [MESSAGE][PASSED] - Tapped on element 'Object Repository/User Management/10loginAttempts/android.view.ViewGroup'

2023-08-17 09:41:44 - [TEST_STEP][PASSED] - verifyElementText(findTestObject("User Management/10loginAttempts/android.widget.TextView - Login failed. Incorrect credentials"), "Login failed. Incorrect credentials !"): Actual text and expected text of test object 'Object Repository/User Management/10loginAttempts/android.widget.TextView - Login failed. Incorrect credentials' are matched.

2023-08-17 09:41:45 - [MESSAGE][PASSED] - Actual text and expected text of test object 'Object Repository/User Management/10loginAttempts/android.widget.TextView - Login failed. Incorrect credentials' are matched.

2023-08-17 09:41:45 - [TEST_STEP][PASSED] - tap(findTestObject("Object Repository/User Management/10loginAttempts/android.widget.Button - OK"), 30): Tapped on element 'Object Repository/User Management/10loginAttempts/android.widget.Button - OK'

2023-08-17 09:41:45 - [MESSAGE][PASSED] - Tapped on element 'Object Repository/User Management/10loginAttempts/android.widget.Button - OK'

2023-08-17 09:41:45 - [TEST_STEP][PASSED] - tap(findTestObject("User Management/10loginAttempts/android.view.ViewGroup"), 30): Tapped on element 'Object Repository/User Management/10loginAttempts/android.view.ViewGroup'

2023-08-17 09:41:46 - [MESSAGE][PASSED] - Tapped on element 'Object Repository/User Management/10loginAttempts/android.view.ViewGroup'

2023-08-17 09:41:46 - [TEST_STEP][PASSED] - verifyElementText(findTestObject("User Management/10loginAttempts/android.widget.TextView - Login failed. Incorrect credentials"), "Login failed. Incorrect credentials !"): Actual text and expected text of test object 'Object Repository/User Management/10loginAttempts/android.widget.TextView - Login failed. Incorrect credentials' are matched.

2023-08-17 09:41:47 - [MESSAGE][PASSED] - Actual text and expected text of test object 'Object Repository/User Management/10loginAttempts/android.widget.TextView - Login failed. Incorrect credentials' are matched.

2023-08-17 09:41:47 - [TEST_STEP][PASSED] - tap(findTestObject("Object Repository/User Management/10loginAttempts/android.widget.Button - OK"), 30): Tapped on element 'Object Repository/User Management/10loginAttempts/android.widget.Button - OK'

2023-08-17 09:41:48 - [MESSAGE][PASSED] - Tapped on element 'Object Repository/User Management/10loginAttempts/android.widget.Button - OK'

2023-08-17 09:41:48 - [TEST_STEP][PASSED] - tap(findTestObject("User Management/10loginAttempts/android.view.ViewGroup"), 30): Tapped on element 'Object Repository/User Management/10loginAttempts/android.view.ViewGroup'

2023-08-17 09:41:48 - [MESSAGE][PASSED] - Tapped on element 'Object Repository/User Management/10loginAttempts/android.view.ViewGroup'

2023-08-17 09:41:48 - [TEST_STEP][PASSED] - verifyElementText(findTestObject("User Management/10loginAttempts/android.widget.TextView - Login failed. Incorrect credentials"), "Login failed. Incorrect credentials !"): Actual text and expected text of test object 'Object Repository/User Management/10loginAttempts/android.widget.TextView - Login failed. Incorrect credentials' are matched.

2023-08-17 09:41:49 - [MESSAGE][PASSED] - Actual text and expected text of test object 'Object Repository/User Management/10loginAttempts/android.widget.TextView - Login failed. Incorrect credentials' are matched.

2023-08-17 09:41:49 - [TEST_STEP][PASSED] - tap(findTestObject("Object Repository/User Management/10loginAttempts/android.widget.Button - OK"), 30): Tapped on element 'Object Repository/User Management/10loginAttempts/android.widget.Button - OK'

2023-08-17 09:41:50 - [MESSAGE][PASSED] - Tapped on element 'Object Repository/User Management/10loginAttempts/android.widget.Button - OK'

2023-08-17 09:41:50 - [TEST_STEP][PASSED] - tap(findTestObject("User Management/10loginAttempts/android.view.ViewGroup"), 30): Tapped on element 'Object Repository/User Management/10loginAttempts/android.view.ViewGroup'

2023-08-17 09:41:51 - [MESSAGE][PASSED] - Tapped on element 'Object Repository/User Management/10loginAttempts/android.view.ViewGroup'

2023-08-17 09:41:51 - [TEST_STEP][PASSED] - verifyElementText(findTestObject("User Management/10loginAttempts/android.widget.TextView - Your account has been temporarily disabled due to repeated login failures. Please contact your administrator qcekareinc.com"), "Your account has been temporarily disabled due to repeated login failures. Please contact your administrator: qc@ekareinc.com"): Actual text and expected text of test object 'Object Repository/User Management/10loginAttempts/android.widget.TextView - Your account has been temporarily disabled due to repeated login failures. Please contact your administrator qcekareinc.com' are matched.

2023-08-17 09:41:52 - [MESSAGE][PASSED] - Actual text and expected text of test object 'Object Repository/User Management/10loginAttempts/android.widget.TextView - Your account has been temporarily disabled due to repeated login failures. Please contact your administrator qcekareinc.com' are matched.

2023-08-17 09:41:52 - [TEST_STEP][PASSED] - tap(findTestObject("Object Repository/User Management/10loginAttempts/android.widget.Button - OK (1)"), 30): Tapped on element 'Object Repository/User Management/10loginAttempts/android.widget.Button - OK (1)'

2023-08-17 09:41:52 - [MESSAGE][PASSED] - Tapped on element 'Object Repository/User Management/10loginAttempts/android.widget.Button - OK (1)']]></system-out>
         <system-err><![CDATA[]]></system-err>
      </testcase>
      <testcase name="Test Cases/User Managemenet/Login" time="34.996" classname="Test Cases/User Managemenet/Login" status="PASSED">
         <system-out><![CDATA[2023-08-17 09:41:52 - [TEST_CASE][PASSED] - Test Cases/User Managemenet/Login: Test Cases/User Managemenet/Login

2023-08-17 09:41:53 - [TEST_STEP][PASSED] - startApplication(APK, false): Started app at: 'C:\Users\Amarir\Downloads\APK\IS\IS_Prod_2.1.apk'

2023-08-17 09:42:10 - [MESSAGE][PASSED] - Started app at: 'C:\Users\Amarir\Downloads\APK\IS\IS_Prod_2.1.apk'

2023-08-17 09:42:10 - [TEST_STEP][PASSED] - setText(findTestObject("User Management/Login/android.widget.EditText - username"), LoginCreds.get("username"), 30): Text 'safakata' has been set to element 'Object Repository/User Management/Login/android.widget.EditText - username'

2023-08-17 09:42:16 - [MESSAGE][PASSED] - Text 'safakata' has been set to element 'Object Repository/User Management/Login/android.widget.EditText - username'

2023-08-17 09:42:16 - [TEST_STEP][PASSED] - setText(findTestObject("User Management/Login/android.widget.EditText - password"), LoginCreds.get("password"), 30): Text 'eKare123@' has been set to element 'Object Repository/User Management/Login/android.widget.EditText - password'

2023-08-17 09:42:18 - [MESSAGE][PASSED] - Text 'eKare123@' has been set to element 'Object Repository/User Management/Login/android.widget.EditText - password'

2023-08-17 09:42:18 - [TEST_STEP][PASSED] - tap(findTestObject("User Management/Login/android.view.ViewGroup - sign in"), 30): Tapped on element 'Object Repository/User Management/Login/android.view.ViewGroup - sign in'

2023-08-17 09:42:19 - [MESSAGE][PASSED] - Tapped on element 'Object Repository/User Management/Login/android.view.ViewGroup - sign in'

2023-08-17 09:42:19 - [TEST_STEP][PASSED] - tap(findTestObject("Object Repository/User Management/Login/android.widget.TextView - Katalon"), 30): Tapped on element 'Object Repository/User Management/Login/android.widget.TextView - Katalon'

2023-08-17 09:42:21 - [MESSAGE][PASSED] - Tapped on element 'Object Repository/User Management/Login/android.widget.TextView - Katalon'

2023-08-17 09:42:21 - [TEST_STEP][PASSED] - delay(2, STOP_ON_FAILURE): Delayed 2 second(s)

2023-08-17 09:42:23 - [MESSAGE][PASSED] - Delayed 2 second(s)

2023-08-17 09:42:23 - [TEST_STEP][PASSED] - verifyElementExist(findTestObject("Object Repository/User Management/Login/android.widget.TextView - Patient Directory"), 30): Element 'Object Repository/User Management/Login/android.widget.TextView - Patient Directory' is exist

2023-08-17 09:42:27 - [MESSAGE][PASSED] - Element 'Object Repository/User Management/Login/android.widget.TextView - Patient Directory' is exist]]></system-out>
         <system-err><![CDATA[]]></system-err>
      </testcase>
      <testcase name="Test Cases/User Managemenet/Logout" time="5.77" classname="Test Cases/User Managemenet/Logout" status="PASSED">
         <system-out><![CDATA[2023-08-17 09:42:27 - [TEST_CASE][PASSED] - Test Cases/User Managemenet/Logout: Test Cases/User Managemenet/Logout

2023-08-17 09:42:28 - [TEST_STEP][PASSED] - tap(findTestObject("Object Repository/User Management/Logout/android.widget.ImageView - menu"), 0): Tapped on element 'Object Repository/User Management/Logout/android.widget.ImageView - menu'

2023-08-17 09:42:29 - [MESSAGE][WARNING] - Timeout '0' is invalid. Using default page load timeout: '30'

2023-08-17 09:42:29 - [MESSAGE][PASSED] - Tapped on element 'Object Repository/User Management/Logout/android.widget.ImageView - menu'

2023-08-17 09:42:29 - [TEST_STEP][PASSED] - tap(findTestObject("Object Repository/User Management/Logout/android.widget.TextView - Logout"), 0): Tapped on element 'Object Repository/User Management/Logout/android.widget.TextView - Logout'

2023-08-17 09:42:29 - [MESSAGE][WARNING] - Timeout '0' is invalid. Using default page load timeout: '30'

2023-08-17 09:42:31 - [MESSAGE][PASSED] - Tapped on element 'Object Repository/User Management/Logout/android.widget.TextView - Logout'

2023-08-17 09:42:31 - [TEST_STEP][PASSED] - tap(findTestObject("Object Repository/User Management/Logout/android.widget.Button - CONFIRM"), 0): Tapped on element 'Object Repository/User Management/Logout/android.widget.Button - CONFIRM'

2023-08-17 09:42:31 - [MESSAGE][WARNING] - Timeout '0' is invalid. Using default page load timeout: '30'

2023-08-17 09:42:32 - [MESSAGE][PASSED] - Tapped on element 'Object Repository/User Management/Logout/android.widget.Button - CONFIRM'

2023-08-17 09:42:32 - [TEST_STEP][PASSED] - verifyElementExist(findTestObject("Object Repository/User Management/Logout/android.widget.ImageView"), 0): Element 'Object Repository/User Management/Logout/android.widget.ImageView' is exist

2023-08-17 09:42:32 - [MESSAGE][WARNING] - Timeout '0' is invalid. Using default page load timeout: '30'

2023-08-17 09:42:33 - [MESSAGE][PASSED] - Element 'Object Repository/User Management/Logout/android.widget.ImageView' is exist]]></system-out>
         <system-err><![CDATA[]]></system-err>
      </testcase>
      <testcase name="Test Cases/User Managemenet/Login as user with multiple sites" time="125.45" classname="Test Cases/User Managemenet/Login as user with multiple sites" status="PASSED">
         <system-out><![CDATA[2023-08-17 09:42:33 - [TEST_CASE][PASSED] - Test Cases/User Managemenet/Login as user with multiple sites: Test Cases/User Managemenet/Login as user with multiple sites

2023-08-17 09:42:34 - [TEST_STEP][PASSED] - setText(findTestObject("Object Repository/User Management/Login as user with multiple sites/android.widget.EditText - username"), "KatalonSite", 30): Text 'KatalonSite' has been set to element 'Object Repository/User Management/Login as user with multiple sites/android.widget.EditText - username'

2023-08-17 09:42:35 - [MESSAGE][PASSED] - Text 'KatalonSite' has been set to element 'Object Repository/User Management/Login as user with multiple sites/android.widget.EditText - username'

2023-08-17 09:42:35 - [TEST_STEP][PASSED] - setText(findTestObject("Object Repository/User Management/Login as user with multiple sites/android.widget.EditText"), "eKare123@", 30): Text 'eKare123@' has been set to element 'Object Repository/User Management/Login as user with multiple sites/android.widget.EditText'

2023-08-17 09:42:37 - [MESSAGE][PASSED] - Text 'eKare123@' has been set to element 'Object Repository/User Management/Login as user with multiple sites/android.widget.EditText'

2023-08-17 09:42:37 - [TEST_STEP][PASSED] - tap(findTestObject("Object Repository/User Management/Login as user with multiple sites/android.widget.TextView - SIGN IN"), 30): Tapped on element 'Object Repository/User Management/Login as user with multiple sites/android.widget.TextView - SIGN IN'

2023-08-17 09:42:38 - [MESSAGE][PASSED] - Tapped on element 'Object Repository/User Management/Login as user with multiple sites/android.widget.TextView - SIGN IN'

2023-08-17 09:42:38 - [TEST_STEP][PASSED] - tap(findTestObject("Object Repository/User Management/Login as user with multiple sites/android.widget.TextView - Katalon"), 30): Tapped on element 'Object Repository/User Management/Login as user with multiple sites/android.widget.TextView - Katalon'

2023-08-17 09:42:39 - [MESSAGE][PASSED] - Tapped on element 'Object Repository/User Management/Login as user with multiple sites/android.widget.TextView - Katalon'

2023-08-17 09:42:39 - [TEST_STEP][PASSED] - verifyElementExist(findTestObject("Object Repository/User Management/Login as user with multiple sites/android.widget.TextView - add new patient"), 30): Element 'Object Repository/User Management/Login as user with multiple sites/android.widget.TextView - add new patient' is exist

2023-08-17 09:42:44 - [MESSAGE][PASSED] - Element 'Object Repository/User Management/Login as user with multiple sites/android.widget.TextView - add new patient' is exist

2023-08-17 09:42:44 - [TEST_STEP][PASSED] - tap(findTestObject("Object Repository/User Management/Login as user with multiple sites/android.view.ViewGroup - patient"), 30): Tapped on element 'Object Repository/User Management/Login as user with multiple sites/android.view.ViewGroup - patient'

2023-08-17 09:42:45 - [MESSAGE][PASSED] - Tapped on element 'Object Repository/User Management/Login as user with multiple sites/android.view.ViewGroup - patient'

2023-08-17 09:42:45 - [TEST_STEP][PASSED] - tap(findTestObject("Object Repository/User Management/Login as user with multiple sites/android.widget.ImageView - menu"), 30): Tapped on element 'Object Repository/User Management/Login as user with multiple sites/android.widget.ImageView - menu'

2023-08-17 09:42:47 - [MESSAGE][PASSED] - Tapped on element 'Object Repository/User Management/Login as user with multiple sites/android.widget.ImageView - menu'

2023-08-17 09:42:47 - [TEST_STEP][PASSED] - verifyElementExist(findTestObject("Object Repository/User Management/Login as user with multiple sites/android.widget.TextView - Freeze patient"), 30): Element 'Object Repository/User Management/Login as user with multiple sites/android.widget.TextView - Freeze patient' is exist

2023-08-17 09:42:48 - [MESSAGE][PASSED] - Element 'Object Repository/User Management/Login as user with multiple sites/android.widget.TextView - Freeze patient' is exist

2023-08-17 09:42:48 - [TEST_STEP][PASSED] - verifyElementExist(findTestObject("Object Repository/User Management/Login as user with multiple sites/android.widget.TextView - Delete patient"), 30): Element 'Object Repository/User Management/Login as user with multiple sites/android.widget.TextView - Delete patient' is exist

2023-08-17 09:42:48 - [MESSAGE][PASSED] - Element 'Object Repository/User Management/Login as user with multiple sites/android.widget.TextView - Delete patient' is exist

2023-08-17 09:42:48 - [TEST_STEP][PASSED] - tap(findTestObject("Object Repository/User Management/Login as user with multiple sites/android.widget.TextView - Cancel"), 30): Tapped on element 'Object Repository/User Management/Login as user with multiple sites/android.widget.TextView - Cancel'

2023-08-17 09:42:48 - [MESSAGE][PASSED] - Tapped on element 'Object Repository/User Management/Login as user with multiple sites/android.widget.TextView - Cancel'

2023-08-17 09:42:48 - [TEST_STEP][PASSED] - pressBack(): Press back button successfully

2023-08-17 09:42:49 - [MESSAGE][PASSED] - Press back button successfully

2023-08-17 09:42:49 - [TEST_STEP][PASSED] - tap(findTestObject("Object Repository/User Management/Login as user with multiple sites/android.widget.ImageView - Menu (1)"), 30): Tapped on element 'Object Repository/User Management/Login as user with multiple sites/android.widget.ImageView - Menu (1)'

2023-08-17 09:42:50 - [MESSAGE][PASSED] - Tapped on element 'Object Repository/User Management/Login as user with multiple sites/android.widget.ImageView - Menu (1)'

2023-08-17 09:42:50 - [TEST_STEP][PASSED] - tap(findTestObject("Object Repository/User Management/Login as user with multiple sites/android.widget.TextView - Site"), 30): Tapped on element 'Object Repository/User Management/Login as user with multiple sites/android.widget.TextView - Site'

2023-08-17 09:42:52 - [MESSAGE][PASSED] - Tapped on element 'Object Repository/User Management/Login as user with multiple sites/android.widget.TextView - Site'

2023-08-17 09:42:52 - [TEST_STEP][PASSED] - tap(findTestObject("Object Repository/User Management/Login as user with multiple sites/android.widget.TextView - site user"), 30): Tapped on element 'Object Repository/User Management/Login as user with multiple sites/android.widget.TextView - site user'

2023-08-17 09:42:53 - [MESSAGE][PASSED] - Tapped on element 'Object Repository/User Management/Login as user with multiple sites/android.widget.TextView - site user'

2023-08-17 09:42:53 - [TEST_STEP][PASSED] - tap(findTestObject("Object Repository/User Management/Login as user with multiple sites/android.view.ViewGroup"), 30): Tapped on element 'Object Repository/User Management/Login as user with multiple sites/android.view.ViewGroup'

2023-08-17 09:43:00 - [MESSAGE][PASSED] - Tapped on element 'Object Repository/User Management/Login as user with multiple sites/android.view.ViewGroup'

2023-08-17 09:43:00 - [TEST_STEP][PASSED] - tap(findTestObject("Object Repository/User Management/Login as user with multiple sites/android.widget.ImageView - menu"), 30): Tapped on element 'Object Repository/User Management/Login as user with multiple sites/android.widget.ImageView - menu'

2023-08-17 09:43:02 - [MESSAGE][PASSED] - Tapped on element 'Object Repository/User Management/Login as user with multiple sites/android.widget.ImageView - menu'

2023-08-17 09:43:02 - [TEST_STEP][PASSED] - verifyElementExist(findTestObject("Object Repository/User Management/Login as user with multiple sites/android.widget.TextView - Edit patient"), 30): Element 'Object Repository/User Management/Login as user with multiple sites/android.widget.TextView - Edit patient' is exist

2023-08-17 09:43:03 - [MESSAGE][PASSED] - Element 'Object Repository/User Management/Login as user with multiple sites/android.widget.TextView - Edit patient' is exist

2023-08-17 09:43:03 - [TEST_STEP][PASSED] - verifyElementNotExist(findTestObject("User Management/Login as user with multiple sites/android.widget.TextView - Delete patient"), 30): Element 'Object Repository/User Management/Login as user with multiple sites/android.widget.TextView - Delete patient' not found

2023-08-17 09:43:33 - [MESSAGE][PASSED] - Element 'Object Repository/User Management/Login as user with multiple sites/android.widget.TextView - Delete patient' not found

2023-08-17 09:43:33 - [TEST_STEP][PASSED] - verifyElementNotExist(findTestObject("User Management/Login as user with multiple sites/android.widget.TextView - Freeze patient"), 30): Element 'Object Repository/User Management/Login as user with multiple sites/android.widget.TextView - Freeze patient' not found

2023-08-17 09:44:03 - [MESSAGE][PASSED] - Element 'Object Repository/User Management/Login as user with multiple sites/android.widget.TextView - Freeze patient' not found

2023-08-17 09:44:03 - [TEST_STEP][PASSED] - tap(findTestObject("User Management/Login as user with multiple sites/android.widget.TextView - Cancel"), 30): Tapped on element 'Object Repository/User Management/Login as user with multiple sites/android.widget.TextView - Cancel'

2023-08-17 09:44:04 - [MESSAGE][PASSED] - Tapped on element 'Object Repository/User Management/Login as user with multiple sites/android.widget.TextView - Cancel'

2023-08-17 09:44:04 - [TEST_STEP][PASSED] - pressBack(): Press back button successfully

2023-08-17 09:44:05 - [MESSAGE][PASSED] - Press back button successfully

2023-08-17 09:44:05 - [TEST_STEP][PASSED] - tap(findTestObject("Object Repository/User Management/Login as user with multiple sites/android.widget.ImageView - Menu (1)"), 30): Tapped on element 'Object Repository/User Management/Login as user with multiple sites/android.widget.ImageView - Menu (1)'

2023-08-17 09:44:06 - [MESSAGE][PASSED] - Tapped on element 'Object Repository/User Management/Login as user with multiple sites/android.widget.ImageView - Menu (1)'

2023-08-17 09:44:06 - [TEST_STEP][PASSED] - tap(findTestObject("User Management/Login as user with multiple sites/android.widget.TextView - Site"), 30): Tapped on element 'Object Repository/User Management/Login as user with multiple sites/android.widget.TextView - Site'

2023-08-17 09:44:07 - [MESSAGE][PASSED] - Tapped on element 'Object Repository/User Management/Login as user with multiple sites/android.widget.TextView - Site'

2023-08-17 09:44:07 - [TEST_STEP][PASSED] - tap(findTestObject("Object Repository/User Management/Login as user with multiple sites/android.widget.TextView - Test1"), 30): Tapped on element 'Object Repository/User Management/Login as user with multiple sites/android.widget.TextView - Test1'

2023-08-17 09:44:08 - [MESSAGE][PASSED] - Tapped on element 'Object Repository/User Management/Login as user with multiple sites/android.widget.TextView - Test1'

2023-08-17 09:44:08 - [TEST_STEP][PASSED] - verifyElementNotExist(findTestObject("User Management/Login as user with multiple sites/android.widget.TextView - add new patient"), 30): Element 'Object Repository/User Management/Login as user with multiple sites/android.widget.TextView - add new patient' not found

2023-08-17 09:44:38 - [MESSAGE][PASSED] - Element 'Object Repository/User Management/Login as user with multiple sites/android.widget.TextView - add new patient' not found]]></system-out>
         <system-err><![CDATA[]]></system-err>
      </testcase>
      <testcase name="Test Cases/User Managemenet/Auto-logout" time="76.935" classname="Test Cases/User Managemenet/Auto-logout" status="PASSED">
         <system-out><![CDATA[2023-08-17 09:44:38 - [TEST_CASE][PASSED] - Test Cases/User Managemenet/Auto-logout: Test Cases/User Managemenet/Auto-logout

2023-08-17 09:44:39 - [TEST_STEP][PASSED] - tap(findTestObject("User Management/Auto-Logout/android.widget.ImageView - Menu (1)"), 30): Tapped on element 'Object Repository/User Management/Auto-Logout/android.widget.ImageView - Menu (1)'

2023-08-17 09:44:40 - [MESSAGE][PASSED] - Tapped on element 'Object Repository/User Management/Auto-Logout/android.widget.ImageView - Menu (1)'

2023-08-17 09:44:40 - [TEST_STEP][PASSED] - tap(findTestObject("Object Repository/User Management/Auto-Logout/android.widget.TextView - Settings"), 30): Tapped on element 'Object Repository/User Management/Auto-Logout/android.widget.TextView - Settings'

2023-08-17 09:44:41 - [MESSAGE][PASSED] - Tapped on element 'Object Repository/User Management/Auto-Logout/android.widget.TextView - Settings'

2023-08-17 09:44:41 - [TEST_STEP][PASSED] - tap(findTestObject("Object Repository/User Management/Auto-Logout/android.widget.TextView - Logout time"), 30): Tapped on element 'Object Repository/User Management/Auto-Logout/android.widget.TextView - Logout time'

2023-08-17 09:44:43 - [MESSAGE][PASSED] - Tapped on element 'Object Repository/User Management/Auto-Logout/android.widget.TextView - Logout time'

2023-08-17 09:44:43 - [TEST_STEP][PASSED] - tap(findTestObject("Object Repository/User Management/Auto-Logout/android.widget.TextView - 1 minutes"), 30): Tapped on element 'Object Repository/User Management/Auto-Logout/android.widget.TextView - 1 minutes'

2023-08-17 09:44:44 - [MESSAGE][PASSED] - Tapped on element 'Object Repository/User Management/Auto-Logout/android.widget.TextView - 1 minutes'

2023-08-17 09:44:44 - [TEST_STEP][PASSED] - tap(findTestObject("Object Repository/User Management/Auto-Logout/android.widget.ImageView (1)"), 30): Tapped on element 'Object Repository/User Management/Auto-Logout/android.widget.ImageView (1)'

2023-08-17 09:44:45 - [MESSAGE][PASSED] - Tapped on element 'Object Repository/User Management/Auto-Logout/android.widget.ImageView (1)'

2023-08-17 09:44:45 - [TEST_STEP][PASSED] - delay(65, STOP_ON_FAILURE): Delayed 65 second(s)

2023-08-17 09:45:50 - [MESSAGE][PASSED] - Delayed 65 second(s)

2023-08-17 09:45:50 - [TEST_STEP][PASSED] - verifyElementExist(findTestObject("Object Repository/User Management/Auto-Logout/android.widget.ImageView (2)"), 30): Element 'Object Repository/User Management/Auto-Logout/android.widget.ImageView (2)' is exist

2023-08-17 09:45:55 - [MESSAGE][PASSED] - Element 'Object Repository/User Management/Auto-Logout/android.widget.ImageView (2)' is exist]]></system-out>
         <system-err><![CDATA[]]></system-err>
      </testcase>
      <system-out><![CDATA[2023-08-17 09:37:55 - [TEST_SUITE][PASSED] - User Management: Test Cases/User Managemenet/Auto-logout]]></system-out>
      <system-err><![CDATA[]]></system-err>
   </testsuite>
   <testsuite name="Menu and other services" tests="7" failures="0" errors="0" time="160.02" skipped="0" timestamp="2023-08-17 09:46:13" hostname="Amarir - DESKTOP-EE3F8H4" id="Test Suites/Menu and other services">
      <properties>
         <property name="deviceName" value="samsung SM-N975F (Android 12)"/>
         <property name="devicePlatform" value=""/>
         <property name="logFolder" value="C:\\Users\\Amarir\\git\\IS_Katalon_Lite_Version\\Reports\\20230817_093727\\Menu and other services\\20230817_093733"/>
         <property name="logFiles" value="C:\\Users\\Amarir\\git\\IS_Katalon_Lite_Version\\Reports\\20230817_093727\\Menu and other services\\20230817_093733\\appium.log, C:\\Users\\Amarir\\git\\IS_Katalon_Lite_Version\\Reports\\20230817_093727\\Menu and other services\\20230817_093733\\execution0.log"/>
         <property name="attachments" value=""/>
         <property name="hostName" value="Amarir - DESKTOP-EE3F8H4"/>
         <property name="os" value="Windows 10 64bit"/>
         <property name="appiumServerStatus" value="{&quot;value&quot;:{&quot;build&quot;:{&quot;version&quot;:&quot;1.22.0&quot;}},&quot;sessionId&quot;:null,&quot;status&quot;:0}"/>
         <property name="katalonVersion" value="8.6.5.208"/>
         <property name="deviceOS" value="Android"/>
         <property name="appiumVersion" value="1.22.0"/>
         <property name="deviceModel" value="SM-N975F"/>
         <property name="hostAddress" value="192.168.234.1"/>
         <property name="deviceManufacturer" value="samsung"/>
         <property name="deviceId" value="RF8N307NKZV"/>
         <property name="deviceName" value="samsung SM-N975F (Android 12)"/>
         <property name="deviceOSVersion" value="12"/>
      </properties>
      <testcase name="Test Cases/User Managemenet/Login" time="45.163" classname="Test Cases/User Managemenet/Login" status="PASSED">
         <system-out><![CDATA[2023-08-17 09:46:14 - [TEST_CASE][PASSED] - Test Cases/User Managemenet/Login: Test Cases/User Managemenet/Login

2023-08-17 09:46:15 - [TEST_STEP][PASSED] - startApplication(APK, false): Started app at: 'C:\Users\Amarir\Downloads\APK\IS\IS_Prod_2.1.apk'

2023-08-17 09:46:17 - [MESSAGE][INFO] - Detected NodeJS location: "C:\Program Files\nodejs\node.exe"

2023-08-17 09:46:21 - [MESSAGE][INFO] - Appium server started on port 53,351

2023-08-17 09:46:47 - [MESSAGE][PASSED] - Started app at: 'C:\Users\Amarir\Downloads\APK\IS\IS_Prod_2.1.apk'

2023-08-17 09:46:47 - [TEST_STEP][PASSED] - setText(findTestObject("User Management/Login/android.widget.EditText - username"), LoginCreds.get("username"), 30): Text 'safakata' has been set to element 'Object Repository/User Management/Login/android.widget.EditText - username'

2023-08-17 09:46:50 - [MESSAGE][PASSED] - Text 'safakata' has been set to element 'Object Repository/User Management/Login/android.widget.EditText - username'

2023-08-17 09:46:50 - [TEST_STEP][PASSED] - setText(findTestObject("User Management/Login/android.widget.EditText - password"), LoginCreds.get("password"), 30): Text 'eKare123@' has been set to element 'Object Repository/User Management/Login/android.widget.EditText - password'

2023-08-17 09:46:51 - [MESSAGE][PASSED] - Text 'eKare123@' has been set to element 'Object Repository/User Management/Login/android.widget.EditText - password'

2023-08-17 09:46:51 - [TEST_STEP][PASSED] - tap(findTestObject("User Management/Login/android.view.ViewGroup - sign in"), 30): Tapped on element 'Object Repository/User Management/Login/android.view.ViewGroup - sign in'

2023-08-17 09:46:52 - [MESSAGE][PASSED] - Tapped on element 'Object Repository/User Management/Login/android.view.ViewGroup - sign in'

2023-08-17 09:46:52 - [TEST_STEP][PASSED] - tap(findTestObject("Object Repository/User Management/Login/android.widget.TextView - Katalon"), 30): Tapped on element 'Object Repository/User Management/Login/android.widget.TextView - Katalon'

2023-08-17 09:46:54 - [MESSAGE][PASSED] - Tapped on element 'Object Repository/User Management/Login/android.widget.TextView - Katalon'

2023-08-17 09:46:54 - [TEST_STEP][PASSED] - delay(2, STOP_ON_FAILURE): Delayed 2 second(s)

2023-08-17 09:46:56 - [MESSAGE][PASSED] - Delayed 2 second(s)

2023-08-17 09:46:56 - [TEST_STEP][PASSED] - verifyElementExist(findTestObject("Object Repository/User Management/Login/android.widget.TextView - Patient Directory"), 30): Element 'Object Repository/User Management/Login/android.widget.TextView - Patient Directory' is exist

2023-08-17 09:46:59 - [MESSAGE][PASSED] - Element 'Object Repository/User Management/Login/android.widget.TextView - Patient Directory' is exist]]></system-out>
         <system-err><![CDATA[]]></system-err>
      </testcase>
      <testcase name="Test Cases/Menu and other services/Switch between sites" time="23.093" classname="Test Cases/Menu and other services/Switch between sites" status="PASSED">
         <system-out><![CDATA[2023-08-17 09:46:59 - [TEST_CASE][PASSED] - Test Cases/Menu and other services/Switch between sites: Test Cases/Menu and other services/Switch between sites

2023-08-17 09:47:00 - [TEST_STEP][PASSED] - tap(findTestObject("Object Repository/Menu and other services/Switch between sites/android.widget.ImageView - Menu"), 30): Tapped on element 'Object Repository/Menu and other services/Switch between sites/android.widget.ImageView - Menu'

2023-08-17 09:47:01 - [MESSAGE][PASSED] - Tapped on element 'Object Repository/Menu and other services/Switch between sites/android.widget.ImageView - Menu'

2023-08-17 09:47:01 - [TEST_STEP][PASSED] - tap(findTestObject("Object Repository/Menu and other services/Switch between sites/android.widget.TextView - Site"), 30): Tapped on element 'Object Repository/Menu and other services/Switch between sites/android.widget.TextView - Site'

2023-08-17 09:47:03 - [MESSAGE][PASSED] - Tapped on element 'Object Repository/Menu and other services/Switch between sites/android.widget.TextView - Site'

2023-08-17 09:47:03 - [TEST_STEP][PASSED] - tap(findTestObject("Object Repository/Menu and other services/Switch between sites/android.widget.TextView - Test1"), 30): Tapped on element 'Object Repository/Menu and other services/Switch between sites/android.widget.TextView - Test1'

2023-08-17 09:47:04 - [MESSAGE][PASSED] - Tapped on element 'Object Repository/Menu and other services/Switch between sites/android.widget.TextView - Test1'

2023-08-17 09:47:04 - [TEST_STEP][PASSED] - tap(findTestObject("Object Repository/Menu and other services/Switch between sites/android.widget.ImageView - Menu"), 30): Tapped on element 'Object Repository/Menu and other services/Switch between sites/android.widget.ImageView - Menu'

2023-08-17 09:47:11 - [MESSAGE][PASSED] - Tapped on element 'Object Repository/Menu and other services/Switch between sites/android.widget.ImageView - Menu'

2023-08-17 09:47:11 - [TEST_STEP][PASSED] - tap(findTestObject("Menu and other services/Switch between sites/android.widget.TextView - Site"), 30): Tapped on element 'Object Repository/Menu and other services/Switch between sites/android.widget.TextView - Site'

2023-08-17 09:47:12 - [MESSAGE][PASSED] - Tapped on element 'Object Repository/Menu and other services/Switch between sites/android.widget.TextView - Site'

2023-08-17 09:47:12 - [TEST_STEP][PASSED] - tap(findTestObject("Object Repository/Menu and other services/Switch between sites/android.widget.TextView - site user"), 30): Tapped on element 'Object Repository/Menu and other services/Switch between sites/android.widget.TextView - site user'

2023-08-17 09:47:13 - [MESSAGE][PASSED] - Tapped on element 'Object Repository/Menu and other services/Switch between sites/android.widget.TextView - site user'

2023-08-17 09:47:13 - [TEST_STEP][PASSED] - tap(findTestObject("Menu and other services/Switch between sites/android.widget.ImageView - Menu"), 30): Tapped on element 'Object Repository/Menu and other services/Switch between sites/android.widget.ImageView - Menu'

2023-08-17 09:47:20 - [MESSAGE][PASSED] - Tapped on element 'Object Repository/Menu and other services/Switch between sites/android.widget.ImageView - Menu'

2023-08-17 09:47:20 - [TEST_STEP][PASSED] - tap(findTestObject("Menu and other services/Switch between sites/android.widget.TextView - Site"), 30): Tapped on element 'Object Repository/Menu and other services/Switch between sites/android.widget.TextView - Site'

2023-08-17 09:47:21 - [MESSAGE][PASSED] - Tapped on element 'Object Repository/Menu and other services/Switch between sites/android.widget.TextView - Site'

2023-08-17 09:47:21 - [TEST_STEP][PASSED] - tap(findTestObject("Object Repository/Menu and other services/Switch between sites/android.widget.TextView - Katalon"), 30): Tapped on element 'Object Repository/Menu and other services/Switch between sites/android.widget.TextView - Katalon'

2023-08-17 09:47:22 - [MESSAGE][PASSED] - Tapped on element 'Object Repository/Menu and other services/Switch between sites/android.widget.TextView - Katalon']]></system-out>
         <system-err><![CDATA[]]></system-err>
      </testcase>
      <testcase name="Test Cases/Menu and other services/About" time="15.037" classname="Test Cases/Menu and other services/About" status="PASSED">
         <system-out><![CDATA[2023-08-17 09:47:22 - [TEST_CASE][PASSED] - Test Cases/Menu and other services/About: Test Cases/Menu and other services/About

2023-08-17 09:47:23 - [TEST_STEP][PASSED] - tap(findTestObject("Object Repository/Menu and other services/About/android.widget.ImageView - Menu"), 30): Tapped on element 'Object Repository/Menu and other services/About/android.widget.ImageView - Menu'

2023-08-17 09:47:29 - [MESSAGE][PASSED] - Tapped on element 'Object Repository/Menu and other services/About/android.widget.ImageView - Menu'

2023-08-17 09:47:29 - [TEST_STEP][PASSED] - tap(findTestObject("Object Repository/Menu and other services/About/android.widget.TextView - About"), 30): Tapped on element 'Object Repository/Menu and other services/About/android.widget.TextView - About'

2023-08-17 09:47:31 - [MESSAGE][PASSED] - Tapped on element 'Object Repository/Menu and other services/About/android.widget.TextView - About'

2023-08-17 09:47:31 - [TEST_STEP][PASSED] - verifyElementText(findTestObject("Object Repository/Menu and other services/About/android.widget.TextView - Katalon"), "Katalon"): Actual text and expected text of test object 'Object Repository/Menu and other services/About/android.widget.TextView - Katalon' are matched.

2023-08-17 09:47:32 - [MESSAGE][PASSED] - Actual text and expected text of test object 'Object Repository/Menu and other services/About/android.widget.TextView - Katalon' are matched.

2023-08-17 09:47:32 - [TEST_STEP][PASSED] - verifyElementText(findTestObject("Object Repository/Menu and other services/About/android.widget.TextView - Katalon (1)"), "Katalon"): Actual text and expected text of test object 'Object Repository/Menu and other services/About/android.widget.TextView - Katalon (1)' are matched.

2023-08-17 09:47:33 - [MESSAGE][PASSED] - Actual text and expected text of test object 'Object Repository/Menu and other services/About/android.widget.TextView - Katalon (1)' are matched.

2023-08-17 09:47:33 - [TEST_STEP][PASSED] - scrollToText("UDI"): Scrolling to text 'UDI' successfully

2023-08-17 09:47:36 - [MESSAGE][PASSED] - Scrolling to text 'UDI' successfully

2023-08-17 09:47:36 - [TEST_STEP][PASSED] - verifyElementText(findTestObject("Object Repository/Menu and other services/About/android.widget.TextView - 2.1"), "2.1"): Actual text and expected text of test object 'Object Repository/Menu and other services/About/android.widget.TextView - 2.1' are matched.

2023-08-17 09:47:37 - [MESSAGE][PASSED] - Actual text and expected text of test object 'Object Repository/Menu and other services/About/android.widget.TextView - 2.1' are matched.

2023-08-17 09:47:37 - [TEST_STEP][PASSED] - tap(findTestObject("Object Repository/Menu and other services/About/android.widget.ImageView - close"), 30): Tapped on element 'Object Repository/Menu and other services/About/android.widget.ImageView - close'

2023-08-17 09:47:37 - [MESSAGE][PASSED] - Tapped on element 'Object Repository/Menu and other services/About/android.widget.ImageView - close']]></system-out>
         <system-err><![CDATA[]]></system-err>
      </testcase>
      <testcase name="Test Cases/Menu and other services/Automatic adjustment of Date format" time="14.55" classname="Test Cases/Menu and other services/Automatic adjustment of Date format" status="PASSED">
         <system-out><![CDATA[2023-08-17 09:47:37 - [TEST_CASE][PASSED] - Test Cases/Menu and other services/Automatic adjustment of Date format: Test Cases/Menu and other services/Automatic adjustment of Date format

2023-08-17 09:47:38 - [TEST_STEP][PASSED] - date = getText(findTestObject("Object Repository/Menu and other services/Automatic adjustment of Date format/android.widget.TextView - 27072023"), 30, STOP_ON_FAILURE): Text of element 'Object Repository/Menu and other services/Automatic adjustment of Date format/android.widget.TextView - 27072023' is: '17/08/2023'

2023-08-17 09:47:39 - [MESSAGE][PASSED] - Text of element 'Object Repository/Menu and other services/Automatic adjustment of Date format/android.widget.TextView - 27072023' is: '17/08/2023'

2023-08-17 09:47:39 - [TEST_STEP][PASSED] - verifyMatch(date, "[0-9]{2}/[0-9]{2}/[0-9]{4}", true, STOP_ON_FAILURE): Actual text '17/08/2023' and expected text '[0-9]{2}/[0-9]{2}/[0-9]{4}' are matched  using regular expression

2023-08-17 09:47:39 - [MESSAGE][PASSED] - Actual text '17/08/2023' and expected text '[0-9]{2}/[0-9]{2}/[0-9]{4}' are matched  using regular expression

2023-08-17 09:47:39 - [TEST_STEP][PASSED] - tap(findTestObject("Object Repository/Menu and other services/Automatic adjustment of Date format/android.widget.ImageView - Menu"), 30): Tapped on element 'Object Repository/Menu and other services/Automatic adjustment of Date format/android.widget.ImageView - Menu'

2023-08-17 09:47:39 - [MESSAGE][PASSED] - Tapped on element 'Object Repository/Menu and other services/Automatic adjustment of Date format/android.widget.ImageView - Menu'

2023-08-17 09:47:39 - [TEST_STEP][PASSED] - tap(findTestObject("Object Repository/Menu and other services/Automatic adjustment of Date format/android.widget.TextView - Site"), 30): Tapped on element 'Object Repository/Menu and other services/Automatic adjustment of Date format/android.widget.TextView - Site'

2023-08-17 09:47:41 - [MESSAGE][PASSED] - Tapped on element 'Object Repository/Menu and other services/Automatic adjustment of Date format/android.widget.TextView - Site'

2023-08-17 09:47:41 - [TEST_STEP][PASSED] - tap(findTestObject("Object Repository/Menu and other services/Automatic adjustment of Date format/android.widget.TextView - site user"), 30): Tapped on element 'Object Repository/Menu and other services/Automatic adjustment of Date format/android.widget.TextView - site user'

2023-08-17 09:47:42 - [MESSAGE][PASSED] - Tapped on element 'Object Repository/Menu and other services/Automatic adjustment of Date format/android.widget.TextView - site user'

2023-08-17 09:47:42 - [TEST_STEP][PASSED] - date1 = getText(findTestObject("Menu and other services/Automatic adjustment of Date format/android.widget.TextView - 20230814"), 30): Text of element 'Object Repository/Menu and other services/Automatic adjustment of Date format/android.widget.TextView - 20230814' is: '2023/08/14'

2023-08-17 09:47:48 - [MESSAGE][PASSED] - Text of element 'Object Repository/Menu and other services/Automatic adjustment of Date format/android.widget.TextView - 20230814' is: '2023/08/14'

2023-08-17 09:47:48 - [TEST_STEP][PASSED] - verifyMatch(date1, "[0-9]{4}/[0-9]{2}/[0-9]{2}", true, STOP_ON_FAILURE): Actual text '2023/08/14' and expected text '[0-9]{4}/[0-9]{2}/[0-9]{2}' are matched  using regular expression

2023-08-17 09:47:48 - [MESSAGE][PASSED] - Actual text '2023/08/14' and expected text '[0-9]{4}/[0-9]{2}/[0-9]{2}' are matched  using regular expression

2023-08-17 09:47:48 - [TEST_STEP][PASSED] - tap(findTestObject("Object Repository/Menu and other services/Automatic adjustment of Date format/android.widget.ImageView - Menu"), 30): Tapped on element 'Object Repository/Menu and other services/Automatic adjustment of Date format/android.widget.ImageView - Menu'

2023-08-17 09:47:49 - [MESSAGE][PASSED] - Tapped on element 'Object Repository/Menu and other services/Automatic adjustment of Date format/android.widget.ImageView - Menu'

2023-08-17 09:47:49 - [TEST_STEP][PASSED] - tap(findTestObject("Menu and other services/Automatic adjustment of Date format/android.widget.TextView - Site"), 30): Tapped on element 'Object Repository/Menu and other services/Automatic adjustment of Date format/android.widget.TextView - Site'

2023-08-17 09:47:51 - [MESSAGE][PASSED] - Tapped on element 'Object Repository/Menu and other services/Automatic adjustment of Date format/android.widget.TextView - Site'

2023-08-17 09:47:51 - [TEST_STEP][PASSED] - tap(findTestObject("Object Repository/Menu and other services/Automatic adjustment of Date format/android.widget.TextView - Katalon"), 30): Tapped on element 'Object Repository/Menu and other services/Automatic adjustment of Date format/android.widget.TextView - Katalon'

2023-08-17 09:47:52 - [MESSAGE][PASSED] - Tapped on element 'Object Repository/Menu and other services/Automatic adjustment of Date format/android.widget.TextView - Katalon']]></system-out>
         <system-err><![CDATA[]]></system-err>
      </testcase>
      <testcase name="Test Cases/Menu and other services/Phone general tuto" time="14.122" classname="Test Cases/Menu and other services/Phone general tuto" status="PASSED">
         <system-out><![CDATA[2023-08-17 09:47:52 - [TEST_CASE][PASSED] - Test Cases/Menu and other services/Phone general tuto: Test Cases/Menu and other services/Phone general tuto

2023-08-17 09:47:54 - [TEST_STEP][PASSED] - tap(findTestObject("Object Repository/Menu and other services/Phone General Tuto/android.widget.ImageView - Menu"), 30): Tapped on element 'Object Repository/Menu and other services/Phone General Tuto/android.widget.ImageView - Menu'

2023-08-17 09:47:59 - [MESSAGE][PASSED] - Tapped on element 'Object Repository/Menu and other services/Phone General Tuto/android.widget.ImageView - Menu'

2023-08-17 09:47:59 - [TEST_STEP][PASSED] - tap(findTestObject("Object Repository/Menu and other services/Phone General Tuto/android.widget.TextView - Help"), 30): Tapped on element 'Object Repository/Menu and other services/Phone General Tuto/android.widget.TextView - Help'

2023-08-17 09:48:01 - [MESSAGE][PASSED] - Tapped on element 'Object Repository/Menu and other services/Phone General Tuto/android.widget.TextView - Help'

2023-08-17 09:48:01 - [TEST_STEP][PASSED] - tap(findTestObject("Object Repository/Menu and other services/Phone General Tuto/android.widget.TextView - App Intro"), 30): Tapped on element 'Object Repository/Menu and other services/Phone General Tuto/android.widget.TextView - App Intro'

2023-08-17 09:48:01 - [MESSAGE][PASSED] - Tapped on element 'Object Repository/Menu and other services/Phone General Tuto/android.widget.TextView - App Intro'

2023-08-17 09:48:01 - [TEST_STEP][PASSED] - verifyElementExist(findTestObject("Object Repository/Menu and other services/Phone General Tuto/android.view.ViewGroup - Tuto"), 30): Element 'Object Repository/Menu and other services/Phone General Tuto/android.view.ViewGroup - Tuto' is exist

2023-08-17 09:48:03 - [MESSAGE][PASSED] - Element 'Object Repository/Menu and other services/Phone General Tuto/android.view.ViewGroup - Tuto' is exist

2023-08-17 09:48:03 - [TEST_STEP][PASSED] - verifyElementExist(findTestObject("Object Repository/Menu and other services/Phone General Tuto/android.widget.TextView - Welcome to inSight"), 30): Element 'Object Repository/Menu and other services/Phone General Tuto/android.widget.TextView - Welcome to inSight' is exist

2023-08-17 09:48:03 - [MESSAGE][PASSED] - Element 'Object Repository/Menu and other services/Phone General Tuto/android.widget.TextView - Welcome to inSight' is exist

2023-08-17 09:48:03 - [TEST_STEP][PASSED] - verifyElementExist(findTestObject("Object Repository/Menu and other services/Phone General Tuto/android.widget.TextView - Skip"), 30): Element 'Object Repository/Menu and other services/Phone General Tuto/android.widget.TextView - Skip' is exist

2023-08-17 09:48:04 - [MESSAGE][PASSED] - Element 'Object Repository/Menu and other services/Phone General Tuto/android.widget.TextView - Skip' is exist

2023-08-17 09:48:04 - [TEST_STEP][PASSED] - verifyElementExist(findTestObject("Object Repository/Menu and other services/Phone General Tuto/android.widget.TextView - next"), 30): Element 'Object Repository/Menu and other services/Phone General Tuto/android.widget.TextView - next' is exist

2023-08-17 09:48:04 - [MESSAGE][PASSED] - Element 'Object Repository/Menu and other services/Phone General Tuto/android.widget.TextView - next' is exist

2023-08-17 09:48:04 - [TEST_STEP][PASSED] - tap(findTestObject("Menu and other services/Phone General Tuto/android.widget.TextView - next"), 30): Tapped on element 'Object Repository/Menu and other services/Phone General Tuto/android.widget.TextView - next'

2023-08-17 09:48:05 - [MESSAGE][PASSED] - Tapped on element 'Object Repository/Menu and other services/Phone General Tuto/android.widget.TextView - next'

2023-08-17 09:48:05 - [TEST_STEP][PASSED] - verifyElementText(findTestObject("Object Repository/Menu and other services/Phone General Tuto/android.widget.TextView - Add a wound"), "Add a wound"): Actual text and expected text of test object 'Object Repository/Menu and other services/Phone General Tuto/android.widget.TextView - Add a wound' are matched.

2023-08-17 09:48:06 - [MESSAGE][PASSED] - Actual text and expected text of test object 'Object Repository/Menu and other services/Phone General Tuto/android.widget.TextView - Add a wound' are matched.

2023-08-17 09:48:06 - [TEST_STEP][PASSED] - tap(findTestObject("Menu and other services/Phone General Tuto/android.widget.TextView - Skip"), 30): Tapped on element 'Object Repository/Menu and other services/Phone General Tuto/android.widget.TextView - Skip'

2023-08-17 09:48:06 - [MESSAGE][PASSED] - Tapped on element 'Object Repository/Menu and other services/Phone General Tuto/android.widget.TextView - Skip']]></system-out>
         <system-err><![CDATA[]]></system-err>
      </testcase>
      <testcase name="Test Cases/Menu and other services/Language" time="24.468" classname="Test Cases/Menu and other services/Language" status="PASSED">
         <system-out><![CDATA[2023-08-17 09:48:06 - [TEST_CASE][PASSED] - Test Cases/Menu and other services/Language: Test Cases/Menu and other services/Language

2023-08-17 09:48:07 - [TEST_STEP][PASSED] - tap(findTestObject("Object Repository/Menu and other services/Language/android.widget.ImageView - Menu"), 30): Tapped on element 'Object Repository/Menu and other services/Language/android.widget.ImageView - Menu'

2023-08-17 09:48:07 - [MESSAGE][PASSED] - Tapped on element 'Object Repository/Menu and other services/Language/android.widget.ImageView - Menu'

2023-08-17 09:48:07 - [TEST_STEP][PASSED] - tap(findTestObject("Object Repository/Menu and other services/Language/android.widget.TextView - Settings"), 30): Tapped on element 'Object Repository/Menu and other services/Language/android.widget.TextView - Settings'

2023-08-17 09:48:09 - [MESSAGE][PASSED] - Tapped on element 'Object Repository/Menu and other services/Language/android.widget.TextView - Settings'

2023-08-17 09:48:09 - [TEST_STEP][PASSED] - tap(findTestObject("Object Repository/Menu and other services/Language/android.widget.TextView - English"), 30): Tapped on element 'Object Repository/Menu and other services/Language/android.widget.TextView - English'

2023-08-17 09:48:11 - [MESSAGE][PASSED] - Tapped on element 'Object Repository/Menu and other services/Language/android.widget.TextView - English'

2023-08-17 09:48:11 - [TEST_STEP][PASSED] - tap(findTestObject("Object Repository/Menu and other services/Language/android.widget.TextView - Deutsch"), 30): Tapped on element 'Object Repository/Menu and other services/Language/android.widget.TextView - Deutsch'

2023-08-17 09:48:12 - [MESSAGE][PASSED] - Tapped on element 'Object Repository/Menu and other services/Language/android.widget.TextView - Deutsch'

2023-08-17 09:48:12 - [TEST_STEP][PASSED] - tap(findTestObject("Object Repository/Menu and other services/Language/android.view.ViewGroup"), 30): Tapped on element 'Object Repository/Menu and other services/Language/android.view.ViewGroup'

2023-08-17 09:48:19 - [MESSAGE][PASSED] - Tapped on element 'Object Repository/Menu and other services/Language/android.view.ViewGroup'

2023-08-17 09:48:19 - [TEST_STEP][PASSED] - verifyElementText(findTestObject("Object Repository/Menu and other services/Language/android.widget.TextView - Geschlecht"), "Geschlecht"): Actual text and expected text of test object 'Object Repository/Menu and other services/Language/android.widget.TextView - Geschlecht' are matched.

2023-08-17 09:48:21 - [MESSAGE][PASSED] - Actual text and expected text of test object 'Object Repository/Menu and other services/Language/android.widget.TextView - Geschlecht' are matched.

2023-08-17 09:48:21 - [TEST_STEP][PASSED] - verifyElementText(findTestObject("Object Repository/Menu and other services/Language/android.widget.TextView - Geburtstag"), "Geburtstag"): Actual text and expected text of test object 'Object Repository/Menu and other services/Language/android.widget.TextView - Geburtstag' are matched.

2023-08-17 09:48:21 - [MESSAGE][PASSED] - Actual text and expected text of test object 'Object Repository/Menu and other services/Language/android.widget.TextView - Geburtstag' are matched.

2023-08-17 09:48:21 - [TEST_STEP][PASSED] - verifyElementText(findTestObject("Object Repository/Menu and other services/Language/android.widget.TextView - Alter"), "Alter"): Actual text and expected text of test object 'Object Repository/Menu and other services/Language/android.widget.TextView - Alter' are matched.

2023-08-17 09:48:22 - [MESSAGE][PASSED] - Actual text and expected text of test object 'Object Repository/Menu and other services/Language/android.widget.TextView - Alter' are matched.

2023-08-17 09:48:22 - [TEST_STEP][PASSED] - verifyElementText(findTestObject("Object Repository/Menu and other services/Language/android.widget.TextView - Zustimmung"), "Zustimmung"): Actual text and expected text of test object 'Object Repository/Menu and other services/Language/android.widget.TextView - Zustimmung' are matched.

2023-08-17 09:48:22 - [MESSAGE][PASSED] - Actual text and expected text of test object 'Object Repository/Menu and other services/Language/android.widget.TextView - Zustimmung' are matched.

2023-08-17 09:48:22 - [TEST_STEP][PASSED] - tap(findTestObject("Object Repository/Menu and other services/Language/android.widget.ImageView - Back"), 30): Tapped on element 'Object Repository/Menu and other services/Language/android.widget.ImageView - Back'

2023-08-17 09:48:22 - [MESSAGE][PASSED] - Tapped on element 'Object Repository/Menu and other services/Language/android.widget.ImageView - Back'

2023-08-17 09:48:22 - [TEST_STEP][PASSED] - tap(findTestObject("Object Repository/Menu and other services/Language/android.widget.ImageView - Menu (1)"), 30): Tapped on element 'Object Repository/Menu and other services/Language/android.widget.ImageView - Menu (1)'

2023-08-17 09:48:23 - [MESSAGE][PASSED] - Tapped on element 'Object Repository/Menu and other services/Language/android.widget.ImageView - Menu (1)'

2023-08-17 09:48:23 - [TEST_STEP][PASSED] - verifyElementText(findTestObject("Object Repository/Menu and other services/Language/android.widget.TextView - Seite"), "Seite"): Actual text and expected text of test object 'Object Repository/Menu and other services/Language/android.widget.TextView - Seite' are matched.

2023-08-17 09:48:25 - [MESSAGE][PASSED] - Actual text and expected text of test object 'Object Repository/Menu and other services/Language/android.widget.TextView - Seite' are matched.

2023-08-17 09:48:25 - [TEST_STEP][PASSED] - verifyElementText(findTestObject("Object Repository/Menu and other services/Language/android.widget.TextView - Offene Telegesundheit"), "Offene Telegesundheit"): Actual text and expected text of test object 'Object Repository/Menu and other services/Language/android.widget.TextView - Offene Telegesundheit' are matched.

2023-08-17 09:48:26 - [MESSAGE][PASSED] - Actual text and expected text of test object 'Object Repository/Menu and other services/Language/android.widget.TextView - Offene Telegesundheit' are matched.

2023-08-17 09:48:26 - [TEST_STEP][PASSED] - verifyElementText(findTestObject("Object Repository/Menu and other services/Language/android.widget.TextView - Hilfe"), "Hilfe"): Actual text and expected text of test object 'Object Repository/Menu and other services/Language/android.widget.TextView - Hilfe' are matched.

2023-08-17 09:48:26 - [MESSAGE][PASSED] - Actual text and expected text of test object 'Object Repository/Menu and other services/Language/android.widget.TextView - Hilfe' are matched.

2023-08-17 09:48:26 - [TEST_STEP][PASSED] - verifyElementText(findTestObject("Object Repository/Menu and other services/Language/android.widget.TextView - ber uns"), "Über uns"): Actual text and expected text of test object 'Object Repository/Menu and other services/Language/android.widget.TextView - ber uns' are matched.

2023-08-17 09:48:26 - [MESSAGE][PASSED] - Actual text and expected text of test object 'Object Repository/Menu and other services/Language/android.widget.TextView - ber uns' are matched.

2023-08-17 09:48:26 - [TEST_STEP][PASSED] - verifyElementText(findTestObject("Object Repository/Menu and other services/Language/android.widget.TextView - Einstellungen"), "Einstellungen"): Actual text and expected text of test object 'Object Repository/Menu and other services/Language/android.widget.TextView - Einstellungen' are matched.

2023-08-17 09:48:27 - [MESSAGE][PASSED] - Actual text and expected text of test object 'Object Repository/Menu and other services/Language/android.widget.TextView - Einstellungen' are matched.

2023-08-17 09:48:27 - [TEST_STEP][PASSED] - verifyElementText(findTestObject("Object Repository/Menu and other services/Language/android.widget.TextView - Ausloggen"), "Ausloggen"): Actual text and expected text of test object 'Object Repository/Menu and other services/Language/android.widget.TextView - Ausloggen' are matched.

2023-08-17 09:48:27 - [MESSAGE][PASSED] - Actual text and expected text of test object 'Object Repository/Menu and other services/Language/android.widget.TextView - Ausloggen' are matched.

2023-08-17 09:48:27 - [TEST_STEP][PASSED] - tap(findTestObject("Menu and other services/Language/android.widget.TextView - Einstellungen"), 30): Tapped on element 'Object Repository/Menu and other services/Language/android.widget.TextView - Einstellungen'

2023-08-17 09:48:28 - [MESSAGE][PASSED] - Tapped on element 'Object Repository/Menu and other services/Language/android.widget.TextView - Einstellungen'

2023-08-17 09:48:28 - [TEST_STEP][PASSED] - tap(findTestObject("Object Repository/Menu and other services/Language/android.widget.TextView - Deutsch (1)"), 30): Tapped on element 'Object Repository/Menu and other services/Language/android.widget.TextView - Deutsch (1)'

2023-08-17 09:48:30 - [MESSAGE][PASSED] - Tapped on element 'Object Repository/Menu and other services/Language/android.widget.TextView - Deutsch (1)'

2023-08-17 09:48:30 - [TEST_STEP][PASSED] - tap(findTestObject("Object Repository/Menu and other services/Language/android.widget.TextView - English (1)"), 30): Tapped on element 'Object Repository/Menu and other services/Language/android.widget.TextView - English (1)'

2023-08-17 09:48:30 - [MESSAGE][PASSED] - Tapped on element 'Object Repository/Menu and other services/Language/android.widget.TextView - English (1)']]></system-out>
         <system-err><![CDATA[]]></system-err>
      </testcase>
      <testcase name="Test Cases/Menu and other services/Help" time="22.738" classname="Test Cases/Menu and other services/Help" status="PASSED">
         <system-out><![CDATA[2023-08-17 09:48:30 - [TEST_CASE][PASSED] - Test Cases/Menu and other services/Help: Test Cases/Menu and other services/Help

2023-08-17 09:48:31 - [TEST_STEP][PASSED] - tap(findTestObject("Object Repository/Menu and other services/Help/android.widget.ImageView - Menu"), 30): Tapped on element 'Object Repository/Menu and other services/Help/android.widget.ImageView - Menu'

2023-08-17 09:48:38 - [MESSAGE][PASSED] - Tapped on element 'Object Repository/Menu and other services/Help/android.widget.ImageView - Menu'

2023-08-17 09:48:38 - [TEST_STEP][PASSED] - tap(findTestObject("Object Repository/Menu and other services/Help/android.widget.TextView - Help"), 30): Tapped on element 'Object Repository/Menu and other services/Help/android.widget.TextView - Help'

2023-08-17 09:48:39 - [MESSAGE][PASSED] - Tapped on element 'Object Repository/Menu and other services/Help/android.widget.TextView - Help'

2023-08-17 09:48:39 - [TEST_STEP][PASSED] - tap(findTestObject("Object Repository/Menu and other services/Help/android.widget.TextView - Help Center"), 30): Tapped on element 'Object Repository/Menu and other services/Help/android.widget.TextView - Help Center'

2023-08-17 09:48:40 - [MESSAGE][PASSED] - Tapped on element 'Object Repository/Menu and other services/Help/android.widget.TextView - Help Center'

2023-08-17 09:48:40 - [TEST_STEP][PASSED] - verifyElementText(findTestObject("Object Repository/Menu and other services/Help/android.widget.TextView - Support"), "Support"): Actual text and expected text of test object 'Object Repository/Menu and other services/Help/android.widget.TextView - Support' are matched.

2023-08-17 09:48:41 - [MESSAGE][PASSED] - Actual text and expected text of test object 'Object Repository/Menu and other services/Help/android.widget.TextView - Support' are matched.

2023-08-17 09:48:41 - [TEST_STEP][PASSED] - verifyElementText(findTestObject("Object Repository/Menu and other services/Help/android.widget.TextView - Critical Notifications"), "Critical Notifications"): Actual text and expected text of test object 'Object Repository/Menu and other services/Help/android.widget.TextView - Critical Notifications' are matched.

2023-08-17 09:48:43 - [MESSAGE][PASSED] - Actual text and expected text of test object 'Object Repository/Menu and other services/Help/android.widget.TextView - Critical Notifications' are matched.

2023-08-17 09:48:43 - [TEST_STEP][PASSED] - pressBack(): Press back button successfully

2023-08-17 09:48:44 - [MESSAGE][PASSED] - Press back button successfully

2023-08-17 09:48:44 - [TEST_STEP][PASSED] - tap(findTestObject("Menu and other services/Help/android.widget.TextView - Help"), 30): Tapped on element 'Object Repository/Menu and other services/Help/android.widget.TextView - Help'

2023-08-17 09:48:45 - [MESSAGE][PASSED] - Tapped on element 'Object Repository/Menu and other services/Help/android.widget.TextView - Help'

2023-08-17 09:48:45 - [TEST_STEP][PASSED] - tap(findTestObject("Object Repository/Menu and other services/Help/android.widget.TextView - Send device info"), 30): Tapped on element 'Object Repository/Menu and other services/Help/android.widget.TextView - Send device info'

2023-08-17 09:48:45 - [MESSAGE][PASSED] - Tapped on element 'Object Repository/Menu and other services/Help/android.widget.TextView - Send device info'

2023-08-17 09:48:46 - [TEST_STEP][PASSED] - verifyElementText(findTestObject("Object Repository/Menu and other services/Help/android.widget.TextView - Device hardware and software information will be sent to eKare for troubleshooting"), "Device hardware and software information will be sent to eKare for troubleshooting"): Actual text and expected text of test object 'Object Repository/Menu and other services/Help/android.widget.TextView - Device hardware and software information will be sent to eKare for troubleshooting' are matched.

2023-08-17 09:48:46 - [MESSAGE][PASSED] - Actual text and expected text of test object 'Object Repository/Menu and other services/Help/android.widget.TextView - Device hardware and software information will be sent to eKare for troubleshooting' are matched.

2023-08-17 09:48:46 - [TEST_STEP][PASSED] - verifyElementExist(findTestObject("Object Repository/Menu and other services/Help/android.widget.Button - CANCEL"), 30): Element 'Object Repository/Menu and other services/Help/android.widget.Button - CANCEL' is exist

2023-08-17 09:48:47 - [MESSAGE][PASSED] - Element 'Object Repository/Menu and other services/Help/android.widget.Button - CANCEL' is exist

2023-08-17 09:48:47 - [TEST_STEP][PASSED] - verifyElementExist(findTestObject("Object Repository/Menu and other services/Help/android.widget.Button - PROCEED"), 30): Element 'Object Repository/Menu and other services/Help/android.widget.Button - PROCEED' is exist

2023-08-17 09:48:47 - [MESSAGE][PASSED] - Element 'Object Repository/Menu and other services/Help/android.widget.Button - PROCEED' is exist

2023-08-17 09:48:47 - [TEST_STEP][PASSED] - tap(findTestObject("Menu and other services/Help/android.widget.Button - PROCEED"), 30): Tapped on element 'Object Repository/Menu and other services/Help/android.widget.Button - PROCEED'

2023-08-17 09:48:47 - [MESSAGE][PASSED] - Tapped on element 'Object Repository/Menu and other services/Help/android.widget.Button - PROCEED'

2023-08-17 09:48:47 - [TEST_STEP][PASSED] - verifyElementText(findTestObject("Object Repository/Menu and other services/Help/android.widget.TextView - Information sent successfully"), "Information sent successfully"): Actual text and expected text of test object 'Object Repository/Menu and other services/Help/android.widget.TextView - Information sent successfully' are matched.

2023-08-17 09:48:49 - [MESSAGE][PASSED] - Actual text and expected text of test object 'Object Repository/Menu and other services/Help/android.widget.TextView - Information sent successfully' are matched.

2023-08-17 09:48:49 - [TEST_STEP][PASSED] - tap(findTestObject("Object Repository/Menu and other services/Help/android.widget.Button - OK"), 30): Tapped on element 'Object Repository/Menu and other services/Help/android.widget.Button - OK'

2023-08-17 09:48:50 - [MESSAGE][PASSED] - Tapped on element 'Object Repository/Menu and other services/Help/android.widget.Button - OK'

2023-08-17 09:48:50 - [TEST_STEP][PASSED] - tap(findTestObject("Menu and other services/Help/android.widget.ImageView - Menu"), 30): Tapped on element 'Object Repository/Menu and other services/Help/android.widget.ImageView - Menu'

2023-08-17 09:48:50 - [MESSAGE][PASSED] - Tapped on element 'Object Repository/Menu and other services/Help/android.widget.ImageView - Menu'

2023-08-17 09:48:50 - [TEST_STEP][PASSED] - tap(findTestObject("Menu and other services/Help/android.widget.TextView - Help"), 30): Tapped on element 'Object Repository/Menu and other services/Help/android.widget.TextView - Help'

2023-08-17 09:48:52 - [MESSAGE][PASSED] - Tapped on element 'Object Repository/Menu and other services/Help/android.widget.TextView - Help'

2023-08-17 09:48:52 - [TEST_STEP][PASSED] - verifyElementExist(findTestObject("Menu and other services/Help/android.widget.TextView - Send back up"), 30): Element 'Object Repository/Menu and other services/Help/android.widget.TextView - Send back up' is exist

2023-08-17 09:48:53 - [MESSAGE][PASSED] - Element 'Object Repository/Menu and other services/Help/android.widget.TextView - Send back up' is exist

2023-08-17 09:48:53 - [TEST_STEP][PASSED] - tap(findTestObject("Object Repository/Menu and other services/Help/android.widget.TextView - Send back up"), 30): Tapped on element 'Object Repository/Menu and other services/Help/android.widget.TextView - Send back up'

2023-08-17 09:48:53 - [MESSAGE][PASSED] - Tapped on element 'Object Repository/Menu and other services/Help/android.widget.TextView - Send back up']]></system-out>
         <system-err><![CDATA[]]></system-err>
      </testcase>
      <system-out><![CDATA[2023-08-17 09:46:13 - [TEST_SUITE][PASSED] - Menu and other services: Test Cases/Menu and other services/Help]]></system-out>
      <system-err><![CDATA[]]></system-err>
   </testsuite>
   <testsuite name="Patient Management" tests="8" failures="0" errors="0" time="150.847" skipped="0" timestamp="2023-08-17 09:49:07" hostname="Amarir - DESKTOP-EE3F8H4" id="Test Suites/Patient Management">
      <properties>
         <property name="deviceName" value="samsung SM-N975F (Android 12)"/>
         <property name="devicePlatform" value=""/>
         <property name="logFolder" value="C:\\Users\\Amarir\\git\\IS_Katalon_Lite_Version\\Reports\\20230817_093727\\Patient Management\\20230817_093737"/>
         <property name="logFiles" value="C:\\Users\\Amarir\\git\\IS_Katalon_Lite_Version\\Reports\\20230817_093727\\Patient Management\\20230817_093737\\appium.log, C:\\Users\\Amarir\\git\\IS_Katalon_Lite_Version\\Reports\\20230817_093727\\Patient Management\\20230817_093737\\execution0.log"/>
         <property name="attachments" value=""/>
         <property name="hostName" value="Amarir - DESKTOP-EE3F8H4"/>
         <property name="os" value="Windows 10 64bit"/>
         <property name="appiumServerStatus" value="{&quot;value&quot;:{&quot;build&quot;:{&quot;version&quot;:&quot;1.22.0&quot;}},&quot;sessionId&quot;:null,&quot;status&quot;:0}"/>
         <property name="katalonVersion" value="8.6.5.208"/>
         <property name="deviceOS" value="Android"/>
         <property name="appiumVersion" value="1.22.0"/>
         <property name="deviceModel" value="SM-N975F"/>
         <property name="hostAddress" value="192.168.234.1"/>
         <property name="deviceManufacturer" value="samsung"/>
         <property name="deviceId" value="RF8N307NKZV"/>
         <property name="deviceName" value="samsung SM-N975F (Android 12)"/>
         <property name="deviceOSVersion" value="12"/>
      </properties>
      <testcase name="Test Cases/User Managemenet/Login" time="48.795" classname="Test Cases/User Managemenet/Login" status="PASSED">
         <system-out><![CDATA[2023-08-17 09:49:08 - [TEST_CASE][PASSED] - Test Cases/User Managemenet/Login: Test Cases/User Managemenet/Login

2023-08-17 09:49:09 - [TEST_STEP][PASSED] - startApplication(APK, false): Started app at: 'C:\Users\Amarir\Downloads\APK\IS\IS_Prod_2.1.apk'

2023-08-17 09:49:10 - [MESSAGE][INFO] - Detected NodeJS location: "C:\Program Files\nodejs\node.exe"

2023-08-17 09:49:13 - [MESSAGE][INFO] - Appium server started on port 53,624

2023-08-17 09:49:32 - [MESSAGE][PASSED] - Started app at: 'C:\Users\Amarir\Downloads\APK\IS\IS_Prod_2.1.apk'

2023-08-17 09:49:32 - [TEST_STEP][PASSED] - setText(findTestObject("User Management/Login/android.widget.EditText - username"), LoginCreds.get("username"), 30): Text 'safakata' has been set to element 'Object Repository/User Management/Login/android.widget.EditText - username'

2023-08-17 09:49:48 - [MESSAGE][PASSED] - Text 'safakata' has been set to element 'Object Repository/User Management/Login/android.widget.EditText - username'

2023-08-17 09:49:48 - [TEST_STEP][PASSED] - setText(findTestObject("User Management/Login/android.widget.EditText - password"), LoginCreds.get("password"), 30): Text 'eKare123@' has been set to element 'Object Repository/User Management/Login/android.widget.EditText - password'

2023-08-17 09:49:49 - [MESSAGE][PASSED] - Text 'eKare123@' has been set to element 'Object Repository/User Management/Login/android.widget.EditText - password'

2023-08-17 09:49:49 - [TEST_STEP][PASSED] - tap(findTestObject("User Management/Login/android.view.ViewGroup - sign in"), 30): Tapped on element 'Object Repository/User Management/Login/android.view.ViewGroup - sign in'

2023-08-17 09:49:50 - [MESSAGE][PASSED] - Tapped on element 'Object Repository/User Management/Login/android.view.ViewGroup - sign in'

2023-08-17 09:49:50 - [TEST_STEP][PASSED] - tap(findTestObject("Object Repository/User Management/Login/android.widget.TextView - Katalon"), 30): Tapped on element 'Object Repository/User Management/Login/android.widget.TextView - Katalon'

2023-08-17 09:49:51 - [MESSAGE][PASSED] - Tapped on element 'Object Repository/User Management/Login/android.widget.TextView - Katalon'

2023-08-17 09:49:51 - [TEST_STEP][PASSED] - delay(2, STOP_ON_FAILURE): Delayed 2 second(s)

2023-08-17 09:49:54 - [MESSAGE][PASSED] - Delayed 2 second(s)

2023-08-17 09:49:54 - [TEST_STEP][PASSED] - verifyElementExist(findTestObject("Object Repository/User Management/Login/android.widget.TextView - Patient Directory"), 30): Element 'Object Repository/User Management/Login/android.widget.TextView - Patient Directory' is exist

2023-08-17 09:49:57 - [MESSAGE][PASSED] - Element 'Object Repository/User Management/Login/android.widget.TextView - Patient Directory' is exist]]></system-out>
         <system-err><![CDATA[]]></system-err>
      </testcase>
      <testcase name="Test Cases/Patient Management/Add Patient" time="11.203" classname="Test Cases/Patient Management/Add Patient" status="PASSED">
         <system-out><![CDATA[2023-08-17 09:49:57 - [TEST_CASE][PASSED] - Test Cases/Patient Management/Add Patient: Test Cases/Patient Management/Add Patient

2023-08-17 09:49:57 - [TEST_STEP][PASSED] - tap(findTestObject("Object Repository/Patient Management/Add Patient/android.widget.TextView - add patient"), 30): Tapped on element 'Object Repository/Patient Management/Add Patient/android.widget.TextView - add patient'

2023-08-17 09:49:58 - [MESSAGE][PASSED] - Tapped on element 'Object Repository/Patient Management/Add Patient/android.widget.TextView - add patient'

2023-08-17 09:49:58 - [TEST_STEP][PASSED] - setText(findTestObject("Object Repository/Patient Management/Add Patient/android.widget.EditText - First name"), "Test", 30): Text 'Test' has been set to element 'Object Repository/Patient Management/Add Patient/android.widget.EditText - First name'

2023-08-17 09:50:00 - [MESSAGE][PASSED] - Text 'Test' has been set to element 'Object Repository/Patient Management/Add Patient/android.widget.EditText - First name'

2023-08-17 09:50:00 - [TEST_STEP][PASSED] - setText(findTestObject("Object Repository/Patient Management/Add Patient/android.widget.EditText - Last name"), "lite", 30): Text 'lite' has been set to element 'Object Repository/Patient Management/Add Patient/android.widget.EditText - Last name'

2023-08-17 09:50:01 - [MESSAGE][PASSED] - Text 'lite' has been set to element 'Object Repository/Patient Management/Add Patient/android.widget.EditText - Last name'

2023-08-17 09:50:01 - [TEST_STEP][PASSED] - setText(findTestObject("Object Repository/Patient Management/Add Patient/android.widget.EditText - Date of birth (ddmmyyyy) (1)"), "09/12/2001", 30): Text '09/12/2001' has been set to element 'Object Repository/Patient Management/Add Patient/android.widget.EditText - Date of birth (ddmmyyyy) (1)'

2023-08-17 09:50:02 - [MESSAGE][PASSED] - Text '09/12/2001' has been set to element 'Object Repository/Patient Management/Add Patient/android.widget.EditText - Date of birth (ddmmyyyy) (1)'

2023-08-17 09:50:02 - [TEST_STEP][PASSED] - setText(findTestObject("Object Repository/Patient Management/Add Patient/android.widget.EditText - MRN"), "6766", 30): Text '6766' has been set to element 'Object Repository/Patient Management/Add Patient/android.widget.EditText - MRN'

2023-08-17 09:50:04 - [MESSAGE][PASSED] - Text '6766' has been set to element 'Object Repository/Patient Management/Add Patient/android.widget.EditText - MRN'

2023-08-17 09:50:04 - [TEST_STEP][PASSED] - tap(findTestObject("Object Repository/Patient Management/Add Patient/android.widget.TextView - Save"), 30): Tapped on element 'Object Repository/Patient Management/Add Patient/android.widget.TextView - Save'

2023-08-17 09:50:04 - [MESSAGE][PASSED] - Tapped on element 'Object Repository/Patient Management/Add Patient/android.widget.TextView - Save'

2023-08-17 09:50:04 - [TEST_STEP][PASSED] - verifyElementText(findTestObject("Object Repository/Patient Management/Add Patient/android.widget.TextView - Patient created successfully"), "Patient created successfully"): Actual text and expected text of test object 'Object Repository/Patient Management/Add Patient/android.widget.TextView - Patient created successfully' are matched.

2023-08-17 09:50:06 - [MESSAGE][PASSED] - Actual text and expected text of test object 'Object Repository/Patient Management/Add Patient/android.widget.TextView - Patient created successfully' are matched.

2023-08-17 09:50:06 - [TEST_STEP][PASSED] - tap(findTestObject("Object Repository/Patient Management/Add Patient/android.widget.Button - OK"), 30): Tapped on element 'Object Repository/Patient Management/Add Patient/android.widget.Button - OK'

2023-08-17 09:50:06 - [MESSAGE][PASSED] - Tapped on element 'Object Repository/Patient Management/Add Patient/android.widget.Button - OK'

2023-08-17 09:50:06 - [TEST_STEP][PASSED] - verifyElementText(findTestObject("Object Repository/Patient Management/Add Patient/android.widget.TextView - lite, Test"), "lite, Test"): Actual text and expected text of test object 'Object Repository/Patient Management/Add Patient/android.widget.TextView - lite, Test' are matched.

2023-08-17 09:50:08 - [MESSAGE][PASSED] - Actual text and expected text of test object 'Object Repository/Patient Management/Add Patient/android.widget.TextView - lite, Test' are matched.]]></system-out>
         <system-err><![CDATA[]]></system-err>
      </testcase>
      <testcase name="Test Cases/Patient Management/Search Patient" time="5.209" classname="Test Cases/Patient Management/Search Patient" status="PASSED">
         <system-out><![CDATA[2023-08-17 09:50:08 - [TEST_CASE][PASSED] - Test Cases/Patient Management/Search Patient: Test Cases/Patient Management/Search Patient

2023-08-17 09:50:08 - [TEST_STEP][PASSED] - setText(findTestObject("Object Repository/Patient Management/Search Patient/android.widget.EditText - Search by Name, MRN"), "987", 30): Text '987' has been set to element 'Object Repository/Patient Management/Search Patient/android.widget.EditText - Search by Name, MRN'

2023-08-17 09:50:10 - [MESSAGE][PASSED] - Text '987' has been set to element 'Object Repository/Patient Management/Search Patient/android.widget.EditText - Search by Name, MRN'

2023-08-17 09:50:10 - [TEST_STEP][PASSED] - tap(findTestObject("Object Repository/Patient Management/Search Patient/android.view.ViewGroup"), 30): Tapped on element 'Object Repository/Patient Management/Search Patient/android.view.ViewGroup'

2023-08-17 09:50:11 - [MESSAGE][PASSED] - Tapped on element 'Object Repository/Patient Management/Search Patient/android.view.ViewGroup'

2023-08-17 09:50:11 - [TEST_STEP][PASSED] - tap(findTestObject("Object Repository/Patient Management/Search Patient/android.widget.TextView - Current site"), 30): Tapped on element 'Object Repository/Patient Management/Search Patient/android.widget.TextView - Current site'

2023-08-17 09:50:12 - [MESSAGE][PASSED] - Tapped on element 'Object Repository/Patient Management/Search Patient/android.widget.TextView - Current site'

2023-08-17 09:50:12 - [TEST_STEP][PASSED] - verifyElementExist(findTestObject("Object Repository/Patient Management/Search Patient/android.view.ViewGroup (1)"), 30): Element 'Object Repository/Patient Management/Search Patient/android.view.ViewGroup (1)' is exist

2023-08-17 09:50:13 - [MESSAGE][PASSED] - Element 'Object Repository/Patient Management/Search Patient/android.view.ViewGroup (1)' is exist]]></system-out>
         <system-err><![CDATA[]]></system-err>
      </testcase>
      <testcase name="Test Cases/Patient Management/Edit Patient" time="14.291" classname="Test Cases/Patient Management/Edit Patient" status="PASSED">
         <system-out><![CDATA[2023-08-17 09:50:13 - [TEST_CASE][PASSED] - Test Cases/Patient Management/Edit Patient: Test Cases/Patient Management/Edit Patient

2023-08-17 09:50:14 - [TEST_STEP][PASSED] - tap(findTestObject("Object Repository/Patient Management/Edit Patient/android.view.ViewGroup (1)"), 30): Tapped on element 'Object Repository/Patient Management/Edit Patient/android.view.ViewGroup (1)'

2023-08-17 09:50:14 - [MESSAGE][PASSED] - Tapped on element 'Object Repository/Patient Management/Edit Patient/android.view.ViewGroup (1)'

2023-08-17 09:50:14 - [TEST_STEP][PASSED] - tap(findTestObject("Object Repository/Patient Management/Edit Patient/android.widget.ImageView"), 30): Tapped on element 'Object Repository/Patient Management/Edit Patient/android.widget.ImageView'

2023-08-17 09:50:16 - [MESSAGE][PASSED] - Tapped on element 'Object Repository/Patient Management/Edit Patient/android.widget.ImageView'

2023-08-17 09:50:16 - [TEST_STEP][PASSED] - tap(findTestObject("Object Repository/Patient Management/Edit Patient/android.widget.TextView - Edit patient"), 30): Tapped on element 'Object Repository/Patient Management/Edit Patient/android.widget.TextView - Edit patient'

2023-08-17 09:50:17 - [MESSAGE][PASSED] - Tapped on element 'Object Repository/Patient Management/Edit Patient/android.widget.TextView - Edit patient'

2023-08-17 09:50:17 - [TEST_STEP][PASSED] - setText(findTestObject("Object Repository/Patient Management/Edit Patient/android.widget.EditText - First Name"), "Editt", 30): Text 'Editt' has been set to element 'Object Repository/Patient Management/Edit Patient/android.widget.EditText - First Name'

2023-08-17 09:50:19 - [MESSAGE][PASSED] - Text 'Editt' has been set to element 'Object Repository/Patient Management/Edit Patient/android.widget.EditText - First Name'

2023-08-17 09:50:19 - [TEST_STEP][PASSED] - setText(findTestObject("Object Repository/Patient Management/Edit Patient/android.widget.EditText - Last Name"), "Litee", 30): Text 'Litee' has been set to element 'Object Repository/Patient Management/Edit Patient/android.widget.EditText - Last Name'

2023-08-17 09:50:21 - [MESSAGE][PASSED] - Text 'Litee' has been set to element 'Object Repository/Patient Management/Edit Patient/android.widget.EditText - Last Name'

2023-08-17 09:50:21 - [TEST_STEP][PASSED] - setText(findTestObject("Object Repository/Patient Management/Edit Patient/android.widget.EditText - DOB"), "09/07/2001", 30): Text '09/07/2001' has been set to element 'Object Repository/Patient Management/Edit Patient/android.widget.EditText - DOB'

2023-08-17 09:50:22 - [MESSAGE][PASSED] - Text '09/07/2001' has been set to element 'Object Repository/Patient Management/Edit Patient/android.widget.EditText - DOB'

2023-08-17 09:50:22 - [TEST_STEP][PASSED] - verifyElementAttributeValue(findTestObject("Patient Management/Edit Patient/android.widget.EditText - MRN"), "enabled", "false", 30, STOP_ON_FAILURE): Object 'Object Repository/Patient Management/Edit Patient/android.widget.EditText - MRN' has attribute 'enabled' with value 'false'

2023-08-17 09:50:23 - [MESSAGE][PASSED] - Object 'Object Repository/Patient Management/Edit Patient/android.widget.EditText - MRN' has attribute 'enabled' with value 'false'

2023-08-17 09:50:23 - [TEST_STEP][PASSED] - tap(findTestObject("Object Repository/Patient Management/Edit Patient/android.widget.TextView - Save"), 30): Tapped on element 'Object Repository/Patient Management/Edit Patient/android.widget.TextView - Save'

2023-08-17 09:50:24 - [MESSAGE][PASSED] - Tapped on element 'Object Repository/Patient Management/Edit Patient/android.widget.TextView - Save'

2023-08-17 09:50:24 - [TEST_STEP][PASSED] - verifyElementText(findTestObject("Object Repository/Patient Management/Edit Patient/android.widget.TextView - Patient updated successfully"), "Patient updated successfully."): Actual text and expected text of test object 'Object Repository/Patient Management/Edit Patient/android.widget.TextView - Patient updated successfully' are matched.

2023-08-17 09:50:25 - [MESSAGE][PASSED] - Actual text and expected text of test object 'Object Repository/Patient Management/Edit Patient/android.widget.TextView - Patient updated successfully' are matched.

2023-08-17 09:50:25 - [TEST_STEP][PASSED] - tap(findTestObject("Object Repository/Patient Management/Edit Patient/android.widget.Button - OK"), 30): Tapped on element 'Object Repository/Patient Management/Edit Patient/android.widget.Button - OK'

2023-08-17 09:50:26 - [MESSAGE][PASSED] - Tapped on element 'Object Repository/Patient Management/Edit Patient/android.widget.Button - OK'

2023-08-17 09:50:26 - [TEST_STEP][PASSED] - pressBack(): Press back button successfully

2023-08-17 09:50:26 - [MESSAGE][PASSED] - Press back button successfully

2023-08-17 09:50:26 - [TEST_STEP][PASSED] - tap(findTestObject("Object Repository/Patient Management/Edit Patient/android.widget.ImageView - x"), 30): Tapped on element 'Object Repository/Patient Management/Edit Patient/android.widget.ImageView - x'

2023-08-17 09:50:27 - [MESSAGE][PASSED] - Tapped on element 'Object Repository/Patient Management/Edit Patient/android.widget.ImageView - x']]></system-out>
         <system-err><![CDATA[]]></system-err>
      </testcase>
      <testcase name="Test Cases/Patient Management/Freeze Patient" time="11.652" classname="Test Cases/Patient Management/Freeze Patient" status="PASSED">
         <system-out><![CDATA[2023-08-17 09:50:27 - [TEST_CASE][PASSED] - Test Cases/Patient Management/Freeze Patient: Test Cases/Patient Management/Freeze Patient

2023-08-17 09:50:28 - [TEST_STEP][PASSED] - setText(findTestObject("Object Repository/Patient Management/Freeze Patient/android.widget.EditText - Search by Name, MRN"), "6767", 30): Text '6767' has been set to element 'Object Repository/Patient Management/Freeze Patient/android.widget.EditText - Search by Name, MRN'

2023-08-17 09:50:29 - [MESSAGE][PASSED] - Text '6767' has been set to element 'Object Repository/Patient Management/Freeze Patient/android.widget.EditText - Search by Name, MRN'

2023-08-17 09:50:29 - [TEST_STEP][PASSED] - tap(findTestObject("Object Repository/Patient Management/Freeze Patient/android.view.ViewGroup"), 30): Tapped on element 'Object Repository/Patient Management/Freeze Patient/android.view.ViewGroup'

2023-08-17 09:50:30 - [MESSAGE][PASSED] - Tapped on element 'Object Repository/Patient Management/Freeze Patient/android.view.ViewGroup'

2023-08-17 09:50:30 - [TEST_STEP][PASSED] - tap(findTestObject("Object Repository/Patient Management/Freeze Patient/android.widget.TextView - Current site"), 30): Tapped on element 'Object Repository/Patient Management/Freeze Patient/android.widget.TextView - Current site'

2023-08-17 09:50:31 - [MESSAGE][PASSED] - Tapped on element 'Object Repository/Patient Management/Freeze Patient/android.widget.TextView - Current site'

2023-08-17 09:50:31 - [TEST_STEP][PASSED] - tap(findTestObject("Object Repository/Patient Management/Freeze Patient/android.view.ViewGroup (1)"), 30): Tapped on element 'Object Repository/Patient Management/Freeze Patient/android.view.ViewGroup (1)'

2023-08-17 09:50:32 - [MESSAGE][PASSED] - Tapped on element 'Object Repository/Patient Management/Freeze Patient/android.view.ViewGroup (1)'

2023-08-17 09:50:32 - [TEST_STEP][PASSED] - tap(findTestObject("Patient Management/Freeze Patient/android.widget.ImageView - menu"), 30): Tapped on element 'Object Repository/Patient Management/Freeze Patient/android.widget.ImageView - menu'

2023-08-17 09:50:34 - [MESSAGE][PASSED] - Tapped on element 'Object Repository/Patient Management/Freeze Patient/android.widget.ImageView - menu'

2023-08-17 09:50:34 - [TEST_STEP][PASSED] - tap(findTestObject("Object Repository/Patient Management/Freeze Patient/android.widget.TextView - Freeze patient"), 30): Tapped on element 'Object Repository/Patient Management/Freeze Patient/android.widget.TextView - Freeze patient'

2023-08-17 09:50:35 - [MESSAGE][PASSED] - Tapped on element 'Object Repository/Patient Management/Freeze Patient/android.widget.TextView - Freeze patient'

2023-08-17 09:50:35 - [TEST_STEP][PASSED] - verifyElementText(findTestObject("Object Repository/Patient Management/Freeze Patient/android.widget.TextView - Change patient status to Inactive"), "Change patient status to Inactive ?"): Actual text and expected text of test object 'Object Repository/Patient Management/Freeze Patient/android.widget.TextView - Change patient status to Inactive' are matched.

2023-08-17 09:50:36 - [MESSAGE][PASSED] - Actual text and expected text of test object 'Object Repository/Patient Management/Freeze Patient/android.widget.TextView - Change patient status to Inactive' are matched.

2023-08-17 09:50:36 - [TEST_STEP][PASSED] - tap(findTestObject("Object Repository/Patient Management/Freeze Patient/android.widget.TextView - Confirm"), 30): Tapped on element 'Object Repository/Patient Management/Freeze Patient/android.widget.TextView - Confirm'

2023-08-17 09:50:36 - [MESSAGE][PASSED] - Tapped on element 'Object Repository/Patient Management/Freeze Patient/android.widget.TextView - Confirm'

2023-08-17 09:50:36 - [TEST_STEP][PASSED] - verifyElementText(findTestObject("Object Repository/Patient Management/Freeze Patient/android.widget.TextView - Patient Inactive"), "Patient Inactive"): Actual text and expected text of test object 'Object Repository/Patient Management/Freeze Patient/android.widget.TextView - Patient Inactive' are matched.

2023-08-17 09:50:39 - [MESSAGE][PASSED] - Actual text and expected text of test object 'Object Repository/Patient Management/Freeze Patient/android.widget.TextView - Patient Inactive' are matched.

2023-08-17 09:50:39 - [TEST_STEP][PASSED] - tap(findTestObject("Object Repository/Patient Management/Freeze Patient/android.widget.ImageView (1)"), 30): Tapped on element 'Object Repository/Patient Management/Freeze Patient/android.widget.ImageView (1)'

2023-08-17 09:50:39 - [MESSAGE][PASSED] - Tapped on element 'Object Repository/Patient Management/Freeze Patient/android.widget.ImageView (1)']]></system-out>
         <system-err><![CDATA[]]></system-err>
      </testcase>
      <testcase name="Test Cases/Patient Management/Filter Patient" time="5.501" classname="Test Cases/Patient Management/Filter Patient" status="PASSED">
         <system-out><![CDATA[2023-08-17 09:50:39 - [TEST_CASE][PASSED] - Test Cases/Patient Management/Filter Patient: Test Cases/Patient Management/Filter Patient

2023-08-17 09:50:40 - [TEST_STEP][PASSED] - tap(findTestObject("Object Repository/Patient Management/Filter Patient/android.widget.ImageView - filter"), 30): Tapped on element 'Object Repository/Patient Management/Filter Patient/android.widget.ImageView - filter'

2023-08-17 09:50:40 - [MESSAGE][PASSED] - Tapped on element 'Object Repository/Patient Management/Filter Patient/android.widget.ImageView - filter'

2023-08-17 09:50:40 - [TEST_STEP][PASSED] - tap(findTestObject("Object Repository/Patient Management/Filter Patient/android.widget.Switch - ON"), 30): Tapped on element 'Object Repository/Patient Management/Filter Patient/android.widget.Switch - ON'

2023-08-17 09:50:41 - [MESSAGE][PASSED] - Tapped on element 'Object Repository/Patient Management/Filter Patient/android.widget.Switch - ON'

2023-08-17 09:50:41 - [TEST_STEP][PASSED] - tap(findTestObject("Object Repository/Patient Management/Filter Patient/android.widget.TextView - Apply"), 30): Tapped on element 'Object Repository/Patient Management/Filter Patient/android.widget.TextView - Apply'

2023-08-17 09:50:42 - [MESSAGE][PASSED] - Tapped on element 'Object Repository/Patient Management/Filter Patient/android.widget.TextView - Apply'

2023-08-17 09:50:42 - [TEST_STEP][PASSED] - verifyElementText(findTestObject("Object Repository/Patient Management/Filter Patient/android.widget.TextView - Patient Inactive"), "Patient Inactive"): Actual text and expected text of test object 'Object Repository/Patient Management/Filter Patient/android.widget.TextView - Patient Inactive' are matched.

2023-08-17 09:50:44 - [MESSAGE][PASSED] - Actual text and expected text of test object 'Object Repository/Patient Management/Filter Patient/android.widget.TextView - Patient Inactive' are matched.]]></system-out>
         <system-err><![CDATA[]]></system-err>
      </testcase>
      <testcase name="Test Cases/Patient Management/Unfreeze Patient" time="43.552" classname="Test Cases/Patient Management/Unfreeze Patient" status="PASSED">
         <system-out><![CDATA[2023-08-17 09:50:44 - [TEST_CASE][PASSED] - Test Cases/Patient Management/Unfreeze Patient: Test Cases/Patient Management/Unfreeze Patient

2023-08-17 09:50:45 - [TEST_STEP][PASSED] - delay(30): Delayed 30 second(s)

2023-08-17 09:51:15 - [MESSAGE][PASSED] - Delayed 30 second(s)

2023-08-17 09:51:15 - [TEST_STEP][PASSED] - setText(findTestObject("Object Repository/Patient Management/Unfreeze Patient/android.widget.EditText - Search by Name, MRN"), "6768", 30): Text '6768' has been set to element 'Object Repository/Patient Management/Unfreeze Patient/android.widget.EditText - Search by Name, MRN'

2023-08-17 09:51:16 - [MESSAGE][PASSED] - Text '6768' has been set to element 'Object Repository/Patient Management/Unfreeze Patient/android.widget.EditText - Search by Name, MRN'

2023-08-17 09:51:16 - [TEST_STEP][PASSED] - tap(findTestObject("Object Repository/Patient Management/Unfreeze Patient/android.widget.TextView - Current site"), 30): Tapped on element 'Object Repository/Patient Management/Unfreeze Patient/android.widget.TextView - Current site'

2023-08-17 09:51:17 - [MESSAGE][PASSED] - Tapped on element 'Object Repository/Patient Management/Unfreeze Patient/android.widget.TextView - Current site'

2023-08-17 09:51:17 - [TEST_STEP][PASSED] - tap(findTestObject("Object Repository/Patient Management/Unfreeze Patient/android.widget.TextView - Current site (1)"), 30): Tapped on element 'Object Repository/Patient Management/Unfreeze Patient/android.widget.TextView - Current site (1)'

2023-08-17 09:51:18 - [MESSAGE][PASSED] - Tapped on element 'Object Repository/Patient Management/Unfreeze Patient/android.widget.TextView - Current site (1)'

2023-08-17 09:51:18 - [TEST_STEP][PASSED] - tap(findTestObject("Object Repository/Patient Management/Unfreeze Patient/android.view.ViewGroup"), 30): Tapped on element 'Object Repository/Patient Management/Unfreeze Patient/android.view.ViewGroup'

2023-08-17 09:51:19 - [MESSAGE][PASSED] - Tapped on element 'Object Repository/Patient Management/Unfreeze Patient/android.view.ViewGroup'

2023-08-17 09:51:19 - [TEST_STEP][PASSED] - tap(findTestObject("Object Repository/Patient Management/Unfreeze Patient/android.widget.ImageView"), 30): Tapped on element 'Object Repository/Patient Management/Unfreeze Patient/android.widget.ImageView'

2023-08-17 09:51:21 - [MESSAGE][PASSED] - Tapped on element 'Object Repository/Patient Management/Unfreeze Patient/android.widget.ImageView'

2023-08-17 09:51:21 - [TEST_STEP][PASSED] - tap(findTestObject("Object Repository/Patient Management/Unfreeze Patient/android.widget.TextView - UnFreeze patient"), 30): Tapped on element 'Object Repository/Patient Management/Unfreeze Patient/android.widget.TextView - UnFreeze patient'

2023-08-17 09:51:22 - [MESSAGE][PASSED] - Tapped on element 'Object Repository/Patient Management/Unfreeze Patient/android.widget.TextView - UnFreeze patient'

2023-08-17 09:51:22 - [TEST_STEP][PASSED] - verifyElementText(findTestObject("Object Repository/Patient Management/Unfreeze Patient/android.widget.TextView - Change patient status to Active"), "Change patient status to Active ?"): Actual text and expected text of test object 'Object Repository/Patient Management/Unfreeze Patient/android.widget.TextView - Change patient status to Active' are matched.

2023-08-17 09:51:23 - [MESSAGE][PASSED] - Actual text and expected text of test object 'Object Repository/Patient Management/Unfreeze Patient/android.widget.TextView - Change patient status to Active' are matched.

2023-08-17 09:51:23 - [TEST_STEP][PASSED] - tap(findTestObject("Object Repository/Patient Management/Unfreeze Patient/android.widget.TextView - Confirm"), 30): Tapped on element 'Object Repository/Patient Management/Unfreeze Patient/android.widget.TextView - Confirm'

2023-08-17 09:51:23 - [MESSAGE][PASSED] - Tapped on element 'Object Repository/Patient Management/Unfreeze Patient/android.widget.TextView - Confirm'

2023-08-17 09:51:23 - [TEST_STEP][PASSED] - verifyElementText(findTestObject("Object Repository/Patient Management/Unfreeze Patient/android.widget.TextView - No Consent"), "No Consent"): Actual text and expected text of test object 'Object Repository/Patient Management/Unfreeze Patient/android.widget.TextView - No Consent' are matched.

2023-08-17 09:51:26 - [MESSAGE][PASSED] - Actual text and expected text of test object 'Object Repository/Patient Management/Unfreeze Patient/android.widget.TextView - No Consent' are matched.

2023-08-17 09:51:26 - [TEST_STEP][PASSED] - tap(findTestObject("Object Repository/Patient Management/Unfreeze Patient/android.widget.ImageView (1)"), 30): Tapped on element 'Object Repository/Patient Management/Unfreeze Patient/android.widget.ImageView (1)'

2023-08-17 09:51:26 - [MESSAGE][PASSED] - Tapped on element 'Object Repository/Patient Management/Unfreeze Patient/android.widget.ImageView (1)'

2023-08-17 09:51:26 - [TEST_STEP][PASSED] - tap(findTestObject("Object Repository/Patient Management/Unfreeze Patient/android.widget.ImageView (2)"), 30): Tapped on element 'Object Repository/Patient Management/Unfreeze Patient/android.widget.ImageView (2)'

2023-08-17 09:51:28 - [MESSAGE][PASSED] - Tapped on element 'Object Repository/Patient Management/Unfreeze Patient/android.widget.ImageView (2)']]></system-out>
         <system-err><![CDATA[]]></system-err>
      </testcase>
      <testcase name="Test Cases/Patient Management/Delete Patient" time="9.87" classname="Test Cases/Patient Management/Delete Patient" status="PASSED">
         <system-out><![CDATA[2023-08-17 09:51:28 - [TEST_CASE][PASSED] - Test Cases/Patient Management/Delete Patient: Test Cases/Patient Management/Delete Patient

2023-08-17 09:51:29 - [TEST_STEP][PASSED] - setText(findTestObject("Object Repository/Patient Management/Delete Patient/android.widget.EditText - Search by Name, MRN"), "6766", 30): Text '6766' has been set to element 'Object Repository/Patient Management/Delete Patient/android.widget.EditText - Search by Name, MRN'

2023-08-17 09:51:30 - [MESSAGE][PASSED] - Text '6766' has been set to element 'Object Repository/Patient Management/Delete Patient/android.widget.EditText - Search by Name, MRN'

2023-08-17 09:51:30 - [TEST_STEP][PASSED] - tap(findTestObject("Object Repository/Patient Management/Delete Patient/android.view.ViewGroup"), 30): Tapped on element 'Object Repository/Patient Management/Delete Patient/android.view.ViewGroup'

2023-08-17 09:51:30 - [MESSAGE][PASSED] - Tapped on element 'Object Repository/Patient Management/Delete Patient/android.view.ViewGroup'

2023-08-17 09:51:30 - [TEST_STEP][PASSED] - tap(findTestObject("Object Repository/Patient Management/Delete Patient/android.widget.TextView - Current site"), 30): Tapped on element 'Object Repository/Patient Management/Delete Patient/android.widget.TextView - Current site'

2023-08-17 09:51:31 - [MESSAGE][PASSED] - Tapped on element 'Object Repository/Patient Management/Delete Patient/android.widget.TextView - Current site'

2023-08-17 09:51:31 - [TEST_STEP][PASSED] - tap(findTestObject("Object Repository/Patient Management/Delete Patient/android.view.ViewGroup (1)"), 30): Tapped on element 'Object Repository/Patient Management/Delete Patient/android.view.ViewGroup (1)'

2023-08-17 09:51:32 - [MESSAGE][PASSED] - Tapped on element 'Object Repository/Patient Management/Delete Patient/android.view.ViewGroup (1)'

2023-08-17 09:51:32 - [TEST_STEP][PASSED] - tap(findTestObject("Object Repository/Patient Management/Delete Patient/android.widget.ImageView"), 30): Tapped on element 'Object Repository/Patient Management/Delete Patient/android.widget.ImageView'

2023-08-17 09:51:34 - [MESSAGE][PASSED] - Tapped on element 'Object Repository/Patient Management/Delete Patient/android.widget.ImageView'

2023-08-17 09:51:34 - [TEST_STEP][PASSED] - tap(findTestObject("Object Repository/Patient Management/Delete Patient/android.widget.TextView - Delete patient"), 30): Tapped on element 'Object Repository/Patient Management/Delete Patient/android.widget.TextView - Delete patient'

2023-08-17 09:51:35 - [MESSAGE][PASSED] - Tapped on element 'Object Repository/Patient Management/Delete Patient/android.widget.TextView - Delete patient'

2023-08-17 09:51:35 - [TEST_STEP][PASSED] - verifyElementText(findTestObject("Object Repository/Patient Management/Delete Patient/android.widget.TextView - Delete the selected patient The patient will be removed from the directory if deleted"), "Delete the selected patient? The patient will be removed from the directory if deleted"): Actual text and expected text of test object 'Object Repository/Patient Management/Delete Patient/android.widget.TextView - Delete the selected patient The patient will be removed from the directory if deleted' are matched.

2023-08-17 09:51:36 - [MESSAGE][PASSED] - Actual text and expected text of test object 'Object Repository/Patient Management/Delete Patient/android.widget.TextView - Delete the selected patient The patient will be removed from the directory if deleted' are matched.

2023-08-17 09:51:36 - [TEST_STEP][PASSED] - tap(findTestObject("Object Repository/Patient Management/Delete Patient/android.widget.Button - CONFIRM"), 30): Tapped on element 'Object Repository/Patient Management/Delete Patient/android.widget.Button - CONFIRM'

2023-08-17 09:51:37 - [MESSAGE][PASSED] - Tapped on element 'Object Repository/Patient Management/Delete Patient/android.widget.Button - CONFIRM'

2023-08-17 09:51:37 - [TEST_STEP][PASSED] - verifyElementExist(findTestObject("Object Repository/Patient Management/Delete Patient/android.widget.TextView - No content found"), 30): Element 'Object Repository/Patient Management/Delete Patient/android.widget.TextView - No content found' is exist

2023-08-17 09:51:38 - [MESSAGE][PASSED] - Element 'Object Repository/Patient Management/Delete Patient/android.widget.TextView - No content found' is exist]]></system-out>
         <system-err><![CDATA[]]></system-err>
      </testcase>
      <system-out><![CDATA[2023-08-17 09:49:07 - [TEST_SUITE][PASSED] - Patient Management: Test Cases/Patient Management/Delete Patient]]></system-out>
      <system-err><![CDATA[]]></system-err>
   </testsuite>
</testsuites>
