<?xml version="1.0" encoding="UTF-8"?>
<testsuites name="Wound Assessment" time="290.325" tests="4" failures="0" errors="0">
   <testsuite name="Wound Assessment" tests="4" failures="0" errors="0" time="290.325" skipped="0" timestamp="2023-08-15 11:56:54" hostname="Amarir - DESKTOP-EE3F8H4" id="Test Suites/Wound Assessment">
      <properties>
         <property name="deviceName" value="samsung SM-N975F (Android 12)"/>
         <property name="devicePlatform" value=""/>
         <property name="logFolder" value="C:\\Users\\Amarir\\git\\IS_Katalon_Lite_Version\\Reports\\20230815_115613\\Wound Assessment\\20230815_115613"/>
         <property name="logFiles" value="C:\\Users\\Amarir\\git\\IS_Katalon_Lite_Version\\Reports\\20230815_115613\\Wound Assessment\\20230815_115613\\appium.log, C:\\Users\\Amarir\\git\\IS_Katalon_Lite_Version\\Reports\\20230815_115613\\Wound Assessment\\20230815_115613\\execution0.log"/>
         <property name="attachments" value="C:\\Users\\Amarir\\git\\IS_Katalon_Lite_Version\\Reports\\20230815_115613\\Wound Assessment\\20230815_115613\\1692100860422.png"/>
         <property name="hostName" value="Amarir - DESKTOP-EE3F8H4"/>
         <property name="os" value="Windows 10 64bit"/>
         <property name="appiumServerStatus" value="{&quot;value&quot;:{&quot;build&quot;:{&quot;version&quot;:&quot;1.22.0&quot;}},&quot;sessionId&quot;:null,&quot;status&quot;:0}"/>
         <property name="katalonVersion" value="8.6.0.208"/>
         <property name="deviceOS" value="Android"/>
         <property name="appiumVersion" value="1.22.0"/>
         <property name="deviceModel" value="SM-N975F"/>
         <property name="hostAddress" value="192.168.234.1"/>
         <property name="deviceManufacturer" value="samsung"/>
         <property name="deviceId" value="RF8N307NKZV"/>
         <property name="deviceName" value="samsung SM-N975F (Android 12)"/>
         <property name="deviceOSVersion" value="12"/>
      </properties>
      <testcase name="Test Cases/User Managemenet/Login" time="125.087" classname="Test Cases/User Managemenet/Login" status="PASSED">
         <system-out><![CDATA[2023-08-15 11:56:58 - [TEST_CASE][PASSED] - Test Cases/User Managemenet/Login: Test Cases/User Managemenet/Login

2023-08-15 11:57:03 - [TEST_STEP][PASSED] - startApplication(APK, false): Started app at: 'C:\Users\Amarir\Downloads\APK\IS\IS_Prod_2.1.apk'

2023-08-15 11:57:14 - [MESSAGE][INFO] - Detected NodeJS location: "C:\Program Files\nodejs\node.exe"

2023-08-15 11:57:38 - [MESSAGE][INFO] - Appium server started on port 55,577

2023-08-15 11:58:48 - [MESSAGE][PASSED] - Started app at: 'C:\Users\Amarir\Downloads\APK\IS\IS_Prod_2.1.apk'

2023-08-15 11:58:48 - [TEST_STEP][PASSED] - setText(findTestObject("User Management/Login/android.widget.EditText - username"), LoginCreds.get("username"), 30): Text 'safakata' has been set to element 'Object Repository/User Management/Login/android.widget.EditText - username'

2023-08-15 11:58:52 - [MESSAGE][PASSED] - Text 'safakata' has been set to element 'Object Repository/User Management/Login/android.widget.EditText - username'

2023-08-15 11:58:52 - [TEST_STEP][PASSED] - setText(findTestObject("User Management/Login/android.widget.EditText - password"), LoginCreds.get("password"), 30): Text 'eKare123@' has been set to element 'Object Repository/User Management/Login/android.widget.EditText - password'

2023-08-15 11:58:53 - [MESSAGE][PASSED] - Text 'eKare123@' has been set to element 'Object Repository/User Management/Login/android.widget.EditText - password'

2023-08-15 11:58:53 - [TEST_STEP][PASSED] - tap(findTestObject("User Management/Login/android.view.ViewGroup - sign in"), 30): Tapped on element 'Object Repository/User Management/Login/android.view.ViewGroup - sign in'

2023-08-15 11:58:54 - [MESSAGE][PASSED] - Tapped on element 'Object Repository/User Management/Login/android.view.ViewGroup - sign in'

2023-08-15 11:58:54 - [TEST_STEP][PASSED] - tap(findTestObject("Object Repository/User Management/Login/android.widget.TextView - Katalon"), 30): Tapped on element 'Object Repository/User Management/Login/android.widget.TextView - Katalon'

2023-08-15 11:58:56 - [MESSAGE][PASSED] - Tapped on element 'Object Repository/User Management/Login/android.widget.TextView - Katalon'

2023-08-15 11:58:56 - [TEST_STEP][PASSED] - delay(2, STOP_ON_FAILURE): Delayed 2 second(s)

2023-08-15 11:58:59 - [MESSAGE][PASSED] - Delayed 2 second(s)

2023-08-15 11:58:59 - [TEST_STEP][PASSED] - verifyElementExist(findTestObject("Object Repository/User Management/Login/android.widget.TextView - Patient Directory"), 30): Element 'Object Repository/User Management/Login/android.widget.TextView - Patient Directory' is exist

2023-08-15 11:59:03 - [MESSAGE][PASSED] - Element 'Object Repository/User Management/Login/android.widget.TextView - Patient Directory' is exist]]></system-out>
         <system-err><![CDATA[]]></system-err>
      </testcase>
      <testcase name="Test Cases/Wound Assessment/Add Assessment" time="47.17" classname="Test Cases/Wound Assessment/Add Assessment" status="PASSED">
         <system-out><![CDATA[2023-08-15 11:59:03 - [TEST_CASE][PASSED] - Test Cases/Wound Assessment/Add Assessment: Test Cases/Wound Assessment/Add Assessment

2023-08-15 11:59:06 - [TEST_STEP][PASSED] - setText(findTestObject("Object Repository/Wound Assessment/Add Assessment/android.widget.EditText - Search by Name, MRN"), "21ui", 30): Text '21ui' has been set to element 'Object Repository/Wound Assessment/Add Assessment/android.widget.EditText - Search by Name, MRN'

2023-08-15 11:59:08 - [MESSAGE][PASSED] - Text '21ui' has been set to element 'Object Repository/Wound Assessment/Add Assessment/android.widget.EditText - Search by Name, MRN'

2023-08-15 11:59:08 - [TEST_STEP][PASSED] - tap(findTestObject("Object Repository/Wound Assessment/Add Assessment/android.widget.TextView - Current site"), 30): Tapped on element 'Object Repository/Wound Assessment/Add Assessment/android.widget.TextView - Current site'

2023-08-15 11:59:10 - [MESSAGE][PASSED] - Tapped on element 'Object Repository/Wound Assessment/Add Assessment/android.widget.TextView - Current site'

2023-08-15 11:59:10 - [TEST_STEP][PASSED] - tap(findTestObject("Object Repository/Wound Assessment/Add Assessment/android.widget.TextView - Current site (1)"), 30): Tapped on element 'Object Repository/Wound Assessment/Add Assessment/android.widget.TextView - Current site (1)'

2023-08-15 11:59:12 - [MESSAGE][PASSED] - Tapped on element 'Object Repository/Wound Assessment/Add Assessment/android.widget.TextView - Current site (1)'

2023-08-15 11:59:12 - [TEST_STEP][PASSED] - verifyElementExist(findTestObject("Object Repository/Wound Assessment/Add Assessment/android.view.ViewGroup - Patient"), 30): Element 'Object Repository/Wound Assessment/Add Assessment/android.view.ViewGroup - Patient' is exist

2023-08-15 11:59:13 - [MESSAGE][PASSED] - Element 'Object Repository/Wound Assessment/Add Assessment/android.view.ViewGroup - Patient' is exist

2023-08-15 11:59:13 - [TEST_STEP][PASSED] - tap(findTestObject("Object Repository/Wound Assessment/Add Assessment/android.view.ViewGroup - Patient"), 30): Tapped on element 'Object Repository/Wound Assessment/Add Assessment/android.view.ViewGroup - Patient'

2023-08-15 11:59:14 - [MESSAGE][PASSED] - Tapped on element 'Object Repository/Wound Assessment/Add Assessment/android.view.ViewGroup - Patient'

2023-08-15 11:59:14 - [TEST_STEP][PASSED] - verifyElementExist(findTestObject("Object Repository/Wound Assessment/Add Assessment/android.view.ViewGroup - Wound"), 30): Element 'Object Repository/Wound Assessment/Add Assessment/android.view.ViewGroup - Wound' is exist

2023-08-15 11:59:16 - [MESSAGE][PASSED] - Element 'Object Repository/Wound Assessment/Add Assessment/android.view.ViewGroup - Wound' is exist

2023-08-15 11:59:16 - [TEST_STEP][PASSED] - tap(findTestObject("Object Repository/Wound Assessment/Add Assessment/android.view.ViewGroup - Wound"), 30): Tapped on element 'Object Repository/Wound Assessment/Add Assessment/android.view.ViewGroup - Wound'

2023-08-15 11:59:17 - [MESSAGE][PASSED] - Tapped on element 'Object Repository/Wound Assessment/Add Assessment/android.view.ViewGroup - Wound'

2023-08-15 11:59:17 - [TEST_STEP][PASSED] - tap(findTestObject("Data Preparation/Wound Assessment/android.view.ViewGroup - Assessment"), 30): Tapped on element 'Object Repository/Data Preparation/Wound Assessment/android.view.ViewGroup - Assessment'

2023-08-15 11:59:21 - [MESSAGE][PASSED] - Tapped on element 'Object Repository/Data Preparation/Wound Assessment/android.view.ViewGroup - Assessment'

2023-08-15 11:59:21 - [TEST_STEP][PASSED] - verifyElementExist(findTestObject("Object Repository/Wound Assessment/Add Assessment/android.widget.ImageView - add Assessement"), 30): Element 'Object Repository/Wound Assessment/Add Assessment/android.widget.ImageView - add Assessement' is exist

2023-08-15 11:59:23 - [MESSAGE][PASSED] - Element 'Object Repository/Wound Assessment/Add Assessment/android.widget.ImageView - add Assessement' is exist

2023-08-15 11:59:23 - [TEST_STEP][PASSED] - tap(findTestObject("Object Repository/Wound Assessment/Add Assessment/android.widget.ImageView - add Assessement"), 30): Tapped on element 'Object Repository/Wound Assessment/Add Assessment/android.widget.ImageView - add Assessement'

2023-08-15 11:59:24 - [MESSAGE][PASSED] - Tapped on element 'Object Repository/Wound Assessment/Add Assessment/android.widget.ImageView - add Assessement'

2023-08-15 11:59:24 - [TEST_STEP][PASSED] - tap(findTestObject("Object Repository/Wound Assessment/Add Assessment/android.widget.TextView - WOUND EDGE"), 30): Tapped on element 'Object Repository/Wound Assessment/Add Assessment/android.widget.TextView - WOUND EDGE'

2023-08-15 11:59:25 - [MESSAGE][PASSED] - Tapped on element 'Object Repository/Wound Assessment/Add Assessment/android.widget.TextView - WOUND EDGE'

2023-08-15 11:59:25 - [TEST_STEP][PASSED] - tap(findTestObject("Object Repository/Wound Assessment/Add Assessment/android.widget.TextView - Rolled"), 30): Tapped on element 'Object Repository/Wound Assessment/Add Assessment/android.widget.TextView - Rolled'

2023-08-15 11:59:26 - [MESSAGE][PASSED] - Tapped on element 'Object Repository/Wound Assessment/Add Assessment/android.widget.TextView - Rolled'

2023-08-15 11:59:26 - [TEST_STEP][PASSED] - tap(findTestObject("Object Repository/Wound Assessment/Add Assessment/android.widget.TextView - PERI WOUND SKIN"), 30): Tapped on element 'Object Repository/Wound Assessment/Add Assessment/android.widget.TextView - PERI WOUND SKIN'

2023-08-15 11:59:27 - [MESSAGE][PASSED] - Tapped on element 'Object Repository/Wound Assessment/Add Assessment/android.widget.TextView - PERI WOUND SKIN'

2023-08-15 11:59:27 - [TEST_STEP][PASSED] - tap(findTestObject("Object Repository/Wound Assessment/Add Assessment/android.widget.TextView - Oedema"), 30): Tapped on element 'Object Repository/Wound Assessment/Add Assessment/android.widget.TextView - Oedema'

2023-08-15 11:59:29 - [MESSAGE][PASSED] - Tapped on element 'Object Repository/Wound Assessment/Add Assessment/android.widget.TextView - Oedema'

2023-08-15 11:59:29 - [TEST_STEP][PASSED] - tap(findTestObject("Object Repository/Wound Assessment/Add Assessment/android.widget.TextView - PERI WOUND SKIN (1)"), 30): Tapped on element 'Object Repository/Wound Assessment/Add Assessment/android.widget.TextView - PERI WOUND SKIN (1)'

2023-08-15 11:59:30 - [MESSAGE][PASSED] - Tapped on element 'Object Repository/Wound Assessment/Add Assessment/android.widget.TextView - PERI WOUND SKIN (1)'

2023-08-15 11:59:30 - [TEST_STEP][PASSED] - tap(findTestObject("Object Repository/Wound Assessment/Add Assessment/android.widget.TextView - PAIN"), 30): Tapped on element 'Object Repository/Wound Assessment/Add Assessment/android.widget.TextView - PAIN'

2023-08-15 11:59:32 - [MESSAGE][PASSED] - Tapped on element 'Object Repository/Wound Assessment/Add Assessment/android.widget.TextView - PAIN'

2023-08-15 11:59:32 - [TEST_STEP][PASSED] - tap(findTestObject("Object Repository/Wound Assessment/Add Assessment/android.widget.SeekBar - 0.0"), 30): Tapped on element 'Object Repository/Wound Assessment/Add Assessment/android.widget.SeekBar - 0.0'

2023-08-15 11:59:33 - [MESSAGE][PASSED] - Tapped on element 'Object Repository/Wound Assessment/Add Assessment/android.widget.SeekBar - 0.0'

2023-08-15 11:59:33 - [TEST_STEP][PASSED] - tap(findTestObject("Wound Assessment/Add Assessment/android.widget.TextView - PAIN"), 30): Tapped on element 'Object Repository/Wound Assessment/Add Assessment/android.widget.TextView - PAIN'

2023-08-15 11:59:34 - [MESSAGE][PASSED] - Tapped on element 'Object Repository/Wound Assessment/Add Assessment/android.widget.TextView - PAIN'

2023-08-15 11:59:34 - [TEST_STEP][PASSED] - tap(findTestObject("Object Repository/Wound Assessment/Add Assessment/android.widget.TextView - DRAINAGE"), 30): Tapped on element 'Object Repository/Wound Assessment/Add Assessment/android.widget.TextView - DRAINAGE'

2023-08-15 11:59:35 - [MESSAGE][PASSED] - Tapped on element 'Object Repository/Wound Assessment/Add Assessment/android.widget.TextView - DRAINAGE'

2023-08-15 11:59:35 - [TEST_STEP][PASSED] - tap(findTestObject("Object Repository/Wound Assessment/Add Assessment/android.widget.TextView - Minimum"), 30): Tapped on element 'Object Repository/Wound Assessment/Add Assessment/android.widget.TextView - Minimum'

2023-08-15 11:59:36 - [MESSAGE][PASSED] - Tapped on element 'Object Repository/Wound Assessment/Add Assessment/android.widget.TextView - Minimum'

2023-08-15 11:59:36 - [TEST_STEP][PASSED] - tap(findTestObject("Wound Assessment/Add Assessment/android.widget.TextView - DRAINAGE"), 30): Tapped on element 'Object Repository/Wound Assessment/Add Assessment/android.widget.TextView - DRAINAGE'

2023-08-15 11:59:37 - [MESSAGE][PASSED] - Tapped on element 'Object Repository/Wound Assessment/Add Assessment/android.widget.TextView - DRAINAGE'

2023-08-15 11:59:37 - [TEST_STEP][PASSED] - tap(findTestObject("Object Repository/Wound Assessment/Add Assessment/android.widget.TextView - PRESSURE INJURY STAGING"), 30): Tapped on element 'Object Repository/Wound Assessment/Add Assessment/android.widget.TextView - PRESSURE INJURY STAGING'

2023-08-15 11:59:38 - [MESSAGE][PASSED] - Tapped on element 'Object Repository/Wound Assessment/Add Assessment/android.widget.TextView - PRESSURE INJURY STAGING'

2023-08-15 11:59:38 - [TEST_STEP][PASSED] - tap(findTestObject("Object Repository/Wound Assessment/Add Assessment/android.view.ViewGroup - stage II"), 30): Tapped on element 'Object Repository/Wound Assessment/Add Assessment/android.view.ViewGroup - stage II'

2023-08-15 11:59:40 - [MESSAGE][PASSED] - Tapped on element 'Object Repository/Wound Assessment/Add Assessment/android.view.ViewGroup - stage II'

2023-08-15 11:59:40 - [TEST_STEP][PASSED] - tap(findTestObject("Wound Assessment/Add Assessment/android.widget.TextView - PRESSURE INJURY STAGING"), 30): Tapped on element 'Object Repository/Wound Assessment/Add Assessment/android.widget.TextView - PRESSURE INJURY STAGING'

2023-08-15 11:59:41 - [MESSAGE][PASSED] - Tapped on element 'Object Repository/Wound Assessment/Add Assessment/android.widget.TextView - PRESSURE INJURY STAGING'

2023-08-15 11:59:41 - [TEST_STEP][PASSED] - tap(findTestObject("Object Repository/Wound Assessment/Add Assessment/android.widget.TextView - ODOR"), 30): Tapped on element 'Object Repository/Wound Assessment/Add Assessment/android.widget.TextView - ODOR'

2023-08-15 11:59:42 - [MESSAGE][PASSED] - Tapped on element 'Object Repository/Wound Assessment/Add Assessment/android.widget.TextView - ODOR'

2023-08-15 11:59:42 - [TEST_STEP][PASSED] - tap(findTestObject("Object Repository/Wound Assessment/Add Assessment/android.widget.TextView - None"), 30): Tapped on element 'Object Repository/Wound Assessment/Add Assessment/android.widget.TextView - None'

2023-08-15 11:59:43 - [MESSAGE][PASSED] - Tapped on element 'Object Repository/Wound Assessment/Add Assessment/android.widget.TextView - None'

2023-08-15 11:59:43 - [TEST_STEP][PASSED] - tap(findTestObject("Wound Assessment/Add Assessment/android.widget.TextView - Save"), 30): Tapped on element 'Object Repository/Wound Assessment/Add Assessment/android.widget.TextView - Save'

2023-08-15 11:59:44 - [MESSAGE][PASSED] - Tapped on element 'Object Repository/Wound Assessment/Add Assessment/android.widget.TextView - Save'

2023-08-15 11:59:44 - [TEST_STEP][PASSED] - verifyElementExist(findTestObject("Object Repository/Wound Assessment/Add Assessment/android.view.ViewGroup (1)"), 30): Element 'Object Repository/Wound Assessment/Add Assessment/android.view.ViewGroup (1)' is exist

2023-08-15 11:59:47 - [MESSAGE][PASSED] - Element 'Object Repository/Wound Assessment/Add Assessment/android.view.ViewGroup (1)' is exist

2023-08-15 11:59:47 - [TEST_STEP][PASSED] - pressBack(): Press back button successfully

2023-08-15 11:59:48 - [MESSAGE][PASSED] - Press back button successfully

2023-08-15 11:59:48 - [TEST_STEP][PASSED] - pressBack(): Press back button successfully

2023-08-15 11:59:48 - [MESSAGE][PASSED] - Press back button successfully

2023-08-15 11:59:48 - [TEST_STEP][PASSED] - pressBack(): Press back button successfully

2023-08-15 11:59:49 - [MESSAGE][PASSED] - Press back button successfully

2023-08-15 11:59:49 - [TEST_STEP][PASSED] - tap(findTestObject("Object Repository/Wound Assessment/Add Assessment/android.widget.ImageView - x"), 30): Tapped on element 'Object Repository/Wound Assessment/Add Assessment/android.widget.ImageView - x'

2023-08-15 11:59:50 - [MESSAGE][PASSED] - Tapped on element 'Object Repository/Wound Assessment/Add Assessment/android.widget.ImageView - x']]></system-out>
         <system-err><![CDATA[]]></system-err>
      </testcase>
      <testcase name="Test Cases/Wound Assessment/Edit Assessment" time="36.367" classname="Test Cases/Wound Assessment/Edit Assessment" status="PASSED">
         <system-out><![CDATA[2023-08-15 11:59:50 - [TEST_CASE][PASSED] - Test Cases/Wound Assessment/Edit Assessment: Test Cases/Wound Assessment/Edit Assessment

2023-08-15 11:59:53 - [TEST_STEP][PASSED] - setText(findTestObject("Object Repository/Wound Assessment/Edit Assessment/android.widget.EditText - Search by Name, MRN"), "23ui", 30): Text '23ui' has been set to element 'Object Repository/Wound Assessment/Edit Assessment/android.widget.EditText - Search by Name, MRN'

2023-08-15 11:59:55 - [MESSAGE][PASSED] - Text '23ui' has been set to element 'Object Repository/Wound Assessment/Edit Assessment/android.widget.EditText - Search by Name, MRN'

2023-08-15 11:59:55 - [TEST_STEP][PASSED] - tap(findTestObject("Object Repository/Wound Assessment/Edit Assessment/android.widget.TextView - Current site"), 30): Tapped on element 'Object Repository/Wound Assessment/Edit Assessment/android.widget.TextView - Current site'

2023-08-15 11:59:57 - [MESSAGE][PASSED] - Tapped on element 'Object Repository/Wound Assessment/Edit Assessment/android.widget.TextView - Current site'

2023-08-15 11:59:57 - [TEST_STEP][PASSED] - tap(findTestObject("Object Repository/Wound Assessment/Edit Assessment/android.widget.TextView - Current site (1)"), 30): Tapped on element 'Object Repository/Wound Assessment/Edit Assessment/android.widget.TextView - Current site (1)'

2023-08-15 11:59:59 - [MESSAGE][PASSED] - Tapped on element 'Object Repository/Wound Assessment/Edit Assessment/android.widget.TextView - Current site (1)'

2023-08-15 11:59:59 - [TEST_STEP][PASSED] - verifyElementExist(findTestObject("Object Repository/Wound Assessment/Edit Assessment/android.view.ViewGroup - Patient"), 30): Element 'Object Repository/Wound Assessment/Edit Assessment/android.view.ViewGroup - Patient' is exist

2023-08-15 12:00:00 - [MESSAGE][PASSED] - Element 'Object Repository/Wound Assessment/Edit Assessment/android.view.ViewGroup - Patient' is exist

2023-08-15 12:00:00 - [TEST_STEP][PASSED] - tap(findTestObject("Object Repository/Wound Assessment/Edit Assessment/android.view.ViewGroup - Patient"), 30): Tapped on element 'Object Repository/Wound Assessment/Edit Assessment/android.view.ViewGroup - Patient'

2023-08-15 12:00:00 - [MESSAGE][PASSED] - Tapped on element 'Object Repository/Wound Assessment/Edit Assessment/android.view.ViewGroup - Patient'

2023-08-15 12:00:00 - [TEST_STEP][PASSED] - verifyElementExist(findTestObject("Object Repository/Wound Assessment/Edit Assessment/android.view.ViewGroup - wound"), 30): Element 'Object Repository/Wound Assessment/Edit Assessment/android.view.ViewGroup - wound' is exist

2023-08-15 12:00:03 - [MESSAGE][PASSED] - Element 'Object Repository/Wound Assessment/Edit Assessment/android.view.ViewGroup - wound' is exist

2023-08-15 12:00:03 - [TEST_STEP][PASSED] - tap(findTestObject("Object Repository/Wound Assessment/Edit Assessment/android.view.ViewGroup - wound"), 30): Tapped on element 'Object Repository/Wound Assessment/Edit Assessment/android.view.ViewGroup - wound'

2023-08-15 12:00:04 - [MESSAGE][PASSED] - Tapped on element 'Object Repository/Wound Assessment/Edit Assessment/android.view.ViewGroup - wound'

2023-08-15 12:00:04 - [TEST_STEP][PASSED] - tap(findTestObject("Data Preparation/Wound Assessment/android.view.ViewGroup - Assessment"), 30): Tapped on element 'Object Repository/Data Preparation/Wound Assessment/android.view.ViewGroup - Assessment'

2023-08-15 12:00:07 - [MESSAGE][PASSED] - Tapped on element 'Object Repository/Data Preparation/Wound Assessment/android.view.ViewGroup - Assessment'

2023-08-15 12:00:07 - [TEST_STEP][PASSED] - verifyElementExist(findTestObject("Object Repository/Wound Assessment/Edit Assessment/android.view.ViewGroup - assessment summary"), 30): Element 'Object Repository/Wound Assessment/Edit Assessment/android.view.ViewGroup - assessment summary' is exist

2023-08-15 12:00:10 - [MESSAGE][PASSED] - Element 'Object Repository/Wound Assessment/Edit Assessment/android.view.ViewGroup - assessment summary' is exist

2023-08-15 12:00:10 - [TEST_STEP][PASSED] - verifyElementExist(findTestObject("Object Repository/Wound Assessment/Edit Assessment/android.widget.ImageView - edit assessment"), 30): Element 'Object Repository/Wound Assessment/Edit Assessment/android.widget.ImageView - edit assessment' is exist

2023-08-15 12:00:12 - [MESSAGE][PASSED] - Element 'Object Repository/Wound Assessment/Edit Assessment/android.widget.ImageView - edit assessment' is exist

2023-08-15 12:00:12 - [TEST_STEP][PASSED] - tap(findTestObject("Object Repository/Wound Assessment/Edit Assessment/android.widget.ImageView - edit assessment"), 30): Tapped on element 'Object Repository/Wound Assessment/Edit Assessment/android.widget.ImageView - edit assessment'

2023-08-15 12:00:13 - [MESSAGE][PASSED] - Tapped on element 'Object Repository/Wound Assessment/Edit Assessment/android.widget.ImageView - edit assessment'

2023-08-15 12:00:13 - [TEST_STEP][PASSED] - tap(findTestObject("Object Repository/Wound Assessment/Edit Assessment/android.widget.TextView - WOUND EDGE"), 30): Tapped on element 'Object Repository/Wound Assessment/Edit Assessment/android.widget.TextView - WOUND EDGE'

2023-08-15 12:00:14 - [MESSAGE][PASSED] - Tapped on element 'Object Repository/Wound Assessment/Edit Assessment/android.widget.TextView - WOUND EDGE'

2023-08-15 12:00:14 - [TEST_STEP][PASSED] - tap(findTestObject("Object Repository/Wound Assessment/Edit Assessment/android.widget.TextView - Attached"), 30): Tapped on element 'Object Repository/Wound Assessment/Edit Assessment/android.widget.TextView - Attached'

2023-08-15 12:00:16 - [MESSAGE][PASSED] - Tapped on element 'Object Repository/Wound Assessment/Edit Assessment/android.widget.TextView - Attached'

2023-08-15 12:00:16 - [TEST_STEP][PASSED] - tap(findTestObject("Object Repository/Wound Assessment/Edit Assessment/android.widget.TextView - PERI WOUND SKIN"), 30): Tapped on element 'Object Repository/Wound Assessment/Edit Assessment/android.widget.TextView - PERI WOUND SKIN'

2023-08-15 12:00:17 - [MESSAGE][PASSED] - Tapped on element 'Object Repository/Wound Assessment/Edit Assessment/android.widget.TextView - PERI WOUND SKIN'

2023-08-15 12:00:17 - [TEST_STEP][PASSED] - tap(findTestObject("Wound Assessment/Edit Assessment/android.widget.TextView - Oedema"), 30): Tapped on element 'Object Repository/Wound Assessment/Edit Assessment/android.widget.TextView - Oedema'

2023-08-15 12:00:18 - [MESSAGE][PASSED] - Tapped on element 'Object Repository/Wound Assessment/Edit Assessment/android.widget.TextView - Oedema'

2023-08-15 12:00:18 - [TEST_STEP][PASSED] - tap(findTestObject("Object Repository/Wound Assessment/Edit Assessment/android.widget.TextView - PERI WOUND SKIN (2)"), 30): Tapped on element 'Object Repository/Wound Assessment/Edit Assessment/android.widget.TextView - PERI WOUND SKIN (2)'

2023-08-15 12:00:19 - [MESSAGE][PASSED] - Tapped on element 'Object Repository/Wound Assessment/Edit Assessment/android.widget.TextView - PERI WOUND SKIN (2)'

2023-08-15 12:00:19 - [TEST_STEP][PASSED] - tap(findTestObject("Object Repository/Wound Assessment/Edit Assessment/android.widget.TextView - Save"), 30): Tapped on element 'Object Repository/Wound Assessment/Edit Assessment/android.widget.TextView - Save'

2023-08-15 12:00:21 - [MESSAGE][PASSED] - Tapped on element 'Object Repository/Wound Assessment/Edit Assessment/android.widget.TextView - Save'

2023-08-15 12:00:21 - [TEST_STEP][PASSED] - verifyElementText(findTestObject("Object Repository/Wound Assessment/Edit Assessment/android.widget.TextView - Attached, Rolled"), "Attached, Rolled"): Actual text and expected text of test object 'Object Repository/Wound Assessment/Edit Assessment/android.widget.TextView - Attached, Rolled' are matched.

2023-08-15 12:00:23 - [MESSAGE][PASSED] - Actual text and expected text of test object 'Object Repository/Wound Assessment/Edit Assessment/android.widget.TextView - Attached, Rolled' are matched.

2023-08-15 12:00:23 - [TEST_STEP][PASSED] - verifyElementText(findTestObject("Object Repository/Wound Assessment/Edit Assessment/android.widget.TextView - Oedema, Dry"), "Oedema, Dry"): Actual text and expected text of test object 'Object Repository/Wound Assessment/Edit Assessment/android.widget.TextView - Oedema, Dry' are matched.

2023-08-15 12:00:24 - [MESSAGE][PASSED] - Actual text and expected text of test object 'Object Repository/Wound Assessment/Edit Assessment/android.widget.TextView - Oedema, Dry' are matched.

2023-08-15 12:00:24 - [TEST_STEP][PASSED] - pressBack(): Press back button successfully

2023-08-15 12:00:24 - [MESSAGE][PASSED] - Press back button successfully

2023-08-15 12:00:24 - [TEST_STEP][PASSED] - pressBack(): Press back button successfully

2023-08-15 12:00:25 - [MESSAGE][PASSED] - Press back button successfully

2023-08-15 12:00:25 - [TEST_STEP][PASSED] - pressBack(): Press back button successfully

2023-08-15 12:00:26 - [MESSAGE][PASSED] - Press back button successfully

2023-08-15 12:00:26 - [TEST_STEP][PASSED] - tap(findTestObject("Object Repository/Wound Assessment/Edit Assessment/android.widget.ImageView - x"), 30): Tapped on element 'Object Repository/Wound Assessment/Edit Assessment/android.widget.ImageView - x'

2023-08-15 12:00:26 - [MESSAGE][PASSED] - Tapped on element 'Object Repository/Wound Assessment/Edit Assessment/android.widget.ImageView - x']]></system-out>
         <system-err><![CDATA[]]></system-err>
      </testcase>
      <testcase name="Test Cases/Wound Assessment/Patient assessment questionnaire" time="43.692" classname="Test Cases/Wound Assessment/Patient assessment questionnaire" status="PASSED">
         <system-out><![CDATA[2023-08-15 12:01:01 - [TEST_CASE][PASSED] - Test Cases/Wound Assessment/Patient assessment questionnaire: Test Cases/Wound Assessment/Patient assessment questionnaire

2023-08-15 12:01:01 - [TEST_STEP][PASSED] - setText(findTestObject("User Management/Login/android.widget.EditText - username"), "samarir+katalonpatient@masaratapp.com", 30): Text 'samarir+katalonpatient@masaratapp.com' has been set to element 'Object Repository/User Management/Login/android.widget.EditText - username'

2023-08-15 12:01:07 - [MESSAGE][PASSED] - Text 'samarir+katalonpatient@masaratapp.com' has been set to element 'Object Repository/User Management/Login/android.widget.EditText - username'

2023-08-15 12:01:07 - [TEST_STEP][PASSED] - setText(findTestObject("User Management/Login/android.widget.EditText - password"), LoginCreds.get("password"), 30): Text 'eKare123@' has been set to element 'Object Repository/User Management/Login/android.widget.EditText - password'

2023-08-15 12:01:08 - [MESSAGE][PASSED] - Text 'eKare123@' has been set to element 'Object Repository/User Management/Login/android.widget.EditText - password'

2023-08-15 12:01:08 - [TEST_STEP][PASSED] - tap(findTestObject("User Management/Login/android.view.ViewGroup - sign in"), 30): Tapped on element 'Object Repository/User Management/Login/android.view.ViewGroup - sign in'

2023-08-15 12:01:09 - [MESSAGE][PASSED] - Tapped on element 'Object Repository/User Management/Login/android.view.ViewGroup - sign in'

2023-08-15 12:01:09 - [TEST_STEP][PASSED] - delay(5): Delayed 5 second(s)

2023-08-15 12:01:14 - [MESSAGE][PASSED] - Delayed 5 second(s)

2023-08-15 12:01:14 - [TEST_STEP][PASSED] - tap(findTestObject("Object Repository/Wound Assessment/Patient assessment questionnaire/android.view.ViewGroup - wound"), 30): Tapped on element 'Object Repository/Wound Assessment/Patient assessment questionnaire/android.view.ViewGroup - wound'

2023-08-15 12:01:15 - [MESSAGE][PASSED] - Tapped on element 'Object Repository/Wound Assessment/Patient assessment questionnaire/android.view.ViewGroup - wound'

2023-08-15 12:01:15 - [TEST_STEP][PASSED] - tap(findTestObject("Data Preparation/Wound Assessment/android.view.ViewGroup - Assessment"), 30): Tapped on element 'Object Repository/Data Preparation/Wound Assessment/android.view.ViewGroup - Assessment'

2023-08-15 12:01:19 - [MESSAGE][PASSED] - Tapped on element 'Object Repository/Data Preparation/Wound Assessment/android.view.ViewGroup - Assessment'

2023-08-15 12:01:19 - [TEST_STEP][PASSED] - tap(findTestObject("Wound Assessment/Patient assessment questionnaire/android.widget.ImageView - add assessment"), 30): Tapped on element 'Object Repository/Wound Assessment/Patient assessment questionnaire/android.widget.ImageView - add assessment'

2023-08-15 12:01:21 - [MESSAGE][PASSED] - Tapped on element 'Object Repository/Wound Assessment/Patient assessment questionnaire/android.widget.ImageView - add assessment'

2023-08-15 12:01:21 - [TEST_STEP][PASSED] - verifyElementText(findTestObject("Object Repository/Wound Assessment/Patient assessment questionnaire/android.widget.TextView - Do you have any new or increased drainage, odor, or redness around the wound"), "Do you have any new or increased drainage, odor, or redness around the wound?"): Actual text and expected text of test object 'Object Repository/Wound Assessment/Patient assessment questionnaire/android.widget.TextView - Do you have any new or increased drainage, odor, or redness around the wound' are matched.

2023-08-15 12:01:22 - [MESSAGE][PASSED] - Actual text and expected text of test object 'Object Repository/Wound Assessment/Patient assessment questionnaire/android.widget.TextView - Do you have any new or increased drainage, odor, or redness around the wound' are matched.

2023-08-15 12:01:22 - [TEST_STEP][PASSED] - verifyElementExist(findTestObject("Object Repository/Wound Assessment/Patient assessment questionnaire/android.widget.TextView - No"), 30): Element 'Object Repository/Wound Assessment/Patient assessment questionnaire/android.widget.TextView - No' is exist

2023-08-15 12:01:23 - [MESSAGE][PASSED] - Element 'Object Repository/Wound Assessment/Patient assessment questionnaire/android.widget.TextView - No' is exist

2023-08-15 12:01:23 - [TEST_STEP][PASSED] - verifyElementExist(findTestObject("Object Repository/Wound Assessment/Patient assessment questionnaire/android.view.ViewGroup"), 30): Element 'Object Repository/Wound Assessment/Patient assessment questionnaire/android.view.ViewGroup' is exist

2023-08-15 12:01:24 - [MESSAGE][PASSED] - Element 'Object Repository/Wound Assessment/Patient assessment questionnaire/android.view.ViewGroup' is exist

2023-08-15 12:01:24 - [TEST_STEP][PASSED] - verifyElementText(findTestObject("Object Repository/Wound Assessment/Patient assessment questionnaire/android.widget.TextView - Do you have new or increased wound pain"), "Do you have new or increased wound pain?"): Actual text and expected text of test object 'Object Repository/Wound Assessment/Patient assessment questionnaire/android.widget.TextView - Do you have new or increased wound pain' are matched.

2023-08-15 12:01:24 - [MESSAGE][PASSED] - Actual text and expected text of test object 'Object Repository/Wound Assessment/Patient assessment questionnaire/android.widget.TextView - Do you have new or increased wound pain' are matched.

2023-08-15 12:01:24 - [TEST_STEP][PASSED] - tap(findTestObject("Object Repository/Wound Assessment/Patient assessment questionnaire/android.widget.TextView - Yes"), 30): Tapped on element 'Object Repository/Wound Assessment/Patient assessment questionnaire/android.widget.TextView - Yes'

2023-08-15 12:01:25 - [MESSAGE][PASSED] - Tapped on element 'Object Repository/Wound Assessment/Patient assessment questionnaire/android.widget.TextView - Yes'

2023-08-15 12:01:25 - [TEST_STEP][PASSED] - verifyElementText(findTestObject("Object Repository/Wound Assessment/Patient assessment questionnaire/android.widget.TextView - Do you have a fever (temp above 100.4F38C)"), "Do you have a fever (temp above 100.4F/38C)?"): Actual text and expected text of test object 'Object Repository/Wound Assessment/Patient assessment questionnaire/android.widget.TextView - Do you have a fever (temp above 100.4F38C)' are matched.

2023-08-15 12:01:26 - [MESSAGE][PASSED] - Actual text and expected text of test object 'Object Repository/Wound Assessment/Patient assessment questionnaire/android.widget.TextView - Do you have a fever (temp above 100.4F38C)' are matched.

2023-08-15 12:01:26 - [TEST_STEP][PASSED] - verifyElementExist(findTestObject("Object Repository/Wound Assessment/Patient assessment questionnaire/android.widget.TextView - Yes (1)"), 30): Element 'Object Repository/Wound Assessment/Patient assessment questionnaire/android.widget.TextView - Yes (1)' is exist

2023-08-15 12:01:28 - [MESSAGE][PASSED] - Element 'Object Repository/Wound Assessment/Patient assessment questionnaire/android.widget.TextView - Yes (1)' is exist

2023-08-15 12:01:28 - [TEST_STEP][PASSED] - verifyElementExist(findTestObject("Object Repository/Wound Assessment/Patient assessment questionnaire/android.widget.TextView - No (1)"), 30): Element 'Object Repository/Wound Assessment/Patient assessment questionnaire/android.widget.TextView - No (1)' is exist

2023-08-15 12:01:28 - [MESSAGE][PASSED] - Element 'Object Repository/Wound Assessment/Patient assessment questionnaire/android.widget.TextView - No (1)' is exist

2023-08-15 12:01:28 - [TEST_STEP][PASSED] - tap(findTestObject("Wound Assessment/Patient assessment questionnaire/android.widget.TextView - Yes (1)"), 30): Tapped on element 'Object Repository/Wound Assessment/Patient assessment questionnaire/android.widget.TextView - Yes (1)'

2023-08-15 12:01:30 - [MESSAGE][PASSED] - Tapped on element 'Object Repository/Wound Assessment/Patient assessment questionnaire/android.widget.TextView - Yes (1)'

2023-08-15 12:01:30 - [TEST_STEP][PASSED] - tap(findTestObject("Object Repository/Wound Assessment/Patient assessment questionnaire/android.widget.TextView - Save"), 30): Tapped on element 'Object Repository/Wound Assessment/Patient assessment questionnaire/android.widget.TextView - Save'

2023-08-15 12:01:31 - [MESSAGE][PASSED] - Tapped on element 'Object Repository/Wound Assessment/Patient assessment questionnaire/android.widget.TextView - Save'

2023-08-15 12:01:31 - [TEST_STEP][PASSED] - verifyElementText(findTestObject("Object Repository/Wound Assessment/Patient assessment questionnaire/android.widget.TextView - Do you have any new or increased drainage, odor, or redness around the wound (1)"), "Do you have any new or increased drainage, odor, or redness around the wound?"): Actual text and expected text of test object 'Object Repository/Wound Assessment/Patient assessment questionnaire/android.widget.TextView - Do you have any new or increased drainage, odor, or redness around the wound (1)' are matched.

2023-08-15 12:01:35 - [MESSAGE][PASSED] - Actual text and expected text of test object 'Object Repository/Wound Assessment/Patient assessment questionnaire/android.widget.TextView - Do you have any new or increased drainage, odor, or redness around the wound (1)' are matched.

2023-08-15 12:01:35 - [TEST_STEP][PASSED] - verifyElementText(findTestObject("Object Repository/Wound Assessment/Patient assessment questionnaire/android.widget.TextView - No (2)"), "No"): Actual text and expected text of test object 'Object Repository/Wound Assessment/Patient assessment questionnaire/android.widget.TextView - No (2)' are matched.

2023-08-15 12:01:35 - [MESSAGE][PASSED] - Actual text and expected text of test object 'Object Repository/Wound Assessment/Patient assessment questionnaire/android.widget.TextView - No (2)' are matched.

2023-08-15 12:01:35 - [TEST_STEP][PASSED] - verifyElementText(findTestObject("Object Repository/Wound Assessment/Patient assessment questionnaire/android.widget.TextView - Do you have new or increased wound pain (1)"), "Do you have new or increased wound pain?"): Actual text and expected text of test object 'Object Repository/Wound Assessment/Patient assessment questionnaire/android.widget.TextView - Do you have new or increased wound pain (1)' are matched.

2023-08-15 12:01:36 - [MESSAGE][PASSED] - Actual text and expected text of test object 'Object Repository/Wound Assessment/Patient assessment questionnaire/android.widget.TextView - Do you have new or increased wound pain (1)' are matched.

2023-08-15 12:01:36 - [TEST_STEP][PASSED] - verifyElementText(findTestObject("Object Repository/Wound Assessment/Patient assessment questionnaire/android.widget.TextView - Yes (2)"), "Yes"): Actual text and expected text of test object 'Object Repository/Wound Assessment/Patient assessment questionnaire/android.widget.TextView - Yes (2)' are matched.

2023-08-15 12:01:37 - [MESSAGE][PASSED] - Actual text and expected text of test object 'Object Repository/Wound Assessment/Patient assessment questionnaire/android.widget.TextView - Yes (2)' are matched.

2023-08-15 12:01:37 - [TEST_STEP][PASSED] - verifyElementText(findTestObject("Object Repository/Wound Assessment/Patient assessment questionnaire/android.widget.TextView - Do you have a fever (temp above 100.4F38C) (1)"), "Do you have a fever (temp above 100.4F/38C)?"): Actual text and expected text of test object 'Object Repository/Wound Assessment/Patient assessment questionnaire/android.widget.TextView - Do you have a fever (temp above 100.4F38C) (1)' are matched.

2023-08-15 12:01:38 - [MESSAGE][PASSED] - Actual text and expected text of test object 'Object Repository/Wound Assessment/Patient assessment questionnaire/android.widget.TextView - Do you have a fever (temp above 100.4F38C) (1)' are matched.

2023-08-15 12:01:38 - [TEST_STEP][PASSED] - verifyElementText(findTestObject("Object Repository/Wound Assessment/Patient assessment questionnaire/android.widget.TextView - Yes (3)"), "Yes"): Actual text and expected text of test object 'Object Repository/Wound Assessment/Patient assessment questionnaire/android.widget.TextView - Yes (3)' are matched.

2023-08-15 12:01:40 - [MESSAGE][PASSED] - Actual text and expected text of test object 'Object Repository/Wound Assessment/Patient assessment questionnaire/android.widget.TextView - Yes (3)' are matched.

2023-08-15 12:01:40 - [TEST_STEP][PASSED] - pressBack(): Press back button successfully

2023-08-15 12:01:40 - [MESSAGE][PASSED] - Press back button successfully

2023-08-15 12:01:40 - [TEST_STEP][PASSED] - pressBack(): Press back button successfully

2023-08-15 12:01:41 - [MESSAGE][PASSED] - Press back button successfully

2023-08-15 12:01:41 - [TEST_STEP][PASSED] - tap(findTestObject("Object Repository/Wound Assessment/Patient assessment questionnaire/android.widget.ImageView - Menu"), 30): Tapped on element 'Object Repository/Wound Assessment/Patient assessment questionnaire/android.widget.ImageView - Menu'

2023-08-15 12:01:42 - [MESSAGE][PASSED] - Tapped on element 'Object Repository/Wound Assessment/Patient assessment questionnaire/android.widget.ImageView - Menu'

2023-08-15 12:01:42 - [TEST_STEP][PASSED] - tap(findTestObject("Object Repository/Wound Assessment/Patient assessment questionnaire/android.widget.TextView - Logout"), 30): Tapped on element 'Object Repository/Wound Assessment/Patient assessment questionnaire/android.widget.TextView - Logout'

2023-08-15 12:01:44 - [MESSAGE][PASSED] - Tapped on element 'Object Repository/Wound Assessment/Patient assessment questionnaire/android.widget.TextView - Logout'

2023-08-15 12:01:44 - [TEST_STEP][PASSED] - tap(findTestObject("Object Repository/Wound Assessment/Patient assessment questionnaire/android.widget.Button - CONFIRM"), 30): Tapped on element 'Object Repository/Wound Assessment/Patient assessment questionnaire/android.widget.Button - CONFIRM'

2023-08-15 12:01:45 - [MESSAGE][PASSED] - Tapped on element 'Object Repository/Wound Assessment/Patient assessment questionnaire/android.widget.Button - CONFIRM']]></system-out>
         <system-err><![CDATA[]]></system-err>
      </testcase>
      <system-out><![CDATA[2023-08-15 11:56:54 - [TEST_SUITE][FAILED] - Wound Assessment: Test Cases/Wound Assessment/Patient assessment questionnaire FAILED.
Reason:
com.kms.katalon.core.exception.StepFailedException: Object Object Repository/User Management/Login/android.widget.EditText - username not found
	at com.kms.katalon.core.keyword.internal.KeywordMain.stepFailed(KeywordMain.groovy:51)
	at com.kms.katalon.core.mobile.keyword.internal.MobileKeywordMain.stepFailed(MobileKeywordMain.groovy:40)
	at com.kms.katalon.core.mobile.keyword.builtin.SetTextKeyword$_setText_closure1.doCall(SetTextKeyword.groovy:76)
	at com.kms.katalon.core.mobile.keyword.builtin.SetTextKeyword$_setText_closure1.call(SetTextKeyword.groovy)
	at com.kms.katalon.core.mobile.keyword.internal.MobileKeywordMain.runKeyword(MobileKeywordMain.groovy:21)
	at com.kms.katalon.core.mobile.keyword.builtin.SetTextKeyword.setText(SetTextKeyword.groovy:83)
	at com.kms.katalon.core.mobile.keyword.builtin.SetTextKeyword.execute(SetTextKeyword.groovy:66)
	at com.kms.katalon.core.keyword.internal.KeywordExecutor.executeKeywordForPlatform(KeywordExecutor.groovy:74)
	at com.kms.katalon.core.mobile.keyword.MobileBuiltInKeywords.setText(MobileBuiltInKeywords.groovy:1307)
	at com.kms.katalon.core.mobile.keyword.MobileBuiltInKeywords$setText$0.call(Unknown Source)
	at Patient assessment questionnaire.run(Patient assessment questionnaire:20)
	at com.kms.katalon.core.main.ScriptEngine.run(ScriptEngine.java:194)
	at com.kms.katalon.core.main.ScriptEngine.runScriptAsRawText(ScriptEngine.java:119)
	at com.kms.katalon.core.main.TestCaseExecutor.runScript(TestCaseExecutor.java:448)
	at com.kms.katalon.core.main.TestCaseExecutor.doExecute(TestCaseExecutor.java:439)
	at com.kms.katalon.core.main.TestCaseExecutor.processExecutionPhase(TestCaseExecutor.java:418)
	at com.kms.katalon.core.main.TestCaseExecutor.accessMainPhase(TestCaseExecutor.java:410)
	at com.kms.katalon.core.main.TestCaseExecutor.execute(TestCaseExecutor.java:285)
	at com.kms.katalon.core.common.CommonExecutor.accessTestCaseMainPhase(CommonExecutor.java:65)
	at com.kms.katalon.core.main.TestSuiteExecutor.accessTestSuiteMainPhase(TestSuiteExecutor.java:148)
	at com.kms.katalon.core.main.TestSuiteExecutor.execute(TestSuiteExecutor.java:106)
	at com.kms.katalon.core.main.TestCaseMain.startTestSuite(TestCaseMain.java:187)
	at com.kms.katalon.core.main.TestCaseMain$startTestSuite$0.call(Unknown Source)
	at TempTestSuite1692100573443.run(TempTestSuite1692100573443.groovy:36)]]></system-out>
      <system-err><![CDATA[2023-08-15 11:56:54 - [TEST_SUITE][FAILED] - Wound Assessment: Test Cases/Wound Assessment/Patient assessment questionnaire FAILED.
Reason:
com.kms.katalon.core.exception.StepFailedException: Object Object Repository/User Management/Login/android.widget.EditText - username not found
	at com.kms.katalon.core.keyword.internal.KeywordMain.stepFailed(KeywordMain.groovy:51)
	at com.kms.katalon.core.mobile.keyword.internal.MobileKeywordMain.stepFailed(MobileKeywordMain.groovy:40)
	at com.kms.katalon.core.mobile.keyword.builtin.SetTextKeyword$_setText_closure1.doCall(SetTextKeyword.groovy:76)
	at com.kms.katalon.core.mobile.keyword.builtin.SetTextKeyword$_setText_closure1.call(SetTextKeyword.groovy)
	at com.kms.katalon.core.mobile.keyword.internal.MobileKeywordMain.runKeyword(MobileKeywordMain.groovy:21)
	at com.kms.katalon.core.mobile.keyword.builtin.SetTextKeyword.setText(SetTextKeyword.groovy:83)
	at com.kms.katalon.core.mobile.keyword.builtin.SetTextKeyword.execute(SetTextKeyword.groovy:66)
	at com.kms.katalon.core.keyword.internal.KeywordExecutor.executeKeywordForPlatform(KeywordExecutor.groovy:74)
	at com.kms.katalon.core.mobile.keyword.MobileBuiltInKeywords.setText(MobileBuiltInKeywords.groovy:1307)
	at com.kms.katalon.core.mobile.keyword.MobileBuiltInKeywords$setText$0.call(Unknown Source)
	at Patient assessment questionnaire.run(Patient assessment questionnaire:20)
	at com.kms.katalon.core.main.ScriptEngine.run(ScriptEngine.java:194)
	at com.kms.katalon.core.main.ScriptEngine.runScriptAsRawText(ScriptEngine.java:119)
	at com.kms.katalon.core.main.TestCaseExecutor.runScript(TestCaseExecutor.java:448)
	at com.kms.katalon.core.main.TestCaseExecutor.doExecute(TestCaseExecutor.java:439)
	at com.kms.katalon.core.main.TestCaseExecutor.processExecutionPhase(TestCaseExecutor.java:418)
	at com.kms.katalon.core.main.TestCaseExecutor.accessMainPhase(TestCaseExecutor.java:410)
	at com.kms.katalon.core.main.TestCaseExecutor.execute(TestCaseExecutor.java:285)
	at com.kms.katalon.core.common.CommonExecutor.accessTestCaseMainPhase(CommonExecutor.java:65)
	at com.kms.katalon.core.main.TestSuiteExecutor.accessTestSuiteMainPhase(TestSuiteExecutor.java:148)
	at com.kms.katalon.core.main.TestSuiteExecutor.execute(TestSuiteExecutor.java:106)
	at com.kms.katalon.core.main.TestCaseMain.startTestSuite(TestCaseMain.java:187)
	at com.kms.katalon.core.main.TestCaseMain$startTestSuite$0.call(Unknown Source)
	at TempTestSuite1692100573443.run(TempTestSuite1692100573443.groovy:36)]]></system-err>
   </testsuite>
</testsuites>
