<?xml version="1.0" encoding="UTF-8"?>
<testsuites name="Data Preparation" time="395.468" tests="3" failures="0" errors="0">
   <testsuite name="Data Preparation" tests="3" failures="0" errors="0" time="395.468" skipped="0" timestamp="2023-09-07 13:23:44" hostname="Amarir - DESKTOP-EE3F8H4" id="Test Suites/Data Preparation">
      <properties>
         <property name="deviceName" value="samsung SM-N975F (Android 12)"/>
         <property name="devicePlatform" value=""/>
         <property name="logFolder" value="C:\\Users\\Amarir\\git\\IS_Katalon_Lite_Version\\Reports\\20230907_132336\\Data Preparation\\20230907_132336"/>
         <property name="logFiles" value="C:\\Users\\Amarir\\git\\IS_Katalon_Lite_Version\\Reports\\20230907_132336\\Data Preparation\\20230907_132336\\appium.log, C:\\Users\\Amarir\\git\\IS_Katalon_Lite_Version\\Reports\\20230907_132336\\Data Preparation\\20230907_132336\\execution0.log"/>
         <property name="attachments" value=""/>
         <property name="hostName" value="Amarir - DESKTOP-EE3F8H4"/>
         <property name="os" value="Windows 10 64bit"/>
         <property name="appiumServerStatus" value="{&quot;value&quot;:{&quot;build&quot;:{&quot;version&quot;:&quot;1.22.0&quot;}},&quot;sessionId&quot;:null,&quot;status&quot;:0}"/>
         <property name="katalonVersion" value="8.6.5.208"/>
         <property name="deviceOS" value="Android"/>
         <property name="appiumVersion" value="1.22.0"/>
         <property name="deviceModel" value="SM-N975F"/>
         <property name="hostAddress" value="192.168.234.1"/>
         <property name="deviceManufacturer" value="samsung"/>
         <property name="deviceId" value="RF8N307NKZV"/>
         <property name="deviceName" value="samsung SM-N975F (Android 12)"/>
         <property name="deviceOSVersion" value="12"/>
      </properties>
      <testcase name="Test Cases/Data preparation/Patient Management" time="164.097" classname="Test Cases/Data preparation/Patient Management" status="PASSED">
         <system-out><![CDATA[2023-09-07 13:23:45 - [TEST_CASE][PASSED] - Test Cases/Data preparation/Patient Management: Test Cases/Data preparation/Patient Management

2023-09-07 13:23:48 - [TEST_STEP][PASSED] - callTestCase(findTestCase("User Managemenet/Login"), [:], STOP_ON_FAILURE): Call Test Case 'Test Cases/User Managemenet/Login' successfully

2023-09-07 13:23:48 - [TEST_CASE][PASSED] - Test Cases/User Managemenet/Login: Test Cases/User Managemenet/Login

2023-09-07 13:23:49 - [TEST_STEP][PASSED] - startApplication(APK, false): Started app at: 'C:\Users\Amarir\Downloads\APK\IS\IS_Prod_2.1.apk'

2023-09-07 13:23:52 - [MESSAGE][INFO] - Detected NodeJS location: "C:\Program Files\nodejs\node.exe"

2023-09-07 13:23:56 - [MESSAGE][INFO] - Appium server started on port 49,387

2023-09-07 13:24:33 - [MESSAGE][PASSED] - Started app at: 'C:\Users\Amarir\Downloads\APK\IS\IS_Prod_2.1.apk'

2023-09-07 13:24:33 - [TEST_STEP][PASSED] - setText(findTestObject("User Management/Login/android.widget.EditText - password"), LoginCreds.get("password"), 30): Text 'eKare123@' has been set to element 'Object Repository/User Management/Login/android.widget.EditText - password'

2023-09-07 13:24:37 - [MESSAGE][PASSED] - Text 'eKare123@' has been set to element 'Object Repository/User Management/Login/android.widget.EditText - password'

2023-09-07 13:24:37 - [TEST_STEP][PASSED] - setText(findTestObject("User Management/Login/android.widget.EditText - username"), LoginCreds.get("username"), 30): Text 'safakata' has been set to element 'Object Repository/User Management/Login/android.widget.EditText - username'

2023-09-07 13:24:39 - [MESSAGE][PASSED] - Text 'safakata' has been set to element 'Object Repository/User Management/Login/android.widget.EditText - username'

2023-09-07 13:24:39 - [TEST_STEP][PASSED] - tap(findTestObject("User Management/Login/android.view.ViewGroup - sign in"), 30): Tapped on element 'Object Repository/User Management/Login/android.view.ViewGroup - sign in'

2023-09-07 13:24:39 - [MESSAGE][PASSED] - Tapped on element 'Object Repository/User Management/Login/android.view.ViewGroup - sign in'

2023-09-07 13:24:39 - [TEST_STEP][PASSED] - tap(findTestObject("Object Repository/User Management/Login/android.widget.TextView - Katalon"), 30): Tapped on element 'Object Repository/User Management/Login/android.widget.TextView - Katalon'

2023-09-07 13:24:41 - [MESSAGE][PASSED] - Tapped on element 'Object Repository/User Management/Login/android.widget.TextView - Katalon'

2023-09-07 13:24:41 - [TEST_STEP][PASSED] - delay(2, STOP_ON_FAILURE): Delayed 2 second(s)

2023-09-07 13:24:43 - [MESSAGE][PASSED] - Delayed 2 second(s)

2023-09-07 13:24:43 - [TEST_STEP][PASSED] - verifyElementExist(findTestObject("Object Repository/User Management/Login/android.widget.TextView - Patient Directory"), 30): Element 'Object Repository/User Management/Login/android.widget.TextView - Patient Directory' is exist

2023-09-07 13:24:47 - [MESSAGE][PASSED] - Element 'Object Repository/User Management/Login/android.widget.TextView - Patient Directory' is exist

2023-09-07 13:24:47 - [MESSAGE][PASSED] - Call Test Case 'Test Cases/User Managemenet/Login' successfully

2023-09-07 13:24:47 - [TEST_STEP][PASSED] - scrollToText("MRN: 987"): Scrolling to text 'MRN: 987' successfully

2023-09-07 13:24:48 - [MESSAGE][PASSED] - Scrolling to text 'MRN: 987' successfully

2023-09-07 13:24:48 - [TEST_STEP][PASSED] - tap(findTestObject("Object Repository/Data Preparation/Patient Management/android.widget.TextView - MRN 987"), 30): Tapped on element 'Object Repository/Data Preparation/Patient Management/android.widget.TextView - MRN 987'

2023-09-07 13:25:18 - [MESSAGE][PASSED] - Tapped on element 'Object Repository/Data Preparation/Patient Management/android.widget.TextView - MRN 987'

2023-09-07 13:25:18 - [TEST_STEP][PASSED] - tap(findTestObject("Object Repository/Data Preparation/Patient Management/android.widget.ImageView"), 30): Tapped on element 'Object Repository/Data Preparation/Patient Management/android.widget.ImageView'

2023-09-07 13:25:21 - [MESSAGE][PASSED] - Tapped on element 'Object Repository/Data Preparation/Patient Management/android.widget.ImageView'

2023-09-07 13:25:21 - [TEST_STEP][PASSED] - tap(findTestObject("Object Repository/Data Preparation/Patient Management/android.widget.TextView - Edit patient"), 30): Tapped on element 'Object Repository/Data Preparation/Patient Management/android.widget.TextView - Edit patient'

2023-09-07 13:25:22 - [MESSAGE][PASSED] - Tapped on element 'Object Repository/Data Preparation/Patient Management/android.widget.TextView - Edit patient'

2023-09-07 13:25:22 - [TEST_STEP][PASSED] - setText(findTestObject("Patient Management/Edit Patient/android.widget.EditText - First Name"), "Edit", 30): Text 'Edit' has been set to element 'Object Repository/Patient Management/Edit Patient/android.widget.EditText - First Name'

2023-09-07 13:25:25 - [MESSAGE][PASSED] - Text 'Edit' has been set to element 'Object Repository/Patient Management/Edit Patient/android.widget.EditText - First Name'

2023-09-07 13:25:25 - [TEST_STEP][PASSED] - setText(findTestObject("Patient Management/Edit Patient/android.widget.EditText - Last Name"), "Lite", 30): Text 'Lite' has been set to element 'Object Repository/Patient Management/Edit Patient/android.widget.EditText - Last Name'

2023-09-07 13:25:26 - [MESSAGE][PASSED] - Text 'Lite' has been set to element 'Object Repository/Patient Management/Edit Patient/android.widget.EditText - Last Name'

2023-09-07 13:25:26 - [TEST_STEP][PASSED] - setText(findTestObject("Patient Management/Edit Patient/android.widget.EditText - DOB (1)"), "09/08/1997", 30): Text '09/08/1997' has been set to element 'Object Repository/Patient Management/Edit Patient/android.widget.EditText - DOB (1)'

2023-09-07 13:25:28 - [MESSAGE][PASSED] - Text '09/08/1997' has been set to element 'Object Repository/Patient Management/Edit Patient/android.widget.EditText - DOB (1)'

2023-09-07 13:25:28 - [TEST_STEP][PASSED] - tap(findTestObject("Object Repository/Data Preparation/Patient Management/android.widget.TextView - Save"), 30): Tapped on element 'Object Repository/Data Preparation/Patient Management/android.widget.TextView - Save'

2023-09-07 13:25:29 - [MESSAGE][PASSED] - Tapped on element 'Object Repository/Data Preparation/Patient Management/android.widget.TextView - Save'

2023-09-07 13:25:29 - [TEST_STEP][PASSED] - tap(findTestObject("Object Repository/Data Preparation/Patient Management/android.widget.Button - OK"), 30): Tapped on element 'Object Repository/Data Preparation/Patient Management/android.widget.Button - OK'

2023-09-07 13:25:31 - [MESSAGE][PASSED] - Tapped on element 'Object Repository/Data Preparation/Patient Management/android.widget.Button - OK'

2023-09-07 13:25:31 - [TEST_STEP][PASSED] - pressBack(): Press back button successfully

2023-09-07 13:25:32 - [MESSAGE][PASSED] - Press back button successfully

2023-09-07 13:25:32 - [TEST_STEP][PASSED] - scrollToText("6768"): Scrolling to text '6768' successfully

2023-09-07 13:25:32 - [MESSAGE][PASSED] - Scrolling to text '6768' successfully

2023-09-07 13:25:32 - [TEST_STEP][PASSED] - tap(findTestObject("Object Repository/Data Preparation/Patient Management/android.widget.TextView - MRN 6768"), 30): Tapped on element 'Object Repository/Data Preparation/Patient Management/android.widget.TextView - MRN 6768'

2023-09-07 13:25:33 - [MESSAGE][PASSED] - Tapped on element 'Object Repository/Data Preparation/Patient Management/android.widget.TextView - MRN 6768'

2023-09-07 13:25:33 - [TEST_STEP][PASSED] - tap(findTestObject("Data Preparation/Patient Management/android.widget.ImageView - menu"), 30): Tapped on element 'Object Repository/Data Preparation/Patient Management/android.widget.ImageView - menu'

2023-09-07 13:25:35 - [MESSAGE][PASSED] - Tapped on element 'Object Repository/Data Preparation/Patient Management/android.widget.ImageView - menu'

2023-09-07 13:25:35 - [TEST_STEP][PASSED] - tap(findTestObject("Object Repository/Data Preparation/Patient Management/android.widget.TextView - Freeze patient"), 30): Tapped on element 'Object Repository/Data Preparation/Patient Management/android.widget.TextView - Freeze patient'

2023-09-07 13:25:36 - [MESSAGE][PASSED] - Tapped on element 'Object Repository/Data Preparation/Patient Management/android.widget.TextView - Freeze patient'

2023-09-07 13:25:36 - [TEST_STEP][PASSED] - tap(findTestObject("Object Repository/Data Preparation/Patient Management/android.widget.TextView - Confirm"), 30): Tapped on element 'Object Repository/Data Preparation/Patient Management/android.widget.TextView - Confirm'

2023-09-07 13:25:37 - [MESSAGE][PASSED] - Tapped on element 'Object Repository/Data Preparation/Patient Management/android.widget.TextView - Confirm'

2023-09-07 13:25:37 - [TEST_STEP][PASSED] - tap(findTestObject("Object Repository/Data Preparation/Patient Management/android.widget.ImageView (1)"), 30): Tapped on element 'Object Repository/Data Preparation/Patient Management/android.widget.ImageView (1)'

2023-09-07 13:25:40 - [MESSAGE][PASSED] - Tapped on element 'Object Repository/Data Preparation/Patient Management/android.widget.ImageView (1)'

2023-09-07 13:25:40 - [TEST_STEP][PASSED] - tap(findTestObject("Object Repository/Data Preparation/Patient Management/android.widget.Switch - ON"), 30): Tapped on element 'Object Repository/Data Preparation/Patient Management/android.widget.Switch - ON'

2023-09-07 13:25:41 - [MESSAGE][PASSED] - Tapped on element 'Object Repository/Data Preparation/Patient Management/android.widget.Switch - ON'

2023-09-07 13:25:41 - [TEST_STEP][PASSED] - tap(findTestObject("Object Repository/Data Preparation/Patient Management/android.widget.TextView - Apply"), 30): Tapped on element 'Object Repository/Data Preparation/Patient Management/android.widget.TextView - Apply'

2023-09-07 13:25:42 - [MESSAGE][PASSED] - Tapped on element 'Object Repository/Data Preparation/Patient Management/android.widget.TextView - Apply'

2023-09-07 13:25:42 - [TEST_STEP][PASSED] - scrollToText("MRN: 6767"): Scrolling to text 'MRN: 6767' successfully

2023-09-07 13:25:52 - [MESSAGE][PASSED] - Scrolling to text 'MRN: 6767' successfully

2023-09-07 13:25:52 - [TEST_STEP][PASSED] - tap(findTestObject("Object Repository/Data Preparation/Patient Management/android.widget.TextView - 25M  MRN 6767"), 30): Tapped on element 'Object Repository/Data Preparation/Patient Management/android.widget.TextView - 25M  MRN 6767'

2023-09-07 13:25:52 - [MESSAGE][PASSED] - Tapped on element 'Object Repository/Data Preparation/Patient Management/android.widget.TextView - 25M  MRN 6767'

2023-09-07 13:25:52 - [TEST_STEP][PASSED] - tap(findTestObject("Data Preparation/Patient Management/android.widget.ImageView - menu"), 30): Tapped on element 'Object Repository/Data Preparation/Patient Management/android.widget.ImageView - menu'

2023-09-07 13:25:54 - [MESSAGE][PASSED] - Tapped on element 'Object Repository/Data Preparation/Patient Management/android.widget.ImageView - menu'

2023-09-07 13:25:54 - [TEST_STEP][PASSED] - tap(findTestObject("Object Repository/Data Preparation/Patient Management/android.widget.TextView - UnFreeze patient"), 30): Tapped on element 'Object Repository/Data Preparation/Patient Management/android.widget.TextView - UnFreeze patient'

2023-09-07 13:25:55 - [MESSAGE][PASSED] - Tapped on element 'Object Repository/Data Preparation/Patient Management/android.widget.TextView - UnFreeze patient'

2023-09-07 13:25:55 - [TEST_STEP][PASSED] - tap(findTestObject("Data Preparation/Patient Management/android.widget.TextView - Confirm"), 30): Tapped on element 'Object Repository/Data Preparation/Patient Management/android.widget.TextView - Confirm'

2023-09-07 13:25:57 - [MESSAGE][PASSED] - Tapped on element 'Object Repository/Data Preparation/Patient Management/android.widget.TextView - Confirm'

2023-09-07 13:25:57 - [TEST_STEP][PASSED] - tap(findTestObject("Object Repository/Data Preparation/Patient Management/android.widget.ImageView (2)"), 30): Tapped on element 'Object Repository/Data Preparation/Patient Management/android.widget.ImageView (2)'

2023-09-07 13:25:59 - [MESSAGE][PASSED] - Tapped on element 'Object Repository/Data Preparation/Patient Management/android.widget.ImageView (2)'

2023-09-07 13:25:59 - [TEST_STEP][PASSED] - delay(30, STOP_ON_FAILURE): Delayed 30 second(s)

2023-09-07 13:26:29 - [MESSAGE][PASSED] - Delayed 30 second(s)]]></system-out>
         <system-err><![CDATA[]]></system-err>
      </testcase>
      <testcase name="Test Cases/Data preparation/Wound Assessment" time="83.69" classname="Test Cases/Data preparation/Wound Assessment" status="PASSED">
         <system-out><![CDATA[2023-09-07 13:26:29 - [TEST_CASE][PASSED] - Test Cases/Data preparation/Wound Assessment: Test Cases/Data preparation/Wound Assessment

2023-09-07 13:26:30 - [TEST_STEP][PASSED] - callTestCase(findTestCase("User Managemenet/Login"), [:], STOP_ON_FAILURE): Call Test Case 'Test Cases/User Managemenet/Login' successfully

2023-09-07 13:26:30 - [TEST_CASE][PASSED] - Test Cases/User Managemenet/Login: Test Cases/User Managemenet/Login

2023-09-07 13:26:30 - [TEST_STEP][PASSED] - startApplication(APK, false): Started app at: 'C:\Users\Amarir\Downloads\APK\IS\IS_Prod_2.1.apk'

2023-09-07 13:26:39 - [MESSAGE][PASSED] - Started app at: 'C:\Users\Amarir\Downloads\APK\IS\IS_Prod_2.1.apk'

2023-09-07 13:26:39 - [TEST_STEP][PASSED] - setText(findTestObject("User Management/Login/android.widget.EditText - password"), LoginCreds.get("password"), 30): Text 'eKare123@' has been set to element 'Object Repository/User Management/Login/android.widget.EditText - password'

2023-09-07 13:26:45 - [MESSAGE][PASSED] - Text 'eKare123@' has been set to element 'Object Repository/User Management/Login/android.widget.EditText - password'

2023-09-07 13:26:45 - [TEST_STEP][PASSED] - setText(findTestObject("User Management/Login/android.widget.EditText - username"), LoginCreds.get("username"), 30): Text 'safakata' has been set to element 'Object Repository/User Management/Login/android.widget.EditText - username'

2023-09-07 13:26:47 - [MESSAGE][PASSED] - Text 'safakata' has been set to element 'Object Repository/User Management/Login/android.widget.EditText - username'

2023-09-07 13:26:47 - [TEST_STEP][PASSED] - tap(findTestObject("User Management/Login/android.view.ViewGroup - sign in"), 30): Tapped on element 'Object Repository/User Management/Login/android.view.ViewGroup - sign in'

2023-09-07 13:26:48 - [MESSAGE][PASSED] - Tapped on element 'Object Repository/User Management/Login/android.view.ViewGroup - sign in'

2023-09-07 13:26:48 - [TEST_STEP][PASSED] - tap(findTestObject("Object Repository/User Management/Login/android.widget.TextView - Katalon"), 30): Tapped on element 'Object Repository/User Management/Login/android.widget.TextView - Katalon'

2023-09-07 13:26:50 - [MESSAGE][PASSED] - Tapped on element 'Object Repository/User Management/Login/android.widget.TextView - Katalon'

2023-09-07 13:26:50 - [TEST_STEP][PASSED] - delay(2, STOP_ON_FAILURE): Delayed 2 second(s)

2023-09-07 13:26:52 - [MESSAGE][PASSED] - Delayed 2 second(s)

2023-09-07 13:26:52 - [TEST_STEP][PASSED] - verifyElementExist(findTestObject("Object Repository/User Management/Login/android.widget.TextView - Patient Directory"), 30): Element 'Object Repository/User Management/Login/android.widget.TextView - Patient Directory' is exist

2023-09-07 13:26:56 - [MESSAGE][PASSED] - Element 'Object Repository/User Management/Login/android.widget.TextView - Patient Directory' is exist

2023-09-07 13:26:56 - [MESSAGE][PASSED] - Call Test Case 'Test Cases/User Managemenet/Login' successfully

2023-09-07 13:26:56 - [TEST_STEP][PASSED] - scrollToText("MRN: 21ui"): Scrolling to text 'MRN: 21ui' successfully

2023-09-07 13:26:57 - [MESSAGE][PASSED] - Scrolling to text 'MRN: 21ui' successfully

2023-09-07 13:26:57 - [TEST_STEP][PASSED] - tap(findTestObject("Object Repository/Data Preparation/Wound Assessment/android.widget.TextView - MRN 21ui"), 30): Tapped on element 'Object Repository/Data Preparation/Wound Assessment/android.widget.TextView - MRN 21ui'

2023-09-07 13:26:57 - [MESSAGE][PASSED] - Tapped on element 'Object Repository/Data Preparation/Wound Assessment/android.widget.TextView - MRN 21ui'

2023-09-07 13:26:57 - [TEST_STEP][PASSED] - tap(findTestObject("Object Repository/Data Preparation/Wound Assessment/android.view.ViewGroup - wound"), 30): Tapped on element 'Object Repository/Data Preparation/Wound Assessment/android.view.ViewGroup - wound'

2023-09-07 13:27:01 - [MESSAGE][PASSED] - Tapped on element 'Object Repository/Data Preparation/Wound Assessment/android.view.ViewGroup - wound'

2023-09-07 13:27:01 - [TEST_STEP][PASSED] - tap(findTestObject("Object Repository/Data Preparation/Wound Assessment/android.widget.ImageView - menu"), 30): Tapped on element 'Object Repository/Data Preparation/Wound Assessment/android.widget.ImageView - menu'

2023-09-07 13:27:03 - [MESSAGE][PASSED] - Tapped on element 'Object Repository/Data Preparation/Wound Assessment/android.widget.ImageView - menu'

2023-09-07 13:27:03 - [TEST_STEP][PASSED] - tap(findTestObject("Object Repository/Data Preparation/Wound Assessment/android.widget.TextView - Delete wound"), 30): Tapped on element 'Object Repository/Data Preparation/Wound Assessment/android.widget.TextView - Delete wound'

2023-09-07 13:27:05 - [MESSAGE][PASSED] - Tapped on element 'Object Repository/Data Preparation/Wound Assessment/android.widget.TextView - Delete wound'

2023-09-07 13:27:05 - [TEST_STEP][PASSED] - tap(findTestObject("Object Repository/Data Preparation/Wound Assessment/android.widget.Button - CONFIRM"), 30): Tapped on element 'Object Repository/Data Preparation/Wound Assessment/android.widget.Button - CONFIRM'

2023-09-07 13:27:06 - [MESSAGE][PASSED] - Tapped on element 'Object Repository/Data Preparation/Wound Assessment/android.widget.Button - CONFIRM'

2023-09-07 13:27:06 - [TEST_STEP][PASSED] - tap(findTestObject("Object Repository/Data Preparation/Wound Assessment/android.widget.ImageView - add wound"), 30): Tapped on element 'Object Repository/Data Preparation/Wound Assessment/android.widget.ImageView - add wound'

2023-09-07 13:27:09 - [MESSAGE][PASSED] - Tapped on element 'Object Repository/Data Preparation/Wound Assessment/android.widget.ImageView - add wound'

2023-09-07 13:27:09 - [TEST_STEP][PASSED] - tap(findTestObject("Object Repository/Data Preparation/Wound Assessment/android.widget.TextView - Next"), 30): Tapped on element 'Object Repository/Data Preparation/Wound Assessment/android.widget.TextView - Next'

2023-09-07 13:27:10 - [MESSAGE][PASSED] - Tapped on element 'Object Repository/Data Preparation/Wound Assessment/android.widget.TextView - Next'

2023-09-07 13:27:10 - [TEST_STEP][PASSED] - tap(findTestObject("Object Repository/Data Preparation/Wound Assessment/android.widget.TextView - Save"), 30): Tapped on element 'Object Repository/Data Preparation/Wound Assessment/android.widget.TextView - Save'

2023-09-07 13:27:11 - [MESSAGE][PASSED] - Tapped on element 'Object Repository/Data Preparation/Wound Assessment/android.widget.TextView - Save'

2023-09-07 13:27:11 - [TEST_STEP][PASSED] - delay(2, STOP_ON_FAILURE): Delayed 2 second(s)

2023-09-07 13:27:13 - [MESSAGE][PASSED] - Delayed 2 second(s)

2023-09-07 13:27:13 - [TEST_STEP][PASSED] - pressBack(): Press back button successfully

2023-09-07 13:27:13 - [MESSAGE][PASSED] - Press back button successfully

2023-09-07 13:27:13 - [TEST_STEP][PASSED] - scrollToText("MRN: 23ui"): Scrolling to text 'MRN: 23ui' successfully

2023-09-07 13:27:26 - [MESSAGE][PASSED] - Scrolling to text 'MRN: 23ui' successfully

2023-09-07 13:27:26 - [TEST_STEP][PASSED] - tap(findTestObject("Object Repository/Data Preparation/Wound Assessment/android.widget.TextView - MRN 23ui"), 30): Tapped on element 'Object Repository/Data Preparation/Wound Assessment/android.widget.TextView - MRN 23ui'

2023-09-07 13:27:27 - [MESSAGE][PASSED] - Tapped on element 'Object Repository/Data Preparation/Wound Assessment/android.widget.TextView - MRN 23ui'

2023-09-07 13:27:27 - [TEST_STEP][PASSED] - tap(findTestObject("Object Repository/Data Preparation/Wound Assessment/android.view.ViewGroup - wound"), 30): Tapped on element 'Object Repository/Data Preparation/Wound Assessment/android.view.ViewGroup - wound'

2023-09-07 13:27:40 - [MESSAGE][PASSED] - Tapped on element 'Object Repository/Data Preparation/Wound Assessment/android.view.ViewGroup - wound'

2023-09-07 13:27:40 - [TEST_STEP][PASSED] - tap(findTestObject("Data Preparation/Wound Assessment/android.view.ViewGroup - Assessment"), 30): Tapped on element 'Object Repository/Data Preparation/Wound Assessment/android.view.ViewGroup - Assessment'

2023-09-07 13:27:42 - [MESSAGE][PASSED] - Tapped on element 'Object Repository/Data Preparation/Wound Assessment/android.view.ViewGroup - Assessment'

2023-09-07 13:27:42 - [TEST_STEP][PASSED] - tap(findTestObject("Object Repository/Data Preparation/Wound Assessment/android.widget.ImageView"), 30): Tapped on element 'Object Repository/Data Preparation/Wound Assessment/android.widget.ImageView'

2023-09-07 13:27:44 - [MESSAGE][PASSED] - Tapped on element 'Object Repository/Data Preparation/Wound Assessment/android.widget.ImageView'

2023-09-07 13:27:44 - [TEST_STEP][PASSED] - tap(findTestObject("Object Repository/Data Preparation/Wound Assessment/android.widget.TextView - WOUND EDGE"), 30): Tapped on element 'Object Repository/Data Preparation/Wound Assessment/android.widget.TextView - WOUND EDGE'

2023-09-07 13:27:45 - [MESSAGE][PASSED] - Tapped on element 'Object Repository/Data Preparation/Wound Assessment/android.widget.TextView - WOUND EDGE'

2023-09-07 13:27:45 - [TEST_STEP][PASSED] - tap(findTestObject("Object Repository/Data Preparation/Wound Assessment/android.widget.TextView - Attached"), 30): Tapped on element 'Object Repository/Data Preparation/Wound Assessment/android.widget.TextView - Attached'

2023-09-07 13:27:46 - [MESSAGE][PASSED] - Tapped on element 'Object Repository/Data Preparation/Wound Assessment/android.widget.TextView - Attached'

2023-09-07 13:27:46 - [TEST_STEP][PASSED] - tap(findTestObject("Object Repository/Data Preparation/Wound Assessment/android.widget.TextView - PERI WOUND SKIN"), 30): Tapped on element 'Object Repository/Data Preparation/Wound Assessment/android.widget.TextView - PERI WOUND SKIN'

2023-09-07 13:27:47 - [MESSAGE][PASSED] - Tapped on element 'Object Repository/Data Preparation/Wound Assessment/android.widget.TextView - PERI WOUND SKIN'

2023-09-07 13:27:47 - [TEST_STEP][PASSED] - tap(findTestObject("Object Repository/Data Preparation/Wound Assessment/android.widget.TextView - Oedema"), 30): Tapped on element 'Object Repository/Data Preparation/Wound Assessment/android.widget.TextView - Oedema'

2023-09-07 13:27:48 - [MESSAGE][PASSED] - Tapped on element 'Object Repository/Data Preparation/Wound Assessment/android.widget.TextView - Oedema'

2023-09-07 13:27:48 - [TEST_STEP][PASSED] - tap(findTestObject("Object Repository/Data Preparation/Wound Assessment/android.widget.TextView - Save (1)"), 30): Tapped on element 'Object Repository/Data Preparation/Wound Assessment/android.widget.TextView - Save (1)'

2023-09-07 13:27:49 - [MESSAGE][PASSED] - Tapped on element 'Object Repository/Data Preparation/Wound Assessment/android.widget.TextView - Save (1)'

2023-09-07 13:27:49 - [TEST_STEP][PASSED] - verifyElementText(findTestObject("Object Repository/Data Preparation/Wound Assessment/android.widget.TextView - Rolled"), "Rolled"): Actual text and expected text of test object 'Object Repository/Data Preparation/Wound Assessment/android.widget.TextView - Rolled' are matched.

2023-09-07 13:27:51 - [MESSAGE][PASSED] - Actual text and expected text of test object 'Object Repository/Data Preparation/Wound Assessment/android.widget.TextView - Rolled' are matched.

2023-09-07 13:27:51 - [TEST_STEP][PASSED] - verifyElementText(findTestObject("Object Repository/Data Preparation/Wound Assessment/android.widget.TextView - Dry"), "Dry"): Actual text and expected text of test object 'Object Repository/Data Preparation/Wound Assessment/android.widget.TextView - Dry' are matched.

2023-09-07 13:27:51 - [MESSAGE][PASSED] - Actual text and expected text of test object 'Object Repository/Data Preparation/Wound Assessment/android.widget.TextView - Dry' are matched.

2023-09-07 13:27:51 - [TEST_STEP][PASSED] - pressBack(): Press back button successfully

2023-09-07 13:27:52 - [MESSAGE][PASSED] - Press back button successfully

2023-09-07 13:27:52 - [TEST_STEP][PASSED] - pressBack(): Press back button successfully

2023-09-07 13:27:52 - [MESSAGE][PASSED] - Press back button successfully

2023-09-07 13:27:52 - [TEST_STEP][PASSED] - pressBack(): Press back button successfully

2023-09-07 13:27:53 - [MESSAGE][PASSED] - Press back button successfully]]></system-out>
         <system-err><![CDATA[]]></system-err>
      </testcase>
      <testcase name="Test Cases/Data preparation/Wound Management" time="146.458" classname="Test Cases/Data preparation/Wound Management" status="PASSED">
         <system-out><![CDATA[2023-09-07 13:27:53 - [TEST_CASE][PASSED] - Test Cases/Data preparation/Wound Management: Test Cases/Data preparation/Wound Management

2023-09-07 13:27:54 - [TEST_STEP][PASSED] - callTestCase(findTestCase("User Managemenet/Login"), [:], STOP_ON_FAILURE): Call Test Case 'Test Cases/User Managemenet/Login' successfully

2023-09-07 13:27:54 - [TEST_CASE][PASSED] - Test Cases/User Managemenet/Login: Test Cases/User Managemenet/Login

2023-09-07 13:27:54 - [TEST_STEP][PASSED] - startApplication(APK, false): Started app at: 'C:\Users\Amarir\Downloads\APK\IS\IS_Prod_2.1.apk'

2023-09-07 13:28:04 - [MESSAGE][PASSED] - Started app at: 'C:\Users\Amarir\Downloads\APK\IS\IS_Prod_2.1.apk'

2023-09-07 13:28:04 - [TEST_STEP][PASSED] - setText(findTestObject("User Management/Login/android.widget.EditText - password"), LoginCreds.get("password"), 30): Text 'eKare123@' has been set to element 'Object Repository/User Management/Login/android.widget.EditText - password'

2023-09-07 13:28:11 - [MESSAGE][PASSED] - Text 'eKare123@' has been set to element 'Object Repository/User Management/Login/android.widget.EditText - password'

2023-09-07 13:28:11 - [TEST_STEP][PASSED] - setText(findTestObject("User Management/Login/android.widget.EditText - username"), LoginCreds.get("username"), 30): Text 'safakata' has been set to element 'Object Repository/User Management/Login/android.widget.EditText - username'

2023-09-07 13:28:13 - [MESSAGE][PASSED] - Text 'safakata' has been set to element 'Object Repository/User Management/Login/android.widget.EditText - username'

2023-09-07 13:28:13 - [TEST_STEP][PASSED] - tap(findTestObject("User Management/Login/android.view.ViewGroup - sign in"), 30): Tapped on element 'Object Repository/User Management/Login/android.view.ViewGroup - sign in'

2023-09-07 13:28:13 - [MESSAGE][PASSED] - Tapped on element 'Object Repository/User Management/Login/android.view.ViewGroup - sign in'

2023-09-07 13:28:13 - [TEST_STEP][PASSED] - tap(findTestObject("Object Repository/User Management/Login/android.widget.TextView - Katalon"), 30): Tapped on element 'Object Repository/User Management/Login/android.widget.TextView - Katalon'

2023-09-07 13:28:16 - [MESSAGE][PASSED] - Tapped on element 'Object Repository/User Management/Login/android.widget.TextView - Katalon'

2023-09-07 13:28:16 - [TEST_STEP][PASSED] - delay(2, STOP_ON_FAILURE): Delayed 2 second(s)

2023-09-07 13:28:18 - [MESSAGE][PASSED] - Delayed 2 second(s)

2023-09-07 13:28:18 - [TEST_STEP][PASSED] - verifyElementExist(findTestObject("Object Repository/User Management/Login/android.widget.TextView - Patient Directory"), 30): Element 'Object Repository/User Management/Login/android.widget.TextView - Patient Directory' is exist

2023-09-07 13:28:22 - [MESSAGE][PASSED] - Element 'Object Repository/User Management/Login/android.widget.TextView - Patient Directory' is exist

2023-09-07 13:28:22 - [MESSAGE][PASSED] - Call Test Case 'Test Cases/User Managemenet/Login' successfully

2023-09-07 13:28:22 - [TEST_STEP][PASSED] - scrollToText("MRN: 78ui"): Scrolling to text 'MRN: 78ui' successfully

2023-09-07 13:28:23 - [MESSAGE][PASSED] - Scrolling to text 'MRN: 78ui' successfully

2023-09-07 13:28:23 - [TEST_STEP][PASSED] - tap(findTestObject("Object Repository/Data Preparation/Wound Management/android.widget.TextView - MRN 78ui"), 30): Tapped on element 'Object Repository/Data Preparation/Wound Management/android.widget.TextView - MRN 78ui'

2023-09-07 13:28:53 - [MESSAGE][PASSED] - Tapped on element 'Object Repository/Data Preparation/Wound Management/android.widget.TextView - MRN 78ui'

2023-09-07 13:28:53 - [TEST_STEP][PASSED] - tap(findTestObject("Object Repository/Data Preparation/Wound Management/android.view.ViewGroup - wound"), 30): Tapped on element 'Object Repository/Data Preparation/Wound Management/android.view.ViewGroup - wound'

2023-09-07 13:28:56 - [MESSAGE][PASSED] - Tapped on element 'Object Repository/Data Preparation/Wound Management/android.view.ViewGroup - wound'

2023-09-07 13:28:56 - [TEST_STEP][PASSED] - tap(findTestObject("Object Repository/Data Preparation/Wound Management/android.widget.ImageView - menu"), 30): Tapped on element 'Object Repository/Data Preparation/Wound Management/android.widget.ImageView - menu'

2023-09-07 13:29:00 - [MESSAGE][PASSED] - Tapped on element 'Object Repository/Data Preparation/Wound Management/android.widget.ImageView - menu'

2023-09-07 13:29:00 - [TEST_STEP][PASSED] - tap(findTestObject("Object Repository/Data Preparation/Wound Management/android.widget.TextView - Delete wound"), 30): Tapped on element 'Object Repository/Data Preparation/Wound Management/android.widget.TextView - Delete wound'

2023-09-07 13:29:01 - [MESSAGE][PASSED] - Tapped on element 'Object Repository/Data Preparation/Wound Management/android.widget.TextView - Delete wound'

2023-09-07 13:29:01 - [TEST_STEP][PASSED] - tap(findTestObject("Object Repository/Data Preparation/Wound Management/android.widget.Button - CONFIRM"), 30): Tapped on element 'Object Repository/Data Preparation/Wound Management/android.widget.Button - CONFIRM'

2023-09-07 13:29:02 - [MESSAGE][PASSED] - Tapped on element 'Object Repository/Data Preparation/Wound Management/android.widget.Button - CONFIRM'

2023-09-07 13:29:02 - [TEST_STEP][PASSED] - if (verifyElementExist(findTestObject("Object Repository/Data Preparation/Wound Management/android.widget.TextView - Click  above to add a wound"), 30, CONTINUE_ON_FAILURE) == true): null

2023-09-07 13:29:04 - [MESSAGE][PASSED] - Element 'Object Repository/Data Preparation/Wound Management/android.widget.TextView - Click  above to add a wound' is exist

2023-09-07 13:29:04 - [TEST_STEP][PASSED] - pressBack(): Press back button successfully

2023-09-07 13:29:04 - [MESSAGE][PASSED] - Press back button successfully

2023-09-07 13:29:04 - [TEST_STEP][PASSED] - scrollToText("MRN: 86ui"): Scrolling to text 'MRN: 86ui' successfully

2023-09-07 13:29:05 - [MESSAGE][PASSED] - Scrolling to text 'MRN: 86ui' successfully

2023-09-07 13:29:05 - [TEST_STEP][PASSED] - tap(findTestObject("Object Repository/Data Preparation/Wound Management/android.widget.TextView - MRN 86ui"), 30): Tapped on element 'Object Repository/Data Preparation/Wound Management/android.widget.TextView - MRN 86ui'

2023-09-07 13:29:06 - [MESSAGE][PASSED] - Tapped on element 'Object Repository/Data Preparation/Wound Management/android.widget.TextView - MRN 86ui'

2023-09-07 13:29:06 - [TEST_STEP][PASSED] - tap(findTestObject("Object Repository/Data Preparation/Wound Management/android.view.ViewGroup - wound"), 30): Tapped on element 'Object Repository/Data Preparation/Wound Management/android.view.ViewGroup - wound'

2023-09-07 13:29:08 - [MESSAGE][PASSED] - Tapped on element 'Object Repository/Data Preparation/Wound Management/android.view.ViewGroup - wound'

2023-09-07 13:29:08 - [TEST_STEP][PASSED] - tap(findTestObject("Object Repository/Data Preparation/Wound Management/android.widget.ImageView - menu"), 30): Tapped on element 'Object Repository/Data Preparation/Wound Management/android.widget.ImageView - menu'

2023-09-07 13:29:11 - [MESSAGE][PASSED] - Tapped on element 'Object Repository/Data Preparation/Wound Management/android.widget.ImageView - menu'

2023-09-07 13:29:11 - [TEST_STEP][PASSED] - tap(findTestObject("Data Preparation/Wound Management/android.widget.TextView - Delete wound"), 30): Tapped on element 'Object Repository/Data Preparation/Wound Management/android.widget.TextView - Delete wound'

2023-09-07 13:29:12 - [MESSAGE][PASSED] - Tapped on element 'Object Repository/Data Preparation/Wound Management/android.widget.TextView - Delete wound'

2023-09-07 13:29:12 - [TEST_STEP][PASSED] - tap(findTestObject("Data Preparation/Wound Management/android.widget.Button - CONFIRM"), 30): Tapped on element 'Object Repository/Data Preparation/Wound Management/android.widget.Button - CONFIRM'

2023-09-07 13:29:13 - [MESSAGE][PASSED] - Tapped on element 'Object Repository/Data Preparation/Wound Management/android.widget.Button - CONFIRM'

2023-09-07 13:29:13 - [TEST_STEP][PASSED] - tap(findTestObject("Data Preparation/Wound Management/android.widget.ImageView - add wound"), 30): Tapped on element 'Object Repository/Data Preparation/Wound Management/android.widget.ImageView - add wound'

2023-09-07 13:29:14 - [MESSAGE][PASSED] - Tapped on element 'Object Repository/Data Preparation/Wound Management/android.widget.ImageView - add wound'

2023-09-07 13:29:14 - [TEST_STEP][PASSED] - tap(findTestObject("Data Preparation/Wound Management/android.widget.TextView - Next"), 30): Tapped on element 'Object Repository/Data Preparation/Wound Management/android.widget.TextView - Next'

2023-09-07 13:29:15 - [MESSAGE][PASSED] - Tapped on element 'Object Repository/Data Preparation/Wound Management/android.widget.TextView - Next'

2023-09-07 13:29:15 - [TEST_STEP][PASSED] - tap(findTestObject("Data Preparation/Wound Management/android.widget.TextView - Save"), 30): Tapped on element 'Object Repository/Data Preparation/Wound Management/android.widget.TextView - Save'

2023-09-07 13:29:16 - [MESSAGE][PASSED] - Tapped on element 'Object Repository/Data Preparation/Wound Management/android.widget.TextView - Save'

2023-09-07 13:29:16 - [TEST_STEP][PASSED] - verifyElementExist(findTestObject("Data Preparation/Wound Management/android.view.ViewGroup - wound"), 30): Element 'Object Repository/Data Preparation/Wound Management/android.view.ViewGroup - wound' is exist

2023-09-07 13:29:20 - [MESSAGE][PASSED] - Element 'Object Repository/Data Preparation/Wound Management/android.view.ViewGroup - wound' is exist

2023-09-07 13:29:20 - [TEST_STEP][PASSED] - pressBack(): Press back button successfully

2023-09-07 13:29:20 - [MESSAGE][PASSED] - Press back button successfully

2023-09-07 13:29:20 - [TEST_STEP][PASSED] - scrollToText("MRN: 87ui"): Scrolling to text 'MRN: 87ui' successfully

2023-09-07 13:29:29 - [MESSAGE][PASSED] - Scrolling to text 'MRN: 87ui' successfully

2023-09-07 13:29:29 - [TEST_STEP][PASSED] - tap(findTestObject("Object Repository/Data Preparation/Wound Management/android.widget.TextView - MRN 87ui"), 30): Tapped on element 'Object Repository/Data Preparation/Wound Management/android.widget.TextView - MRN 87ui'

2023-09-07 13:29:30 - [MESSAGE][PASSED] - Tapped on element 'Object Repository/Data Preparation/Wound Management/android.widget.TextView - MRN 87ui'

2023-09-07 13:29:30 - [TEST_STEP][PASSED] - tap(findTestObject("Data Preparation/Wound Management/android.view.ViewGroup - wound"), 30): Tapped on element 'Object Repository/Data Preparation/Wound Management/android.view.ViewGroup - wound'

2023-09-07 13:29:32 - [MESSAGE][PASSED] - Tapped on element 'Object Repository/Data Preparation/Wound Management/android.view.ViewGroup - wound'

2023-09-07 13:29:32 - [TEST_STEP][PASSED] - tap(findTestObject("Object Repository/Data Preparation/Wound Management/android.widget.ImageView (1)"), 30): Tapped on element 'Object Repository/Data Preparation/Wound Management/android.widget.ImageView (1)'

2023-09-07 13:29:35 - [MESSAGE][PASSED] - Tapped on element 'Object Repository/Data Preparation/Wound Management/android.widget.ImageView (1)'

2023-09-07 13:29:35 - [TEST_STEP][PASSED] - tap(findTestObject("Object Repository/Data Preparation/Wound Management/android.widget.TextView - Active"), 30): Tapped on element 'Object Repository/Data Preparation/Wound Management/android.widget.TextView - Active'

2023-09-07 13:29:36 - [MESSAGE][PASSED] - Tapped on element 'Object Repository/Data Preparation/Wound Management/android.widget.TextView - Active'

2023-09-07 13:29:36 - [TEST_STEP][PASSED] - verifyElementText(findTestObject("Object Repository/Data Preparation/Wound Management/android.widget.TextView - Active (1)"), "Active"): Actual text and expected text of test object 'Object Repository/Data Preparation/Wound Management/android.widget.TextView - Active (1)' are matched.

2023-09-07 13:29:37 - [MESSAGE][PASSED] - Actual text and expected text of test object 'Object Repository/Data Preparation/Wound Management/android.widget.TextView - Active (1)' are matched.

2023-09-07 13:29:37 - [TEST_STEP][PASSED] - pressBack(): Press back button successfully

2023-09-07 13:29:38 - [MESSAGE][PASSED] - Press back button successfully

2023-09-07 13:29:38 - [TEST_STEP][PASSED] - pressBack(): Press back button successfully

2023-09-07 13:29:38 - [MESSAGE][PASSED] - Press back button successfully

2023-09-07 13:29:38 - [TEST_STEP][PASSED] - scrollToText("MRN: 89ui"): Scrolling to text 'MRN: 89ui' successfully

2023-09-07 13:29:39 - [MESSAGE][PASSED] - Scrolling to text 'MRN: 89ui' successfully

2023-09-07 13:29:39 - [TEST_STEP][PASSED] - tap(findTestObject("Object Repository/Data Preparation/Wound Management/android.widget.TextView - MRN 89ui"), 30): Tapped on element 'Object Repository/Data Preparation/Wound Management/android.widget.TextView - MRN 89ui'

2023-09-07 13:29:40 - [MESSAGE][PASSED] - Tapped on element 'Object Repository/Data Preparation/Wound Management/android.widget.TextView - MRN 89ui'

2023-09-07 13:29:40 - [TEST_STEP][PASSED] - tap(findTestObject("Data Preparation/Wound Management/android.view.ViewGroup - wound"), 30): Tapped on element 'Object Repository/Data Preparation/Wound Management/android.view.ViewGroup - wound'

2023-09-07 13:29:42 - [MESSAGE][PASSED] - Tapped on element 'Object Repository/Data Preparation/Wound Management/android.view.ViewGroup - wound'

2023-09-07 13:29:42 - [TEST_STEP][PASSED] - tap(findTestObject("Data Preparation/Wound Management/android.widget.ImageView - menu"), 30): Tapped on element 'Object Repository/Data Preparation/Wound Management/android.widget.ImageView - menu'

2023-09-07 13:29:44 - [MESSAGE][PASSED] - Tapped on element 'Object Repository/Data Preparation/Wound Management/android.widget.ImageView - menu'

2023-09-07 13:29:44 - [TEST_STEP][PASSED] - tap(findTestObject("Object Repository/Data Preparation/Wound Management/android.widget.TextView - Unlock wound"), 30): Tapped on element 'Object Repository/Data Preparation/Wound Management/android.widget.TextView - Unlock wound'

2023-09-07 13:29:46 - [MESSAGE][PASSED] - Tapped on element 'Object Repository/Data Preparation/Wound Management/android.widget.TextView - Unlock wound'

2023-09-07 13:29:46 - [TEST_STEP][PASSED] - pressBack(): Press back button successfully

2023-09-07 13:29:48 - [MESSAGE][PASSED] - Press back button successfully

2023-09-07 13:29:48 - [TEST_STEP][PASSED] - pressBack(): Press back button successfully

2023-09-07 13:29:49 - [MESSAGE][PASSED] - Press back button successfully

2023-09-07 13:29:49 - [TEST_STEP][PASSED] - scrollToText("MRN: 90ui"): Scrolling to text 'MRN: 90ui' successfully

2023-09-07 13:29:49 - [MESSAGE][PASSED] - Scrolling to text 'MRN: 90ui' successfully

2023-09-07 13:29:49 - [TEST_STEP][PASSED] - tap(findTestObject("Object Repository/Data Preparation/Wound Management/android.widget.TextView - MRN 90ui"), 30): Tapped on element 'Object Repository/Data Preparation/Wound Management/android.widget.TextView - MRN 90ui'

2023-09-07 13:29:50 - [MESSAGE][PASSED] - Tapped on element 'Object Repository/Data Preparation/Wound Management/android.widget.TextView - MRN 90ui'

2023-09-07 13:29:50 - [TEST_STEP][PASSED] - tap(findTestObject("Data Preparation/Wound Management/android.view.ViewGroup - wound"), 30): Tapped on element 'Object Repository/Data Preparation/Wound Management/android.view.ViewGroup - wound'

2023-09-07 13:29:53 - [MESSAGE][PASSED] - Tapped on element 'Object Repository/Data Preparation/Wound Management/android.view.ViewGroup - wound'

2023-09-07 13:29:53 - [TEST_STEP][PASSED] - tap(findTestObject("Wound Management/Edit Wound/android.widget.ImageView - MENU (1)"), 30): Tapped on element 'Object Repository/Wound Management/Edit Wound/android.widget.ImageView - MENU (1)'

2023-09-07 13:29:55 - [MESSAGE][PASSED] - Tapped on element 'Object Repository/Wound Management/Edit Wound/android.widget.ImageView - MENU (1)'

2023-09-07 13:29:55 - [TEST_STEP][PASSED] - tap(findTestObject("Object Repository/Data Preparation/Wound Management/android.widget.TextView - Lock wound"), 30): Tapped on element 'Object Repository/Data Preparation/Wound Management/android.widget.TextView - Lock wound'

2023-09-07 13:29:57 - [MESSAGE][PASSED] - Tapped on element 'Object Repository/Data Preparation/Wound Management/android.widget.TextView - Lock wound'

2023-09-07 13:29:57 - [TEST_STEP][PASSED] - pressBack(): Press back button successfully

2023-09-07 13:29:59 - [MESSAGE][PASSED] - Press back button successfully

2023-09-07 13:29:59 - [TEST_STEP][PASSED] - pressBack(): Press back button successfully

2023-09-07 13:29:59 - [MESSAGE][PASSED] - Press back button successfully

2023-09-07 13:29:59 - [TEST_STEP][PASSED] - scrollToText("MRN: 91ui"): Scrolling to text 'MRN: 91ui' successfully

2023-09-07 13:30:11 - [MESSAGE][PASSED] - Scrolling to text 'MRN: 91ui' successfully

2023-09-07 13:30:11 - [TEST_STEP][PASSED] - tap(findTestObject("Object Repository/Data Preparation/Wound Management/android.widget.TextView - MRN 91ui"), 30): Tapped on element 'Object Repository/Data Preparation/Wound Management/android.widget.TextView - MRN 91ui'

2023-09-07 13:30:12 - [MESSAGE][PASSED] - Tapped on element 'Object Repository/Data Preparation/Wound Management/android.widget.TextView - MRN 91ui'

2023-09-07 13:30:12 - [TEST_STEP][PASSED] - tap(findTestObject("Data Preparation/Wound Management/android.widget.ImageView - add wound"), 30): Tapped on element 'Object Repository/Data Preparation/Wound Management/android.widget.ImageView - add wound'

2023-09-07 13:30:14 - [MESSAGE][PASSED] - Tapped on element 'Object Repository/Data Preparation/Wound Management/android.widget.ImageView - add wound'

2023-09-07 13:30:14 - [TEST_STEP][PASSED] - tap(findTestObject("Object Repository/Data Preparation/Wound Management/android.widget.TextView - Next"), 30): Tapped on element 'Object Repository/Data Preparation/Wound Management/android.widget.TextView - Next'

2023-09-07 13:30:15 - [MESSAGE][PASSED] - Tapped on element 'Object Repository/Data Preparation/Wound Management/android.widget.TextView - Next'

2023-09-07 13:30:15 - [TEST_STEP][PASSED] - tap(findTestObject("Object Repository/Data Preparation/Wound Management/android.widget.TextView - Save"), 30): Tapped on element 'Object Repository/Data Preparation/Wound Management/android.widget.TextView - Save'

2023-09-07 13:30:16 - [MESSAGE][PASSED] - Tapped on element 'Object Repository/Data Preparation/Wound Management/android.widget.TextView - Save'

2023-09-07 13:30:16 - [TEST_STEP][PASSED] - verifyElementExist(findTestObject("Data Preparation/Wound Management/android.view.ViewGroup - wound"), 30): Element 'Object Repository/Data Preparation/Wound Management/android.view.ViewGroup - wound' is exist

2023-09-07 13:30:19 - [MESSAGE][PASSED] - Element 'Object Repository/Data Preparation/Wound Management/android.view.ViewGroup - wound' is exist

2023-09-07 13:30:19 - [TEST_STEP][PASSED] - pressBack(): Press back button successfully

2023-09-07 13:30:20 - [MESSAGE][PASSED] - Press back button successfully]]></system-out>
         <system-err><![CDATA[]]></system-err>
      </testcase>
      <system-out><![CDATA[2023-09-07 13:23:44 - [TEST_SUITE][PASSED] - Data Preparation: Test Cases/Data preparation/Wound Management]]></system-out>
      <system-err><![CDATA[]]></system-err>
   </testsuite>
</testsuites>
