<?xml version="1.0" encoding="UTF-8"?>
<testsuites name="Data report" time="127.474" tests="4" failures="0" errors="0">
   <testsuite name="Data report" tests="4" failures="0" errors="0" time="127.474" skipped="0" timestamp="2023-08-13 17:41:26" hostname="Amarir - DESKTOP-EE3F8H4" id="Test Suites/Data report">
      <properties>
         <property name="deviceName" value="samsung SM-N975F (Android 12)"/>
         <property name="devicePlatform" value=""/>
         <property name="logFolder" value="C:\\Users\\Amarir\\git\\IS_Katalon_Lite_Version\\Reports\\20230813_174111\\Data report\\20230813_174111"/>
         <property name="logFiles" value="C:\\Users\\Amarir\\git\\IS_Katalon_Lite_Version\\Reports\\20230813_174111\\Data report\\20230813_174111\\appium.log, C:\\Users\\Amarir\\git\\IS_Katalon_Lite_Version\\Reports\\20230813_174111\\Data report\\20230813_174111\\execution0.log"/>
         <property name="attachments" value=""/>
         <property name="hostName" value="Amarir - DESKTOP-EE3F8H4"/>
         <property name="os" value="Windows 10 64bit"/>
         <property name="appiumServerStatus" value="{&quot;value&quot;:{&quot;build&quot;:{&quot;version&quot;:&quot;1.22.0&quot;}},&quot;sessionId&quot;:null,&quot;status&quot;:0}"/>
         <property name="katalonVersion" value="8.6.0.208"/>
         <property name="deviceOS" value="Android"/>
         <property name="appiumVersion" value="1.22.0"/>
         <property name="deviceModel" value="SM-N975F"/>
         <property name="hostAddress" value="192.168.234.1"/>
         <property name="deviceManufacturer" value="samsung"/>
         <property name="deviceId" value="RF8N307NKZV"/>
         <property name="deviceName" value="samsung SM-N975F (Android 12)"/>
         <property name="deviceOSVersion" value="12"/>
      </properties>
      <testcase name="Test Cases/User Managemenet/Login" time="63.466" classname="Test Cases/User Managemenet/Login" status="PASSED">
         <system-out><![CDATA[2023-08-13 17:41:27 - [TEST_CASE][PASSED] - Test Cases/User Managemenet/Login: Test Cases/User Managemenet/Login

2023-08-13 17:41:29 - [TEST_STEP][PASSED] - startApplication(APK, false): Started app at: 'C:\Users\Amarir\Downloads\APK\IS\IS_77.apk'

2023-08-13 17:41:33 - [MESSAGE][INFO] - Detected NodeJS location: "C:\Program Files\nodejs\node.exe"

2023-08-13 17:41:37 - [MESSAGE][INFO] - Appium server started on port 65,058

2023-08-13 17:42:11 - [MESSAGE][PASSED] - Started app at: 'C:\Users\Amarir\Downloads\APK\IS\IS_77.apk'

2023-08-13 17:42:11 - [TEST_STEP][PASSED] - setText(findTestObject("User Management/Login/android.widget.EditText - username"), LoginCreds.get("username"), 30): Text 'Katalon' has been set to element 'Object Repository/User Management/Login/android.widget.EditText - username'

2023-08-13 17:42:20 - [MESSAGE][PASSED] - Text 'Katalon' has been set to element 'Object Repository/User Management/Login/android.widget.EditText - username'

2023-08-13 17:42:20 - [TEST_STEP][PASSED] - setText(findTestObject("User Management/Login/android.widget.EditText - password"), LoginCreds.get("password"), 30): Text 'eKare123@' has been set to element 'Object Repository/User Management/Login/android.widget.EditText - password'

2023-08-13 17:42:22 - [MESSAGE][PASSED] - Text 'eKare123@' has been set to element 'Object Repository/User Management/Login/android.widget.EditText - password'

2023-08-13 17:42:22 - [TEST_STEP][PASSED] - tap(findTestObject("User Management/Login/android.view.ViewGroup - sign in"), 30): Tapped on element 'Object Repository/User Management/Login/android.view.ViewGroup - sign in'

2023-08-13 17:42:22 - [MESSAGE][PASSED] - Tapped on element 'Object Repository/User Management/Login/android.view.ViewGroup - sign in'

2023-08-13 17:42:22 - [TEST_STEP][PASSED] - tap(findTestObject("Object Repository/User Management/Login/android.widget.TextView - Katalon"), 30): Tapped on element 'Object Repository/User Management/Login/android.widget.TextView - Katalon'

2023-08-13 17:42:24 - [MESSAGE][PASSED] - Tapped on element 'Object Repository/User Management/Login/android.widget.TextView - Katalon'

2023-08-13 17:42:24 - [TEST_STEP][PASSED] - delay(2, STOP_ON_FAILURE): Delayed 2 second(s)

2023-08-13 17:42:27 - [MESSAGE][PASSED] - Delayed 2 second(s)

2023-08-13 17:42:27 - [TEST_STEP][PASSED] - verifyElementExist(findTestObject("Object Repository/User Management/Login/android.widget.TextView - Patient Directory"), 30): Element 'Object Repository/User Management/Login/android.widget.TextView - Patient Directory' is exist

2023-08-13 17:42:31 - [MESSAGE][PASSED] - Element 'Object Repository/User Management/Login/android.widget.TextView - Patient Directory' is exist]]></system-out>
         <system-err><![CDATA[]]></system-err>
      </testcase>
      <testcase name="Test Cases/Data Report/Pateint (PDF) Report" time="25.574" classname="Test Cases/Data Report/Pateint (PDF) Report" status="PASSED">
         <system-out><![CDATA[2023-08-13 17:42:31 - [TEST_CASE][PASSED] - Test Cases/Data Report/Pateint (PDF) Report: Test Cases/Data Report/Pateint (PDF) Report

2023-08-13 17:42:32 - [TEST_STEP][PASSED] - scrollToText("MRN: 11ui"): Scrolling to text 'MRN: 11ui' successfully

2023-08-13 17:42:42 - [MESSAGE][PASSED] - Scrolling to text 'MRN: 11ui' successfully

2023-08-13 17:42:42 - [TEST_STEP][PASSED] - tap(findTestObject("Object Repository/Data Report/Patient (PDF) Report/android.widget.TextView - MRN 11ui"), 30): Tapped on element 'Object Repository/Data Report/Patient (PDF) Report/android.widget.TextView - MRN 11ui'

2023-08-13 17:42:43 - [MESSAGE][PASSED] - Tapped on element 'Object Repository/Data Report/Patient (PDF) Report/android.widget.TextView - MRN 11ui'

2023-08-13 17:42:43 - [TEST_STEP][PASSED] - tap(findTestObject("Object Repository/Data Report/Patient (PDF) Report/android.widget.ImageView - Menu"), 30): Tapped on element 'Object Repository/Data Report/Patient (PDF) Report/android.widget.ImageView - Menu'

2023-08-13 17:42:45 - [MESSAGE][PASSED] - Tapped on element 'Object Repository/Data Report/Patient (PDF) Report/android.widget.ImageView - Menu'

2023-08-13 17:42:45 - [TEST_STEP][PASSED] - verifyElementText(findTestObject("Object Repository/Data Report/Patient (PDF) Report/android.widget.TextView - Generate Report"), "Generate Report"): Actual text and expected text of test object 'Object Repository/Data Report/Patient (PDF) Report/android.widget.TextView - Generate Report' are matched.

2023-08-13 17:42:46 - [MESSAGE][PASSED] - Actual text and expected text of test object 'Object Repository/Data Report/Patient (PDF) Report/android.widget.TextView - Generate Report' are matched.

2023-08-13 17:42:46 - [TEST_STEP][PASSED] - tap(findTestObject("Data Report/Patient (PDF) Report/android.widget.TextView - Generate Report"), 30): Tapped on element 'Object Repository/Data Report/Patient (PDF) Report/android.widget.TextView - Generate Report'

2023-08-13 17:42:47 - [MESSAGE][PASSED] - Tapped on element 'Object Repository/Data Report/Patient (PDF) Report/android.widget.TextView - Generate Report'

2023-08-13 17:42:47 - [TEST_STEP][PASSED] - verifyElementText(findTestObject("Object Repository/Data Report/Patient (PDF) Report/android.widget.TextView - Generate"), "Generate"): Actual text and expected text of test object 'Object Repository/Data Report/Patient (PDF) Report/android.widget.TextView - Generate' are matched.

2023-08-13 17:42:48 - [MESSAGE][PASSED] - Actual text and expected text of test object 'Object Repository/Data Report/Patient (PDF) Report/android.widget.TextView - Generate' are matched.

2023-08-13 17:42:48 - [TEST_STEP][PASSED] - tap(findTestObject("Data Report/Patient (PDF) Report/android.widget.TextView - Generate"), 30): Tapped on element 'Object Repository/Data Report/Patient (PDF) Report/android.widget.TextView - Generate'

2023-08-13 17:42:49 - [MESSAGE][PASSED] - Tapped on element 'Object Repository/Data Report/Patient (PDF) Report/android.widget.TextView - Generate'

2023-08-13 17:42:49 - [TEST_STEP][PASSED] - delay(5, STOP_ON_FAILURE): Delayed 5 second(s)

2023-08-13 17:42:54 - [MESSAGE][PASSED] - Delayed 5 second(s)

2023-08-13 17:42:54 - [TEST_STEP][PASSED] - verifyElementExist(findTestObject("Object Repository/Data Report/Patient (PDF) Report/android.widget.RelativeLayout"), 30): Element 'Object Repository/Data Report/Patient (PDF) Report/android.widget.RelativeLayout' is exist

2023-08-13 17:42:54 - [MESSAGE][PASSED] - Element 'Object Repository/Data Report/Patient (PDF) Report/android.widget.RelativeLayout' is exist

2023-08-13 17:42:54 - [TEST_STEP][PASSED] - pressBack(): Press back button successfully

2023-08-13 17:42:55 - [MESSAGE][PASSED] - Press back button successfully

2023-08-13 17:42:55 - [TEST_STEP][PASSED] - pressBack(): Press back button successfully

2023-08-13 17:42:55 - [MESSAGE][PASSED] - Press back button successfully

2023-08-13 17:42:55 - [TEST_STEP][PASSED] - pressBack(): Press back button successfully

2023-08-13 17:42:56 - [MESSAGE][PASSED] - Press back button successfully]]></system-out>
         <system-err><![CDATA[]]></system-err>
      </testcase>
      <testcase name="Test Cases/Data Report/PDF report logo customization" time="18.742" classname="Test Cases/Data Report/PDF report logo customization" status="PASSED">
         <system-out><![CDATA[2023-08-13 17:42:56 - [TEST_CASE][PASSED] - Test Cases/Data Report/PDF report logo customization: Test Cases/Data Report/PDF report logo customization

2023-08-13 17:42:57 - [TEST_STEP][PASSED] - scrollToText("MRN: 11ui"): Scrolling to text 'MRN: 11ui' successfully

2023-08-13 17:42:58 - [MESSAGE][PASSED] - Scrolling to text 'MRN: 11ui' successfully

2023-08-13 17:42:58 - [TEST_STEP][PASSED] - tap(findTestObject("Object Repository/Data Report/Patient (PDF) Report/android.widget.TextView - MRN 11ui"), 30): Tapped on element 'Object Repository/Data Report/Patient (PDF) Report/android.widget.TextView - MRN 11ui'

2023-08-13 17:42:59 - [MESSAGE][PASSED] - Tapped on element 'Object Repository/Data Report/Patient (PDF) Report/android.widget.TextView - MRN 11ui'

2023-08-13 17:42:59 - [TEST_STEP][PASSED] - tap(findTestObject("Object Repository/Data Report/Patient (PDF) Report/android.widget.ImageView - Menu"), 30): Tapped on element 'Object Repository/Data Report/Patient (PDF) Report/android.widget.ImageView - Menu'

2023-08-13 17:43:01 - [MESSAGE][PASSED] - Tapped on element 'Object Repository/Data Report/Patient (PDF) Report/android.widget.ImageView - Menu'

2023-08-13 17:43:01 - [TEST_STEP][PASSED] - verifyElementText(findTestObject("Object Repository/Data Report/Patient (PDF) Report/android.widget.TextView - Generate Report"), "Generate Report"): Actual text and expected text of test object 'Object Repository/Data Report/Patient (PDF) Report/android.widget.TextView - Generate Report' are matched.

2023-08-13 17:43:02 - [MESSAGE][PASSED] - Actual text and expected text of test object 'Object Repository/Data Report/Patient (PDF) Report/android.widget.TextView - Generate Report' are matched.

2023-08-13 17:43:02 - [TEST_STEP][PASSED] - tap(findTestObject("Data Report/Patient (PDF) Report/android.widget.TextView - Generate Report"), 30): Tapped on element 'Object Repository/Data Report/Patient (PDF) Report/android.widget.TextView - Generate Report'

2023-08-13 17:43:03 - [MESSAGE][PASSED] - Tapped on element 'Object Repository/Data Report/Patient (PDF) Report/android.widget.TextView - Generate Report'

2023-08-13 17:43:03 - [TEST_STEP][PASSED] - tap(findTestObject("Object Repository/Data Report/Patient (PDF) Report/android.widget.TextView - Default logo (eKare)"), 30): Tapped on element 'Object Repository/Data Report/Patient (PDF) Report/android.widget.TextView - Default logo (eKare)'

2023-08-13 17:43:05 - [MESSAGE][PASSED] - Tapped on element 'Object Repository/Data Report/Patient (PDF) Report/android.widget.TextView - Default logo (eKare)'

2023-08-13 17:43:05 - [TEST_STEP][PASSED] - tap(findTestObject("Object Repository/Data Report/Patient (PDF) Report/android.widget.TextView - Custom logo On the web, go to Menu  Settings"), 30): Tapped on element 'Object Repository/Data Report/Patient (PDF) Report/android.widget.TextView - Custom logo On the web, go to Menu  Settings'

2023-08-13 17:43:06 - [MESSAGE][PASSED] - Tapped on element 'Object Repository/Data Report/Patient (PDF) Report/android.widget.TextView - Custom logo On the web, go to Menu  Settings'

2023-08-13 17:43:06 - [TEST_STEP][PASSED] - verifyElementText(findTestObject("Object Repository/Data Report/Patient (PDF) Report/android.widget.TextView - Generate"), "Generate"): Actual text and expected text of test object 'Object Repository/Data Report/Patient (PDF) Report/android.widget.TextView - Generate' are matched.

2023-08-13 17:43:07 - [MESSAGE][PASSED] - Actual text and expected text of test object 'Object Repository/Data Report/Patient (PDF) Report/android.widget.TextView - Generate' are matched.

2023-08-13 17:43:07 - [TEST_STEP][PASSED] - tap(findTestObject("Data Report/Patient (PDF) Report/android.widget.TextView - Generate"), 30): Tapped on element 'Object Repository/Data Report/Patient (PDF) Report/android.widget.TextView - Generate'

2023-08-13 17:43:08 - [MESSAGE][PASSED] - Tapped on element 'Object Repository/Data Report/Patient (PDF) Report/android.widget.TextView - Generate'

2023-08-13 17:43:08 - [TEST_STEP][PASSED] - delay(5, STOP_ON_FAILURE): Delayed 5 second(s)

2023-08-13 17:43:13 - [MESSAGE][PASSED] - Delayed 5 second(s)

2023-08-13 17:43:13 - [TEST_STEP][PASSED] - verifyElementExist(findTestObject("Object Repository/Data Report/Patient (PDF) Report/android.widget.RelativeLayout"), 30): Element 'Object Repository/Data Report/Patient (PDF) Report/android.widget.RelativeLayout' is exist

2023-08-13 17:43:13 - [MESSAGE][PASSED] - Element 'Object Repository/Data Report/Patient (PDF) Report/android.widget.RelativeLayout' is exist

2023-08-13 17:43:13 - [TEST_STEP][PASSED] - pressBack(): Press back button successfully

2023-08-13 17:43:14 - [MESSAGE][PASSED] - Press back button successfully

2023-08-13 17:43:14 - [TEST_STEP][PASSED] - pressBack(): Press back button successfully

2023-08-13 17:43:14 - [MESSAGE][PASSED] - Press back button successfully

2023-08-13 17:43:14 - [TEST_STEP][PASSED] - pressBack(): Press back button successfully

2023-08-13 17:43:15 - [MESSAGE][PASSED] - Press back button successfully]]></system-out>
         <system-err><![CDATA[]]></system-err>
      </testcase>
      <testcase name="Test Cases/Data Report/Patient (PDF) report with date range" time="18.808" classname="Test Cases/Data Report/Patient (PDF) report with date range" status="PASSED">
         <system-out><![CDATA[2023-08-13 17:43:15 - [TEST_CASE][PASSED] - Test Cases/Data Report/Patient (PDF) report with date range: Test Cases/Data Report/Patient (PDF) report with date range

2023-08-13 17:43:16 - [TEST_STEP][PASSED] - scrollToText("MRN: 11ui"): Scrolling to text 'MRN: 11ui' successfully

2023-08-13 17:43:17 - [MESSAGE][PASSED] - Scrolling to text 'MRN: 11ui' successfully

2023-08-13 17:43:17 - [TEST_STEP][PASSED] - tap(findTestObject("Object Repository/Data Report/Patient (PDF) Report/android.widget.TextView - MRN 11ui"), 30): Tapped on element 'Object Repository/Data Report/Patient (PDF) Report/android.widget.TextView - MRN 11ui'

2023-08-13 17:43:17 - [MESSAGE][PASSED] - Tapped on element 'Object Repository/Data Report/Patient (PDF) Report/android.widget.TextView - MRN 11ui'

2023-08-13 17:43:17 - [TEST_STEP][PASSED] - tap(findTestObject("Object Repository/Data Report/Patient (PDF) Report/android.widget.ImageView - Menu"), 30): Tapped on element 'Object Repository/Data Report/Patient (PDF) Report/android.widget.ImageView - Menu'

2023-08-13 17:43:20 - [MESSAGE][PASSED] - Tapped on element 'Object Repository/Data Report/Patient (PDF) Report/android.widget.ImageView - Menu'

2023-08-13 17:43:20 - [TEST_STEP][PASSED] - verifyElementText(findTestObject("Object Repository/Data Report/Patient (PDF) Report/android.widget.TextView - Generate Report"), "Generate Report"): Actual text and expected text of test object 'Object Repository/Data Report/Patient (PDF) Report/android.widget.TextView - Generate Report' are matched.

2023-08-13 17:43:21 - [MESSAGE][PASSED] - Actual text and expected text of test object 'Object Repository/Data Report/Patient (PDF) Report/android.widget.TextView - Generate Report' are matched.

2023-08-13 17:43:21 - [TEST_STEP][PASSED] - tap(findTestObject("Data Report/Patient (PDF) Report/android.widget.TextView - Generate Report"), 30): Tapped on element 'Object Repository/Data Report/Patient (PDF) Report/android.widget.TextView - Generate Report'

2023-08-13 17:43:21 - [MESSAGE][PASSED] - Tapped on element 'Object Repository/Data Report/Patient (PDF) Report/android.widget.TextView - Generate Report'

2023-08-13 17:43:21 - [TEST_STEP][PASSED] - tap(findTestObject("Object Repository/Data Report/Patient (PDF) Report/android.widget.TextView - Date Range"), 0): Tapped on element 'Object Repository/Data Report/Patient (PDF) Report/android.widget.TextView - Date Range'

2023-08-13 17:43:21 - [MESSAGE][WARNING] - Timeout '0' is invalid. Using default page load timeout: '30'

2023-08-13 17:43:23 - [MESSAGE][PASSED] - Tapped on element 'Object Repository/Data Report/Patient (PDF) Report/android.widget.TextView - Date Range'

2023-08-13 17:43:23 - [TEST_STEP][PASSED] - tap(findTestObject("Object Repository/Data Report/Patient (PDF) Report/android.widget.TextView - Wounds"), 0): Tapped on element 'Object Repository/Data Report/Patient (PDF) Report/android.widget.TextView - Wounds'

2023-08-13 17:43:23 - [MESSAGE][WARNING] - Timeout '0' is invalid. Using default page load timeout: '30'

2023-08-13 17:43:25 - [MESSAGE][PASSED] - Tapped on element 'Object Repository/Data Report/Patient (PDF) Report/android.widget.TextView - Wounds'

2023-08-13 17:43:25 - [TEST_STEP][PASSED] - verifyElementText(findTestObject("Object Repository/Data Report/Patient (PDF) Report/android.widget.TextView - Generate"), "Generate"): Actual text and expected text of test object 'Object Repository/Data Report/Patient (PDF) Report/android.widget.TextView - Generate' are matched.

2023-08-13 17:43:26 - [MESSAGE][PASSED] - Actual text and expected text of test object 'Object Repository/Data Report/Patient (PDF) Report/android.widget.TextView - Generate' are matched.

2023-08-13 17:43:26 - [TEST_STEP][PASSED] - tap(findTestObject("Data Report/Patient (PDF) Report/android.widget.TextView - Generate"), 30): Tapped on element 'Object Repository/Data Report/Patient (PDF) Report/android.widget.TextView - Generate'

2023-08-13 17:43:26 - [MESSAGE][PASSED] - Tapped on element 'Object Repository/Data Report/Patient (PDF) Report/android.widget.TextView - Generate'

2023-08-13 17:43:26 - [TEST_STEP][PASSED] - delay(5, STOP_ON_FAILURE): Delayed 5 second(s)

2023-08-13 17:43:32 - [MESSAGE][PASSED] - Delayed 5 second(s)

2023-08-13 17:43:32 - [TEST_STEP][PASSED] - verifyElementExist(findTestObject("Object Repository/Data Report/Patient (PDF) Report/android.widget.RelativeLayout"), 30): Element 'Object Repository/Data Report/Patient (PDF) Report/android.widget.RelativeLayout' is exist

2023-08-13 17:43:32 - [MESSAGE][PASSED] - Element 'Object Repository/Data Report/Patient (PDF) Report/android.widget.RelativeLayout' is exist

2023-08-13 17:43:32 - [TEST_STEP][PASSED] - pressBack(): Press back button successfully

2023-08-13 17:43:33 - [MESSAGE][PASSED] - Press back button successfully

2023-08-13 17:43:33 - [TEST_STEP][PASSED] - pressBack(): Press back button successfully

2023-08-13 17:43:33 - [MESSAGE][PASSED] - Press back button successfully

2023-08-13 17:43:33 - [TEST_STEP][PASSED] - pressBack(): Press back button successfully

2023-08-13 17:43:34 - [MESSAGE][PASSED] - Press back button successfully]]></system-out>
         <system-err><![CDATA[]]></system-err>
      </testcase>
      <system-out><![CDATA[2023-08-13 17:41:26 - [TEST_SUITE][PASSED] - Data report: Test Cases/Data Report/Patient (PDF) report with date range]]></system-out>
      <system-err><![CDATA[]]></system-err>
   </testsuite>
</testsuites>
