<?xml version="1.0" encoding="UTF-8"?>
<testsuites name="Patient Management" time="118.541" tests="2" failures="0" errors="0">
   <testsuite name="Patient Management" tests="2" failures="0" errors="0" time="118.541" skipped="0" timestamp="17-04-2024T11:44:12" hostname="safaamarir - localhost" id="Test Suites/IS iPhone/Patient Management">
      <properties>
         <property name="deviceName" value="Safa’s iPhone"/>
         <property name="devicePlatform" value=""/>
         <property name="logFolder" value="/Users/safaamarir/git/Android_Automation/Reports/20240417_114407/IS iPhone/Patient Management/20240417_114408"/>
         <property name="logFiles" value="/Users/safaamarir/git/Android_Automation/Reports/20240417_114407/IS iPhone/Patient Management/20240417_114408/execution0.log, /Users/safaamarir/git/Android_Automation/Reports/20240417_114407/IS iPhone/Patient Management/20240417_114408/appium_error.log, /Users/safaamarir/git/Android_Automation/Reports/20240417_114407/IS iPhone/Patient Management/20240417_114408/appium.log, /Users/safaamarir/git/Android_Automation/Reports/20240417_114407/IS iPhone/Patient Management/20240417_114408/appium-proxy-server.log"/>
         <property name="attachments" value=""/>
         <property name="hostName" value="safaamarir - localhost"/>
         <property name="os" value="Mac OS X 64bit"/>
         <property name="appiumServerStatus" value="{&quot;value&quot;:{&quot;ready&quot;:true,&quot;message&quot;:&quot;The server is ready to accept new connections&quot;,&quot;build&quot;:{&quot;version&quot;:&quot;2.4.1&quot;,&quot;git-sha&quot;:&quot;0476c2e5e4f02b409084553896340b2f4ab3352e&quot;,&quot;built&quot;:&quot;2024-04-07 06:56:18 +0800&quot;}}}"/>
         <property name="katalonVersion" value="9.2.0.212"/>
         <property name="deviceOS" value="iOS"/>
         <property name="appiumVersion" value="2.4.1"/>
         <property name="deviceModel" value="iPhone14,5"/>
         <property name="hostAddress" value="127.0.0.1"/>
         <property name="deviceManufacturer" value="Apple"/>
         <property name="deviceId" value="00008110-00112D590CD0201E"/>
         <property name="deviceName" value="Safa’s iPhone"/>
         <property name="deviceOSVersion" value="17.4.1"/>
      </properties>
      <testcase name="Test Cases/IOS/User Management/EK-8491 IS iPhone - Sign in" time="95.877" classname="Test Cases/IOS/User Management/EK-8491 IS iPhone - Sign in" status="PASSED">
         <system-out><![CDATA[17-04-2024T11:44:12 - [TEST_CASE][PASSED] - Test Cases/IOS/User Management/EK-8491 IS iPhone - Sign in: Test Cases/IOS/User Management/EK-8491 IS iPhone - Sign in

17-04-2024T11:44:12 - [TEST_STEP][PASSED] - Start listener action : beforeTestCase: null

17-04-2024T11:44:12 - [TEST_STEP][PASSED] - addDefaultPackages(): null

17-04-2024T11:44:12 - [TEST_STEP][PASSED] - runFeatureFile("Include/features/EK-8491 IS iPhone - Sign in.feature"): Feature file: 'Include/features/EK-8491 IS iPhone - Sign in.feature' was passed

17-04-2024T11:44:12 - [MESSAGE][INFO] - Starting run keyword runFeatureFile: 'Include/features/EK-8491 IS iPhone - Sign in.feature' and extract report to folder: '/Users/safaamarir/git/Android_Automation/Reports/20240417_114407/IS iPhone/Patient Management/20240417_114408/cucumber_report/1713350652892'...

17-04-2024T11:44:13 - [MESSAGE][PASSED] - Feature file: 'Include/features/EK-8491 IS iPhone - Sign in.feature' was passed

17-04-2024T11:44:13 - [TEST_STEP][PASSED] - startApplication(IPA, true): Started app at: '/Users/safaamarir/APK/IOS/IS/IS_Preprod_2.2.1_290.ipa'

17-04-2024T11:44:13 - [MESSAGE][INFO] - User set preference: ['automationName', 'XCUITest']

17-04-2024T11:44:13 - [MESSAGE][INFO] - User set preference: ['deviceId', '00008110-00112D590CD0201E']

17-04-2024T11:44:23 - [MESSAGE][WARNING] - Failed to start ios_webkit_debug_proxy on default port 27753

17-04-2024T11:44:23 - [MESSAGE][INFO] - Detected NodeJS location: "/opt/homebrew/Cellar/node/21.7.1/bin/node"

17-04-2024T11:44:23 - [MESSAGE][INFO] - PATH: /opt/homebrew/Cellar/node/21.7.1/bin:/opt/homebrew/bin:/usr/bin:/bin:/usr/sbin:/sbin:/usr/local/bin

17-04-2024T11:44:23 - [MESSAGE][INFO] - APPIUM_HOME: /Users/safaamarir/.appium

17-04-2024T11:44:23 - [MESSAGE][INFO] - appium outlog: /Users/safaamarir/git/Android_Automation/Reports/20240417_114407/IS iPhone/Patient Management/20240417_114408/appium.log

17-04-2024T11:44:23 - [MESSAGE][INFO] - appium errlog: /Users/safaamarir/git/Android_Automation/Reports/20240417_114407/IS iPhone/Patient Management/20240417_114408/appium_error.log

17-04-2024T11:44:25 - [MESSAGE][INFO] - Appium server started on port 49,930

17-04-2024T11:45:28 - [MESSAGE][PASSED] - Started app at: '/Users/safaamarir/APK/IOS/IS/IS_Preprod_2.2.1_290.ipa'

17-04-2024T11:45:28 - [TEST_STEP][PASSED] - tap(findTestObject("Object Repository/IOS/User Management/Sign In/XCUIElementTypeButton - Allow"), 30): Tapped on element 'Object Repository/IOS/User Management/Sign In/XCUIElementTypeButton - Allow'

17-04-2024T11:45:29 - [MESSAGE][PASSED] - Tapped on element 'Object Repository/IOS/User Management/Sign In/XCUIElementTypeButton - Allow'

17-04-2024T11:45:29 - [TEST_STEP][PASSED] - setText(findTestObject("Object Repository/IOS/User Management/Sign In/XCUIElementTypeTextField - username"), LoginCreds.get("username"), 30): Text 'katalon' has been set to element 'Object Repository/IOS/User Management/Sign In/XCUIElementTypeTextField - username'

17-04-2024T11:45:31 - [MESSAGE][PASSED] - Text 'katalon' has been set to element 'Object Repository/IOS/User Management/Sign In/XCUIElementTypeTextField - username'

17-04-2024T11:45:31 - [TEST_STEP][PASSED] - setText(findTestObject("Object Repository/IOS/User Management/Sign In/XCUIElementTypeSecureTextField - Passcode"), LoginCreds.get("password"), 30): Text 'eKare123@' has been set to element 'Object Repository/IOS/User Management/Sign In/XCUIElementTypeSecureTextField - Passcode'

17-04-2024T11:45:33 - [MESSAGE][PASSED] - Text 'eKare123@' has been set to element 'Object Repository/IOS/User Management/Sign In/XCUIElementTypeSecureTextField - Passcode'

17-04-2024T11:45:33 - [TEST_STEP][PASSED] - tap(findTestObject("Object Repository/IOS/User Management/Sign In/XCUIElementTypeOther - SIGN IN"), 30): Tapped on element 'Object Repository/IOS/User Management/Sign In/XCUIElementTypeOther - SIGN IN'

17-04-2024T11:45:35 - [MESSAGE][PASSED] - Tapped on element 'Object Repository/IOS/User Management/Sign In/XCUIElementTypeOther - SIGN IN'

17-04-2024T11:45:35 - [TEST_STEP][PASSED] - tap(findTestObject("IOS/User Management/Sign In/XCUIElementTypeOther - Katalon"), 30): Tapped on element 'Object Repository/IOS/User Management/Sign In/XCUIElementTypeOther - Katalon'

17-04-2024T11:45:36 - [MESSAGE][PASSED] - Tapped on element 'Object Repository/IOS/User Management/Sign In/XCUIElementTypeOther - Katalon'

17-04-2024T11:45:36 - [TEST_STEP][PASSED] - delay(10): Delayed 10 second(s)

17-04-2024T11:45:46 - [MESSAGE][PASSED] - Delayed 10 second(s)

17-04-2024T11:45:48 - [TEST_STEP][PASSED] - Video: Video recording for test case 'Test Cases/IOS/User Management/EK-8491 IS iPhone - Sign in' .

17-04-2024T11:45:48 - [MESSAGE][INFO] - Video recording for test case 'Test Cases/IOS/User Management/EK-8491 IS iPhone - Sign in' .]]></system-out>
         <system-err><![CDATA[]]></system-err>
      </testcase>
      <testcase name="Test Cases/IOS/Patient Management/EK-8733 IS iPhone - Add Patient" time="22.581" classname="Test Cases/IOS/Patient Management/EK-8733 IS iPhone - Add Patient" status="PASSED">
         <system-out><![CDATA[17-04-2024T11:45:48 - [TEST_CASE][PASSED] - Test Cases/IOS/Patient Management/EK-8733 IS iPhone - Add Patient: Test Cases/IOS/Patient Management/EK-8733 IS iPhone - Add Patient

17-04-2024T11:45:48 - [TEST_STEP][PASSED] - Start listener action : beforeTestCase: null

17-04-2024T11:45:48 - [TEST_STEP][PASSED] - addDefaultPackages(): null

17-04-2024T11:45:48 - [TEST_STEP][PASSED] - runFeatureFile("Include/features/EK-8733 IS iPhone - Add Patient.feature"): Feature file: 'Include/features/EK-8733 IS iPhone - Add Patient.feature' was passed

17-04-2024T11:45:48 - [MESSAGE][INFO] - Starting run keyword runFeatureFile: 'Include/features/EK-8733 IS iPhone - Add Patient.feature' and extract report to folder: '/Users/safaamarir/git/Android_Automation/Reports/20240417_114407/IS iPhone/Patient Management/20240417_114408/cucumber_report/1713350748483'...

17-04-2024T11:45:48 - [MESSAGE][PASSED] - Feature file: 'Include/features/EK-8733 IS iPhone - Add Patient.feature' was passed

17-04-2024T11:45:48 - [TEST_STEP][PASSED] - tap(findTestObject("Object Repository/IOS/Patient Management/Add Patient/XCUIElementTypeOther - Add Patient"), 30): Tapped on element 'Object Repository/IOS/Patient Management/Add Patient/XCUIElementTypeOther - Add Patient'

17-04-2024T11:45:49 - [MESSAGE][PASSED] - Tapped on element 'Object Repository/IOS/Patient Management/Add Patient/XCUIElementTypeOther - Add Patient'

17-04-2024T11:45:49 - [TEST_STEP][PASSED] - setText(findTestObject("Object Repository/IOS/Patient Management/Add Patient/XCUIElementTypeTextField - First name"), "Test", 30): Text 'Test' has been set to element 'Object Repository/IOS/Patient Management/Add Patient/XCUIElementTypeTextField - First name'

17-04-2024T11:45:52 - [MESSAGE][PASSED] - Text 'Test' has been set to element 'Object Repository/IOS/Patient Management/Add Patient/XCUIElementTypeTextField - First name'

17-04-2024T11:45:52 - [TEST_STEP][PASSED] - setText(findTestObject("Object Repository/IOS/Patient Management/Add Patient/XCUIElementTypeTextField - Last name"), "Lite", 30): Text 'Lite' has been set to element 'Object Repository/IOS/Patient Management/Add Patient/XCUIElementTypeTextField - Last name'

17-04-2024T11:45:55 - [MESSAGE][PASSED] - Text 'Lite' has been set to element 'Object Repository/IOS/Patient Management/Add Patient/XCUIElementTypeTextField - Last name'

17-04-2024T11:45:55 - [TEST_STEP][PASSED] - setText(findTestObject("Object Repository/IOS/Patient Management/Add Patient/XCUIElementTypeTextField - Date of birth (ddmmyyyy)"), "09/12/2001", 30): Text '09/12/2001' has been set to element 'Object Repository/IOS/Patient Management/Add Patient/XCUIElementTypeTextField - Date of birth (ddmmyyyy)'

17-04-2024T11:45:58 - [MESSAGE][PASSED] - Text '09/12/2001' has been set to element 'Object Repository/IOS/Patient Management/Add Patient/XCUIElementTypeTextField - Date of birth (ddmmyyyy)'

17-04-2024T11:45:58 - [TEST_STEP][PASSED] - setText(findTestObject("Object Repository/IOS/Patient Management/Add Patient/XCUIElementTypeTextField - MRN"), "6766", 30): Text '6766' has been set to element 'Object Repository/IOS/Patient Management/Add Patient/XCUIElementTypeTextField - MRN'

17-04-2024T11:46:00 - [MESSAGE][PASSED] - Text '6766' has been set to element 'Object Repository/IOS/Patient Management/Add Patient/XCUIElementTypeTextField - MRN'

17-04-2024T11:46:00 - [TEST_STEP][PASSED] - tap(findTestObject("Object Repository/IOS/Patient Management/Add Patient/XCUIElementTypeOther - Save"), 30): Tapped on element 'Object Repository/IOS/Patient Management/Add Patient/XCUIElementTypeOther - Save'

17-04-2024T11:46:02 - [MESSAGE][PASSED] - Tapped on element 'Object Repository/IOS/Patient Management/Add Patient/XCUIElementTypeOther - Save'

17-04-2024T11:46:02 - [TEST_STEP][PASSED] - verifyElementText(findTestObject("Object Repository/IOS/Patient Management/Add Patient/XCUIElementTypeStaticText - Patient created successfully"), "Patient created successfully"): Actual text and expected text of test object 'Object Repository/IOS/Patient Management/Add Patient/XCUIElementTypeStaticText - Patient created successfully' are matched.

17-04-2024T11:46:05 - [MESSAGE][PASSED] - Actual text and expected text of test object 'Object Repository/IOS/Patient Management/Add Patient/XCUIElementTypeStaticText - Patient created successfully' are matched.

17-04-2024T11:46:05 - [TEST_STEP][PASSED] - tap(findTestObject("Object Repository/IOS/Patient Management/Add Patient/XCUIElementTypeButton - OK"), 30): Tapped on element 'Object Repository/IOS/Patient Management/Add Patient/XCUIElementTypeButton - OK'

17-04-2024T11:46:07 - [MESSAGE][PASSED] - Tapped on element 'Object Repository/IOS/Patient Management/Add Patient/XCUIElementTypeButton - OK'

17-04-2024T11:46:07 - [TEST_STEP][PASSED] - closeApplication(): Close app successfully

17-04-2024T11:46:09 - [MESSAGE][PASSED] - Close app successfully

17-04-2024T11:46:11 - [TEST_STEP][PASSED] - Video: Video recording for test case 'Test Cases/IOS/Patient Management/EK-8733 IS iPhone - Add Patient' .

17-04-2024T11:46:11 - [MESSAGE][INFO] - Video recording for test case 'Test Cases/IOS/Patient Management/EK-8733 IS iPhone - Add Patient' .]]></system-out>
         <system-err><![CDATA[]]></system-err>
      </testcase>
      <system-out><![CDATA[17-04-2024T11:44:12 - [TEST_SUITE][PASSED] - Patient Management: Test Cases/IOS/Patient Management/EK-8733 IS iPhone - Add Patient]]></system-out>
      <system-err><![CDATA[]]></system-err>
   </testsuite>
</testsuites>
