<?xml version="1.0" encoding="UTF-8"?>
<testsuites name="User Management" time="473.562" tests="7" failures="0" errors="0">
   <testsuite name="User Management" tests="7" failures="0" errors="0" time="473.562" skipped="0" timestamp="2023-08-13 17:22:49" hostname="Amarir - DESKTOP-EE3F8H4" id="Test Suites/User Management">
      <properties>
         <property name="deviceName" value="samsung SM-N975F (Android 12)"/>
         <property name="devicePlatform" value=""/>
         <property name="logFolder" value="C:\\Users\\Amarir\\git\\IS_Katalon_Lite_Version\\Reports\\20230813_172236\\User Management\\20230813_172236"/>
         <property name="logFiles" value="C:\\Users\\Amarir\\git\\IS_Katalon_Lite_Version\\Reports\\20230813_172236\\User Management\\20230813_172236\\appium.log, C:\\Users\\Amarir\\git\\IS_Katalon_Lite_Version\\Reports\\20230813_172236\\User Management\\20230813_172236\\execution0.log"/>
         <property name="attachments" value=""/>
         <property name="hostName" value="Amarir - DESKTOP-EE3F8H4"/>
         <property name="os" value="Windows 10 64bit"/>
         <property name="appiumServerStatus" value="{&quot;value&quot;:{&quot;build&quot;:{&quot;version&quot;:&quot;1.22.0&quot;}},&quot;sessionId&quot;:null,&quot;status&quot;:0}"/>
         <property name="katalonVersion" value="8.6.0.208"/>
         <property name="deviceOS" value="Android"/>
         <property name="appiumVersion" value="1.22.0"/>
         <property name="deviceModel" value="SM-N975F"/>
         <property name="hostAddress" value="192.168.234.1"/>
         <property name="deviceManufacturer" value="samsung"/>
         <property name="deviceId" value="RF8N307NKZV"/>
         <property name="deviceName" value="samsung SM-N975F (Android 12)"/>
         <property name="deviceOSVersion" value="12"/>
      </properties>
      <testcase name="Test Cases/User Managemenet/Privacy Terms and Conditions" time="181.569" classname="Test Cases/User Managemenet/Privacy Terms and Conditions" status="PASSED">
         <system-out><![CDATA[2023-08-13 17:22:49 - [TEST_CASE][PASSED] - Test Cases/User Managemenet/Privacy Terms and Conditions: Test Cases/User Managemenet/Privacy Terms and Conditions

2023-08-13 17:22:51 - [TEST_STEP][PASSED] - startApplication(APK, true): Started app at: 'C:\Users\Amarir\Downloads\APK\IS\IS_77.apk'

2023-08-13 17:22:53 - [MESSAGE][INFO] - Detected NodeJS location: "C:\Program Files\nodejs\node.exe"

2023-08-13 17:22:56 - [MESSAGE][INFO] - Appium server started on port 63,463

2023-08-13 17:23:35 - [MESSAGE][PASSED] - Started app at: 'C:\Users\Amarir\Downloads\APK\IS\IS_77.apk'

2023-08-13 17:23:35 - [TEST_STEP][PASSED] - verifyElementText(findTestObject("Object Repository/User Management/Privacy Terms and conditions/android.widget.TextView - Terms  Conditions"), "Terms & Conditions"): Actual text and expected text of test object 'Object Repository/User Management/Privacy Terms and conditions/android.widget.TextView - Terms  Conditions' are matched.

2023-08-13 17:24:05 - [MESSAGE][PASSED] - Actual text and expected text of test object 'Object Repository/User Management/Privacy Terms and conditions/android.widget.TextView - Terms  Conditions' are matched.

2023-08-13 17:24:05 - [TEST_STEP][PASSED] - verifyElementText(findTestObject("Object Repository/User Management/Privacy Terms and conditions/android.widget.TextView - Privacy Policy"), "Privacy Policy"): Actual text and expected text of test object 'Object Repository/User Management/Privacy Terms and conditions/android.widget.TextView - Privacy Policy' are matched.

2023-08-13 17:24:36 - [MESSAGE][PASSED] - Actual text and expected text of test object 'Object Repository/User Management/Privacy Terms and conditions/android.widget.TextView - Privacy Policy' are matched.

2023-08-13 17:24:36 - [TEST_STEP][PASSED] - tap(findTestObject("User Management/Privacy Terms and conditions/android.widget.TextView - Terms  Conditions"), 30): Tapped on element 'Object Repository/User Management/Privacy Terms and conditions/android.widget.TextView - Terms  Conditions'

2023-08-13 17:25:06 - [MESSAGE][PASSED] - Tapped on element 'Object Repository/User Management/Privacy Terms and conditions/android.widget.TextView - Terms  Conditions'

2023-08-13 17:25:06 - [TEST_STEP][PASSED] - delay(5, STOP_ON_FAILURE): Delayed 5 second(s)

2023-08-13 17:25:11 - [MESSAGE][PASSED] - Delayed 5 second(s)

2023-08-13 17:25:11 - [TEST_STEP][PASSED] - verifyElementText(findTestObject("User Management/Privacy Terms and conditions/android.widget.TextView - Terms and Conditions"), "Terms and Conditions"): Actual text and expected text of test object 'Object Repository/User Management/Privacy Terms and conditions/android.widget.TextView - Terms and Conditions' are matched.

2023-08-13 17:25:12 - [MESSAGE][PASSED] - Actual text and expected text of test object 'Object Repository/User Management/Privacy Terms and conditions/android.widget.TextView - Terms and Conditions' are matched.

2023-08-13 17:25:12 - [TEST_STEP][PASSED] - pressBack(): Press back button successfully

2023-08-13 17:25:13 - [MESSAGE][PASSED] - Press back button successfully

2023-08-13 17:25:13 - [TEST_STEP][PASSED] - tap(findTestObject("User Management/Privacy Terms and conditions/android.widget.TextView - Privacy Policy"), 30): Tapped on element 'Object Repository/User Management/Privacy Terms and conditions/android.widget.TextView - Privacy Policy'

2023-08-13 17:25:44 - [MESSAGE][PASSED] - Tapped on element 'Object Repository/User Management/Privacy Terms and conditions/android.widget.TextView - Privacy Policy'

2023-08-13 17:25:44 - [TEST_STEP][PASSED] - delay(5, STOP_ON_FAILURE): Delayed 5 second(s)

2023-08-13 17:25:49 - [MESSAGE][PASSED] - Delayed 5 second(s)

2023-08-13 17:25:49 - [TEST_STEP][PASSED] - verifyElementText(findTestObject("Object Repository/User Management/Privacy Terms and conditions/android.widget.TextView - Privacy Policy (1)"), "Privacy Policy"): Actual text and expected text of test object 'Object Repository/User Management/Privacy Terms and conditions/android.widget.TextView - Privacy Policy (1)' are matched.

2023-08-13 17:25:50 - [MESSAGE][PASSED] - Actual text and expected text of test object 'Object Repository/User Management/Privacy Terms and conditions/android.widget.TextView - Privacy Policy (1)' are matched.

2023-08-13 17:25:50 - [TEST_STEP][PASSED] - pressBack(): Press back button successfully

2023-08-13 17:25:51 - [MESSAGE][PASSED] - Press back button successfully]]></system-out>
         <system-err><![CDATA[]]></system-err>
      </testcase>
      <testcase name="Test Cases/User Managemenet/Restore Password" time="6.139" classname="Test Cases/User Managemenet/Restore Password" status="PASSED">
         <system-out><![CDATA[2023-08-13 17:25:51 - [TEST_CASE][PASSED] - Test Cases/User Managemenet/Restore Password: Test Cases/User Managemenet/Restore Password

2023-08-13 17:25:52 - [TEST_STEP][PASSED] - tap(findTestObject("Object Repository/User Management/Restore Password/android.widget.TextView - Forgot your password"), 30): Tapped on element 'Object Repository/User Management/Restore Password/android.widget.TextView - Forgot your password'

2023-08-13 17:25:53 - [MESSAGE][PASSED] - Tapped on element 'Object Repository/User Management/Restore Password/android.widget.TextView - Forgot your password'

2023-08-13 17:25:53 - [TEST_STEP][PASSED] - setText(findTestObject("Object Repository/User Management/Restore Password/android.widget.EditText - username"), LoginCreds.get("username"), 30): Text 'Katalon' has been set to element 'Object Repository/User Management/Restore Password/android.widget.EditText - username'

2023-08-13 17:25:54 - [MESSAGE][PASSED] - Text 'Katalon' has been set to element 'Object Repository/User Management/Restore Password/android.widget.EditText - username'

2023-08-13 17:25:54 - [TEST_STEP][PASSED] - setText(findTestObject("Object Repository/User Management/Restore Password/android.widget.EditText - email"), LoginCreds.get("email"), 30): Text 'samarir@masaratapp.com' has been set to element 'Object Repository/User Management/Restore Password/android.widget.EditText - email'

2023-08-13 17:25:55 - [MESSAGE][PASSED] - Text 'samarir@masaratapp.com' has been set to element 'Object Repository/User Management/Restore Password/android.widget.EditText - email'

2023-08-13 17:25:55 - [TEST_STEP][PASSED] - tap(findTestObject("Object Repository/User Management/Restore Password/android.view.ViewGroup"), 30): Tapped on element 'Object Repository/User Management/Restore Password/android.view.ViewGroup'

2023-08-13 17:25:56 - [MESSAGE][PASSED] - Tapped on element 'Object Repository/User Management/Restore Password/android.view.ViewGroup'

2023-08-13 17:25:56 - [TEST_STEP][PASSED] - pressBack(): Press back button successfully

2023-08-13 17:25:57 - [MESSAGE][PASSED] - Press back button successfully]]></system-out>
         <system-err><![CDATA[]]></system-err>
      </testcase>
      <testcase name="Test Cases/User Managemenet/10loginTestAttempts" time="44.811" classname="Test Cases/User Managemenet/10loginTestAttempts" status="PASSED">
         <system-out><![CDATA[2023-08-13 17:25:57 - [TEST_CASE][PASSED] - Test Cases/User Managemenet/10loginTestAttempts: Test Cases/User Managemenet/10loginTestAttempts

2023-08-13 17:25:58 - [TEST_STEP][PASSED] - setText(findTestObject("User Management/Login/android.widget.EditText - username"), "test101", 30): Text 'test101' has been set to element 'Object Repository/User Management/Login/android.widget.EditText - username'

2023-08-13 17:26:00 - [MESSAGE][PASSED] - Text 'test101' has been set to element 'Object Repository/User Management/Login/android.widget.EditText - username'

2023-08-13 17:26:00 - [TEST_STEP][PASSED] - setText(findTestObject("User Management/Login/android.widget.EditText - password"), "123", 30): Text '123' has been set to element 'Object Repository/User Management/Login/android.widget.EditText - password'

2023-08-13 17:26:01 - [MESSAGE][PASSED] - Text '123' has been set to element 'Object Repository/User Management/Login/android.widget.EditText - password'

2023-08-13 17:26:01 - [TEST_STEP][PASSED] - tap(findTestObject("Object Repository/User Management/10loginAttempts/android.view.ViewGroup"), 30): Tapped on element 'Object Repository/User Management/10loginAttempts/android.view.ViewGroup'

2023-08-13 17:26:02 - [MESSAGE][PASSED] - Tapped on element 'Object Repository/User Management/10loginAttempts/android.view.ViewGroup'

2023-08-13 17:26:02 - [TEST_STEP][PASSED] - verifyElementText(findTestObject("User Management/10loginAttempts/android.widget.TextView - Login failed. Incorrect credentials"), "Login failed. Incorrect credentials !"): Actual text and expected text of test object 'Object Repository/User Management/10loginAttempts/android.widget.TextView - Login failed. Incorrect credentials' are matched.

2023-08-13 17:26:07 - [MESSAGE][PASSED] - Actual text and expected text of test object 'Object Repository/User Management/10loginAttempts/android.widget.TextView - Login failed. Incorrect credentials' are matched.

2023-08-13 17:26:07 - [TEST_STEP][PASSED] - tap(findTestObject("Object Repository/User Management/10loginAttempts/android.widget.Button - OK"), 30): Tapped on element 'Object Repository/User Management/10loginAttempts/android.widget.Button - OK'

2023-08-13 17:26:07 - [MESSAGE][PASSED] - Tapped on element 'Object Repository/User Management/10loginAttempts/android.widget.Button - OK'

2023-08-13 17:26:07 - [TEST_STEP][PASSED] - tap(findTestObject("User Management/10loginAttempts/android.view.ViewGroup"), 30): Tapped on element 'Object Repository/User Management/10loginAttempts/android.view.ViewGroup'

2023-08-13 17:26:08 - [MESSAGE][PASSED] - Tapped on element 'Object Repository/User Management/10loginAttempts/android.view.ViewGroup'

2023-08-13 17:26:08 - [TEST_STEP][PASSED] - verifyElementText(findTestObject("User Management/10loginAttempts/android.widget.TextView - Login failed. Incorrect credentials"), "Login failed. Incorrect credentials !"): Actual text and expected text of test object 'Object Repository/User Management/10loginAttempts/android.widget.TextView - Login failed. Incorrect credentials' are matched.

2023-08-13 17:26:11 - [MESSAGE][PASSED] - Actual text and expected text of test object 'Object Repository/User Management/10loginAttempts/android.widget.TextView - Login failed. Incorrect credentials' are matched.

2023-08-13 17:26:11 - [TEST_STEP][PASSED] - tap(findTestObject("Object Repository/User Management/10loginAttempts/android.widget.Button - OK"), 30): Tapped on element 'Object Repository/User Management/10loginAttempts/android.widget.Button - OK'

2023-08-13 17:26:11 - [MESSAGE][PASSED] - Tapped on element 'Object Repository/User Management/10loginAttempts/android.widget.Button - OK'

2023-08-13 17:26:11 - [TEST_STEP][PASSED] - tap(findTestObject("User Management/10loginAttempts/android.view.ViewGroup"), 30): Tapped on element 'Object Repository/User Management/10loginAttempts/android.view.ViewGroup'

2023-08-13 17:26:12 - [MESSAGE][PASSED] - Tapped on element 'Object Repository/User Management/10loginAttempts/android.view.ViewGroup'

2023-08-13 17:26:12 - [TEST_STEP][PASSED] - verifyElementText(findTestObject("User Management/10loginAttempts/android.widget.TextView - Login failed. Incorrect credentials"), "Login failed. Incorrect credentials !"): Actual text and expected text of test object 'Object Repository/User Management/10loginAttempts/android.widget.TextView - Login failed. Incorrect credentials' are matched.

2023-08-13 17:26:17 - [MESSAGE][PASSED] - Actual text and expected text of test object 'Object Repository/User Management/10loginAttempts/android.widget.TextView - Login failed. Incorrect credentials' are matched.

2023-08-13 17:26:17 - [TEST_STEP][PASSED] - tap(findTestObject("Object Repository/User Management/10loginAttempts/android.widget.Button - OK"), 30): Tapped on element 'Object Repository/User Management/10loginAttempts/android.widget.Button - OK'

2023-08-13 17:26:18 - [MESSAGE][PASSED] - Tapped on element 'Object Repository/User Management/10loginAttempts/android.widget.Button - OK'

2023-08-13 17:26:18 - [TEST_STEP][PASSED] - tap(findTestObject("User Management/10loginAttempts/android.view.ViewGroup"), 30): Tapped on element 'Object Repository/User Management/10loginAttempts/android.view.ViewGroup'

2023-08-13 17:26:18 - [MESSAGE][PASSED] - Tapped on element 'Object Repository/User Management/10loginAttempts/android.view.ViewGroup'

2023-08-13 17:26:18 - [TEST_STEP][PASSED] - verifyElementText(findTestObject("User Management/10loginAttempts/android.widget.TextView - Login failed. Incorrect credentials"), "Login failed. Incorrect credentials !"): Actual text and expected text of test object 'Object Repository/User Management/10loginAttempts/android.widget.TextView - Login failed. Incorrect credentials' are matched.

2023-08-13 17:26:20 - [MESSAGE][PASSED] - Actual text and expected text of test object 'Object Repository/User Management/10loginAttempts/android.widget.TextView - Login failed. Incorrect credentials' are matched.

2023-08-13 17:26:20 - [TEST_STEP][PASSED] - tap(findTestObject("Object Repository/User Management/10loginAttempts/android.widget.Button - OK"), 30): Tapped on element 'Object Repository/User Management/10loginAttempts/android.widget.Button - OK'

2023-08-13 17:26:20 - [MESSAGE][PASSED] - Tapped on element 'Object Repository/User Management/10loginAttempts/android.widget.Button - OK'

2023-08-13 17:26:20 - [TEST_STEP][PASSED] - tap(findTestObject("User Management/10loginAttempts/android.view.ViewGroup"), 30): Tapped on element 'Object Repository/User Management/10loginAttempts/android.view.ViewGroup'

2023-08-13 17:26:21 - [MESSAGE][PASSED] - Tapped on element 'Object Repository/User Management/10loginAttempts/android.view.ViewGroup'

2023-08-13 17:26:21 - [TEST_STEP][PASSED] - verifyElementText(findTestObject("User Management/10loginAttempts/android.widget.TextView - Login failed. Incorrect credentials"), "Login failed. Incorrect credentials !"): Actual text and expected text of test object 'Object Repository/User Management/10loginAttempts/android.widget.TextView - Login failed. Incorrect credentials' are matched.

2023-08-13 17:26:23 - [MESSAGE][PASSED] - Actual text and expected text of test object 'Object Repository/User Management/10loginAttempts/android.widget.TextView - Login failed. Incorrect credentials' are matched.

2023-08-13 17:26:23 - [TEST_STEP][PASSED] - tap(findTestObject("Object Repository/User Management/10loginAttempts/android.widget.Button - OK"), 30): Tapped on element 'Object Repository/User Management/10loginAttempts/android.widget.Button - OK'

2023-08-13 17:26:24 - [MESSAGE][PASSED] - Tapped on element 'Object Repository/User Management/10loginAttempts/android.widget.Button - OK'

2023-08-13 17:26:24 - [TEST_STEP][PASSED] - tap(findTestObject("User Management/10loginAttempts/android.view.ViewGroup"), 30): Tapped on element 'Object Repository/User Management/10loginAttempts/android.view.ViewGroup'

2023-08-13 17:26:25 - [MESSAGE][PASSED] - Tapped on element 'Object Repository/User Management/10loginAttempts/android.view.ViewGroup'

2023-08-13 17:26:25 - [TEST_STEP][PASSED] - verifyElementText(findTestObject("User Management/10loginAttempts/android.widget.TextView - Login failed. Incorrect credentials"), "Login failed. Incorrect credentials !"): Actual text and expected text of test object 'Object Repository/User Management/10loginAttempts/android.widget.TextView - Login failed. Incorrect credentials' are matched.

2023-08-13 17:26:27 - [MESSAGE][PASSED] - Actual text and expected text of test object 'Object Repository/User Management/10loginAttempts/android.widget.TextView - Login failed. Incorrect credentials' are matched.

2023-08-13 17:26:27 - [TEST_STEP][PASSED] - tap(findTestObject("Object Repository/User Management/10loginAttempts/android.widget.Button - OK"), 30): Tapped on element 'Object Repository/User Management/10loginAttempts/android.widget.Button - OK'

2023-08-13 17:26:27 - [MESSAGE][PASSED] - Tapped on element 'Object Repository/User Management/10loginAttempts/android.widget.Button - OK'

2023-08-13 17:26:27 - [TEST_STEP][PASSED] - tap(findTestObject("User Management/10loginAttempts/android.view.ViewGroup"), 30): Tapped on element 'Object Repository/User Management/10loginAttempts/android.view.ViewGroup'

2023-08-13 17:26:28 - [MESSAGE][PASSED] - Tapped on element 'Object Repository/User Management/10loginAttempts/android.view.ViewGroup'

2023-08-13 17:26:28 - [TEST_STEP][PASSED] - verifyElementText(findTestObject("User Management/10loginAttempts/android.widget.TextView - Login failed. Incorrect credentials"), "Login failed. Incorrect credentials !"): Actual text and expected text of test object 'Object Repository/User Management/10loginAttempts/android.widget.TextView - Login failed. Incorrect credentials' are matched.

2023-08-13 17:26:33 - [MESSAGE][PASSED] - Actual text and expected text of test object 'Object Repository/User Management/10loginAttempts/android.widget.TextView - Login failed. Incorrect credentials' are matched.

2023-08-13 17:26:33 - [TEST_STEP][PASSED] - tap(findTestObject("Object Repository/User Management/10loginAttempts/android.widget.Button - OK"), 30): Tapped on element 'Object Repository/User Management/10loginAttempts/android.widget.Button - OK'

2023-08-13 17:26:33 - [MESSAGE][PASSED] - Tapped on element 'Object Repository/User Management/10loginAttempts/android.widget.Button - OK'

2023-08-13 17:26:33 - [TEST_STEP][PASSED] - tap(findTestObject("User Management/10loginAttempts/android.view.ViewGroup"), 30): Tapped on element 'Object Repository/User Management/10loginAttempts/android.view.ViewGroup'

2023-08-13 17:26:34 - [MESSAGE][PASSED] - Tapped on element 'Object Repository/User Management/10loginAttempts/android.view.ViewGroup'

2023-08-13 17:26:34 - [TEST_STEP][PASSED] - verifyElementText(findTestObject("User Management/10loginAttempts/android.widget.TextView - Login failed. Incorrect credentials"), "Login failed. Incorrect credentials !"): Actual text and expected text of test object 'Object Repository/User Management/10loginAttempts/android.widget.TextView - Login failed. Incorrect credentials' are matched.

2023-08-13 17:26:36 - [MESSAGE][PASSED] - Actual text and expected text of test object 'Object Repository/User Management/10loginAttempts/android.widget.TextView - Login failed. Incorrect credentials' are matched.

2023-08-13 17:26:36 - [TEST_STEP][PASSED] - tap(findTestObject("Object Repository/User Management/10loginAttempts/android.widget.Button - OK"), 30): Tapped on element 'Object Repository/User Management/10loginAttempts/android.widget.Button - OK'

2023-08-13 17:26:36 - [MESSAGE][PASSED] - Tapped on element 'Object Repository/User Management/10loginAttempts/android.widget.Button - OK'

2023-08-13 17:26:36 - [TEST_STEP][PASSED] - tap(findTestObject("User Management/10loginAttempts/android.view.ViewGroup"), 30): Tapped on element 'Object Repository/User Management/10loginAttempts/android.view.ViewGroup'

2023-08-13 17:26:37 - [MESSAGE][PASSED] - Tapped on element 'Object Repository/User Management/10loginAttempts/android.view.ViewGroup'

2023-08-13 17:26:37 - [TEST_STEP][PASSED] - verifyElementText(findTestObject("User Management/10loginAttempts/android.widget.TextView - Login failed. Incorrect credentials"), "Login failed. Incorrect credentials !"): Actual text and expected text of test object 'Object Repository/User Management/10loginAttempts/android.widget.TextView - Login failed. Incorrect credentials' are matched.

2023-08-13 17:26:39 - [MESSAGE][PASSED] - Actual text and expected text of test object 'Object Repository/User Management/10loginAttempts/android.widget.TextView - Login failed. Incorrect credentials' are matched.

2023-08-13 17:26:39 - [TEST_STEP][PASSED] - tap(findTestObject("Object Repository/User Management/10loginAttempts/android.widget.Button - OK"), 30): Tapped on element 'Object Repository/User Management/10loginAttempts/android.widget.Button - OK'

2023-08-13 17:26:39 - [MESSAGE][PASSED] - Tapped on element 'Object Repository/User Management/10loginAttempts/android.widget.Button - OK'

2023-08-13 17:26:39 - [TEST_STEP][PASSED] - tap(findTestObject("User Management/10loginAttempts/android.view.ViewGroup"), 30): Tapped on element 'Object Repository/User Management/10loginAttempts/android.view.ViewGroup'

2023-08-13 17:26:40 - [MESSAGE][PASSED] - Tapped on element 'Object Repository/User Management/10loginAttempts/android.view.ViewGroup'

2023-08-13 17:26:40 - [TEST_STEP][PASSED] - verifyElementText(findTestObject("User Management/10loginAttempts/android.widget.TextView - Fail 10 attempts message"), "Your account has been temporarily disabled due to repeated login failures. Please contact your administrator: samarir@masaratapp.com"): Actual text and expected text of test object 'Object Repository/User Management/10loginAttempts/android.widget.TextView - Fail 10 attempts message' are matched.

2023-08-13 17:26:42 - [MESSAGE][PASSED] - Actual text and expected text of test object 'Object Repository/User Management/10loginAttempts/android.widget.TextView - Fail 10 attempts message' are matched.

2023-08-13 17:26:42 - [TEST_STEP][PASSED] - tap(findTestObject("Object Repository/User Management/10loginAttempts/android.widget.Button - OK (1)"), 30): Tapped on element 'Object Repository/User Management/10loginAttempts/android.widget.Button - OK (1)'

2023-08-13 17:26:42 - [MESSAGE][PASSED] - Tapped on element 'Object Repository/User Management/10loginAttempts/android.widget.Button - OK (1)']]></system-out>
         <system-err><![CDATA[]]></system-err>
      </testcase>
      <testcase name="Test Cases/User Managemenet/Login" time="17.752" classname="Test Cases/User Managemenet/Login" status="PASSED">
         <system-out><![CDATA[2023-08-13 17:26:42 - [TEST_CASE][PASSED] - Test Cases/User Managemenet/Login: Test Cases/User Managemenet/Login

2023-08-13 17:26:43 - [TEST_STEP][PASSED] - setText(findTestObject("User Management/Login/android.widget.EditText - username"), LoginCreds.get("username"), 30): Text 'Katalon' has been set to element 'Object Repository/User Management/Login/android.widget.EditText - username'

2023-08-13 17:26:44 - [MESSAGE][PASSED] - Text 'Katalon' has been set to element 'Object Repository/User Management/Login/android.widget.EditText - username'

2023-08-13 17:26:44 - [TEST_STEP][PASSED] - setText(findTestObject("User Management/Login/android.widget.EditText - password"), LoginCreds.get("password"), 30): Text 'eKare123@' has been set to element 'Object Repository/User Management/Login/android.widget.EditText - password'

2023-08-13 17:26:46 - [MESSAGE][PASSED] - Text 'eKare123@' has been set to element 'Object Repository/User Management/Login/android.widget.EditText - password'

2023-08-13 17:26:46 - [TEST_STEP][PASSED] - tap(findTestObject("User Management/Login/android.view.ViewGroup - sign in"), 30): Tapped on element 'Object Repository/User Management/Login/android.view.ViewGroup - sign in'

2023-08-13 17:26:46 - [MESSAGE][PASSED] - Tapped on element 'Object Repository/User Management/Login/android.view.ViewGroup - sign in'

2023-08-13 17:26:46 - [TEST_STEP][PASSED] - tap(findTestObject("Object Repository/User Management/Login/android.widget.TextView - Katalon"), 30): Tapped on element 'Object Repository/User Management/Login/android.widget.TextView - Katalon'

2023-08-13 17:26:51 - [MESSAGE][PASSED] - Tapped on element 'Object Repository/User Management/Login/android.widget.TextView - Katalon'

2023-08-13 17:26:51 - [TEST_STEP][PASSED] - delay(2, STOP_ON_FAILURE): Delayed 2 second(s)

2023-08-13 17:26:53 - [MESSAGE][PASSED] - Delayed 2 second(s)

2023-08-13 17:26:53 - [TEST_STEP][PASSED] - verifyElementExist(findTestObject("Object Repository/User Management/Login/android.widget.TextView - Patient Directory"), 30): Element 'Object Repository/User Management/Login/android.widget.TextView - Patient Directory' is exist

2023-08-13 17:27:00 - [MESSAGE][PASSED] - Element 'Object Repository/User Management/Login/android.widget.TextView - Patient Directory' is exist]]></system-out>
         <system-err><![CDATA[]]></system-err>
      </testcase>
      <testcase name="Test Cases/User Managemenet/Logout" time="6.835" classname="Test Cases/User Managemenet/Logout" status="PASSED">
         <system-out><![CDATA[2023-08-13 17:27:00 - [TEST_CASE][PASSED] - Test Cases/User Managemenet/Logout: Test Cases/User Managemenet/Logout

2023-08-13 17:27:01 - [TEST_STEP][PASSED] - tap(findTestObject("Object Repository/User Management/Logout/android.widget.ImageView - menu"), 0): Tapped on element 'Object Repository/User Management/Logout/android.widget.ImageView - menu'

2023-08-13 17:27:01 - [MESSAGE][WARNING] - Timeout '0' is invalid. Using default page load timeout: '30'

2023-08-13 17:27:01 - [MESSAGE][PASSED] - Tapped on element 'Object Repository/User Management/Logout/android.widget.ImageView - menu'

2023-08-13 17:27:01 - [TEST_STEP][PASSED] - tap(findTestObject("Object Repository/User Management/Logout/android.widget.TextView - Logout"), 0): Tapped on element 'Object Repository/User Management/Logout/android.widget.TextView - Logout'

2023-08-13 17:27:02 - [MESSAGE][WARNING] - Timeout '0' is invalid. Using default page load timeout: '30'

2023-08-13 17:27:03 - [MESSAGE][PASSED] - Tapped on element 'Object Repository/User Management/Logout/android.widget.TextView - Logout'

2023-08-13 17:27:03 - [TEST_STEP][PASSED] - tap(findTestObject("Object Repository/User Management/Logout/android.widget.Button - CONFIRM"), 0): Tapped on element 'Object Repository/User Management/Logout/android.widget.Button - CONFIRM'

2023-08-13 17:27:04 - [MESSAGE][WARNING] - Timeout '0' is invalid. Using default page load timeout: '30'

2023-08-13 17:27:04 - [MESSAGE][PASSED] - Tapped on element 'Object Repository/User Management/Logout/android.widget.Button - CONFIRM'

2023-08-13 17:27:04 - [TEST_STEP][PASSED] - verifyElementExist(findTestObject("Object Repository/User Management/Logout/android.widget.ImageView"), 0): Element 'Object Repository/User Management/Logout/android.widget.ImageView' is exist

2023-08-13 17:27:04 - [MESSAGE][WARNING] - Timeout '0' is invalid. Using default page load timeout: '30'

2023-08-13 17:27:07 - [MESSAGE][PASSED] - Element 'Object Repository/User Management/Logout/android.widget.ImageView' is exist]]></system-out>
         <system-err><![CDATA[]]></system-err>
      </testcase>
      <testcase name="Test Cases/User Managemenet/Login as user with multiple sites" time="137.593" classname="Test Cases/User Managemenet/Login as user with multiple sites" status="PASSED">
         <system-out><![CDATA[2023-08-13 17:27:07 - [TEST_CASE][PASSED] - Test Cases/User Managemenet/Login as user with multiple sites: Test Cases/User Managemenet/Login as user with multiple sites

2023-08-13 17:27:08 - [TEST_STEP][PASSED] - setText(findTestObject("Object Repository/User Management/Login as user with multiple sites/android.widget.EditText - username"), "KatalonSite", 30): Text 'KatalonSite' has been set to element 'Object Repository/User Management/Login as user with multiple sites/android.widget.EditText - username'

2023-08-13 17:27:10 - [MESSAGE][PASSED] - Text 'KatalonSite' has been set to element 'Object Repository/User Management/Login as user with multiple sites/android.widget.EditText - username'

2023-08-13 17:27:10 - [TEST_STEP][PASSED] - setText(findTestObject("Object Repository/User Management/Login as user with multiple sites/android.widget.EditText"), "eKare123@", 30): Text 'eKare123@' has been set to element 'Object Repository/User Management/Login as user with multiple sites/android.widget.EditText'

2023-08-13 17:27:11 - [MESSAGE][PASSED] - Text 'eKare123@' has been set to element 'Object Repository/User Management/Login as user with multiple sites/android.widget.EditText'

2023-08-13 17:27:11 - [TEST_STEP][PASSED] - tap(findTestObject("Object Repository/User Management/Login as user with multiple sites/android.widget.TextView - SIGN IN"), 30): Tapped on element 'Object Repository/User Management/Login as user with multiple sites/android.widget.TextView - SIGN IN'

2023-08-13 17:27:12 - [MESSAGE][PASSED] - Tapped on element 'Object Repository/User Management/Login as user with multiple sites/android.widget.TextView - SIGN IN'

2023-08-13 17:27:12 - [TEST_STEP][PASSED] - tap(findTestObject("Object Repository/User Management/Login as user with multiple sites/android.widget.TextView - Katalon"), 30): Tapped on element 'Object Repository/User Management/Login as user with multiple sites/android.widget.TextView - Katalon'

2023-08-13 17:27:15 - [MESSAGE][PASSED] - Tapped on element 'Object Repository/User Management/Login as user with multiple sites/android.widget.TextView - Katalon'

2023-08-13 17:27:15 - [TEST_STEP][PASSED] - verifyElementExist(findTestObject("Object Repository/User Management/Login as user with multiple sites/android.widget.TextView - add new patient"), 30): Element 'Object Repository/User Management/Login as user with multiple sites/android.widget.TextView - add new patient' is exist

2023-08-13 17:27:23 - [MESSAGE][PASSED] - Element 'Object Repository/User Management/Login as user with multiple sites/android.widget.TextView - add new patient' is exist

2023-08-13 17:27:23 - [TEST_STEP][PASSED] - tap(findTestObject("Object Repository/User Management/Login as user with multiple sites/android.view.ViewGroup - patient"), 30): Tapped on element 'Object Repository/User Management/Login as user with multiple sites/android.view.ViewGroup - patient'

2023-08-13 17:27:24 - [MESSAGE][PASSED] - Tapped on element 'Object Repository/User Management/Login as user with multiple sites/android.view.ViewGroup - patient'

2023-08-13 17:27:24 - [TEST_STEP][PASSED] - tap(findTestObject("Object Repository/User Management/Login as user with multiple sites/android.widget.ImageView - menu"), 30): Tapped on element 'Object Repository/User Management/Login as user with multiple sites/android.widget.ImageView - menu'

2023-08-13 17:27:26 - [MESSAGE][PASSED] - Tapped on element 'Object Repository/User Management/Login as user with multiple sites/android.widget.ImageView - menu'

2023-08-13 17:27:26 - [TEST_STEP][PASSED] - verifyElementExist(findTestObject("Object Repository/User Management/Login as user with multiple sites/android.widget.TextView - Freeze patient"), 30): Element 'Object Repository/User Management/Login as user with multiple sites/android.widget.TextView - Freeze patient' is exist

2023-08-13 17:27:27 - [MESSAGE][PASSED] - Element 'Object Repository/User Management/Login as user with multiple sites/android.widget.TextView - Freeze patient' is exist

2023-08-13 17:27:27 - [TEST_STEP][PASSED] - verifyElementExist(findTestObject("Object Repository/User Management/Login as user with multiple sites/android.widget.TextView - Delete patient"), 30): Element 'Object Repository/User Management/Login as user with multiple sites/android.widget.TextView - Delete patient' is exist

2023-08-13 17:27:28 - [MESSAGE][PASSED] - Element 'Object Repository/User Management/Login as user with multiple sites/android.widget.TextView - Delete patient' is exist

2023-08-13 17:27:28 - [TEST_STEP][PASSED] - tap(findTestObject("Object Repository/User Management/Login as user with multiple sites/android.widget.TextView - Cancel"), 30): Tapped on element 'Object Repository/User Management/Login as user with multiple sites/android.widget.TextView - Cancel'

2023-08-13 17:27:28 - [MESSAGE][PASSED] - Tapped on element 'Object Repository/User Management/Login as user with multiple sites/android.widget.TextView - Cancel'

2023-08-13 17:27:28 - [TEST_STEP][PASSED] - pressBack(): Press back button successfully

2023-08-13 17:27:29 - [MESSAGE][PASSED] - Press back button successfully

2023-08-13 17:27:29 - [TEST_STEP][PASSED] - tap(findTestObject("Object Repository/User Management/Login as user with multiple sites/android.widget.ImageView - Menu (1)"), 30): Tapped on element 'Object Repository/User Management/Login as user with multiple sites/android.widget.ImageView - Menu (1)'

2023-08-13 17:27:30 - [MESSAGE][PASSED] - Tapped on element 'Object Repository/User Management/Login as user with multiple sites/android.widget.ImageView - Menu (1)'

2023-08-13 17:27:30 - [TEST_STEP][PASSED] - tap(findTestObject("Object Repository/User Management/Login as user with multiple sites/android.widget.TextView - Site"), 30): Tapped on element 'Object Repository/User Management/Login as user with multiple sites/android.widget.TextView - Site'

2023-08-13 17:27:32 - [MESSAGE][PASSED] - Tapped on element 'Object Repository/User Management/Login as user with multiple sites/android.widget.TextView - Site'

2023-08-13 17:27:32 - [TEST_STEP][PASSED] - tap(findTestObject("Object Repository/User Management/Login as user with multiple sites/android.widget.TextView - site user"), 30): Tapped on element 'Object Repository/User Management/Login as user with multiple sites/android.widget.TextView - site user'

2023-08-13 17:27:33 - [MESSAGE][PASSED] - Tapped on element 'Object Repository/User Management/Login as user with multiple sites/android.widget.TextView - site user'

2023-08-13 17:27:33 - [TEST_STEP][PASSED] - tap(findTestObject("Object Repository/User Management/Login as user with multiple sites/android.view.ViewGroup"), 30): Tapped on element 'Object Repository/User Management/Login as user with multiple sites/android.view.ViewGroup'

2023-08-13 17:27:42 - [MESSAGE][PASSED] - Tapped on element 'Object Repository/User Management/Login as user with multiple sites/android.view.ViewGroup'

2023-08-13 17:27:42 - [TEST_STEP][PASSED] - tap(findTestObject("Object Repository/User Management/Login as user with multiple sites/android.widget.ImageView - menu"), 30): Tapped on element 'Object Repository/User Management/Login as user with multiple sites/android.widget.ImageView - menu'

2023-08-13 17:27:47 - [MESSAGE][PASSED] - Tapped on element 'Object Repository/User Management/Login as user with multiple sites/android.widget.ImageView - menu'

2023-08-13 17:27:47 - [TEST_STEP][PASSED] - verifyElementExist(findTestObject("Object Repository/User Management/Login as user with multiple sites/android.widget.TextView - Edit patient"), 30): Element 'Object Repository/User Management/Login as user with multiple sites/android.widget.TextView - Edit patient' is exist

2023-08-13 17:27:48 - [MESSAGE][PASSED] - Element 'Object Repository/User Management/Login as user with multiple sites/android.widget.TextView - Edit patient' is exist

2023-08-13 17:27:48 - [TEST_STEP][PASSED] - verifyElementNotExist(findTestObject("User Management/Login as user with multiple sites/android.widget.TextView - Delete patient"), 30): Element 'Object Repository/User Management/Login as user with multiple sites/android.widget.TextView - Delete patient' not found

2023-08-13 17:28:19 - [MESSAGE][PASSED] - Element 'Object Repository/User Management/Login as user with multiple sites/android.widget.TextView - Delete patient' not found

2023-08-13 17:28:19 - [TEST_STEP][PASSED] - verifyElementNotExist(findTestObject("User Management/Login as user with multiple sites/android.widget.TextView - Freeze patient"), 30): Element 'Object Repository/User Management/Login as user with multiple sites/android.widget.TextView - Freeze patient' not found

2023-08-13 17:28:49 - [MESSAGE][PASSED] - Element 'Object Repository/User Management/Login as user with multiple sites/android.widget.TextView - Freeze patient' not found

2023-08-13 17:28:49 - [TEST_STEP][PASSED] - tap(findTestObject("User Management/Login as user with multiple sites/android.widget.TextView - Cancel"), 30): Tapped on element 'Object Repository/User Management/Login as user with multiple sites/android.widget.TextView - Cancel'

2023-08-13 17:28:49 - [MESSAGE][PASSED] - Tapped on element 'Object Repository/User Management/Login as user with multiple sites/android.widget.TextView - Cancel'

2023-08-13 17:28:49 - [TEST_STEP][PASSED] - pressBack(): Press back button successfully

2023-08-13 17:28:51 - [MESSAGE][PASSED] - Press back button successfully

2023-08-13 17:28:51 - [TEST_STEP][PASSED] - tap(findTestObject("Object Repository/User Management/Login as user with multiple sites/android.widget.ImageView - Menu (1)"), 30): Tapped on element 'Object Repository/User Management/Login as user with multiple sites/android.widget.ImageView - Menu (1)'

2023-08-13 17:28:51 - [MESSAGE][PASSED] - Tapped on element 'Object Repository/User Management/Login as user with multiple sites/android.widget.ImageView - Menu (1)'

2023-08-13 17:28:51 - [TEST_STEP][PASSED] - tap(findTestObject("User Management/Login as user with multiple sites/android.widget.TextView - Site"), 30): Tapped on element 'Object Repository/User Management/Login as user with multiple sites/android.widget.TextView - Site'

2023-08-13 17:28:53 - [MESSAGE][PASSED] - Tapped on element 'Object Repository/User Management/Login as user with multiple sites/android.widget.TextView - Site'

2023-08-13 17:28:53 - [TEST_STEP][PASSED] - tap(findTestObject("Object Repository/User Management/Login as user with multiple sites/android.widget.TextView - Test1"), 30): Tapped on element 'Object Repository/User Management/Login as user with multiple sites/android.widget.TextView - Test1'

2023-08-13 17:28:54 - [MESSAGE][PASSED] - Tapped on element 'Object Repository/User Management/Login as user with multiple sites/android.widget.TextView - Test1'

2023-08-13 17:28:54 - [TEST_STEP][PASSED] - verifyElementNotExist(findTestObject("User Management/Login as user with multiple sites/android.widget.TextView - add new patient"), 30): Element 'Object Repository/User Management/Login as user with multiple sites/android.widget.TextView - add new patient' not found

2023-08-13 17:29:24 - [MESSAGE][PASSED] - Element 'Object Repository/User Management/Login as user with multiple sites/android.widget.TextView - add new patient' not found]]></system-out>
         <system-err><![CDATA[]]></system-err>
      </testcase>
      <testcase name="Test Cases/User Managemenet/Auto-logout" time="77.964" classname="Test Cases/User Managemenet/Auto-logout" status="PASSED">
         <system-out><![CDATA[2023-08-13 17:29:24 - [TEST_CASE][PASSED] - Test Cases/User Managemenet/Auto-logout: Test Cases/User Managemenet/Auto-logout

2023-08-13 17:29:25 - [TEST_STEP][PASSED] - tap(findTestObject("User Management/Auto-Logout/android.widget.ImageView - Menu (1)"), 30): Tapped on element 'Object Repository/User Management/Auto-Logout/android.widget.ImageView - Menu (1)'

2023-08-13 17:29:26 - [MESSAGE][PASSED] - Tapped on element 'Object Repository/User Management/Auto-Logout/android.widget.ImageView - Menu (1)'

2023-08-13 17:29:26 - [TEST_STEP][PASSED] - tap(findTestObject("Object Repository/User Management/Auto-Logout/android.widget.TextView - Settings"), 30): Tapped on element 'Object Repository/User Management/Auto-Logout/android.widget.TextView - Settings'

2023-08-13 17:29:27 - [MESSAGE][PASSED] - Tapped on element 'Object Repository/User Management/Auto-Logout/android.widget.TextView - Settings'

2023-08-13 17:29:27 - [TEST_STEP][PASSED] - tap(findTestObject("Object Repository/User Management/Auto-Logout/android.widget.TextView - Logout time"), 30): Tapped on element 'Object Repository/User Management/Auto-Logout/android.widget.TextView - Logout time'

2023-08-13 17:29:29 - [MESSAGE][PASSED] - Tapped on element 'Object Repository/User Management/Auto-Logout/android.widget.TextView - Logout time'

2023-08-13 17:29:29 - [TEST_STEP][PASSED] - tap(findTestObject("Object Repository/User Management/Auto-Logout/android.widget.TextView - 1 minutes"), 30): Tapped on element 'Object Repository/User Management/Auto-Logout/android.widget.TextView - 1 minutes'

2023-08-13 17:29:30 - [MESSAGE][PASSED] - Tapped on element 'Object Repository/User Management/Auto-Logout/android.widget.TextView - 1 minutes'

2023-08-13 17:29:30 - [TEST_STEP][PASSED] - tap(findTestObject("Object Repository/User Management/Auto-Logout/android.widget.ImageView (1)"), 30): Tapped on element 'Object Repository/User Management/Auto-Logout/android.widget.ImageView (1)'

2023-08-13 17:29:32 - [MESSAGE][PASSED] - Tapped on element 'Object Repository/User Management/Auto-Logout/android.widget.ImageView (1)'

2023-08-13 17:29:32 - [TEST_STEP][PASSED] - delay(65, STOP_ON_FAILURE): Delayed 65 second(s)

2023-08-13 17:30:37 - [MESSAGE][PASSED] - Delayed 65 second(s)

2023-08-13 17:30:37 - [TEST_STEP][PASSED] - verifyElementExist(findTestObject("Object Repository/User Management/Auto-Logout/android.widget.ImageView (2)"), 30): Element 'Object Repository/User Management/Auto-Logout/android.widget.ImageView (2)' is exist

2023-08-13 17:30:42 - [MESSAGE][PASSED] - Element 'Object Repository/User Management/Auto-Logout/android.widget.ImageView (2)' is exist]]></system-out>
         <system-err><![CDATA[]]></system-err>
      </testcase>
      <system-out><![CDATA[2023-08-13 17:22:49 - [TEST_SUITE][PASSED] - User Management: Test Cases/User Managemenet/Auto-logout]]></system-out>
      <system-err><![CDATA[]]></system-err>
   </testsuite>
</testsuites>
