<?xml version="1.0" encoding="UTF-8"?>
<testsuites name="IS_Lite" time="1173.154" tests="31" failures="1" errors="0">
   <testsuite name="User Management" tests="7" failures="0" errors="0" time="470.323" skipped="0" timestamp="2023-08-17 10:27:41" hostname="Amarir - DESKTOP-EE3F8H4" id="Test Suites/User Management">
      <properties>
         <property name="deviceName" value="samsung SM-N975F (Android 12)"/>
         <property name="devicePlatform" value=""/>
         <property name="logFolder" value="C:\\Users\\Amarir\\git\\IS_Katalon_Lite_Version\\Reports\\20230817_102719\\User Management\\20230817_102722"/>
         <property name="logFiles" value="C:\\Users\\Amarir\\git\\IS_Katalon_Lite_Version\\Reports\\20230817_102719\\User Management\\20230817_102722\\appium.log, C:\\Users\\Amarir\\git\\IS_Katalon_Lite_Version\\Reports\\20230817_102719\\User Management\\20230817_102722\\execution0.log"/>
         <property name="attachments" value=""/>
         <property name="hostName" value="Amarir - DESKTOP-EE3F8H4"/>
         <property name="os" value="Windows 10 64bit"/>
         <property name="appiumServerStatus" value="{&quot;value&quot;:{&quot;build&quot;:{&quot;version&quot;:&quot;1.22.0&quot;}},&quot;sessionId&quot;:null,&quot;status&quot;:0}"/>
         <property name="katalonVersion" value="8.6.5.208"/>
         <property name="deviceOS" value="Android"/>
         <property name="appiumVersion" value="1.22.0"/>
         <property name="deviceModel" value="SM-N975F"/>
         <property name="hostAddress" value="192.168.234.1"/>
         <property name="deviceManufacturer" value="samsung"/>
         <property name="deviceId" value="RF8N307NKZV"/>
         <property name="deviceName" value="samsung SM-N975F (Android 12)"/>
         <property name="deviceOSVersion" value="12"/>
      </properties>
      <testcase name="Test Cases/User Managemenet/Privacy Terms and Conditions" time="195.373" classname="Test Cases/User Managemenet/Privacy Terms and Conditions" status="PASSED">
         <system-out><![CDATA[2023-08-17 10:27:42 - [TEST_CASE][PASSED] - Test Cases/User Managemenet/Privacy Terms and Conditions: Test Cases/User Managemenet/Privacy Terms and Conditions

2023-08-17 10:27:44 - [TEST_STEP][PASSED] - startApplication(APK, true): Started app at: 'C:\Users\Amarir\Downloads\APK\IS\IS_Prod_2.1.apk'

2023-08-17 10:27:48 - [MESSAGE][INFO] - Detected NodeJS location: "C:\Program Files\nodejs\node.exe"

2023-08-17 10:27:55 - [MESSAGE][INFO] - Appium server started on port 59,392

2023-08-17 10:28:39 - [MESSAGE][PASSED] - Started app at: 'C:\Users\Amarir\Downloads\APK\IS\IS_Prod_2.1.apk'

2023-08-17 10:28:39 - [TEST_STEP][PASSED] - verifyElementText(findTestObject("Object Repository/User Management/Privacy Terms and conditions/android.widget.TextView - Terms  Conditions"), "Terms & Conditions"): Actual text and expected text of test object 'Object Repository/User Management/Privacy Terms and conditions/android.widget.TextView - Terms  Conditions' are matched.

2023-08-17 10:29:09 - [MESSAGE][PASSED] - Actual text and expected text of test object 'Object Repository/User Management/Privacy Terms and conditions/android.widget.TextView - Terms  Conditions' are matched.

2023-08-17 10:29:09 - [TEST_STEP][PASSED] - verifyElementText(findTestObject("Object Repository/User Management/Privacy Terms and conditions/android.widget.TextView - Privacy Policy"), "Privacy Policy"): Actual text and expected text of test object 'Object Repository/User Management/Privacy Terms and conditions/android.widget.TextView - Privacy Policy' are matched.

2023-08-17 10:29:40 - [MESSAGE][PASSED] - Actual text and expected text of test object 'Object Repository/User Management/Privacy Terms and conditions/android.widget.TextView - Privacy Policy' are matched.

2023-08-17 10:29:40 - [TEST_STEP][PASSED] - tap(findTestObject("User Management/Privacy Terms and conditions/android.widget.TextView - Terms  Conditions"), 30): Tapped on element 'Object Repository/User Management/Privacy Terms and conditions/android.widget.TextView - Terms  Conditions'

2023-08-17 10:30:10 - [MESSAGE][PASSED] - Tapped on element 'Object Repository/User Management/Privacy Terms and conditions/android.widget.TextView - Terms  Conditions'

2023-08-17 10:30:10 - [TEST_STEP][PASSED] - delay(5, STOP_ON_FAILURE): Delayed 5 second(s)

2023-08-17 10:30:15 - [MESSAGE][PASSED] - Delayed 5 second(s)

2023-08-17 10:30:15 - [TEST_STEP][PASSED] - verifyElementText(findTestObject("User Management/Privacy Terms and conditions/android.widget.TextView - Terms and Conditions"), "Terms and Conditions"): Actual text and expected text of test object 'Object Repository/User Management/Privacy Terms and conditions/android.widget.TextView - Terms and Conditions' are matched.

2023-08-17 10:30:19 - [MESSAGE][PASSED] - Actual text and expected text of test object 'Object Repository/User Management/Privacy Terms and conditions/android.widget.TextView - Terms and Conditions' are matched.

2023-08-17 10:30:19 - [TEST_STEP][PASSED] - pressBack(): Press back button successfully

2023-08-17 10:30:20 - [MESSAGE][PASSED] - Press back button successfully

2023-08-17 10:30:20 - [TEST_STEP][PASSED] - tap(findTestObject("User Management/Privacy Terms and conditions/android.widget.TextView - Privacy Policy"), 30): Tapped on element 'Object Repository/User Management/Privacy Terms and conditions/android.widget.TextView - Privacy Policy'

2023-08-17 10:30:50 - [MESSAGE][PASSED] - Tapped on element 'Object Repository/User Management/Privacy Terms and conditions/android.widget.TextView - Privacy Policy'

2023-08-17 10:30:50 - [TEST_STEP][PASSED] - delay(5, STOP_ON_FAILURE): Delayed 5 second(s)

2023-08-17 10:30:55 - [MESSAGE][PASSED] - Delayed 5 second(s)

2023-08-17 10:30:55 - [TEST_STEP][PASSED] - verifyElementText(findTestObject("Object Repository/User Management/Privacy Terms and conditions/android.widget.TextView - Privacy Policy (1)"), "Privacy Policy"): Actual text and expected text of test object 'Object Repository/User Management/Privacy Terms and conditions/android.widget.TextView - Privacy Policy (1)' are matched.

2023-08-17 10:30:57 - [MESSAGE][PASSED] - Actual text and expected text of test object 'Object Repository/User Management/Privacy Terms and conditions/android.widget.TextView - Privacy Policy (1)' are matched.

2023-08-17 10:30:57 - [TEST_STEP][PASSED] - pressBack(): Press back button successfully

2023-08-17 10:30:57 - [MESSAGE][PASSED] - Press back button successfully]]></system-out>
         <system-err><![CDATA[]]></system-err>
      </testcase>
      <testcase name="Test Cases/User Managemenet/Restore Password" time="5.995" classname="Test Cases/User Managemenet/Restore Password" status="PASSED">
         <system-out><![CDATA[2023-08-17 10:30:58 - [TEST_CASE][PASSED] - Test Cases/User Managemenet/Restore Password: Test Cases/User Managemenet/Restore Password

2023-08-17 10:30:59 - [TEST_STEP][PASSED] - tap(findTestObject("Object Repository/User Management/Restore Password/android.widget.TextView - Forgot your password"), 30): Tapped on element 'Object Repository/User Management/Restore Password/android.widget.TextView - Forgot your password'

2023-08-17 10:30:59 - [MESSAGE][PASSED] - Tapped on element 'Object Repository/User Management/Restore Password/android.widget.TextView - Forgot your password'

2023-08-17 10:30:59 - [TEST_STEP][PASSED] - setText(findTestObject("Object Repository/User Management/Restore Password/android.widget.EditText - username"), LoginCreds.get("username"), 30): Text 'safakata' has been set to element 'Object Repository/User Management/Restore Password/android.widget.EditText - username'

2023-08-17 10:31:00 - [MESSAGE][PASSED] - Text 'safakata' has been set to element 'Object Repository/User Management/Restore Password/android.widget.EditText - username'

2023-08-17 10:31:00 - [TEST_STEP][PASSED] - setText(findTestObject("Object Repository/User Management/Restore Password/android.widget.EditText - email"), LoginCreds.get("email"), 30): Text 'samarir+katalon@masaratapp.com' has been set to element 'Object Repository/User Management/Restore Password/android.widget.EditText - email'

2023-08-17 10:31:02 - [MESSAGE][PASSED] - Text 'samarir+katalon@masaratapp.com' has been set to element 'Object Repository/User Management/Restore Password/android.widget.EditText - email'

2023-08-17 10:31:02 - [TEST_STEP][PASSED] - tap(findTestObject("Object Repository/User Management/Restore Password/android.view.ViewGroup"), 30): Tapped on element 'Object Repository/User Management/Restore Password/android.view.ViewGroup'

2023-08-17 10:31:03 - [MESSAGE][PASSED] - Tapped on element 'Object Repository/User Management/Restore Password/android.view.ViewGroup'

2023-08-17 10:31:03 - [TEST_STEP][PASSED] - pressBack(): Press back button successfully

2023-08-17 10:31:03 - [MESSAGE][PASSED] - Press back button successfully]]></system-out>
         <system-err><![CDATA[]]></system-err>
      </testcase>
      <testcase name="Test Cases/User Managemenet/10loginTestAttempts" time="29.552" classname="Test Cases/User Managemenet/10loginTestAttempts" status="PASSED">
         <system-out><![CDATA[2023-08-17 10:31:04 - [TEST_CASE][PASSED] - Test Cases/User Managemenet/10loginTestAttempts: Test Cases/User Managemenet/10loginTestAttempts

2023-08-17 10:31:05 - [TEST_STEP][PASSED] - setText(findTestObject("User Management/Login/android.widget.EditText - username"), "Test10times", 30): Text 'Test10times' has been set to element 'Object Repository/User Management/Login/android.widget.EditText - username'

2023-08-17 10:31:06 - [MESSAGE][PASSED] - Text 'Test10times' has been set to element 'Object Repository/User Management/Login/android.widget.EditText - username'

2023-08-17 10:31:06 - [TEST_STEP][PASSED] - setText(findTestObject("User Management/Login/android.widget.EditText - password"), "123", 30): Text '123' has been set to element 'Object Repository/User Management/Login/android.widget.EditText - password'

2023-08-17 10:31:07 - [MESSAGE][PASSED] - Text '123' has been set to element 'Object Repository/User Management/Login/android.widget.EditText - password'

2023-08-17 10:31:07 - [TEST_STEP][PASSED] - tap(findTestObject("Object Repository/User Management/10loginAttempts/android.view.ViewGroup"), 30): Tapped on element 'Object Repository/User Management/10loginAttempts/android.view.ViewGroup'

2023-08-17 10:31:08 - [MESSAGE][PASSED] - Tapped on element 'Object Repository/User Management/10loginAttempts/android.view.ViewGroup'

2023-08-17 10:31:08 - [TEST_STEP][PASSED] - verifyElementText(findTestObject("User Management/10loginAttempts/android.widget.TextView - Login failed. Incorrect credentials"), "Login failed. Incorrect credentials !"): Actual text and expected text of test object 'Object Repository/User Management/10loginAttempts/android.widget.TextView - Login failed. Incorrect credentials' are matched.

2023-08-17 10:31:09 - [MESSAGE][PASSED] - Actual text and expected text of test object 'Object Repository/User Management/10loginAttempts/android.widget.TextView - Login failed. Incorrect credentials' are matched.

2023-08-17 10:31:09 - [TEST_STEP][PASSED] - tap(findTestObject("Object Repository/User Management/10loginAttempts/android.widget.Button - OK"), 30): Tapped on element 'Object Repository/User Management/10loginAttempts/android.widget.Button - OK'

2023-08-17 10:31:10 - [MESSAGE][PASSED] - Tapped on element 'Object Repository/User Management/10loginAttempts/android.widget.Button - OK'

2023-08-17 10:31:10 - [TEST_STEP][PASSED] - tap(findTestObject("User Management/10loginAttempts/android.view.ViewGroup"), 30): Tapped on element 'Object Repository/User Management/10loginAttempts/android.view.ViewGroup'

2023-08-17 10:31:10 - [MESSAGE][PASSED] - Tapped on element 'Object Repository/User Management/10loginAttempts/android.view.ViewGroup'

2023-08-17 10:31:10 - [TEST_STEP][PASSED] - verifyElementText(findTestObject("User Management/10loginAttempts/android.widget.TextView - Login failed. Incorrect credentials"), "Login failed. Incorrect credentials !"): Actual text and expected text of test object 'Object Repository/User Management/10loginAttempts/android.widget.TextView - Login failed. Incorrect credentials' are matched.

2023-08-17 10:31:12 - [MESSAGE][PASSED] - Actual text and expected text of test object 'Object Repository/User Management/10loginAttempts/android.widget.TextView - Login failed. Incorrect credentials' are matched.

2023-08-17 10:31:12 - [TEST_STEP][PASSED] - tap(findTestObject("Object Repository/User Management/10loginAttempts/android.widget.Button - OK"), 30): Tapped on element 'Object Repository/User Management/10loginAttempts/android.widget.Button - OK'

2023-08-17 10:31:13 - [MESSAGE][PASSED] - Tapped on element 'Object Repository/User Management/10loginAttempts/android.widget.Button - OK'

2023-08-17 10:31:13 - [TEST_STEP][PASSED] - tap(findTestObject("User Management/10loginAttempts/android.view.ViewGroup"), 30): Tapped on element 'Object Repository/User Management/10loginAttempts/android.view.ViewGroup'

2023-08-17 10:31:13 - [MESSAGE][PASSED] - Tapped on element 'Object Repository/User Management/10loginAttempts/android.view.ViewGroup'

2023-08-17 10:31:13 - [TEST_STEP][PASSED] - verifyElementText(findTestObject("User Management/10loginAttempts/android.widget.TextView - Login failed. Incorrect credentials"), "Login failed. Incorrect credentials !"): Actual text and expected text of test object 'Object Repository/User Management/10loginAttempts/android.widget.TextView - Login failed. Incorrect credentials' are matched.

2023-08-17 10:31:15 - [MESSAGE][PASSED] - Actual text and expected text of test object 'Object Repository/User Management/10loginAttempts/android.widget.TextView - Login failed. Incorrect credentials' are matched.

2023-08-17 10:31:15 - [TEST_STEP][PASSED] - tap(findTestObject("Object Repository/User Management/10loginAttempts/android.widget.Button - OK"), 30): Tapped on element 'Object Repository/User Management/10loginAttempts/android.widget.Button - OK'

2023-08-17 10:31:15 - [MESSAGE][PASSED] - Tapped on element 'Object Repository/User Management/10loginAttempts/android.widget.Button - OK'

2023-08-17 10:31:15 - [TEST_STEP][PASSED] - tap(findTestObject("User Management/10loginAttempts/android.view.ViewGroup"), 30): Tapped on element 'Object Repository/User Management/10loginAttempts/android.view.ViewGroup'

2023-08-17 10:31:16 - [MESSAGE][PASSED] - Tapped on element 'Object Repository/User Management/10loginAttempts/android.view.ViewGroup'

2023-08-17 10:31:16 - [TEST_STEP][PASSED] - verifyElementText(findTestObject("User Management/10loginAttempts/android.widget.TextView - Login failed. Incorrect credentials"), "Login failed. Incorrect credentials !"): Actual text and expected text of test object 'Object Repository/User Management/10loginAttempts/android.widget.TextView - Login failed. Incorrect credentials' are matched.

2023-08-17 10:31:18 - [MESSAGE][PASSED] - Actual text and expected text of test object 'Object Repository/User Management/10loginAttempts/android.widget.TextView - Login failed. Incorrect credentials' are matched.

2023-08-17 10:31:18 - [TEST_STEP][PASSED] - tap(findTestObject("Object Repository/User Management/10loginAttempts/android.widget.Button - OK"), 30): Tapped on element 'Object Repository/User Management/10loginAttempts/android.widget.Button - OK'

2023-08-17 10:31:19 - [MESSAGE][PASSED] - Tapped on element 'Object Repository/User Management/10loginAttempts/android.widget.Button - OK'

2023-08-17 10:31:19 - [TEST_STEP][PASSED] - tap(findTestObject("User Management/10loginAttempts/android.view.ViewGroup"), 30): Tapped on element 'Object Repository/User Management/10loginAttempts/android.view.ViewGroup'

2023-08-17 10:31:19 - [MESSAGE][PASSED] - Tapped on element 'Object Repository/User Management/10loginAttempts/android.view.ViewGroup'

2023-08-17 10:31:19 - [TEST_STEP][PASSED] - verifyElementText(findTestObject("User Management/10loginAttempts/android.widget.TextView - Login failed. Incorrect credentials"), "Login failed. Incorrect credentials !"): Actual text and expected text of test object 'Object Repository/User Management/10loginAttempts/android.widget.TextView - Login failed. Incorrect credentials' are matched.

2023-08-17 10:31:21 - [MESSAGE][PASSED] - Actual text and expected text of test object 'Object Repository/User Management/10loginAttempts/android.widget.TextView - Login failed. Incorrect credentials' are matched.

2023-08-17 10:31:21 - [TEST_STEP][PASSED] - tap(findTestObject("Object Repository/User Management/10loginAttempts/android.widget.Button - OK"), 30): Tapped on element 'Object Repository/User Management/10loginAttempts/android.widget.Button - OK'

2023-08-17 10:31:21 - [MESSAGE][PASSED] - Tapped on element 'Object Repository/User Management/10loginAttempts/android.widget.Button - OK'

2023-08-17 10:31:21 - [TEST_STEP][PASSED] - tap(findTestObject("User Management/10loginAttempts/android.view.ViewGroup"), 30): Tapped on element 'Object Repository/User Management/10loginAttempts/android.view.ViewGroup'

2023-08-17 10:31:22 - [MESSAGE][PASSED] - Tapped on element 'Object Repository/User Management/10loginAttempts/android.view.ViewGroup'

2023-08-17 10:31:22 - [TEST_STEP][PASSED] - verifyElementText(findTestObject("User Management/10loginAttempts/android.widget.TextView - Login failed. Incorrect credentials"), "Login failed. Incorrect credentials !"): Actual text and expected text of test object 'Object Repository/User Management/10loginAttempts/android.widget.TextView - Login failed. Incorrect credentials' are matched.

2023-08-17 10:31:23 - [MESSAGE][PASSED] - Actual text and expected text of test object 'Object Repository/User Management/10loginAttempts/android.widget.TextView - Login failed. Incorrect credentials' are matched.

2023-08-17 10:31:23 - [TEST_STEP][PASSED] - tap(findTestObject("Object Repository/User Management/10loginAttempts/android.widget.Button - OK"), 30): Tapped on element 'Object Repository/User Management/10loginAttempts/android.widget.Button - OK'

2023-08-17 10:31:23 - [MESSAGE][PASSED] - Tapped on element 'Object Repository/User Management/10loginAttempts/android.widget.Button - OK'

2023-08-17 10:31:23 - [TEST_STEP][PASSED] - tap(findTestObject("User Management/10loginAttempts/android.view.ViewGroup"), 30): Tapped on element 'Object Repository/User Management/10loginAttempts/android.view.ViewGroup'

2023-08-17 10:31:24 - [MESSAGE][PASSED] - Tapped on element 'Object Repository/User Management/10loginAttempts/android.view.ViewGroup'

2023-08-17 10:31:24 - [TEST_STEP][PASSED] - verifyElementText(findTestObject("User Management/10loginAttempts/android.widget.TextView - Login failed. Incorrect credentials"), "Login failed. Incorrect credentials !"): Actual text and expected text of test object 'Object Repository/User Management/10loginAttempts/android.widget.TextView - Login failed. Incorrect credentials' are matched.

2023-08-17 10:31:25 - [MESSAGE][PASSED] - Actual text and expected text of test object 'Object Repository/User Management/10loginAttempts/android.widget.TextView - Login failed. Incorrect credentials' are matched.

2023-08-17 10:31:25 - [TEST_STEP][PASSED] - tap(findTestObject("Object Repository/User Management/10loginAttempts/android.widget.Button - OK"), 30): Tapped on element 'Object Repository/User Management/10loginAttempts/android.widget.Button - OK'

2023-08-17 10:31:26 - [MESSAGE][PASSED] - Tapped on element 'Object Repository/User Management/10loginAttempts/android.widget.Button - OK'

2023-08-17 10:31:26 - [TEST_STEP][PASSED] - tap(findTestObject("User Management/10loginAttempts/android.view.ViewGroup"), 30): Tapped on element 'Object Repository/User Management/10loginAttempts/android.view.ViewGroup'

2023-08-17 10:31:27 - [MESSAGE][PASSED] - Tapped on element 'Object Repository/User Management/10loginAttempts/android.view.ViewGroup'

2023-08-17 10:31:27 - [TEST_STEP][PASSED] - verifyElementText(findTestObject("User Management/10loginAttempts/android.widget.TextView - Login failed. Incorrect credentials"), "Login failed. Incorrect credentials !"): Actual text and expected text of test object 'Object Repository/User Management/10loginAttempts/android.widget.TextView - Login failed. Incorrect credentials' are matched.

2023-08-17 10:31:28 - [MESSAGE][PASSED] - Actual text and expected text of test object 'Object Repository/User Management/10loginAttempts/android.widget.TextView - Login failed. Incorrect credentials' are matched.

2023-08-17 10:31:28 - [TEST_STEP][PASSED] - tap(findTestObject("Object Repository/User Management/10loginAttempts/android.widget.Button - OK"), 30): Tapped on element 'Object Repository/User Management/10loginAttempts/android.widget.Button - OK'

2023-08-17 10:31:28 - [MESSAGE][PASSED] - Tapped on element 'Object Repository/User Management/10loginAttempts/android.widget.Button - OK'

2023-08-17 10:31:28 - [TEST_STEP][PASSED] - tap(findTestObject("User Management/10loginAttempts/android.view.ViewGroup"), 30): Tapped on element 'Object Repository/User Management/10loginAttempts/android.view.ViewGroup'

2023-08-17 10:31:29 - [MESSAGE][PASSED] - Tapped on element 'Object Repository/User Management/10loginAttempts/android.view.ViewGroup'

2023-08-17 10:31:29 - [TEST_STEP][PASSED] - verifyElementText(findTestObject("User Management/10loginAttempts/android.widget.TextView - Login failed. Incorrect credentials"), "Login failed. Incorrect credentials !"): Actual text and expected text of test object 'Object Repository/User Management/10loginAttempts/android.widget.TextView - Login failed. Incorrect credentials' are matched.

2023-08-17 10:31:30 - [MESSAGE][PASSED] - Actual text and expected text of test object 'Object Repository/User Management/10loginAttempts/android.widget.TextView - Login failed. Incorrect credentials' are matched.

2023-08-17 10:31:30 - [TEST_STEP][PASSED] - tap(findTestObject("Object Repository/User Management/10loginAttempts/android.widget.Button - OK"), 30): Tapped on element 'Object Repository/User Management/10loginAttempts/android.widget.Button - OK'

2023-08-17 10:31:30 - [MESSAGE][PASSED] - Tapped on element 'Object Repository/User Management/10loginAttempts/android.widget.Button - OK'

2023-08-17 10:31:30 - [TEST_STEP][PASSED] - tap(findTestObject("User Management/10loginAttempts/android.view.ViewGroup"), 30): Tapped on element 'Object Repository/User Management/10loginAttempts/android.view.ViewGroup'

2023-08-17 10:31:31 - [MESSAGE][PASSED] - Tapped on element 'Object Repository/User Management/10loginAttempts/android.view.ViewGroup'

2023-08-17 10:31:31 - [TEST_STEP][PASSED] - verifyElementText(findTestObject("User Management/10loginAttempts/android.widget.TextView - Your account has been temporarily disabled due to repeated login failures. Please contact your administrator qcekareinc.com"), "Your account has been temporarily disabled due to repeated login failures. Please contact your administrator: qc@ekareinc.com"): Actual text and expected text of test object 'Object Repository/User Management/10loginAttempts/android.widget.TextView - Your account has been temporarily disabled due to repeated login failures. Please contact your administrator qcekareinc.com' are matched.

2023-08-17 10:31:33 - [MESSAGE][PASSED] - Actual text and expected text of test object 'Object Repository/User Management/10loginAttempts/android.widget.TextView - Your account has been temporarily disabled due to repeated login failures. Please contact your administrator qcekareinc.com' are matched.

2023-08-17 10:31:33 - [TEST_STEP][PASSED] - tap(findTestObject("Object Repository/User Management/10loginAttempts/android.widget.Button - OK (1)"), 30): Tapped on element 'Object Repository/User Management/10loginAttempts/android.widget.Button - OK (1)'

2023-08-17 10:31:33 - [MESSAGE][PASSED] - Tapped on element 'Object Repository/User Management/10loginAttempts/android.widget.Button - OK (1)']]></system-out>
         <system-err><![CDATA[]]></system-err>
      </testcase>
      <testcase name="Test Cases/User Managemenet/Login" time="26.816" classname="Test Cases/User Managemenet/Login" status="PASSED">
         <system-out><![CDATA[2023-08-17 10:31:33 - [TEST_CASE][PASSED] - Test Cases/User Managemenet/Login: Test Cases/User Managemenet/Login

2023-08-17 10:31:34 - [TEST_STEP][PASSED] - startApplication(APK, false): Started app at: 'C:\Users\Amarir\Downloads\APK\IS\IS_Prod_2.1.apk'

2023-08-17 10:31:45 - [MESSAGE][PASSED] - Started app at: 'C:\Users\Amarir\Downloads\APK\IS\IS_Prod_2.1.apk'

2023-08-17 10:31:45 - [TEST_STEP][PASSED] - setText(findTestObject("User Management/Login/android.widget.EditText - username"), LoginCreds.get("username"), 30): Text 'safakata' has been set to element 'Object Repository/User Management/Login/android.widget.EditText - username'

2023-08-17 10:31:50 - [MESSAGE][PASSED] - Text 'safakata' has been set to element 'Object Repository/User Management/Login/android.widget.EditText - username'

2023-08-17 10:31:50 - [TEST_STEP][PASSED] - setText(findTestObject("User Management/Login/android.widget.EditText - password"), LoginCreds.get("password"), 30): Text 'eKare123@' has been set to element 'Object Repository/User Management/Login/android.widget.EditText - password'

2023-08-17 10:31:52 - [MESSAGE][PASSED] - Text 'eKare123@' has been set to element 'Object Repository/User Management/Login/android.widget.EditText - password'

2023-08-17 10:31:52 - [TEST_STEP][PASSED] - tap(findTestObject("User Management/Login/android.view.ViewGroup - sign in"), 30): Tapped on element 'Object Repository/User Management/Login/android.view.ViewGroup - sign in'

2023-08-17 10:31:52 - [MESSAGE][PASSED] - Tapped on element 'Object Repository/User Management/Login/android.view.ViewGroup - sign in'

2023-08-17 10:31:52 - [TEST_STEP][PASSED] - tap(findTestObject("Object Repository/User Management/Login/android.widget.TextView - Katalon"), 30): Tapped on element 'Object Repository/User Management/Login/android.widget.TextView - Katalon'

2023-08-17 10:31:54 - [MESSAGE][PASSED] - Tapped on element 'Object Repository/User Management/Login/android.widget.TextView - Katalon'

2023-08-17 10:31:54 - [TEST_STEP][PASSED] - delay(2, STOP_ON_FAILURE): Delayed 2 second(s)

2023-08-17 10:31:56 - [MESSAGE][PASSED] - Delayed 2 second(s)

2023-08-17 10:31:56 - [TEST_STEP][PASSED] - verifyElementExist(findTestObject("Object Repository/User Management/Login/android.widget.TextView - Patient Directory"), 30): Element 'Object Repository/User Management/Login/android.widget.TextView - Patient Directory' is exist

2023-08-17 10:32:00 - [MESSAGE][PASSED] - Element 'Object Repository/User Management/Login/android.widget.TextView - Patient Directory' is exist]]></system-out>
         <system-err><![CDATA[]]></system-err>
      </testcase>
      <testcase name="Test Cases/User Managemenet/Logout" time="5.992" classname="Test Cases/User Managemenet/Logout" status="PASSED">
         <system-out><![CDATA[2023-08-17 10:32:00 - [TEST_CASE][PASSED] - Test Cases/User Managemenet/Logout: Test Cases/User Managemenet/Logout

2023-08-17 10:32:01 - [TEST_STEP][PASSED] - tap(findTestObject("Object Repository/User Management/Logout/android.widget.ImageView - menu"), 0): Tapped on element 'Object Repository/User Management/Logout/android.widget.ImageView - menu'

2023-08-17 10:32:01 - [MESSAGE][WARNING] - Timeout '0' is invalid. Using default page load timeout: '30'

2023-08-17 10:32:01 - [MESSAGE][PASSED] - Tapped on element 'Object Repository/User Management/Logout/android.widget.ImageView - menu'

2023-08-17 10:32:01 - [TEST_STEP][PASSED] - tap(findTestObject("Object Repository/User Management/Logout/android.widget.TextView - Logout"), 0): Tapped on element 'Object Repository/User Management/Logout/android.widget.TextView - Logout'

2023-08-17 10:32:02 - [MESSAGE][WARNING] - Timeout '0' is invalid. Using default page load timeout: '30'

2023-08-17 10:32:03 - [MESSAGE][PASSED] - Tapped on element 'Object Repository/User Management/Logout/android.widget.TextView - Logout'

2023-08-17 10:32:03 - [TEST_STEP][PASSED] - tap(findTestObject("Object Repository/User Management/Logout/android.widget.Button - CONFIRM"), 0): Tapped on element 'Object Repository/User Management/Logout/android.widget.Button - CONFIRM'

2023-08-17 10:32:03 - [MESSAGE][WARNING] - Timeout '0' is invalid. Using default page load timeout: '30'

2023-08-17 10:32:04 - [MESSAGE][PASSED] - Tapped on element 'Object Repository/User Management/Logout/android.widget.Button - CONFIRM'

2023-08-17 10:32:04 - [TEST_STEP][PASSED] - verifyElementExist(findTestObject("Object Repository/User Management/Logout/android.widget.ImageView"), 0): Element 'Object Repository/User Management/Logout/android.widget.ImageView' is exist

2023-08-17 10:32:04 - [MESSAGE][WARNING] - Timeout '0' is invalid. Using default page load timeout: '30'

2023-08-17 10:32:06 - [MESSAGE][PASSED] - Element 'Object Repository/User Management/Logout/android.widget.ImageView' is exist]]></system-out>
         <system-err><![CDATA[]]></system-err>
      </testcase>
      <testcase name="Test Cases/User Managemenet/Login as user with multiple sites" time="127.808" classname="Test Cases/User Managemenet/Login as user with multiple sites" status="PASSED">
         <system-out><![CDATA[2023-08-17 10:32:06 - [TEST_CASE][PASSED] - Test Cases/User Managemenet/Login as user with multiple sites: Test Cases/User Managemenet/Login as user with multiple sites

2023-08-17 10:32:07 - [TEST_STEP][PASSED] - setText(findTestObject("Object Repository/User Management/Login as user with multiple sites/android.widget.EditText - username"), "KatalonSite", 30): Text 'KatalonSite' has been set to element 'Object Repository/User Management/Login as user with multiple sites/android.widget.EditText - username'

2023-08-17 10:32:08 - [MESSAGE][PASSED] - Text 'KatalonSite' has been set to element 'Object Repository/User Management/Login as user with multiple sites/android.widget.EditText - username'

2023-08-17 10:32:08 - [TEST_STEP][PASSED] - setText(findTestObject("Object Repository/User Management/Login as user with multiple sites/android.widget.EditText"), "eKare123@", 30): Text 'eKare123@' has been set to element 'Object Repository/User Management/Login as user with multiple sites/android.widget.EditText'

2023-08-17 10:32:09 - [MESSAGE][PASSED] - Text 'eKare123@' has been set to element 'Object Repository/User Management/Login as user with multiple sites/android.widget.EditText'

2023-08-17 10:32:09 - [TEST_STEP][PASSED] - tap(findTestObject("Object Repository/User Management/Login as user with multiple sites/android.widget.TextView - SIGN IN"), 30): Tapped on element 'Object Repository/User Management/Login as user with multiple sites/android.widget.TextView - SIGN IN'

2023-08-17 10:32:10 - [MESSAGE][PASSED] - Tapped on element 'Object Repository/User Management/Login as user with multiple sites/android.widget.TextView - SIGN IN'

2023-08-17 10:32:10 - [TEST_STEP][PASSED] - tap(findTestObject("Object Repository/User Management/Login as user with multiple sites/android.widget.TextView - Katalon"), 30): Tapped on element 'Object Repository/User Management/Login as user with multiple sites/android.widget.TextView - Katalon'

2023-08-17 10:32:12 - [MESSAGE][PASSED] - Tapped on element 'Object Repository/User Management/Login as user with multiple sites/android.widget.TextView - Katalon'

2023-08-17 10:32:12 - [TEST_STEP][PASSED] - verifyElementExist(findTestObject("Object Repository/User Management/Login as user with multiple sites/android.widget.TextView - add new patient"), 30): Element 'Object Repository/User Management/Login as user with multiple sites/android.widget.TextView - add new patient' is exist

2023-08-17 10:32:18 - [MESSAGE][PASSED] - Element 'Object Repository/User Management/Login as user with multiple sites/android.widget.TextView - add new patient' is exist

2023-08-17 10:32:18 - [TEST_STEP][PASSED] - tap(findTestObject("Object Repository/User Management/Login as user with multiple sites/android.view.ViewGroup - patient"), 30): Tapped on element 'Object Repository/User Management/Login as user with multiple sites/android.view.ViewGroup - patient'

2023-08-17 10:32:19 - [MESSAGE][PASSED] - Tapped on element 'Object Repository/User Management/Login as user with multiple sites/android.view.ViewGroup - patient'

2023-08-17 10:32:19 - [TEST_STEP][PASSED] - tap(findTestObject("Object Repository/User Management/Login as user with multiple sites/android.widget.ImageView - menu"), 30): Tapped on element 'Object Repository/User Management/Login as user with multiple sites/android.widget.ImageView - menu'

2023-08-17 10:32:21 - [MESSAGE][PASSED] - Tapped on element 'Object Repository/User Management/Login as user with multiple sites/android.widget.ImageView - menu'

2023-08-17 10:32:21 - [TEST_STEP][PASSED] - verifyElementExist(findTestObject("Object Repository/User Management/Login as user with multiple sites/android.widget.TextView - Freeze patient"), 30): Element 'Object Repository/User Management/Login as user with multiple sites/android.widget.TextView - Freeze patient' is exist

2023-08-17 10:32:22 - [MESSAGE][PASSED] - Element 'Object Repository/User Management/Login as user with multiple sites/android.widget.TextView - Freeze patient' is exist

2023-08-17 10:32:22 - [TEST_STEP][PASSED] - verifyElementExist(findTestObject("Object Repository/User Management/Login as user with multiple sites/android.widget.TextView - Delete patient"), 30): Element 'Object Repository/User Management/Login as user with multiple sites/android.widget.TextView - Delete patient' is exist

2023-08-17 10:32:23 - [MESSAGE][PASSED] - Element 'Object Repository/User Management/Login as user with multiple sites/android.widget.TextView - Delete patient' is exist

2023-08-17 10:32:23 - [TEST_STEP][PASSED] - tap(findTestObject("Object Repository/User Management/Login as user with multiple sites/android.widget.TextView - Cancel"), 30): Tapped on element 'Object Repository/User Management/Login as user with multiple sites/android.widget.TextView - Cancel'

2023-08-17 10:32:23 - [MESSAGE][PASSED] - Tapped on element 'Object Repository/User Management/Login as user with multiple sites/android.widget.TextView - Cancel'

2023-08-17 10:32:23 - [TEST_STEP][PASSED] - pressBack(): Press back button successfully

2023-08-17 10:32:24 - [MESSAGE][PASSED] - Press back button successfully

2023-08-17 10:32:24 - [TEST_STEP][PASSED] - tap(findTestObject("Object Repository/User Management/Login as user with multiple sites/android.widget.ImageView - Menu (1)"), 30): Tapped on element 'Object Repository/User Management/Login as user with multiple sites/android.widget.ImageView - Menu (1)'

2023-08-17 10:32:25 - [MESSAGE][PASSED] - Tapped on element 'Object Repository/User Management/Login as user with multiple sites/android.widget.ImageView - Menu (1)'

2023-08-17 10:32:25 - [TEST_STEP][PASSED] - tap(findTestObject("Object Repository/User Management/Login as user with multiple sites/android.widget.TextView - Site"), 30): Tapped on element 'Object Repository/User Management/Login as user with multiple sites/android.widget.TextView - Site'

2023-08-17 10:32:27 - [MESSAGE][PASSED] - Tapped on element 'Object Repository/User Management/Login as user with multiple sites/android.widget.TextView - Site'

2023-08-17 10:32:27 - [TEST_STEP][PASSED] - tap(findTestObject("Object Repository/User Management/Login as user with multiple sites/android.widget.TextView - site user"), 30): Tapped on element 'Object Repository/User Management/Login as user with multiple sites/android.widget.TextView - site user'

2023-08-17 10:32:28 - [MESSAGE][PASSED] - Tapped on element 'Object Repository/User Management/Login as user with multiple sites/android.widget.TextView - site user'

2023-08-17 10:32:28 - [TEST_STEP][PASSED] - tap(findTestObject("Object Repository/User Management/Login as user with multiple sites/android.view.ViewGroup"), 30): Tapped on element 'Object Repository/User Management/Login as user with multiple sites/android.view.ViewGroup'

2023-08-17 10:32:35 - [MESSAGE][PASSED] - Tapped on element 'Object Repository/User Management/Login as user with multiple sites/android.view.ViewGroup'

2023-08-17 10:32:35 - [TEST_STEP][PASSED] - tap(findTestObject("Object Repository/User Management/Login as user with multiple sites/android.widget.ImageView - menu"), 30): Tapped on element 'Object Repository/User Management/Login as user with multiple sites/android.widget.ImageView - menu'

2023-08-17 10:32:37 - [MESSAGE][PASSED] - Tapped on element 'Object Repository/User Management/Login as user with multiple sites/android.widget.ImageView - menu'

2023-08-17 10:32:37 - [TEST_STEP][PASSED] - verifyElementExist(findTestObject("Object Repository/User Management/Login as user with multiple sites/android.widget.TextView - Edit patient"), 30): Element 'Object Repository/User Management/Login as user with multiple sites/android.widget.TextView - Edit patient' is exist

2023-08-17 10:32:38 - [MESSAGE][PASSED] - Element 'Object Repository/User Management/Login as user with multiple sites/android.widget.TextView - Edit patient' is exist

2023-08-17 10:32:38 - [TEST_STEP][PASSED] - verifyElementNotExist(findTestObject("User Management/Login as user with multiple sites/android.widget.TextView - Delete patient"), 30): Element 'Object Repository/User Management/Login as user with multiple sites/android.widget.TextView - Delete patient' not found

2023-08-17 10:33:08 - [MESSAGE][PASSED] - Element 'Object Repository/User Management/Login as user with multiple sites/android.widget.TextView - Delete patient' not found

2023-08-17 10:33:08 - [TEST_STEP][PASSED] - verifyElementNotExist(findTestObject("User Management/Login as user with multiple sites/android.widget.TextView - Freeze patient"), 30): Element 'Object Repository/User Management/Login as user with multiple sites/android.widget.TextView - Freeze patient' not found

2023-08-17 10:33:39 - [MESSAGE][PASSED] - Element 'Object Repository/User Management/Login as user with multiple sites/android.widget.TextView - Freeze patient' not found

2023-08-17 10:33:39 - [TEST_STEP][PASSED] - tap(findTestObject("User Management/Login as user with multiple sites/android.widget.TextView - Cancel"), 30): Tapped on element 'Object Repository/User Management/Login as user with multiple sites/android.widget.TextView - Cancel'

2023-08-17 10:33:39 - [MESSAGE][PASSED] - Tapped on element 'Object Repository/User Management/Login as user with multiple sites/android.widget.TextView - Cancel'

2023-08-17 10:33:39 - [TEST_STEP][PASSED] - pressBack(): Press back button successfully

2023-08-17 10:33:40 - [MESSAGE][PASSED] - Press back button successfully

2023-08-17 10:33:40 - [TEST_STEP][PASSED] - tap(findTestObject("Object Repository/User Management/Login as user with multiple sites/android.widget.ImageView - Menu (1)"), 30): Tapped on element 'Object Repository/User Management/Login as user with multiple sites/android.widget.ImageView - Menu (1)'

2023-08-17 10:33:41 - [MESSAGE][PASSED] - Tapped on element 'Object Repository/User Management/Login as user with multiple sites/android.widget.ImageView - Menu (1)'

2023-08-17 10:33:41 - [TEST_STEP][PASSED] - tap(findTestObject("User Management/Login as user with multiple sites/android.widget.TextView - Site"), 30): Tapped on element 'Object Repository/User Management/Login as user with multiple sites/android.widget.TextView - Site'

2023-08-17 10:33:43 - [MESSAGE][PASSED] - Tapped on element 'Object Repository/User Management/Login as user with multiple sites/android.widget.TextView - Site'

2023-08-17 10:33:43 - [TEST_STEP][PASSED] - tap(findTestObject("Object Repository/User Management/Login as user with multiple sites/android.widget.TextView - Test1"), 30): Tapped on element 'Object Repository/User Management/Login as user with multiple sites/android.widget.TextView - Test1'

2023-08-17 10:33:43 - [MESSAGE][PASSED] - Tapped on element 'Object Repository/User Management/Login as user with multiple sites/android.widget.TextView - Test1'

2023-08-17 10:33:43 - [TEST_STEP][PASSED] - verifyElementNotExist(findTestObject("User Management/Login as user with multiple sites/android.widget.TextView - add new patient"), 30): Element 'Object Repository/User Management/Login as user with multiple sites/android.widget.TextView - add new patient' not found

2023-08-17 10:34:14 - [MESSAGE][PASSED] - Element 'Object Repository/User Management/Login as user with multiple sites/android.widget.TextView - add new patient' not found]]></system-out>
         <system-err><![CDATA[]]></system-err>
      </testcase>
      <testcase name="Test Cases/User Managemenet/Auto-logout" time="77.543" classname="Test Cases/User Managemenet/Auto-logout" status="PASSED">
         <system-out><![CDATA[2023-08-17 10:34:14 - [TEST_CASE][PASSED] - Test Cases/User Managemenet/Auto-logout: Test Cases/User Managemenet/Auto-logout

2023-08-17 10:34:15 - [TEST_STEP][PASSED] - tap(findTestObject("User Management/Auto-Logout/android.widget.ImageView - Menu (1)"), 30): Tapped on element 'Object Repository/User Management/Auto-Logout/android.widget.ImageView - Menu (1)'

2023-08-17 10:34:15 - [MESSAGE][PASSED] - Tapped on element 'Object Repository/User Management/Auto-Logout/android.widget.ImageView - Menu (1)'

2023-08-17 10:34:15 - [TEST_STEP][PASSED] - tap(findTestObject("Object Repository/User Management/Auto-Logout/android.widget.TextView - Settings"), 30): Tapped on element 'Object Repository/User Management/Auto-Logout/android.widget.TextView - Settings'

2023-08-17 10:34:16 - [MESSAGE][PASSED] - Tapped on element 'Object Repository/User Management/Auto-Logout/android.widget.TextView - Settings'

2023-08-17 10:34:16 - [TEST_STEP][PASSED] - tap(findTestObject("Object Repository/User Management/Auto-Logout/android.widget.TextView - Logout time"), 30): Tapped on element 'Object Repository/User Management/Auto-Logout/android.widget.TextView - Logout time'

2023-08-17 10:34:19 - [MESSAGE][PASSED] - Tapped on element 'Object Repository/User Management/Auto-Logout/android.widget.TextView - Logout time'

2023-08-17 10:34:19 - [TEST_STEP][PASSED] - tap(findTestObject("Object Repository/User Management/Auto-Logout/android.widget.TextView - 1 minutes"), 30): Tapped on element 'Object Repository/User Management/Auto-Logout/android.widget.TextView - 1 minutes'

2023-08-17 10:34:20 - [MESSAGE][PASSED] - Tapped on element 'Object Repository/User Management/Auto-Logout/android.widget.TextView - 1 minutes'

2023-08-17 10:34:20 - [TEST_STEP][PASSED] - tap(findTestObject("Object Repository/User Management/Auto-Logout/android.widget.ImageView (1)"), 30): Tapped on element 'Object Repository/User Management/Auto-Logout/android.widget.ImageView (1)'

2023-08-17 10:34:21 - [MESSAGE][PASSED] - Tapped on element 'Object Repository/User Management/Auto-Logout/android.widget.ImageView (1)'

2023-08-17 10:34:21 - [TEST_STEP][PASSED] - delay(65, STOP_ON_FAILURE): Delayed 65 second(s)

2023-08-17 10:35:26 - [MESSAGE][PASSED] - Delayed 65 second(s)

2023-08-17 10:35:26 - [TEST_STEP][PASSED] - verifyElementExist(findTestObject("Object Repository/User Management/Auto-Logout/android.widget.ImageView (2)"), 30): Element 'Object Repository/User Management/Auto-Logout/android.widget.ImageView (2)' is exist

2023-08-17 10:35:31 - [MESSAGE][PASSED] - Element 'Object Repository/User Management/Auto-Logout/android.widget.ImageView (2)' is exist]]></system-out>
         <system-err><![CDATA[]]></system-err>
      </testcase>
      <system-out><![CDATA[2023-08-17 10:27:41 - [TEST_SUITE][PASSED] - User Management: Test Cases/User Managemenet/Auto-logout]]></system-out>
      <system-err><![CDATA[]]></system-err>
   </testsuite>
   <testsuite name="Menu and other services" tests="7" failures="0" errors="0" time="160.779" skipped="0" timestamp="2023-08-17 10:35:52" hostname="Amarir - DESKTOP-EE3F8H4" id="Test Suites/Menu and other services">
      <properties>
         <property name="deviceName" value="samsung SM-N975F (Android 12)"/>
         <property name="devicePlatform" value=""/>
         <property name="logFolder" value="C:\\Users\\Amarir\\git\\IS_Katalon_Lite_Version\\Reports\\20230817_102719\\Menu and other services\\20230817_102725"/>
         <property name="logFiles" value="C:\\Users\\Amarir\\git\\IS_Katalon_Lite_Version\\Reports\\20230817_102719\\Menu and other services\\20230817_102725\\appium.log, C:\\Users\\Amarir\\git\\IS_Katalon_Lite_Version\\Reports\\20230817_102719\\Menu and other services\\20230817_102725\\execution0.log"/>
         <property name="attachments" value=""/>
         <property name="hostName" value="Amarir - DESKTOP-EE3F8H4"/>
         <property name="os" value="Windows 10 64bit"/>
         <property name="appiumServerStatus" value="{&quot;value&quot;:{&quot;build&quot;:{&quot;version&quot;:&quot;1.22.0&quot;}},&quot;sessionId&quot;:null,&quot;status&quot;:0}"/>
         <property name="katalonVersion" value="8.6.5.208"/>
         <property name="deviceOS" value="Android"/>
         <property name="appiumVersion" value="1.22.0"/>
         <property name="deviceModel" value="SM-N975F"/>
         <property name="hostAddress" value="192.168.234.1"/>
         <property name="deviceManufacturer" value="samsung"/>
         <property name="deviceId" value="RF8N307NKZV"/>
         <property name="deviceName" value="samsung SM-N975F (Android 12)"/>
         <property name="deviceOSVersion" value="12"/>
      </properties>
      <testcase name="Test Cases/User Managemenet/Login" time="46.772" classname="Test Cases/User Managemenet/Login" status="PASSED">
         <system-out><![CDATA[2023-08-17 10:35:53 - [TEST_CASE][PASSED] - Test Cases/User Managemenet/Login: Test Cases/User Managemenet/Login

2023-08-17 10:35:54 - [TEST_STEP][PASSED] - startApplication(APK, false): Started app at: 'C:\Users\Amarir\Downloads\APK\IS\IS_Prod_2.1.apk'

2023-08-17 10:35:56 - [MESSAGE][INFO] - Detected NodeJS location: "C:\Program Files\nodejs\node.exe"

2023-08-17 10:35:59 - [MESSAGE][INFO] - Appium server started on port 60,031

2023-08-17 10:36:23 - [MESSAGE][PASSED] - Started app at: 'C:\Users\Amarir\Downloads\APK\IS\IS_Prod_2.1.apk'

2023-08-17 10:36:23 - [TEST_STEP][PASSED] - setText(findTestObject("User Management/Login/android.widget.EditText - username"), LoginCreds.get("username"), 30): Text 'safakata' has been set to element 'Object Repository/User Management/Login/android.widget.EditText - username'

2023-08-17 10:36:30 - [MESSAGE][PASSED] - Text 'safakata' has been set to element 'Object Repository/User Management/Login/android.widget.EditText - username'

2023-08-17 10:36:30 - [TEST_STEP][PASSED] - setText(findTestObject("User Management/Login/android.widget.EditText - password"), LoginCreds.get("password"), 30): Text 'eKare123@' has been set to element 'Object Repository/User Management/Login/android.widget.EditText - password'

2023-08-17 10:36:31 - [MESSAGE][PASSED] - Text 'eKare123@' has been set to element 'Object Repository/User Management/Login/android.widget.EditText - password'

2023-08-17 10:36:31 - [TEST_STEP][PASSED] - tap(findTestObject("User Management/Login/android.view.ViewGroup - sign in"), 30): Tapped on element 'Object Repository/User Management/Login/android.view.ViewGroup - sign in'

2023-08-17 10:36:32 - [MESSAGE][PASSED] - Tapped on element 'Object Repository/User Management/Login/android.view.ViewGroup - sign in'

2023-08-17 10:36:32 - [TEST_STEP][PASSED] - tap(findTestObject("Object Repository/User Management/Login/android.widget.TextView - Katalon"), 30): Tapped on element 'Object Repository/User Management/Login/android.widget.TextView - Katalon'

2023-08-17 10:36:34 - [MESSAGE][PASSED] - Tapped on element 'Object Repository/User Management/Login/android.widget.TextView - Katalon'

2023-08-17 10:36:34 - [TEST_STEP][PASSED] - delay(2, STOP_ON_FAILURE): Delayed 2 second(s)

2023-08-17 10:36:36 - [MESSAGE][PASSED] - Delayed 2 second(s)

2023-08-17 10:36:36 - [TEST_STEP][PASSED] - verifyElementExist(findTestObject("Object Repository/User Management/Login/android.widget.TextView - Patient Directory"), 30): Element 'Object Repository/User Management/Login/android.widget.TextView - Patient Directory' is exist

2023-08-17 10:36:39 - [MESSAGE][PASSED] - Element 'Object Repository/User Management/Login/android.widget.TextView - Patient Directory' is exist]]></system-out>
         <system-err><![CDATA[]]></system-err>
      </testcase>
      <testcase name="Test Cases/Menu and other services/Switch between sites" time="22.634" classname="Test Cases/Menu and other services/Switch between sites" status="PASSED">
         <system-out><![CDATA[2023-08-17 10:36:39 - [TEST_CASE][PASSED] - Test Cases/Menu and other services/Switch between sites: Test Cases/Menu and other services/Switch between sites

2023-08-17 10:36:40 - [TEST_STEP][PASSED] - tap(findTestObject("Object Repository/Menu and other services/Switch between sites/android.widget.ImageView - Menu"), 30): Tapped on element 'Object Repository/Menu and other services/Switch between sites/android.widget.ImageView - Menu'

2023-08-17 10:36:41 - [MESSAGE][PASSED] - Tapped on element 'Object Repository/Menu and other services/Switch between sites/android.widget.ImageView - Menu'

2023-08-17 10:36:41 - [TEST_STEP][PASSED] - tap(findTestObject("Object Repository/Menu and other services/Switch between sites/android.widget.TextView - Site"), 30): Tapped on element 'Object Repository/Menu and other services/Switch between sites/android.widget.TextView - Site'

2023-08-17 10:36:43 - [MESSAGE][PASSED] - Tapped on element 'Object Repository/Menu and other services/Switch between sites/android.widget.TextView - Site'

2023-08-17 10:36:43 - [TEST_STEP][PASSED] - tap(findTestObject("Object Repository/Menu and other services/Switch between sites/android.widget.TextView - Test1"), 30): Tapped on element 'Object Repository/Menu and other services/Switch between sites/android.widget.TextView - Test1'

2023-08-17 10:36:44 - [MESSAGE][PASSED] - Tapped on element 'Object Repository/Menu and other services/Switch between sites/android.widget.TextView - Test1'

2023-08-17 10:36:44 - [TEST_STEP][PASSED] - tap(findTestObject("Object Repository/Menu and other services/Switch between sites/android.widget.ImageView - Menu"), 30): Tapped on element 'Object Repository/Menu and other services/Switch between sites/android.widget.ImageView - Menu'

2023-08-17 10:36:50 - [MESSAGE][PASSED] - Tapped on element 'Object Repository/Menu and other services/Switch between sites/android.widget.ImageView - Menu'

2023-08-17 10:36:50 - [TEST_STEP][PASSED] - tap(findTestObject("Menu and other services/Switch between sites/android.widget.TextView - Site"), 30): Tapped on element 'Object Repository/Menu and other services/Switch between sites/android.widget.TextView - Site'

2023-08-17 10:36:52 - [MESSAGE][PASSED] - Tapped on element 'Object Repository/Menu and other services/Switch between sites/android.widget.TextView - Site'

2023-08-17 10:36:52 - [TEST_STEP][PASSED] - tap(findTestObject("Object Repository/Menu and other services/Switch between sites/android.widget.TextView - site user"), 30): Tapped on element 'Object Repository/Menu and other services/Switch between sites/android.widget.TextView - site user'

2023-08-17 10:36:53 - [MESSAGE][PASSED] - Tapped on element 'Object Repository/Menu and other services/Switch between sites/android.widget.TextView - site user'

2023-08-17 10:36:53 - [TEST_STEP][PASSED] - tap(findTestObject("Menu and other services/Switch between sites/android.widget.ImageView - Menu"), 30): Tapped on element 'Object Repository/Menu and other services/Switch between sites/android.widget.ImageView - Menu'

2023-08-17 10:37:00 - [MESSAGE][PASSED] - Tapped on element 'Object Repository/Menu and other services/Switch between sites/android.widget.ImageView - Menu'

2023-08-17 10:37:00 - [TEST_STEP][PASSED] - tap(findTestObject("Menu and other services/Switch between sites/android.widget.TextView - Site"), 30): Tapped on element 'Object Repository/Menu and other services/Switch between sites/android.widget.TextView - Site'

2023-08-17 10:37:01 - [MESSAGE][PASSED] - Tapped on element 'Object Repository/Menu and other services/Switch between sites/android.widget.TextView - Site'

2023-08-17 10:37:01 - [TEST_STEP][PASSED] - tap(findTestObject("Object Repository/Menu and other services/Switch between sites/android.widget.TextView - Katalon"), 30): Tapped on element 'Object Repository/Menu and other services/Switch between sites/android.widget.TextView - Katalon'

2023-08-17 10:37:02 - [MESSAGE][PASSED] - Tapped on element 'Object Repository/Menu and other services/Switch between sites/android.widget.TextView - Katalon']]></system-out>
         <system-err><![CDATA[]]></system-err>
      </testcase>
      <testcase name="Test Cases/Menu and other services/About" time="14.932" classname="Test Cases/Menu and other services/About" status="PASSED">
         <system-out><![CDATA[2023-08-17 10:37:02 - [TEST_CASE][PASSED] - Test Cases/Menu and other services/About: Test Cases/Menu and other services/About

2023-08-17 10:37:03 - [TEST_STEP][PASSED] - tap(findTestObject("Object Repository/Menu and other services/About/android.widget.ImageView - Menu"), 30): Tapped on element 'Object Repository/Menu and other services/About/android.widget.ImageView - Menu'

2023-08-17 10:37:09 - [MESSAGE][PASSED] - Tapped on element 'Object Repository/Menu and other services/About/android.widget.ImageView - Menu'

2023-08-17 10:37:09 - [TEST_STEP][PASSED] - tap(findTestObject("Object Repository/Menu and other services/About/android.widget.TextView - About"), 30): Tapped on element 'Object Repository/Menu and other services/About/android.widget.TextView - About'

2023-08-17 10:37:11 - [MESSAGE][PASSED] - Tapped on element 'Object Repository/Menu and other services/About/android.widget.TextView - About'

2023-08-17 10:37:11 - [TEST_STEP][PASSED] - verifyElementText(findTestObject("Object Repository/Menu and other services/About/android.widget.TextView - Katalon"), "Katalon"): Actual text and expected text of test object 'Object Repository/Menu and other services/About/android.widget.TextView - Katalon' are matched.

2023-08-17 10:37:12 - [MESSAGE][PASSED] - Actual text and expected text of test object 'Object Repository/Menu and other services/About/android.widget.TextView - Katalon' are matched.

2023-08-17 10:37:12 - [TEST_STEP][PASSED] - verifyElementText(findTestObject("Object Repository/Menu and other services/About/android.widget.TextView - Katalon (1)"), "Katalon"): Actual text and expected text of test object 'Object Repository/Menu and other services/About/android.widget.TextView - Katalon (1)' are matched.

2023-08-17 10:37:13 - [MESSAGE][PASSED] - Actual text and expected text of test object 'Object Repository/Menu and other services/About/android.widget.TextView - Katalon (1)' are matched.

2023-08-17 10:37:13 - [TEST_STEP][PASSED] - scrollToText("UDI"): Scrolling to text 'UDI' successfully

2023-08-17 10:37:16 - [MESSAGE][PASSED] - Scrolling to text 'UDI' successfully

2023-08-17 10:37:16 - [TEST_STEP][PASSED] - verifyElementText(findTestObject("Object Repository/Menu and other services/About/android.widget.TextView - 2.1"), "2.1"): Actual text and expected text of test object 'Object Repository/Menu and other services/About/android.widget.TextView - 2.1' are matched.

2023-08-17 10:37:17 - [MESSAGE][PASSED] - Actual text and expected text of test object 'Object Repository/Menu and other services/About/android.widget.TextView - 2.1' are matched.

2023-08-17 10:37:17 - [TEST_STEP][PASSED] - tap(findTestObject("Object Repository/Menu and other services/About/android.widget.ImageView - close"), 30): Tapped on element 'Object Repository/Menu and other services/About/android.widget.ImageView - close'

2023-08-17 10:37:17 - [MESSAGE][PASSED] - Tapped on element 'Object Repository/Menu and other services/About/android.widget.ImageView - close']]></system-out>
         <system-err><![CDATA[]]></system-err>
      </testcase>
      <testcase name="Test Cases/Menu and other services/Automatic adjustment of Date format" time="14.084" classname="Test Cases/Menu and other services/Automatic adjustment of Date format" status="PASSED">
         <system-out><![CDATA[2023-08-17 10:37:17 - [TEST_CASE][PASSED] - Test Cases/Menu and other services/Automatic adjustment of Date format: Test Cases/Menu and other services/Automatic adjustment of Date format

2023-08-17 10:37:18 - [TEST_STEP][PASSED] - date = getText(findTestObject("Object Repository/Menu and other services/Automatic adjustment of Date format/android.widget.TextView - 27072023"), 30, STOP_ON_FAILURE): Text of element 'Object Repository/Menu and other services/Automatic adjustment of Date format/android.widget.TextView - 27072023' is: '17/08/2023'

2023-08-17 10:37:18 - [MESSAGE][PASSED] - Text of element 'Object Repository/Menu and other services/Automatic adjustment of Date format/android.widget.TextView - 27072023' is: '17/08/2023'

2023-08-17 10:37:18 - [TEST_STEP][PASSED] - verifyMatch(date, "[0-9]{2}/[0-9]{2}/[0-9]{4}", true, STOP_ON_FAILURE): Actual text '17/08/2023' and expected text '[0-9]{2}/[0-9]{2}/[0-9]{4}' are matched  using regular expression

2023-08-17 10:37:18 - [MESSAGE][PASSED] - Actual text '17/08/2023' and expected text '[0-9]{2}/[0-9]{2}/[0-9]{4}' are matched  using regular expression

2023-08-17 10:37:18 - [TEST_STEP][PASSED] - tap(findTestObject("Object Repository/Menu and other services/Automatic adjustment of Date format/android.widget.ImageView - Menu"), 30): Tapped on element 'Object Repository/Menu and other services/Automatic adjustment of Date format/android.widget.ImageView - Menu'

2023-08-17 10:37:19 - [MESSAGE][PASSED] - Tapped on element 'Object Repository/Menu and other services/Automatic adjustment of Date format/android.widget.ImageView - Menu'

2023-08-17 10:37:19 - [TEST_STEP][PASSED] - tap(findTestObject("Object Repository/Menu and other services/Automatic adjustment of Date format/android.widget.TextView - Site"), 30): Tapped on element 'Object Repository/Menu and other services/Automatic adjustment of Date format/android.widget.TextView - Site'

2023-08-17 10:37:21 - [MESSAGE][PASSED] - Tapped on element 'Object Repository/Menu and other services/Automatic adjustment of Date format/android.widget.TextView - Site'

2023-08-17 10:37:21 - [TEST_STEP][PASSED] - tap(findTestObject("Object Repository/Menu and other services/Automatic adjustment of Date format/android.widget.TextView - site user"), 30): Tapped on element 'Object Repository/Menu and other services/Automatic adjustment of Date format/android.widget.TextView - site user'

2023-08-17 10:37:21 - [MESSAGE][PASSED] - Tapped on element 'Object Repository/Menu and other services/Automatic adjustment of Date format/android.widget.TextView - site user'

2023-08-17 10:37:21 - [TEST_STEP][PASSED] - date1 = getText(findTestObject("Menu and other services/Automatic adjustment of Date format/android.widget.TextView - 20230814"), 30): Text of element 'Object Repository/Menu and other services/Automatic adjustment of Date format/android.widget.TextView - 20230814' is: '2023/08/14'

2023-08-17 10:37:28 - [MESSAGE][PASSED] - Text of element 'Object Repository/Menu and other services/Automatic adjustment of Date format/android.widget.TextView - 20230814' is: '2023/08/14'

2023-08-17 10:37:28 - [TEST_STEP][PASSED] - verifyMatch(date1, "[0-9]{4}/[0-9]{2}/[0-9]{2}", true, STOP_ON_FAILURE): Actual text '2023/08/14' and expected text '[0-9]{4}/[0-9]{2}/[0-9]{2}' are matched  using regular expression

2023-08-17 10:37:28 - [MESSAGE][PASSED] - Actual text '2023/08/14' and expected text '[0-9]{4}/[0-9]{2}/[0-9]{2}' are matched  using regular expression

2023-08-17 10:37:28 - [TEST_STEP][PASSED] - tap(findTestObject("Object Repository/Menu and other services/Automatic adjustment of Date format/android.widget.ImageView - Menu"), 30): Tapped on element 'Object Repository/Menu and other services/Automatic adjustment of Date format/android.widget.ImageView - Menu'

2023-08-17 10:37:29 - [MESSAGE][PASSED] - Tapped on element 'Object Repository/Menu and other services/Automatic adjustment of Date format/android.widget.ImageView - Menu'

2023-08-17 10:37:29 - [TEST_STEP][PASSED] - tap(findTestObject("Menu and other services/Automatic adjustment of Date format/android.widget.TextView - Site"), 30): Tapped on element 'Object Repository/Menu and other services/Automatic adjustment of Date format/android.widget.TextView - Site'

2023-08-17 10:37:30 - [MESSAGE][PASSED] - Tapped on element 'Object Repository/Menu and other services/Automatic adjustment of Date format/android.widget.TextView - Site'

2023-08-17 10:37:30 - [TEST_STEP][PASSED] - tap(findTestObject("Object Repository/Menu and other services/Automatic adjustment of Date format/android.widget.TextView - Katalon"), 30): Tapped on element 'Object Repository/Menu and other services/Automatic adjustment of Date format/android.widget.TextView - Katalon'

2023-08-17 10:37:31 - [MESSAGE][PASSED] - Tapped on element 'Object Repository/Menu and other services/Automatic adjustment of Date format/android.widget.TextView - Katalon']]></system-out>
         <system-err><![CDATA[]]></system-err>
      </testcase>
      <testcase name="Test Cases/Menu and other services/Phone general tuto" time="14.082" classname="Test Cases/Menu and other services/Phone general tuto" status="PASSED">
         <system-out><![CDATA[2023-08-17 10:37:31 - [TEST_CASE][PASSED] - Test Cases/Menu and other services/Phone general tuto: Test Cases/Menu and other services/Phone general tuto

2023-08-17 10:37:32 - [TEST_STEP][PASSED] - tap(findTestObject("Object Repository/Menu and other services/Phone General Tuto/android.widget.ImageView - Menu"), 30): Tapped on element 'Object Repository/Menu and other services/Phone General Tuto/android.widget.ImageView - Menu'

2023-08-17 10:37:38 - [MESSAGE][PASSED] - Tapped on element 'Object Repository/Menu and other services/Phone General Tuto/android.widget.ImageView - Menu'

2023-08-17 10:37:38 - [TEST_STEP][PASSED] - tap(findTestObject("Object Repository/Menu and other services/Phone General Tuto/android.widget.TextView - Help"), 30): Tapped on element 'Object Repository/Menu and other services/Phone General Tuto/android.widget.TextView - Help'

2023-08-17 10:37:40 - [MESSAGE][PASSED] - Tapped on element 'Object Repository/Menu and other services/Phone General Tuto/android.widget.TextView - Help'

2023-08-17 10:37:40 - [TEST_STEP][PASSED] - tap(findTestObject("Object Repository/Menu and other services/Phone General Tuto/android.widget.TextView - App Intro"), 30): Tapped on element 'Object Repository/Menu and other services/Phone General Tuto/android.widget.TextView - App Intro'

2023-08-17 10:37:41 - [MESSAGE][PASSED] - Tapped on element 'Object Repository/Menu and other services/Phone General Tuto/android.widget.TextView - App Intro'

2023-08-17 10:37:41 - [TEST_STEP][PASSED] - verifyElementExist(findTestObject("Object Repository/Menu and other services/Phone General Tuto/android.view.ViewGroup - Tuto"), 30): Element 'Object Repository/Menu and other services/Phone General Tuto/android.view.ViewGroup - Tuto' is exist

2023-08-17 10:37:42 - [MESSAGE][PASSED] - Element 'Object Repository/Menu and other services/Phone General Tuto/android.view.ViewGroup - Tuto' is exist

2023-08-17 10:37:42 - [TEST_STEP][PASSED] - verifyElementExist(findTestObject("Object Repository/Menu and other services/Phone General Tuto/android.widget.TextView - Welcome to inSight"), 30): Element 'Object Repository/Menu and other services/Phone General Tuto/android.widget.TextView - Welcome to inSight' is exist

2023-08-17 10:37:43 - [MESSAGE][PASSED] - Element 'Object Repository/Menu and other services/Phone General Tuto/android.widget.TextView - Welcome to inSight' is exist

2023-08-17 10:37:43 - [TEST_STEP][PASSED] - verifyElementExist(findTestObject("Object Repository/Menu and other services/Phone General Tuto/android.widget.TextView - Skip"), 30): Element 'Object Repository/Menu and other services/Phone General Tuto/android.widget.TextView - Skip' is exist

2023-08-17 10:37:43 - [MESSAGE][PASSED] - Element 'Object Repository/Menu and other services/Phone General Tuto/android.widget.TextView - Skip' is exist

2023-08-17 10:37:43 - [TEST_STEP][PASSED] - verifyElementExist(findTestObject("Object Repository/Menu and other services/Phone General Tuto/android.widget.TextView - next"), 30): Element 'Object Repository/Menu and other services/Phone General Tuto/android.widget.TextView - next' is exist

2023-08-17 10:37:43 - [MESSAGE][PASSED] - Element 'Object Repository/Menu and other services/Phone General Tuto/android.widget.TextView - next' is exist

2023-08-17 10:37:43 - [TEST_STEP][PASSED] - tap(findTestObject("Menu and other services/Phone General Tuto/android.widget.TextView - next"), 30): Tapped on element 'Object Repository/Menu and other services/Phone General Tuto/android.widget.TextView - next'

2023-08-17 10:37:44 - [MESSAGE][PASSED] - Tapped on element 'Object Repository/Menu and other services/Phone General Tuto/android.widget.TextView - next'

2023-08-17 10:37:44 - [TEST_STEP][PASSED] - verifyElementText(findTestObject("Object Repository/Menu and other services/Phone General Tuto/android.widget.TextView - Add a wound"), "Add a wound"): Actual text and expected text of test object 'Object Repository/Menu and other services/Phone General Tuto/android.widget.TextView - Add a wound' are matched.

2023-08-17 10:37:45 - [MESSAGE][PASSED] - Actual text and expected text of test object 'Object Repository/Menu and other services/Phone General Tuto/android.widget.TextView - Add a wound' are matched.

2023-08-17 10:37:45 - [TEST_STEP][PASSED] - tap(findTestObject("Menu and other services/Phone General Tuto/android.widget.TextView - Skip"), 30): Tapped on element 'Object Repository/Menu and other services/Phone General Tuto/android.widget.TextView - Skip'

2023-08-17 10:37:45 - [MESSAGE][PASSED] - Tapped on element 'Object Repository/Menu and other services/Phone General Tuto/android.widget.TextView - Skip']]></system-out>
         <system-err><![CDATA[]]></system-err>
      </testcase>
      <testcase name="Test Cases/Menu and other services/Language" time="24.557" classname="Test Cases/Menu and other services/Language" status="PASSED">
         <system-out><![CDATA[2023-08-17 10:37:45 - [TEST_CASE][PASSED] - Test Cases/Menu and other services/Language: Test Cases/Menu and other services/Language

2023-08-17 10:37:46 - [TEST_STEP][PASSED] - tap(findTestObject("Object Repository/Menu and other services/Language/android.widget.ImageView - Menu"), 30): Tapped on element 'Object Repository/Menu and other services/Language/android.widget.ImageView - Menu'

2023-08-17 10:37:47 - [MESSAGE][PASSED] - Tapped on element 'Object Repository/Menu and other services/Language/android.widget.ImageView - Menu'

2023-08-17 10:37:47 - [TEST_STEP][PASSED] - tap(findTestObject("Object Repository/Menu and other services/Language/android.widget.TextView - Settings"), 30): Tapped on element 'Object Repository/Menu and other services/Language/android.widget.TextView - Settings'

2023-08-17 10:37:48 - [MESSAGE][PASSED] - Tapped on element 'Object Repository/Menu and other services/Language/android.widget.TextView - Settings'

2023-08-17 10:37:48 - [TEST_STEP][PASSED] - tap(findTestObject("Object Repository/Menu and other services/Language/android.widget.TextView - English"), 30): Tapped on element 'Object Repository/Menu and other services/Language/android.widget.TextView - English'

2023-08-17 10:37:50 - [MESSAGE][PASSED] - Tapped on element 'Object Repository/Menu and other services/Language/android.widget.TextView - English'

2023-08-17 10:37:50 - [TEST_STEP][PASSED] - tap(findTestObject("Object Repository/Menu and other services/Language/android.widget.TextView - Deutsch"), 30): Tapped on element 'Object Repository/Menu and other services/Language/android.widget.TextView - Deutsch'

2023-08-17 10:37:51 - [MESSAGE][PASSED] - Tapped on element 'Object Repository/Menu and other services/Language/android.widget.TextView - Deutsch'

2023-08-17 10:37:51 - [TEST_STEP][PASSED] - tap(findTestObject("Object Repository/Menu and other services/Language/android.view.ViewGroup"), 30): Tapped on element 'Object Repository/Menu and other services/Language/android.view.ViewGroup'

2023-08-17 10:37:58 - [MESSAGE][PASSED] - Tapped on element 'Object Repository/Menu and other services/Language/android.view.ViewGroup'

2023-08-17 10:37:58 - [TEST_STEP][PASSED] - verifyElementText(findTestObject("Object Repository/Menu and other services/Language/android.widget.TextView - Geschlecht"), "Geschlecht"): Actual text and expected text of test object 'Object Repository/Menu and other services/Language/android.widget.TextView - Geschlecht' are matched.

2023-08-17 10:38:01 - [MESSAGE][PASSED] - Actual text and expected text of test object 'Object Repository/Menu and other services/Language/android.widget.TextView - Geschlecht' are matched.

2023-08-17 10:38:01 - [TEST_STEP][PASSED] - verifyElementText(findTestObject("Object Repository/Menu and other services/Language/android.widget.TextView - Geburtstag"), "Geburtstag"): Actual text and expected text of test object 'Object Repository/Menu and other services/Language/android.widget.TextView - Geburtstag' are matched.

2023-08-17 10:38:01 - [MESSAGE][PASSED] - Actual text and expected text of test object 'Object Repository/Menu and other services/Language/android.widget.TextView - Geburtstag' are matched.

2023-08-17 10:38:01 - [TEST_STEP][PASSED] - verifyElementText(findTestObject("Object Repository/Menu and other services/Language/android.widget.TextView - Alter"), "Alter"): Actual text and expected text of test object 'Object Repository/Menu and other services/Language/android.widget.TextView - Alter' are matched.

2023-08-17 10:38:01 - [MESSAGE][PASSED] - Actual text and expected text of test object 'Object Repository/Menu and other services/Language/android.widget.TextView - Alter' are matched.

2023-08-17 10:38:01 - [TEST_STEP][PASSED] - verifyElementText(findTestObject("Object Repository/Menu and other services/Language/android.widget.TextView - Zustimmung"), "Zustimmung"): Actual text and expected text of test object 'Object Repository/Menu and other services/Language/android.widget.TextView - Zustimmung' are matched.

2023-08-17 10:38:02 - [MESSAGE][PASSED] - Actual text and expected text of test object 'Object Repository/Menu and other services/Language/android.widget.TextView - Zustimmung' are matched.

2023-08-17 10:38:02 - [TEST_STEP][PASSED] - tap(findTestObject("Object Repository/Menu and other services/Language/android.widget.ImageView - Back"), 30): Tapped on element 'Object Repository/Menu and other services/Language/android.widget.ImageView - Back'

2023-08-17 10:38:02 - [MESSAGE][PASSED] - Tapped on element 'Object Repository/Menu and other services/Language/android.widget.ImageView - Back'

2023-08-17 10:38:02 - [TEST_STEP][PASSED] - tap(findTestObject("Object Repository/Menu and other services/Language/android.widget.ImageView - Menu (1)"), 30): Tapped on element 'Object Repository/Menu and other services/Language/android.widget.ImageView - Menu (1)'

2023-08-17 10:38:03 - [MESSAGE][PASSED] - Tapped on element 'Object Repository/Menu and other services/Language/android.widget.ImageView - Menu (1)'

2023-08-17 10:38:03 - [TEST_STEP][PASSED] - verifyElementText(findTestObject("Object Repository/Menu and other services/Language/android.widget.TextView - Seite"), "Seite"): Actual text and expected text of test object 'Object Repository/Menu and other services/Language/android.widget.TextView - Seite' are matched.

2023-08-17 10:38:05 - [MESSAGE][PASSED] - Actual text and expected text of test object 'Object Repository/Menu and other services/Language/android.widget.TextView - Seite' are matched.

2023-08-17 10:38:05 - [TEST_STEP][PASSED] - verifyElementText(findTestObject("Object Repository/Menu and other services/Language/android.widget.TextView - Offene Telegesundheit"), "Offene Telegesundheit"): Actual text and expected text of test object 'Object Repository/Menu and other services/Language/android.widget.TextView - Offene Telegesundheit' are matched.

2023-08-17 10:38:05 - [MESSAGE][PASSED] - Actual text and expected text of test object 'Object Repository/Menu and other services/Language/android.widget.TextView - Offene Telegesundheit' are matched.

2023-08-17 10:38:05 - [TEST_STEP][PASSED] - verifyElementText(findTestObject("Object Repository/Menu and other services/Language/android.widget.TextView - Hilfe"), "Hilfe"): Actual text and expected text of test object 'Object Repository/Menu and other services/Language/android.widget.TextView - Hilfe' are matched.

2023-08-17 10:38:06 - [MESSAGE][PASSED] - Actual text and expected text of test object 'Object Repository/Menu and other services/Language/android.widget.TextView - Hilfe' are matched.

2023-08-17 10:38:06 - [TEST_STEP][PASSED] - verifyElementText(findTestObject("Object Repository/Menu and other services/Language/android.widget.TextView - ber uns"), "Über uns"): Actual text and expected text of test object 'Object Repository/Menu and other services/Language/android.widget.TextView - ber uns' are matched.

2023-08-17 10:38:06 - [MESSAGE][PASSED] - Actual text and expected text of test object 'Object Repository/Menu and other services/Language/android.widget.TextView - ber uns' are matched.

2023-08-17 10:38:06 - [TEST_STEP][PASSED] - verifyElementText(findTestObject("Object Repository/Menu and other services/Language/android.widget.TextView - Einstellungen"), "Einstellungen"): Actual text and expected text of test object 'Object Repository/Menu and other services/Language/android.widget.TextView - Einstellungen' are matched.

2023-08-17 10:38:06 - [MESSAGE][PASSED] - Actual text and expected text of test object 'Object Repository/Menu and other services/Language/android.widget.TextView - Einstellungen' are matched.

2023-08-17 10:38:06 - [TEST_STEP][PASSED] - verifyElementText(findTestObject("Object Repository/Menu and other services/Language/android.widget.TextView - Ausloggen"), "Ausloggen"): Actual text and expected text of test object 'Object Repository/Menu and other services/Language/android.widget.TextView - Ausloggen' are matched.

2023-08-17 10:38:07 - [MESSAGE][PASSED] - Actual text and expected text of test object 'Object Repository/Menu and other services/Language/android.widget.TextView - Ausloggen' are matched.

2023-08-17 10:38:07 - [TEST_STEP][PASSED] - tap(findTestObject("Menu and other services/Language/android.widget.TextView - Einstellungen"), 30): Tapped on element 'Object Repository/Menu and other services/Language/android.widget.TextView - Einstellungen'

2023-08-17 10:38:07 - [MESSAGE][PASSED] - Tapped on element 'Object Repository/Menu and other services/Language/android.widget.TextView - Einstellungen'

2023-08-17 10:38:07 - [TEST_STEP][PASSED] - tap(findTestObject("Object Repository/Menu and other services/Language/android.widget.TextView - Deutsch (1)"), 30): Tapped on element 'Object Repository/Menu and other services/Language/android.widget.TextView - Deutsch (1)'

2023-08-17 10:38:09 - [MESSAGE][PASSED] - Tapped on element 'Object Repository/Menu and other services/Language/android.widget.TextView - Deutsch (1)'

2023-08-17 10:38:09 - [TEST_STEP][PASSED] - tap(findTestObject("Object Repository/Menu and other services/Language/android.widget.TextView - English (1)"), 30): Tapped on element 'Object Repository/Menu and other services/Language/android.widget.TextView - English (1)'

2023-08-17 10:38:10 - [MESSAGE][PASSED] - Tapped on element 'Object Repository/Menu and other services/Language/android.widget.TextView - English (1)']]></system-out>
         <system-err><![CDATA[]]></system-err>
      </testcase>
      <testcase name="Test Cases/Menu and other services/Help" time="22.843" classname="Test Cases/Menu and other services/Help" status="PASSED">
         <system-out><![CDATA[2023-08-17 10:38:10 - [TEST_CASE][PASSED] - Test Cases/Menu and other services/Help: Test Cases/Menu and other services/Help

2023-08-17 10:38:11 - [TEST_STEP][PASSED] - tap(findTestObject("Object Repository/Menu and other services/Help/android.widget.ImageView - Menu"), 30): Tapped on element 'Object Repository/Menu and other services/Help/android.widget.ImageView - Menu'

2023-08-17 10:38:17 - [MESSAGE][PASSED] - Tapped on element 'Object Repository/Menu and other services/Help/android.widget.ImageView - Menu'

2023-08-17 10:38:17 - [TEST_STEP][PASSED] - tap(findTestObject("Object Repository/Menu and other services/Help/android.widget.TextView - Help"), 30): Tapped on element 'Object Repository/Menu and other services/Help/android.widget.TextView - Help'

2023-08-17 10:38:18 - [MESSAGE][PASSED] - Tapped on element 'Object Repository/Menu and other services/Help/android.widget.TextView - Help'

2023-08-17 10:38:18 - [TEST_STEP][PASSED] - tap(findTestObject("Object Repository/Menu and other services/Help/android.widget.TextView - Help Center"), 30): Tapped on element 'Object Repository/Menu and other services/Help/android.widget.TextView - Help Center'

2023-08-17 10:38:19 - [MESSAGE][PASSED] - Tapped on element 'Object Repository/Menu and other services/Help/android.widget.TextView - Help Center'

2023-08-17 10:38:19 - [TEST_STEP][PASSED] - verifyElementText(findTestObject("Object Repository/Menu and other services/Help/android.widget.TextView - Support"), "Support"): Actual text and expected text of test object 'Object Repository/Menu and other services/Help/android.widget.TextView - Support' are matched.

2023-08-17 10:38:20 - [MESSAGE][PASSED] - Actual text and expected text of test object 'Object Repository/Menu and other services/Help/android.widget.TextView - Support' are matched.

2023-08-17 10:38:20 - [TEST_STEP][PASSED] - verifyElementText(findTestObject("Object Repository/Menu and other services/Help/android.widget.TextView - Critical Notifications"), "Critical Notifications"): Actual text and expected text of test object 'Object Repository/Menu and other services/Help/android.widget.TextView - Critical Notifications' are matched.

2023-08-17 10:38:22 - [MESSAGE][PASSED] - Actual text and expected text of test object 'Object Repository/Menu and other services/Help/android.widget.TextView - Critical Notifications' are matched.

2023-08-17 10:38:22 - [TEST_STEP][PASSED] - pressBack(): Press back button successfully

2023-08-17 10:38:23 - [MESSAGE][PASSED] - Press back button successfully

2023-08-17 10:38:23 - [TEST_STEP][PASSED] - tap(findTestObject("Menu and other services/Help/android.widget.TextView - Help"), 30): Tapped on element 'Object Repository/Menu and other services/Help/android.widget.TextView - Help'

2023-08-17 10:38:24 - [MESSAGE][PASSED] - Tapped on element 'Object Repository/Menu and other services/Help/android.widget.TextView - Help'

2023-08-17 10:38:24 - [TEST_STEP][PASSED] - tap(findTestObject("Object Repository/Menu and other services/Help/android.widget.TextView - Send device info"), 30): Tapped on element 'Object Repository/Menu and other services/Help/android.widget.TextView - Send device info'

2023-08-17 10:38:25 - [MESSAGE][PASSED] - Tapped on element 'Object Repository/Menu and other services/Help/android.widget.TextView - Send device info'

2023-08-17 10:38:25 - [TEST_STEP][PASSED] - verifyElementText(findTestObject("Object Repository/Menu and other services/Help/android.widget.TextView - Device hardware and software information will be sent to eKare for troubleshooting"), "Device hardware and software information will be sent to eKare for troubleshooting"): Actual text and expected text of test object 'Object Repository/Menu and other services/Help/android.widget.TextView - Device hardware and software information will be sent to eKare for troubleshooting' are matched.

2023-08-17 10:38:25 - [MESSAGE][PASSED] - Actual text and expected text of test object 'Object Repository/Menu and other services/Help/android.widget.TextView - Device hardware and software information will be sent to eKare for troubleshooting' are matched.

2023-08-17 10:38:25 - [TEST_STEP][PASSED] - verifyElementExist(findTestObject("Object Repository/Menu and other services/Help/android.widget.Button - CANCEL"), 30): Element 'Object Repository/Menu and other services/Help/android.widget.Button - CANCEL' is exist

2023-08-17 10:38:26 - [MESSAGE][PASSED] - Element 'Object Repository/Menu and other services/Help/android.widget.Button - CANCEL' is exist

2023-08-17 10:38:26 - [TEST_STEP][PASSED] - verifyElementExist(findTestObject("Object Repository/Menu and other services/Help/android.widget.Button - PROCEED"), 30): Element 'Object Repository/Menu and other services/Help/android.widget.Button - PROCEED' is exist

2023-08-17 10:38:26 - [MESSAGE][PASSED] - Element 'Object Repository/Menu and other services/Help/android.widget.Button - PROCEED' is exist

2023-08-17 10:38:26 - [TEST_STEP][PASSED] - tap(findTestObject("Menu and other services/Help/android.widget.Button - PROCEED"), 30): Tapped on element 'Object Repository/Menu and other services/Help/android.widget.Button - PROCEED'

2023-08-17 10:38:26 - [MESSAGE][PASSED] - Tapped on element 'Object Repository/Menu and other services/Help/android.widget.Button - PROCEED'

2023-08-17 10:38:26 - [TEST_STEP][PASSED] - verifyElementText(findTestObject("Object Repository/Menu and other services/Help/android.widget.TextView - Information sent successfully"), "Information sent successfully"): Actual text and expected text of test object 'Object Repository/Menu and other services/Help/android.widget.TextView - Information sent successfully' are matched.

2023-08-17 10:38:28 - [MESSAGE][PASSED] - Actual text and expected text of test object 'Object Repository/Menu and other services/Help/android.widget.TextView - Information sent successfully' are matched.

2023-08-17 10:38:28 - [TEST_STEP][PASSED] - tap(findTestObject("Object Repository/Menu and other services/Help/android.widget.Button - OK"), 30): Tapped on element 'Object Repository/Menu and other services/Help/android.widget.Button - OK'

2023-08-17 10:38:29 - [MESSAGE][PASSED] - Tapped on element 'Object Repository/Menu and other services/Help/android.widget.Button - OK'

2023-08-17 10:38:29 - [TEST_STEP][PASSED] - tap(findTestObject("Menu and other services/Help/android.widget.ImageView - Menu"), 30): Tapped on element 'Object Repository/Menu and other services/Help/android.widget.ImageView - Menu'

2023-08-17 10:38:29 - [MESSAGE][PASSED] - Tapped on element 'Object Repository/Menu and other services/Help/android.widget.ImageView - Menu'

2023-08-17 10:38:29 - [TEST_STEP][PASSED] - tap(findTestObject("Menu and other services/Help/android.widget.TextView - Help"), 30): Tapped on element 'Object Repository/Menu and other services/Help/android.widget.TextView - Help'

2023-08-17 10:38:31 - [MESSAGE][PASSED] - Tapped on element 'Object Repository/Menu and other services/Help/android.widget.TextView - Help'

2023-08-17 10:38:31 - [TEST_STEP][PASSED] - verifyElementExist(findTestObject("Menu and other services/Help/android.widget.TextView - Send back up"), 30): Element 'Object Repository/Menu and other services/Help/android.widget.TextView - Send back up' is exist

2023-08-17 10:38:32 - [MESSAGE][PASSED] - Element 'Object Repository/Menu and other services/Help/android.widget.TextView - Send back up' is exist

2023-08-17 10:38:32 - [TEST_STEP][PASSED] - tap(findTestObject("Object Repository/Menu and other services/Help/android.widget.TextView - Send back up"), 30): Tapped on element 'Object Repository/Menu and other services/Help/android.widget.TextView - Send back up'

2023-08-17 10:38:33 - [MESSAGE][PASSED] - Tapped on element 'Object Repository/Menu and other services/Help/android.widget.TextView - Send back up']]></system-out>
         <system-err><![CDATA[]]></system-err>
      </testcase>
      <system-out><![CDATA[2023-08-17 10:35:52 - [TEST_SUITE][PASSED] - Menu and other services: Test Cases/Menu and other services/Help]]></system-out>
      <system-err><![CDATA[]]></system-err>
   </testsuite>
   <testsuite name="Patient Management" tests="8" failures="0" errors="0" time="153.308" skipped="0" timestamp="2023-08-17 10:38:55" hostname="Amarir - DESKTOP-EE3F8H4" id="Test Suites/Patient Management">
      <properties>
         <property name="deviceName" value="samsung SM-N975F (Android 12)"/>
         <property name="devicePlatform" value=""/>
         <property name="logFolder" value="C:\\Users\\Amarir\\git\\IS_Katalon_Lite_Version\\Reports\\20230817_102719\\Patient Management\\20230817_102727"/>
         <property name="logFiles" value="C:\\Users\\Amarir\\git\\IS_Katalon_Lite_Version\\Reports\\20230817_102719\\Patient Management\\20230817_102727\\appium.log, C:\\Users\\Amarir\\git\\IS_Katalon_Lite_Version\\Reports\\20230817_102719\\Patient Management\\20230817_102727\\execution0.log"/>
         <property name="attachments" value=""/>
         <property name="hostName" value="Amarir - DESKTOP-EE3F8H4"/>
         <property name="os" value="Windows 10 64bit"/>
         <property name="appiumServerStatus" value="{&quot;value&quot;:{&quot;build&quot;:{&quot;version&quot;:&quot;1.22.0&quot;}},&quot;sessionId&quot;:null,&quot;status&quot;:0}"/>
         <property name="katalonVersion" value="8.6.5.208"/>
         <property name="deviceOS" value="Android"/>
         <property name="appiumVersion" value="1.22.0"/>
         <property name="deviceModel" value="SM-N975F"/>
         <property name="hostAddress" value="192.168.234.1"/>
         <property name="deviceManufacturer" value="samsung"/>
         <property name="deviceId" value="RF8N307NKZV"/>
         <property name="deviceName" value="samsung SM-N975F (Android 12)"/>
         <property name="deviceOSVersion" value="12"/>
      </properties>
      <testcase name="Test Cases/User Managemenet/Login" time="45.524" classname="Test Cases/User Managemenet/Login" status="PASSED">
         <system-out><![CDATA[2023-08-17 10:38:56 - [TEST_CASE][PASSED] - Test Cases/User Managemenet/Login: Test Cases/User Managemenet/Login

2023-08-17 10:38:57 - [TEST_STEP][PASSED] - startApplication(APK, false): Started app at: 'C:\Users\Amarir\Downloads\APK\IS\IS_Prod_2.1.apk'

2023-08-17 10:38:58 - [MESSAGE][INFO] - Detected NodeJS location: "C:\Program Files\nodejs\node.exe"

2023-08-17 10:39:02 - [MESSAGE][INFO] - Appium server started on port 60,302

2023-08-17 10:39:27 - [MESSAGE][PASSED] - Started app at: 'C:\Users\Amarir\Downloads\APK\IS\IS_Prod_2.1.apk'

2023-08-17 10:39:27 - [TEST_STEP][PASSED] - setText(findTestObject("User Management/Login/android.widget.EditText - username"), LoginCreds.get("username"), 30): Text 'safakata' has been set to element 'Object Repository/User Management/Login/android.widget.EditText - username'

2023-08-17 10:39:32 - [MESSAGE][PASSED] - Text 'safakata' has been set to element 'Object Repository/User Management/Login/android.widget.EditText - username'

2023-08-17 10:39:32 - [TEST_STEP][PASSED] - setText(findTestObject("User Management/Login/android.widget.EditText - password"), LoginCreds.get("password"), 30): Text 'eKare123@' has been set to element 'Object Repository/User Management/Login/android.widget.EditText - password'

2023-08-17 10:39:33 - [MESSAGE][PASSED] - Text 'eKare123@' has been set to element 'Object Repository/User Management/Login/android.widget.EditText - password'

2023-08-17 10:39:33 - [TEST_STEP][PASSED] - tap(findTestObject("User Management/Login/android.view.ViewGroup - sign in"), 30): Tapped on element 'Object Repository/User Management/Login/android.view.ViewGroup - sign in'

2023-08-17 10:39:34 - [MESSAGE][PASSED] - Tapped on element 'Object Repository/User Management/Login/android.view.ViewGroup - sign in'

2023-08-17 10:39:34 - [TEST_STEP][PASSED] - tap(findTestObject("Object Repository/User Management/Login/android.widget.TextView - Katalon"), 30): Tapped on element 'Object Repository/User Management/Login/android.widget.TextView - Katalon'

2023-08-17 10:39:36 - [MESSAGE][PASSED] - Tapped on element 'Object Repository/User Management/Login/android.widget.TextView - Katalon'

2023-08-17 10:39:36 - [TEST_STEP][PASSED] - delay(2, STOP_ON_FAILURE): Delayed 2 second(s)

2023-08-17 10:39:38 - [MESSAGE][PASSED] - Delayed 2 second(s)

2023-08-17 10:39:38 - [TEST_STEP][PASSED] - verifyElementExist(findTestObject("Object Repository/User Management/Login/android.widget.TextView - Patient Directory"), 30): Element 'Object Repository/User Management/Login/android.widget.TextView - Patient Directory' is exist

2023-08-17 10:39:41 - [MESSAGE][PASSED] - Element 'Object Repository/User Management/Login/android.widget.TextView - Patient Directory' is exist]]></system-out>
         <system-err><![CDATA[]]></system-err>
      </testcase>
      <testcase name="Test Cases/Patient Management/Add Patient" time="12.96" classname="Test Cases/Patient Management/Add Patient" status="PASSED">
         <system-out><![CDATA[2023-08-17 10:39:41 - [TEST_CASE][PASSED] - Test Cases/Patient Management/Add Patient: Test Cases/Patient Management/Add Patient

2023-08-17 10:39:42 - [TEST_STEP][PASSED] - tap(findTestObject("Object Repository/Patient Management/Add Patient/android.widget.TextView - add patient"), 30): Tapped on element 'Object Repository/Patient Management/Add Patient/android.widget.TextView - add patient'

2023-08-17 10:39:43 - [MESSAGE][PASSED] - Tapped on element 'Object Repository/Patient Management/Add Patient/android.widget.TextView - add patient'

2023-08-17 10:39:43 - [TEST_STEP][PASSED] - setText(findTestObject("Object Repository/Patient Management/Add Patient/android.widget.EditText - First name"), "Test", 30): Text 'Test' has been set to element 'Object Repository/Patient Management/Add Patient/android.widget.EditText - First name'

2023-08-17 10:39:45 - [MESSAGE][PASSED] - Text 'Test' has been set to element 'Object Repository/Patient Management/Add Patient/android.widget.EditText - First name'

2023-08-17 10:39:45 - [TEST_STEP][PASSED] - setText(findTestObject("Object Repository/Patient Management/Add Patient/android.widget.EditText - Last name"), "lite", 30): Text 'lite' has been set to element 'Object Repository/Patient Management/Add Patient/android.widget.EditText - Last name'

2023-08-17 10:39:46 - [MESSAGE][PASSED] - Text 'lite' has been set to element 'Object Repository/Patient Management/Add Patient/android.widget.EditText - Last name'

2023-08-17 10:39:46 - [TEST_STEP][PASSED] - setText(findTestObject("Object Repository/Patient Management/Add Patient/android.widget.EditText - Date of birth (ddmmyyyy) (1)"), "09/12/2001", 30): Text '09/12/2001' has been set to element 'Object Repository/Patient Management/Add Patient/android.widget.EditText - Date of birth (ddmmyyyy) (1)'

2023-08-17 10:39:48 - [MESSAGE][PASSED] - Text '09/12/2001' has been set to element 'Object Repository/Patient Management/Add Patient/android.widget.EditText - Date of birth (ddmmyyyy) (1)'

2023-08-17 10:39:48 - [TEST_STEP][PASSED] - setText(findTestObject("Object Repository/Patient Management/Add Patient/android.widget.EditText - MRN"), "6766", 30): Text '6766' has been set to element 'Object Repository/Patient Management/Add Patient/android.widget.EditText - MRN'

2023-08-17 10:39:50 - [MESSAGE][PASSED] - Text '6766' has been set to element 'Object Repository/Patient Management/Add Patient/android.widget.EditText - MRN'

2023-08-17 10:39:50 - [TEST_STEP][PASSED] - tap(findTestObject("Object Repository/Patient Management/Add Patient/android.widget.TextView - Save"), 30): Tapped on element 'Object Repository/Patient Management/Add Patient/android.widget.TextView - Save'

2023-08-17 10:39:51 - [MESSAGE][PASSED] - Tapped on element 'Object Repository/Patient Management/Add Patient/android.widget.TextView - Save'

2023-08-17 10:39:51 - [TEST_STEP][PASSED] - verifyElementText(findTestObject("Object Repository/Patient Management/Add Patient/android.widget.TextView - Patient created successfully"), "Patient created successfully"): Actual text and expected text of test object 'Object Repository/Patient Management/Add Patient/android.widget.TextView - Patient created successfully' are matched.

2023-08-17 10:39:52 - [MESSAGE][PASSED] - Actual text and expected text of test object 'Object Repository/Patient Management/Add Patient/android.widget.TextView - Patient created successfully' are matched.

2023-08-17 10:39:52 - [TEST_STEP][PASSED] - tap(findTestObject("Object Repository/Patient Management/Add Patient/android.widget.Button - OK"), 30): Tapped on element 'Object Repository/Patient Management/Add Patient/android.widget.Button - OK'

2023-08-17 10:39:52 - [MESSAGE][PASSED] - Tapped on element 'Object Repository/Patient Management/Add Patient/android.widget.Button - OK'

2023-08-17 10:39:52 - [TEST_STEP][PASSED] - verifyElementText(findTestObject("Object Repository/Patient Management/Add Patient/android.widget.TextView - lite, Test"), "lite, Test"): Actual text and expected text of test object 'Object Repository/Patient Management/Add Patient/android.widget.TextView - lite, Test' are matched.

2023-08-17 10:39:54 - [MESSAGE][PASSED] - Actual text and expected text of test object 'Object Repository/Patient Management/Add Patient/android.widget.TextView - lite, Test' are matched.]]></system-out>
         <system-err><![CDATA[]]></system-err>
      </testcase>
      <testcase name="Test Cases/Patient Management/Search Patient" time="6.301" classname="Test Cases/Patient Management/Search Patient" status="PASSED">
         <system-out><![CDATA[2023-08-17 10:39:54 - [TEST_CASE][PASSED] - Test Cases/Patient Management/Search Patient: Test Cases/Patient Management/Search Patient

2023-08-17 10:39:55 - [TEST_STEP][PASSED] - setText(findTestObject("Object Repository/Patient Management/Search Patient/android.widget.EditText - Search by Name, MRN"), "987", 30): Text '987' has been set to element 'Object Repository/Patient Management/Search Patient/android.widget.EditText - Search by Name, MRN'

2023-08-17 10:39:57 - [MESSAGE][PASSED] - Text '987' has been set to element 'Object Repository/Patient Management/Search Patient/android.widget.EditText - Search by Name, MRN'

2023-08-17 10:39:57 - [TEST_STEP][PASSED] - tap(findTestObject("Object Repository/Patient Management/Search Patient/android.view.ViewGroup"), 30): Tapped on element 'Object Repository/Patient Management/Search Patient/android.view.ViewGroup'

2023-08-17 10:39:58 - [MESSAGE][PASSED] - Tapped on element 'Object Repository/Patient Management/Search Patient/android.view.ViewGroup'

2023-08-17 10:39:58 - [TEST_STEP][PASSED] - tap(findTestObject("Object Repository/Patient Management/Search Patient/android.widget.TextView - Current site"), 30): Tapped on element 'Object Repository/Patient Management/Search Patient/android.widget.TextView - Current site'

2023-08-17 10:40:00 - [MESSAGE][PASSED] - Tapped on element 'Object Repository/Patient Management/Search Patient/android.widget.TextView - Current site'

2023-08-17 10:40:00 - [TEST_STEP][PASSED] - verifyElementExist(findTestObject("Object Repository/Patient Management/Search Patient/android.view.ViewGroup (1)"), 30): Element 'Object Repository/Patient Management/Search Patient/android.view.ViewGroup (1)' is exist

2023-08-17 10:40:00 - [MESSAGE][PASSED] - Element 'Object Repository/Patient Management/Search Patient/android.view.ViewGroup (1)' is exist]]></system-out>
         <system-err><![CDATA[]]></system-err>
      </testcase>
      <testcase name="Test Cases/Patient Management/Edit Patient" time="13.845" classname="Test Cases/Patient Management/Edit Patient" status="PASSED">
         <system-out><![CDATA[2023-08-17 10:40:00 - [TEST_CASE][PASSED] - Test Cases/Patient Management/Edit Patient: Test Cases/Patient Management/Edit Patient

2023-08-17 10:40:01 - [TEST_STEP][PASSED] - tap(findTestObject("Object Repository/Patient Management/Edit Patient/android.view.ViewGroup (1)"), 30): Tapped on element 'Object Repository/Patient Management/Edit Patient/android.view.ViewGroup (1)'

2023-08-17 10:40:02 - [MESSAGE][PASSED] - Tapped on element 'Object Repository/Patient Management/Edit Patient/android.view.ViewGroup (1)'

2023-08-17 10:40:02 - [TEST_STEP][PASSED] - tap(findTestObject("Object Repository/Patient Management/Edit Patient/android.widget.ImageView"), 30): Tapped on element 'Object Repository/Patient Management/Edit Patient/android.widget.ImageView'

2023-08-17 10:40:03 - [MESSAGE][PASSED] - Tapped on element 'Object Repository/Patient Management/Edit Patient/android.widget.ImageView'

2023-08-17 10:40:03 - [TEST_STEP][PASSED] - tap(findTestObject("Object Repository/Patient Management/Edit Patient/android.widget.TextView - Edit patient"), 30): Tapped on element 'Object Repository/Patient Management/Edit Patient/android.widget.TextView - Edit patient'

2023-08-17 10:40:05 - [MESSAGE][PASSED] - Tapped on element 'Object Repository/Patient Management/Edit Patient/android.widget.TextView - Edit patient'

2023-08-17 10:40:05 - [TEST_STEP][PASSED] - setText(findTestObject("Object Repository/Patient Management/Edit Patient/android.widget.EditText - First Name"), "Editt", 30): Text 'Editt' has been set to element 'Object Repository/Patient Management/Edit Patient/android.widget.EditText - First Name'

2023-08-17 10:40:06 - [MESSAGE][PASSED] - Text 'Editt' has been set to element 'Object Repository/Patient Management/Edit Patient/android.widget.EditText - First Name'

2023-08-17 10:40:06 - [TEST_STEP][PASSED] - setText(findTestObject("Object Repository/Patient Management/Edit Patient/android.widget.EditText - Last Name"), "Litee", 30): Text 'Litee' has been set to element 'Object Repository/Patient Management/Edit Patient/android.widget.EditText - Last Name'

2023-08-17 10:40:08 - [MESSAGE][PASSED] - Text 'Litee' has been set to element 'Object Repository/Patient Management/Edit Patient/android.widget.EditText - Last Name'

2023-08-17 10:40:08 - [TEST_STEP][PASSED] - setText(findTestObject("Object Repository/Patient Management/Edit Patient/android.widget.EditText - DOB"), "09/07/2001", 30): Text '09/07/2001' has been set to element 'Object Repository/Patient Management/Edit Patient/android.widget.EditText - DOB'

2023-08-17 10:40:10 - [MESSAGE][PASSED] - Text '09/07/2001' has been set to element 'Object Repository/Patient Management/Edit Patient/android.widget.EditText - DOB'

2023-08-17 10:40:10 - [TEST_STEP][PASSED] - verifyElementAttributeValue(findTestObject("Patient Management/Edit Patient/android.widget.EditText - MRN"), "enabled", "false", 30, STOP_ON_FAILURE): Object 'Object Repository/Patient Management/Edit Patient/android.widget.EditText - MRN' has attribute 'enabled' with value 'false'

2023-08-17 10:40:11 - [MESSAGE][PASSED] - Object 'Object Repository/Patient Management/Edit Patient/android.widget.EditText - MRN' has attribute 'enabled' with value 'false'

2023-08-17 10:40:11 - [TEST_STEP][PASSED] - tap(findTestObject("Object Repository/Patient Management/Edit Patient/android.widget.TextView - Save"), 30): Tapped on element 'Object Repository/Patient Management/Edit Patient/android.widget.TextView - Save'

2023-08-17 10:40:11 - [MESSAGE][PASSED] - Tapped on element 'Object Repository/Patient Management/Edit Patient/android.widget.TextView - Save'

2023-08-17 10:40:11 - [TEST_STEP][PASSED] - verifyElementText(findTestObject("Object Repository/Patient Management/Edit Patient/android.widget.TextView - Patient updated successfully"), "Patient updated successfully."): Actual text and expected text of test object 'Object Repository/Patient Management/Edit Patient/android.widget.TextView - Patient updated successfully' are matched.

2023-08-17 10:40:12 - [MESSAGE][PASSED] - Actual text and expected text of test object 'Object Repository/Patient Management/Edit Patient/android.widget.TextView - Patient updated successfully' are matched.

2023-08-17 10:40:12 - [TEST_STEP][PASSED] - tap(findTestObject("Object Repository/Patient Management/Edit Patient/android.widget.Button - OK"), 30): Tapped on element 'Object Repository/Patient Management/Edit Patient/android.widget.Button - OK'

2023-08-17 10:40:13 - [MESSAGE][PASSED] - Tapped on element 'Object Repository/Patient Management/Edit Patient/android.widget.Button - OK'

2023-08-17 10:40:13 - [TEST_STEP][PASSED] - pressBack(): Press back button successfully

2023-08-17 10:40:13 - [MESSAGE][PASSED] - Press back button successfully

2023-08-17 10:40:13 - [TEST_STEP][PASSED] - tap(findTestObject("Object Repository/Patient Management/Edit Patient/android.widget.ImageView - x"), 30): Tapped on element 'Object Repository/Patient Management/Edit Patient/android.widget.ImageView - x'

2023-08-17 10:40:14 - [MESSAGE][PASSED] - Tapped on element 'Object Repository/Patient Management/Edit Patient/android.widget.ImageView - x']]></system-out>
         <system-err><![CDATA[]]></system-err>
      </testcase>
      <testcase name="Test Cases/Patient Management/Freeze Patient" time="12.3" classname="Test Cases/Patient Management/Freeze Patient" status="PASSED">
         <system-out><![CDATA[2023-08-17 10:40:14 - [TEST_CASE][PASSED] - Test Cases/Patient Management/Freeze Patient: Test Cases/Patient Management/Freeze Patient

2023-08-17 10:40:15 - [TEST_STEP][PASSED] - setText(findTestObject("Object Repository/Patient Management/Freeze Patient/android.widget.EditText - Search by Name, MRN"), "6767", 30): Text '6767' has been set to element 'Object Repository/Patient Management/Freeze Patient/android.widget.EditText - Search by Name, MRN'

2023-08-17 10:40:16 - [MESSAGE][PASSED] - Text '6767' has been set to element 'Object Repository/Patient Management/Freeze Patient/android.widget.EditText - Search by Name, MRN'

2023-08-17 10:40:16 - [TEST_STEP][PASSED] - tap(findTestObject("Object Repository/Patient Management/Freeze Patient/android.view.ViewGroup"), 30): Tapped on element 'Object Repository/Patient Management/Freeze Patient/android.view.ViewGroup'

2023-08-17 10:40:18 - [MESSAGE][PASSED] - Tapped on element 'Object Repository/Patient Management/Freeze Patient/android.view.ViewGroup'

2023-08-17 10:40:18 - [TEST_STEP][PASSED] - tap(findTestObject("Object Repository/Patient Management/Freeze Patient/android.widget.TextView - Current site"), 30): Tapped on element 'Object Repository/Patient Management/Freeze Patient/android.widget.TextView - Current site'

2023-08-17 10:40:19 - [MESSAGE][PASSED] - Tapped on element 'Object Repository/Patient Management/Freeze Patient/android.widget.TextView - Current site'

2023-08-17 10:40:19 - [TEST_STEP][PASSED] - tap(findTestObject("Object Repository/Patient Management/Freeze Patient/android.view.ViewGroup (1)"), 30): Tapped on element 'Object Repository/Patient Management/Freeze Patient/android.view.ViewGroup (1)'

2023-08-17 10:40:20 - [MESSAGE][PASSED] - Tapped on element 'Object Repository/Patient Management/Freeze Patient/android.view.ViewGroup (1)'

2023-08-17 10:40:20 - [TEST_STEP][PASSED] - tap(findTestObject("Patient Management/Freeze Patient/android.widget.ImageView - menu"), 30): Tapped on element 'Object Repository/Patient Management/Freeze Patient/android.widget.ImageView - menu'

2023-08-17 10:40:21 - [MESSAGE][PASSED] - Tapped on element 'Object Repository/Patient Management/Freeze Patient/android.widget.ImageView - menu'

2023-08-17 10:40:21 - [TEST_STEP][PASSED] - tap(findTestObject("Object Repository/Patient Management/Freeze Patient/android.widget.TextView - Freeze patient"), 30): Tapped on element 'Object Repository/Patient Management/Freeze Patient/android.widget.TextView - Freeze patient'

2023-08-17 10:40:23 - [MESSAGE][PASSED] - Tapped on element 'Object Repository/Patient Management/Freeze Patient/android.widget.TextView - Freeze patient'

2023-08-17 10:40:23 - [TEST_STEP][PASSED] - verifyElementText(findTestObject("Object Repository/Patient Management/Freeze Patient/android.widget.TextView - Change patient status to Inactive"), "Change patient status to Inactive ?"): Actual text and expected text of test object 'Object Repository/Patient Management/Freeze Patient/android.widget.TextView - Change patient status to Inactive' are matched.

2023-08-17 10:40:24 - [MESSAGE][PASSED] - Actual text and expected text of test object 'Object Repository/Patient Management/Freeze Patient/android.widget.TextView - Change patient status to Inactive' are matched.

2023-08-17 10:40:24 - [TEST_STEP][PASSED] - tap(findTestObject("Object Repository/Patient Management/Freeze Patient/android.widget.TextView - Confirm"), 30): Tapped on element 'Object Repository/Patient Management/Freeze Patient/android.widget.TextView - Confirm'

2023-08-17 10:40:24 - [MESSAGE][PASSED] - Tapped on element 'Object Repository/Patient Management/Freeze Patient/android.widget.TextView - Confirm'

2023-08-17 10:40:24 - [TEST_STEP][PASSED] - verifyElementText(findTestObject("Object Repository/Patient Management/Freeze Patient/android.widget.TextView - Patient Inactive"), "Patient Inactive"): Actual text and expected text of test object 'Object Repository/Patient Management/Freeze Patient/android.widget.TextView - Patient Inactive' are matched.

2023-08-17 10:40:26 - [MESSAGE][PASSED] - Actual text and expected text of test object 'Object Repository/Patient Management/Freeze Patient/android.widget.TextView - Patient Inactive' are matched.

2023-08-17 10:40:26 - [TEST_STEP][PASSED] - tap(findTestObject("Object Repository/Patient Management/Freeze Patient/android.widget.ImageView (1)"), 30): Tapped on element 'Object Repository/Patient Management/Freeze Patient/android.widget.ImageView (1)'

2023-08-17 10:40:27 - [MESSAGE][PASSED] - Tapped on element 'Object Repository/Patient Management/Freeze Patient/android.widget.ImageView (1)']]></system-out>
         <system-err><![CDATA[]]></system-err>
      </testcase>
      <testcase name="Test Cases/Patient Management/Filter Patient" time="5.242" classname="Test Cases/Patient Management/Filter Patient" status="PASSED">
         <system-out><![CDATA[2023-08-17 10:40:27 - [TEST_CASE][PASSED] - Test Cases/Patient Management/Filter Patient: Test Cases/Patient Management/Filter Patient

2023-08-17 10:40:27 - [TEST_STEP][PASSED] - tap(findTestObject("Object Repository/Patient Management/Filter Patient/android.widget.ImageView - filter"), 30): Tapped on element 'Object Repository/Patient Management/Filter Patient/android.widget.ImageView - filter'

2023-08-17 10:40:28 - [MESSAGE][PASSED] - Tapped on element 'Object Repository/Patient Management/Filter Patient/android.widget.ImageView - filter'

2023-08-17 10:40:28 - [TEST_STEP][PASSED] - tap(findTestObject("Object Repository/Patient Management/Filter Patient/android.widget.Switch - ON"), 30): Tapped on element 'Object Repository/Patient Management/Filter Patient/android.widget.Switch - ON'

2023-08-17 10:40:29 - [MESSAGE][PASSED] - Tapped on element 'Object Repository/Patient Management/Filter Patient/android.widget.Switch - ON'

2023-08-17 10:40:29 - [TEST_STEP][PASSED] - tap(findTestObject("Object Repository/Patient Management/Filter Patient/android.widget.TextView - Apply"), 30): Tapped on element 'Object Repository/Patient Management/Filter Patient/android.widget.TextView - Apply'

2023-08-17 10:40:30 - [MESSAGE][PASSED] - Tapped on element 'Object Repository/Patient Management/Filter Patient/android.widget.TextView - Apply'

2023-08-17 10:40:30 - [TEST_STEP][PASSED] - verifyElementText(findTestObject("Object Repository/Patient Management/Filter Patient/android.widget.TextView - Patient Inactive"), "Patient Inactive"): Actual text and expected text of test object 'Object Repository/Patient Management/Filter Patient/android.widget.TextView - Patient Inactive' are matched.

2023-08-17 10:40:32 - [MESSAGE][PASSED] - Actual text and expected text of test object 'Object Repository/Patient Management/Filter Patient/android.widget.TextView - Patient Inactive' are matched.]]></system-out>
         <system-err><![CDATA[]]></system-err>
      </testcase>
      <testcase name="Test Cases/Patient Management/Unfreeze Patient" time="44.689" classname="Test Cases/Patient Management/Unfreeze Patient" status="PASSED">
         <system-out><![CDATA[2023-08-17 10:40:32 - [TEST_CASE][PASSED] - Test Cases/Patient Management/Unfreeze Patient: Test Cases/Patient Management/Unfreeze Patient

2023-08-17 10:40:33 - [TEST_STEP][PASSED] - delay(30): Delayed 30 second(s)

2023-08-17 10:41:03 - [MESSAGE][PASSED] - Delayed 30 second(s)

2023-08-17 10:41:03 - [TEST_STEP][PASSED] - setText(findTestObject("Object Repository/Patient Management/Unfreeze Patient/android.widget.EditText - Search by Name, MRN"), "6768", 30): Text '6768' has been set to element 'Object Repository/Patient Management/Unfreeze Patient/android.widget.EditText - Search by Name, MRN'

2023-08-17 10:41:04 - [MESSAGE][PASSED] - Text '6768' has been set to element 'Object Repository/Patient Management/Unfreeze Patient/android.widget.EditText - Search by Name, MRN'

2023-08-17 10:41:04 - [TEST_STEP][PASSED] - tap(findTestObject("Object Repository/Patient Management/Unfreeze Patient/android.widget.TextView - Current site"), 30): Tapped on element 'Object Repository/Patient Management/Unfreeze Patient/android.widget.TextView - Current site'

2023-08-17 10:41:05 - [MESSAGE][PASSED] - Tapped on element 'Object Repository/Patient Management/Unfreeze Patient/android.widget.TextView - Current site'

2023-08-17 10:41:05 - [TEST_STEP][PASSED] - tap(findTestObject("Object Repository/Patient Management/Unfreeze Patient/android.widget.TextView - Current site (1)"), 30): Tapped on element 'Object Repository/Patient Management/Unfreeze Patient/android.widget.TextView - Current site (1)'

2023-08-17 10:41:06 - [MESSAGE][PASSED] - Tapped on element 'Object Repository/Patient Management/Unfreeze Patient/android.widget.TextView - Current site (1)'

2023-08-17 10:41:06 - [TEST_STEP][PASSED] - tap(findTestObject("Object Repository/Patient Management/Unfreeze Patient/android.view.ViewGroup"), 30): Tapped on element 'Object Repository/Patient Management/Unfreeze Patient/android.view.ViewGroup'

2023-08-17 10:41:07 - [MESSAGE][PASSED] - Tapped on element 'Object Repository/Patient Management/Unfreeze Patient/android.view.ViewGroup'

2023-08-17 10:41:07 - [TEST_STEP][PASSED] - tap(findTestObject("Object Repository/Patient Management/Unfreeze Patient/android.widget.ImageView"), 30): Tapped on element 'Object Repository/Patient Management/Unfreeze Patient/android.widget.ImageView'

2023-08-17 10:41:09 - [MESSAGE][PASSED] - Tapped on element 'Object Repository/Patient Management/Unfreeze Patient/android.widget.ImageView'

2023-08-17 10:41:09 - [TEST_STEP][PASSED] - tap(findTestObject("Object Repository/Patient Management/Unfreeze Patient/android.widget.TextView - UnFreeze patient"), 30): Tapped on element 'Object Repository/Patient Management/Unfreeze Patient/android.widget.TextView - UnFreeze patient'

2023-08-17 10:41:10 - [MESSAGE][PASSED] - Tapped on element 'Object Repository/Patient Management/Unfreeze Patient/android.widget.TextView - UnFreeze patient'

2023-08-17 10:41:10 - [TEST_STEP][PASSED] - verifyElementText(findTestObject("Object Repository/Patient Management/Unfreeze Patient/android.widget.TextView - Change patient status to Active"), "Change patient status to Active ?"): Actual text and expected text of test object 'Object Repository/Patient Management/Unfreeze Patient/android.widget.TextView - Change patient status to Active' are matched.

2023-08-17 10:41:11 - [MESSAGE][PASSED] - Actual text and expected text of test object 'Object Repository/Patient Management/Unfreeze Patient/android.widget.TextView - Change patient status to Active' are matched.

2023-08-17 10:41:11 - [TEST_STEP][PASSED] - tap(findTestObject("Object Repository/Patient Management/Unfreeze Patient/android.widget.TextView - Confirm"), 30): Tapped on element 'Object Repository/Patient Management/Unfreeze Patient/android.widget.TextView - Confirm'

2023-08-17 10:41:12 - [MESSAGE][PASSED] - Tapped on element 'Object Repository/Patient Management/Unfreeze Patient/android.widget.TextView - Confirm'

2023-08-17 10:41:12 - [TEST_STEP][PASSED] - verifyElementText(findTestObject("Object Repository/Patient Management/Unfreeze Patient/android.widget.TextView - No Consent"), "No Consent"): Actual text and expected text of test object 'Object Repository/Patient Management/Unfreeze Patient/android.widget.TextView - No Consent' are matched.

2023-08-17 10:41:14 - [MESSAGE][PASSED] - Actual text and expected text of test object 'Object Repository/Patient Management/Unfreeze Patient/android.widget.TextView - No Consent' are matched.

2023-08-17 10:41:14 - [TEST_STEP][PASSED] - tap(findTestObject("Object Repository/Patient Management/Unfreeze Patient/android.widget.ImageView (1)"), 30): Tapped on element 'Object Repository/Patient Management/Unfreeze Patient/android.widget.ImageView (1)'

2023-08-17 10:41:15 - [MESSAGE][PASSED] - Tapped on element 'Object Repository/Patient Management/Unfreeze Patient/android.widget.ImageView (1)'

2023-08-17 10:41:15 - [TEST_STEP][PASSED] - tap(findTestObject("Object Repository/Patient Management/Unfreeze Patient/android.widget.ImageView (2)"), 30): Tapped on element 'Object Repository/Patient Management/Unfreeze Patient/android.widget.ImageView (2)'

2023-08-17 10:41:17 - [MESSAGE][PASSED] - Tapped on element 'Object Repository/Patient Management/Unfreeze Patient/android.widget.ImageView (2)']]></system-out>
         <system-err><![CDATA[]]></system-err>
      </testcase>
      <testcase name="Test Cases/Patient Management/Delete Patient" time="11.49" classname="Test Cases/Patient Management/Delete Patient" status="PASSED">
         <system-out><![CDATA[2023-08-17 10:41:17 - [TEST_CASE][PASSED] - Test Cases/Patient Management/Delete Patient: Test Cases/Patient Management/Delete Patient

2023-08-17 10:41:18 - [TEST_STEP][PASSED] - setText(findTestObject("Object Repository/Patient Management/Delete Patient/android.widget.EditText - Search by Name, MRN"), "6766", 30): Text '6766' has been set to element 'Object Repository/Patient Management/Delete Patient/android.widget.EditText - Search by Name, MRN'

2023-08-17 10:41:20 - [MESSAGE][PASSED] - Text '6766' has been set to element 'Object Repository/Patient Management/Delete Patient/android.widget.EditText - Search by Name, MRN'

2023-08-17 10:41:20 - [TEST_STEP][PASSED] - tap(findTestObject("Object Repository/Patient Management/Delete Patient/android.view.ViewGroup"), 30): Tapped on element 'Object Repository/Patient Management/Delete Patient/android.view.ViewGroup'

2023-08-17 10:41:21 - [MESSAGE][PASSED] - Tapped on element 'Object Repository/Patient Management/Delete Patient/android.view.ViewGroup'

2023-08-17 10:41:21 - [TEST_STEP][PASSED] - tap(findTestObject("Object Repository/Patient Management/Delete Patient/android.widget.TextView - Current site"), 30): Tapped on element 'Object Repository/Patient Management/Delete Patient/android.widget.TextView - Current site'

2023-08-17 10:41:21 - [MESSAGE][PASSED] - Tapped on element 'Object Repository/Patient Management/Delete Patient/android.widget.TextView - Current site'

2023-08-17 10:41:21 - [TEST_STEP][PASSED] - tap(findTestObject("Object Repository/Patient Management/Delete Patient/android.view.ViewGroup (1)"), 30): Tapped on element 'Object Repository/Patient Management/Delete Patient/android.view.ViewGroup (1)'

2023-08-17 10:41:23 - [MESSAGE][PASSED] - Tapped on element 'Object Repository/Patient Management/Delete Patient/android.view.ViewGroup (1)'

2023-08-17 10:41:23 - [TEST_STEP][PASSED] - tap(findTestObject("Object Repository/Patient Management/Delete Patient/android.widget.ImageView"), 30): Tapped on element 'Object Repository/Patient Management/Delete Patient/android.widget.ImageView'

2023-08-17 10:41:24 - [MESSAGE][PASSED] - Tapped on element 'Object Repository/Patient Management/Delete Patient/android.widget.ImageView'

2023-08-17 10:41:24 - [TEST_STEP][PASSED] - tap(findTestObject("Object Repository/Patient Management/Delete Patient/android.widget.TextView - Delete patient"), 30): Tapped on element 'Object Repository/Patient Management/Delete Patient/android.widget.TextView - Delete patient'

2023-08-17 10:41:25 - [MESSAGE][PASSED] - Tapped on element 'Object Repository/Patient Management/Delete Patient/android.widget.TextView - Delete patient'

2023-08-17 10:41:25 - [TEST_STEP][PASSED] - verifyElementText(findTestObject("Object Repository/Patient Management/Delete Patient/android.widget.TextView - Delete the selected patient The patient will be removed from the directory if deleted"), "Delete the selected patient? The patient will be removed from the directory if deleted"): Actual text and expected text of test object 'Object Repository/Patient Management/Delete Patient/android.widget.TextView - Delete the selected patient The patient will be removed from the directory if deleted' are matched.

2023-08-17 10:41:27 - [MESSAGE][PASSED] - Actual text and expected text of test object 'Object Repository/Patient Management/Delete Patient/android.widget.TextView - Delete the selected patient The patient will be removed from the directory if deleted' are matched.

2023-08-17 10:41:27 - [TEST_STEP][PASSED] - tap(findTestObject("Object Repository/Patient Management/Delete Patient/android.widget.Button - CONFIRM"), 30): Tapped on element 'Object Repository/Patient Management/Delete Patient/android.widget.Button - CONFIRM'

2023-08-17 10:41:27 - [MESSAGE][PASSED] - Tapped on element 'Object Repository/Patient Management/Delete Patient/android.widget.Button - CONFIRM'

2023-08-17 10:41:27 - [TEST_STEP][PASSED] - verifyElementExist(findTestObject("Object Repository/Patient Management/Delete Patient/android.widget.TextView - No content found"), 30): Element 'Object Repository/Patient Management/Delete Patient/android.widget.TextView - No content found' is exist

2023-08-17 10:41:28 - [MESSAGE][PASSED] - Element 'Object Repository/Patient Management/Delete Patient/android.widget.TextView - No content found' is exist]]></system-out>
         <system-err><![CDATA[]]></system-err>
      </testcase>
      <system-out><![CDATA[2023-08-17 10:38:55 - [TEST_SUITE][PASSED] - Patient Management: Test Cases/Patient Management/Delete Patient]]></system-out>
      <system-err><![CDATA[]]></system-err>
   </testsuite>
   <testsuite name="Wound Management" tests="9" failures="1" errors="0" time="316.413" skipped="0" timestamp="2023-08-17 10:41:48" hostname="Amarir - DESKTOP-EE3F8H4" id="Test Suites/Wound Management">
      <properties>
         <property name="deviceName" value="samsung SM-N975F (Android 12)"/>
         <property name="devicePlatform" value=""/>
         <property name="logFolder" value="C:\\Users\\Amarir\\git\\IS_Katalon_Lite_Version\\Reports\\20230817_102719\\Wound Management\\20230817_102729"/>
         <property name="logFiles" value="C:\\Users\\Amarir\\git\\IS_Katalon_Lite_Version\\Reports\\20230817_102719\\Wound Management\\20230817_102729\\appium.log, C:\\Users\\Amarir\\git\\IS_Katalon_Lite_Version\\Reports\\20230817_102719\\Wound Management\\20230817_102729\\execution0.log"/>
         <property name="attachments" value="C:\\Users\\Amarir\\git\\IS_Katalon_Lite_Version\\Reports\\20230817_102719\\Wound Management\\20230817_102729\\1692269094589.png, C:\\Users\\Amarir\\git\\IS_Katalon_Lite_Version\\Reports\\20230817_102719\\Wound Management\\20230817_102729\\1692269125793.png, C:\\Users\\Amarir\\git\\IS_Katalon_Lite_Version\\Reports\\20230817_102719\\Wound Management\\20230817_102729\\1692269156843.png, C:\\Users\\Amarir\\git\\IS_Katalon_Lite_Version\\Reports\\20230817_102719\\Wound Management\\20230817_102729\\1692269188019.png"/>
         <property name="hostName" value="Amarir - DESKTOP-EE3F8H4"/>
         <property name="os" value="Windows 10 64bit"/>
         <property name="appiumServerStatus" value="{&quot;value&quot;:{&quot;build&quot;:{&quot;version&quot;:&quot;1.22.0&quot;}},&quot;sessionId&quot;:null,&quot;status&quot;:0}"/>
         <property name="katalonVersion" value="8.6.5.208"/>
         <property name="deviceOS" value="Android"/>
         <property name="appiumVersion" value="1.22.0"/>
         <property name="deviceModel" value="SM-N975F"/>
         <property name="hostAddress" value="192.168.234.1"/>
         <property name="deviceManufacturer" value="samsung"/>
         <property name="deviceId" value="RF8N307NKZV"/>
         <property name="deviceName" value="samsung SM-N975F (Android 12)"/>
         <property name="deviceOSVersion" value="12"/>
      </properties>
      <testcase name="Test Cases/User Managemenet/Login" time="47.345" classname="Test Cases/User Managemenet/Login" status="PASSED">
         <system-out><![CDATA[2023-08-17 10:41:49 - [TEST_CASE][PASSED] - Test Cases/User Managemenet/Login: Test Cases/User Managemenet/Login

2023-08-17 10:41:51 - [TEST_STEP][PASSED] - startApplication(APK, false): Started app at: 'C:\Users\Amarir\Downloads\APK\IS\IS_Prod_2.1.apk'

2023-08-17 10:41:54 - [MESSAGE][INFO] - Detected NodeJS location: "C:\Program Files\nodejs\node.exe"

2023-08-17 10:41:58 - [MESSAGE][INFO] - Appium server started on port 60,547

2023-08-17 10:42:23 - [MESSAGE][PASSED] - Started app at: 'C:\Users\Amarir\Downloads\APK\IS\IS_Prod_2.1.apk'

2023-08-17 10:42:23 - [TEST_STEP][PASSED] - setText(findTestObject("User Management/Login/android.widget.EditText - username"), LoginCreds.get("username"), 30): Text 'safakata' has been set to element 'Object Repository/User Management/Login/android.widget.EditText - username'

2023-08-17 10:42:28 - [MESSAGE][PASSED] - Text 'safakata' has been set to element 'Object Repository/User Management/Login/android.widget.EditText - username'

2023-08-17 10:42:28 - [TEST_STEP][PASSED] - setText(findTestObject("User Management/Login/android.widget.EditText - password"), LoginCreds.get("password"), 30): Text 'eKare123@' has been set to element 'Object Repository/User Management/Login/android.widget.EditText - password'

2023-08-17 10:42:30 - [MESSAGE][PASSED] - Text 'eKare123@' has been set to element 'Object Repository/User Management/Login/android.widget.EditText - password'

2023-08-17 10:42:30 - [TEST_STEP][PASSED] - tap(findTestObject("User Management/Login/android.view.ViewGroup - sign in"), 30): Tapped on element 'Object Repository/User Management/Login/android.view.ViewGroup - sign in'

2023-08-17 10:42:30 - [MESSAGE][PASSED] - Tapped on element 'Object Repository/User Management/Login/android.view.ViewGroup - sign in'

2023-08-17 10:42:30 - [TEST_STEP][PASSED] - tap(findTestObject("Object Repository/User Management/Login/android.widget.TextView - Katalon"), 30): Tapped on element 'Object Repository/User Management/Login/android.widget.TextView - Katalon'

2023-08-17 10:42:32 - [MESSAGE][PASSED] - Tapped on element 'Object Repository/User Management/Login/android.widget.TextView - Katalon'

2023-08-17 10:42:32 - [TEST_STEP][PASSED] - delay(2, STOP_ON_FAILURE): Delayed 2 second(s)

2023-08-17 10:42:34 - [MESSAGE][PASSED] - Delayed 2 second(s)

2023-08-17 10:42:34 - [TEST_STEP][PASSED] - verifyElementExist(findTestObject("Object Repository/User Management/Login/android.widget.TextView - Patient Directory"), 30): Element 'Object Repository/User Management/Login/android.widget.TextView - Patient Directory' is exist

2023-08-17 10:42:37 - [MESSAGE][PASSED] - Element 'Object Repository/User Management/Login/android.widget.TextView - Patient Directory' is exist]]></system-out>
         <system-err><![CDATA[]]></system-err>
      </testcase>
      <testcase name="Test Cases/Wound Management/Add Wound" time="13.252" classname="Test Cases/Wound Management/Add Wound" status="PASSED">
         <system-out><![CDATA[2023-08-17 10:42:37 - [TEST_CASE][PASSED] - Test Cases/Wound Management/Add Wound: Test Cases/Wound Management/Add Wound

2023-08-17 10:42:38 - [TEST_STEP][PASSED] - setText(findTestObject("Object Repository/Wound Management/Add Wound/android.widget.EditText - Search by Name, MRN"), "78ui", 30): Text '78ui' has been set to element 'Object Repository/Wound Management/Add Wound/android.widget.EditText - Search by Name, MRN'

2023-08-17 10:42:39 - [MESSAGE][PASSED] - Text '78ui' has been set to element 'Object Repository/Wound Management/Add Wound/android.widget.EditText - Search by Name, MRN'

2023-08-17 10:42:39 - [TEST_STEP][PASSED] - tap(findTestObject("Object Repository/Wound Management/Add Wound/android.widget.TextView - Current site"), 30): Tapped on element 'Object Repository/Wound Management/Add Wound/android.widget.TextView - Current site'

2023-08-17 10:42:40 - [MESSAGE][PASSED] - Tapped on element 'Object Repository/Wound Management/Add Wound/android.widget.TextView - Current site'

2023-08-17 10:42:40 - [TEST_STEP][PASSED] - tap(findTestObject("Object Repository/Wound Management/Add Wound/android.widget.TextView - Current site (1)"), 30): Tapped on element 'Object Repository/Wound Management/Add Wound/android.widget.TextView - Current site (1)'

2023-08-17 10:42:41 - [MESSAGE][PASSED] - Tapped on element 'Object Repository/Wound Management/Add Wound/android.widget.TextView - Current site (1)'

2023-08-17 10:42:41 - [TEST_STEP][PASSED] - tap(findTestObject("Object Repository/Wound Management/Add Wound/android.view.ViewGroup"), 30): Tapped on element 'Object Repository/Wound Management/Add Wound/android.view.ViewGroup'

2023-08-17 10:42:42 - [MESSAGE][PASSED] - Tapped on element 'Object Repository/Wound Management/Add Wound/android.view.ViewGroup'

2023-08-17 10:42:42 - [TEST_STEP][PASSED] - tap(findTestObject("Object Repository/Wound Management/Add Wound/android.widget.ImageView - add wound"), 30): Tapped on element 'Object Repository/Wound Management/Add Wound/android.widget.ImageView - add wound'

2023-08-17 10:42:44 - [MESSAGE][PASSED] - Tapped on element 'Object Repository/Wound Management/Add Wound/android.widget.ImageView - add wound'

2023-08-17 10:42:44 - [TEST_STEP][PASSED] - tap(findTestObject("Object Repository/Wound Management/Add Wound/android.widget.TextView - Next"), 30): Tapped on element 'Object Repository/Wound Management/Add Wound/android.widget.TextView - Next'

2023-08-17 10:42:45 - [MESSAGE][PASSED] - Tapped on element 'Object Repository/Wound Management/Add Wound/android.widget.TextView - Next'

2023-08-17 10:42:45 - [TEST_STEP][PASSED] - tap(findTestObject("Object Repository/Wound Management/Add Wound/android.widget.TextView - Save"), 30): Tapped on element 'Object Repository/Wound Management/Add Wound/android.widget.TextView - Save'

2023-08-17 10:42:46 - [MESSAGE][PASSED] - Tapped on element 'Object Repository/Wound Management/Add Wound/android.widget.TextView - Save'

2023-08-17 10:42:46 - [TEST_STEP][PASSED] - verifyElementExist(findTestObject("Object Repository/Wound Management/Add Wound/android.view.ViewGroup (2)"), 30): Element 'Object Repository/Wound Management/Add Wound/android.view.ViewGroup (2)' is exist

2023-08-17 10:42:49 - [MESSAGE][PASSED] - Element 'Object Repository/Wound Management/Add Wound/android.view.ViewGroup (2)' is exist

2023-08-17 10:42:49 - [TEST_STEP][PASSED] - pressBack(): Press back button successfully

2023-08-17 10:42:49 - [MESSAGE][PASSED] - Press back button successfully

2023-08-17 10:42:49 - [TEST_STEP][PASSED] - tap(findTestObject("Object Repository/Wound Management/Lock Wound/android.widget.ImageView - x"), 30): Tapped on element 'Object Repository/Wound Management/Lock Wound/android.widget.ImageView - x'

2023-08-17 10:42:50 - [MESSAGE][PASSED] - Tapped on element 'Object Repository/Wound Management/Lock Wound/android.widget.ImageView - x']]></system-out>
         <system-err><![CDATA[]]></system-err>
      </testcase>
      <testcase name="Test Cases/Wound Management/Edit Wound" time="25.189" classname="Test Cases/Wound Management/Edit Wound" status="PASSED">
         <system-out><![CDATA[2023-08-17 10:42:50 - [TEST_CASE][PASSED] - Test Cases/Wound Management/Edit Wound: Test Cases/Wound Management/Edit Wound

2023-08-17 10:42:51 - [TEST_STEP][PASSED] - setText(findTestObject("Object Repository/Wound Management/Edit Wound/android.widget.EditText - Search by Name, MRN"), "86ui", 30): Text '86ui' has been set to element 'Object Repository/Wound Management/Edit Wound/android.widget.EditText - Search by Name, MRN'

2023-08-17 10:42:52 - [MESSAGE][PASSED] - Text '86ui' has been set to element 'Object Repository/Wound Management/Edit Wound/android.widget.EditText - Search by Name, MRN'

2023-08-17 10:42:52 - [TEST_STEP][PASSED] - tap(findTestObject("Object Repository/Wound Management/Edit Wound/android.widget.TextView - Current site"), 30): Tapped on element 'Object Repository/Wound Management/Edit Wound/android.widget.TextView - Current site'

2023-08-17 10:42:53 - [MESSAGE][PASSED] - Tapped on element 'Object Repository/Wound Management/Edit Wound/android.widget.TextView - Current site'

2023-08-17 10:42:53 - [TEST_STEP][PASSED] - tap(findTestObject("Object Repository/Wound Management/Edit Wound/android.widget.TextView - Current site (1)"), 30): Tapped on element 'Object Repository/Wound Management/Edit Wound/android.widget.TextView - Current site (1)'

2023-08-17 10:42:54 - [MESSAGE][PASSED] - Tapped on element 'Object Repository/Wound Management/Edit Wound/android.widget.TextView - Current site (1)'

2023-08-17 10:42:54 - [TEST_STEP][PASSED] - tap(findTestObject("Object Repository/Wound Management/Edit Wound/android.view.ViewGroup"), 30): Tapped on element 'Object Repository/Wound Management/Edit Wound/android.view.ViewGroup'

2023-08-17 10:42:55 - [MESSAGE][PASSED] - Tapped on element 'Object Repository/Wound Management/Edit Wound/android.view.ViewGroup'

2023-08-17 10:42:55 - [TEST_STEP][PASSED] - verifyElementExist(findTestObject("Object Repository/Wound Management/Edit Wound/android.view.ViewGroup - wound"), 30): Element 'Object Repository/Wound Management/Edit Wound/android.view.ViewGroup - wound' is exist

2023-08-17 10:42:57 - [MESSAGE][PASSED] - Element 'Object Repository/Wound Management/Edit Wound/android.view.ViewGroup - wound' is exist

2023-08-17 10:42:57 - [TEST_STEP][PASSED] - tap(findTestObject("Object Repository/Wound Management/Edit Wound/android.view.ViewGroup - wound"), 30): Tapped on element 'Object Repository/Wound Management/Edit Wound/android.view.ViewGroup - wound'

2023-08-17 10:42:58 - [MESSAGE][PASSED] - Tapped on element 'Object Repository/Wound Management/Edit Wound/android.view.ViewGroup - wound'

2023-08-17 10:42:58 - [TEST_STEP][PASSED] - tap(findTestObject("Wound Management/Edit Wound/android.widget.ImageView - MENU (1)"), 30): Tapped on element 'Object Repository/Wound Management/Edit Wound/android.widget.ImageView - MENU (1)'

2023-08-17 10:43:01 - [MESSAGE][PASSED] - Tapped on element 'Object Repository/Wound Management/Edit Wound/android.widget.ImageView - MENU (1)'

2023-08-17 10:43:01 - [TEST_STEP][PASSED] - tap(findTestObject("Object Repository/Wound Management/Edit Wound/android.widget.TextView - Edit wound"), 30): Tapped on element 'Object Repository/Wound Management/Edit Wound/android.widget.TextView - Edit wound'

2023-08-17 10:43:02 - [MESSAGE][PASSED] - Tapped on element 'Object Repository/Wound Management/Edit Wound/android.widget.TextView - Edit wound'

2023-08-17 10:43:02 - [TEST_STEP][PASSED] - tap(findTestObject("Object Repository/Wound Management/Edit Wound/android.view.ViewGroup - secondary wound type"), 30): Tapped on element 'Object Repository/Wound Management/Edit Wound/android.view.ViewGroup - secondary wound type'

2023-08-17 10:43:03 - [MESSAGE][PASSED] - Tapped on element 'Object Repository/Wound Management/Edit Wound/android.view.ViewGroup - secondary wound type'

2023-08-17 10:43:03 - [TEST_STEP][PASSED] - tap(findTestObject("Object Repository/Wound Management/Edit Wound/android.widget.TextView - Stage III"), 30): Tapped on element 'Object Repository/Wound Management/Edit Wound/android.widget.TextView - Stage III'

2023-08-17 10:43:04 - [MESSAGE][PASSED] - Tapped on element 'Object Repository/Wound Management/Edit Wound/android.widget.TextView - Stage III'

2023-08-17 10:43:04 - [TEST_STEP][PASSED] - tap(findTestObject("Object Repository/Wound Management/Edit Wound/android.view.ViewGroup - facility acquired wound"), 30): Tapped on element 'Object Repository/Wound Management/Edit Wound/android.view.ViewGroup - facility acquired wound'

2023-08-17 10:43:05 - [MESSAGE][PASSED] - Tapped on element 'Object Repository/Wound Management/Edit Wound/android.view.ViewGroup - facility acquired wound'

2023-08-17 10:43:05 - [TEST_STEP][PASSED] - tap(findTestObject("Object Repository/Wound Management/Edit Wound/android.widget.TextView - Next"), 30): Tapped on element 'Object Repository/Wound Management/Edit Wound/android.widget.TextView - Next'

2023-08-17 10:43:06 - [MESSAGE][PASSED] - Tapped on element 'Object Repository/Wound Management/Edit Wound/android.widget.TextView - Next'

2023-08-17 10:43:06 - [TEST_STEP][PASSED] - tap(findTestObject("Object Repository/Wound Management/Edit Wound/android.widget.TextView - Additional description (Optional)"), 30): Tapped on element 'Object Repository/Wound Management/Edit Wound/android.widget.TextView - Additional description (Optional)'

2023-08-17 10:43:07 - [MESSAGE][PASSED] - Tapped on element 'Object Repository/Wound Management/Edit Wound/android.widget.TextView - Additional description (Optional)'

2023-08-17 10:43:07 - [TEST_STEP][PASSED] - setText(findTestObject("Object Repository/Wound Management/Edit Wound/android.widget.EditText - description"), "Test Description", 30): Text 'Test Description' has been set to element 'Object Repository/Wound Management/Edit Wound/android.widget.EditText - description'

2023-08-17 10:43:08 - [MESSAGE][PASSED] - Text 'Test Description' has been set to element 'Object Repository/Wound Management/Edit Wound/android.widget.EditText - description'

2023-08-17 10:43:08 - [TEST_STEP][PASSED] - tap(findTestObject("Object Repository/Wound Management/Edit Wound/android.widget.TextView - OK"), 30): Tapped on element 'Object Repository/Wound Management/Edit Wound/android.widget.TextView - OK'

2023-08-17 10:43:09 - [MESSAGE][PASSED] - Tapped on element 'Object Repository/Wound Management/Edit Wound/android.widget.TextView - OK'

2023-08-17 10:43:09 - [TEST_STEP][PASSED] - tap(findTestObject("Object Repository/Wound Management/Edit Wound/android.widget.TextView - Save"), 30): Tapped on element 'Object Repository/Wound Management/Edit Wound/android.widget.TextView - Save'

2023-08-17 10:43:10 - [MESSAGE][PASSED] - Tapped on element 'Object Repository/Wound Management/Edit Wound/android.widget.TextView - Save'

2023-08-17 10:43:10 - [TEST_STEP][PASSED] - verifyElementText(findTestObject("Object Repository/Wound Management/Edit Wound/android.widget.TextView - Test Description"), "Test Description"): Actual text and expected text of test object 'Object Repository/Wound Management/Edit Wound/android.widget.TextView - Test Description' are matched.

2023-08-17 10:43:13 - [MESSAGE][PASSED] - Actual text and expected text of test object 'Object Repository/Wound Management/Edit Wound/android.widget.TextView - Test Description' are matched.

2023-08-17 10:43:13 - [TEST_STEP][PASSED] - pressBack(): Press back button successfully

2023-08-17 10:43:14 - [MESSAGE][PASSED] - Press back button successfully

2023-08-17 10:43:14 - [TEST_STEP][PASSED] - pressBack(): Press back button successfully

2023-08-17 10:43:14 - [MESSAGE][PASSED] - Press back button successfully

2023-08-17 10:43:14 - [TEST_STEP][PASSED] - tap(findTestObject("Object Repository/Wound Management/Lock Wound/android.widget.ImageView - x"), 30): Tapped on element 'Object Repository/Wound Management/Lock Wound/android.widget.ImageView - x'

2023-08-17 10:43:15 - [MESSAGE][PASSED] - Tapped on element 'Object Repository/Wound Management/Lock Wound/android.widget.ImageView - x']]></system-out>
         <system-err><![CDATA[]]></system-err>
      </testcase>
      <testcase name="Test Cases/Wound Management/Change wound Statues" time="16.036" classname="Test Cases/Wound Management/Change wound Statues" status="PASSED">
         <system-out><![CDATA[2023-08-17 10:43:15 - [TEST_CASE][PASSED] - Test Cases/Wound Management/Change wound Statues: Test Cases/Wound Management/Change wound Statues

2023-08-17 10:43:17 - [TEST_STEP][PASSED] - setText(findTestObject("Object Repository/Wound Management/Change wound statues/android.widget.EditText - Search by Name, MRN"), "87ui", 30): Text '87ui' has been set to element 'Object Repository/Wound Management/Change wound statues/android.widget.EditText - Search by Name, MRN'

2023-08-17 10:43:19 - [MESSAGE][PASSED] - Text '87ui' has been set to element 'Object Repository/Wound Management/Change wound statues/android.widget.EditText - Search by Name, MRN'

2023-08-17 10:43:19 - [TEST_STEP][PASSED] - tap(findTestObject("Object Repository/Wound Management/Change wound statues/android.widget.TextView - Current site"), 30): Tapped on element 'Object Repository/Wound Management/Change wound statues/android.widget.TextView - Current site'

2023-08-17 10:43:20 - [MESSAGE][PASSED] - Tapped on element 'Object Repository/Wound Management/Change wound statues/android.widget.TextView - Current site'

2023-08-17 10:43:20 - [TEST_STEP][PASSED] - tap(findTestObject("Object Repository/Wound Management/Change wound statues/android.widget.TextView - Current site (1)"), 30): Tapped on element 'Object Repository/Wound Management/Change wound statues/android.widget.TextView - Current site (1)'

2023-08-17 10:43:21 - [MESSAGE][PASSED] - Tapped on element 'Object Repository/Wound Management/Change wound statues/android.widget.TextView - Current site (1)'

2023-08-17 10:43:21 - [TEST_STEP][PASSED] - tap(findTestObject("Object Repository/Wound Management/Change wound statues/android.view.ViewGroup - Patient"), 30): Tapped on element 'Object Repository/Wound Management/Change wound statues/android.view.ViewGroup - Patient'

2023-08-17 10:43:22 - [MESSAGE][PASSED] - Tapped on element 'Object Repository/Wound Management/Change wound statues/android.view.ViewGroup - Patient'

2023-08-17 10:43:22 - [TEST_STEP][PASSED] - verifyElementExist(findTestObject("Object Repository/Wound Management/Change wound statues/android.view.ViewGroup - wound"), 30): Element 'Object Repository/Wound Management/Change wound statues/android.view.ViewGroup - wound' is exist

2023-08-17 10:43:24 - [MESSAGE][PASSED] - Element 'Object Repository/Wound Management/Change wound statues/android.view.ViewGroup - wound' is exist

2023-08-17 10:43:24 - [TEST_STEP][PASSED] - tap(findTestObject("Object Repository/Wound Management/Change wound statues/android.view.ViewGroup - Patient"), 30): Tapped on element 'Object Repository/Wound Management/Change wound statues/android.view.ViewGroup - Patient'

2023-08-17 10:43:24 - [MESSAGE][PASSED] - Tapped on element 'Object Repository/Wound Management/Change wound statues/android.view.ViewGroup - Patient'

2023-08-17 10:43:24 - [TEST_STEP][PASSED] - tap(findTestObject("Object Repository/Wound Management/Change wound statues/android.view.ViewGroup - wound statues"), 30): Tapped on element 'Object Repository/Wound Management/Change wound statues/android.view.ViewGroup - wound statues'

2023-08-17 10:43:26 - [MESSAGE][PASSED] - Tapped on element 'Object Repository/Wound Management/Change wound statues/android.view.ViewGroup - wound statues'

2023-08-17 10:43:26 - [TEST_STEP][PASSED] - verifyElementText(findTestObject("Object Repository/Wound Management/Change wound statues/android.widget.TextView - Healed"), "Healed"): Actual text and expected text of test object 'Object Repository/Wound Management/Change wound statues/android.widget.TextView - Healed' are matched.

2023-08-17 10:43:28 - [MESSAGE][PASSED] - Actual text and expected text of test object 'Object Repository/Wound Management/Change wound statues/android.widget.TextView - Healed' are matched.

2023-08-17 10:43:28 - [TEST_STEP][PASSED] - tap(findTestObject("Wound Management/Change wound statues/android.widget.TextView - Healed"), 30): Tapped on element 'Object Repository/Wound Management/Change wound statues/android.widget.TextView - Healed'

2023-08-17 10:43:28 - [MESSAGE][PASSED] - Tapped on element 'Object Repository/Wound Management/Change wound statues/android.widget.TextView - Healed'

2023-08-17 10:43:28 - [TEST_STEP][PASSED] - verifyElementText(findTestObject("Object Repository/Wound Management/Change wound statues/android.widget.TextView - Healed (1)"), "Healed"): Actual text and expected text of test object 'Object Repository/Wound Management/Change wound statues/android.widget.TextView - Healed (1)' are matched.

2023-08-17 10:43:29 - [MESSAGE][PASSED] - Actual text and expected text of test object 'Object Repository/Wound Management/Change wound statues/android.widget.TextView - Healed (1)' are matched.

2023-08-17 10:43:29 - [TEST_STEP][PASSED] - pressBack(): Press back button successfully

2023-08-17 10:43:30 - [MESSAGE][PASSED] - Press back button successfully

2023-08-17 10:43:30 - [TEST_STEP][PASSED] - pressBack(): Press back button successfully

2023-08-17 10:43:31 - [MESSAGE][PASSED] - Press back button successfully

2023-08-17 10:43:31 - [TEST_STEP][PASSED] - tap(findTestObject("Object Repository/Wound Management/Change wound statues/android.widget.ImageView"), 30): Tapped on element 'Object Repository/Wound Management/Change wound statues/android.widget.ImageView'

2023-08-17 10:43:31 - [MESSAGE][PASSED] - Tapped on element 'Object Repository/Wound Management/Change wound statues/android.widget.ImageView']]></system-out>
         <system-err><![CDATA[]]></system-err>
      </testcase>
      <testcase name="Test Cases/Wound Management/Lock Wound" time="20.693" classname="Test Cases/Wound Management/Lock Wound" status="PASSED">
         <system-out><![CDATA[2023-08-17 10:43:31 - [TEST_CASE][PASSED] - Test Cases/Wound Management/Lock Wound: Test Cases/Wound Management/Lock Wound

2023-08-17 10:43:33 - [TEST_STEP][PASSED] - setText(findTestObject("Object Repository/Wound Management/Lock Wound/android.widget.EditText - Search by Name, MRN"), "89ui", 30): Text '89ui' has been set to element 'Object Repository/Wound Management/Lock Wound/android.widget.EditText - Search by Name, MRN'

2023-08-17 10:43:35 - [MESSAGE][PASSED] - Text '89ui' has been set to element 'Object Repository/Wound Management/Lock Wound/android.widget.EditText - Search by Name, MRN'

2023-08-17 10:43:35 - [TEST_STEP][PASSED] - tap(findTestObject("Object Repository/Wound Management/Lock Wound/android.widget.TextView - Current site"), 30): Tapped on element 'Object Repository/Wound Management/Lock Wound/android.widget.TextView - Current site'

2023-08-17 10:43:36 - [MESSAGE][PASSED] - Tapped on element 'Object Repository/Wound Management/Lock Wound/android.widget.TextView - Current site'

2023-08-17 10:43:36 - [TEST_STEP][PASSED] - tap(findTestObject("Object Repository/Wound Management/Lock Wound/android.widget.TextView - Current site (1)"), 30): Tapped on element 'Object Repository/Wound Management/Lock Wound/android.widget.TextView - Current site (1)'

2023-08-17 10:43:36 - [MESSAGE][PASSED] - Tapped on element 'Object Repository/Wound Management/Lock Wound/android.widget.TextView - Current site (1)'

2023-08-17 10:43:36 - [TEST_STEP][PASSED] - verifyElementExist(findTestObject("Object Repository/Wound Management/Lock Wound/android.view.ViewGroup - Patient"), 30): Element 'Object Repository/Wound Management/Lock Wound/android.view.ViewGroup - Patient' is exist

2023-08-17 10:43:38 - [MESSAGE][PASSED] - Element 'Object Repository/Wound Management/Lock Wound/android.view.ViewGroup - Patient' is exist

2023-08-17 10:43:38 - [TEST_STEP][PASSED] - tap(findTestObject("Object Repository/Wound Management/Lock Wound/android.view.ViewGroup - Patient"), 30): Tapped on element 'Object Repository/Wound Management/Lock Wound/android.view.ViewGroup - Patient'

2023-08-17 10:43:38 - [MESSAGE][PASSED] - Tapped on element 'Object Repository/Wound Management/Lock Wound/android.view.ViewGroup - Patient'

2023-08-17 10:43:38 - [TEST_STEP][PASSED] - verifyElementExist(findTestObject("Object Repository/Wound Management/Lock Wound/android.view.ViewGroup - wound"), 30): Element 'Object Repository/Wound Management/Lock Wound/android.view.ViewGroup - wound' is exist

2023-08-17 10:43:40 - [MESSAGE][PASSED] - Element 'Object Repository/Wound Management/Lock Wound/android.view.ViewGroup - wound' is exist

2023-08-17 10:43:40 - [TEST_STEP][PASSED] - tap(findTestObject("Object Repository/Wound Management/Lock Wound/android.view.ViewGroup - wound"), 30): Tapped on element 'Object Repository/Wound Management/Lock Wound/android.view.ViewGroup - wound'

2023-08-17 10:43:40 - [MESSAGE][PASSED] - Tapped on element 'Object Repository/Wound Management/Lock Wound/android.view.ViewGroup - wound'

2023-08-17 10:43:40 - [TEST_STEP][PASSED] - tap(findTestObject("Object Repository/Wound Management/Lock Wound/android.widget.ImageView - menu"), 30): Tapped on element 'Object Repository/Wound Management/Lock Wound/android.widget.ImageView - menu'

2023-08-17 10:43:43 - [MESSAGE][PASSED] - Tapped on element 'Object Repository/Wound Management/Lock Wound/android.widget.ImageView - menu'

2023-08-17 10:43:43 - [TEST_STEP][PASSED] - tap(findTestObject("Object Repository/Wound Management/Lock Wound/android.widget.TextView - Lock wound"), 30): Tapped on element 'Object Repository/Wound Management/Lock Wound/android.widget.TextView - Lock wound'

2023-08-17 10:43:44 - [MESSAGE][PASSED] - Tapped on element 'Object Repository/Wound Management/Lock Wound/android.widget.TextView - Lock wound'

2023-08-17 10:43:44 - [TEST_STEP][PASSED] - pressBack(): Press back button successfully

2023-08-17 10:43:46 - [MESSAGE][PASSED] - Press back button successfully

2023-08-17 10:43:46 - [TEST_STEP][PASSED] - delay(5): Delayed 5 second(s)

2023-08-17 10:43:51 - [MESSAGE][PASSED] - Delayed 5 second(s)

2023-08-17 10:43:51 - [TEST_STEP][PASSED] - pressBack(): Press back button successfully

2023-08-17 10:43:51 - [MESSAGE][PASSED] - Press back button successfully

2023-08-17 10:43:51 - [TEST_STEP][PASSED] - tap(findTestObject("Object Repository/Wound Management/Lock Wound/android.widget.ImageView - x"), 30): Tapped on element 'Object Repository/Wound Management/Lock Wound/android.widget.ImageView - x'

2023-08-17 10:43:52 - [MESSAGE][PASSED] - Tapped on element 'Object Repository/Wound Management/Lock Wound/android.widget.ImageView - x']]></system-out>
         <system-err><![CDATA[]]></system-err>
      </testcase>
      <testcase name="Test Cases/Wound Management/Unlock Wound" time="16.716" classname="Test Cases/Wound Management/Unlock Wound" status="PASSED">
         <system-out><![CDATA[2023-08-17 10:43:52 - [TEST_CASE][PASSED] - Test Cases/Wound Management/Unlock Wound: Test Cases/Wound Management/Unlock Wound

2023-08-17 10:43:53 - [TEST_STEP][PASSED] - setText(findTestObject("Object Repository/Wound Management/Unlock wound/android.widget.EditText - Search by Name, MRN"), "90ui", 30): Text '90ui' has been set to element 'Object Repository/Wound Management/Unlock wound/android.widget.EditText - Search by Name, MRN'

2023-08-17 10:43:54 - [MESSAGE][PASSED] - Text '90ui' has been set to element 'Object Repository/Wound Management/Unlock wound/android.widget.EditText - Search by Name, MRN'

2023-08-17 10:43:54 - [TEST_STEP][PASSED] - tap(findTestObject("Object Repository/Wound Management/Unlock wound/android.widget.TextView - Current site"), 30): Tapped on element 'Object Repository/Wound Management/Unlock wound/android.widget.TextView - Current site'

2023-08-17 10:43:55 - [MESSAGE][PASSED] - Tapped on element 'Object Repository/Wound Management/Unlock wound/android.widget.TextView - Current site'

2023-08-17 10:43:55 - [TEST_STEP][PASSED] - tap(findTestObject("Object Repository/Wound Management/Unlock wound/android.widget.TextView - Current site (1)"), 30): Tapped on element 'Object Repository/Wound Management/Unlock wound/android.widget.TextView - Current site (1)'

2023-08-17 10:43:56 - [MESSAGE][PASSED] - Tapped on element 'Object Repository/Wound Management/Unlock wound/android.widget.TextView - Current site (1)'

2023-08-17 10:43:56 - [TEST_STEP][PASSED] - verifyElementExist(findTestObject("Object Repository/Wound Management/Unlock wound/android.view.ViewGroup - Patient"), 30): Element 'Object Repository/Wound Management/Unlock wound/android.view.ViewGroup - Patient' is exist

2023-08-17 10:43:57 - [MESSAGE][PASSED] - Element 'Object Repository/Wound Management/Unlock wound/android.view.ViewGroup - Patient' is exist

2023-08-17 10:43:57 - [TEST_STEP][PASSED] - tap(findTestObject("Object Repository/Wound Management/Unlock wound/android.view.ViewGroup - Patient"), 30): Tapped on element 'Object Repository/Wound Management/Unlock wound/android.view.ViewGroup - Patient'

2023-08-17 10:43:58 - [MESSAGE][PASSED] - Tapped on element 'Object Repository/Wound Management/Unlock wound/android.view.ViewGroup - Patient'

2023-08-17 10:43:58 - [TEST_STEP][PASSED] - verifyElementExist(findTestObject("Object Repository/Wound Management/Unlock wound/android.view.ViewGroup - wound"), 30): Element 'Object Repository/Wound Management/Unlock wound/android.view.ViewGroup - wound' is exist

2023-08-17 10:44:00 - [MESSAGE][PASSED] - Element 'Object Repository/Wound Management/Unlock wound/android.view.ViewGroup - wound' is exist

2023-08-17 10:44:00 - [TEST_STEP][PASSED] - tap(findTestObject("Object Repository/Wound Management/Unlock wound/android.view.ViewGroup - wound"), 30): Tapped on element 'Object Repository/Wound Management/Unlock wound/android.view.ViewGroup - wound'

2023-08-17 10:44:01 - [MESSAGE][PASSED] - Tapped on element 'Object Repository/Wound Management/Unlock wound/android.view.ViewGroup - wound'

2023-08-17 10:44:01 - [TEST_STEP][PASSED] - tap(findTestObject("Object Repository/Wound Management/Unlock wound/android.widget.ImageView - menu"), 30): Tapped on element 'Object Repository/Wound Management/Unlock wound/android.widget.ImageView - menu'

2023-08-17 10:44:03 - [MESSAGE][PASSED] - Tapped on element 'Object Repository/Wound Management/Unlock wound/android.widget.ImageView - menu'

2023-08-17 10:44:03 - [TEST_STEP][PASSED] - verifyElementText(findTestObject("Object Repository/Wound Management/Unlock wound/android.widget.TextView - Unlock wound"), "Unlock wound"): Actual text and expected text of test object 'Object Repository/Wound Management/Unlock wound/android.widget.TextView - Unlock wound' are matched.

2023-08-17 10:44:05 - [MESSAGE][PASSED] - Actual text and expected text of test object 'Object Repository/Wound Management/Unlock wound/android.widget.TextView - Unlock wound' are matched.

2023-08-17 10:44:05 - [TEST_STEP][PASSED] - tap(findTestObject("Wound Management/Unlock wound/android.widget.TextView - Unlock wound"), 30): Tapped on element 'Object Repository/Wound Management/Unlock wound/android.widget.TextView - Unlock wound'

2023-08-17 10:44:05 - [MESSAGE][PASSED] - Tapped on element 'Object Repository/Wound Management/Unlock wound/android.widget.TextView - Unlock wound'

2023-08-17 10:44:05 - [TEST_STEP][PASSED] - pressBack(): Press back button successfully

2023-08-17 10:44:07 - [MESSAGE][PASSED] - Press back button successfully

2023-08-17 10:44:07 - [TEST_STEP][PASSED] - verifyElementExist(findTestObject("Object Repository/Wound Management/Unlock wound/android.view.ViewGroup - wound"), 30): Element 'Object Repository/Wound Management/Unlock wound/android.view.ViewGroup - wound' is exist

2023-08-17 10:44:08 - [MESSAGE][PASSED] - Element 'Object Repository/Wound Management/Unlock wound/android.view.ViewGroup - wound' is exist

2023-08-17 10:44:08 - [TEST_STEP][PASSED] - pressBack(): Press back button successfully

2023-08-17 10:44:08 - [MESSAGE][PASSED] - Press back button successfully

2023-08-17 10:44:08 - [TEST_STEP][PASSED] - tap(findTestObject("Object Repository/Wound Management/Unlock wound/android.widget.ImageView - x"), 30): Tapped on element 'Object Repository/Wound Management/Unlock wound/android.widget.ImageView - x'

2023-08-17 10:44:09 - [MESSAGE][PASSED] - Tapped on element 'Object Repository/Wound Management/Unlock wound/android.widget.ImageView - x']]></system-out>
         <system-err><![CDATA[]]></system-err>
      </testcase>
      <testcase name="Test Cases/Wound Management/Wound List" time="31.058" classname="Test Cases/Wound Management/Wound List" status="FAILED">
         <failure type="FAILED" message="Test Cases/Wound Management/Wound List FAILED.
Reason:
com.kms.katalon.core.exception.StepFailedException: Object Object Repository/Wound Management/Wound List/android.widget.EditText - Search by Name, MRN not found
	at com.kms.katalon.core.keyword.internal.KeywordMain.stepFailed(KeywordMain.groovy:51)
	at com.kms.katalon.core.mobile.keyword.internal.MobileKeywordMain.stepFailed(MobileKeywordMain.groovy:40)
	at com.kms.katalon.core.mobile.keyword.builtin.SetTextKeyword$_setText_closure1.doCall(SetTextKeyword.groovy:76)
	at com.kms.katalon.core.mobile.keyword.builtin.SetTextKeyword$_setText_closure1.call(SetTextKeyword.groovy)
	at com.kms.katalon.core.mobile.keyword.internal.MobileKeywordMain.runKeyword(MobileKeywordMain.groovy:21)
	at com.kms.katalon.core.mobile.keyword.builtin.SetTextKeyword.setText(SetTextKeyword.groovy:83)
	at com.kms.katalon.core.mobile.keyword.builtin.SetTextKeyword.execute(SetTextKeyword.groovy:66)
	at com.kms.katalon.core.keyword.internal.KeywordExecutor.executeKeywordForPlatform(KeywordExecutor.groovy:74)
	at com.kms.katalon.core.mobile.keyword.MobileBuiltInKeywords.setText(MobileBuiltInKeywords.groovy:1307)
	at com.kms.katalon.core.mobile.keyword.MobileBuiltInKeywords$setText$0.call(Unknown Source)
	at Wound List.run(Wound List:20)
	at com.kms.katalon.core.main.ScriptEngine.run(ScriptEngine.java:194)
	at com.kms.katalon.core.main.ScriptEngine.runScriptAsRawText(ScriptEngine.java:119)
	at com.kms.katalon.core.main.TestCaseExecutor.runScript(TestCaseExecutor.java:448)
	at com.kms.katalon.core.main.TestCaseExecutor.doExecute(TestCaseExecutor.java:439)
	at com.kms.katalon.core.main.TestCaseExecutor.processExecutionPhase(TestCaseExecutor.java:418)
	at com.kms.katalon.core.main.TestCaseExecutor.accessMainPhase(TestCaseExecutor.java:410)
	at com.kms.katalon.core.main.TestCaseExecutor.execute(TestCaseExecutor.java:285)
	at com.kms.katalon.core.main.TestCaseExecutor.execute(TestCaseExecutor.java:369)
	at com.kms.katalon.core.main.TestCaseExecutor.execute(TestCaseExecutor.java:369)
	at com.kms.katalon.core.main.TestCaseExecutor.execute(TestCaseExecutor.java:369)
	at com.kms.katalon.core.common.CommonExecutor.accessTestCaseMainPhase(CommonExecutor.java:65)
	at com.kms.katalon.core.main.TestSuiteExecutor.accessTestSuiteMainPhase(TestSuiteExecutor.java:148)
	at com.kms.katalon.core.main.TestSuiteExecutor.execute(TestSuiteExecutor.java:106)
	at com.kms.katalon.core.main.TestCaseMain.startTestSuite(TestCaseMain.java:187)
	at com.kms.katalon.core.main.TestCaseMain$startTestSuite$0.call(Unknown Source)
	at TempTestSuite1692268049938.run(TempTestSuite1692268049938.groovy:36)
"/>
         <system-out><![CDATA[2023-08-17 10:45:57 - [TEST_CASE][FAILED] - Test Cases/Wound Management/Wound List: Test Cases/Wound Management/Wound List FAILED.
Reason:
com.kms.katalon.core.exception.StepFailedException: Object Object Repository/Wound Management/Wound List/android.widget.EditText - Search by Name, MRN not found
	at com.kms.katalon.core.keyword.internal.KeywordMain.stepFailed(KeywordMain.groovy:51)
	at com.kms.katalon.core.mobile.keyword.internal.MobileKeywordMain.stepFailed(MobileKeywordMain.groovy:40)
	at com.kms.katalon.core.mobile.keyword.builtin.SetTextKeyword$_setText_closure1.doCall(SetTextKeyword.groovy:76)
	at com.kms.katalon.core.mobile.keyword.builtin.SetTextKeyword$_setText_closure1.call(SetTextKeyword.groovy)
	at com.kms.katalon.core.mobile.keyword.internal.MobileKeywordMain.runKeyword(MobileKeywordMain.groovy:21)
	at com.kms.katalon.core.mobile.keyword.builtin.SetTextKeyword.setText(SetTextKeyword.groovy:83)
	at com.kms.katalon.core.mobile.keyword.builtin.SetTextKeyword.execute(SetTextKeyword.groovy:66)
	at com.kms.katalon.core.keyword.internal.KeywordExecutor.executeKeywordForPlatform(KeywordExecutor.groovy:74)
	at com.kms.katalon.core.mobile.keyword.MobileBuiltInKeywords.setText(MobileBuiltInKeywords.groovy:1307)
	at com.kms.katalon.core.mobile.keyword.MobileBuiltInKeywords$setText$0.call(Unknown Source)
	at Wound List.run(Wound List:20)
	at com.kms.katalon.core.main.ScriptEngine.run(ScriptEngine.java:194)
	at com.kms.katalon.core.main.ScriptEngine.runScriptAsRawText(ScriptEngine.java:119)
	at com.kms.katalon.core.main.TestCaseExecutor.runScript(TestCaseExecutor.java:448)
	at com.kms.katalon.core.main.TestCaseExecutor.doExecute(TestCaseExecutor.java:439)
	at com.kms.katalon.core.main.TestCaseExecutor.processExecutionPhase(TestCaseExecutor.java:418)
	at com.kms.katalon.core.main.TestCaseExecutor.accessMainPhase(TestCaseExecutor.java:410)
	at com.kms.katalon.core.main.TestCaseExecutor.execute(TestCaseExecutor.java:285)
	at com.kms.katalon.core.main.TestCaseExecutor.execute(TestCaseExecutor.java:369)
	at com.kms.katalon.core.main.TestCaseExecutor.execute(TestCaseExecutor.java:369)
	at com.kms.katalon.core.main.TestCaseExecutor.execute(TestCaseExecutor.java:369)
	at com.kms.katalon.core.common.CommonExecutor.accessTestCaseMainPhase(CommonExecutor.java:65)
	at com.kms.katalon.core.main.TestSuiteExecutor.accessTestSuiteMainPhase(TestSuiteExecutor.java:148)
	at com.kms.katalon.core.main.TestSuiteExecutor.execute(TestSuiteExecutor.java:106)
	at com.kms.katalon.core.main.TestCaseMain.startTestSuite(TestCaseMain.java:187)
	at com.kms.katalon.core.main.TestCaseMain$startTestSuite$0.call(Unknown Source)
	at TempTestSuite1692268049938.run(TempTestSuite1692268049938.groovy:36)


2023-08-17 10:45:57 - [TEST_STEP][FAILED] - setText(findTestObject("Object Repository/Wound Management/Wound List/android.widget.EditText - Search by Name, MRN"), "92ui", 30): Failed to set text into element (Root cause: com.kms.katalon.core.exception.StepFailedException: Object Object Repository/Wound Management/Wound List/android.widget.EditText - Search by Name, MRN not found
	at com.kms.katalon.core.keyword.internal.KeywordMain.stepFailed(KeywordMain.groovy:51)
	at com.kms.katalon.core.mobile.keyword.internal.MobileKeywordMain.stepFailed(MobileKeywordMain.groovy:40)
	at com.kms.katalon.core.mobile.keyword.builtin.SetTextKeyword$_setText_closure1.doCall(SetTextKeyword.groovy:76)
	at com.kms.katalon.core.mobile.keyword.builtin.SetTextKeyword$_setText_closure1.call(SetTextKeyword.groovy)
	at com.kms.katalon.core.mobile.keyword.internal.MobileKeywordMain.runKeyword(MobileKeywordMain.groovy:21)
	at com.kms.katalon.core.mobile.keyword.builtin.SetTextKeyword.setText(SetTextKeyword.groovy:83)
	at com.kms.katalon.core.mobile.keyword.builtin.SetTextKeyword.execute(SetTextKeyword.groovy:66)
	at com.kms.katalon.core.keyword.internal.KeywordExecutor.executeKeywordForPlatform(KeywordExecutor.groovy:74)
	at com.kms.katalon.core.mobile.keyword.MobileBuiltInKeywords.setText(MobileBuiltInKeywords.groovy:1307)
	at com.kms.katalon.core.mobile.keyword.MobileBuiltInKeywords$setText$0.call(Unknown Source)
	at Wound List.run(Wound List:20)
	at com.kms.katalon.core.main.ScriptEngine.run(ScriptEngine.java:194)
	at com.kms.katalon.core.main.ScriptEngine.runScriptAsRawText(ScriptEngine.java:119)
	at com.kms.katalon.core.main.TestCaseExecutor.runScript(TestCaseExecutor.java:448)
	at com.kms.katalon.core.main.TestCaseExecutor.doExecute(TestCaseExecutor.java:439)
	at com.kms.katalon.core.main.TestCaseExecutor.processExecutionPhase(TestCaseExecutor.java:418)
	at com.kms.katalon.core.main.TestCaseExecutor.accessMainPhase(TestCaseExecutor.java:410)
	at com.kms.katalon.core.main.TestCaseExecutor.execute(TestCaseExecutor.java:285)
	at com.kms.katalon.core.main.TestCaseExecutor.execute(TestCaseExecutor.java:369)
	at com.kms.katalon.core.main.TestCaseExecutor.execute(TestCaseExecutor.java:369)
	at com.kms.katalon.core.main.TestCaseExecutor.execute(TestCaseExecutor.java:369)
	at com.kms.katalon.core.common.CommonExecutor.accessTestCaseMainPhase(CommonExecutor.java:65)
	at com.kms.katalon.core.main.TestSuiteExecutor.accessTestSuiteMainPhase(TestSuiteExecutor.java:148)
	at com.kms.katalon.core.main.TestSuiteExecutor.execute(TestSuiteExecutor.java:106)
	at com.kms.katalon.core.main.TestCaseMain.startTestSuite(TestCaseMain.java:187)
	at com.kms.katalon.core.main.TestCaseMain$startTestSuite$0.call(Unknown Source)
	at TempTestSuite1692268049938.run(TempTestSuite1692268049938.groovy:36)
)

2023-08-17 10:46:28 - [MESSAGE][FAILED] - Object Object Repository/Wound Management/Wound List/android.widget.EditText - Search by Name, MRN not found

2023-08-17 10:46:28 - [MESSAGE][FAILED] - Failed to set text into element (Root cause: com.kms.katalon.core.exception.StepFailedException: Object Object Repository/Wound Management/Wound List/android.widget.EditText - Search by Name, MRN not found
	at com.kms.katalon.core.keyword.internal.KeywordMain.stepFailed(KeywordMain.groovy:51)
	at com.kms.katalon.core.mobile.keyword.internal.MobileKeywordMain.stepFailed(MobileKeywordMain.groovy:40)
	at com.kms.katalon.core.mobile.keyword.builtin.SetTextKeyword$_setText_closure1.doCall(SetTextKeyword.groovy:76)
	at com.kms.katalon.core.mobile.keyword.builtin.SetTextKeyword$_setText_closure1.call(SetTextKeyword.groovy)
	at com.kms.katalon.core.mobile.keyword.internal.MobileKeywordMain.runKeyword(MobileKeywordMain.groovy:21)
	at com.kms.katalon.core.mobile.keyword.builtin.SetTextKeyword.setText(SetTextKeyword.groovy:83)
	at com.kms.katalon.core.mobile.keyword.builtin.SetTextKeyword.execute(SetTextKeyword.groovy:66)
	at com.kms.katalon.core.keyword.internal.KeywordExecutor.executeKeywordForPlatform(KeywordExecutor.groovy:74)
	at com.kms.katalon.core.mobile.keyword.MobileBuiltInKeywords.setText(MobileBuiltInKeywords.groovy:1307)
	at com.kms.katalon.core.mobile.keyword.MobileBuiltInKeywords$setText$0.call(Unknown Source)
	at Wound List.run(Wound List:20)
	at com.kms.katalon.core.main.ScriptEngine.run(ScriptEngine.java:194)
	at com.kms.katalon.core.main.ScriptEngine.runScriptAsRawText(ScriptEngine.java:119)
	at com.kms.katalon.core.main.TestCaseExecutor.runScript(TestCaseExecutor.java:448)
	at com.kms.katalon.core.main.TestCaseExecutor.doExecute(TestCaseExecutor.java:439)
	at com.kms.katalon.core.main.TestCaseExecutor.processExecutionPhase(TestCaseExecutor.java:418)
	at com.kms.katalon.core.main.TestCaseExecutor.accessMainPhase(TestCaseExecutor.java:410)
	at com.kms.katalon.core.main.TestCaseExecutor.execute(TestCaseExecutor.java:285)
	at com.kms.katalon.core.main.TestCaseExecutor.execute(TestCaseExecutor.java:369)
	at com.kms.katalon.core.main.TestCaseExecutor.execute(TestCaseExecutor.java:369)
	at com.kms.katalon.core.main.TestCaseExecutor.execute(TestCaseExecutor.java:369)
	at com.kms.katalon.core.common.CommonExecutor.accessTestCaseMainPhase(CommonExecutor.java:65)
	at com.kms.katalon.core.main.TestSuiteExecutor.accessTestSuiteMainPhase(TestSuiteExecutor.java:148)
	at com.kms.katalon.core.main.TestSuiteExecutor.execute(TestSuiteExecutor.java:106)
	at com.kms.katalon.core.main.TestCaseMain.startTestSuite(TestCaseMain.java:187)
	at com.kms.katalon.core.main.TestCaseMain$startTestSuite$0.call(Unknown Source)
	at TempTestSuite1692268049938.run(TempTestSuite1692268049938.groovy:36)
)
[[ATTACHMENT|C:\\Users\\Amarir\\git\\IS_Katalon_Lite_Version\\Reports\\20230817_102719\\Wound Management\\20230817_102729\\1692269188019.png]]]]></system-out>
         <system-err><![CDATA[2023-08-17 10:45:57 - [TEST_CASE][FAILED] - Test Cases/Wound Management/Wound List: Test Cases/Wound Management/Wound List FAILED.
Reason:
com.kms.katalon.core.exception.StepFailedException: Object Object Repository/Wound Management/Wound List/android.widget.EditText - Search by Name, MRN not found
	at com.kms.katalon.core.keyword.internal.KeywordMain.stepFailed(KeywordMain.groovy:51)
	at com.kms.katalon.core.mobile.keyword.internal.MobileKeywordMain.stepFailed(MobileKeywordMain.groovy:40)
	at com.kms.katalon.core.mobile.keyword.builtin.SetTextKeyword$_setText_closure1.doCall(SetTextKeyword.groovy:76)
	at com.kms.katalon.core.mobile.keyword.builtin.SetTextKeyword$_setText_closure1.call(SetTextKeyword.groovy)
	at com.kms.katalon.core.mobile.keyword.internal.MobileKeywordMain.runKeyword(MobileKeywordMain.groovy:21)
	at com.kms.katalon.core.mobile.keyword.builtin.SetTextKeyword.setText(SetTextKeyword.groovy:83)
	at com.kms.katalon.core.mobile.keyword.builtin.SetTextKeyword.execute(SetTextKeyword.groovy:66)
	at com.kms.katalon.core.keyword.internal.KeywordExecutor.executeKeywordForPlatform(KeywordExecutor.groovy:74)
	at com.kms.katalon.core.mobile.keyword.MobileBuiltInKeywords.setText(MobileBuiltInKeywords.groovy:1307)
	at com.kms.katalon.core.mobile.keyword.MobileBuiltInKeywords$setText$0.call(Unknown Source)
	at Wound List.run(Wound List:20)
	at com.kms.katalon.core.main.ScriptEngine.run(ScriptEngine.java:194)
	at com.kms.katalon.core.main.ScriptEngine.runScriptAsRawText(ScriptEngine.java:119)
	at com.kms.katalon.core.main.TestCaseExecutor.runScript(TestCaseExecutor.java:448)
	at com.kms.katalon.core.main.TestCaseExecutor.doExecute(TestCaseExecutor.java:439)
	at com.kms.katalon.core.main.TestCaseExecutor.processExecutionPhase(TestCaseExecutor.java:418)
	at com.kms.katalon.core.main.TestCaseExecutor.accessMainPhase(TestCaseExecutor.java:410)
	at com.kms.katalon.core.main.TestCaseExecutor.execute(TestCaseExecutor.java:285)
	at com.kms.katalon.core.main.TestCaseExecutor.execute(TestCaseExecutor.java:369)
	at com.kms.katalon.core.main.TestCaseExecutor.execute(TestCaseExecutor.java:369)
	at com.kms.katalon.core.main.TestCaseExecutor.execute(TestCaseExecutor.java:369)
	at com.kms.katalon.core.common.CommonExecutor.accessTestCaseMainPhase(CommonExecutor.java:65)
	at com.kms.katalon.core.main.TestSuiteExecutor.accessTestSuiteMainPhase(TestSuiteExecutor.java:148)
	at com.kms.katalon.core.main.TestSuiteExecutor.execute(TestSuiteExecutor.java:106)
	at com.kms.katalon.core.main.TestCaseMain.startTestSuite(TestCaseMain.java:187)
	at com.kms.katalon.core.main.TestCaseMain$startTestSuite$0.call(Unknown Source)
	at TempTestSuite1692268049938.run(TempTestSuite1692268049938.groovy:36)]]></system-err>
      </testcase>
      <testcase name="Test Cases/Wound Management/Wound Summary" time="13.886" classname="Test Cases/Wound Management/Wound Summary" status="PASSED">
         <system-out><![CDATA[2023-08-17 10:46:28 - [TEST_CASE][PASSED] - Test Cases/Wound Management/Wound Summary: Test Cases/Wound Management/Wound Summary

2023-08-17 10:46:30 - [TEST_STEP][PASSED] - tap(findTestObject("Object Repository/Wound Management/Wound Summary/android.view.ViewGroup - wound1"), 30): Tapped on element 'Object Repository/Wound Management/Wound Summary/android.view.ViewGroup - wound1'

2023-08-17 10:46:30 - [MESSAGE][PASSED] - Tapped on element 'Object Repository/Wound Management/Wound Summary/android.view.ViewGroup - wound1'

2023-08-17 10:46:30 - [TEST_STEP][PASSED] - verifyElementText(findTestObject("Object Repository/Wound Management/Wound Summary/android.widget.TextView - Wound, List"), "Wound, List"): Actual text and expected text of test object 'Object Repository/Wound Management/Wound Summary/android.widget.TextView - Wound, List' are matched.

2023-08-17 10:46:33 - [MESSAGE][PASSED] - Actual text and expected text of test object 'Object Repository/Wound Management/Wound Summary/android.widget.TextView - Wound, List' are matched.

2023-08-17 10:46:33 - [TEST_STEP][PASSED] - verifyElementText(findTestObject("Object Repository/Wound Management/Wound Summary/android.widget.TextView - Wound 1 Trauma"), "Wound 1: Trauma"): Actual text and expected text of test object 'Object Repository/Wound Management/Wound Summary/android.widget.TextView - Wound 1 Trauma' are matched.

2023-08-17 10:46:33 - [MESSAGE][PASSED] - Actual text and expected text of test object 'Object Repository/Wound Management/Wound Summary/android.widget.TextView - Wound 1 Trauma' are matched.

2023-08-17 10:46:33 - [TEST_STEP][PASSED] - verifyElementText(findTestObject("Object Repository/Wound Management/Wound Summary/android.widget.TextView - Active"), "Active"): Actual text and expected text of test object 'Object Repository/Wound Management/Wound Summary/android.widget.TextView - Active' are matched.

2023-08-17 10:46:34 - [MESSAGE][PASSED] - Actual text and expected text of test object 'Object Repository/Wound Management/Wound Summary/android.widget.TextView - Active' are matched.

2023-08-17 10:46:34 - [TEST_STEP][PASSED] - verifyElementText(findTestObject("Object Repository/Wound Management/Wound Summary/android.widget.TextView - 14082023"), "14/08/2023"): Actual text and expected text of test object 'Object Repository/Wound Management/Wound Summary/android.widget.TextView - 14082023' are matched.

2023-08-17 10:46:34 - [MESSAGE][PASSED] - Actual text and expected text of test object 'Object Repository/Wound Management/Wound Summary/android.widget.TextView - 14082023' are matched.

2023-08-17 10:46:34 - [TEST_STEP][PASSED] - verifyElementText(findTestObject("Object Repository/Wound Management/Wound Summary/android.widget.TextView - HeadNeck, Front"), "Head/Neck, Front"): Actual text and expected text of test object 'Object Repository/Wound Management/Wound Summary/android.widget.TextView - HeadNeck, Front' are matched.

2023-08-17 10:46:35 - [MESSAGE][PASSED] - Actual text and expected text of test object 'Object Repository/Wound Management/Wound Summary/android.widget.TextView - HeadNeck, Front' are matched.

2023-08-17 10:46:35 - [TEST_STEP][PASSED] - verifyElementText(findTestObject("Object Repository/Wound Management/Wound Summary/android.widget.TextView - Test description"), "Test description"): Actual text and expected text of test object 'Object Repository/Wound Management/Wound Summary/android.widget.TextView - Test description' are matched.

2023-08-17 10:46:36 - [MESSAGE][PASSED] - Actual text and expected text of test object 'Object Repository/Wound Management/Wound Summary/android.widget.TextView - Test description' are matched.

2023-08-17 10:46:36 - [TEST_STEP][PASSED] - verifyElementText(findTestObject("Object Repository/Wound Management/Wound Summary/android.widget.TextView - 3D"), "3D"): Actual text and expected text of test object 'Object Repository/Wound Management/Wound Summary/android.widget.TextView - 3D' are matched.

2023-08-17 10:46:37 - [MESSAGE][PASSED] - Actual text and expected text of test object 'Object Repository/Wound Management/Wound Summary/android.widget.TextView - 3D' are matched.

2023-08-17 10:46:37 - [TEST_STEP][PASSED] - verifyElementExist(findTestObject("Object Repository/Wound Management/Wound Summary/android.view.ViewGroup"), 30): Element 'Object Repository/Wound Management/Wound Summary/android.view.ViewGroup' is exist

2023-08-17 10:46:37 - [MESSAGE][PASSED] - Element 'Object Repository/Wound Management/Wound Summary/android.view.ViewGroup' is exist

2023-08-17 10:46:37 - [TEST_STEP][PASSED] - verifyElementExist(findTestObject("Wound Management/Wound Summary/android.widget.ImageView"), 30): Element 'Object Repository/Wound Management/Wound Summary/android.widget.ImageView' is exist

2023-08-17 10:46:38 - [MESSAGE][PASSED] - Element 'Object Repository/Wound Management/Wound Summary/android.widget.ImageView' is exist

2023-08-17 10:46:38 - [TEST_STEP][PASSED] - verifyElementText(findTestObject("Object Repository/Wound Management/Wound Summary/android.widget.TextView - 3D (1)"), "3D"): Actual text and expected text of test object 'Object Repository/Wound Management/Wound Summary/android.widget.TextView - 3D (1)' are matched.

2023-08-17 10:46:38 - [MESSAGE][PASSED] - Actual text and expected text of test object 'Object Repository/Wound Management/Wound Summary/android.widget.TextView - 3D (1)' are matched.

2023-08-17 10:46:38 - [TEST_STEP][PASSED] - verifyElementText(findTestObject("Object Repository/Wound Management/Wound Summary/android.widget.TextView - WOUND SIZE"), "WOUND SIZE"): Actual text and expected text of test object 'Object Repository/Wound Management/Wound Summary/android.widget.TextView - WOUND SIZE' are matched.

2023-08-17 10:46:39 - [MESSAGE][PASSED] - Actual text and expected text of test object 'Object Repository/Wound Management/Wound Summary/android.widget.TextView - WOUND SIZE' are matched.

2023-08-17 10:46:39 - [TEST_STEP][PASSED] - verifyElementText(findTestObject("Object Repository/Wound Management/Wound Summary/android.widget.TextView - COLOR COMPOSITION"), "COLOR COMPOSITION"): Actual text and expected text of test object 'Object Repository/Wound Management/Wound Summary/android.widget.TextView - COLOR COMPOSITION' are matched.

2023-08-17 10:46:39 - [MESSAGE][PASSED] - Actual text and expected text of test object 'Object Repository/Wound Management/Wound Summary/android.widget.TextView - COLOR COMPOSITION' are matched.

2023-08-17 10:46:39 - [TEST_STEP][PASSED] - verifyElementExist(findTestObject("Hard to find elements/android.view.ViewGroup - Assessment"), 30): Element 'Object Repository/Hard to find elements/android.view.ViewGroup - Assessment' is exist

2023-08-17 10:46:39 - [MESSAGE][PASSED] - Element 'Object Repository/Hard to find elements/android.view.ViewGroup - Assessment' is exist

2023-08-17 10:46:39 - [TEST_STEP][PASSED] - verifyElementExist(findTestObject("Hard to find elements/android.view.ViewGroup - Treatement"), 30): Element 'Object Repository/Hard to find elements/android.view.ViewGroup - Treatement' is exist

2023-08-17 10:46:40 - [MESSAGE][PASSED] - Element 'Object Repository/Hard to find elements/android.view.ViewGroup - Treatement' is exist

2023-08-17 10:46:40 - [TEST_STEP][PASSED] - verifyElementExist(findTestObject("Hard to find elements/android.view.ViewGroup - Messaging"), 30): Element 'Object Repository/Hard to find elements/android.view.ViewGroup - Messaging' is exist

2023-08-17 10:46:40 - [MESSAGE][PASSED] - Element 'Object Repository/Hard to find elements/android.view.ViewGroup - Messaging' is exist

2023-08-17 10:46:40 - [TEST_STEP][PASSED] - pressBack(): Press back button successfully

2023-08-17 10:46:41 - [MESSAGE][PASSED] - Press back button successfully

2023-08-17 10:46:41 - [TEST_STEP][PASSED] - pressBack(): Press back button successfully

2023-08-17 10:46:41 - [MESSAGE][PASSED] - Press back button successfully

2023-08-17 10:46:41 - [TEST_STEP][PASSED] - tap(findTestObject("Object Repository/Wound Management/Unlock wound/android.widget.ImageView - x"), 30): Tapped on element 'Object Repository/Wound Management/Unlock wound/android.widget.ImageView - x'

2023-08-17 10:46:42 - [MESSAGE][PASSED] - Tapped on element 'Object Repository/Wound Management/Unlock wound/android.widget.ImageView - x']]></system-out>
         <system-err><![CDATA[]]></system-err>
      </testcase>
      <testcase name="Test Cases/Wound Management/Delete Wound" time="22.713" classname="Test Cases/Wound Management/Delete Wound" status="PASSED">
         <system-out><![CDATA[2023-08-17 10:46:42 - [TEST_CASE][PASSED] - Test Cases/Wound Management/Delete Wound: Test Cases/Wound Management/Delete Wound

2023-08-17 10:46:43 - [TEST_STEP][PASSED] - setText(findTestObject("Object Repository/Wound Management/Delete Wound/android.widget.EditText - Search by Name, MRN"), "91ui", 30): Text '91ui' has been set to element 'Object Repository/Wound Management/Delete Wound/android.widget.EditText - Search by Name, MRN'

2023-08-17 10:46:44 - [MESSAGE][PASSED] - Text '91ui' has been set to element 'Object Repository/Wound Management/Delete Wound/android.widget.EditText - Search by Name, MRN'

2023-08-17 10:46:44 - [TEST_STEP][PASSED] - tap(findTestObject("Object Repository/Wound Management/Delete Wound/android.widget.TextView - Current site"), 30): Tapped on element 'Object Repository/Wound Management/Delete Wound/android.widget.TextView - Current site'

2023-08-17 10:46:45 - [MESSAGE][PASSED] - Tapped on element 'Object Repository/Wound Management/Delete Wound/android.widget.TextView - Current site'

2023-08-17 10:46:45 - [TEST_STEP][PASSED] - tap(findTestObject("Object Repository/Wound Management/Delete Wound/android.widget.TextView - Current site (1)"), 30): Tapped on element 'Object Repository/Wound Management/Delete Wound/android.widget.TextView - Current site (1)'

2023-08-17 10:46:46 - [MESSAGE][PASSED] - Tapped on element 'Object Repository/Wound Management/Delete Wound/android.widget.TextView - Current site (1)'

2023-08-17 10:46:46 - [TEST_STEP][PASSED] - verifyElementExist(findTestObject("Object Repository/Wound Management/Delete Wound/android.view.ViewGroup - Patient"), 30): Element 'Object Repository/Wound Management/Delete Wound/android.view.ViewGroup - Patient' is exist

2023-08-17 10:46:47 - [MESSAGE][PASSED] - Element 'Object Repository/Wound Management/Delete Wound/android.view.ViewGroup - Patient' is exist

2023-08-17 10:46:47 - [TEST_STEP][PASSED] - tap(findTestObject("Object Repository/Wound Management/Delete Wound/android.view.ViewGroup - Patient"), 30): Tapped on element 'Object Repository/Wound Management/Delete Wound/android.view.ViewGroup - Patient'

2023-08-17 10:46:48 - [MESSAGE][PASSED] - Tapped on element 'Object Repository/Wound Management/Delete Wound/android.view.ViewGroup - Patient'

2023-08-17 10:46:48 - [TEST_STEP][PASSED] - verifyElementExist(findTestObject("Object Repository/Wound Management/Delete Wound/android.view.ViewGroup - wound"), 30): Element 'Object Repository/Wound Management/Delete Wound/android.view.ViewGroup - wound' is exist

2023-08-17 10:46:55 - [MESSAGE][PASSED] - Element 'Object Repository/Wound Management/Delete Wound/android.view.ViewGroup - wound' is exist

2023-08-17 10:46:55 - [TEST_STEP][PASSED] - tap(findTestObject("Object Repository/Wound Management/Delete Wound/android.view.ViewGroup - wound (1)"), 30): Tapped on element 'Object Repository/Wound Management/Delete Wound/android.view.ViewGroup - wound (1)'

2023-08-17 10:46:55 - [MESSAGE][PASSED] - Tapped on element 'Object Repository/Wound Management/Delete Wound/android.view.ViewGroup - wound (1)'

2023-08-17 10:46:55 - [TEST_STEP][PASSED] - verifyElementExist(findTestObject("Object Repository/Wound Management/Delete Wound/android.widget.ImageView - menu"), 30): Element 'Object Repository/Wound Management/Delete Wound/android.widget.ImageView - menu' is exist

2023-08-17 10:46:58 - [MESSAGE][PASSED] - Element 'Object Repository/Wound Management/Delete Wound/android.widget.ImageView - menu' is exist

2023-08-17 10:46:58 - [TEST_STEP][PASSED] - tap(findTestObject("Object Repository/Wound Management/Delete Wound/android.widget.ImageView - menu"), 30): Tapped on element 'Object Repository/Wound Management/Delete Wound/android.widget.ImageView - menu'

2023-08-17 10:46:59 - [MESSAGE][PASSED] - Tapped on element 'Object Repository/Wound Management/Delete Wound/android.widget.ImageView - menu'

2023-08-17 10:46:59 - [TEST_STEP][PASSED] - verifyElementText(findTestObject("Object Repository/Wound Management/Delete Wound/android.widget.TextView - Delete wound"), "Delete wound"): Actual text and expected text of test object 'Object Repository/Wound Management/Delete Wound/android.widget.TextView - Delete wound' are matched.

2023-08-17 10:47:00 - [MESSAGE][PASSED] - Actual text and expected text of test object 'Object Repository/Wound Management/Delete Wound/android.widget.TextView - Delete wound' are matched.

2023-08-17 10:47:00 - [TEST_STEP][PASSED] - tap(findTestObject("Wound Management/Delete Wound/android.widget.TextView - Delete wound"), 30): Tapped on element 'Object Repository/Wound Management/Delete Wound/android.widget.TextView - Delete wound'

2023-08-17 10:47:00 - [MESSAGE][PASSED] - Tapped on element 'Object Repository/Wound Management/Delete Wound/android.widget.TextView - Delete wound'

2023-08-17 10:47:00 - [TEST_STEP][PASSED] - verifyElementText(findTestObject("Object Repository/Wound Management/Delete Wound/android.widget.TextView - Delete the selected wound All data, including all images and measurements, will be erased"), "Delete the selected wound? All data, including all images and measurements, will be erased."): Actual text and expected text of test object 'Object Repository/Wound Management/Delete Wound/android.widget.TextView - Delete the selected wound All data, including all images and measurements, will be erased' are matched.

2023-08-17 10:47:01 - [MESSAGE][PASSED] - Actual text and expected text of test object 'Object Repository/Wound Management/Delete Wound/android.widget.TextView - Delete the selected wound All data, including all images and measurements, will be erased' are matched.

2023-08-17 10:47:01 - [TEST_STEP][PASSED] - verifyElementText(findTestObject("Object Repository/Wound Management/Delete Wound/android.widget.Button - CANCEL"), "CANCEL"): Actual text and expected text of test object 'Object Repository/Wound Management/Delete Wound/android.widget.Button - CANCEL' are matched.

2023-08-17 10:47:02 - [MESSAGE][PASSED] - Actual text and expected text of test object 'Object Repository/Wound Management/Delete Wound/android.widget.Button - CANCEL' are matched.

2023-08-17 10:47:02 - [TEST_STEP][PASSED] - verifyElementExist(findTestObject("Object Repository/Wound Management/Delete Wound/android.widget.Button - CONFIRM"), 30): Element 'Object Repository/Wound Management/Delete Wound/android.widget.Button - CONFIRM' is exist

2023-08-17 10:47:02 - [MESSAGE][PASSED] - Element 'Object Repository/Wound Management/Delete Wound/android.widget.Button - CONFIRM' is exist

2023-08-17 10:47:02 - [TEST_STEP][PASSED] - tap(findTestObject("Wound Management/Delete Wound/android.widget.Button - CONFIRM"), 30): Tapped on element 'Object Repository/Wound Management/Delete Wound/android.widget.Button - CONFIRM'

2023-08-17 10:47:02 - [MESSAGE][PASSED] - Tapped on element 'Object Repository/Wound Management/Delete Wound/android.widget.Button - CONFIRM'

2023-08-17 10:47:02 - [TEST_STEP][PASSED] - verifyElementText(findTestObject("Object Repository/Wound Management/Delete Wound/android.widget.TextView - Click  above to add a wound"), "Click "+" above to add a wound"): Actual text and expected text of test object 'Object Repository/Wound Management/Delete Wound/android.widget.TextView - Click  above to add a wound' are matched.

2023-08-17 10:47:04 - [MESSAGE][PASSED] - Actual text and expected text of test object 'Object Repository/Wound Management/Delete Wound/android.widget.TextView - Click  above to add a wound' are matched.

2023-08-17 10:47:04 - [TEST_STEP][PASSED] - pressBack(): Press back button successfully

2023-08-17 10:47:04 - [MESSAGE][PASSED] - Press back button successfully

2023-08-17 10:47:04 - [TEST_STEP][PASSED] - tap(findTestObject("Object Repository/Wound Management/Delete Wound/android.widget.ImageView - x"), 30): Tapped on element 'Object Repository/Wound Management/Delete Wound/android.widget.ImageView - x'

2023-08-17 10:47:05 - [MESSAGE][PASSED] - Tapped on element 'Object Repository/Wound Management/Delete Wound/android.widget.ImageView - x']]></system-out>
         <system-err><![CDATA[]]></system-err>
      </testcase>
      <system-out><![CDATA[2023-08-17 10:41:48 - [TEST_SUITE][FAILED] - Wound Management: Test Cases/Wound Management/Wound List FAILED.
Reason:
com.kms.katalon.core.exception.StepFailedException: Verify element text of test object 'Object Repository/Wound Management/Wound List/android.widget.TextView - Wound 3 Pressure Injury (1)' FAILED. (Root cause: org.openqa.selenium.WebDriverException: java.net.SocketTimeoutException: timeout
Build info: version: '3.141.59', revision: 'e82be7d358', time: '2018-11-14T08:25:53'
System info: host: 'DESKTOP-EE3F8H4', ip: '192.168.234.1', os.name: 'Windows 10', os.arch: 'amd64', os.version: '10.0', java.version: '1.8.0_362'
Driver info: driver.version: SwipeableAndroidDriver
	at io.appium.java_client.remote.AppiumCommandExecutor.execute(AppiumCommandExecutor.java:254)
	at org.openqa.selenium.remote.RemoteWebDriver.execute(RemoteWebDriver.java:552)
	at io.appium.java_client.DefaultGenericMobileDriver.execute(DefaultGenericMobileDriver.java:42)
	at io.appium.java_client.AppiumDriver.execute(AppiumDriver.java:1)
	at io.appium.java_client.android.AndroidDriver.execute(AndroidDriver.java:1)
	at com.kms.katalon.core.appium.driver.SwipeableAndroidDriver.execute(SwipeableAndroidDriver.java:1)
	at org.openqa.selenium.remote.RemoteWebElement.execute(RemoteWebElement.java:285)
	at io.appium.java_client.DefaultGenericMobileElement.execute(DefaultGenericMobileElement.java:45)
	at io.appium.java_client.MobileElement.execute(MobileElement.java:1)
	at io.appium.java_client.android.AndroidElement.execute(AndroidElement.java:1)
	at org.openqa.selenium.remote.RemoteWebElement.getLocation(RemoteWebElement.java:337)
	at org.openqa.selenium.WebElement$getLocation.call(Unknown Source)
	at com.kms.katalon.core.mobile.keyword.internal.MobileAbstractKeyword.findElement(MobileAbstractKeyword.groovy:86)
	at com.kms.katalon.core.mobile.keyword.builtin.VerifyElementTextKeyword.access$1(VerifyElementTextKeyword.groovy)
	at com.kms.katalon.core.mobile.keyword.builtin.VerifyElementTextKeyword$_verifyElementText_closure1.doCall(VerifyElementTextKeyword.groovy:47)
	at com.kms.katalon.core.mobile.keyword.builtin.VerifyElementTextKeyword$_verifyElementText_closure1.call(VerifyElementTextKeyword.groovy)
	at com.kms.katalon.core.mobile.keyword.internal.MobileKeywordMain.runKeyword(MobileKeywordMain.groovy:21)
	at com.kms.katalon.core.mobile.keyword.builtin.VerifyElementTextKeyword.verifyElementText(VerifyElementTextKeyword.groovy:62)
	at com.kms.katalon.core.mobile.keyword.builtin.VerifyElementTextKeyword.execute(VerifyElementTextKeyword.groovy:39)
	at com.kms.katalon.core.keyword.internal.KeywordExecutor.executeKeywordForPlatform(KeywordExecutor.groovy:74)
	at com.kms.katalon.core.mobile.keyword.MobileBuiltInKeywords.verifyElementText(MobileBuiltInKeywords.groovy:2901)
	at com.kms.katalon.core.mobile.keyword.MobileBuiltInKeywords$verifyElementText$4.call(Unknown Source)
	at Wound List.run(Wound List:72)
	at com.kms.katalon.core.main.ScriptEngine.run(ScriptEngine.java:194)
	at com.kms.katalon.core.main.ScriptEngine.runScriptAsRawText(ScriptEngine.java:119)
	at com.kms.katalon.core.main.TestCaseExecutor.runScript(TestCaseExecutor.java:448)
	at com.kms.katalon.core.main.TestCaseExecutor.doExecute(TestCaseExecutor.java:439)
	at com.kms.katalon.core.main.TestCaseExecutor.processExecutionPhase(TestCaseExecutor.java:418)
	at com.kms.katalon.core.main.TestCaseExecutor.accessMainPhase(TestCaseExecutor.java:410)
	at com.kms.katalon.core.main.TestCaseExecutor.execute(TestCaseExecutor.java:285)
	at com.kms.katalon.core.common.CommonExecutor.accessTestCaseMainPhase(CommonExecutor.java:65)
	at com.kms.katalon.core.main.TestSuiteExecutor.accessTestSuiteMainPhase(TestSuiteExecutor.java:148)
	at com.kms.katalon.core.main.TestSuiteExecutor.execute(TestSuiteExecutor.java:106)
	at com.kms.katalon.core.main.TestCaseMain.startTestSuite(TestCaseMain.java:187)
	at com.kms.katalon.core.main.TestCaseMain$startTestSuite$0.call(Unknown Source)
	at TempTestSuite1692268049938.run(TempTestSuite1692268049938.groovy:36)
Caused by: java.net.SocketTimeoutException: timeout
	at okio.Okio$4.newTimeoutException(Okio.java:232)
	at okio.AsyncTimeout.exit(AsyncTimeout.java:285)
	at okio.AsyncTimeout$1.write(AsyncTimeout.java:184)
	at okio.RealBufferedSink.flush(RealBufferedSink.java:224)
	at okhttp3.internal.http1.Http1Codec.finishRequest(Http1Codec.java:166)
	at okhttp3.internal.http.CallServerInterceptor.intercept(CallServerInterceptor.java:84)
	at okhttp3.internal.http.RealInterceptorChain.proceed(RealInterceptorChain.java:147)
	at okhttp3.internal.http.RealInterceptorChain.proceed(RealInterceptorChain.java:121)
	at org.openqa.selenium.remote.internal.OkHttpClient$Factory$1.lambda$createClient$1(OkHttpClient.java:152)
	at okhttp3.internal.http.RealInterceptorChain.proceed(RealInterceptorChain.java:147)
	at okhttp3.internal.connection.ConnectInterceptor.intercept(ConnectInterceptor.java:45)
	at okhttp3.internal.http.RealInterceptorChain.proceed(RealInterceptorChain.java:147)
	at okhttp3.internal.http.RealInterceptorChain.proceed(RealInterceptorChain.java:121)
	at okhttp3.internal.cache.CacheInterceptor.intercept(CacheInterceptor.java:93)
	at okhttp3.internal.http.RealInterceptorChain.proceed(RealInterceptorChain.java:147)
	at okhttp3.internal.http.RealInterceptorChain.proceed(RealInterceptorChain.java:121)
	at okhttp3.internal.http.BridgeInterceptor.intercept(BridgeInterceptor.java:93)
	at okhttp3.internal.http.RealInterceptorChain.proceed(RealInterceptorChain.java:147)
	at okhttp3.internal.http.RetryAndFollowUpInterceptor.intercept(RetryAndFollowUpInterceptor.java:126)
	at okhttp3.internal.http.RealInterceptorChain.proceed(RealInterceptorChain.java:147)
	at okhttp3.internal.http.RealInterceptorChain.proceed(RealInterceptorChain.java:121)
	at okhttp3.RealCall.getResponseWithInterceptorChain(RealCall.java:200)
	at okhttp3.RealCall.execute(RealCall.java:77)
	at org.openqa.selenium.remote.internal.OkHttpClient.execute(OkHttpClient.java:103)
	at org.openqa.selenium.remote.HttpCommandExecutor.execute(HttpCommandExecutor.java:155)
	at io.appium.java_client.remote.AppiumCommandExecutor.execute(AppiumCommandExecutor.java:239)
	at org.openqa.selenium.remote.RemoteWebDriver.execute(RemoteWebDriver.java:552)
	at io.appium.java_client.DefaultGenericMobileDriver.execute(DefaultGenericMobileDriver.java:42)
	at io.appium.java_client.AppiumDriver.execute(AppiumDriver.java:1)
	at io.appium.java_client.android.AndroidDriver.execute(AndroidDriver.java:1)
	at com.kms.katalon.core.appium.driver.SwipeableAndroidDriver.execute(SwipeableAndroidDriver.java:1)
	at org.openqa.selenium.remote.RemoteWebElement.execute(RemoteWebElement.java:285)
	at io.appium.java_client.DefaultGenericMobileElement.execute(DefaultGenericMobileElement.java:45)
	at io.appium.java_client.MobileElement.execute(MobileElement.java:1)
	at io.appium.java_client.android.AndroidElement.execute(AndroidElement.java:1)
	at org.openqa.selenium.remote.RemoteWebElement.getLocation(RemoteWebElement.java:337)
	at org.openqa.selenium.WebElement$getLocation.call(Unknown Source)
	at com.kms.katalon.core.mobile.keyword.internal.MobileAbstractKeyword.findElement(MobileAbstractKeyword.groovy:86)
	at com.kms.katalon.core.mobile.keyword.builtin.VerifyElementTextKeyword.access$1(VerifyElementTextKeyword.groovy)
	at com.kms.katalon.core.mobile.keyword.builtin.VerifyElementTextKeyword$_verifyElementText_closure1.doCall(VerifyElementTextKeyword.groovy:47)
	at com.kms.katalon.core.mobile.keyword.builtin.VerifyElementTextKeyword$_verifyElementText_closure1.call(VerifyElementTextKeyword.groovy)
	at com.kms.katalon.core.mobile.keyword.internal.MobileKeywordMain.runKeyword(MobileKeywordMain.groovy:21)
	at com.kms.katalon.core.mobile.keyword.builtin.VerifyElementTextKeyword.verifyElementText(VerifyElementTextKeyword.groovy:62)
	at com.kms.katalon.core.mobile.keyword.builtin.VerifyElementTextKeyword.execute(VerifyElementTextKeyword.groovy:39)
	at com.kms.katalon.core.keyword.internal.KeywordExecutor.executeKeywordForPlatform(KeywordExecutor.groovy:74)
	at com.kms.katalon.core.mobile.keyword.MobileBuiltInKeywords.verifyElementText(MobileBuiltInKeywords.groovy:2901)
	at com.kms.katalon.core.mobile.keyword.MobileBuiltInKeywords$verifyElementText$4.call(Unknown Source)
	at Script1690362225853.run(Script1690362225853.groovy:72)
	... 13 more
Caused by: java.net.SocketException: Socket closed
	at okio.Okio$1.write(Okio.java:79)
	at okio.AsyncTimeout$1.write(AsyncTimeout.java:180)
	... 58 more
)
	at com.kms.katalon.core.keyword.internal.KeywordMain.stepFailed(KeywordMain.groovy:51)
	at com.kms.katalon.core.mobile.keyword.internal.MobileKeywordMain.stepFailed(MobileKeywordMain.groovy:40)
	at com.kms.katalon.core.mobile.keyword.internal.MobileKeywordMain.runKeyword(MobileKeywordMain.groovy:23)
	at com.kms.katalon.core.mobile.keyword.builtin.VerifyElementTextKeyword.verifyElementText(VerifyElementTextKeyword.groovy:62)
	at com.kms.katalon.core.mobile.keyword.builtin.VerifyElementTextKeyword.execute(VerifyElementTextKeyword.groovy:39)
	at com.kms.katalon.core.keyword.internal.KeywordExecutor.executeKeywordForPlatform(KeywordExecutor.groovy:74)
	at com.kms.katalon.core.mobile.keyword.MobileBuiltInKeywords.verifyElementText(MobileBuiltInKeywords.groovy:2901)
	at com.kms.katalon.core.mobile.keyword.MobileBuiltInKeywords$verifyElementText$4.call(Unknown Source)
	at Wound List.run(Wound List:72)
	at com.kms.katalon.core.main.ScriptEngine.run(ScriptEngine.java:194)
	at com.kms.katalon.core.main.ScriptEngine.runScriptAsRawText(ScriptEngine.java:119)
	at com.kms.katalon.core.main.TestCaseExecutor.runScript(TestCaseExecutor.java:448)
	at com.kms.katalon.core.main.TestCaseExecutor.doExecute(TestCaseExecutor.java:439)
	at com.kms.katalon.core.main.TestCaseExecutor.processExecutionPhase(TestCaseExecutor.java:418)
	at com.kms.katalon.core.main.TestCaseExecutor.accessMainPhase(TestCaseExecutor.java:410)
	at com.kms.katalon.core.main.TestCaseExecutor.execute(TestCaseExecutor.java:285)
	at com.kms.katalon.core.common.CommonExecutor.accessTestCaseMainPhase(CommonExecutor.java:65)
	at com.kms.katalon.core.main.TestSuiteExecutor.accessTestSuiteMainPhase(TestSuiteExecutor.java:148)
	at com.kms.katalon.core.main.TestSuiteExecutor.execute(TestSuiteExecutor.java:106)
	at com.kms.katalon.core.main.TestCaseMain.startTestSuite(TestCaseMain.java:187)
	at com.kms.katalon.core.main.TestCaseMain$startTestSuite$0.call(Unknown Source)
	at TempTestSuite1692268049938.run(TempTestSuite1692268049938.groovy:36)
Caused by: org.openqa.selenium.WebDriverException: java.net.SocketTimeoutException: timeout
Build info: version: '3.141.59', revision: 'e82be7d358', time: '2018-11-14T08:25:53'
System info: host: 'DESKTOP-EE3F8H4', ip: '192.168.234.1', os.name: 'Windows 10', os.arch: 'amd64', os.version: '10.0', java.version: '1.8.0_362'
Driver info: driver.version: SwipeableAndroidDriver
	at io.appium.java_client.remote.AppiumCommandExecutor.execute(AppiumCommandExecutor.java:254)
	at org.openqa.selenium.remote.RemoteWebDriver.execute(RemoteWebDriver.java:552)
	at io.appium.java_client.DefaultGenericMobileDriver.execute(DefaultGenericMobileDriver.java:42)
	at io.appium.java_client.AppiumDriver.execute(AppiumDriver.java:1)
	at io.appium.java_client.android.AndroidDriver.execute(AndroidDriver.java:1)
	at com.kms.katalon.core.appium.driver.SwipeableAndroidDriver.execute(SwipeableAndroidDriver.java:1)
	at org.openqa.selenium.remote.RemoteWebElement.execute(RemoteWebElement.java:285)
	at io.appium.java_client.DefaultGenericMobileElement.execute(DefaultGenericMobileElement.java:45)
	at io.appium.java_client.MobileElement.execute(MobileElement.java:1)
	at io.appium.java_client.android.AndroidElement.execute(AndroidElement.java:1)
	at org.openqa.selenium.remote.RemoteWebElement.getLocation(RemoteWebElement.java:337)
	at org.openqa.selenium.WebElement$getLocation.call(Unknown Source)
	at com.kms.katalon.core.mobile.keyword.internal.MobileAbstractKeyword.findElement(MobileAbstractKeyword.groovy:86)
	at com.kms.katalon.core.mobile.keyword.builtin.VerifyElementTextKeyword.access$1(VerifyElementTextKeyword.groovy)
	at com.kms.katalon.core.mobile.keyword.builtin.VerifyElementTextKeyword$_verifyElementText_closure1.doCall(VerifyElementTextKeyword.groovy:47)
	at com.kms.katalon.core.mobile.keyword.builtin.VerifyElementTextKeyword$_verifyElementText_closure1.call(VerifyElementTextKeyword.groovy)
	at com.kms.katalon.core.mobile.keyword.internal.MobileKeywordMain.runKeyword(MobileKeywordMain.groovy:21)
	... 19 more
Caused by: java.net.SocketTimeoutException: timeout
	at okio.Okio$4.newTimeoutException(Okio.java:232)
	at okio.AsyncTimeout.exit(AsyncTimeout.java:285)
	at okio.AsyncTimeout$1.write(AsyncTimeout.java:184)
	at okio.RealBufferedSink.flush(RealBufferedSink.java:224)
	at okhttp3.internal.http1.Http1Codec.finishRequest(Http1Codec.java:166)
	at okhttp3.internal.http.CallServerInterceptor.intercept(CallServerInterceptor.java:84)
	at okhttp3.internal.http.RealInterceptorChain.proceed(RealInterceptorChain.java:147)
	at okhttp3.internal.http.RealInterceptorChain.proceed(RealInterceptorChain.java:121)
	at org.openqa.selenium.remote.internal.OkHttpClient$Factory$1.lambda$createClient$1(OkHttpClient.java:152)
	at okhttp3.internal.http.RealInterceptorChain.proceed(RealInterceptorChain.java:147)
	at okhttp3.internal.connection.ConnectInterceptor.intercept(ConnectInterceptor.java:45)
	at okhttp3.internal.http.RealInterceptorChain.proceed(RealInterceptorChain.java:147)
	at okhttp3.internal.http.RealInterceptorChain.proceed(RealInterceptorChain.java:121)
	at okhttp3.internal.cache.CacheInterceptor.intercept(CacheInterceptor.java:93)
	at okhttp3.internal.http.RealInterceptorChain.proceed(RealInterceptorChain.java:147)
	at okhttp3.internal.http.RealInterceptorChain.proceed(RealInterceptorChain.java:121)
	at okhttp3.internal.http.BridgeInterceptor.intercept(BridgeInterceptor.java:93)
	at okhttp3.internal.http.RealInterceptorChain.proceed(RealInterceptorChain.java:147)
	at okhttp3.internal.http.RetryAndFollowUpInterceptor.intercept(RetryAndFollowUpInterceptor.java:126)
	at okhttp3.internal.http.RealInterceptorChain.proceed(RealInterceptorChain.java:147)
	at okhttp3.internal.http.RealInterceptorChain.proceed(RealInterceptorChain.java:121)
	at okhttp3.RealCall.getResponseWithInterceptorChain(RealCall.java:200)
	at okhttp3.RealCall.execute(RealCall.java:77)
	at org.openqa.selenium.remote.internal.OkHttpClient.execute(OkHttpClient.java:103)
	at org.openqa.selenium.remote.HttpCommandExecutor.execute(HttpCommandExecutor.java:155)
	at io.appium.java_client.remote.AppiumCommandExecutor.execute(AppiumCommandExecutor.java:239)
	at org.openqa.selenium.remote.RemoteWebDriver.execute(RemoteWebDriver.java:552)
	at io.appium.java_client.DefaultGenericMobileDriver.execute(DefaultGenericMobileDriver.java:42)
	at io.appium.java_client.AppiumDriver.execute(AppiumDriver.java:1)
	at io.appium.java_client.android.AndroidDriver.execute(AndroidDriver.java:1)
	at com.kms.katalon.core.appium.driver.SwipeableAndroidDriver.execute(SwipeableAndroidDriver.java:1)
	at org.openqa.selenium.remote.RemoteWebElement.execute(RemoteWebElement.java:285)
	at io.appium.java_client.DefaultGenericMobileElement.execute(DefaultGenericMobileElement.java:45)
	at io.appium.java_client.MobileElement.execute(MobileElement.java:1)
	at io.appium.java_client.android.AndroidElement.execute(AndroidElement.java:1)
	at org.openqa.selenium.remote.RemoteWebElement.getLocation(RemoteWebElement.java:337)
	at org.openqa.selenium.WebElement$getLocation.call(Unknown Source)
	at com.kms.katalon.core.mobile.keyword.internal.MobileAbstractKeyword.findElement(MobileAbstractKeyword.groovy:86)
	at com.kms.katalon.core.mobile.keyword.builtin.VerifyElementTextKeyword.access$1(VerifyElementTextKeyword.groovy)
	at com.kms.katalon.core.mobile.keyword.builtin.VerifyElementTextKeyword$_verifyElementText_closure1.doCall(VerifyElementTextKeyword.groovy:47)
	at com.kms.katalon.core.mobile.keyword.builtin.VerifyElementTextKeyword$_verifyElementText_closure1.call(VerifyElementTextKeyword.groovy)
	at com.kms.katalon.core.mobile.keyword.internal.MobileKeywordMain.runKeyword(MobileKeywordMain.groovy:21)
	at com.kms.katalon.core.mobile.keyword.builtin.VerifyElementTextKeyword.verifyElementText(VerifyElementTextKeyword.groovy:62)
	at com.kms.katalon.core.mobile.keyword.builtin.VerifyElementTextKeyword.execute(VerifyElementTextKeyword.groovy:39)
	at com.kms.katalon.core.keyword.internal.KeywordExecutor.executeKeywordForPlatform(KeywordExecutor.groovy:74)
	at com.kms.katalon.core.mobile.keyword.MobileBuiltInKeywords.verifyElementText(MobileBuiltInKeywords.groovy:2901)
	at com.kms.katalon.core.mobile.keyword.MobileBuiltInKeywords$verifyElementText$4.call(Unknown Source)
	at Script1690362225853.run(Script1690362225853.groovy:72)
	... 13 more
Caused by: java.net.SocketException: Socket closed
	at okio.Okio$1.write(Okio.java:79)
	at okio.AsyncTimeout$1.write(AsyncTimeout.java:180)
	at okio.RealBufferedSink.flush(RealBufferedSink.java:224)
	at okhttp3.internal.http1.Http1Codec.finishRequest(Http1Codec.java:166)
	at okhttp3.internal.http.CallServerInterceptor.intercept(CallServerInterceptor.java:84)
	at okhttp3.internal.http.RealInterceptorChain.proceed(RealInterceptorChain.java:147)
	at okhttp3.internal.http.RealInterceptorChain.proceed(RealInterceptorChain.java:121)
	at org.openqa.selenium.remote.internal.OkHttpClient$Factory$1.lambda$createClient$1(OkHttpClient.java:152)
	at okhttp3.internal.http.RealInterceptorChain.proceed(RealInterceptorChain.java:147)
	at okhttp3.internal.connection.ConnectInterceptor.intercept(ConnectInterceptor.java:45)
	at okhttp3.internal.http.RealInterceptorChain.proceed(RealInterceptorChain.java:147)
	at okhttp3.internal.http.RealInterceptorChain.proceed(RealInterceptorChain.java:121)
	at okhttp3.internal.cache.CacheInterceptor.intercept(CacheInterceptor.java:93)
	at okhttp3.internal.http.RealInterceptorChain.proceed(RealInterceptorChain.java:147)
	at okhttp3.internal.http.RealInterceptorChain.proceed(RealInterceptorChain.java:121)
	at okhttp3.internal.http.BridgeInterceptor.intercept(BridgeInterceptor.java:93)
	at okhttp3.internal.http.RealInterceptorChain.proceed(RealInterceptorChain.java:147)
	at okhttp3.internal.http.RetryAndFollowUpInterceptor.intercept(RetryAndFollowUpInterceptor.java:126)
	at okhttp3.internal.http.RealInterceptorChain.proceed(RealInterceptorChain.java:147)
	at okhttp3.internal.http.RealInterceptorChain.proceed(RealInterceptorChain.java:121)
	at okhttp3.RealCall.getResponseWithInterceptorChain(RealCall.java:200)
	at okhttp3.RealCall.execute(RealCall.java:77)
	at org.openqa.selenium.remote.internal.OkHttpClient.execute(OkHttpClient.java:103)
	at org.openqa.selenium.remote.HttpCommandExecutor.execute(HttpCommandExecutor.java:155)
	at io.appium.java_client.remote.AppiumCommandExecutor.execute(AppiumCommandExecutor.java:239)
	at org.openqa.selenium.remote.RemoteWebDriver.execute(RemoteWebDriver.java:552)
	at io.appium.java_client.DefaultGenericMobileDriver.execute(DefaultGenericMobileDriver.java:42)
	at io.appium.java_client.AppiumDriver.execute(AppiumDriver.java:1)
	at io.appium.java_client.android.AndroidDriver.execute(AndroidDriver.java:1)
	at com.kms.katalon.core.appium.driver.SwipeableAndroidDriver.execute(SwipeableAndroidDriver.java:1)
	at org.openqa.selenium.remote.RemoteWebElement.execute(RemoteWebElement.java:285)
	at io.appium.java_client.DefaultGenericMobileElement.execute(DefaultGenericMobileElement.java:45)
	at io.appium.java_client.MobileElement.execute(MobileElement.java:1)
	at io.appium.java_client.android.AndroidElement.execute(AndroidElement.java:1)
	at org.openqa.selenium.remote.RemoteWebElement.getLocation(RemoteWebElement.java:337)
	at org.openqa.selenium.WebElement$getLocation.call(Unknown Source)
	at com.kms.katalon.core.mobile.keyword.internal.MobileAbstractKeyword.findElement(MobileAbstractKeyword.groovy:86)
	at com.kms.katalon.core.mobile.keyword.builtin.VerifyElementTextKeyword.access$1(VerifyElementTextKeyword.groovy)
	at com.kms.katalon.core.mobile.keyword.builtin.VerifyElementTextKeyword$_verifyElementText_closure1.doCall(VerifyElementTextKeyword.groovy:47)
	at com.kms.katalon.core.mobile.keyword.builtin.VerifyElementTextKeyword$_verifyElementText_closure1.call(VerifyElementTextKeyword.groovy)
	at com.kms.katalon.core.mobile.keyword.internal.MobileKeywordMain.runKeyword(MobileKeywordMain.groovy:21)
	at com.kms.katalon.core.mobile.keyword.builtin.VerifyElementTextKeyword.verifyElementText(VerifyElementTextKeyword.groovy:62)
	at com.kms.katalon.core.mobile.keyword.builtin.VerifyElementTextKeyword.execute(VerifyElementTextKeyword.groovy:39)
	at com.kms.katalon.core.keyword.internal.KeywordExecutor.executeKeywordForPlatform(KeywordExecutor.groovy:74)
	at com.kms.katalon.core.mobile.keyword.MobileBuiltInKeywords.verifyElementText(MobileBuiltInKeywords.groovy:2901)
	at com.kms.katalon.core.mobile.keyword.MobileBuiltInKeywords$verifyElementText$4.call(Unknown Source)
	at Wound List.run(Wound List:72)
	... 13 more]]></system-out>
      <system-err><![CDATA[2023-08-17 10:41:48 - [TEST_SUITE][FAILED] - Wound Management: Test Cases/Wound Management/Wound List FAILED.
Reason:
com.kms.katalon.core.exception.StepFailedException: Verify element text of test object 'Object Repository/Wound Management/Wound List/android.widget.TextView - Wound 3 Pressure Injury (1)' FAILED. (Root cause: org.openqa.selenium.WebDriverException: java.net.SocketTimeoutException: timeout
Build info: version: '3.141.59', revision: 'e82be7d358', time: '2018-11-14T08:25:53'
System info: host: 'DESKTOP-EE3F8H4', ip: '192.168.234.1', os.name: 'Windows 10', os.arch: 'amd64', os.version: '10.0', java.version: '1.8.0_362'
Driver info: driver.version: SwipeableAndroidDriver
	at io.appium.java_client.remote.AppiumCommandExecutor.execute(AppiumCommandExecutor.java:254)
	at org.openqa.selenium.remote.RemoteWebDriver.execute(RemoteWebDriver.java:552)
	at io.appium.java_client.DefaultGenericMobileDriver.execute(DefaultGenericMobileDriver.java:42)
	at io.appium.java_client.AppiumDriver.execute(AppiumDriver.java:1)
	at io.appium.java_client.android.AndroidDriver.execute(AndroidDriver.java:1)
	at com.kms.katalon.core.appium.driver.SwipeableAndroidDriver.execute(SwipeableAndroidDriver.java:1)
	at org.openqa.selenium.remote.RemoteWebElement.execute(RemoteWebElement.java:285)
	at io.appium.java_client.DefaultGenericMobileElement.execute(DefaultGenericMobileElement.java:45)
	at io.appium.java_client.MobileElement.execute(MobileElement.java:1)
	at io.appium.java_client.android.AndroidElement.execute(AndroidElement.java:1)
	at org.openqa.selenium.remote.RemoteWebElement.getLocation(RemoteWebElement.java:337)
	at org.openqa.selenium.WebElement$getLocation.call(Unknown Source)
	at com.kms.katalon.core.mobile.keyword.internal.MobileAbstractKeyword.findElement(MobileAbstractKeyword.groovy:86)
	at com.kms.katalon.core.mobile.keyword.builtin.VerifyElementTextKeyword.access$1(VerifyElementTextKeyword.groovy)
	at com.kms.katalon.core.mobile.keyword.builtin.VerifyElementTextKeyword$_verifyElementText_closure1.doCall(VerifyElementTextKeyword.groovy:47)
	at com.kms.katalon.core.mobile.keyword.builtin.VerifyElementTextKeyword$_verifyElementText_closure1.call(VerifyElementTextKeyword.groovy)
	at com.kms.katalon.core.mobile.keyword.internal.MobileKeywordMain.runKeyword(MobileKeywordMain.groovy:21)
	at com.kms.katalon.core.mobile.keyword.builtin.VerifyElementTextKeyword.verifyElementText(VerifyElementTextKeyword.groovy:62)
	at com.kms.katalon.core.mobile.keyword.builtin.VerifyElementTextKeyword.execute(VerifyElementTextKeyword.groovy:39)
	at com.kms.katalon.core.keyword.internal.KeywordExecutor.executeKeywordForPlatform(KeywordExecutor.groovy:74)
	at com.kms.katalon.core.mobile.keyword.MobileBuiltInKeywords.verifyElementText(MobileBuiltInKeywords.groovy:2901)
	at com.kms.katalon.core.mobile.keyword.MobileBuiltInKeywords$verifyElementText$4.call(Unknown Source)
	at Wound List.run(Wound List:72)
	at com.kms.katalon.core.main.ScriptEngine.run(ScriptEngine.java:194)
	at com.kms.katalon.core.main.ScriptEngine.runScriptAsRawText(ScriptEngine.java:119)
	at com.kms.katalon.core.main.TestCaseExecutor.runScript(TestCaseExecutor.java:448)
	at com.kms.katalon.core.main.TestCaseExecutor.doExecute(TestCaseExecutor.java:439)
	at com.kms.katalon.core.main.TestCaseExecutor.processExecutionPhase(TestCaseExecutor.java:418)
	at com.kms.katalon.core.main.TestCaseExecutor.accessMainPhase(TestCaseExecutor.java:410)
	at com.kms.katalon.core.main.TestCaseExecutor.execute(TestCaseExecutor.java:285)
	at com.kms.katalon.core.common.CommonExecutor.accessTestCaseMainPhase(CommonExecutor.java:65)
	at com.kms.katalon.core.main.TestSuiteExecutor.accessTestSuiteMainPhase(TestSuiteExecutor.java:148)
	at com.kms.katalon.core.main.TestSuiteExecutor.execute(TestSuiteExecutor.java:106)
	at com.kms.katalon.core.main.TestCaseMain.startTestSuite(TestCaseMain.java:187)
	at com.kms.katalon.core.main.TestCaseMain$startTestSuite$0.call(Unknown Source)
	at TempTestSuite1692268049938.run(TempTestSuite1692268049938.groovy:36)
Caused by: java.net.SocketTimeoutException: timeout
	at okio.Okio$4.newTimeoutException(Okio.java:232)
	at okio.AsyncTimeout.exit(AsyncTimeout.java:285)
	at okio.AsyncTimeout$1.write(AsyncTimeout.java:184)
	at okio.RealBufferedSink.flush(RealBufferedSink.java:224)
	at okhttp3.internal.http1.Http1Codec.finishRequest(Http1Codec.java:166)
	at okhttp3.internal.http.CallServerInterceptor.intercept(CallServerInterceptor.java:84)
	at okhttp3.internal.http.RealInterceptorChain.proceed(RealInterceptorChain.java:147)
	at okhttp3.internal.http.RealInterceptorChain.proceed(RealInterceptorChain.java:121)
	at org.openqa.selenium.remote.internal.OkHttpClient$Factory$1.lambda$createClient$1(OkHttpClient.java:152)
	at okhttp3.internal.http.RealInterceptorChain.proceed(RealInterceptorChain.java:147)
	at okhttp3.internal.connection.ConnectInterceptor.intercept(ConnectInterceptor.java:45)
	at okhttp3.internal.http.RealInterceptorChain.proceed(RealInterceptorChain.java:147)
	at okhttp3.internal.http.RealInterceptorChain.proceed(RealInterceptorChain.java:121)
	at okhttp3.internal.cache.CacheInterceptor.intercept(CacheInterceptor.java:93)
	at okhttp3.internal.http.RealInterceptorChain.proceed(RealInterceptorChain.java:147)
	at okhttp3.internal.http.RealInterceptorChain.proceed(RealInterceptorChain.java:121)
	at okhttp3.internal.http.BridgeInterceptor.intercept(BridgeInterceptor.java:93)
	at okhttp3.internal.http.RealInterceptorChain.proceed(RealInterceptorChain.java:147)
	at okhttp3.internal.http.RetryAndFollowUpInterceptor.intercept(RetryAndFollowUpInterceptor.java:126)
	at okhttp3.internal.http.RealInterceptorChain.proceed(RealInterceptorChain.java:147)
	at okhttp3.internal.http.RealInterceptorChain.proceed(RealInterceptorChain.java:121)
	at okhttp3.RealCall.getResponseWithInterceptorChain(RealCall.java:200)
	at okhttp3.RealCall.execute(RealCall.java:77)
	at org.openqa.selenium.remote.internal.OkHttpClient.execute(OkHttpClient.java:103)
	at org.openqa.selenium.remote.HttpCommandExecutor.execute(HttpCommandExecutor.java:155)
	at io.appium.java_client.remote.AppiumCommandExecutor.execute(AppiumCommandExecutor.java:239)
	at org.openqa.selenium.remote.RemoteWebDriver.execute(RemoteWebDriver.java:552)
	at io.appium.java_client.DefaultGenericMobileDriver.execute(DefaultGenericMobileDriver.java:42)
	at io.appium.java_client.AppiumDriver.execute(AppiumDriver.java:1)
	at io.appium.java_client.android.AndroidDriver.execute(AndroidDriver.java:1)
	at com.kms.katalon.core.appium.driver.SwipeableAndroidDriver.execute(SwipeableAndroidDriver.java:1)
	at org.openqa.selenium.remote.RemoteWebElement.execute(RemoteWebElement.java:285)
	at io.appium.java_client.DefaultGenericMobileElement.execute(DefaultGenericMobileElement.java:45)
	at io.appium.java_client.MobileElement.execute(MobileElement.java:1)
	at io.appium.java_client.android.AndroidElement.execute(AndroidElement.java:1)
	at org.openqa.selenium.remote.RemoteWebElement.getLocation(RemoteWebElement.java:337)
	at org.openqa.selenium.WebElement$getLocation.call(Unknown Source)
	at com.kms.katalon.core.mobile.keyword.internal.MobileAbstractKeyword.findElement(MobileAbstractKeyword.groovy:86)
	at com.kms.katalon.core.mobile.keyword.builtin.VerifyElementTextKeyword.access$1(VerifyElementTextKeyword.groovy)
	at com.kms.katalon.core.mobile.keyword.builtin.VerifyElementTextKeyword$_verifyElementText_closure1.doCall(VerifyElementTextKeyword.groovy:47)
	at com.kms.katalon.core.mobile.keyword.builtin.VerifyElementTextKeyword$_verifyElementText_closure1.call(VerifyElementTextKeyword.groovy)
	at com.kms.katalon.core.mobile.keyword.internal.MobileKeywordMain.runKeyword(MobileKeywordMain.groovy:21)
	at com.kms.katalon.core.mobile.keyword.builtin.VerifyElementTextKeyword.verifyElementText(VerifyElementTextKeyword.groovy:62)
	at com.kms.katalon.core.mobile.keyword.builtin.VerifyElementTextKeyword.execute(VerifyElementTextKeyword.groovy:39)
	at com.kms.katalon.core.keyword.internal.KeywordExecutor.executeKeywordForPlatform(KeywordExecutor.groovy:74)
	at com.kms.katalon.core.mobile.keyword.MobileBuiltInKeywords.verifyElementText(MobileBuiltInKeywords.groovy:2901)
	at com.kms.katalon.core.mobile.keyword.MobileBuiltInKeywords$verifyElementText$4.call(Unknown Source)
	at Script1690362225853.run(Script1690362225853.groovy:72)
	... 13 more
Caused by: java.net.SocketException: Socket closed
	at okio.Okio$1.write(Okio.java:79)
	at okio.AsyncTimeout$1.write(AsyncTimeout.java:180)
	... 58 more
)
	at com.kms.katalon.core.keyword.internal.KeywordMain.stepFailed(KeywordMain.groovy:51)
	at com.kms.katalon.core.mobile.keyword.internal.MobileKeywordMain.stepFailed(MobileKeywordMain.groovy:40)
	at com.kms.katalon.core.mobile.keyword.internal.MobileKeywordMain.runKeyword(MobileKeywordMain.groovy:23)
	at com.kms.katalon.core.mobile.keyword.builtin.VerifyElementTextKeyword.verifyElementText(VerifyElementTextKeyword.groovy:62)
	at com.kms.katalon.core.mobile.keyword.builtin.VerifyElementTextKeyword.execute(VerifyElementTextKeyword.groovy:39)
	at com.kms.katalon.core.keyword.internal.KeywordExecutor.executeKeywordForPlatform(KeywordExecutor.groovy:74)
	at com.kms.katalon.core.mobile.keyword.MobileBuiltInKeywords.verifyElementText(MobileBuiltInKeywords.groovy:2901)
	at com.kms.katalon.core.mobile.keyword.MobileBuiltInKeywords$verifyElementText$4.call(Unknown Source)
	at Wound List.run(Wound List:72)
	at com.kms.katalon.core.main.ScriptEngine.run(ScriptEngine.java:194)
	at com.kms.katalon.core.main.ScriptEngine.runScriptAsRawText(ScriptEngine.java:119)
	at com.kms.katalon.core.main.TestCaseExecutor.runScript(TestCaseExecutor.java:448)
	at com.kms.katalon.core.main.TestCaseExecutor.doExecute(TestCaseExecutor.java:439)
	at com.kms.katalon.core.main.TestCaseExecutor.processExecutionPhase(TestCaseExecutor.java:418)
	at com.kms.katalon.core.main.TestCaseExecutor.accessMainPhase(TestCaseExecutor.java:410)
	at com.kms.katalon.core.main.TestCaseExecutor.execute(TestCaseExecutor.java:285)
	at com.kms.katalon.core.common.CommonExecutor.accessTestCaseMainPhase(CommonExecutor.java:65)
	at com.kms.katalon.core.main.TestSuiteExecutor.accessTestSuiteMainPhase(TestSuiteExecutor.java:148)
	at com.kms.katalon.core.main.TestSuiteExecutor.execute(TestSuiteExecutor.java:106)
	at com.kms.katalon.core.main.TestCaseMain.startTestSuite(TestCaseMain.java:187)
	at com.kms.katalon.core.main.TestCaseMain$startTestSuite$0.call(Unknown Source)
	at TempTestSuite1692268049938.run(TempTestSuite1692268049938.groovy:36)
Caused by: org.openqa.selenium.WebDriverException: java.net.SocketTimeoutException: timeout
Build info: version: '3.141.59', revision: 'e82be7d358', time: '2018-11-14T08:25:53'
System info: host: 'DESKTOP-EE3F8H4', ip: '192.168.234.1', os.name: 'Windows 10', os.arch: 'amd64', os.version: '10.0', java.version: '1.8.0_362'
Driver info: driver.version: SwipeableAndroidDriver
	at io.appium.java_client.remote.AppiumCommandExecutor.execute(AppiumCommandExecutor.java:254)
	at org.openqa.selenium.remote.RemoteWebDriver.execute(RemoteWebDriver.java:552)
	at io.appium.java_client.DefaultGenericMobileDriver.execute(DefaultGenericMobileDriver.java:42)
	at io.appium.java_client.AppiumDriver.execute(AppiumDriver.java:1)
	at io.appium.java_client.android.AndroidDriver.execute(AndroidDriver.java:1)
	at com.kms.katalon.core.appium.driver.SwipeableAndroidDriver.execute(SwipeableAndroidDriver.java:1)
	at org.openqa.selenium.remote.RemoteWebElement.execute(RemoteWebElement.java:285)
	at io.appium.java_client.DefaultGenericMobileElement.execute(DefaultGenericMobileElement.java:45)
	at io.appium.java_client.MobileElement.execute(MobileElement.java:1)
	at io.appium.java_client.android.AndroidElement.execute(AndroidElement.java:1)
	at org.openqa.selenium.remote.RemoteWebElement.getLocation(RemoteWebElement.java:337)
	at org.openqa.selenium.WebElement$getLocation.call(Unknown Source)
	at com.kms.katalon.core.mobile.keyword.internal.MobileAbstractKeyword.findElement(MobileAbstractKeyword.groovy:86)
	at com.kms.katalon.core.mobile.keyword.builtin.VerifyElementTextKeyword.access$1(VerifyElementTextKeyword.groovy)
	at com.kms.katalon.core.mobile.keyword.builtin.VerifyElementTextKeyword$_verifyElementText_closure1.doCall(VerifyElementTextKeyword.groovy:47)
	at com.kms.katalon.core.mobile.keyword.builtin.VerifyElementTextKeyword$_verifyElementText_closure1.call(VerifyElementTextKeyword.groovy)
	at com.kms.katalon.core.mobile.keyword.internal.MobileKeywordMain.runKeyword(MobileKeywordMain.groovy:21)
	... 19 more
Caused by: java.net.SocketTimeoutException: timeout
	at okio.Okio$4.newTimeoutException(Okio.java:232)
	at okio.AsyncTimeout.exit(AsyncTimeout.java:285)
	at okio.AsyncTimeout$1.write(AsyncTimeout.java:184)
	at okio.RealBufferedSink.flush(RealBufferedSink.java:224)
	at okhttp3.internal.http1.Http1Codec.finishRequest(Http1Codec.java:166)
	at okhttp3.internal.http.CallServerInterceptor.intercept(CallServerInterceptor.java:84)
	at okhttp3.internal.http.RealInterceptorChain.proceed(RealInterceptorChain.java:147)
	at okhttp3.internal.http.RealInterceptorChain.proceed(RealInterceptorChain.java:121)
	at org.openqa.selenium.remote.internal.OkHttpClient$Factory$1.lambda$createClient$1(OkHttpClient.java:152)
	at okhttp3.internal.http.RealInterceptorChain.proceed(RealInterceptorChain.java:147)
	at okhttp3.internal.connection.ConnectInterceptor.intercept(ConnectInterceptor.java:45)
	at okhttp3.internal.http.RealInterceptorChain.proceed(RealInterceptorChain.java:147)
	at okhttp3.internal.http.RealInterceptorChain.proceed(RealInterceptorChain.java:121)
	at okhttp3.internal.cache.CacheInterceptor.intercept(CacheInterceptor.java:93)
	at okhttp3.internal.http.RealInterceptorChain.proceed(RealInterceptorChain.java:147)
	at okhttp3.internal.http.RealInterceptorChain.proceed(RealInterceptorChain.java:121)
	at okhttp3.internal.http.BridgeInterceptor.intercept(BridgeInterceptor.java:93)
	at okhttp3.internal.http.RealInterceptorChain.proceed(RealInterceptorChain.java:147)
	at okhttp3.internal.http.RetryAndFollowUpInterceptor.intercept(RetryAndFollowUpInterceptor.java:126)
	at okhttp3.internal.http.RealInterceptorChain.proceed(RealInterceptorChain.java:147)
	at okhttp3.internal.http.RealInterceptorChain.proceed(RealInterceptorChain.java:121)
	at okhttp3.RealCall.getResponseWithInterceptorChain(RealCall.java:200)
	at okhttp3.RealCall.execute(RealCall.java:77)
	at org.openqa.selenium.remote.internal.OkHttpClient.execute(OkHttpClient.java:103)
	at org.openqa.selenium.remote.HttpCommandExecutor.execute(HttpCommandExecutor.java:155)
	at io.appium.java_client.remote.AppiumCommandExecutor.execute(AppiumCommandExecutor.java:239)
	at org.openqa.selenium.remote.RemoteWebDriver.execute(RemoteWebDriver.java:552)
	at io.appium.java_client.DefaultGenericMobileDriver.execute(DefaultGenericMobileDriver.java:42)
	at io.appium.java_client.AppiumDriver.execute(AppiumDriver.java:1)
	at io.appium.java_client.android.AndroidDriver.execute(AndroidDriver.java:1)
	at com.kms.katalon.core.appium.driver.SwipeableAndroidDriver.execute(SwipeableAndroidDriver.java:1)
	at org.openqa.selenium.remote.RemoteWebElement.execute(RemoteWebElement.java:285)
	at io.appium.java_client.DefaultGenericMobileElement.execute(DefaultGenericMobileElement.java:45)
	at io.appium.java_client.MobileElement.execute(MobileElement.java:1)
	at io.appium.java_client.android.AndroidElement.execute(AndroidElement.java:1)
	at org.openqa.selenium.remote.RemoteWebElement.getLocation(RemoteWebElement.java:337)
	at org.openqa.selenium.WebElement$getLocation.call(Unknown Source)
	at com.kms.katalon.core.mobile.keyword.internal.MobileAbstractKeyword.findElement(MobileAbstractKeyword.groovy:86)
	at com.kms.katalon.core.mobile.keyword.builtin.VerifyElementTextKeyword.access$1(VerifyElementTextKeyword.groovy)
	at com.kms.katalon.core.mobile.keyword.builtin.VerifyElementTextKeyword$_verifyElementText_closure1.doCall(VerifyElementTextKeyword.groovy:47)
	at com.kms.katalon.core.mobile.keyword.builtin.VerifyElementTextKeyword$_verifyElementText_closure1.call(VerifyElementTextKeyword.groovy)
	at com.kms.katalon.core.mobile.keyword.internal.MobileKeywordMain.runKeyword(MobileKeywordMain.groovy:21)
	at com.kms.katalon.core.mobile.keyword.builtin.VerifyElementTextKeyword.verifyElementText(VerifyElementTextKeyword.groovy:62)
	at com.kms.katalon.core.mobile.keyword.builtin.VerifyElementTextKeyword.execute(VerifyElementTextKeyword.groovy:39)
	at com.kms.katalon.core.keyword.internal.KeywordExecutor.executeKeywordForPlatform(KeywordExecutor.groovy:74)
	at com.kms.katalon.core.mobile.keyword.MobileBuiltInKeywords.verifyElementText(MobileBuiltInKeywords.groovy:2901)
	at com.kms.katalon.core.mobile.keyword.MobileBuiltInKeywords$verifyElementText$4.call(Unknown Source)
	at Script1690362225853.run(Script1690362225853.groovy:72)
	... 13 more
Caused by: java.net.SocketException: Socket closed
	at okio.Okio$1.write(Okio.java:79)
	at okio.AsyncTimeout$1.write(AsyncTimeout.java:180)
	at okio.RealBufferedSink.flush(RealBufferedSink.java:224)
	at okhttp3.internal.http1.Http1Codec.finishRequest(Http1Codec.java:166)
	at okhttp3.internal.http.CallServerInterceptor.intercept(CallServerInterceptor.java:84)
	at okhttp3.internal.http.RealInterceptorChain.proceed(RealInterceptorChain.java:147)
	at okhttp3.internal.http.RealInterceptorChain.proceed(RealInterceptorChain.java:121)
	at org.openqa.selenium.remote.internal.OkHttpClient$Factory$1.lambda$createClient$1(OkHttpClient.java:152)
	at okhttp3.internal.http.RealInterceptorChain.proceed(RealInterceptorChain.java:147)
	at okhttp3.internal.connection.ConnectInterceptor.intercept(ConnectInterceptor.java:45)
	at okhttp3.internal.http.RealInterceptorChain.proceed(RealInterceptorChain.java:147)
	at okhttp3.internal.http.RealInterceptorChain.proceed(RealInterceptorChain.java:121)
	at okhttp3.internal.cache.CacheInterceptor.intercept(CacheInterceptor.java:93)
	at okhttp3.internal.http.RealInterceptorChain.proceed(RealInterceptorChain.java:147)
	at okhttp3.internal.http.RealInterceptorChain.proceed(RealInterceptorChain.java:121)
	at okhttp3.internal.http.BridgeInterceptor.intercept(BridgeInterceptor.java:93)
	at okhttp3.internal.http.RealInterceptorChain.proceed(RealInterceptorChain.java:147)
	at okhttp3.internal.http.RetryAndFollowUpInterceptor.intercept(RetryAndFollowUpInterceptor.java:126)
	at okhttp3.internal.http.RealInterceptorChain.proceed(RealInterceptorChain.java:147)
	at okhttp3.internal.http.RealInterceptorChain.proceed(RealInterceptorChain.java:121)
	at okhttp3.RealCall.getResponseWithInterceptorChain(RealCall.java:200)
	at okhttp3.RealCall.execute(RealCall.java:77)
	at org.openqa.selenium.remote.internal.OkHttpClient.execute(OkHttpClient.java:103)
	at org.openqa.selenium.remote.HttpCommandExecutor.execute(HttpCommandExecutor.java:155)
	at io.appium.java_client.remote.AppiumCommandExecutor.execute(AppiumCommandExecutor.java:239)
	at org.openqa.selenium.remote.RemoteWebDriver.execute(RemoteWebDriver.java:552)
	at io.appium.java_client.DefaultGenericMobileDriver.execute(DefaultGenericMobileDriver.java:42)
	at io.appium.java_client.AppiumDriver.execute(AppiumDriver.java:1)
	at io.appium.java_client.android.AndroidDriver.execute(AndroidDriver.java:1)
	at com.kms.katalon.core.appium.driver.SwipeableAndroidDriver.execute(SwipeableAndroidDriver.java:1)
	at org.openqa.selenium.remote.RemoteWebElement.execute(RemoteWebElement.java:285)
	at io.appium.java_client.DefaultGenericMobileElement.execute(DefaultGenericMobileElement.java:45)
	at io.appium.java_client.MobileElement.execute(MobileElement.java:1)
	at io.appium.java_client.android.AndroidElement.execute(AndroidElement.java:1)
	at org.openqa.selenium.remote.RemoteWebElement.getLocation(RemoteWebElement.java:337)
	at org.openqa.selenium.WebElement$getLocation.call(Unknown Source)
	at com.kms.katalon.core.mobile.keyword.internal.MobileAbstractKeyword.findElement(MobileAbstractKeyword.groovy:86)
	at com.kms.katalon.core.mobile.keyword.builtin.VerifyElementTextKeyword.access$1(VerifyElementTextKeyword.groovy)
	at com.kms.katalon.core.mobile.keyword.builtin.VerifyElementTextKeyword$_verifyElementText_closure1.doCall(VerifyElementTextKeyword.groovy:47)
	at com.kms.katalon.core.mobile.keyword.builtin.VerifyElementTextKeyword$_verifyElementText_closure1.call(VerifyElementTextKeyword.groovy)
	at com.kms.katalon.core.mobile.keyword.internal.MobileKeywordMain.runKeyword(MobileKeywordMain.groovy:21)
	at com.kms.katalon.core.mobile.keyword.builtin.VerifyElementTextKeyword.verifyElementText(VerifyElementTextKeyword.groovy:62)
	at com.kms.katalon.core.mobile.keyword.builtin.VerifyElementTextKeyword.execute(VerifyElementTextKeyword.groovy:39)
	at com.kms.katalon.core.keyword.internal.KeywordExecutor.executeKeywordForPlatform(KeywordExecutor.groovy:74)
	at com.kms.katalon.core.mobile.keyword.MobileBuiltInKeywords.verifyElementText(MobileBuiltInKeywords.groovy:2901)
	at com.kms.katalon.core.mobile.keyword.MobileBuiltInKeywords$verifyElementText$4.call(Unknown Source)
	at Wound List.run(Wound List:72)
	... 13 more]]></system-err>
   </testsuite>
</testsuites>
