<?xml version="1.0" encoding="UTF-8"?>
<testsuites name="User Management" time="425.104" tests="5" failures="1" errors="0">
   <testsuite name="User Management" tests="5" failures="1" errors="0" time="425.104" skipped="0" timestamp="2023-09-27 14:08:53" hostname="Amarir - DESKTOP-EE3F8H4" id="Test Suites/User Management">
      <properties>
         <property name="deviceName" value="samsung SM-N975F (Android 12)"/>
         <property name="devicePlatform" value=""/>
         <property name="logFolder" value="C:\\Users\\Amarir\\git\\Android Automation\\Reports\\20230927_140841\\User Management\\20230927_140841"/>
         <property name="logFiles" value="C:\\Users\\Amarir\\git\\Android Automation\\Reports\\20230927_140841\\User Management\\20230927_140841\\appium.log, C:\\Users\\Amarir\\git\\Android Automation\\Reports\\20230927_140841\\User Management\\20230927_140841\\execution0.log"/>
         <property name="attachments" value="C:\\Users\\Amarir\\git\\Android Automation\\Reports\\20230927_140841\\User Management\\20230927_140841\\1695824062100.png, C:\\Users\\Amarir\\git\\Android Automation\\Reports\\20230927_140841\\User Management\\20230927_140841\\1695824093648.png, C:\\Users\\Amarir\\git\\Android Automation\\Reports\\20230927_140841\\User Management\\20230927_140841\\1695824126153.png, C:\\Users\\Amarir\\git\\Android Automation\\Reports\\20230927_140841\\User Management\\20230927_140841\\1695824157638.png"/>
         <property name="hostName" value="Amarir - DESKTOP-EE3F8H4"/>
         <property name="os" value="Windows 10 64bit"/>
         <property name="appiumServerStatus" value="{&quot;value&quot;:{&quot;build&quot;:{&quot;version&quot;:&quot;1.22.0&quot;}},&quot;sessionId&quot;:null,&quot;status&quot;:0}"/>
         <property name="katalonVersion" value="8.6.5.208"/>
         <property name="deviceOS" value="Android"/>
         <property name="appiumVersion" value="1.22.0"/>
         <property name="deviceModel" value="SM-N975F"/>
         <property name="hostAddress" value="192.168.234.1"/>
         <property name="deviceManufacturer" value="samsung"/>
         <property name="deviceId" value="RF8N307NKZV"/>
         <property name="deviceName" value="samsung SM-N975F (Android 12)"/>
         <property name="deviceOSVersion" value="12"/>
      </properties>
      <testcase name="Test Cases/IS/User Managemenet/10loginTestAttempts" time="62.93" classname="Test Cases/IS/User Managemenet/10loginTestAttempts" status="PASSED">
         <system-out><![CDATA[2023-09-27 14:08:54 - [TEST_CASE][PASSED] - Test Cases/IS/User Managemenet/10loginTestAttempts: Test Cases/IS/User Managemenet/10loginTestAttempts

2023-09-27 14:08:55 - [TEST_STEP][PASSED] - startApplication(APK, false): Started app at: 'C:\Users\Amarir\Downloads\APK\IS\IS_Preprod_2.1.1_160.apk'

2023-09-27 14:08:57 - [MESSAGE][INFO] - Detected NodeJS location: "C:\Program Files\nodejs\node.exe"

2023-09-27 14:09:00 - [MESSAGE][INFO] - Appium server started on port 65,039

2023-09-27 14:09:27 - [MESSAGE][PASSED] - Started app at: 'C:\Users\Amarir\Downloads\APK\IS\IS_Preprod_2.1.1_160.apk'

2023-09-27 14:09:27 - [TEST_STEP][PASSED] - setText(findTestObject("Login Page/android.widget.EditText - Username"), "Test10times", 30): Text 'Test10times' has been set to element 'Object Repository/Login Page/android.widget.EditText - Username'

2023-09-27 14:09:30 - [MESSAGE][PASSED] - Text 'Test10times' has been set to element 'Object Repository/Login Page/android.widget.EditText - Username'

2023-09-27 14:09:30 - [TEST_STEP][PASSED] - setText(findTestObject("Login Page/android.widget.EditText - Password"), "123", 30): Text '123' has been set to element 'Object Repository/Login Page/android.widget.EditText - Password'

2023-09-27 14:09:31 - [MESSAGE][PASSED] - Text '123' has been set to element 'Object Repository/Login Page/android.widget.EditText - Password'

2023-09-27 14:09:31 - [TEST_STEP][PASSED] - tap(findTestObject("Login Page/android.widget.TextView - SIGN IN (1)"), 30): Tapped on element 'Object Repository/Login Page/android.widget.TextView - SIGN IN (1)'

2023-09-27 14:09:32 - [MESSAGE][PASSED] - Tapped on element 'Object Repository/Login Page/android.widget.TextView - SIGN IN (1)'

2023-09-27 14:09:32 - [TEST_STEP][PASSED] - verifyElementText(findTestObject("IS/User Management/10loginAttempts/android.widget.TextView - Login failed. Incorrect credentials"), "Login failed. Incorrect credentials !"): Actual text and expected text of test object 'Object Repository/IS/User Management/10loginAttempts/android.widget.TextView - Login failed. Incorrect credentials' are matched.

2023-09-27 14:09:33 - [MESSAGE][PASSED] - Actual text and expected text of test object 'Object Repository/IS/User Management/10loginAttempts/android.widget.TextView - Login failed. Incorrect credentials' are matched.

2023-09-27 14:09:33 - [TEST_STEP][PASSED] - tap(findTestObject("Object Repository/IS/User Management/10loginAttempts/android.widget.Button - OK"), 30): Tapped on element 'Object Repository/IS/User Management/10loginAttempts/android.widget.Button - OK'

2023-09-27 14:09:34 - [MESSAGE][PASSED] - Tapped on element 'Object Repository/IS/User Management/10loginAttempts/android.widget.Button - OK'

2023-09-27 14:09:34 - [TEST_STEP][PASSED] - tap(findTestObject("Login Page/android.widget.TextView - SIGN IN (1)"), 30): Tapped on element 'Object Repository/Login Page/android.widget.TextView - SIGN IN (1)'

2023-09-27 14:09:35 - [MESSAGE][PASSED] - Tapped on element 'Object Repository/Login Page/android.widget.TextView - SIGN IN (1)'

2023-09-27 14:09:35 - [TEST_STEP][PASSED] - verifyElementText(findTestObject("IS/User Management/10loginAttempts/android.widget.TextView - Login failed. Incorrect credentials"), "Login failed. Incorrect credentials !"): Actual text and expected text of test object 'Object Repository/IS/User Management/10loginAttempts/android.widget.TextView - Login failed. Incorrect credentials' are matched.

2023-09-27 14:09:36 - [MESSAGE][PASSED] - Actual text and expected text of test object 'Object Repository/IS/User Management/10loginAttempts/android.widget.TextView - Login failed. Incorrect credentials' are matched.

2023-09-27 14:09:36 - [TEST_STEP][PASSED] - tap(findTestObject("Object Repository/IS/User Management/10loginAttempts/android.widget.Button - OK"), 30): Tapped on element 'Object Repository/IS/User Management/10loginAttempts/android.widget.Button - OK'

2023-09-27 14:09:36 - [MESSAGE][PASSED] - Tapped on element 'Object Repository/IS/User Management/10loginAttempts/android.widget.Button - OK'

2023-09-27 14:09:36 - [TEST_STEP][PASSED] - tap(findTestObject("Login Page/android.widget.TextView - SIGN IN (1)"), 30): Tapped on element 'Object Repository/Login Page/android.widget.TextView - SIGN IN (1)'

2023-09-27 14:09:37 - [MESSAGE][PASSED] - Tapped on element 'Object Repository/Login Page/android.widget.TextView - SIGN IN (1)'

2023-09-27 14:09:37 - [TEST_STEP][PASSED] - verifyElementText(findTestObject("IS/User Management/10loginAttempts/android.widget.TextView - Login failed. Incorrect credentials"), "Login failed. Incorrect credentials !"): Actual text and expected text of test object 'Object Repository/IS/User Management/10loginAttempts/android.widget.TextView - Login failed. Incorrect credentials' are matched.

2023-09-27 14:09:38 - [MESSAGE][PASSED] - Actual text and expected text of test object 'Object Repository/IS/User Management/10loginAttempts/android.widget.TextView - Login failed. Incorrect credentials' are matched.

2023-09-27 14:09:38 - [TEST_STEP][PASSED] - tap(findTestObject("Object Repository/IS/User Management/10loginAttempts/android.widget.Button - OK"), 30): Tapped on element 'Object Repository/IS/User Management/10loginAttempts/android.widget.Button - OK'

2023-09-27 14:09:39 - [MESSAGE][PASSED] - Tapped on element 'Object Repository/IS/User Management/10loginAttempts/android.widget.Button - OK'

2023-09-27 14:09:39 - [TEST_STEP][PASSED] - tap(findTestObject("Login Page/android.widget.TextView - SIGN IN (1)"), 30): Tapped on element 'Object Repository/Login Page/android.widget.TextView - SIGN IN (1)'

2023-09-27 14:09:40 - [MESSAGE][PASSED] - Tapped on element 'Object Repository/Login Page/android.widget.TextView - SIGN IN (1)'

2023-09-27 14:09:40 - [TEST_STEP][PASSED] - verifyElementText(findTestObject("IS/User Management/10loginAttempts/android.widget.TextView - Login failed. Incorrect credentials"), "Login failed. Incorrect credentials !"): Actual text and expected text of test object 'Object Repository/IS/User Management/10loginAttempts/android.widget.TextView - Login failed. Incorrect credentials' are matched.

2023-09-27 14:09:41 - [MESSAGE][PASSED] - Actual text and expected text of test object 'Object Repository/IS/User Management/10loginAttempts/android.widget.TextView - Login failed. Incorrect credentials' are matched.

2023-09-27 14:09:41 - [TEST_STEP][PASSED] - tap(findTestObject("Object Repository/IS/User Management/10loginAttempts/android.widget.Button - OK"), 30): Tapped on element 'Object Repository/IS/User Management/10loginAttempts/android.widget.Button - OK'

2023-09-27 14:09:42 - [MESSAGE][PASSED] - Tapped on element 'Object Repository/IS/User Management/10loginAttempts/android.widget.Button - OK'

2023-09-27 14:09:42 - [TEST_STEP][PASSED] - tap(findTestObject("Login Page/android.widget.TextView - SIGN IN (1)"), 30): Tapped on element 'Object Repository/Login Page/android.widget.TextView - SIGN IN (1)'

2023-09-27 14:09:43 - [MESSAGE][PASSED] - Tapped on element 'Object Repository/Login Page/android.widget.TextView - SIGN IN (1)'

2023-09-27 14:09:43 - [TEST_STEP][PASSED] - verifyElementText(findTestObject("IS/User Management/10loginAttempts/android.widget.TextView - Login failed. Incorrect credentials"), "Login failed. Incorrect credentials !"): Actual text and expected text of test object 'Object Repository/IS/User Management/10loginAttempts/android.widget.TextView - Login failed. Incorrect credentials' are matched.

2023-09-27 14:09:44 - [MESSAGE][PASSED] - Actual text and expected text of test object 'Object Repository/IS/User Management/10loginAttempts/android.widget.TextView - Login failed. Incorrect credentials' are matched.

2023-09-27 14:09:44 - [TEST_STEP][PASSED] - tap(findTestObject("Object Repository/IS/User Management/10loginAttempts/android.widget.Button - OK"), 30): Tapped on element 'Object Repository/IS/User Management/10loginAttempts/android.widget.Button - OK'

2023-09-27 14:09:44 - [MESSAGE][PASSED] - Tapped on element 'Object Repository/IS/User Management/10loginAttempts/android.widget.Button - OK'

2023-09-27 14:09:44 - [TEST_STEP][PASSED] - tap(findTestObject("Login Page/android.widget.TextView - SIGN IN (1)"), 30): Tapped on element 'Object Repository/Login Page/android.widget.TextView - SIGN IN (1)'

2023-09-27 14:09:45 - [MESSAGE][PASSED] - Tapped on element 'Object Repository/Login Page/android.widget.TextView - SIGN IN (1)'

2023-09-27 14:09:45 - [TEST_STEP][PASSED] - verifyElementText(findTestObject("IS/User Management/10loginAttempts/android.widget.TextView - Login failed. Incorrect credentials"), "Login failed. Incorrect credentials !"): Actual text and expected text of test object 'Object Repository/IS/User Management/10loginAttempts/android.widget.TextView - Login failed. Incorrect credentials' are matched.

2023-09-27 14:09:46 - [MESSAGE][PASSED] - Actual text and expected text of test object 'Object Repository/IS/User Management/10loginAttempts/android.widget.TextView - Login failed. Incorrect credentials' are matched.

2023-09-27 14:09:46 - [TEST_STEP][PASSED] - tap(findTestObject("Object Repository/IS/User Management/10loginAttempts/android.widget.Button - OK"), 30): Tapped on element 'Object Repository/IS/User Management/10loginAttempts/android.widget.Button - OK'

2023-09-27 14:09:47 - [MESSAGE][PASSED] - Tapped on element 'Object Repository/IS/User Management/10loginAttempts/android.widget.Button - OK'

2023-09-27 14:09:47 - [TEST_STEP][PASSED] - tap(findTestObject("Login Page/android.widget.TextView - SIGN IN (1)"), 30): Tapped on element 'Object Repository/Login Page/android.widget.TextView - SIGN IN (1)'

2023-09-27 14:09:48 - [MESSAGE][PASSED] - Tapped on element 'Object Repository/Login Page/android.widget.TextView - SIGN IN (1)'

2023-09-27 14:09:48 - [TEST_STEP][PASSED] - verifyElementText(findTestObject("IS/User Management/10loginAttempts/android.widget.TextView - Login failed. Incorrect credentials"), "Login failed. Incorrect credentials !"): Actual text and expected text of test object 'Object Repository/IS/User Management/10loginAttempts/android.widget.TextView - Login failed. Incorrect credentials' are matched.

2023-09-27 14:09:49 - [MESSAGE][PASSED] - Actual text and expected text of test object 'Object Repository/IS/User Management/10loginAttempts/android.widget.TextView - Login failed. Incorrect credentials' are matched.

2023-09-27 14:09:49 - [TEST_STEP][PASSED] - tap(findTestObject("Object Repository/IS/User Management/10loginAttempts/android.widget.Button - OK"), 30): Tapped on element 'Object Repository/IS/User Management/10loginAttempts/android.widget.Button - OK'

2023-09-27 14:09:49 - [MESSAGE][PASSED] - Tapped on element 'Object Repository/IS/User Management/10loginAttempts/android.widget.Button - OK'

2023-09-27 14:09:49 - [TEST_STEP][PASSED] - tap(findTestObject("Login Page/android.widget.TextView - SIGN IN (1)"), 30): Tapped on element 'Object Repository/Login Page/android.widget.TextView - SIGN IN (1)'

2023-09-27 14:09:50 - [MESSAGE][PASSED] - Tapped on element 'Object Repository/Login Page/android.widget.TextView - SIGN IN (1)'

2023-09-27 14:09:50 - [TEST_STEP][PASSED] - verifyElementText(findTestObject("IS/User Management/10loginAttempts/android.widget.TextView - Login failed. Incorrect credentials"), "Login failed. Incorrect credentials !"): Actual text and expected text of test object 'Object Repository/IS/User Management/10loginAttempts/android.widget.TextView - Login failed. Incorrect credentials' are matched.

2023-09-27 14:09:51 - [MESSAGE][PASSED] - Actual text and expected text of test object 'Object Repository/IS/User Management/10loginAttempts/android.widget.TextView - Login failed. Incorrect credentials' are matched.

2023-09-27 14:09:51 - [TEST_STEP][PASSED] - tap(findTestObject("Object Repository/IS/User Management/10loginAttempts/android.widget.Button - OK"), 30): Tapped on element 'Object Repository/IS/User Management/10loginAttempts/android.widget.Button - OK'

2023-09-27 14:09:52 - [MESSAGE][PASSED] - Tapped on element 'Object Repository/IS/User Management/10loginAttempts/android.widget.Button - OK'

2023-09-27 14:09:52 - [TEST_STEP][PASSED] - tap(findTestObject("Login Page/android.widget.TextView - SIGN IN (1)"), 30): Tapped on element 'Object Repository/Login Page/android.widget.TextView - SIGN IN (1)'

2023-09-27 14:09:52 - [MESSAGE][PASSED] - Tapped on element 'Object Repository/Login Page/android.widget.TextView - SIGN IN (1)'

2023-09-27 14:09:52 - [TEST_STEP][PASSED] - verifyElementText(findTestObject("IS/User Management/10loginAttempts/android.widget.TextView - Login failed. Incorrect credentials"), "Login failed. Incorrect credentials !"): Actual text and expected text of test object 'Object Repository/IS/User Management/10loginAttempts/android.widget.TextView - Login failed. Incorrect credentials' are matched.

2023-09-27 14:09:54 - [MESSAGE][PASSED] - Actual text and expected text of test object 'Object Repository/IS/User Management/10loginAttempts/android.widget.TextView - Login failed. Incorrect credentials' are matched.

2023-09-27 14:09:54 - [TEST_STEP][PASSED] - tap(findTestObject("Object Repository/IS/User Management/10loginAttempts/android.widget.Button - OK"), 30): Tapped on element 'Object Repository/IS/User Management/10loginAttempts/android.widget.Button - OK'

2023-09-27 14:09:54 - [MESSAGE][PASSED] - Tapped on element 'Object Repository/IS/User Management/10loginAttempts/android.widget.Button - OK'

2023-09-27 14:09:54 - [TEST_STEP][PASSED] - tap(findTestObject("Login Page/android.widget.TextView - SIGN IN (1)"), 30): Tapped on element 'Object Repository/Login Page/android.widget.TextView - SIGN IN (1)'

2023-09-27 14:09:55 - [MESSAGE][PASSED] - Tapped on element 'Object Repository/Login Page/android.widget.TextView - SIGN IN (1)'

2023-09-27 14:09:55 - [TEST_STEP][PASSED] - verifyElementText(findTestObject("Object Repository/IS/User Management/10loginAttempts/android.widget.TextView - Your account has been temporarily disabled due to repeated login failures. Please contact your administrator samarirmasaratapp.com"), "Your account has been temporarily disabled due to repeated login failures. Please contact your administrator: samarir@masaratapp.com"): Actual text and expected text of test object 'Object Repository/IS/User Management/10loginAttempts/android.widget.TextView - Your account has been temporarily disabled due to repeated login failures. Please contact your administrator samarirmasaratapp.com' are matched.

2023-09-27 14:09:56 - [MESSAGE][PASSED] - Actual text and expected text of test object 'Object Repository/IS/User Management/10loginAttempts/android.widget.TextView - Your account has been temporarily disabled due to repeated login failures. Please contact your administrator samarirmasaratapp.com' are matched.

2023-09-27 14:09:56 - [TEST_STEP][PASSED] - tap(findTestObject("Object Repository/IS/User Management/10loginAttempts/android.widget.Button - OK (1)"), 30): Tapped on element 'Object Repository/IS/User Management/10loginAttempts/android.widget.Button - OK (1)'

2023-09-27 14:09:57 - [MESSAGE][PASSED] - Tapped on element 'Object Repository/IS/User Management/10loginAttempts/android.widget.Button - OK (1)']]></system-out>
         <system-err><![CDATA[]]></system-err>
      </testcase>
      <testcase name="Test Cases/IS/User Managemenet/Login" time="27.548" classname="Test Cases/IS/User Managemenet/Login" status="PASSED">
         <system-out><![CDATA[2023-09-27 14:09:57 - [TEST_CASE][PASSED] - Test Cases/IS/User Managemenet/Login: Test Cases/IS/User Managemenet/Login

2023-09-27 14:09:58 - [TEST_STEP][PASSED] - startApplication(APK, false): Started app at: 'C:\Users\Amarir\Downloads\APK\IS\IS_Preprod_2.1.1_160.apk'

2023-09-27 14:10:09 - [MESSAGE][PASSED] - Started app at: 'C:\Users\Amarir\Downloads\APK\IS\IS_Preprod_2.1.1_160.apk'

2023-09-27 14:10:09 - [TEST_STEP][PASSED] - setText(findTestObject("Login Page/android.widget.EditText - Username"), LoginCreds.get("username"), 30): Text 'katalon' has been set to element 'Object Repository/Login Page/android.widget.EditText - Username'

2023-09-27 14:10:13 - [MESSAGE][PASSED] - Text 'katalon' has been set to element 'Object Repository/Login Page/android.widget.EditText - Username'

2023-09-27 14:10:13 - [TEST_STEP][PASSED] - setText(findTestObject("Login Page/android.widget.EditText - Password"), LoginCreds.get("password"), 30): Text 'eKare123@' has been set to element 'Object Repository/Login Page/android.widget.EditText - Password'

2023-09-27 14:10:14 - [MESSAGE][PASSED] - Text 'eKare123@' has been set to element 'Object Repository/Login Page/android.widget.EditText - Password'

2023-09-27 14:10:14 - [TEST_STEP][PASSED] - tap(findTestObject("Login Page/android.widget.TextView - SIGN IN (1)"), 30): Tapped on element 'Object Repository/Login Page/android.widget.TextView - SIGN IN (1)'

2023-09-27 14:10:15 - [MESSAGE][PASSED] - Tapped on element 'Object Repository/Login Page/android.widget.TextView - SIGN IN (1)'

2023-09-27 14:10:15 - [TEST_STEP][PASSED] - tap(findTestObject("Object Repository/IS/User Management/Login/android.widget.TextView - Katalon"), 30): Tapped on element 'Object Repository/IS/User Management/Login/android.widget.TextView - Katalon'

2023-09-27 14:10:17 - [MESSAGE][PASSED] - Tapped on element 'Object Repository/IS/User Management/Login/android.widget.TextView - Katalon'

2023-09-27 14:10:17 - [TEST_STEP][PASSED] - delay(2, STOP_ON_FAILURE): Delayed 2 second(s)

2023-09-27 14:10:19 - [MESSAGE][PASSED] - Delayed 2 second(s)

2023-09-27 14:10:19 - [TEST_STEP][PASSED] - verifyElementExist(findTestObject("Object Repository/IS/User Management/Login/android.widget.TextView - Patient Directory"), 30): Element 'Object Repository/IS/User Management/Login/android.widget.TextView - Patient Directory' is exist

2023-09-27 14:10:24 - [MESSAGE][PASSED] - Element 'Object Repository/IS/User Management/Login/android.widget.TextView - Patient Directory' is exist]]></system-out>
         <system-err><![CDATA[]]></system-err>
      </testcase>
      <testcase name="Test Cases/IS/User Managemenet/Logout" time="5.035" classname="Test Cases/IS/User Managemenet/Logout" status="PASSED">
         <system-out><![CDATA[2023-09-27 14:10:24 - [TEST_CASE][PASSED] - Test Cases/IS/User Managemenet/Logout: Test Cases/IS/User Managemenet/Logout

2023-09-27 14:10:25 - [TEST_STEP][PASSED] - tap(findTestObject("Patient Directory/android.widget.ImageView - Left Menu"), 0): Tapped on element 'Object Repository/Patient Directory/android.widget.ImageView - Left Menu'

2023-09-27 14:10:25 - [MESSAGE][WARNING] - Timeout '0' is invalid. Using default page load timeout: '30'

2023-09-27 14:10:26 - [MESSAGE][PASSED] - Tapped on element 'Object Repository/Patient Directory/android.widget.ImageView - Left Menu'

2023-09-27 14:10:26 - [TEST_STEP][PASSED] - tap(findTestObject("Object Repository/IS/User Management/Logout/android.widget.TextView - Logout"), 0): Tapped on element 'Object Repository/IS/User Management/Logout/android.widget.TextView - Logout'

2023-09-27 14:10:26 - [MESSAGE][WARNING] - Timeout '0' is invalid. Using default page load timeout: '30'

2023-09-27 14:10:27 - [MESSAGE][PASSED] - Tapped on element 'Object Repository/IS/User Management/Logout/android.widget.TextView - Logout'

2023-09-27 14:10:27 - [TEST_STEP][PASSED] - tap(findTestObject("Object Repository/IS/User Management/Logout/android.widget.Button - CONFIRM"), 0): Tapped on element 'Object Repository/IS/User Management/Logout/android.widget.Button - CONFIRM'

2023-09-27 14:10:28 - [MESSAGE][WARNING] - Timeout '0' is invalid. Using default page load timeout: '30'

2023-09-27 14:10:29 - [MESSAGE][PASSED] - Tapped on element 'Object Repository/IS/User Management/Logout/android.widget.Button - CONFIRM']]></system-out>
         <system-err><![CDATA[]]></system-err>
      </testcase>
      <testcase name="Test Cases/IS/User Managemenet/Login as user with multiple sites" time="130.257" classname="Test Cases/IS/User Managemenet/Login as user with multiple sites" status="PASSED">
         <system-out><![CDATA[2023-09-27 14:10:29 - [TEST_CASE][PASSED] - Test Cases/IS/User Managemenet/Login as user with multiple sites: Test Cases/IS/User Managemenet/Login as user with multiple sites

2023-09-27 14:10:30 - [TEST_STEP][PASSED] - setText(findTestObject("Login Page/android.widget.EditText - Username"), LoginCreds.get("siteuser"), 30): Text 'KatalonSite' has been set to element 'Object Repository/Login Page/android.widget.EditText - Username'

2023-09-27 14:10:31 - [MESSAGE][PASSED] - Text 'KatalonSite' has been set to element 'Object Repository/Login Page/android.widget.EditText - Username'

2023-09-27 14:10:31 - [TEST_STEP][PASSED] - setText(findTestObject("Login Page/android.widget.EditText - Password"), LoginCreds.get("password"), 30): Text 'eKare123@' has been set to element 'Object Repository/Login Page/android.widget.EditText - Password'

2023-09-27 14:10:33 - [MESSAGE][PASSED] - Text 'eKare123@' has been set to element 'Object Repository/Login Page/android.widget.EditText - Password'

2023-09-27 14:10:33 - [TEST_STEP][PASSED] - tap(findTestObject("Login Page/android.widget.TextView - SIGN IN (1)"), 30): Tapped on element 'Object Repository/Login Page/android.widget.TextView - SIGN IN (1)'

2023-09-27 14:10:34 - [MESSAGE][PASSED] - Tapped on element 'Object Repository/Login Page/android.widget.TextView - SIGN IN (1)'

2023-09-27 14:10:34 - [TEST_STEP][PASSED] - tap(findTestObject("Object Repository/IS/User Management/Login as user with multiple sites/android.widget.TextView - Katalon"), 30): Tapped on element 'Object Repository/IS/User Management/Login as user with multiple sites/android.widget.TextView - Katalon'

2023-09-27 14:10:35 - [MESSAGE][PASSED] - Tapped on element 'Object Repository/IS/User Management/Login as user with multiple sites/android.widget.TextView - Katalon'

2023-09-27 14:10:35 - [TEST_STEP][PASSED] - verifyElementExist(findTestObject("Object Repository/IS/User Management/Login as user with multiple sites/android.widget.TextView - add new patient"), 30): Element 'Object Repository/IS/User Management/Login as user with multiple sites/android.widget.TextView - add new patient' is exist

2023-09-27 14:10:42 - [MESSAGE][PASSED] - Element 'Object Repository/IS/User Management/Login as user with multiple sites/android.widget.TextView - add new patient' is exist

2023-09-27 14:10:42 - [TEST_STEP][PASSED] - tap(findTestObject("Object Repository/IS/User Management/Login as user with multiple sites/android.view.ViewGroup - patient"), 30): Tapped on element 'Object Repository/IS/User Management/Login as user with multiple sites/android.view.ViewGroup - patient'

2023-09-27 14:10:43 - [MESSAGE][PASSED] - Tapped on element 'Object Repository/IS/User Management/Login as user with multiple sites/android.view.ViewGroup - patient'

2023-09-27 14:10:43 - [TEST_STEP][PASSED] - tap(findTestObject("Object Repository/IS/User Management/Login as user with multiple sites/android.widget.ImageView - menu"), 30): Tapped on element 'Object Repository/IS/User Management/Login as user with multiple sites/android.widget.ImageView - menu'

2023-09-27 14:10:45 - [MESSAGE][PASSED] - Tapped on element 'Object Repository/IS/User Management/Login as user with multiple sites/android.widget.ImageView - menu'

2023-09-27 14:10:45 - [TEST_STEP][PASSED] - verifyElementExist(findTestObject("Object Repository/IS/User Management/Login as user with multiple sites/android.widget.TextView - Freeze patient"), 30): Element 'Object Repository/IS/User Management/Login as user with multiple sites/android.widget.TextView - Freeze patient' is exist

2023-09-27 14:10:46 - [MESSAGE][PASSED] - Element 'Object Repository/IS/User Management/Login as user with multiple sites/android.widget.TextView - Freeze patient' is exist

2023-09-27 14:10:46 - [TEST_STEP][PASSED] - verifyElementExist(findTestObject("Object Repository/IS/User Management/Login as user with multiple sites/android.widget.TextView - Delete patient"), 30): Element 'Object Repository/IS/User Management/Login as user with multiple sites/android.widget.TextView - Delete patient' is exist

2023-09-27 14:10:46 - [MESSAGE][PASSED] - Element 'Object Repository/IS/User Management/Login as user with multiple sites/android.widget.TextView - Delete patient' is exist

2023-09-27 14:10:46 - [TEST_STEP][PASSED] - tap(findTestObject("Object Repository/IS/User Management/Login as user with multiple sites/android.widget.TextView - Cancel"), 30): Tapped on element 'Object Repository/IS/User Management/Login as user with multiple sites/android.widget.TextView - Cancel'

2023-09-27 14:10:47 - [MESSAGE][PASSED] - Tapped on element 'Object Repository/IS/User Management/Login as user with multiple sites/android.widget.TextView - Cancel'

2023-09-27 14:10:47 - [TEST_STEP][PASSED] - pressBack(): Press back button successfully

2023-09-27 14:10:48 - [MESSAGE][PASSED] - Press back button successfully

2023-09-27 14:10:48 - [TEST_STEP][PASSED] - tap(findTestObject("Object Repository/IS/User Management/Login as user with multiple sites/android.widget.ImageView - Menu (1)"), 30): Tapped on element 'Object Repository/IS/User Management/Login as user with multiple sites/android.widget.ImageView - Menu (1)'

2023-09-27 14:10:48 - [MESSAGE][PASSED] - Tapped on element 'Object Repository/IS/User Management/Login as user with multiple sites/android.widget.ImageView - Menu (1)'

2023-09-27 14:10:48 - [TEST_STEP][PASSED] - tap(findTestObject("Object Repository/IS/User Management/Login as user with multiple sites/android.widget.TextView - Site"), 30): Tapped on element 'Object Repository/IS/User Management/Login as user with multiple sites/android.widget.TextView - Site'

2023-09-27 14:10:50 - [MESSAGE][PASSED] - Tapped on element 'Object Repository/IS/User Management/Login as user with multiple sites/android.widget.TextView - Site'

2023-09-27 14:10:50 - [TEST_STEP][PASSED] - tap(findTestObject("Object Repository/IS/User Management/Login as user with multiple sites/android.widget.TextView - site user"), 30): Tapped on element 'Object Repository/IS/User Management/Login as user with multiple sites/android.widget.TextView - site user'

2023-09-27 14:10:51 - [MESSAGE][PASSED] - Tapped on element 'Object Repository/IS/User Management/Login as user with multiple sites/android.widget.TextView - site user'

2023-09-27 14:10:51 - [TEST_STEP][PASSED] - tap(findTestObject("Object Repository/IS/User Management/Login as user with multiple sites/android.view.ViewGroup"), 30): Tapped on element 'Object Repository/IS/User Management/Login as user with multiple sites/android.view.ViewGroup'

2023-09-27 14:10:58 - [MESSAGE][PASSED] - Tapped on element 'Object Repository/IS/User Management/Login as user with multiple sites/android.view.ViewGroup'

2023-09-27 14:10:58 - [TEST_STEP][PASSED] - tap(findTestObject("Object Repository/IS/User Management/Login as user with multiple sites/android.widget.ImageView - menu"), 30): Tapped on element 'Object Repository/IS/User Management/Login as user with multiple sites/android.widget.ImageView - menu'

2023-09-27 14:11:00 - [MESSAGE][PASSED] - Tapped on element 'Object Repository/IS/User Management/Login as user with multiple sites/android.widget.ImageView - menu'

2023-09-27 14:11:00 - [TEST_STEP][PASSED] - verifyElementExist(findTestObject("Object Repository/IS/User Management/Login as user with multiple sites/android.widget.TextView - Edit patient"), 30): Element 'Object Repository/IS/User Management/Login as user with multiple sites/android.widget.TextView - Edit patient' is exist

2023-09-27 14:11:01 - [MESSAGE][PASSED] - Element 'Object Repository/IS/User Management/Login as user with multiple sites/android.widget.TextView - Edit patient' is exist

2023-09-27 14:11:01 - [TEST_STEP][PASSED] - verifyElementNotExist(findTestObject("IS/User Management/Login as user with multiple sites/android.widget.TextView - Delete patient"), 30): Element 'Object Repository/IS/User Management/Login as user with multiple sites/android.widget.TextView - Delete patient' not found

2023-09-27 14:11:31 - [MESSAGE][PASSED] - Element 'Object Repository/IS/User Management/Login as user with multiple sites/android.widget.TextView - Delete patient' not found

2023-09-27 14:11:31 - [TEST_STEP][PASSED] - verifyElementNotExist(findTestObject("IS/User Management/Login as user with multiple sites/android.widget.TextView - Freeze patient"), 30): Element 'Object Repository/IS/User Management/Login as user with multiple sites/android.widget.TextView - Freeze patient' not found

2023-09-27 14:12:01 - [MESSAGE][PASSED] - Element 'Object Repository/IS/User Management/Login as user with multiple sites/android.widget.TextView - Freeze patient' not found

2023-09-27 14:12:01 - [TEST_STEP][PASSED] - tap(findTestObject("IS/User Management/Login as user with multiple sites/android.widget.TextView - Cancel"), 30): Tapped on element 'Object Repository/IS/User Management/Login as user with multiple sites/android.widget.TextView - Cancel'

2023-09-27 14:12:05 - [MESSAGE][PASSED] - Tapped on element 'Object Repository/IS/User Management/Login as user with multiple sites/android.widget.TextView - Cancel'

2023-09-27 14:12:05 - [TEST_STEP][PASSED] - pressBack(): Press back button successfully

2023-09-27 14:12:06 - [MESSAGE][PASSED] - Press back button successfully

2023-09-27 14:12:06 - [TEST_STEP][PASSED] - tap(findTestObject("Object Repository/IS/User Management/Login as user with multiple sites/android.widget.ImageView - Menu (1)"), 30): Tapped on element 'Object Repository/IS/User Management/Login as user with multiple sites/android.widget.ImageView - Menu (1)'

2023-09-27 14:12:07 - [MESSAGE][PASSED] - Tapped on element 'Object Repository/IS/User Management/Login as user with multiple sites/android.widget.ImageView - Menu (1)'

2023-09-27 14:12:07 - [TEST_STEP][PASSED] - tap(findTestObject("IS/User Management/Login as user with multiple sites/android.widget.TextView - Site"), 30): Tapped on element 'Object Repository/IS/User Management/Login as user with multiple sites/android.widget.TextView - Site'

2023-09-27 14:12:08 - [MESSAGE][PASSED] - Tapped on element 'Object Repository/IS/User Management/Login as user with multiple sites/android.widget.TextView - Site'

2023-09-27 14:12:08 - [TEST_STEP][PASSED] - tap(findTestObject("Object Repository/IS/User Management/Login as user with multiple sites/android.widget.TextView - Test1"), 30): Tapped on element 'Object Repository/IS/User Management/Login as user with multiple sites/android.widget.TextView - Test1'

2023-09-27 14:12:09 - [MESSAGE][PASSED] - Tapped on element 'Object Repository/IS/User Management/Login as user with multiple sites/android.widget.TextView - Test1'

2023-09-27 14:12:09 - [TEST_STEP][PASSED] - verifyElementNotExist(findTestObject("IS/User Management/Login as user with multiple sites/android.widget.TextView - add new patient"), 30): Element 'Object Repository/IS/User Management/Login as user with multiple sites/android.widget.TextView - add new patient' not found

2023-09-27 14:12:40 - [MESSAGE][PASSED] - Element 'Object Repository/IS/User Management/Login as user with multiple sites/android.widget.TextView - add new patient' not found]]></system-out>
         <system-err><![CDATA[]]></system-err>
      </testcase>
      <testcase name="Test Cases/IS/User Managemenet/Auto-logout" time="31.156" classname="Test Cases/IS/User Managemenet/Auto-logout" status="FAILED">
         <failure type="FAILED" message="Test Cases/IS/User Managemenet/Auto-logout FAILED.
Reason:
com.kms.katalon.core.exception.StepFailedException: Object Object Repository/Patient Directory/android.widget.ImageView - Menu Left not found
	at com.kms.katalon.core.keyword.internal.KeywordMain.stepFailed(KeywordMain.groovy:51)
	at com.kms.katalon.core.mobile.keyword.internal.MobileKeywordMain.stepFailed(MobileKeywordMain.groovy:40)
	at com.kms.katalon.core.mobile.keyword.builtin.TapKeyword$_tap_closure1.doCall(TapKeyword.groovy:79)
	at com.kms.katalon.core.mobile.keyword.builtin.TapKeyword$_tap_closure1.call(TapKeyword.groovy)
	at com.kms.katalon.core.mobile.keyword.internal.MobileKeywordMain.runKeyword(MobileKeywordMain.groovy:21)
	at com.kms.katalon.core.mobile.keyword.builtin.TapKeyword.tap(TapKeyword.groovy:84)
	at com.kms.katalon.core.mobile.keyword.builtin.TapKeyword.execute(TapKeyword.groovy:68)
	at com.kms.katalon.core.keyword.internal.KeywordExecutor.executeKeywordForPlatform(KeywordExecutor.groovy:74)
	at com.kms.katalon.core.mobile.keyword.MobileBuiltInKeywords.tap(MobileBuiltInKeywords.groovy:1490)
	at com.kms.katalon.core.mobile.keyword.MobileBuiltInKeywords$tap$1.call(Unknown Source)
	at Auto-logout.run(Auto-logout:20)
	at com.kms.katalon.core.main.ScriptEngine.run(ScriptEngine.java:194)
	at com.kms.katalon.core.main.ScriptEngine.runScriptAsRawText(ScriptEngine.java:119)
	at com.kms.katalon.core.main.TestCaseExecutor.runScript(TestCaseExecutor.java:448)
	at com.kms.katalon.core.main.TestCaseExecutor.doExecute(TestCaseExecutor.java:439)
	at com.kms.katalon.core.main.TestCaseExecutor.processExecutionPhase(TestCaseExecutor.java:418)
	at com.kms.katalon.core.main.TestCaseExecutor.accessMainPhase(TestCaseExecutor.java:410)
	at com.kms.katalon.core.main.TestCaseExecutor.execute(TestCaseExecutor.java:285)
	at com.kms.katalon.core.main.TestCaseExecutor.execute(TestCaseExecutor.java:369)
	at com.kms.katalon.core.main.TestCaseExecutor.execute(TestCaseExecutor.java:369)
	at com.kms.katalon.core.main.TestCaseExecutor.execute(TestCaseExecutor.java:369)
	at com.kms.katalon.core.common.CommonExecutor.accessTestCaseMainPhase(CommonExecutor.java:65)
	at com.kms.katalon.core.main.TestSuiteExecutor.accessTestSuiteMainPhase(TestSuiteExecutor.java:148)
	at com.kms.katalon.core.main.TestSuiteExecutor.execute(TestSuiteExecutor.java:106)
	at com.kms.katalon.core.main.TestCaseMain.startTestSuite(TestCaseMain.java:187)
	at com.kms.katalon.core.main.TestCaseMain$startTestSuite$0.call(Unknown Source)
	at TempTestSuite1695823721831.run(TempTestSuite1695823721831.groovy:36)
"/>
         <system-out><![CDATA[2023-09-27 14:15:27 - [TEST_CASE][FAILED] - Test Cases/IS/User Managemenet/Auto-logout: Test Cases/IS/User Managemenet/Auto-logout FAILED.
Reason:
com.kms.katalon.core.exception.StepFailedException: Object Object Repository/Patient Directory/android.widget.ImageView - Menu Left not found
	at com.kms.katalon.core.keyword.internal.KeywordMain.stepFailed(KeywordMain.groovy:51)
	at com.kms.katalon.core.mobile.keyword.internal.MobileKeywordMain.stepFailed(MobileKeywordMain.groovy:40)
	at com.kms.katalon.core.mobile.keyword.builtin.TapKeyword$_tap_closure1.doCall(TapKeyword.groovy:79)
	at com.kms.katalon.core.mobile.keyword.builtin.TapKeyword$_tap_closure1.call(TapKeyword.groovy)
	at com.kms.katalon.core.mobile.keyword.internal.MobileKeywordMain.runKeyword(MobileKeywordMain.groovy:21)
	at com.kms.katalon.core.mobile.keyword.builtin.TapKeyword.tap(TapKeyword.groovy:84)
	at com.kms.katalon.core.mobile.keyword.builtin.TapKeyword.execute(TapKeyword.groovy:68)
	at com.kms.katalon.core.keyword.internal.KeywordExecutor.executeKeywordForPlatform(KeywordExecutor.groovy:74)
	at com.kms.katalon.core.mobile.keyword.MobileBuiltInKeywords.tap(MobileBuiltInKeywords.groovy:1490)
	at com.kms.katalon.core.mobile.keyword.MobileBuiltInKeywords$tap$1.call(Unknown Source)
	at Auto-logout.run(Auto-logout:20)
	at com.kms.katalon.core.main.ScriptEngine.run(ScriptEngine.java:194)
	at com.kms.katalon.core.main.ScriptEngine.runScriptAsRawText(ScriptEngine.java:119)
	at com.kms.katalon.core.main.TestCaseExecutor.runScript(TestCaseExecutor.java:448)
	at com.kms.katalon.core.main.TestCaseExecutor.doExecute(TestCaseExecutor.java:439)
	at com.kms.katalon.core.main.TestCaseExecutor.processExecutionPhase(TestCaseExecutor.java:418)
	at com.kms.katalon.core.main.TestCaseExecutor.accessMainPhase(TestCaseExecutor.java:410)
	at com.kms.katalon.core.main.TestCaseExecutor.execute(TestCaseExecutor.java:285)
	at com.kms.katalon.core.main.TestCaseExecutor.execute(TestCaseExecutor.java:369)
	at com.kms.katalon.core.main.TestCaseExecutor.execute(TestCaseExecutor.java:369)
	at com.kms.katalon.core.main.TestCaseExecutor.execute(TestCaseExecutor.java:369)
	at com.kms.katalon.core.common.CommonExecutor.accessTestCaseMainPhase(CommonExecutor.java:65)
	at com.kms.katalon.core.main.TestSuiteExecutor.accessTestSuiteMainPhase(TestSuiteExecutor.java:148)
	at com.kms.katalon.core.main.TestSuiteExecutor.execute(TestSuiteExecutor.java:106)
	at com.kms.katalon.core.main.TestCaseMain.startTestSuite(TestCaseMain.java:187)
	at com.kms.katalon.core.main.TestCaseMain$startTestSuite$0.call(Unknown Source)
	at TempTestSuite1695823721831.run(TempTestSuite1695823721831.groovy:36)


2023-09-27 14:15:27 - [TEST_STEP][FAILED] - tap(findTestObject("Patient Directory/android.widget.ImageView - Menu Left"), 30): Failed to tap on element 'Object Repository/Patient Directory/android.widget.ImageView - Menu Left' (Root cause: com.kms.katalon.core.exception.StepFailedException: Object Object Repository/Patient Directory/android.widget.ImageView - Menu Left not found
	at com.kms.katalon.core.keyword.internal.KeywordMain.stepFailed(KeywordMain.groovy:51)
	at com.kms.katalon.core.mobile.keyword.internal.MobileKeywordMain.stepFailed(MobileKeywordMain.groovy:40)
	at com.kms.katalon.core.mobile.keyword.builtin.TapKeyword$_tap_closure1.doCall(TapKeyword.groovy:79)
	at com.kms.katalon.core.mobile.keyword.builtin.TapKeyword$_tap_closure1.call(TapKeyword.groovy)
	at com.kms.katalon.core.mobile.keyword.internal.MobileKeywordMain.runKeyword(MobileKeywordMain.groovy:21)
	at com.kms.katalon.core.mobile.keyword.builtin.TapKeyword.tap(TapKeyword.groovy:84)
	at com.kms.katalon.core.mobile.keyword.builtin.TapKeyword.execute(TapKeyword.groovy:68)
	at com.kms.katalon.core.keyword.internal.KeywordExecutor.executeKeywordForPlatform(KeywordExecutor.groovy:74)
	at com.kms.katalon.core.mobile.keyword.MobileBuiltInKeywords.tap(MobileBuiltInKeywords.groovy:1490)
	at com.kms.katalon.core.mobile.keyword.MobileBuiltInKeywords$tap$1.call(Unknown Source)
	at Auto-logout.run(Auto-logout:20)
	at com.kms.katalon.core.main.ScriptEngine.run(ScriptEngine.java:194)
	at com.kms.katalon.core.main.ScriptEngine.runScriptAsRawText(ScriptEngine.java:119)
	at com.kms.katalon.core.main.TestCaseExecutor.runScript(TestCaseExecutor.java:448)
	at com.kms.katalon.core.main.TestCaseExecutor.doExecute(TestCaseExecutor.java:439)
	at com.kms.katalon.core.main.TestCaseExecutor.processExecutionPhase(TestCaseExecutor.java:418)
	at com.kms.katalon.core.main.TestCaseExecutor.accessMainPhase(TestCaseExecutor.java:410)
	at com.kms.katalon.core.main.TestCaseExecutor.execute(TestCaseExecutor.java:285)
	at com.kms.katalon.core.main.TestCaseExecutor.execute(TestCaseExecutor.java:369)
	at com.kms.katalon.core.main.TestCaseExecutor.execute(TestCaseExecutor.java:369)
	at com.kms.katalon.core.main.TestCaseExecutor.execute(TestCaseExecutor.java:369)
	at com.kms.katalon.core.common.CommonExecutor.accessTestCaseMainPhase(CommonExecutor.java:65)
	at com.kms.katalon.core.main.TestSuiteExecutor.accessTestSuiteMainPhase(TestSuiteExecutor.java:148)
	at com.kms.katalon.core.main.TestSuiteExecutor.execute(TestSuiteExecutor.java:106)
	at com.kms.katalon.core.main.TestCaseMain.startTestSuite(TestCaseMain.java:187)
	at com.kms.katalon.core.main.TestCaseMain$startTestSuite$0.call(Unknown Source)
	at TempTestSuite1695823721831.run(TempTestSuite1695823721831.groovy:36)
)

2023-09-27 14:15:57 - [MESSAGE][FAILED] - Object Object Repository/Patient Directory/android.widget.ImageView - Menu Left not found

2023-09-27 14:15:58 - [MESSAGE][FAILED] - Failed to tap on element 'Object Repository/Patient Directory/android.widget.ImageView - Menu Left' (Root cause: com.kms.katalon.core.exception.StepFailedException: Object Object Repository/Patient Directory/android.widget.ImageView - Menu Left not found
	at com.kms.katalon.core.keyword.internal.KeywordMain.stepFailed(KeywordMain.groovy:51)
	at com.kms.katalon.core.mobile.keyword.internal.MobileKeywordMain.stepFailed(MobileKeywordMain.groovy:40)
	at com.kms.katalon.core.mobile.keyword.builtin.TapKeyword$_tap_closure1.doCall(TapKeyword.groovy:79)
	at com.kms.katalon.core.mobile.keyword.builtin.TapKeyword$_tap_closure1.call(TapKeyword.groovy)
	at com.kms.katalon.core.mobile.keyword.internal.MobileKeywordMain.runKeyword(MobileKeywordMain.groovy:21)
	at com.kms.katalon.core.mobile.keyword.builtin.TapKeyword.tap(TapKeyword.groovy:84)
	at com.kms.katalon.core.mobile.keyword.builtin.TapKeyword.execute(TapKeyword.groovy:68)
	at com.kms.katalon.core.keyword.internal.KeywordExecutor.executeKeywordForPlatform(KeywordExecutor.groovy:74)
	at com.kms.katalon.core.mobile.keyword.MobileBuiltInKeywords.tap(MobileBuiltInKeywords.groovy:1490)
	at com.kms.katalon.core.mobile.keyword.MobileBuiltInKeywords$tap$1.call(Unknown Source)
	at Auto-logout.run(Auto-logout:20)
	at com.kms.katalon.core.main.ScriptEngine.run(ScriptEngine.java:194)
	at com.kms.katalon.core.main.ScriptEngine.runScriptAsRawText(ScriptEngine.java:119)
	at com.kms.katalon.core.main.TestCaseExecutor.runScript(TestCaseExecutor.java:448)
	at com.kms.katalon.core.main.TestCaseExecutor.doExecute(TestCaseExecutor.java:439)
	at com.kms.katalon.core.main.TestCaseExecutor.processExecutionPhase(TestCaseExecutor.java:418)
	at com.kms.katalon.core.main.TestCaseExecutor.accessMainPhase(TestCaseExecutor.java:410)
	at com.kms.katalon.core.main.TestCaseExecutor.execute(TestCaseExecutor.java:285)
	at com.kms.katalon.core.main.TestCaseExecutor.execute(TestCaseExecutor.java:369)
	at com.kms.katalon.core.main.TestCaseExecutor.execute(TestCaseExecutor.java:369)
	at com.kms.katalon.core.main.TestCaseExecutor.execute(TestCaseExecutor.java:369)
	at com.kms.katalon.core.common.CommonExecutor.accessTestCaseMainPhase(CommonExecutor.java:65)
	at com.kms.katalon.core.main.TestSuiteExecutor.accessTestSuiteMainPhase(TestSuiteExecutor.java:148)
	at com.kms.katalon.core.main.TestSuiteExecutor.execute(TestSuiteExecutor.java:106)
	at com.kms.katalon.core.main.TestCaseMain.startTestSuite(TestCaseMain.java:187)
	at com.kms.katalon.core.main.TestCaseMain$startTestSuite$0.call(Unknown Source)
	at TempTestSuite1695823721831.run(TempTestSuite1695823721831.groovy:36)
)
[[ATTACHMENT|C:\\Users\\Amarir\\git\\Android Automation\\Reports\\20230927_140841\\User Management\\20230927_140841\\1695824157638.png]]]]></system-out>
         <system-err><![CDATA[2023-09-27 14:15:27 - [TEST_CASE][FAILED] - Test Cases/IS/User Managemenet/Auto-logout: Test Cases/IS/User Managemenet/Auto-logout FAILED.
Reason:
com.kms.katalon.core.exception.StepFailedException: Object Object Repository/Patient Directory/android.widget.ImageView - Menu Left not found
	at com.kms.katalon.core.keyword.internal.KeywordMain.stepFailed(KeywordMain.groovy:51)
	at com.kms.katalon.core.mobile.keyword.internal.MobileKeywordMain.stepFailed(MobileKeywordMain.groovy:40)
	at com.kms.katalon.core.mobile.keyword.builtin.TapKeyword$_tap_closure1.doCall(TapKeyword.groovy:79)
	at com.kms.katalon.core.mobile.keyword.builtin.TapKeyword$_tap_closure1.call(TapKeyword.groovy)
	at com.kms.katalon.core.mobile.keyword.internal.MobileKeywordMain.runKeyword(MobileKeywordMain.groovy:21)
	at com.kms.katalon.core.mobile.keyword.builtin.TapKeyword.tap(TapKeyword.groovy:84)
	at com.kms.katalon.core.mobile.keyword.builtin.TapKeyword.execute(TapKeyword.groovy:68)
	at com.kms.katalon.core.keyword.internal.KeywordExecutor.executeKeywordForPlatform(KeywordExecutor.groovy:74)
	at com.kms.katalon.core.mobile.keyword.MobileBuiltInKeywords.tap(MobileBuiltInKeywords.groovy:1490)
	at com.kms.katalon.core.mobile.keyword.MobileBuiltInKeywords$tap$1.call(Unknown Source)
	at Auto-logout.run(Auto-logout:20)
	at com.kms.katalon.core.main.ScriptEngine.run(ScriptEngine.java:194)
	at com.kms.katalon.core.main.ScriptEngine.runScriptAsRawText(ScriptEngine.java:119)
	at com.kms.katalon.core.main.TestCaseExecutor.runScript(TestCaseExecutor.java:448)
	at com.kms.katalon.core.main.TestCaseExecutor.doExecute(TestCaseExecutor.java:439)
	at com.kms.katalon.core.main.TestCaseExecutor.processExecutionPhase(TestCaseExecutor.java:418)
	at com.kms.katalon.core.main.TestCaseExecutor.accessMainPhase(TestCaseExecutor.java:410)
	at com.kms.katalon.core.main.TestCaseExecutor.execute(TestCaseExecutor.java:285)
	at com.kms.katalon.core.main.TestCaseExecutor.execute(TestCaseExecutor.java:369)
	at com.kms.katalon.core.main.TestCaseExecutor.execute(TestCaseExecutor.java:369)
	at com.kms.katalon.core.main.TestCaseExecutor.execute(TestCaseExecutor.java:369)
	at com.kms.katalon.core.common.CommonExecutor.accessTestCaseMainPhase(CommonExecutor.java:65)
	at com.kms.katalon.core.main.TestSuiteExecutor.accessTestSuiteMainPhase(TestSuiteExecutor.java:148)
	at com.kms.katalon.core.main.TestSuiteExecutor.execute(TestSuiteExecutor.java:106)
	at com.kms.katalon.core.main.TestCaseMain.startTestSuite(TestCaseMain.java:187)
	at com.kms.katalon.core.main.TestCaseMain$startTestSuite$0.call(Unknown Source)
	at TempTestSuite1695823721831.run(TempTestSuite1695823721831.groovy:36)]]></system-err>
      </testcase>
      <system-out><![CDATA[2023-09-27 14:08:53 - [TEST_SUITE][FAILED] - User Management: Test Cases/IS/User Managemenet/Auto-logout FAILED.
Reason:
com.kms.katalon.core.exception.StepFailedException: Element 'Object Repository/IS/User Management/Auto-Logout/android.widget.ImageView (2)' not found
	at com.kms.katalon.core.keyword.internal.KeywordMain.stepFailed(KeywordMain.groovy:51)
	at com.kms.katalon.core.mobile.keyword.internal.MobileKeywordMain.stepFailed(MobileKeywordMain.groovy:40)
	at com.kms.katalon.core.mobile.keyword.builtin.VerifyElementExistKeyword$_verifyElementExist_closure1.doCall(VerifyElementExistKeyword.groovy:77)
	at com.kms.katalon.core.mobile.keyword.builtin.VerifyElementExistKeyword$_verifyElementExist_closure1.call(VerifyElementExistKeyword.groovy)
	at com.kms.katalon.core.mobile.keyword.internal.MobileKeywordMain.runKeyword(MobileKeywordMain.groovy:21)
	at com.kms.katalon.core.mobile.keyword.builtin.VerifyElementExistKeyword.verifyElementExist(VerifyElementExistKeyword.groovy:80)
	at com.kms.katalon.core.mobile.keyword.builtin.VerifyElementExistKeyword.execute(VerifyElementExistKeyword.groovy:64)
	at com.kms.katalon.core.keyword.internal.KeywordExecutor.executeKeywordForPlatform(KeywordExecutor.groovy:74)
	at com.kms.katalon.core.mobile.keyword.MobileBuiltInKeywords.verifyElementExist(MobileBuiltInKeywords.groovy:1755)
	at com.kms.katalon.core.mobile.keyword.MobileBuiltInKeywords$verifyElementExist$3.call(Unknown Source)
	at Auto-logout.run(Auto-logout:32)
	at com.kms.katalon.core.main.ScriptEngine.run(ScriptEngine.java:194)
	at com.kms.katalon.core.main.ScriptEngine.runScriptAsRawText(ScriptEngine.java:119)
	at com.kms.katalon.core.main.TestCaseExecutor.runScript(TestCaseExecutor.java:448)
	at com.kms.katalon.core.main.TestCaseExecutor.doExecute(TestCaseExecutor.java:439)
	at com.kms.katalon.core.main.TestCaseExecutor.processExecutionPhase(TestCaseExecutor.java:418)
	at com.kms.katalon.core.main.TestCaseExecutor.accessMainPhase(TestCaseExecutor.java:410)
	at com.kms.katalon.core.main.TestCaseExecutor.execute(TestCaseExecutor.java:285)
	at com.kms.katalon.core.common.CommonExecutor.accessTestCaseMainPhase(CommonExecutor.java:65)
	at com.kms.katalon.core.main.TestSuiteExecutor.accessTestSuiteMainPhase(TestSuiteExecutor.java:148)
	at com.kms.katalon.core.main.TestSuiteExecutor.execute(TestSuiteExecutor.java:106)
	at com.kms.katalon.core.main.TestCaseMain.startTestSuite(TestCaseMain.java:187)
	at com.kms.katalon.core.main.TestCaseMain$startTestSuite$0.call(Unknown Source)
	at TempTestSuite1695823721831.run(TempTestSuite1695823721831.groovy:36)]]></system-out>
      <system-err><![CDATA[2023-09-27 14:08:53 - [TEST_SUITE][FAILED] - User Management: Test Cases/IS/User Managemenet/Auto-logout FAILED.
Reason:
com.kms.katalon.core.exception.StepFailedException: Element 'Object Repository/IS/User Management/Auto-Logout/android.widget.ImageView (2)' not found
	at com.kms.katalon.core.keyword.internal.KeywordMain.stepFailed(KeywordMain.groovy:51)
	at com.kms.katalon.core.mobile.keyword.internal.MobileKeywordMain.stepFailed(MobileKeywordMain.groovy:40)
	at com.kms.katalon.core.mobile.keyword.builtin.VerifyElementExistKeyword$_verifyElementExist_closure1.doCall(VerifyElementExistKeyword.groovy:77)
	at com.kms.katalon.core.mobile.keyword.builtin.VerifyElementExistKeyword$_verifyElementExist_closure1.call(VerifyElementExistKeyword.groovy)
	at com.kms.katalon.core.mobile.keyword.internal.MobileKeywordMain.runKeyword(MobileKeywordMain.groovy:21)
	at com.kms.katalon.core.mobile.keyword.builtin.VerifyElementExistKeyword.verifyElementExist(VerifyElementExistKeyword.groovy:80)
	at com.kms.katalon.core.mobile.keyword.builtin.VerifyElementExistKeyword.execute(VerifyElementExistKeyword.groovy:64)
	at com.kms.katalon.core.keyword.internal.KeywordExecutor.executeKeywordForPlatform(KeywordExecutor.groovy:74)
	at com.kms.katalon.core.mobile.keyword.MobileBuiltInKeywords.verifyElementExist(MobileBuiltInKeywords.groovy:1755)
	at com.kms.katalon.core.mobile.keyword.MobileBuiltInKeywords$verifyElementExist$3.call(Unknown Source)
	at Auto-logout.run(Auto-logout:32)
	at com.kms.katalon.core.main.ScriptEngine.run(ScriptEngine.java:194)
	at com.kms.katalon.core.main.ScriptEngine.runScriptAsRawText(ScriptEngine.java:119)
	at com.kms.katalon.core.main.TestCaseExecutor.runScript(TestCaseExecutor.java:448)
	at com.kms.katalon.core.main.TestCaseExecutor.doExecute(TestCaseExecutor.java:439)
	at com.kms.katalon.core.main.TestCaseExecutor.processExecutionPhase(TestCaseExecutor.java:418)
	at com.kms.katalon.core.main.TestCaseExecutor.accessMainPhase(TestCaseExecutor.java:410)
	at com.kms.katalon.core.main.TestCaseExecutor.execute(TestCaseExecutor.java:285)
	at com.kms.katalon.core.common.CommonExecutor.accessTestCaseMainPhase(CommonExecutor.java:65)
	at com.kms.katalon.core.main.TestSuiteExecutor.accessTestSuiteMainPhase(TestSuiteExecutor.java:148)
	at com.kms.katalon.core.main.TestSuiteExecutor.execute(TestSuiteExecutor.java:106)
	at com.kms.katalon.core.main.TestCaseMain.startTestSuite(TestCaseMain.java:187)
	at com.kms.katalon.core.main.TestCaseMain$startTestSuite$0.call(Unknown Source)
	at TempTestSuite1695823721831.run(TempTestSuite1695823721831.groovy:36)]]></system-err>
   </testsuite>
</testsuites>
