<?xml version="1.0" encoding="UTF-8"?>
<testsuites name="User Management" time="470.323" tests="7" failures="0" errors="0">
   <testsuite name="User Management" tests="7" failures="0" errors="0" time="470.323" skipped="0" timestamp="2023-08-17 10:27:41" hostname="Amarir - DESKTOP-EE3F8H4" id="Test Suites/User Management">
      <properties>
         <property name="deviceName" value="samsung SM-N975F (Android 12)"/>
         <property name="devicePlatform" value=""/>
         <property name="logFolder" value="C:\\Users\\Amarir\\git\\IS_Katalon_Lite_Version\\Reports\\20230817_102719\\User Management\\20230817_102722"/>
         <property name="logFiles" value="C:\\Users\\Amarir\\git\\IS_Katalon_Lite_Version\\Reports\\20230817_102719\\User Management\\20230817_102722\\appium.log, C:\\Users\\Amarir\\git\\IS_Katalon_Lite_Version\\Reports\\20230817_102719\\User Management\\20230817_102722\\execution0.log"/>
         <property name="attachments" value=""/>
         <property name="hostName" value="Amarir - DESKTOP-EE3F8H4"/>
         <property name="os" value="Windows 10 64bit"/>
         <property name="appiumServerStatus" value="{&quot;value&quot;:{&quot;build&quot;:{&quot;version&quot;:&quot;1.22.0&quot;}},&quot;sessionId&quot;:null,&quot;status&quot;:0}"/>
         <property name="katalonVersion" value="8.6.5.208"/>
         <property name="deviceOS" value="Android"/>
         <property name="appiumVersion" value="1.22.0"/>
         <property name="deviceModel" value="SM-N975F"/>
         <property name="hostAddress" value="192.168.234.1"/>
         <property name="deviceManufacturer" value="samsung"/>
         <property name="deviceId" value="RF8N307NKZV"/>
         <property name="deviceName" value="samsung SM-N975F (Android 12)"/>
         <property name="deviceOSVersion" value="12"/>
      </properties>
      <testcase name="Test Cases/User Managemenet/Privacy Terms and Conditions" time="195.373" classname="Test Cases/User Managemenet/Privacy Terms and Conditions" status="PASSED">
         <system-out><![CDATA[2023-08-17 10:27:42 - [TEST_CASE][PASSED] - Test Cases/User Managemenet/Privacy Terms and Conditions: Test Cases/User Managemenet/Privacy Terms and Conditions

2023-08-17 10:27:44 - [TEST_STEP][PASSED] - startApplication(APK, true): Started app at: 'C:\Users\Amarir\Downloads\APK\IS\IS_Prod_2.1.apk'

2023-08-17 10:27:48 - [MESSAGE][INFO] - Detected NodeJS location: "C:\Program Files\nodejs\node.exe"

2023-08-17 10:27:55 - [MESSAGE][INFO] - Appium server started on port 59,392

2023-08-17 10:28:39 - [MESSAGE][PASSED] - Started app at: 'C:\Users\Amarir\Downloads\APK\IS\IS_Prod_2.1.apk'

2023-08-17 10:28:39 - [TEST_STEP][PASSED] - verifyElementText(findTestObject("Object Repository/User Management/Privacy Terms and conditions/android.widget.TextView - Terms  Conditions"), "Terms & Conditions"): Actual text and expected text of test object 'Object Repository/User Management/Privacy Terms and conditions/android.widget.TextView - Terms  Conditions' are matched.

2023-08-17 10:29:09 - [MESSAGE][PASSED] - Actual text and expected text of test object 'Object Repository/User Management/Privacy Terms and conditions/android.widget.TextView - Terms  Conditions' are matched.

2023-08-17 10:29:09 - [TEST_STEP][PASSED] - verifyElementText(findTestObject("Object Repository/User Management/Privacy Terms and conditions/android.widget.TextView - Privacy Policy"), "Privacy Policy"): Actual text and expected text of test object 'Object Repository/User Management/Privacy Terms and conditions/android.widget.TextView - Privacy Policy' are matched.

2023-08-17 10:29:40 - [MESSAGE][PASSED] - Actual text and expected text of test object 'Object Repository/User Management/Privacy Terms and conditions/android.widget.TextView - Privacy Policy' are matched.

2023-08-17 10:29:40 - [TEST_STEP][PASSED] - tap(findTestObject("User Management/Privacy Terms and conditions/android.widget.TextView - Terms  Conditions"), 30): Tapped on element 'Object Repository/User Management/Privacy Terms and conditions/android.widget.TextView - Terms  Conditions'

2023-08-17 10:30:10 - [MESSAGE][PASSED] - Tapped on element 'Object Repository/User Management/Privacy Terms and conditions/android.widget.TextView - Terms  Conditions'

2023-08-17 10:30:10 - [TEST_STEP][PASSED] - delay(5, STOP_ON_FAILURE): Delayed 5 second(s)

2023-08-17 10:30:15 - [MESSAGE][PASSED] - Delayed 5 second(s)

2023-08-17 10:30:15 - [TEST_STEP][PASSED] - verifyElementText(findTestObject("User Management/Privacy Terms and conditions/android.widget.TextView - Terms and Conditions"), "Terms and Conditions"): Actual text and expected text of test object 'Object Repository/User Management/Privacy Terms and conditions/android.widget.TextView - Terms and Conditions' are matched.

2023-08-17 10:30:19 - [MESSAGE][PASSED] - Actual text and expected text of test object 'Object Repository/User Management/Privacy Terms and conditions/android.widget.TextView - Terms and Conditions' are matched.

2023-08-17 10:30:19 - [TEST_STEP][PASSED] - pressBack(): Press back button successfully

2023-08-17 10:30:20 - [MESSAGE][PASSED] - Press back button successfully

2023-08-17 10:30:20 - [TEST_STEP][PASSED] - tap(findTestObject("User Management/Privacy Terms and conditions/android.widget.TextView - Privacy Policy"), 30): Tapped on element 'Object Repository/User Management/Privacy Terms and conditions/android.widget.TextView - Privacy Policy'

2023-08-17 10:30:50 - [MESSAGE][PASSED] - Tapped on element 'Object Repository/User Management/Privacy Terms and conditions/android.widget.TextView - Privacy Policy'

2023-08-17 10:30:50 - [TEST_STEP][PASSED] - delay(5, STOP_ON_FAILURE): Delayed 5 second(s)

2023-08-17 10:30:55 - [MESSAGE][PASSED] - Delayed 5 second(s)

2023-08-17 10:30:55 - [TEST_STEP][PASSED] - verifyElementText(findTestObject("Object Repository/User Management/Privacy Terms and conditions/android.widget.TextView - Privacy Policy (1)"), "Privacy Policy"): Actual text and expected text of test object 'Object Repository/User Management/Privacy Terms and conditions/android.widget.TextView - Privacy Policy (1)' are matched.

2023-08-17 10:30:57 - [MESSAGE][PASSED] - Actual text and expected text of test object 'Object Repository/User Management/Privacy Terms and conditions/android.widget.TextView - Privacy Policy (1)' are matched.

2023-08-17 10:30:57 - [TEST_STEP][PASSED] - pressBack(): Press back button successfully

2023-08-17 10:30:57 - [MESSAGE][PASSED] - Press back button successfully]]></system-out>
         <system-err><![CDATA[]]></system-err>
      </testcase>
      <testcase name="Test Cases/User Managemenet/Restore Password" time="5.995" classname="Test Cases/User Managemenet/Restore Password" status="PASSED">
         <system-out><![CDATA[2023-08-17 10:30:58 - [TEST_CASE][PASSED] - Test Cases/User Managemenet/Restore Password: Test Cases/User Managemenet/Restore Password

2023-08-17 10:30:59 - [TEST_STEP][PASSED] - tap(findTestObject("Object Repository/User Management/Restore Password/android.widget.TextView - Forgot your password"), 30): Tapped on element 'Object Repository/User Management/Restore Password/android.widget.TextView - Forgot your password'

2023-08-17 10:30:59 - [MESSAGE][PASSED] - Tapped on element 'Object Repository/User Management/Restore Password/android.widget.TextView - Forgot your password'

2023-08-17 10:30:59 - [TEST_STEP][PASSED] - setText(findTestObject("Object Repository/User Management/Restore Password/android.widget.EditText - username"), LoginCreds.get("username"), 30): Text 'safakata' has been set to element 'Object Repository/User Management/Restore Password/android.widget.EditText - username'

2023-08-17 10:31:00 - [MESSAGE][PASSED] - Text 'safakata' has been set to element 'Object Repository/User Management/Restore Password/android.widget.EditText - username'

2023-08-17 10:31:00 - [TEST_STEP][PASSED] - setText(findTestObject("Object Repository/User Management/Restore Password/android.widget.EditText - email"), LoginCreds.get("email"), 30): Text 'samarir+katalon@masaratapp.com' has been set to element 'Object Repository/User Management/Restore Password/android.widget.EditText - email'

2023-08-17 10:31:02 - [MESSAGE][PASSED] - Text 'samarir+katalon@masaratapp.com' has been set to element 'Object Repository/User Management/Restore Password/android.widget.EditText - email'

2023-08-17 10:31:02 - [TEST_STEP][PASSED] - tap(findTestObject("Object Repository/User Management/Restore Password/android.view.ViewGroup"), 30): Tapped on element 'Object Repository/User Management/Restore Password/android.view.ViewGroup'

2023-08-17 10:31:03 - [MESSAGE][PASSED] - Tapped on element 'Object Repository/User Management/Restore Password/android.view.ViewGroup'

2023-08-17 10:31:03 - [TEST_STEP][PASSED] - pressBack(): Press back button successfully

2023-08-17 10:31:03 - [MESSAGE][PASSED] - Press back button successfully]]></system-out>
         <system-err><![CDATA[]]></system-err>
      </testcase>
      <testcase name="Test Cases/User Managemenet/10loginTestAttempts" time="29.552" classname="Test Cases/User Managemenet/10loginTestAttempts" status="PASSED">
         <system-out><![CDATA[2023-08-17 10:31:04 - [TEST_CASE][PASSED] - Test Cases/User Managemenet/10loginTestAttempts: Test Cases/User Managemenet/10loginTestAttempts

2023-08-17 10:31:05 - [TEST_STEP][PASSED] - setText(findTestObject("User Management/Login/android.widget.EditText - username"), "Test10times", 30): Text 'Test10times' has been set to element 'Object Repository/User Management/Login/android.widget.EditText - username'

2023-08-17 10:31:06 - [MESSAGE][PASSED] - Text 'Test10times' has been set to element 'Object Repository/User Management/Login/android.widget.EditText - username'

2023-08-17 10:31:06 - [TEST_STEP][PASSED] - setText(findTestObject("User Management/Login/android.widget.EditText - password"), "123", 30): Text '123' has been set to element 'Object Repository/User Management/Login/android.widget.EditText - password'

2023-08-17 10:31:07 - [MESSAGE][PASSED] - Text '123' has been set to element 'Object Repository/User Management/Login/android.widget.EditText - password'

2023-08-17 10:31:07 - [TEST_STEP][PASSED] - tap(findTestObject("Object Repository/User Management/10loginAttempts/android.view.ViewGroup"), 30): Tapped on element 'Object Repository/User Management/10loginAttempts/android.view.ViewGroup'

2023-08-17 10:31:08 - [MESSAGE][PASSED] - Tapped on element 'Object Repository/User Management/10loginAttempts/android.view.ViewGroup'

2023-08-17 10:31:08 - [TEST_STEP][PASSED] - verifyElementText(findTestObject("User Management/10loginAttempts/android.widget.TextView - Login failed. Incorrect credentials"), "Login failed. Incorrect credentials !"): Actual text and expected text of test object 'Object Repository/User Management/10loginAttempts/android.widget.TextView - Login failed. Incorrect credentials' are matched.

2023-08-17 10:31:09 - [MESSAGE][PASSED] - Actual text and expected text of test object 'Object Repository/User Management/10loginAttempts/android.widget.TextView - Login failed. Incorrect credentials' are matched.

2023-08-17 10:31:09 - [TEST_STEP][PASSED] - tap(findTestObject("Object Repository/User Management/10loginAttempts/android.widget.Button - OK"), 30): Tapped on element 'Object Repository/User Management/10loginAttempts/android.widget.Button - OK'

2023-08-17 10:31:10 - [MESSAGE][PASSED] - Tapped on element 'Object Repository/User Management/10loginAttempts/android.widget.Button - OK'

2023-08-17 10:31:10 - [TEST_STEP][PASSED] - tap(findTestObject("User Management/10loginAttempts/android.view.ViewGroup"), 30): Tapped on element 'Object Repository/User Management/10loginAttempts/android.view.ViewGroup'

2023-08-17 10:31:10 - [MESSAGE][PASSED] - Tapped on element 'Object Repository/User Management/10loginAttempts/android.view.ViewGroup'

2023-08-17 10:31:10 - [TEST_STEP][PASSED] - verifyElementText(findTestObject("User Management/10loginAttempts/android.widget.TextView - Login failed. Incorrect credentials"), "Login failed. Incorrect credentials !"): Actual text and expected text of test object 'Object Repository/User Management/10loginAttempts/android.widget.TextView - Login failed. Incorrect credentials' are matched.

2023-08-17 10:31:12 - [MESSAGE][PASSED] - Actual text and expected text of test object 'Object Repository/User Management/10loginAttempts/android.widget.TextView - Login failed. Incorrect credentials' are matched.

2023-08-17 10:31:12 - [TEST_STEP][PASSED] - tap(findTestObject("Object Repository/User Management/10loginAttempts/android.widget.Button - OK"), 30): Tapped on element 'Object Repository/User Management/10loginAttempts/android.widget.Button - OK'

2023-08-17 10:31:13 - [MESSAGE][PASSED] - Tapped on element 'Object Repository/User Management/10loginAttempts/android.widget.Button - OK'

2023-08-17 10:31:13 - [TEST_STEP][PASSED] - tap(findTestObject("User Management/10loginAttempts/android.view.ViewGroup"), 30): Tapped on element 'Object Repository/User Management/10loginAttempts/android.view.ViewGroup'

2023-08-17 10:31:13 - [MESSAGE][PASSED] - Tapped on element 'Object Repository/User Management/10loginAttempts/android.view.ViewGroup'

2023-08-17 10:31:13 - [TEST_STEP][PASSED] - verifyElementText(findTestObject("User Management/10loginAttempts/android.widget.TextView - Login failed. Incorrect credentials"), "Login failed. Incorrect credentials !"): Actual text and expected text of test object 'Object Repository/User Management/10loginAttempts/android.widget.TextView - Login failed. Incorrect credentials' are matched.

2023-08-17 10:31:15 - [MESSAGE][PASSED] - Actual text and expected text of test object 'Object Repository/User Management/10loginAttempts/android.widget.TextView - Login failed. Incorrect credentials' are matched.

2023-08-17 10:31:15 - [TEST_STEP][PASSED] - tap(findTestObject("Object Repository/User Management/10loginAttempts/android.widget.Button - OK"), 30): Tapped on element 'Object Repository/User Management/10loginAttempts/android.widget.Button - OK'

2023-08-17 10:31:15 - [MESSAGE][PASSED] - Tapped on element 'Object Repository/User Management/10loginAttempts/android.widget.Button - OK'

2023-08-17 10:31:15 - [TEST_STEP][PASSED] - tap(findTestObject("User Management/10loginAttempts/android.view.ViewGroup"), 30): Tapped on element 'Object Repository/User Management/10loginAttempts/android.view.ViewGroup'

2023-08-17 10:31:16 - [MESSAGE][PASSED] - Tapped on element 'Object Repository/User Management/10loginAttempts/android.view.ViewGroup'

2023-08-17 10:31:16 - [TEST_STEP][PASSED] - verifyElementText(findTestObject("User Management/10loginAttempts/android.widget.TextView - Login failed. Incorrect credentials"), "Login failed. Incorrect credentials !"): Actual text and expected text of test object 'Object Repository/User Management/10loginAttempts/android.widget.TextView - Login failed. Incorrect credentials' are matched.

2023-08-17 10:31:18 - [MESSAGE][PASSED] - Actual text and expected text of test object 'Object Repository/User Management/10loginAttempts/android.widget.TextView - Login failed. Incorrect credentials' are matched.

2023-08-17 10:31:18 - [TEST_STEP][PASSED] - tap(findTestObject("Object Repository/User Management/10loginAttempts/android.widget.Button - OK"), 30): Tapped on element 'Object Repository/User Management/10loginAttempts/android.widget.Button - OK'

2023-08-17 10:31:19 - [MESSAGE][PASSED] - Tapped on element 'Object Repository/User Management/10loginAttempts/android.widget.Button - OK'

2023-08-17 10:31:19 - [TEST_STEP][PASSED] - tap(findTestObject("User Management/10loginAttempts/android.view.ViewGroup"), 30): Tapped on element 'Object Repository/User Management/10loginAttempts/android.view.ViewGroup'

2023-08-17 10:31:19 - [MESSAGE][PASSED] - Tapped on element 'Object Repository/User Management/10loginAttempts/android.view.ViewGroup'

2023-08-17 10:31:19 - [TEST_STEP][PASSED] - verifyElementText(findTestObject("User Management/10loginAttempts/android.widget.TextView - Login failed. Incorrect credentials"), "Login failed. Incorrect credentials !"): Actual text and expected text of test object 'Object Repository/User Management/10loginAttempts/android.widget.TextView - Login failed. Incorrect credentials' are matched.

2023-08-17 10:31:21 - [MESSAGE][PASSED] - Actual text and expected text of test object 'Object Repository/User Management/10loginAttempts/android.widget.TextView - Login failed. Incorrect credentials' are matched.

2023-08-17 10:31:21 - [TEST_STEP][PASSED] - tap(findTestObject("Object Repository/User Management/10loginAttempts/android.widget.Button - OK"), 30): Tapped on element 'Object Repository/User Management/10loginAttempts/android.widget.Button - OK'

2023-08-17 10:31:21 - [MESSAGE][PASSED] - Tapped on element 'Object Repository/User Management/10loginAttempts/android.widget.Button - OK'

2023-08-17 10:31:21 - [TEST_STEP][PASSED] - tap(findTestObject("User Management/10loginAttempts/android.view.ViewGroup"), 30): Tapped on element 'Object Repository/User Management/10loginAttempts/android.view.ViewGroup'

2023-08-17 10:31:22 - [MESSAGE][PASSED] - Tapped on element 'Object Repository/User Management/10loginAttempts/android.view.ViewGroup'

2023-08-17 10:31:22 - [TEST_STEP][PASSED] - verifyElementText(findTestObject("User Management/10loginAttempts/android.widget.TextView - Login failed. Incorrect credentials"), "Login failed. Incorrect credentials !"): Actual text and expected text of test object 'Object Repository/User Management/10loginAttempts/android.widget.TextView - Login failed. Incorrect credentials' are matched.

2023-08-17 10:31:23 - [MESSAGE][PASSED] - Actual text and expected text of test object 'Object Repository/User Management/10loginAttempts/android.widget.TextView - Login failed. Incorrect credentials' are matched.

2023-08-17 10:31:23 - [TEST_STEP][PASSED] - tap(findTestObject("Object Repository/User Management/10loginAttempts/android.widget.Button - OK"), 30): Tapped on element 'Object Repository/User Management/10loginAttempts/android.widget.Button - OK'

2023-08-17 10:31:23 - [MESSAGE][PASSED] - Tapped on element 'Object Repository/User Management/10loginAttempts/android.widget.Button - OK'

2023-08-17 10:31:23 - [TEST_STEP][PASSED] - tap(findTestObject("User Management/10loginAttempts/android.view.ViewGroup"), 30): Tapped on element 'Object Repository/User Management/10loginAttempts/android.view.ViewGroup'

2023-08-17 10:31:24 - [MESSAGE][PASSED] - Tapped on element 'Object Repository/User Management/10loginAttempts/android.view.ViewGroup'

2023-08-17 10:31:24 - [TEST_STEP][PASSED] - verifyElementText(findTestObject("User Management/10loginAttempts/android.widget.TextView - Login failed. Incorrect credentials"), "Login failed. Incorrect credentials !"): Actual text and expected text of test object 'Object Repository/User Management/10loginAttempts/android.widget.TextView - Login failed. Incorrect credentials' are matched.

2023-08-17 10:31:25 - [MESSAGE][PASSED] - Actual text and expected text of test object 'Object Repository/User Management/10loginAttempts/android.widget.TextView - Login failed. Incorrect credentials' are matched.

2023-08-17 10:31:25 - [TEST_STEP][PASSED] - tap(findTestObject("Object Repository/User Management/10loginAttempts/android.widget.Button - OK"), 30): Tapped on element 'Object Repository/User Management/10loginAttempts/android.widget.Button - OK'

2023-08-17 10:31:26 - [MESSAGE][PASSED] - Tapped on element 'Object Repository/User Management/10loginAttempts/android.widget.Button - OK'

2023-08-17 10:31:26 - [TEST_STEP][PASSED] - tap(findTestObject("User Management/10loginAttempts/android.view.ViewGroup"), 30): Tapped on element 'Object Repository/User Management/10loginAttempts/android.view.ViewGroup'

2023-08-17 10:31:27 - [MESSAGE][PASSED] - Tapped on element 'Object Repository/User Management/10loginAttempts/android.view.ViewGroup'

2023-08-17 10:31:27 - [TEST_STEP][PASSED] - verifyElementText(findTestObject("User Management/10loginAttempts/android.widget.TextView - Login failed. Incorrect credentials"), "Login failed. Incorrect credentials !"): Actual text and expected text of test object 'Object Repository/User Management/10loginAttempts/android.widget.TextView - Login failed. Incorrect credentials' are matched.

2023-08-17 10:31:28 - [MESSAGE][PASSED] - Actual text and expected text of test object 'Object Repository/User Management/10loginAttempts/android.widget.TextView - Login failed. Incorrect credentials' are matched.

2023-08-17 10:31:28 - [TEST_STEP][PASSED] - tap(findTestObject("Object Repository/User Management/10loginAttempts/android.widget.Button - OK"), 30): Tapped on element 'Object Repository/User Management/10loginAttempts/android.widget.Button - OK'

2023-08-17 10:31:28 - [MESSAGE][PASSED] - Tapped on element 'Object Repository/User Management/10loginAttempts/android.widget.Button - OK'

2023-08-17 10:31:28 - [TEST_STEP][PASSED] - tap(findTestObject("User Management/10loginAttempts/android.view.ViewGroup"), 30): Tapped on element 'Object Repository/User Management/10loginAttempts/android.view.ViewGroup'

2023-08-17 10:31:29 - [MESSAGE][PASSED] - Tapped on element 'Object Repository/User Management/10loginAttempts/android.view.ViewGroup'

2023-08-17 10:31:29 - [TEST_STEP][PASSED] - verifyElementText(findTestObject("User Management/10loginAttempts/android.widget.TextView - Login failed. Incorrect credentials"), "Login failed. Incorrect credentials !"): Actual text and expected text of test object 'Object Repository/User Management/10loginAttempts/android.widget.TextView - Login failed. Incorrect credentials' are matched.

2023-08-17 10:31:30 - [MESSAGE][PASSED] - Actual text and expected text of test object 'Object Repository/User Management/10loginAttempts/android.widget.TextView - Login failed. Incorrect credentials' are matched.

2023-08-17 10:31:30 - [TEST_STEP][PASSED] - tap(findTestObject("Object Repository/User Management/10loginAttempts/android.widget.Button - OK"), 30): Tapped on element 'Object Repository/User Management/10loginAttempts/android.widget.Button - OK'

2023-08-17 10:31:30 - [MESSAGE][PASSED] - Tapped on element 'Object Repository/User Management/10loginAttempts/android.widget.Button - OK'

2023-08-17 10:31:30 - [TEST_STEP][PASSED] - tap(findTestObject("User Management/10loginAttempts/android.view.ViewGroup"), 30): Tapped on element 'Object Repository/User Management/10loginAttempts/android.view.ViewGroup'

2023-08-17 10:31:31 - [MESSAGE][PASSED] - Tapped on element 'Object Repository/User Management/10loginAttempts/android.view.ViewGroup'

2023-08-17 10:31:31 - [TEST_STEP][PASSED] - verifyElementText(findTestObject("User Management/10loginAttempts/android.widget.TextView - Your account has been temporarily disabled due to repeated login failures. Please contact your administrator qcekareinc.com"), "Your account has been temporarily disabled due to repeated login failures. Please contact your administrator: qc@ekareinc.com"): Actual text and expected text of test object 'Object Repository/User Management/10loginAttempts/android.widget.TextView - Your account has been temporarily disabled due to repeated login failures. Please contact your administrator qcekareinc.com' are matched.

2023-08-17 10:31:33 - [MESSAGE][PASSED] - Actual text and expected text of test object 'Object Repository/User Management/10loginAttempts/android.widget.TextView - Your account has been temporarily disabled due to repeated login failures. Please contact your administrator qcekareinc.com' are matched.

2023-08-17 10:31:33 - [TEST_STEP][PASSED] - tap(findTestObject("Object Repository/User Management/10loginAttempts/android.widget.Button - OK (1)"), 30): Tapped on element 'Object Repository/User Management/10loginAttempts/android.widget.Button - OK (1)'

2023-08-17 10:31:33 - [MESSAGE][PASSED] - Tapped on element 'Object Repository/User Management/10loginAttempts/android.widget.Button - OK (1)']]></system-out>
         <system-err><![CDATA[]]></system-err>
      </testcase>
      <testcase name="Test Cases/User Managemenet/Login" time="26.816" classname="Test Cases/User Managemenet/Login" status="PASSED">
         <system-out><![CDATA[2023-08-17 10:31:33 - [TEST_CASE][PASSED] - Test Cases/User Managemenet/Login: Test Cases/User Managemenet/Login

2023-08-17 10:31:34 - [TEST_STEP][PASSED] - startApplication(APK, false): Started app at: 'C:\Users\Amarir\Downloads\APK\IS\IS_Prod_2.1.apk'

2023-08-17 10:31:45 - [MESSAGE][PASSED] - Started app at: 'C:\Users\Amarir\Downloads\APK\IS\IS_Prod_2.1.apk'

2023-08-17 10:31:45 - [TEST_STEP][PASSED] - setText(findTestObject("User Management/Login/android.widget.EditText - username"), LoginCreds.get("username"), 30): Text 'safakata' has been set to element 'Object Repository/User Management/Login/android.widget.EditText - username'

2023-08-17 10:31:50 - [MESSAGE][PASSED] - Text 'safakata' has been set to element 'Object Repository/User Management/Login/android.widget.EditText - username'

2023-08-17 10:31:50 - [TEST_STEP][PASSED] - setText(findTestObject("User Management/Login/android.widget.EditText - password"), LoginCreds.get("password"), 30): Text 'eKare123@' has been set to element 'Object Repository/User Management/Login/android.widget.EditText - password'

2023-08-17 10:31:52 - [MESSAGE][PASSED] - Text 'eKare123@' has been set to element 'Object Repository/User Management/Login/android.widget.EditText - password'

2023-08-17 10:31:52 - [TEST_STEP][PASSED] - tap(findTestObject("User Management/Login/android.view.ViewGroup - sign in"), 30): Tapped on element 'Object Repository/User Management/Login/android.view.ViewGroup - sign in'

2023-08-17 10:31:52 - [MESSAGE][PASSED] - Tapped on element 'Object Repository/User Management/Login/android.view.ViewGroup - sign in'

2023-08-17 10:31:52 - [TEST_STEP][PASSED] - tap(findTestObject("Object Repository/User Management/Login/android.widget.TextView - Katalon"), 30): Tapped on element 'Object Repository/User Management/Login/android.widget.TextView - Katalon'

2023-08-17 10:31:54 - [MESSAGE][PASSED] - Tapped on element 'Object Repository/User Management/Login/android.widget.TextView - Katalon'

2023-08-17 10:31:54 - [TEST_STEP][PASSED] - delay(2, STOP_ON_FAILURE): Delayed 2 second(s)

2023-08-17 10:31:56 - [MESSAGE][PASSED] - Delayed 2 second(s)

2023-08-17 10:31:56 - [TEST_STEP][PASSED] - verifyElementExist(findTestObject("Object Repository/User Management/Login/android.widget.TextView - Patient Directory"), 30): Element 'Object Repository/User Management/Login/android.widget.TextView - Patient Directory' is exist

2023-08-17 10:32:00 - [MESSAGE][PASSED] - Element 'Object Repository/User Management/Login/android.widget.TextView - Patient Directory' is exist]]></system-out>
         <system-err><![CDATA[]]></system-err>
      </testcase>
      <testcase name="Test Cases/User Managemenet/Logout" time="5.992" classname="Test Cases/User Managemenet/Logout" status="PASSED">
         <system-out><![CDATA[2023-08-17 10:32:00 - [TEST_CASE][PASSED] - Test Cases/User Managemenet/Logout: Test Cases/User Managemenet/Logout

2023-08-17 10:32:01 - [TEST_STEP][PASSED] - tap(findTestObject("Object Repository/User Management/Logout/android.widget.ImageView - menu"), 0): Tapped on element 'Object Repository/User Management/Logout/android.widget.ImageView - menu'

2023-08-17 10:32:01 - [MESSAGE][WARNING] - Timeout '0' is invalid. Using default page load timeout: '30'

2023-08-17 10:32:01 - [MESSAGE][PASSED] - Tapped on element 'Object Repository/User Management/Logout/android.widget.ImageView - menu'

2023-08-17 10:32:01 - [TEST_STEP][PASSED] - tap(findTestObject("Object Repository/User Management/Logout/android.widget.TextView - Logout"), 0): Tapped on element 'Object Repository/User Management/Logout/android.widget.TextView - Logout'

2023-08-17 10:32:02 - [MESSAGE][WARNING] - Timeout '0' is invalid. Using default page load timeout: '30'

2023-08-17 10:32:03 - [MESSAGE][PASSED] - Tapped on element 'Object Repository/User Management/Logout/android.widget.TextView - Logout'

2023-08-17 10:32:03 - [TEST_STEP][PASSED] - tap(findTestObject("Object Repository/User Management/Logout/android.widget.Button - CONFIRM"), 0): Tapped on element 'Object Repository/User Management/Logout/android.widget.Button - CONFIRM'

2023-08-17 10:32:03 - [MESSAGE][WARNING] - Timeout '0' is invalid. Using default page load timeout: '30'

2023-08-17 10:32:04 - [MESSAGE][PASSED] - Tapped on element 'Object Repository/User Management/Logout/android.widget.Button - CONFIRM'

2023-08-17 10:32:04 - [TEST_STEP][PASSED] - verifyElementExist(findTestObject("Object Repository/User Management/Logout/android.widget.ImageView"), 0): Element 'Object Repository/User Management/Logout/android.widget.ImageView' is exist

2023-08-17 10:32:04 - [MESSAGE][WARNING] - Timeout '0' is invalid. Using default page load timeout: '30'

2023-08-17 10:32:06 - [MESSAGE][PASSED] - Element 'Object Repository/User Management/Logout/android.widget.ImageView' is exist]]></system-out>
         <system-err><![CDATA[]]></system-err>
      </testcase>
      <testcase name="Test Cases/User Managemenet/Login as user with multiple sites" time="127.808" classname="Test Cases/User Managemenet/Login as user with multiple sites" status="PASSED">
         <system-out><![CDATA[2023-08-17 10:32:06 - [TEST_CASE][PASSED] - Test Cases/User Managemenet/Login as user with multiple sites: Test Cases/User Managemenet/Login as user with multiple sites

2023-08-17 10:32:07 - [TEST_STEP][PASSED] - setText(findTestObject("Object Repository/User Management/Login as user with multiple sites/android.widget.EditText - username"), "KatalonSite", 30): Text 'KatalonSite' has been set to element 'Object Repository/User Management/Login as user with multiple sites/android.widget.EditText - username'

2023-08-17 10:32:08 - [MESSAGE][PASSED] - Text 'KatalonSite' has been set to element 'Object Repository/User Management/Login as user with multiple sites/android.widget.EditText - username'

2023-08-17 10:32:08 - [TEST_STEP][PASSED] - setText(findTestObject("Object Repository/User Management/Login as user with multiple sites/android.widget.EditText"), "eKare123@", 30): Text 'eKare123@' has been set to element 'Object Repository/User Management/Login as user with multiple sites/android.widget.EditText'

2023-08-17 10:32:09 - [MESSAGE][PASSED] - Text 'eKare123@' has been set to element 'Object Repository/User Management/Login as user with multiple sites/android.widget.EditText'

2023-08-17 10:32:09 - [TEST_STEP][PASSED] - tap(findTestObject("Object Repository/User Management/Login as user with multiple sites/android.widget.TextView - SIGN IN"), 30): Tapped on element 'Object Repository/User Management/Login as user with multiple sites/android.widget.TextView - SIGN IN'

2023-08-17 10:32:10 - [MESSAGE][PASSED] - Tapped on element 'Object Repository/User Management/Login as user with multiple sites/android.widget.TextView - SIGN IN'

2023-08-17 10:32:10 - [TEST_STEP][PASSED] - tap(findTestObject("Object Repository/User Management/Login as user with multiple sites/android.widget.TextView - Katalon"), 30): Tapped on element 'Object Repository/User Management/Login as user with multiple sites/android.widget.TextView - Katalon'

2023-08-17 10:32:12 - [MESSAGE][PASSED] - Tapped on element 'Object Repository/User Management/Login as user with multiple sites/android.widget.TextView - Katalon'

2023-08-17 10:32:12 - [TEST_STEP][PASSED] - verifyElementExist(findTestObject("Object Repository/User Management/Login as user with multiple sites/android.widget.TextView - add new patient"), 30): Element 'Object Repository/User Management/Login as user with multiple sites/android.widget.TextView - add new patient' is exist

2023-08-17 10:32:18 - [MESSAGE][PASSED] - Element 'Object Repository/User Management/Login as user with multiple sites/android.widget.TextView - add new patient' is exist

2023-08-17 10:32:18 - [TEST_STEP][PASSED] - tap(findTestObject("Object Repository/User Management/Login as user with multiple sites/android.view.ViewGroup - patient"), 30): Tapped on element 'Object Repository/User Management/Login as user with multiple sites/android.view.ViewGroup - patient'

2023-08-17 10:32:19 - [MESSAGE][PASSED] - Tapped on element 'Object Repository/User Management/Login as user with multiple sites/android.view.ViewGroup - patient'

2023-08-17 10:32:19 - [TEST_STEP][PASSED] - tap(findTestObject("Object Repository/User Management/Login as user with multiple sites/android.widget.ImageView - menu"), 30): Tapped on element 'Object Repository/User Management/Login as user with multiple sites/android.widget.ImageView - menu'

2023-08-17 10:32:21 - [MESSAGE][PASSED] - Tapped on element 'Object Repository/User Management/Login as user with multiple sites/android.widget.ImageView - menu'

2023-08-17 10:32:21 - [TEST_STEP][PASSED] - verifyElementExist(findTestObject("Object Repository/User Management/Login as user with multiple sites/android.widget.TextView - Freeze patient"), 30): Element 'Object Repository/User Management/Login as user with multiple sites/android.widget.TextView - Freeze patient' is exist

2023-08-17 10:32:22 - [MESSAGE][PASSED] - Element 'Object Repository/User Management/Login as user with multiple sites/android.widget.TextView - Freeze patient' is exist

2023-08-17 10:32:22 - [TEST_STEP][PASSED] - verifyElementExist(findTestObject("Object Repository/User Management/Login as user with multiple sites/android.widget.TextView - Delete patient"), 30): Element 'Object Repository/User Management/Login as user with multiple sites/android.widget.TextView - Delete patient' is exist

2023-08-17 10:32:23 - [MESSAGE][PASSED] - Element 'Object Repository/User Management/Login as user with multiple sites/android.widget.TextView - Delete patient' is exist

2023-08-17 10:32:23 - [TEST_STEP][PASSED] - tap(findTestObject("Object Repository/User Management/Login as user with multiple sites/android.widget.TextView - Cancel"), 30): Tapped on element 'Object Repository/User Management/Login as user with multiple sites/android.widget.TextView - Cancel'

2023-08-17 10:32:23 - [MESSAGE][PASSED] - Tapped on element 'Object Repository/User Management/Login as user with multiple sites/android.widget.TextView - Cancel'

2023-08-17 10:32:23 - [TEST_STEP][PASSED] - pressBack(): Press back button successfully

2023-08-17 10:32:24 - [MESSAGE][PASSED] - Press back button successfully

2023-08-17 10:32:24 - [TEST_STEP][PASSED] - tap(findTestObject("Object Repository/User Management/Login as user with multiple sites/android.widget.ImageView - Menu (1)"), 30): Tapped on element 'Object Repository/User Management/Login as user with multiple sites/android.widget.ImageView - Menu (1)'

2023-08-17 10:32:25 - [MESSAGE][PASSED] - Tapped on element 'Object Repository/User Management/Login as user with multiple sites/android.widget.ImageView - Menu (1)'

2023-08-17 10:32:25 - [TEST_STEP][PASSED] - tap(findTestObject("Object Repository/User Management/Login as user with multiple sites/android.widget.TextView - Site"), 30): Tapped on element 'Object Repository/User Management/Login as user with multiple sites/android.widget.TextView - Site'

2023-08-17 10:32:27 - [MESSAGE][PASSED] - Tapped on element 'Object Repository/User Management/Login as user with multiple sites/android.widget.TextView - Site'

2023-08-17 10:32:27 - [TEST_STEP][PASSED] - tap(findTestObject("Object Repository/User Management/Login as user with multiple sites/android.widget.TextView - site user"), 30): Tapped on element 'Object Repository/User Management/Login as user with multiple sites/android.widget.TextView - site user'

2023-08-17 10:32:28 - [MESSAGE][PASSED] - Tapped on element 'Object Repository/User Management/Login as user with multiple sites/android.widget.TextView - site user'

2023-08-17 10:32:28 - [TEST_STEP][PASSED] - tap(findTestObject("Object Repository/User Management/Login as user with multiple sites/android.view.ViewGroup"), 30): Tapped on element 'Object Repository/User Management/Login as user with multiple sites/android.view.ViewGroup'

2023-08-17 10:32:35 - [MESSAGE][PASSED] - Tapped on element 'Object Repository/User Management/Login as user with multiple sites/android.view.ViewGroup'

2023-08-17 10:32:35 - [TEST_STEP][PASSED] - tap(findTestObject("Object Repository/User Management/Login as user with multiple sites/android.widget.ImageView - menu"), 30): Tapped on element 'Object Repository/User Management/Login as user with multiple sites/android.widget.ImageView - menu'

2023-08-17 10:32:37 - [MESSAGE][PASSED] - Tapped on element 'Object Repository/User Management/Login as user with multiple sites/android.widget.ImageView - menu'

2023-08-17 10:32:37 - [TEST_STEP][PASSED] - verifyElementExist(findTestObject("Object Repository/User Management/Login as user with multiple sites/android.widget.TextView - Edit patient"), 30): Element 'Object Repository/User Management/Login as user with multiple sites/android.widget.TextView - Edit patient' is exist

2023-08-17 10:32:38 - [MESSAGE][PASSED] - Element 'Object Repository/User Management/Login as user with multiple sites/android.widget.TextView - Edit patient' is exist

2023-08-17 10:32:38 - [TEST_STEP][PASSED] - verifyElementNotExist(findTestObject("User Management/Login as user with multiple sites/android.widget.TextView - Delete patient"), 30): Element 'Object Repository/User Management/Login as user with multiple sites/android.widget.TextView - Delete patient' not found

2023-08-17 10:33:08 - [MESSAGE][PASSED] - Element 'Object Repository/User Management/Login as user with multiple sites/android.widget.TextView - Delete patient' not found

2023-08-17 10:33:08 - [TEST_STEP][PASSED] - verifyElementNotExist(findTestObject("User Management/Login as user with multiple sites/android.widget.TextView - Freeze patient"), 30): Element 'Object Repository/User Management/Login as user with multiple sites/android.widget.TextView - Freeze patient' not found

2023-08-17 10:33:39 - [MESSAGE][PASSED] - Element 'Object Repository/User Management/Login as user with multiple sites/android.widget.TextView - Freeze patient' not found

2023-08-17 10:33:39 - [TEST_STEP][PASSED] - tap(findTestObject("User Management/Login as user with multiple sites/android.widget.TextView - Cancel"), 30): Tapped on element 'Object Repository/User Management/Login as user with multiple sites/android.widget.TextView - Cancel'

2023-08-17 10:33:39 - [MESSAGE][PASSED] - Tapped on element 'Object Repository/User Management/Login as user with multiple sites/android.widget.TextView - Cancel'

2023-08-17 10:33:39 - [TEST_STEP][PASSED] - pressBack(): Press back button successfully

2023-08-17 10:33:40 - [MESSAGE][PASSED] - Press back button successfully

2023-08-17 10:33:40 - [TEST_STEP][PASSED] - tap(findTestObject("Object Repository/User Management/Login as user with multiple sites/android.widget.ImageView - Menu (1)"), 30): Tapped on element 'Object Repository/User Management/Login as user with multiple sites/android.widget.ImageView - Menu (1)'

2023-08-17 10:33:41 - [MESSAGE][PASSED] - Tapped on element 'Object Repository/User Management/Login as user with multiple sites/android.widget.ImageView - Menu (1)'

2023-08-17 10:33:41 - [TEST_STEP][PASSED] - tap(findTestObject("User Management/Login as user with multiple sites/android.widget.TextView - Site"), 30): Tapped on element 'Object Repository/User Management/Login as user with multiple sites/android.widget.TextView - Site'

2023-08-17 10:33:43 - [MESSAGE][PASSED] - Tapped on element 'Object Repository/User Management/Login as user with multiple sites/android.widget.TextView - Site'

2023-08-17 10:33:43 - [TEST_STEP][PASSED] - tap(findTestObject("Object Repository/User Management/Login as user with multiple sites/android.widget.TextView - Test1"), 30): Tapped on element 'Object Repository/User Management/Login as user with multiple sites/android.widget.TextView - Test1'

2023-08-17 10:33:43 - [MESSAGE][PASSED] - Tapped on element 'Object Repository/User Management/Login as user with multiple sites/android.widget.TextView - Test1'

2023-08-17 10:33:43 - [TEST_STEP][PASSED] - verifyElementNotExist(findTestObject("User Management/Login as user with multiple sites/android.widget.TextView - add new patient"), 30): Element 'Object Repository/User Management/Login as user with multiple sites/android.widget.TextView - add new patient' not found

2023-08-17 10:34:14 - [MESSAGE][PASSED] - Element 'Object Repository/User Management/Login as user with multiple sites/android.widget.TextView - add new patient' not found]]></system-out>
         <system-err><![CDATA[]]></system-err>
      </testcase>
      <testcase name="Test Cases/User Managemenet/Auto-logout" time="77.543" classname="Test Cases/User Managemenet/Auto-logout" status="PASSED">
         <system-out><![CDATA[2023-08-17 10:34:14 - [TEST_CASE][PASSED] - Test Cases/User Managemenet/Auto-logout: Test Cases/User Managemenet/Auto-logout

2023-08-17 10:34:15 - [TEST_STEP][PASSED] - tap(findTestObject("User Management/Auto-Logout/android.widget.ImageView - Menu (1)"), 30): Tapped on element 'Object Repository/User Management/Auto-Logout/android.widget.ImageView - Menu (1)'

2023-08-17 10:34:15 - [MESSAGE][PASSED] - Tapped on element 'Object Repository/User Management/Auto-Logout/android.widget.ImageView - Menu (1)'

2023-08-17 10:34:15 - [TEST_STEP][PASSED] - tap(findTestObject("Object Repository/User Management/Auto-Logout/android.widget.TextView - Settings"), 30): Tapped on element 'Object Repository/User Management/Auto-Logout/android.widget.TextView - Settings'

2023-08-17 10:34:16 - [MESSAGE][PASSED] - Tapped on element 'Object Repository/User Management/Auto-Logout/android.widget.TextView - Settings'

2023-08-17 10:34:16 - [TEST_STEP][PASSED] - tap(findTestObject("Object Repository/User Management/Auto-Logout/android.widget.TextView - Logout time"), 30): Tapped on element 'Object Repository/User Management/Auto-Logout/android.widget.TextView - Logout time'

2023-08-17 10:34:19 - [MESSAGE][PASSED] - Tapped on element 'Object Repository/User Management/Auto-Logout/android.widget.TextView - Logout time'

2023-08-17 10:34:19 - [TEST_STEP][PASSED] - tap(findTestObject("Object Repository/User Management/Auto-Logout/android.widget.TextView - 1 minutes"), 30): Tapped on element 'Object Repository/User Management/Auto-Logout/android.widget.TextView - 1 minutes'

2023-08-17 10:34:20 - [MESSAGE][PASSED] - Tapped on element 'Object Repository/User Management/Auto-Logout/android.widget.TextView - 1 minutes'

2023-08-17 10:34:20 - [TEST_STEP][PASSED] - tap(findTestObject("Object Repository/User Management/Auto-Logout/android.widget.ImageView (1)"), 30): Tapped on element 'Object Repository/User Management/Auto-Logout/android.widget.ImageView (1)'

2023-08-17 10:34:21 - [MESSAGE][PASSED] - Tapped on element 'Object Repository/User Management/Auto-Logout/android.widget.ImageView (1)'

2023-08-17 10:34:21 - [TEST_STEP][PASSED] - delay(65, STOP_ON_FAILURE): Delayed 65 second(s)

2023-08-17 10:35:26 - [MESSAGE][PASSED] - Delayed 65 second(s)

2023-08-17 10:35:26 - [TEST_STEP][PASSED] - verifyElementExist(findTestObject("Object Repository/User Management/Auto-Logout/android.widget.ImageView (2)"), 30): Element 'Object Repository/User Management/Auto-Logout/android.widget.ImageView (2)' is exist

2023-08-17 10:35:31 - [MESSAGE][PASSED] - Element 'Object Repository/User Management/Auto-Logout/android.widget.ImageView (2)' is exist]]></system-out>
         <system-err><![CDATA[]]></system-err>
      </testcase>
      <system-out><![CDATA[2023-08-17 10:27:41 - [TEST_SUITE][PASSED] - User Management: Test Cases/User Managemenet/Auto-logout]]></system-out>
      <system-err><![CDATA[]]></system-err>
   </testsuite>
</testsuites>
