<?xml version="1.0" encoding="UTF-8"?>
<testsuites name="Data Report" time="154.122" tests="3" failures="0" errors="0">
   <testsuite name="Data Report" tests="3" failures="0" errors="0" time="154.122" skipped="0" timestamp="17-04-2024T09:54:53" hostname="safaamarir - localhost" id="Test Suites/IS iPhone/Data Report">
      <properties>
         <property name="deviceName" value="Safa’s iPhone"/>
         <property name="devicePlatform" value=""/>
         <property name="logFolder" value="/Users/safaamarir/git/Android_Automation/Reports/20240417_095448/IS iPhone/Data Report/20240417_095449"/>
         <property name="logFiles" value="/Users/safaamarir/git/Android_Automation/Reports/20240417_095448/IS iPhone/Data Report/20240417_095449/execution0.log, /Users/safaamarir/git/Android_Automation/Reports/20240417_095448/IS iPhone/Data Report/20240417_095449/appium_error.log, /Users/safaamarir/git/Android_Automation/Reports/20240417_095448/IS iPhone/Data Report/20240417_095449/appium.log, /Users/safaamarir/git/Android_Automation/Reports/20240417_095448/IS iPhone/Data Report/20240417_095449/appium-proxy-server.log"/>
         <property name="attachments" value=""/>
         <property name="hostName" value="safaamarir - localhost"/>
         <property name="os" value="Mac OS X 64bit"/>
         <property name="appiumServerStatus" value="{&quot;value&quot;:{&quot;ready&quot;:true,&quot;message&quot;:&quot;The server is ready to accept new connections&quot;,&quot;build&quot;:{&quot;version&quot;:&quot;2.4.1&quot;,&quot;git-sha&quot;:&quot;0476c2e5e4f02b409084553896340b2f4ab3352e&quot;,&quot;built&quot;:&quot;2024-04-07 06:56:18 +0800&quot;}}}"/>
         <property name="katalonVersion" value="9.2.0.212"/>
         <property name="deviceOS" value="iOS"/>
         <property name="appiumVersion" value="2.4.1"/>
         <property name="deviceModel" value="iPhone14,5"/>
         <property name="hostAddress" value="127.0.0.1"/>
         <property name="deviceManufacturer" value="Apple"/>
         <property name="deviceId" value="00008110-00112D590CD0201E"/>
         <property name="deviceName" value="Safa’s iPhone"/>
         <property name="deviceOSVersion" value="17.4.1"/>
      </properties>
      <testcase name="Test Cases/IOS/User Management/EK-8491 IS iPhone - Sign in" time="89.934" classname="Test Cases/IOS/User Management/EK-8491 IS iPhone - Sign in" status="PASSED">
         <system-out><![CDATA[17-04-2024T09:54:53 - [TEST_CASE][PASSED] - Test Cases/IOS/User Management/EK-8491 IS iPhone - Sign in: Test Cases/IOS/User Management/EK-8491 IS iPhone - Sign in

17-04-2024T09:54:53 - [TEST_STEP][PASSED] - Start listener action : beforeTestCase: null

17-04-2024T09:54:53 - [TEST_STEP][PASSED] - addDefaultPackages(): null

17-04-2024T09:54:53 - [TEST_STEP][PASSED] - runFeatureFile("Include/features/EK-8491 IS iPhone - Sign in.feature"): Feature file: 'Include/features/EK-8491 IS iPhone - Sign in.feature' was passed

17-04-2024T09:54:53 - [MESSAGE][INFO] - Starting run keyword runFeatureFile: 'Include/features/EK-8491 IS iPhone - Sign in.feature' and extract report to folder: '/Users/safaamarir/git/Android_Automation/Reports/20240417_095448/IS iPhone/Data Report/20240417_095449/cucumber_report/1713344093775'...

17-04-2024T09:54:53 - [MESSAGE][PASSED] - Feature file: 'Include/features/EK-8491 IS iPhone - Sign in.feature' was passed

17-04-2024T09:54:53 - [TEST_STEP][PASSED] - startApplication(IPA, true): Started app at: '/Users/safaamarir/APK/IOS/IS/IS_Preprod_2.2.1_290.ipa'

17-04-2024T09:54:54 - [MESSAGE][INFO] - User set preference: ['automationName', 'XCUITest']

17-04-2024T09:54:54 - [MESSAGE][INFO] - User set preference: ['deviceId', '00008110-00112D590CD0201E']

17-04-2024T09:55:04 - [MESSAGE][WARNING] - Failed to start ios_webkit_debug_proxy on default port 27753

17-04-2024T09:55:04 - [MESSAGE][INFO] - Detected NodeJS location: "/opt/homebrew/Cellar/node/21.7.1/bin/node"

17-04-2024T09:55:04 - [MESSAGE][INFO] - PATH: /opt/homebrew/Cellar/node/21.7.1/bin:/opt/homebrew/bin:/usr/bin:/bin:/usr/sbin:/sbin:/usr/local/bin

17-04-2024T09:55:04 - [MESSAGE][INFO] - APPIUM_HOME: /Users/safaamarir/.appium

17-04-2024T09:55:04 - [MESSAGE][INFO] - appium outlog: /Users/safaamarir/git/Android_Automation/Reports/20240417_095448/IS iPhone/Data Report/20240417_095449/appium.log

17-04-2024T09:55:04 - [MESSAGE][INFO] - appium errlog: /Users/safaamarir/git/Android_Automation/Reports/20240417_095448/IS iPhone/Data Report/20240417_095449/appium_error.log

17-04-2024T09:55:05 - [MESSAGE][INFO] - Appium server started on port 60,770

17-04-2024T09:56:03 - [MESSAGE][PASSED] - Started app at: '/Users/safaamarir/APK/IOS/IS/IS_Preprod_2.2.1_290.ipa'

17-04-2024T09:56:03 - [TEST_STEP][PASSED] - tap(findTestObject("Object Repository/IOS/User Management/Sign In/XCUIElementTypeButton - Allow"), 30): Tapped on element 'Object Repository/IOS/User Management/Sign In/XCUIElementTypeButton - Allow'

17-04-2024T09:56:05 - [MESSAGE][PASSED] - Tapped on element 'Object Repository/IOS/User Management/Sign In/XCUIElementTypeButton - Allow'

17-04-2024T09:56:05 - [TEST_STEP][PASSED] - setText(findTestObject("Object Repository/IOS/User Management/Sign In/XCUIElementTypeTextField - username"), LoginCreds.get("username"), 30): Text 'katalon' has been set to element 'Object Repository/IOS/User Management/Sign In/XCUIElementTypeTextField - username'

17-04-2024T09:56:06 - [MESSAGE][PASSED] - Text 'katalon' has been set to element 'Object Repository/IOS/User Management/Sign In/XCUIElementTypeTextField - username'

17-04-2024T09:56:06 - [TEST_STEP][PASSED] - setText(findTestObject("Object Repository/IOS/User Management/Sign In/XCUIElementTypeSecureTextField - Passcode"), LoginCreds.get("password"), 30): Text 'eKare123@' has been set to element 'Object Repository/IOS/User Management/Sign In/XCUIElementTypeSecureTextField - Passcode'

17-04-2024T09:56:08 - [MESSAGE][PASSED] - Text 'eKare123@' has been set to element 'Object Repository/IOS/User Management/Sign In/XCUIElementTypeSecureTextField - Passcode'

17-04-2024T09:56:08 - [TEST_STEP][PASSED] - tap(findTestObject("Object Repository/IOS/User Management/Sign In/XCUIElementTypeOther - SIGN IN"), 30): Tapped on element 'Object Repository/IOS/User Management/Sign In/XCUIElementTypeOther - SIGN IN'

17-04-2024T09:56:10 - [MESSAGE][PASSED] - Tapped on element 'Object Repository/IOS/User Management/Sign In/XCUIElementTypeOther - SIGN IN'

17-04-2024T09:56:10 - [TEST_STEP][PASSED] - tap(findTestObject("IOS/User Management/Sign In/XCUIElementTypeOther - Katalon"), 30): Tapped on element 'Object Repository/IOS/User Management/Sign In/XCUIElementTypeOther - Katalon'

17-04-2024T09:56:11 - [MESSAGE][PASSED] - Tapped on element 'Object Repository/IOS/User Management/Sign In/XCUIElementTypeOther - Katalon'

17-04-2024T09:56:11 - [TEST_STEP][PASSED] - delay(10): Delayed 10 second(s)

17-04-2024T09:56:21 - [MESSAGE][PASSED] - Delayed 10 second(s)

17-04-2024T09:56:23 - [TEST_STEP][PASSED] - Video: Video recording for test case 'Test Cases/IOS/User Management/EK-8491 IS iPhone - Sign in' .

17-04-2024T09:56:23 - [MESSAGE][INFO] - Video recording for test case 'Test Cases/IOS/User Management/EK-8491 IS iPhone - Sign in' .]]></system-out>
         <system-err><![CDATA[]]></system-err>
      </testcase>
      <testcase name="Test Cases/IOS/Data Report/EK-8596 IS iPhone - Patient (PDF) Report" time="53.025" classname="Test Cases/IOS/Data Report/EK-8596 IS iPhone - Patient (PDF) Report" status="PASSED">
         <system-out><![CDATA[17-04-2024T09:56:23 - [TEST_CASE][PASSED] - Test Cases/IOS/Data Report/EK-8596 IS iPhone - Patient (PDF) Report: Test Cases/IOS/Data Report/EK-8596 IS iPhone - Patient (PDF) Report

17-04-2024T09:56:23 - [TEST_STEP][PASSED] - Start listener action : beforeTestCase: null

17-04-2024T09:56:23 - [TEST_STEP][PASSED] - addDefaultPackages(): null

17-04-2024T09:56:23 - [TEST_STEP][PASSED] - runFeatureFile("Include/features/EK-8596 IS iPhone - Patient (PDF) Report.feature"): Feature file: 'Include/features/EK-8596 IS iPhone - Patient (PDF) Report.feature' was passed

17-04-2024T09:56:23 - [MESSAGE][INFO] - Starting run keyword runFeatureFile: 'Include/features/EK-8596 IS iPhone - Patient (PDF) Report.feature' and extract report to folder: '/Users/safaamarir/git/Android_Automation/Reports/20240417_095448/IS iPhone/Data Report/20240417_095449/cucumber_report/1713344183371'...

17-04-2024T09:56:23 - [MESSAGE][PASSED] - Feature file: 'Include/features/EK-8596 IS iPhone - Patient (PDF) Report.feature' was passed

17-04-2024T09:56:23 - [TEST_STEP][PASSED] - scrollToText("Generate, Report"): Scrolling to text 'Generate, Report' successfully

17-04-2024T09:56:26 - [MESSAGE][PASSED] - Scrolling to text 'Generate, Report' successfully

17-04-2024T09:56:26 - [TEST_STEP][PASSED] - delay(5, STOP_ON_FAILURE): Delayed 5 second(s)

17-04-2024T09:56:31 - [MESSAGE][PASSED] - Delayed 5 second(s)

17-04-2024T09:56:31 - [TEST_STEP][PASSED] - tap(findTestObject("Object Repository/IOS/Data Report/XCUIElementTypeOther - Generate, Report 01082023 24M    MRN 11ui No Consent"), 30): Tapped on element 'Object Repository/IOS/Data Report/XCUIElementTypeOther - Generate, Report 01082023 24M    MRN 11ui No Consent'

17-04-2024T09:57:03 - [MESSAGE][PASSED] - Tapped on element 'Object Repository/IOS/Data Report/XCUIElementTypeOther - Generate, Report 01082023 24M    MRN 11ui No Consent'

17-04-2024T09:57:03 - [TEST_STEP][PASSED] - tap(findTestObject("Object Repository/IOS/Data Report/XCUIElementTypeOther - menu"), 30): Tapped on element 'Object Repository/IOS/Data Report/XCUIElementTypeOther - menu'

17-04-2024T09:57:04 - [MESSAGE][PASSED] - Tapped on element 'Object Repository/IOS/Data Report/XCUIElementTypeOther - menu'

17-04-2024T09:57:04 - [TEST_STEP][PASSED] - tap(findTestObject("Object Repository/IOS/Data Report/XCUIElementTypeOther - Generate Report"), 30): Tapped on element 'Object Repository/IOS/Data Report/XCUIElementTypeOther - Generate Report'

17-04-2024T09:57:06 - [MESSAGE][PASSED] - Tapped on element 'Object Repository/IOS/Data Report/XCUIElementTypeOther - Generate Report'

17-04-2024T09:57:06 - [TEST_STEP][PASSED] - tap(findTestObject("Object Repository/IOS/Data Report/XCUIElementTypeOther - Generate"), 30): Tapped on element 'Object Repository/IOS/Data Report/XCUIElementTypeOther - Generate'

17-04-2024T09:57:08 - [MESSAGE][PASSED] - Tapped on element 'Object Repository/IOS/Data Report/XCUIElementTypeOther - Generate'

17-04-2024T09:57:08 - [TEST_STEP][PASSED] - verifyElementExist(findTestObject("Object Repository/IOS/Data Report/XCUIElementTypeImage - eKare logo"), 30): Element 'Object Repository/IOS/Data Report/XCUIElementTypeImage - eKare logo' is exist

17-04-2024T09:57:12 - [MESSAGE][PASSED] - Element 'Object Repository/IOS/Data Report/XCUIElementTypeImage - eKare logo' is exist

17-04-2024T09:57:12 - [TEST_STEP][PASSED] - tap(findTestObject("Object Repository/IOS/Data Report/XCUIElementTypeButton - QLOverlayDoneButtonAccessibilityIdentifier"), 30): Tapped on element 'Object Repository/IOS/Data Report/XCUIElementTypeButton - QLOverlayDoneButtonAccessibilityIdentifier'

17-04-2024T09:57:14 - [MESSAGE][PASSED] - Tapped on element 'Object Repository/IOS/Data Report/XCUIElementTypeButton - QLOverlayDoneButtonAccessibilityIdentifier'

17-04-2024T09:57:16 - [TEST_STEP][PASSED] - Video: Video recording for test case 'Test Cases/IOS/Data Report/EK-8596 IS iPhone - Patient (PDF) Report' .

17-04-2024T09:57:16 - [MESSAGE][INFO] - Video recording for test case 'Test Cases/IOS/Data Report/EK-8596 IS iPhone - Patient (PDF) Report' .]]></system-out>
         <system-err><![CDATA[]]></system-err>
      </testcase>
      <testcase name="Test Cases/IOS/Data Report/EK-8730 IS iPhone - Patient (PDF) Report with a Date Range" time="11.098" classname="Test Cases/IOS/Data Report/EK-8730 IS iPhone - Patient (PDF) Report with a Date Range" status="PASSED">
         <system-out><![CDATA[17-04-2024T09:57:16 - [TEST_CASE][PASSED] - Test Cases/IOS/Data Report/EK-8730 IS iPhone - Patient (PDF) Report with a Date Range: Test Cases/IOS/Data Report/EK-8730 IS iPhone - Patient (PDF) Report with a Date Range

17-04-2024T09:57:16 - [TEST_STEP][PASSED] - Start listener action : beforeTestCase: null

17-04-2024T09:57:16 - [TEST_STEP][PASSED] - addDefaultPackages(): null

17-04-2024T09:57:16 - [TEST_STEP][PASSED] - runFeatureFile("Include/features/EK-8730 IS iPhone - Patient (PDF) Report with a Date Range.feature"): Feature file: 'Include/features/EK-8730 IS iPhone - Patient (PDF) Report with a Date Range.feature' was passed

17-04-2024T09:57:16 - [MESSAGE][INFO] - Starting run keyword runFeatureFile: 'Include/features/EK-8730 IS iPhone - Patient (PDF) Report with a Date Range.feature' and extract report to folder: '/Users/safaamarir/git/Android_Automation/Reports/20240417_095448/IS iPhone/Data Report/20240417_095449/cucumber_report/1713344236388'...

17-04-2024T09:57:16 - [MESSAGE][PASSED] - Feature file: 'Include/features/EK-8730 IS iPhone - Patient (PDF) Report with a Date Range.feature' was passed

17-04-2024T09:57:16 - [TEST_STEP][PASSED] - tap(findTestObject("Object Repository/IOS/Data Report/XCUIElementTypeOther - Date Range All"), 0): Tapped on element 'Object Repository/IOS/Data Report/XCUIElementTypeOther - Date Range All'

17-04-2024T09:57:16 - [MESSAGE][WARNING] - Timeout '0' is invalid. Using default page load timeout: '30'

17-04-2024T09:57:17 - [MESSAGE][PASSED] - Tapped on element 'Object Repository/IOS/Data Report/XCUIElementTypeOther - Date Range All'

17-04-2024T09:57:17 - [TEST_STEP][PASSED] - tap(findTestObject("Object Repository/IOS/Data Report/XCUIElementTypeOther - Last Week"), 0): Tapped on element 'Object Repository/IOS/Data Report/XCUIElementTypeOther - Last Week'

17-04-2024T09:57:17 - [MESSAGE][WARNING] - Timeout '0' is invalid. Using default page load timeout: '30'

17-04-2024T09:57:19 - [MESSAGE][PASSED] - Tapped on element 'Object Repository/IOS/Data Report/XCUIElementTypeOther - Last Week'

17-04-2024T09:57:19 - [TEST_STEP][PASSED] - tap(findTestObject("IOS/Data Report/XCUIElementTypeOther - Generate"), 0): Tapped on element 'Object Repository/IOS/Data Report/XCUIElementTypeOther - Generate'

17-04-2024T09:57:19 - [MESSAGE][WARNING] - Timeout '0' is invalid. Using default page load timeout: '30'

17-04-2024T09:57:20 - [MESSAGE][PASSED] - Tapped on element 'Object Repository/IOS/Data Report/XCUIElementTypeOther - Generate'

17-04-2024T09:57:20 - [TEST_STEP][PASSED] - verifyElementExist(findTestObject("Object Repository/IOS/Data Report/XCUIElementTypeImage"), 0): Element 'Object Repository/IOS/Data Report/XCUIElementTypeImage' is exist

17-04-2024T09:57:20 - [MESSAGE][WARNING] - Timeout '0' is invalid. Using default page load timeout: '30'

17-04-2024T09:57:20 - [MESSAGE][PASSED] - Element 'Object Repository/IOS/Data Report/XCUIElementTypeImage' is exist

17-04-2024T09:57:20 - [TEST_STEP][PASSED] - tap(findTestObject("IOS/Data Report/XCUIElementTypeButton - QLOverlayDoneButtonAccessibilityIdentifier"), 0): Tapped on element 'Object Repository/IOS/Data Report/XCUIElementTypeButton - QLOverlayDoneButtonAccessibilityIdentifier'

17-04-2024T09:57:20 - [MESSAGE][WARNING] - Timeout '0' is invalid. Using default page load timeout: '30'

17-04-2024T09:57:25 - [MESSAGE][PASSED] - Tapped on element 'Object Repository/IOS/Data Report/XCUIElementTypeButton - QLOverlayDoneButtonAccessibilityIdentifier'

17-04-2024T09:57:27 - [TEST_STEP][PASSED] - Video: Video recording for test case 'Test Cases/IOS/Data Report/EK-8730 IS iPhone - Patient (PDF) Report with a Date Range' .

17-04-2024T09:57:27 - [MESSAGE][INFO] - Video recording for test case 'Test Cases/IOS/Data Report/EK-8730 IS iPhone - Patient (PDF) Report with a Date Range' .]]></system-out>
         <system-err><![CDATA[]]></system-err>
      </testcase>
      <system-out><![CDATA[17-04-2024T09:54:53 - [TEST_SUITE][PASSED] - Data Report: Test Cases/IOS/Data Report/EK-8730 IS iPhone - Patient (PDF) Report with a Date Range]]></system-out>
      <system-err><![CDATA[]]></system-err>
   </testsuite>
</testsuites>
