<?xml version="1.0" encoding="UTF-8"?>
<testsuites name="Treatment and WCP" time="303.435" tests="4" failures="0" errors="0">
   <testsuite name="Treatment and WCP" tests="4" failures="0" errors="0" time="303.435" skipped="0" timestamp="2023-08-03 10:10:43" hostname="Amarir - DESKTOP-EE3F8H4" id="Test Suites/Treatment and WCP">
      <properties>
         <property name="deviceName" value="samsung SM-N975F (Android 12)"/>
         <property name="devicePlatform" value=""/>
         <property name="logFolder" value="C:\\Users\\Amarir\\git\\IS_Katalon_Lite_Version\\Reports\\20230803_101033\\Treatment and WCP\\20230803_101033"/>
         <property name="logFiles" value="C:\\Users\\Amarir\\git\\IS_Katalon_Lite_Version\\Reports\\20230803_101033\\Treatment and WCP\\20230803_101033\\appium.log, C:\\Users\\Amarir\\git\\IS_Katalon_Lite_Version\\Reports\\20230803_101033\\Treatment and WCP\\20230803_101033\\execution0.log"/>
         <property name="attachments" value=""/>
         <property name="hostName" value="Amarir - DESKTOP-EE3F8H4"/>
         <property name="os" value="Windows 10 64bit"/>
         <property name="appiumServerStatus" value="{&quot;value&quot;:{&quot;build&quot;:{&quot;version&quot;:&quot;1.22.0&quot;}},&quot;sessionId&quot;:null,&quot;status&quot;:0}"/>
         <property name="katalonVersion" value="8.6.0.208"/>
         <property name="deviceOS" value="Android"/>
         <property name="appiumVersion" value="1.22.0"/>
         <property name="deviceModel" value="SM-N975F"/>
         <property name="hostAddress" value="192.168.234.1"/>
         <property name="deviceManufacturer" value="samsung"/>
         <property name="deviceId" value="RF8N307NKZV"/>
         <property name="deviceName" value="samsung SM-N975F (Android 12)"/>
         <property name="deviceOSVersion" value="12"/>
      </properties>
      <testcase name="Test Cases/User Managemenet/Login" time="56.666" classname="Test Cases/User Managemenet/Login" status="PASSED">
         <system-out><![CDATA[2023-08-03 10:10:44 - [TEST_CASE][PASSED] - Test Cases/User Managemenet/Login: Test Cases/User Managemenet/Login

2023-08-03 10:10:45 - [TEST_STEP][PASSED] - startApplication(LoginCreds.get("APK"), true): Started app at: 'C:\Users\Amarir\Downloads\APK\IS\IS_69.apk'

2023-08-03 10:10:46 - [MESSAGE][INFO] - Detected NodeJS location: "C:\Program Files\nodejs\node.exe"

2023-08-03 10:10:49 - [MESSAGE][INFO] - Appium server started on port 51,929

2023-08-03 10:11:26 - [MESSAGE][PASSED] - Started app at: 'C:\Users\Amarir\Downloads\APK\IS\IS_69.apk'

2023-08-03 10:11:26 - [TEST_STEP][PASSED] - setText(findTestObject("User Management/Login/android.widget.EditText - username"), LoginCreds.get("username"), 30): Text 'Katalon' has been set to element 'Object Repository/User Management/Login/android.widget.EditText - username'

2023-08-03 10:11:31 - [MESSAGE][PASSED] - Text 'Katalon' has been set to element 'Object Repository/User Management/Login/android.widget.EditText - username'

2023-08-03 10:11:31 - [TEST_STEP][PASSED] - setText(findTestObject("User Management/Login/android.widget.EditText - password"), LoginCreds.get("password"), 30): Text 'eKare123@' has been set to element 'Object Repository/User Management/Login/android.widget.EditText - password'

2023-08-03 10:11:33 - [MESSAGE][PASSED] - Text 'eKare123@' has been set to element 'Object Repository/User Management/Login/android.widget.EditText - password'

2023-08-03 10:11:33 - [TEST_STEP][PASSED] - tap(findTestObject("User Management/Login/android.view.ViewGroup - sign in"), 30): Tapped on element 'Object Repository/User Management/Login/android.view.ViewGroup - sign in'

2023-08-03 10:11:33 - [MESSAGE][PASSED] - Tapped on element 'Object Repository/User Management/Login/android.view.ViewGroup - sign in'

2023-08-03 10:11:33 - [TEST_STEP][PASSED] - tap(findTestObject("Object Repository/User Management/Login/android.widget.TextView - Katalon"), 30): Tapped on element 'Object Repository/User Management/Login/android.widget.TextView - Katalon'

2023-08-03 10:11:35 - [MESSAGE][PASSED] - Tapped on element 'Object Repository/User Management/Login/android.widget.TextView - Katalon'

2023-08-03 10:11:35 - [TEST_STEP][PASSED] - delay(2, STOP_ON_FAILURE): Delayed 2 second(s)

2023-08-03 10:11:37 - [MESSAGE][PASSED] - Delayed 2 second(s)

2023-08-03 10:11:37 - [TEST_STEP][PASSED] - verifyElementExist(findTestObject("Object Repository/User Management/Login/android.widget.TextView - Patient Directory"), 30): Element 'Object Repository/User Management/Login/android.widget.TextView - Patient Directory' is exist

2023-08-03 10:11:40 - [MESSAGE][PASSED] - Element 'Object Repository/User Management/Login/android.widget.TextView - Patient Directory' is exist]]></system-out>
         <system-err><![CDATA[]]></system-err>
      </testcase>
      <testcase name="Test Cases/Treatment and WCP/Add Treatment" time="76.561" classname="Test Cases/Treatment and WCP/Add Treatment" status="PASSED">
         <system-out><![CDATA[2023-08-03 10:11:40 - [TEST_CASE][PASSED] - Test Cases/Treatment and WCP/Add Treatment: Test Cases/Treatment and WCP/Add Treatment

2023-08-03 10:11:41 - [TEST_STEP][PASSED] - scrollToText("MRN: 24ui"): Scrolling to text 'MRN: 24ui' successfully

2023-08-03 10:11:42 - [MESSAGE][PASSED] - Scrolling to text 'MRN: 24ui' successfully

2023-08-03 10:11:42 - [TEST_STEP][PASSED] - tap(findTestObject("Object Repository/Treatment and WCP/Add Treatment/android.widget.TextView - MRN 24ui"), 30): Tapped on element 'Object Repository/Treatment and WCP/Add Treatment/android.widget.TextView - MRN 24ui'

2023-08-03 10:11:42 - [MESSAGE][PASSED] - Tapped on element 'Object Repository/Treatment and WCP/Add Treatment/android.widget.TextView - MRN 24ui'

2023-08-03 10:11:42 - [TEST_STEP][PASSED] - verifyElementExist(findTestObject("Object Repository/Treatment and WCP/Add Treatment/android.view.ViewGroup - Wound"), 30): Element 'Object Repository/Treatment and WCP/Add Treatment/android.view.ViewGroup - Wound' is exist

2023-08-03 10:11:44 - [MESSAGE][PASSED] - Element 'Object Repository/Treatment and WCP/Add Treatment/android.view.ViewGroup - Wound' is exist

2023-08-03 10:11:44 - [TEST_STEP][PASSED] - tap(findTestObject("Object Repository/Treatment and WCP/Add Treatment/android.view.ViewGroup - Wound"), 30): Tapped on element 'Object Repository/Treatment and WCP/Add Treatment/android.view.ViewGroup - Wound'

2023-08-03 10:11:45 - [MESSAGE][PASSED] - Tapped on element 'Object Repository/Treatment and WCP/Add Treatment/android.view.ViewGroup - Wound'

2023-08-03 10:11:45 - [TEST_STEP][PASSED] - verifyElementText(findTestObject("Object Repository/Treatment and WCP/Add Treatment/android.widget.TextView - Treatment"), "Treatment"): Actual text and expected text of test object 'Object Repository/Treatment and WCP/Add Treatment/android.widget.TextView - Treatment' are matched.

2023-08-03 10:12:15 - [MESSAGE][PASSED] - Actual text and expected text of test object 'Object Repository/Treatment and WCP/Add Treatment/android.widget.TextView - Treatment' are matched.

2023-08-03 10:12:15 - [TEST_STEP][PASSED] - tap(findTestObject("Treatment and WCP/Add Treatment/android.widget.TextView - Treatment"), 30): Tapped on element 'Object Repository/Treatment and WCP/Add Treatment/android.widget.TextView - Treatment'

2023-08-03 10:12:45 - [MESSAGE][PASSED] - Tapped on element 'Object Repository/Treatment and WCP/Add Treatment/android.widget.TextView - Treatment'

2023-08-03 10:12:45 - [TEST_STEP][PASSED] - verifyElementExist(findTestObject("Object Repository/Treatment and WCP/Add Treatment/android.widget.ImageView - Add Treatement"), 30): Element 'Object Repository/Treatment and WCP/Add Treatment/android.widget.ImageView - Add Treatement' is exist

2023-08-03 10:12:47 - [MESSAGE][PASSED] - Element 'Object Repository/Treatment and WCP/Add Treatment/android.widget.ImageView - Add Treatement' is exist

2023-08-03 10:12:47 - [TEST_STEP][PASSED] - tap(findTestObject("Object Repository/Treatment and WCP/Add Treatment/android.widget.ImageView - Add Treatement"), 30): Tapped on element 'Object Repository/Treatment and WCP/Add Treatment/android.widget.ImageView - Add Treatement'

2023-08-03 10:12:48 - [MESSAGE][PASSED] - Tapped on element 'Object Repository/Treatment and WCP/Add Treatment/android.widget.ImageView - Add Treatement'

2023-08-03 10:12:48 - [TEST_STEP][PASSED] - tap(findTestObject("Object Repository/Treatment and WCP/Add Treatment/android.widget.TextView - Next"), 30): Tapped on element 'Object Repository/Treatment and WCP/Add Treatment/android.widget.TextView - Next'

2023-08-03 10:12:49 - [MESSAGE][PASSED] - Tapped on element 'Object Repository/Treatment and WCP/Add Treatment/android.widget.TextView - Next'

2023-08-03 10:12:49 - [TEST_STEP][PASSED] - tap(findTestObject("Object Repository/Treatment and WCP/Add Treatment/android.widget.TextView - CLEANSING"), 30): Tapped on element 'Object Repository/Treatment and WCP/Add Treatment/android.widget.TextView - CLEANSING'

2023-08-03 10:12:50 - [MESSAGE][PASSED] - Tapped on element 'Object Repository/Treatment and WCP/Add Treatment/android.widget.TextView - CLEANSING'

2023-08-03 10:12:50 - [TEST_STEP][PASSED] - tap(findTestObject("Object Repository/Treatment and WCP/Add Treatment/android.widget.TextView - Acetic Acid"), 30): Tapped on element 'Object Repository/Treatment and WCP/Add Treatment/android.widget.TextView - Acetic Acid'

2023-08-03 10:12:51 - [MESSAGE][PASSED] - Tapped on element 'Object Repository/Treatment and WCP/Add Treatment/android.widget.TextView - Acetic Acid'

2023-08-03 10:12:51 - [TEST_STEP][PASSED] - tap(findTestObject("Object Repository/Treatment and WCP/Add Treatment/android.widget.TextView - OINTMENTS"), 30): Tapped on element 'Object Repository/Treatment and WCP/Add Treatment/android.widget.TextView - OINTMENTS'

2023-08-03 10:12:51 - [MESSAGE][PASSED] - Tapped on element 'Object Repository/Treatment and WCP/Add Treatment/android.widget.TextView - OINTMENTS'

2023-08-03 10:12:51 - [TEST_STEP][PASSED] - tap(findTestObject("Object Repository/Treatment and WCP/Add Treatment/android.widget.TextView - Zinc Oxide"), 30): Tapped on element 'Object Repository/Treatment and WCP/Add Treatment/android.widget.TextView - Zinc Oxide'

2023-08-03 10:12:52 - [MESSAGE][PASSED] - Tapped on element 'Object Repository/Treatment and WCP/Add Treatment/android.widget.TextView - Zinc Oxide'

2023-08-03 10:12:52 - [TEST_STEP][PASSED] - tap(findTestObject("Object Repository/Treatment and WCP/Add Treatment/android.widget.TextView - Save"), 30): Tapped on element 'Object Repository/Treatment and WCP/Add Treatment/android.widget.TextView - Save'

2023-08-03 10:12:53 - [MESSAGE][PASSED] - Tapped on element 'Object Repository/Treatment and WCP/Add Treatment/android.widget.TextView - Save'

2023-08-03 10:12:53 - [TEST_STEP][PASSED] - verifyElementText(findTestObject("Object Repository/Treatment and WCP/Add Treatment/android.widget.TextView - Acetic Acid (1)"), "Acetic Acid"): Actual text and expected text of test object 'Object Repository/Treatment and WCP/Add Treatment/android.widget.TextView - Acetic Acid (1)' are matched.

2023-08-03 10:12:55 - [MESSAGE][PASSED] - Actual text and expected text of test object 'Object Repository/Treatment and WCP/Add Treatment/android.widget.TextView - Acetic Acid (1)' are matched.

2023-08-03 10:12:55 - [TEST_STEP][PASSED] - verifyElementText(findTestObject("Object Repository/Treatment and WCP/Add Treatment/android.widget.TextView - Zinc Oxide (1)"), "Zinc Oxide"): Actual text and expected text of test object 'Object Repository/Treatment and WCP/Add Treatment/android.widget.TextView - Zinc Oxide (1)' are matched.

2023-08-03 10:12:55 - [MESSAGE][PASSED] - Actual text and expected text of test object 'Object Repository/Treatment and WCP/Add Treatment/android.widget.TextView - Zinc Oxide (1)' are matched.

2023-08-03 10:12:55 - [TEST_STEP][PASSED] - pressBack(): Press back button successfully

2023-08-03 10:12:56 - [MESSAGE][PASSED] - Press back button successfully

2023-08-03 10:12:56 - [TEST_STEP][PASSED] - pressBack(): Press back button successfully

2023-08-03 10:12:56 - [MESSAGE][PASSED] - Press back button successfully

2023-08-03 10:12:56 - [TEST_STEP][PASSED] - pressBack(): Press back button successfully

2023-08-03 10:12:57 - [MESSAGE][PASSED] - Press back button successfully]]></system-out>
         <system-err><![CDATA[]]></system-err>
      </testcase>
      <testcase name="Test Cases/Treatment and WCP/Edit Treatment" time="44.194" classname="Test Cases/Treatment and WCP/Edit Treatment" status="PASSED">
         <system-out><![CDATA[2023-08-03 10:12:57 - [TEST_CASE][PASSED] - Test Cases/Treatment and WCP/Edit Treatment: Test Cases/Treatment and WCP/Edit Treatment

2023-08-03 10:12:58 - [TEST_STEP][PASSED] - scrollToText("MRN: 09ui", STOP_ON_FAILURE): Scrolling to text 'MRN: 09ui' successfully

2023-08-03 10:12:58 - [MESSAGE][PASSED] - Scrolling to text 'MRN: 09ui' successfully

2023-08-03 10:12:58 - [TEST_STEP][PASSED] - tap(findTestObject("Object Repository/Treatment and WCP/Edit Treatment/android.widget.TextView - MRN 09ui"), 30): Tapped on element 'Object Repository/Treatment and WCP/Edit Treatment/android.widget.TextView - MRN 09ui'

2023-08-03 10:12:59 - [MESSAGE][PASSED] - Tapped on element 'Object Repository/Treatment and WCP/Edit Treatment/android.widget.TextView - MRN 09ui'

2023-08-03 10:12:59 - [TEST_STEP][PASSED] - tap(findTestObject("Object Repository/Treatment and WCP/Edit Treatment/android.view.ViewGroup - Wound"), 30): Tapped on element 'Object Repository/Treatment and WCP/Edit Treatment/android.view.ViewGroup - Wound'

2023-08-03 10:13:01 - [MESSAGE][PASSED] - Tapped on element 'Object Repository/Treatment and WCP/Edit Treatment/android.view.ViewGroup - Wound'

2023-08-03 10:13:01 - [TEST_STEP][PASSED] - tap(findTestObject("Object Repository/Treatment and WCP/Edit Treatment/android.widget.TextView - Treatment"), 30): Tapped on element 'Object Repository/Treatment and WCP/Edit Treatment/android.widget.TextView - Treatment'

2023-08-03 10:13:31 - [MESSAGE][PASSED] - Tapped on element 'Object Repository/Treatment and WCP/Edit Treatment/android.widget.TextView - Treatment'

2023-08-03 10:13:31 - [TEST_STEP][PASSED] - tap(findTestObject("Object Repository/Treatment and WCP/Edit Treatment/android.widget.ImageView - Edit Treatement"), 30): Tapped on element 'Object Repository/Treatment and WCP/Edit Treatment/android.widget.ImageView - Edit Treatement'

2023-08-03 10:13:33 - [MESSAGE][PASSED] - Tapped on element 'Object Repository/Treatment and WCP/Edit Treatment/android.widget.ImageView - Edit Treatement'

2023-08-03 10:13:33 - [TEST_STEP][PASSED] - tap(findTestObject("Object Repository/Treatment and WCP/Edit Treatment/android.widget.TextView - Next"), 30): Tapped on element 'Object Repository/Treatment and WCP/Edit Treatment/android.widget.TextView - Next'

2023-08-03 10:13:34 - [MESSAGE][PASSED] - Tapped on element 'Object Repository/Treatment and WCP/Edit Treatment/android.widget.TextView - Next'

2023-08-03 10:13:34 - [TEST_STEP][PASSED] - tap(findTestObject("Object Repository/Treatment and WCP/Edit Treatment/android.widget.TextView - DRESSING"), 30): Tapped on element 'Object Repository/Treatment and WCP/Edit Treatment/android.widget.TextView - DRESSING'

2023-08-03 10:13:35 - [MESSAGE][PASSED] - Tapped on element 'Object Repository/Treatment and WCP/Edit Treatment/android.widget.TextView - DRESSING'

2023-08-03 10:13:35 - [TEST_STEP][PASSED] - tap(findTestObject("Object Repository/Treatment and WCP/Edit Treatment/android.widget.TextView - Activated Charcoal (1)"), 30): Tapped on element 'Object Repository/Treatment and WCP/Edit Treatment/android.widget.TextView - Activated Charcoal (1)'

2023-08-03 10:13:36 - [MESSAGE][PASSED] - Tapped on element 'Object Repository/Treatment and WCP/Edit Treatment/android.widget.TextView - Activated Charcoal (1)'

2023-08-03 10:13:36 - [TEST_STEP][PASSED] - tap(findTestObject("Object Repository/Treatment and WCP/Edit Treatment/android.widget.TextView - Save"), 30): Tapped on element 'Object Repository/Treatment and WCP/Edit Treatment/android.widget.TextView - Save'

2023-08-03 10:13:37 - [MESSAGE][PASSED] - Tapped on element 'Object Repository/Treatment and WCP/Edit Treatment/android.widget.TextView - Save'

2023-08-03 10:13:37 - [TEST_STEP][PASSED] - verifyElementText(findTestObject("Object Repository/Treatment and WCP/Edit Treatment/android.widget.TextView - Activated Charcoal"), "Activated Charcoal"): Actual text and expected text of test object 'Object Repository/Treatment and WCP/Edit Treatment/android.widget.TextView - Activated Charcoal' are matched.

2023-08-03 10:13:39 - [MESSAGE][PASSED] - Actual text and expected text of test object 'Object Repository/Treatment and WCP/Edit Treatment/android.widget.TextView - Activated Charcoal' are matched.

2023-08-03 10:13:39 - [TEST_STEP][PASSED] - verifyElementText(findTestObject("Object Repository/Treatment and WCP/Edit Treatment/android.widget.TextView - DRESSING (1)"), "DRESSING"): Actual text and expected text of test object 'Object Repository/Treatment and WCP/Edit Treatment/android.widget.TextView - DRESSING (1)' are matched.

2023-08-03 10:13:40 - [MESSAGE][PASSED] - Actual text and expected text of test object 'Object Repository/Treatment and WCP/Edit Treatment/android.widget.TextView - DRESSING (1)' are matched.

2023-08-03 10:13:40 - [TEST_STEP][PASSED] - pressBack(): Press back button successfully

2023-08-03 10:13:40 - [MESSAGE][PASSED] - Press back button successfully

2023-08-03 10:13:40 - [TEST_STEP][PASSED] - pressBack(): Press back button successfully

2023-08-03 10:13:41 - [MESSAGE][PASSED] - Press back button successfully

2023-08-03 10:13:41 - [TEST_STEP][PASSED] - pressBack(): Press back button successfully

2023-08-03 10:13:41 - [MESSAGE][PASSED] - Press back button successfully]]></system-out>
         <system-err><![CDATA[]]></system-err>
      </testcase>
      <testcase name="Test Cases/Treatment and WCP/Treatment WCP history" time="125.378" classname="Test Cases/Treatment and WCP/Treatment WCP history" status="PASSED">
         <system-out><![CDATA[2023-08-03 10:13:41 - [TEST_CASE][PASSED] - Test Cases/Treatment and WCP/Treatment WCP history: Test Cases/Treatment and WCP/Treatment WCP history

2023-08-03 10:13:42 - [TEST_STEP][PASSED] - callTestCase(findTestCase("User Managemenet/Login"), [:], STOP_ON_FAILURE): Call Test Case 'Test Cases/User Managemenet/Login' successfully

2023-08-03 10:13:42 - [TEST_CASE][PASSED] - Test Cases/User Managemenet/Login: Test Cases/User Managemenet/Login

2023-08-03 10:13:42 - [TEST_STEP][PASSED] - startApplication(LoginCreds.get("APK"), true): Started app at: 'C:\Users\Amarir\Downloads\APK\IS\IS_69.apk'

2023-08-03 10:14:03 - [MESSAGE][PASSED] - Started app at: 'C:\Users\Amarir\Downloads\APK\IS\IS_69.apk'

2023-08-03 10:14:03 - [TEST_STEP][PASSED] - setText(findTestObject("User Management/Login/android.widget.EditText - username"), LoginCreds.get("username"), 30): Text 'Katalon' has been set to element 'Object Repository/User Management/Login/android.widget.EditText - username'

2023-08-03 10:14:10 - [MESSAGE][PASSED] - Text 'Katalon' has been set to element 'Object Repository/User Management/Login/android.widget.EditText - username'

2023-08-03 10:14:10 - [TEST_STEP][PASSED] - setText(findTestObject("User Management/Login/android.widget.EditText - password"), LoginCreds.get("password"), 30): Text 'eKare123@' has been set to element 'Object Repository/User Management/Login/android.widget.EditText - password'

2023-08-03 10:14:11 - [MESSAGE][PASSED] - Text 'eKare123@' has been set to element 'Object Repository/User Management/Login/android.widget.EditText - password'

2023-08-03 10:14:11 - [TEST_STEP][PASSED] - tap(findTestObject("User Management/Login/android.view.ViewGroup - sign in"), 30): Tapped on element 'Object Repository/User Management/Login/android.view.ViewGroup - sign in'

2023-08-03 10:14:12 - [MESSAGE][PASSED] - Tapped on element 'Object Repository/User Management/Login/android.view.ViewGroup - sign in'

2023-08-03 10:14:12 - [TEST_STEP][PASSED] - tap(findTestObject("Object Repository/User Management/Login/android.widget.TextView - Katalon"), 30): Tapped on element 'Object Repository/User Management/Login/android.widget.TextView - Katalon'

2023-08-03 10:14:13 - [MESSAGE][PASSED] - Tapped on element 'Object Repository/User Management/Login/android.widget.TextView - Katalon'

2023-08-03 10:14:13 - [TEST_STEP][PASSED] - delay(2, STOP_ON_FAILURE): Delayed 2 second(s)

2023-08-03 10:14:15 - [MESSAGE][PASSED] - Delayed 2 second(s)

2023-08-03 10:14:15 - [TEST_STEP][PASSED] - verifyElementExist(findTestObject("Object Repository/User Management/Login/android.widget.TextView - Patient Directory"), 30): Element 'Object Repository/User Management/Login/android.widget.TextView - Patient Directory' is exist

2023-08-03 10:14:18 - [MESSAGE][PASSED] - Element 'Object Repository/User Management/Login/android.widget.TextView - Patient Directory' is exist

2023-08-03 10:14:18 - [MESSAGE][PASSED] - Call Test Case 'Test Cases/User Managemenet/Login' successfully

2023-08-03 10:14:18 - [TEST_STEP][PASSED] - scrollToText("MRN: 97ui"): Scrolling to text 'MRN: 97ui' successfully

2023-08-03 10:14:19 - [MESSAGE][PASSED] - Scrolling to text 'MRN: 97ui' successfully

2023-08-03 10:14:19 - [TEST_STEP][PASSED] - tap(findTestObject("Object Repository/Treatment and WCP/Treatment WCP history/android.widget.TextView - MRN 97ui"), 30): Tapped on element 'Object Repository/Treatment and WCP/Treatment WCP history/android.widget.TextView - MRN 97ui'

2023-08-03 10:14:20 - [MESSAGE][PASSED] - Tapped on element 'Object Repository/Treatment and WCP/Treatment WCP history/android.widget.TextView - MRN 97ui'

2023-08-03 10:14:20 - [TEST_STEP][PASSED] - tap(findTestObject("Object Repository/Treatment and WCP/Treatment WCP history/android.view.ViewGroup"), 30): Tapped on element 'Object Repository/Treatment and WCP/Treatment WCP history/android.view.ViewGroup'

2023-08-03 10:14:22 - [MESSAGE][PASSED] - Tapped on element 'Object Repository/Treatment and WCP/Treatment WCP history/android.view.ViewGroup'

2023-08-03 10:14:22 - [TEST_STEP][PASSED] - tap(findTestObject("Object Repository/Treatment and WCP/Treatment WCP history/android.widget.TextView - Treatment"), 30): Tapped on element 'Object Repository/Treatment and WCP/Treatment WCP history/android.widget.TextView - Treatment'

2023-08-03 10:14:52 - [MESSAGE][PASSED] - Tapped on element 'Object Repository/Treatment and WCP/Treatment WCP history/android.widget.TextView - Treatment'

2023-08-03 10:14:52 - [TEST_STEP][PASSED] - verifyElementExist(findTestObject("Object Repository/Treatment and WCP/Treatment WCP history/android.view.ViewGroup (1)"), 30): Element 'Object Repository/Treatment and WCP/Treatment WCP history/android.view.ViewGroup (1)' is exist

2023-08-03 10:14:54 - [MESSAGE][PASSED] - Element 'Object Repository/Treatment and WCP/Treatment WCP history/android.view.ViewGroup (1)' is exist

2023-08-03 10:14:54 - [TEST_STEP][PASSED] - tap(findTestObject("Object Repository/Treatment and WCP/Treatment WCP history/android.widget.ImageView"), 30): Tapped on element 'Object Repository/Treatment and WCP/Treatment WCP history/android.widget.ImageView'

2023-08-03 10:14:54 - [MESSAGE][PASSED] - Tapped on element 'Object Repository/Treatment and WCP/Treatment WCP history/android.widget.ImageView'

2023-08-03 10:14:54 - [TEST_STEP][PASSED] - tap(findTestObject("Treatment and WCP/Treatment WCP history/android.view.ViewGroup (2)"), 30): Tapped on element 'Object Repository/Treatment and WCP/Treatment WCP history/android.view.ViewGroup (2)'

2023-08-03 10:15:46 - [MESSAGE][PASSED] - Tapped on element 'Object Repository/Treatment and WCP/Treatment WCP history/android.view.ViewGroup (2)'

2023-08-03 10:15:46 - [TEST_STEP][PASSED] - verifyElementExist(findTestObject("Treatment and WCP/Treatment WCP history/android.view.ViewGroup (1)"), 30): Element 'Object Repository/Treatment and WCP/Treatment WCP history/android.view.ViewGroup (1)' is exist

2023-08-03 10:15:47 - [MESSAGE][PASSED] - Element 'Object Repository/Treatment and WCP/Treatment WCP history/android.view.ViewGroup (1)' is exist]]></system-out>
         <system-err><![CDATA[]]></system-err>
      </testcase>
      <system-out><![CDATA[2023-08-03 10:10:43 - [TEST_SUITE][PASSED] - Treatment and WCP: Test Cases/Treatment and WCP/Treatment WCP history]]></system-out>
      <system-err><![CDATA[]]></system-err>
   </testsuite>
</testsuites>
