<?xml version="1.0" encoding="UTF-8"?>
<testsuites name="Wound Assessment" time="580.149" tests="6" failures="0" errors="0">
   <testsuite name="Wound Assessment" tests="6" failures="0" errors="0" time="580.149" skipped="0" timestamp="2023-08-03 11:06:54" hostname="Amarir - DESKTOP-EE3F8H4" id="Test Suites/Wound Assessment">
      <properties>
         <property name="deviceName" value="samsung SM-N975F (Android 12)"/>
         <property name="devicePlatform" value=""/>
         <property name="logFolder" value="C:\\Users\\Amarir\\git\\IS_Katalon_Lite_Version\\Reports\\20230803_110644\\Wound Assessment\\20230803_110644"/>
         <property name="logFiles" value="C:\\Users\\Amarir\\git\\IS_Katalon_Lite_Version\\Reports\\20230803_110644\\Wound Assessment\\20230803_110644\\appium.log, C:\\Users\\Amarir\\git\\IS_Katalon_Lite_Version\\Reports\\20230803_110644\\Wound Assessment\\20230803_110644\\execution0.log"/>
         <property name="attachments" value="C:\\Users\\Amarir\\git\\IS_Katalon_Lite_Version\\Reports\\20230803_110644\\Wound Assessment\\20230803_110644\\1691061300808.png"/>
         <property name="hostName" value="Amarir - DESKTOP-EE3F8H4"/>
         <property name="os" value="Windows 10 64bit"/>
         <property name="appiumServerStatus" value="{&quot;value&quot;:{&quot;build&quot;:{&quot;version&quot;:&quot;1.22.0&quot;}},&quot;sessionId&quot;:null,&quot;status&quot;:0}"/>
         <property name="katalonVersion" value="8.6.0.208"/>
         <property name="deviceOS" value="Android"/>
         <property name="appiumVersion" value="1.22.0"/>
         <property name="deviceModel" value="SM-N975F"/>
         <property name="hostAddress" value="192.168.234.1"/>
         <property name="deviceManufacturer" value="samsung"/>
         <property name="deviceId" value="RF8N307NKZV"/>
         <property name="deviceName" value="samsung SM-N975F (Android 12)"/>
         <property name="deviceOSVersion" value="12"/>
      </properties>
      <testcase name="Test Cases/User Managemenet/Login" time="52.977" classname="Test Cases/User Managemenet/Login" status="PASSED">
         <system-out><![CDATA[2023-08-03 11:06:54 - [TEST_CASE][PASSED] - Test Cases/User Managemenet/Login: Test Cases/User Managemenet/Login

2023-08-03 11:06:55 - [TEST_STEP][PASSED] - startApplication(LoginCreds.get("APK"), true): Started app at: 'C:\Users\Amarir\Downloads\APK\IS\IS_69.apk'

2023-08-03 11:06:57 - [MESSAGE][INFO] - Detected NodeJS location: "C:\Program Files\nodejs\node.exe"

2023-08-03 11:06:59 - [MESSAGE][INFO] - Appium server started on port 54,617

2023-08-03 11:07:34 - [MESSAGE][PASSED] - Started app at: 'C:\Users\Amarir\Downloads\APK\IS\IS_69.apk'

2023-08-03 11:07:34 - [TEST_STEP][PASSED] - setText(findTestObject("User Management/Login/android.widget.EditText - username"), LoginCreds.get("username"), 30): Text 'Katalon' has been set to element 'Object Repository/User Management/Login/android.widget.EditText - username'

2023-08-03 11:07:38 - [MESSAGE][PASSED] - Text 'Katalon' has been set to element 'Object Repository/User Management/Login/android.widget.EditText - username'

2023-08-03 11:07:38 - [TEST_STEP][PASSED] - setText(findTestObject("User Management/Login/android.widget.EditText - password"), LoginCreds.get("password"), 30): Text 'eKare123@' has been set to element 'Object Repository/User Management/Login/android.widget.EditText - password'

2023-08-03 11:07:40 - [MESSAGE][PASSED] - Text 'eKare123@' has been set to element 'Object Repository/User Management/Login/android.widget.EditText - password'

2023-08-03 11:07:40 - [TEST_STEP][PASSED] - tap(findTestObject("User Management/Login/android.view.ViewGroup - sign in"), 30): Tapped on element 'Object Repository/User Management/Login/android.view.ViewGroup - sign in'

2023-08-03 11:07:40 - [MESSAGE][PASSED] - Tapped on element 'Object Repository/User Management/Login/android.view.ViewGroup - sign in'

2023-08-03 11:07:40 - [TEST_STEP][PASSED] - tap(findTestObject("Object Repository/User Management/Login/android.widget.TextView - Katalon"), 30): Tapped on element 'Object Repository/User Management/Login/android.widget.TextView - Katalon'

2023-08-03 11:07:42 - [MESSAGE][PASSED] - Tapped on element 'Object Repository/User Management/Login/android.widget.TextView - Katalon'

2023-08-03 11:07:42 - [TEST_STEP][PASSED] - delay(2, STOP_ON_FAILURE): Delayed 2 second(s)

2023-08-03 11:07:44 - [MESSAGE][PASSED] - Delayed 2 second(s)

2023-08-03 11:07:44 - [TEST_STEP][PASSED] - verifyElementExist(findTestObject("Object Repository/User Management/Login/android.widget.TextView - Patient Directory"), 30): Element 'Object Repository/User Management/Login/android.widget.TextView - Patient Directory' is exist

2023-08-03 11:07:47 - [MESSAGE][PASSED] - Element 'Object Repository/User Management/Login/android.widget.TextView - Patient Directory' is exist]]></system-out>
         <system-err><![CDATA[]]></system-err>
      </testcase>
      <testcase name="Test Cases/Wound Assessment/Add Assessment" time="89.886" classname="Test Cases/Wound Assessment/Add Assessment" status="PASSED">
         <system-out><![CDATA[2023-08-03 11:07:47 - [TEST_CASE][PASSED] - Test Cases/Wound Assessment/Add Assessment: Test Cases/Wound Assessment/Add Assessment

2023-08-03 11:07:48 - [TEST_STEP][PASSED] - setText(findTestObject("Object Repository/Wound Assessment/Add Assessment/android.widget.EditText - Search by Name, MRN"), "21ui", 30): Text '21ui' has been set to element 'Object Repository/Wound Assessment/Add Assessment/android.widget.EditText - Search by Name, MRN'

2023-08-03 11:07:49 - [MESSAGE][PASSED] - Text '21ui' has been set to element 'Object Repository/Wound Assessment/Add Assessment/android.widget.EditText - Search by Name, MRN'

2023-08-03 11:07:49 - [TEST_STEP][PASSED] - tap(findTestObject("Object Repository/Wound Assessment/Add Assessment/android.widget.TextView - Current site"), 30): Tapped on element 'Object Repository/Wound Assessment/Add Assessment/android.widget.TextView - Current site'

2023-08-03 11:07:50 - [MESSAGE][PASSED] - Tapped on element 'Object Repository/Wound Assessment/Add Assessment/android.widget.TextView - Current site'

2023-08-03 11:07:50 - [TEST_STEP][PASSED] - tap(findTestObject("Object Repository/Wound Assessment/Add Assessment/android.widget.TextView - Current site (1)"), 30): Tapped on element 'Object Repository/Wound Assessment/Add Assessment/android.widget.TextView - Current site (1)'

2023-08-03 11:07:51 - [MESSAGE][PASSED] - Tapped on element 'Object Repository/Wound Assessment/Add Assessment/android.widget.TextView - Current site (1)'

2023-08-03 11:07:51 - [TEST_STEP][PASSED] - verifyElementExist(findTestObject("Object Repository/Wound Assessment/Add Assessment/android.view.ViewGroup - Patient"), 30): Element 'Object Repository/Wound Assessment/Add Assessment/android.view.ViewGroup - Patient' is exist

2023-08-03 11:07:52 - [MESSAGE][PASSED] - Element 'Object Repository/Wound Assessment/Add Assessment/android.view.ViewGroup - Patient' is exist

2023-08-03 11:07:52 - [TEST_STEP][PASSED] - tap(findTestObject("Object Repository/Wound Assessment/Add Assessment/android.view.ViewGroup - Patient"), 30): Tapped on element 'Object Repository/Wound Assessment/Add Assessment/android.view.ViewGroup - Patient'

2023-08-03 11:07:53 - [MESSAGE][PASSED] - Tapped on element 'Object Repository/Wound Assessment/Add Assessment/android.view.ViewGroup - Patient'

2023-08-03 11:07:53 - [TEST_STEP][PASSED] - verifyElementExist(findTestObject("Object Repository/Wound Assessment/Add Assessment/android.view.ViewGroup - Wound"), 30): Element 'Object Repository/Wound Assessment/Add Assessment/android.view.ViewGroup - Wound' is exist

2023-08-03 11:07:54 - [MESSAGE][PASSED] - Element 'Object Repository/Wound Assessment/Add Assessment/android.view.ViewGroup - Wound' is exist

2023-08-03 11:07:54 - [TEST_STEP][PASSED] - tap(findTestObject("Object Repository/Wound Assessment/Add Assessment/android.view.ViewGroup - Wound"), 30): Tapped on element 'Object Repository/Wound Assessment/Add Assessment/android.view.ViewGroup - Wound'

2023-08-03 11:07:55 - [MESSAGE][PASSED] - Tapped on element 'Object Repository/Wound Assessment/Add Assessment/android.view.ViewGroup - Wound'

2023-08-03 11:07:55 - [TEST_STEP][PASSED] - verifyElementText(findTestObject("Object Repository/Wound Assessment/Add Assessment/android.widget.TextView - Assessment"), "Assessment"): Actual text and expected text of test object 'Object Repository/Wound Assessment/Add Assessment/android.widget.TextView - Assessment' are matched.

2023-08-03 11:08:25 - [MESSAGE][PASSED] - Actual text and expected text of test object 'Object Repository/Wound Assessment/Add Assessment/android.widget.TextView - Assessment' are matched.

2023-08-03 11:08:25 - [TEST_STEP][PASSED] - tap(findTestObject("Wound Assessment/Add Assessment/android.widget.TextView - Assessment"), 30): Tapped on element 'Object Repository/Wound Assessment/Add Assessment/android.widget.TextView - Assessment'

2023-08-03 11:08:57 - [MESSAGE][PASSED] - Tapped on element 'Object Repository/Wound Assessment/Add Assessment/android.widget.TextView - Assessment'

2023-08-03 11:08:57 - [TEST_STEP][PASSED] - verifyElementExist(findTestObject("Object Repository/Wound Assessment/Add Assessment/android.widget.ImageView - add Assessement"), 30): Element 'Object Repository/Wound Assessment/Add Assessment/android.widget.ImageView - add Assessement' is exist

2023-08-03 11:08:57 - [MESSAGE][PASSED] - Element 'Object Repository/Wound Assessment/Add Assessment/android.widget.ImageView - add Assessement' is exist

2023-08-03 11:08:57 - [TEST_STEP][PASSED] - tap(findTestObject("Object Repository/Wound Assessment/Add Assessment/android.widget.ImageView - add Assessement"), 30): Tapped on element 'Object Repository/Wound Assessment/Add Assessment/android.widget.ImageView - add Assessement'

2023-08-03 11:08:57 - [MESSAGE][PASSED] - Tapped on element 'Object Repository/Wound Assessment/Add Assessment/android.widget.ImageView - add Assessement'

2023-08-03 11:08:57 - [TEST_STEP][PASSED] - tap(findTestObject("Object Repository/Wound Assessment/Add Assessment/android.widget.TextView - WOUND EDGE"), 30): Tapped on element 'Object Repository/Wound Assessment/Add Assessment/android.widget.TextView - WOUND EDGE'

2023-08-03 11:08:58 - [MESSAGE][PASSED] - Tapped on element 'Object Repository/Wound Assessment/Add Assessment/android.widget.TextView - WOUND EDGE'

2023-08-03 11:08:58 - [TEST_STEP][PASSED] - tap(findTestObject("Object Repository/Wound Assessment/Add Assessment/android.widget.TextView - Rolled"), 30): Tapped on element 'Object Repository/Wound Assessment/Add Assessment/android.widget.TextView - Rolled'

2023-08-03 11:09:00 - [MESSAGE][PASSED] - Tapped on element 'Object Repository/Wound Assessment/Add Assessment/android.widget.TextView - Rolled'

2023-08-03 11:09:00 - [TEST_STEP][PASSED] - tap(findTestObject("Object Repository/Wound Assessment/Add Assessment/android.widget.TextView - PERI WOUND SKIN"), 30): Tapped on element 'Object Repository/Wound Assessment/Add Assessment/android.widget.TextView - PERI WOUND SKIN'

2023-08-03 11:09:00 - [MESSAGE][PASSED] - Tapped on element 'Object Repository/Wound Assessment/Add Assessment/android.widget.TextView - PERI WOUND SKIN'

2023-08-03 11:09:00 - [TEST_STEP][PASSED] - tap(findTestObject("Object Repository/Wound Assessment/Add Assessment/android.widget.TextView - Oedema"), 30): Tapped on element 'Object Repository/Wound Assessment/Add Assessment/android.widget.TextView - Oedema'

2023-08-03 11:09:01 - [MESSAGE][PASSED] - Tapped on element 'Object Repository/Wound Assessment/Add Assessment/android.widget.TextView - Oedema'

2023-08-03 11:09:01 - [TEST_STEP][PASSED] - tap(findTestObject("Object Repository/Wound Assessment/Add Assessment/android.widget.TextView - PERI WOUND SKIN (1)"), 30): Tapped on element 'Object Repository/Wound Assessment/Add Assessment/android.widget.TextView - PERI WOUND SKIN (1)'

2023-08-03 11:09:02 - [MESSAGE][PASSED] - Tapped on element 'Object Repository/Wound Assessment/Add Assessment/android.widget.TextView - PERI WOUND SKIN (1)'

2023-08-03 11:09:02 - [TEST_STEP][PASSED] - tap(findTestObject("Object Repository/Wound Assessment/Add Assessment/android.widget.TextView - PAIN"), 30): Tapped on element 'Object Repository/Wound Assessment/Add Assessment/android.widget.TextView - PAIN'

2023-08-03 11:09:03 - [MESSAGE][PASSED] - Tapped on element 'Object Repository/Wound Assessment/Add Assessment/android.widget.TextView - PAIN'

2023-08-03 11:09:03 - [TEST_STEP][PASSED] - tap(findTestObject("Object Repository/Wound Assessment/Add Assessment/android.widget.SeekBar - 0.0"), 30): Tapped on element 'Object Repository/Wound Assessment/Add Assessment/android.widget.SeekBar - 0.0'

2023-08-03 11:09:04 - [MESSAGE][PASSED] - Tapped on element 'Object Repository/Wound Assessment/Add Assessment/android.widget.SeekBar - 0.0'

2023-08-03 11:09:04 - [TEST_STEP][PASSED] - tap(findTestObject("Wound Assessment/Add Assessment/android.widget.TextView - PAIN"), 30): Tapped on element 'Object Repository/Wound Assessment/Add Assessment/android.widget.TextView - PAIN'

2023-08-03 11:09:05 - [MESSAGE][PASSED] - Tapped on element 'Object Repository/Wound Assessment/Add Assessment/android.widget.TextView - PAIN'

2023-08-03 11:09:05 - [TEST_STEP][PASSED] - tap(findTestObject("Object Repository/Wound Assessment/Add Assessment/android.widget.TextView - DRAINAGE"), 30): Tapped on element 'Object Repository/Wound Assessment/Add Assessment/android.widget.TextView - DRAINAGE'

2023-08-03 11:09:06 - [MESSAGE][PASSED] - Tapped on element 'Object Repository/Wound Assessment/Add Assessment/android.widget.TextView - DRAINAGE'

2023-08-03 11:09:06 - [TEST_STEP][PASSED] - tap(findTestObject("Object Repository/Wound Assessment/Add Assessment/android.widget.TextView - Minimum"), 30): Tapped on element 'Object Repository/Wound Assessment/Add Assessment/android.widget.TextView - Minimum'

2023-08-03 11:09:07 - [MESSAGE][PASSED] - Tapped on element 'Object Repository/Wound Assessment/Add Assessment/android.widget.TextView - Minimum'

2023-08-03 11:09:07 - [TEST_STEP][PASSED] - tap(findTestObject("Wound Assessment/Add Assessment/android.widget.TextView - DRAINAGE"), 30): Tapped on element 'Object Repository/Wound Assessment/Add Assessment/android.widget.TextView - DRAINAGE'

2023-08-03 11:09:08 - [MESSAGE][PASSED] - Tapped on element 'Object Repository/Wound Assessment/Add Assessment/android.widget.TextView - DRAINAGE'

2023-08-03 11:09:08 - [TEST_STEP][PASSED] - tap(findTestObject("Object Repository/Wound Assessment/Add Assessment/android.widget.TextView - PRESSURE INJURY STAGING"), 30): Tapped on element 'Object Repository/Wound Assessment/Add Assessment/android.widget.TextView - PRESSURE INJURY STAGING'

2023-08-03 11:09:09 - [MESSAGE][PASSED] - Tapped on element 'Object Repository/Wound Assessment/Add Assessment/android.widget.TextView - PRESSURE INJURY STAGING'

2023-08-03 11:09:09 - [TEST_STEP][PASSED] - tap(findTestObject("Object Repository/Wound Assessment/Add Assessment/android.view.ViewGroup - stage II"), 30): Tapped on element 'Object Repository/Wound Assessment/Add Assessment/android.view.ViewGroup - stage II'

2023-08-03 11:09:10 - [MESSAGE][PASSED] - Tapped on element 'Object Repository/Wound Assessment/Add Assessment/android.view.ViewGroup - stage II'

2023-08-03 11:09:10 - [TEST_STEP][PASSED] - tap(findTestObject("Wound Assessment/Add Assessment/android.widget.TextView - PRESSURE INJURY STAGING"), 30): Tapped on element 'Object Repository/Wound Assessment/Add Assessment/android.widget.TextView - PRESSURE INJURY STAGING'

2023-08-03 11:09:10 - [MESSAGE][PASSED] - Tapped on element 'Object Repository/Wound Assessment/Add Assessment/android.widget.TextView - PRESSURE INJURY STAGING'

2023-08-03 11:09:10 - [TEST_STEP][PASSED] - tap(findTestObject("Object Repository/Wound Assessment/Add Assessment/android.widget.TextView - ODOR"), 30): Tapped on element 'Object Repository/Wound Assessment/Add Assessment/android.widget.TextView - ODOR'

2023-08-03 11:09:11 - [MESSAGE][PASSED] - Tapped on element 'Object Repository/Wound Assessment/Add Assessment/android.widget.TextView - ODOR'

2023-08-03 11:09:11 - [TEST_STEP][PASSED] - tap(findTestObject("Object Repository/Wound Assessment/Add Assessment/android.widget.TextView - None"), 30): Tapped on element 'Object Repository/Wound Assessment/Add Assessment/android.widget.TextView - None'

2023-08-03 11:09:12 - [MESSAGE][PASSED] - Tapped on element 'Object Repository/Wound Assessment/Add Assessment/android.widget.TextView - None'

2023-08-03 11:09:12 - [TEST_STEP][PASSED] - tap(findTestObject("Wound Assessment/Add Assessment/android.widget.TextView - Save"), 30): Tapped on element 'Object Repository/Wound Assessment/Add Assessment/android.widget.TextView - Save'

2023-08-03 11:09:13 - [MESSAGE][PASSED] - Tapped on element 'Object Repository/Wound Assessment/Add Assessment/android.widget.TextView - Save'

2023-08-03 11:09:13 - [TEST_STEP][PASSED] - verifyElementExist(findTestObject("Object Repository/Wound Assessment/Add Assessment/android.view.ViewGroup (1)"), 30): Element 'Object Repository/Wound Assessment/Add Assessment/android.view.ViewGroup (1)' is exist

2023-08-03 11:09:15 - [MESSAGE][PASSED] - Element 'Object Repository/Wound Assessment/Add Assessment/android.view.ViewGroup (1)' is exist

2023-08-03 11:09:15 - [TEST_STEP][PASSED] - pressBack(): Press back button successfully

2023-08-03 11:09:15 - [MESSAGE][PASSED] - Press back button successfully

2023-08-03 11:09:15 - [TEST_STEP][PASSED] - pressBack(): Press back button successfully

2023-08-03 11:09:16 - [MESSAGE][PASSED] - Press back button successfully

2023-08-03 11:09:16 - [TEST_STEP][PASSED] - pressBack(): Press back button successfully

2023-08-03 11:09:16 - [MESSAGE][PASSED] - Press back button successfully

2023-08-03 11:09:16 - [TEST_STEP][PASSED] - tap(findTestObject("Object Repository/Wound Assessment/Add Assessment/android.widget.ImageView - x"), 30): Tapped on element 'Object Repository/Wound Assessment/Add Assessment/android.widget.ImageView - x'

2023-08-03 11:09:17 - [MESSAGE][PASSED] - Tapped on element 'Object Repository/Wound Assessment/Add Assessment/android.widget.ImageView - x']]></system-out>
         <system-err><![CDATA[]]></system-err>
      </testcase>
      <testcase name="Test Cases/Wound Assessment/Edit Assessment" time="80.085" classname="Test Cases/Wound Assessment/Edit Assessment" status="PASSED">
         <system-out><![CDATA[2023-08-03 11:09:17 - [TEST_CASE][PASSED] - Test Cases/Wound Assessment/Edit Assessment: Test Cases/Wound Assessment/Edit Assessment

2023-08-03 11:09:18 - [TEST_STEP][PASSED] - setText(findTestObject("Object Repository/Wound Assessment/Edit Assessment/android.widget.EditText - Search by Name, MRN"), "23ui", 30): Text '23ui' has been set to element 'Object Repository/Wound Assessment/Edit Assessment/android.widget.EditText - Search by Name, MRN'

2023-08-03 11:09:18 - [MESSAGE][PASSED] - Text '23ui' has been set to element 'Object Repository/Wound Assessment/Edit Assessment/android.widget.EditText - Search by Name, MRN'

2023-08-03 11:09:18 - [TEST_STEP][PASSED] - tap(findTestObject("Object Repository/Wound Assessment/Edit Assessment/android.widget.TextView - Current site"), 30): Tapped on element 'Object Repository/Wound Assessment/Edit Assessment/android.widget.TextView - Current site'

2023-08-03 11:09:20 - [MESSAGE][PASSED] - Tapped on element 'Object Repository/Wound Assessment/Edit Assessment/android.widget.TextView - Current site'

2023-08-03 11:09:20 - [TEST_STEP][PASSED] - tap(findTestObject("Object Repository/Wound Assessment/Edit Assessment/android.widget.TextView - Current site (1)"), 30): Tapped on element 'Object Repository/Wound Assessment/Edit Assessment/android.widget.TextView - Current site (1)'

2023-08-03 11:09:21 - [MESSAGE][PASSED] - Tapped on element 'Object Repository/Wound Assessment/Edit Assessment/android.widget.TextView - Current site (1)'

2023-08-03 11:09:21 - [TEST_STEP][PASSED] - verifyElementExist(findTestObject("Object Repository/Wound Assessment/Edit Assessment/android.view.ViewGroup - Patient"), 30): Element 'Object Repository/Wound Assessment/Edit Assessment/android.view.ViewGroup - Patient' is exist

2023-08-03 11:09:21 - [MESSAGE][PASSED] - Element 'Object Repository/Wound Assessment/Edit Assessment/android.view.ViewGroup - Patient' is exist

2023-08-03 11:09:21 - [TEST_STEP][PASSED] - tap(findTestObject("Object Repository/Wound Assessment/Edit Assessment/android.view.ViewGroup - Patient"), 30): Tapped on element 'Object Repository/Wound Assessment/Edit Assessment/android.view.ViewGroup - Patient'

2023-08-03 11:09:22 - [MESSAGE][PASSED] - Tapped on element 'Object Repository/Wound Assessment/Edit Assessment/android.view.ViewGroup - Patient'

2023-08-03 11:09:22 - [TEST_STEP][PASSED] - verifyElementExist(findTestObject("Object Repository/Wound Assessment/Edit Assessment/android.view.ViewGroup - wound"), 30): Element 'Object Repository/Wound Assessment/Edit Assessment/android.view.ViewGroup - wound' is exist

2023-08-03 11:09:24 - [MESSAGE][PASSED] - Element 'Object Repository/Wound Assessment/Edit Assessment/android.view.ViewGroup - wound' is exist

2023-08-03 11:09:24 - [TEST_STEP][PASSED] - tap(findTestObject("Object Repository/Wound Assessment/Edit Assessment/android.view.ViewGroup - wound"), 30): Tapped on element 'Object Repository/Wound Assessment/Edit Assessment/android.view.ViewGroup - wound'

2023-08-03 11:09:24 - [MESSAGE][PASSED] - Tapped on element 'Object Repository/Wound Assessment/Edit Assessment/android.view.ViewGroup - wound'

2023-08-03 11:09:24 - [TEST_STEP][PASSED] - verifyElementText(findTestObject("Object Repository/Wound Assessment/Edit Assessment/android.widget.TextView - Assessment"), "Assessment"): Actual text and expected text of test object 'Object Repository/Wound Assessment/Edit Assessment/android.widget.TextView - Assessment' are matched.

2023-08-03 11:09:54 - [MESSAGE][PASSED] - Actual text and expected text of test object 'Object Repository/Wound Assessment/Edit Assessment/android.widget.TextView - Assessment' are matched.

2023-08-03 11:09:54 - [TEST_STEP][PASSED] - tap(findTestObject("Wound Assessment/Edit Assessment/android.widget.TextView - Assessment"), 30): Tapped on element 'Object Repository/Wound Assessment/Edit Assessment/android.widget.TextView - Assessment'

2023-08-03 11:10:24 - [MESSAGE][PASSED] - Tapped on element 'Object Repository/Wound Assessment/Edit Assessment/android.widget.TextView - Assessment'

2023-08-03 11:10:24 - [TEST_STEP][PASSED] - verifyElementExist(findTestObject("Object Repository/Wound Assessment/Edit Assessment/android.view.ViewGroup - assessment summary"), 30): Element 'Object Repository/Wound Assessment/Edit Assessment/android.view.ViewGroup - assessment summary' is exist

2023-08-03 11:10:26 - [MESSAGE][PASSED] - Element 'Object Repository/Wound Assessment/Edit Assessment/android.view.ViewGroup - assessment summary' is exist

2023-08-03 11:10:26 - [TEST_STEP][PASSED] - verifyElementExist(findTestObject("Object Repository/Wound Assessment/Edit Assessment/android.widget.ImageView - edit assessment"), 30): Element 'Object Repository/Wound Assessment/Edit Assessment/android.widget.ImageView - edit assessment' is exist

2023-08-03 11:10:26 - [MESSAGE][PASSED] - Element 'Object Repository/Wound Assessment/Edit Assessment/android.widget.ImageView - edit assessment' is exist

2023-08-03 11:10:26 - [TEST_STEP][PASSED] - tap(findTestObject("Object Repository/Wound Assessment/Edit Assessment/android.widget.ImageView - edit assessment"), 30): Tapped on element 'Object Repository/Wound Assessment/Edit Assessment/android.widget.ImageView - edit assessment'

2023-08-03 11:10:27 - [MESSAGE][PASSED] - Tapped on element 'Object Repository/Wound Assessment/Edit Assessment/android.widget.ImageView - edit assessment'

2023-08-03 11:10:27 - [TEST_STEP][PASSED] - tap(findTestObject("Object Repository/Wound Assessment/Edit Assessment/android.widget.TextView - WOUND EDGE"), 30): Tapped on element 'Object Repository/Wound Assessment/Edit Assessment/android.widget.TextView - WOUND EDGE'

2023-08-03 11:10:28 - [MESSAGE][PASSED] - Tapped on element 'Object Repository/Wound Assessment/Edit Assessment/android.widget.TextView - WOUND EDGE'

2023-08-03 11:10:28 - [TEST_STEP][PASSED] - tap(findTestObject("Object Repository/Wound Assessment/Edit Assessment/android.widget.TextView - Attached"), 30): Tapped on element 'Object Repository/Wound Assessment/Edit Assessment/android.widget.TextView - Attached'

2023-08-03 11:10:29 - [MESSAGE][PASSED] - Tapped on element 'Object Repository/Wound Assessment/Edit Assessment/android.widget.TextView - Attached'

2023-08-03 11:10:29 - [TEST_STEP][PASSED] - tap(findTestObject("Object Repository/Wound Assessment/Edit Assessment/android.widget.TextView - PERI WOUND SKIN"), 30): Tapped on element 'Object Repository/Wound Assessment/Edit Assessment/android.widget.TextView - PERI WOUND SKIN'

2023-08-03 11:10:30 - [MESSAGE][PASSED] - Tapped on element 'Object Repository/Wound Assessment/Edit Assessment/android.widget.TextView - PERI WOUND SKIN'

2023-08-03 11:10:30 - [TEST_STEP][PASSED] - tap(findTestObject("Wound Assessment/Edit Assessment/android.widget.TextView - Oedema"), 30): Tapped on element 'Object Repository/Wound Assessment/Edit Assessment/android.widget.TextView - Oedema'

2023-08-03 11:10:31 - [MESSAGE][PASSED] - Tapped on element 'Object Repository/Wound Assessment/Edit Assessment/android.widget.TextView - Oedema'

2023-08-03 11:10:31 - [TEST_STEP][PASSED] - tap(findTestObject("Object Repository/Wound Assessment/Edit Assessment/android.widget.TextView - PERI WOUND SKIN (2)"), 30): Tapped on element 'Object Repository/Wound Assessment/Edit Assessment/android.widget.TextView - PERI WOUND SKIN (2)'

2023-08-03 11:10:32 - [MESSAGE][PASSED] - Tapped on element 'Object Repository/Wound Assessment/Edit Assessment/android.widget.TextView - PERI WOUND SKIN (2)'

2023-08-03 11:10:32 - [TEST_STEP][PASSED] - tap(findTestObject("Object Repository/Wound Assessment/Edit Assessment/android.widget.TextView - Save"), 30): Tapped on element 'Object Repository/Wound Assessment/Edit Assessment/android.widget.TextView - Save'

2023-08-03 11:10:33 - [MESSAGE][PASSED] - Tapped on element 'Object Repository/Wound Assessment/Edit Assessment/android.widget.TextView - Save'

2023-08-03 11:10:33 - [TEST_STEP][PASSED] - verifyElementText(findTestObject("Object Repository/Wound Assessment/Edit Assessment/android.widget.TextView - Attached, Rolled"), "Attached, Rolled"): Actual text and expected text of test object 'Object Repository/Wound Assessment/Edit Assessment/android.widget.TextView - Attached, Rolled' are matched.

2023-08-03 11:10:34 - [MESSAGE][PASSED] - Actual text and expected text of test object 'Object Repository/Wound Assessment/Edit Assessment/android.widget.TextView - Attached, Rolled' are matched.

2023-08-03 11:10:34 - [TEST_STEP][PASSED] - verifyElementText(findTestObject("Object Repository/Wound Assessment/Edit Assessment/android.widget.TextView - Oedema, Dry"), "Oedema, Dry"): Actual text and expected text of test object 'Object Repository/Wound Assessment/Edit Assessment/android.widget.TextView - Oedema, Dry' are matched.

2023-08-03 11:10:35 - [MESSAGE][PASSED] - Actual text and expected text of test object 'Object Repository/Wound Assessment/Edit Assessment/android.widget.TextView - Oedema, Dry' are matched.

2023-08-03 11:10:35 - [TEST_STEP][PASSED] - pressBack(): Press back button successfully

2023-08-03 11:10:35 - [MESSAGE][PASSED] - Press back button successfully

2023-08-03 11:10:35 - [TEST_STEP][PASSED] - pressBack(): Press back button successfully

2023-08-03 11:10:36 - [MESSAGE][PASSED] - Press back button successfully

2023-08-03 11:10:36 - [TEST_STEP][PASSED] - pressBack(): Press back button successfully

2023-08-03 11:10:36 - [MESSAGE][PASSED] - Press back button successfully

2023-08-03 11:10:36 - [TEST_STEP][PASSED] - tap(findTestObject("Object Repository/Wound Assessment/Edit Assessment/android.widget.ImageView - x"), 30): Tapped on element 'Object Repository/Wound Assessment/Edit Assessment/android.widget.ImageView - x'

2023-08-03 11:10:37 - [MESSAGE][PASSED] - Tapped on element 'Object Repository/Wound Assessment/Edit Assessment/android.widget.ImageView - x']]></system-out>
         <system-err><![CDATA[]]></system-err>
      </testcase>
      <testcase name="Test Cases/Wound Assessment/Push score" time="128.54" classname="Test Cases/Wound Assessment/Push score" status="PASSED">
         <system-out><![CDATA[2023-08-03 11:10:37 - [TEST_CASE][PASSED] - Test Cases/Wound Assessment/Push score: Test Cases/Wound Assessment/Push score

2023-08-03 11:10:38 - [TEST_STEP][PASSED] - scrollToText("81ui"): Scrolling to text '81ui' successfully

2023-08-03 11:10:57 - [MESSAGE][PASSED] - Scrolling to text '81ui' successfully

2023-08-03 11:10:57 - [TEST_STEP][PASSED] - tap(findTestObject("Object Repository/Wound Assessment/Push score/android.widget.TextView - MRN 81ui"), 30): Tapped on element 'Object Repository/Wound Assessment/Push score/android.widget.TextView - MRN 81ui'

2023-08-03 11:10:58 - [MESSAGE][PASSED] - Tapped on element 'Object Repository/Wound Assessment/Push score/android.widget.TextView - MRN 81ui'

2023-08-03 11:10:58 - [TEST_STEP][PASSED] - tap(findTestObject("Object Repository/Wound Assessment/Push score/android.widget.TextView - Wound 1 Pressure Injury"), 30): Tapped on element 'Object Repository/Wound Assessment/Push score/android.widget.TextView - Wound 1 Pressure Injury'

2023-08-03 11:11:00 - [MESSAGE][PASSED] - Tapped on element 'Object Repository/Wound Assessment/Push score/android.widget.TextView - Wound 1 Pressure Injury'

2023-08-03 11:11:00 - [TEST_STEP][PASSED] - tap(findTestObject("Object Repository/Wound Assessment/Push score/android.widget.TextView - Assessment"), 30): Tapped on element 'Object Repository/Wound Assessment/Push score/android.widget.TextView - Assessment'

2023-08-03 11:11:30 - [MESSAGE][PASSED] - Tapped on element 'Object Repository/Wound Assessment/Push score/android.widget.TextView - Assessment'

2023-08-03 11:11:30 - [TEST_STEP][PASSED] - tap(findTestObject("Object Repository/Wound Assessment/Push score/android.widget.ImageView - add assessment"), 30): Tapped on element 'Object Repository/Wound Assessment/Push score/android.widget.ImageView - add assessment'

2023-08-03 11:11:32 - [MESSAGE][PASSED] - Tapped on element 'Object Repository/Wound Assessment/Push score/android.widget.ImageView - add assessment'

2023-08-03 11:11:32 - [TEST_STEP][PASSED] - scrollToText("NOTES"): Scrolling to text 'NOTES' successfully

2023-08-03 11:11:35 - [MESSAGE][PASSED] - Scrolling to text 'NOTES' successfully

2023-08-03 11:11:35 - [TEST_STEP][PASSED] - verifyElementExist(findTestObject("Wound Assessment/Push score/android.widget.TextView - PUSH SCORE"), 30): Element 'Object Repository/Wound Assessment/Push score/android.widget.TextView - PUSH SCORE' is exist

2023-08-03 11:11:36 - [MESSAGE][PASSED] - Element 'Object Repository/Wound Assessment/Push score/android.widget.TextView - PUSH SCORE' is exist

2023-08-03 11:11:36 - [TEST_STEP][PASSED] - tap(findTestObject("Wound Assessment/Push score/android.widget.TextView - PUSH SCORE"), 30): Tapped on element 'Object Repository/Wound Assessment/Push score/android.widget.TextView - PUSH SCORE'

2023-08-03 11:11:36 - [MESSAGE][PASSED] - Tapped on element 'Object Repository/Wound Assessment/Push score/android.widget.TextView - PUSH SCORE'

2023-08-03 11:11:36 - [TEST_STEP][PASSED] - tap(findTestObject("Object Repository/Wound Assessment/Push score/android.widget.TextView - OK"), 30): Tapped on element 'Object Repository/Wound Assessment/Push score/android.widget.TextView - OK'

2023-08-03 11:11:37 - [MESSAGE][PASSED] - Tapped on element 'Object Repository/Wound Assessment/Push score/android.widget.TextView - OK'

2023-08-03 11:11:37 - [TEST_STEP][PASSED] - verifyElementExist(findTestObject("Object Repository/Wound Assessment/Push score/android.widget.TextView - TOTAL 5"), 30): Element 'Object Repository/Wound Assessment/Push score/android.widget.TextView - TOTAL 5' is exist

2023-08-03 11:11:38 - [MESSAGE][PASSED] - Element 'Object Repository/Wound Assessment/Push score/android.widget.TextView - TOTAL 5' is exist

2023-08-03 11:11:38 - [TEST_STEP][PASSED] - tap(findTestObject("Object Repository/Wound Assessment/Push score/android.widget.ImageView - x"), 30): Tapped on element 'Object Repository/Wound Assessment/Push score/android.widget.ImageView - x'

2023-08-03 11:11:39 - [MESSAGE][PASSED] - Tapped on element 'Object Repository/Wound Assessment/Push score/android.widget.ImageView - x'

2023-08-03 11:11:39 - [TEST_STEP][PASSED] - pressBack(): Press back button successfully

2023-08-03 11:11:39 - [MESSAGE][PASSED] - Press back button successfully

2023-08-03 11:11:39 - [TEST_STEP][PASSED] - pressBack(): Press back button successfully

2023-08-03 11:11:40 - [MESSAGE][PASSED] - Press back button successfully

2023-08-03 11:11:40 - [TEST_STEP][PASSED] - tap(findTestObject("Object Repository/Wound Assessment/Push score/android.widget.TextView - Wound 2 Trauma"), 30): Tapped on element 'Object Repository/Wound Assessment/Push score/android.widget.TextView - Wound 2 Trauma'

2023-08-03 11:11:41 - [MESSAGE][PASSED] - Tapped on element 'Object Repository/Wound Assessment/Push score/android.widget.TextView - Wound 2 Trauma'

2023-08-03 11:11:41 - [TEST_STEP][PASSED] - tap(findTestObject("Wound Assessment/Push score/android.widget.TextView - Assessment"), 30): Tapped on element 'Object Repository/Wound Assessment/Push score/android.widget.TextView - Assessment'

2023-08-03 11:12:11 - [MESSAGE][PASSED] - Tapped on element 'Object Repository/Wound Assessment/Push score/android.widget.TextView - Assessment'

2023-08-03 11:12:11 - [TEST_STEP][PASSED] - tap(findTestObject("Wound Assessment/Push score/android.widget.ImageView - add assessment"), 30): Tapped on element 'Object Repository/Wound Assessment/Push score/android.widget.ImageView - add assessment'

2023-08-03 11:12:13 - [MESSAGE][PASSED] - Tapped on element 'Object Repository/Wound Assessment/Push score/android.widget.ImageView - add assessment'

2023-08-03 11:12:13 - [TEST_STEP][PASSED] - verifyElementNotExist(findTestObject("Wound Assessment/Push score/android.widget.TextView - PUSH SCORE"), 30): Element 'Object Repository/Wound Assessment/Push score/android.widget.TextView - PUSH SCORE' not found

2023-08-03 11:12:43 - [MESSAGE][PASSED] - Element 'Object Repository/Wound Assessment/Push score/android.widget.TextView - PUSH SCORE' not found

2023-08-03 11:12:43 - [TEST_STEP][PASSED] - tap(findTestObject("Wound Assessment/Push score/android.widget.ImageView - x"), 30): Tapped on element 'Object Repository/Wound Assessment/Push score/android.widget.ImageView - x'

2023-08-03 11:12:44 - [MESSAGE][PASSED] - Tapped on element 'Object Repository/Wound Assessment/Push score/android.widget.ImageView - x'

2023-08-03 11:12:44 - [TEST_STEP][PASSED] - pressBack(): Press back button successfully

2023-08-03 11:12:44 - [MESSAGE][PASSED] - Press back button successfully

2023-08-03 11:12:44 - [TEST_STEP][PASSED] - pressBack(): Press back button successfully

2023-08-03 11:12:45 - [MESSAGE][PASSED] - Press back button successfully

2023-08-03 11:12:45 - [TEST_STEP][PASSED] - pressBack(): Press back button successfully

2023-08-03 11:12:46 - [MESSAGE][PASSED] - Press back button successfully]]></system-out>
         <system-err><![CDATA[]]></system-err>
      </testcase>
      <testcase name="Test Cases/Wound Assessment/Assessment History" time="90.224" classname="Test Cases/Wound Assessment/Assessment History" status="PASSED">
         <system-out><![CDATA[2023-08-03 11:12:46 - [TEST_CASE][PASSED] - Test Cases/Wound Assessment/Assessment History: Test Cases/Wound Assessment/Assessment History

2023-08-03 11:12:46 - [TEST_STEP][PASSED] - scrollToText("MRN: 97ui"): Scrolling to text 'MRN: 97ui' successfully

2023-08-03 11:12:47 - [MESSAGE][PASSED] - Scrolling to text 'MRN: 97ui' successfully

2023-08-03 11:12:47 - [TEST_STEP][PASSED] - tap(findTestObject("Object Repository/Wound Assessment/Assessment History/android.widget.TextView - MRN 97ui"), 0): Tapped on element 'Object Repository/Wound Assessment/Assessment History/android.widget.TextView - MRN 97ui'

2023-08-03 11:12:47 - [MESSAGE][WARNING] - Timeout '0' is invalid. Using default page load timeout: '30'

2023-08-03 11:12:47 - [MESSAGE][PASSED] - Tapped on element 'Object Repository/Wound Assessment/Assessment History/android.widget.TextView - MRN 97ui'

2023-08-03 11:12:47 - [TEST_STEP][PASSED] - tap(findTestObject("Object Repository/Wound Assessment/Assessment History/android.view.ViewGroup"), 0): Tapped on element 'Object Repository/Wound Assessment/Assessment History/android.view.ViewGroup'

2023-08-03 11:12:47 - [MESSAGE][WARNING] - Timeout '0' is invalid. Using default page load timeout: '30'

2023-08-03 11:12:50 - [MESSAGE][PASSED] - Tapped on element 'Object Repository/Wound Assessment/Assessment History/android.view.ViewGroup'

2023-08-03 11:12:50 - [TEST_STEP][PASSED] - tap(findTestObject("Object Repository/Wound Assessment/Assessment History/android.widget.TextView - Assessment"), 0): Tapped on element 'Object Repository/Wound Assessment/Assessment History/android.widget.TextView - Assessment'

2023-08-03 11:12:50 - [MESSAGE][WARNING] - Timeout '0' is invalid. Using default page load timeout: '30'

2023-08-03 11:13:20 - [MESSAGE][PASSED] - Tapped on element 'Object Repository/Wound Assessment/Assessment History/android.widget.TextView - Assessment'

2023-08-03 11:13:20 - [TEST_STEP][PASSED] - verifyElementExist(findTestObject("Object Repository/Wound Assessment/Assessment History/android.view.ViewGroup (1)"), 0): Element 'Object Repository/Wound Assessment/Assessment History/android.view.ViewGroup (1)' is exist

2023-08-03 11:13:20 - [MESSAGE][WARNING] - Timeout '0' is invalid. Using default page load timeout: '30'

2023-08-03 11:13:22 - [MESSAGE][PASSED] - Element 'Object Repository/Wound Assessment/Assessment History/android.view.ViewGroup (1)' is exist

2023-08-03 11:13:22 - [TEST_STEP][PASSED] - tap(findTestObject("Object Repository/Wound Assessment/Assessment History/android.widget.ImageView"), 0): Tapped on element 'Object Repository/Wound Assessment/Assessment History/android.widget.ImageView'

2023-08-03 11:13:22 - [MESSAGE][WARNING] - Timeout '0' is invalid. Using default page load timeout: '30'

2023-08-03 11:13:22 - [MESSAGE][PASSED] - Tapped on element 'Object Repository/Wound Assessment/Assessment History/android.widget.ImageView'

2023-08-03 11:13:22 - [TEST_STEP][PASSED] - tap(findTestObject("Wound Assessment/Assessment History/android.view.ViewGroup (2)"), 0): Tapped on element 'Object Repository/Wound Assessment/Assessment History/android.view.ViewGroup (2)'

2023-08-03 11:13:22 - [MESSAGE][WARNING] - Timeout '0' is invalid. Using default page load timeout: '30'

2023-08-03 11:14:14 - [MESSAGE][PASSED] - Tapped on element 'Object Repository/Wound Assessment/Assessment History/android.view.ViewGroup (2)'

2023-08-03 11:14:14 - [TEST_STEP][PASSED] - verifyElementExist(findTestObject("Wound Assessment/Assessment History/android.view.ViewGroup (1)"), 0): Element 'Object Repository/Wound Assessment/Assessment History/android.view.ViewGroup (1)' is exist

2023-08-03 11:14:14 - [MESSAGE][WARNING] - Timeout '0' is invalid. Using default page load timeout: '30'

2023-08-03 11:14:14 - [MESSAGE][PASSED] - Element 'Object Repository/Wound Assessment/Assessment History/android.view.ViewGroup (1)' is exist

2023-08-03 11:14:14 - [TEST_STEP][PASSED] - pressBack(): Press back button successfully

2023-08-03 11:14:14 - [MESSAGE][PASSED] - Press back button successfully

2023-08-03 11:14:14 - [TEST_STEP][PASSED] - pressBack(): Press back button successfully

2023-08-03 11:14:15 - [MESSAGE][PASSED] - Press back button successfully

2023-08-03 11:14:15 - [TEST_STEP][PASSED] - pressBack(): Press back button successfully

2023-08-03 11:14:16 - [MESSAGE][PASSED] - Press back button successfully]]></system-out>
         <system-err><![CDATA[]]></system-err>
      </testcase>
      <testcase name="Test Cases/Wound Assessment/Patient assessment questionnaire" time="92.809" classname="Test Cases/Wound Assessment/Patient assessment questionnaire" status="PASSED">
         <system-out><![CDATA[2023-08-03 11:15:01 - [TEST_CASE][PASSED] - Test Cases/Wound Assessment/Patient assessment questionnaire: Test Cases/Wound Assessment/Patient assessment questionnaire

2023-08-03 11:15:01 - [TEST_STEP][PASSED] - startApplication(LoginCreds.get("APK"), true): Started app at: 'C:\Users\Amarir\Downloads\APK\IS\IS_69.apk'

2023-08-03 11:15:26 - [MESSAGE][PASSED] - Started app at: 'C:\Users\Amarir\Downloads\APK\IS\IS_69.apk'

2023-08-03 11:15:26 - [TEST_STEP][PASSED] - startApplication(APK, false): Started app at: 'C:\Users\Amarir\Downloads\APK\IS\IS_69.apk'

2023-08-03 11:15:34 - [MESSAGE][PASSED] - Started app at: 'C:\Users\Amarir\Downloads\APK\IS\IS_69.apk'

2023-08-03 11:15:34 - [TEST_STEP][PASSED] - setText(findTestObject("User Management/Login/android.widget.EditText - username"), "samarir+patient@masaratapp.com", 30): Text 'samarir+patient@masaratapp.com' has been set to element 'Object Repository/User Management/Login/android.widget.EditText - username'

2023-08-03 11:15:40 - [MESSAGE][PASSED] - Text 'samarir+patient@masaratapp.com' has been set to element 'Object Repository/User Management/Login/android.widget.EditText - username'

2023-08-03 11:15:40 - [TEST_STEP][PASSED] - setText(findTestObject("User Management/Login/android.widget.EditText - password"), LoginCreds.get("password"), 30): Text 'eKare123@' has been set to element 'Object Repository/User Management/Login/android.widget.EditText - password'

2023-08-03 11:15:41 - [MESSAGE][PASSED] - Text 'eKare123@' has been set to element 'Object Repository/User Management/Login/android.widget.EditText - password'

2023-08-03 11:15:41 - [TEST_STEP][PASSED] - tap(findTestObject("User Management/Login/android.view.ViewGroup - sign in"), 30): Tapped on element 'Object Repository/User Management/Login/android.view.ViewGroup - sign in'

2023-08-03 11:15:42 - [MESSAGE][PASSED] - Tapped on element 'Object Repository/User Management/Login/android.view.ViewGroup - sign in'

2023-08-03 11:15:42 - [TEST_STEP][PASSED] - delay(5): Delayed 5 second(s)

2023-08-03 11:15:47 - [MESSAGE][PASSED] - Delayed 5 second(s)

2023-08-03 11:15:47 - [TEST_STEP][PASSED] - tap(findTestObject("Object Repository/Wound Assessment/Patient assessment questionnaire/android.view.ViewGroup - wound"), 30): Tapped on element 'Object Repository/Wound Assessment/Patient assessment questionnaire/android.view.ViewGroup - wound'

2023-08-03 11:15:47 - [MESSAGE][PASSED] - Tapped on element 'Object Repository/Wound Assessment/Patient assessment questionnaire/android.view.ViewGroup - wound'

2023-08-03 11:15:47 - [TEST_STEP][PASSED] - tap(findTestObject("Object Repository/Wound Assessment/Patient assessment questionnaire/android.widget.TextView - Assessment"), 30): Tapped on element 'Object Repository/Wound Assessment/Patient assessment questionnaire/android.widget.TextView - Assessment'

2023-08-03 11:16:17 - [MESSAGE][PASSED] - Tapped on element 'Object Repository/Wound Assessment/Patient assessment questionnaire/android.widget.TextView - Assessment'

2023-08-03 11:16:17 - [TEST_STEP][PASSED] - tap(findTestObject("Object Repository/Wound Assessment/Patient assessment questionnaire/android.widget.ImageView - New assessment"), 30): Tapped on element 'Object Repository/Wound Assessment/Patient assessment questionnaire/android.widget.ImageView - New assessment'

2023-08-03 11:16:19 - [MESSAGE][PASSED] - Tapped on element 'Object Repository/Wound Assessment/Patient assessment questionnaire/android.widget.ImageView - New assessment'

2023-08-03 11:16:19 - [TEST_STEP][PASSED] - verifyElementText(findTestObject("Object Repository/Wound Assessment/Patient assessment questionnaire/android.widget.TextView - Do you have any new or increased drainage, odor, or redness around the wound"), "Do you have any new or increased drainage, odor, or redness around the wound?"): Actual text and expected text of test object 'Object Repository/Wound Assessment/Patient assessment questionnaire/android.widget.TextView - Do you have any new or increased drainage, odor, or redness around the wound' are matched.

2023-08-03 11:16:20 - [MESSAGE][PASSED] - Actual text and expected text of test object 'Object Repository/Wound Assessment/Patient assessment questionnaire/android.widget.TextView - Do you have any new or increased drainage, odor, or redness around the wound' are matched.

2023-08-03 11:16:20 - [TEST_STEP][PASSED] - verifyElementExist(findTestObject("Object Repository/Wound Assessment/Patient assessment questionnaire/android.widget.TextView - No"), 30): Element 'Object Repository/Wound Assessment/Patient assessment questionnaire/android.widget.TextView - No' is exist

2023-08-03 11:16:20 - [MESSAGE][PASSED] - Element 'Object Repository/Wound Assessment/Patient assessment questionnaire/android.widget.TextView - No' is exist

2023-08-03 11:16:20 - [TEST_STEP][PASSED] - verifyElementExist(findTestObject("Object Repository/Wound Assessment/Patient assessment questionnaire/android.view.ViewGroup"), 30): Element 'Object Repository/Wound Assessment/Patient assessment questionnaire/android.view.ViewGroup' is exist

2023-08-03 11:16:21 - [MESSAGE][PASSED] - Element 'Object Repository/Wound Assessment/Patient assessment questionnaire/android.view.ViewGroup' is exist

2023-08-03 11:16:21 - [TEST_STEP][PASSED] - verifyElementText(findTestObject("Object Repository/Wound Assessment/Patient assessment questionnaire/android.widget.TextView - Do you have new or increased wound pain"), "Do you have new or increased wound pain?"): Actual text and expected text of test object 'Object Repository/Wound Assessment/Patient assessment questionnaire/android.widget.TextView - Do you have new or increased wound pain' are matched.

2023-08-03 11:16:21 - [MESSAGE][PASSED] - Actual text and expected text of test object 'Object Repository/Wound Assessment/Patient assessment questionnaire/android.widget.TextView - Do you have new or increased wound pain' are matched.

2023-08-03 11:16:21 - [TEST_STEP][PASSED] - tap(findTestObject("Object Repository/Wound Assessment/Patient assessment questionnaire/android.widget.TextView - Yes"), 30): Tapped on element 'Object Repository/Wound Assessment/Patient assessment questionnaire/android.widget.TextView - Yes'

2023-08-03 11:16:22 - [MESSAGE][PASSED] - Tapped on element 'Object Repository/Wound Assessment/Patient assessment questionnaire/android.widget.TextView - Yes'

2023-08-03 11:16:22 - [TEST_STEP][PASSED] - verifyElementText(findTestObject("Object Repository/Wound Assessment/Patient assessment questionnaire/android.widget.TextView - Do you have a fever (temp above 100.4F38C)"), "Do you have a fever (temp above 100.4F/38C)?"): Actual text and expected text of test object 'Object Repository/Wound Assessment/Patient assessment questionnaire/android.widget.TextView - Do you have a fever (temp above 100.4F38C)' are matched.

2023-08-03 11:16:22 - [MESSAGE][PASSED] - Actual text and expected text of test object 'Object Repository/Wound Assessment/Patient assessment questionnaire/android.widget.TextView - Do you have a fever (temp above 100.4F38C)' are matched.

2023-08-03 11:16:22 - [TEST_STEP][PASSED] - verifyElementExist(findTestObject("Object Repository/Wound Assessment/Patient assessment questionnaire/android.widget.TextView - Yes (1)"), 30): Element 'Object Repository/Wound Assessment/Patient assessment questionnaire/android.widget.TextView - Yes (1)' is exist

2023-08-03 11:16:22 - [MESSAGE][PASSED] - Element 'Object Repository/Wound Assessment/Patient assessment questionnaire/android.widget.TextView - Yes (1)' is exist

2023-08-03 11:16:22 - [TEST_STEP][PASSED] - verifyElementExist(findTestObject("Object Repository/Wound Assessment/Patient assessment questionnaire/android.widget.TextView - No (1)"), 30): Element 'Object Repository/Wound Assessment/Patient assessment questionnaire/android.widget.TextView - No (1)' is exist

2023-08-03 11:16:23 - [MESSAGE][PASSED] - Element 'Object Repository/Wound Assessment/Patient assessment questionnaire/android.widget.TextView - No (1)' is exist

2023-08-03 11:16:23 - [TEST_STEP][PASSED] - tap(findTestObject("Wound Assessment/Patient assessment questionnaire/android.widget.TextView - Yes (1)"), 30): Tapped on element 'Object Repository/Wound Assessment/Patient assessment questionnaire/android.widget.TextView - Yes (1)'

2023-08-03 11:16:23 - [MESSAGE][PASSED] - Tapped on element 'Object Repository/Wound Assessment/Patient assessment questionnaire/android.widget.TextView - Yes (1)'

2023-08-03 11:16:23 - [TEST_STEP][PASSED] - tap(findTestObject("Object Repository/Wound Assessment/Patient assessment questionnaire/android.widget.TextView - Save"), 30): Tapped on element 'Object Repository/Wound Assessment/Patient assessment questionnaire/android.widget.TextView - Save'

2023-08-03 11:16:24 - [MESSAGE][PASSED] - Tapped on element 'Object Repository/Wound Assessment/Patient assessment questionnaire/android.widget.TextView - Save'

2023-08-03 11:16:24 - [TEST_STEP][PASSED] - verifyElementText(findTestObject("Object Repository/Wound Assessment/Patient assessment questionnaire/android.widget.TextView - Do you have any new or increased drainage, odor, or redness around the wound (1)"), "Do you have any new or increased drainage, odor, or redness around the wound?"): Actual text and expected text of test object 'Object Repository/Wound Assessment/Patient assessment questionnaire/android.widget.TextView - Do you have any new or increased drainage, odor, or redness around the wound (1)' are matched.

2023-08-03 11:16:27 - [MESSAGE][PASSED] - Actual text and expected text of test object 'Object Repository/Wound Assessment/Patient assessment questionnaire/android.widget.TextView - Do you have any new or increased drainage, odor, or redness around the wound (1)' are matched.

2023-08-03 11:16:27 - [TEST_STEP][PASSED] - verifyElementText(findTestObject("Object Repository/Wound Assessment/Patient assessment questionnaire/android.widget.TextView - No (2)"), "No"): Actual text and expected text of test object 'Object Repository/Wound Assessment/Patient assessment questionnaire/android.widget.TextView - No (2)' are matched.

2023-08-03 11:16:27 - [MESSAGE][PASSED] - Actual text and expected text of test object 'Object Repository/Wound Assessment/Patient assessment questionnaire/android.widget.TextView - No (2)' are matched.

2023-08-03 11:16:27 - [TEST_STEP][PASSED] - verifyElementText(findTestObject("Object Repository/Wound Assessment/Patient assessment questionnaire/android.widget.TextView - Do you have new or increased wound pain (1)"), "Do you have new or increased wound pain?"): Actual text and expected text of test object 'Object Repository/Wound Assessment/Patient assessment questionnaire/android.widget.TextView - Do you have new or increased wound pain (1)' are matched.

2023-08-03 11:16:28 - [MESSAGE][PASSED] - Actual text and expected text of test object 'Object Repository/Wound Assessment/Patient assessment questionnaire/android.widget.TextView - Do you have new or increased wound pain (1)' are matched.

2023-08-03 11:16:28 - [TEST_STEP][PASSED] - verifyElementText(findTestObject("Object Repository/Wound Assessment/Patient assessment questionnaire/android.widget.TextView - Yes (2)"), "Yes"): Actual text and expected text of test object 'Object Repository/Wound Assessment/Patient assessment questionnaire/android.widget.TextView - Yes (2)' are matched.

2023-08-03 11:16:28 - [MESSAGE][PASSED] - Actual text and expected text of test object 'Object Repository/Wound Assessment/Patient assessment questionnaire/android.widget.TextView - Yes (2)' are matched.

2023-08-03 11:16:28 - [TEST_STEP][PASSED] - verifyElementText(findTestObject("Object Repository/Wound Assessment/Patient assessment questionnaire/android.widget.TextView - Do you have a fever (temp above 100.4F38C) (1)"), "Do you have a fever (temp above 100.4F/38C)?"): Actual text and expected text of test object 'Object Repository/Wound Assessment/Patient assessment questionnaire/android.widget.TextView - Do you have a fever (temp above 100.4F38C) (1)' are matched.

2023-08-03 11:16:28 - [MESSAGE][PASSED] - Actual text and expected text of test object 'Object Repository/Wound Assessment/Patient assessment questionnaire/android.widget.TextView - Do you have a fever (temp above 100.4F38C) (1)' are matched.

2023-08-03 11:16:28 - [TEST_STEP][PASSED] - verifyElementText(findTestObject("Object Repository/Wound Assessment/Patient assessment questionnaire/android.widget.TextView - Yes (3)"), "Yes"): Actual text and expected text of test object 'Object Repository/Wound Assessment/Patient assessment questionnaire/android.widget.TextView - Yes (3)' are matched.

2023-08-03 11:16:29 - [MESSAGE][PASSED] - Actual text and expected text of test object 'Object Repository/Wound Assessment/Patient assessment questionnaire/android.widget.TextView - Yes (3)' are matched.

2023-08-03 11:16:29 - [TEST_STEP][PASSED] - pressBack(): Press back button successfully

2023-08-03 11:16:29 - [MESSAGE][PASSED] - Press back button successfully

2023-08-03 11:16:29 - [TEST_STEP][PASSED] - pressBack(): Press back button successfully

2023-08-03 11:16:30 - [MESSAGE][PASSED] - Press back button successfully

2023-08-03 11:16:30 - [TEST_STEP][PASSED] - tap(findTestObject("Object Repository/Wound Assessment/Patient assessment questionnaire/android.widget.ImageView - Menu"), 30): Tapped on element 'Object Repository/Wound Assessment/Patient assessment questionnaire/android.widget.ImageView - Menu'

2023-08-03 11:16:31 - [MESSAGE][PASSED] - Tapped on element 'Object Repository/Wound Assessment/Patient assessment questionnaire/android.widget.ImageView - Menu'

2023-08-03 11:16:31 - [TEST_STEP][PASSED] - tap(findTestObject("Object Repository/Wound Assessment/Patient assessment questionnaire/android.widget.TextView - Logout"), 30): Tapped on element 'Object Repository/Wound Assessment/Patient assessment questionnaire/android.widget.TextView - Logout'

2023-08-03 11:16:33 - [MESSAGE][PASSED] - Tapped on element 'Object Repository/Wound Assessment/Patient assessment questionnaire/android.widget.TextView - Logout'

2023-08-03 11:16:33 - [TEST_STEP][PASSED] - tap(findTestObject("Object Repository/Wound Assessment/Patient assessment questionnaire/android.widget.Button - CONFIRM"), 30): Tapped on element 'Object Repository/Wound Assessment/Patient assessment questionnaire/android.widget.Button - CONFIRM'

2023-08-03 11:16:34 - [MESSAGE][PASSED] - Tapped on element 'Object Repository/Wound Assessment/Patient assessment questionnaire/android.widget.Button - CONFIRM']]></system-out>
         <system-err><![CDATA[]]></system-err>
      </testcase>
      <system-out><![CDATA[2023-08-03 11:06:54 - [TEST_SUITE][FAILED] - Wound Assessment: Test Cases/Wound Assessment/Patient assessment questionnaire FAILED.
Reason:
com.kms.katalon.core.exception.StepFailedException: Failed to tap on element 'Object Repository/Wound Assessment/Patient assessment questionnaire/android.widget.TextView - Assessment' (Root cause: org.openqa.selenium.StaleElementReferenceException: androidx.test.uiautomator.StaleObjectException
For documentation on this error, please visit: https://www.seleniumhq.org/exceptions/stale_element_reference.html
Build info: version: '3.141.59', revision: 'e82be7d358', time: '2018-11-14T08:25:53'
System info: host: 'DESKTOP-EE3F8H4', ip: '192.168.234.1', os.name: 'Windows 10', os.arch: 'amd64', os.version: '10.0', java.version: '1.8.0_282'
Driver info: com.kms.katalon.core.appium.driver.SwipeableAndroidDriver
Capabilities {app: C:\Users\Amarir\Downloads\A..., appPackage: com.ekareinc.insight.standard, autoGrantPermissions: true, automationName: uiautomator2, chromedriverPort: 54618, databaseEnabled: false, desired: {app: C:\Users\Amarir\Downloads\A..., autoGrantPermissions: true, automationName: uiautomator2, chromedriverPort: 54618, deviceName: samsung SM-N975F (Android 12), fullReset: false, newCommandTimeout: 1800, noReset: true, platform: ANDROID, platformName: android, platformVersion: 12, systemPort: 55121, udid: RF8N307NKZV}, deviceApiLevel: 31, deviceManufacturer: samsung, deviceModel: SM-N975F, deviceName: RF8N307NKZV, deviceScreenDensity: 420, deviceScreenSize: 1080x2280, deviceUDID: RF8N307NKZV, fullReset: false, javascriptEnabled: true, locationContextEnabled: false, networkConnectionEnabled: true, newCommandTimeout: 1800, noReset: true, pixelRatio: 2.625, platform: ANDROID, platformName: Android, platformVersion: 12, statBarHeight: 85, systemPort: 55121, takesScreenshot: true, udid: RF8N307NKZV, viewportRect: {height: 1984, left: 0, top: 85, width: 1080}, warnings: {}, webStorageEnabled: false}
Session ID: 37517fba-fc8f-4311-8125-376f0066e9d3
	at org.openqa.selenium.remote.http.W3CHttpResponseCodec.createException(W3CHttpResponseCodec.java:187)
	at org.openqa.selenium.remote.http.W3CHttpResponseCodec.decode(W3CHttpResponseCodec.java:122)
	at org.openqa.selenium.remote.http.W3CHttpResponseCodec.decode(W3CHttpResponseCodec.java:49)
	at org.openqa.selenium.remote.HttpCommandExecutor.execute(HttpCommandExecutor.java:158)
	at io.appium.java_client.remote.AppiumCommandExecutor.execute(AppiumCommandExecutor.java:239)
	at org.openqa.selenium.remote.RemoteWebDriver.execute(RemoteWebDriver.java:552)
	at io.appium.java_client.DefaultGenericMobileDriver.execute(DefaultGenericMobileDriver.java:42)
	at io.appium.java_client.AppiumDriver.execute(AppiumDriver.java:1)
	at io.appium.java_client.android.AndroidDriver.execute(AndroidDriver.java:1)
	at com.kms.katalon.core.appium.driver.SwipeableAndroidDriver.execute(SwipeableAndroidDriver.java:1)
	at org.openqa.selenium.remote.RemoteWebElement.execute(RemoteWebElement.java:285)
	at io.appium.java_client.DefaultGenericMobileElement.execute(DefaultGenericMobileElement.java:45)
	at io.appium.java_client.MobileElement.execute(MobileElement.java:1)
	at io.appium.java_client.android.AndroidElement.execute(AndroidElement.java:1)
	at org.openqa.selenium.remote.RemoteWebElement.getLocation(RemoteWebElement.java:337)
	at org.openqa.selenium.WebElement$getLocation.call(Unknown Source)
	at com.kms.katalon.core.mobile.keyword.internal.MobileAbstractKeyword.findElement(MobileAbstractKeyword.groovy:86)
	at com.kms.katalon.core.mobile.keyword.builtin.TapKeyword.access$1(TapKeyword.groovy)
	at com.kms.katalon.core.mobile.keyword.builtin.TapKeyword$_tap_closure1.doCall(TapKeyword.groovy:76)
	at com.kms.katalon.core.mobile.keyword.builtin.TapKeyword$_tap_closure1.call(TapKeyword.groovy)
	at com.kms.katalon.core.mobile.keyword.internal.MobileKeywordMain.runKeyword(MobileKeywordMain.groovy:21)
	at com.kms.katalon.core.mobile.keyword.builtin.TapKeyword.tap(TapKeyword.groovy:84)
	at com.kms.katalon.core.mobile.keyword.builtin.TapKeyword.execute(TapKeyword.groovy:68)
	at com.kms.katalon.core.keyword.internal.KeywordExecutor.executeKeywordForPlatform(KeywordExecutor.groovy:74)
	at com.kms.katalon.core.mobile.keyword.MobileBuiltInKeywords.tap(MobileBuiltInKeywords.groovy:1490)
	at com.kms.katalon.core.mobile.keyword.MobileBuiltInKeywords$tap$1.call(Unknown Source)
	at Patient assessment questionnaire.run(Patient assessment questionnaire:37)
	at com.kms.katalon.core.main.ScriptEngine.run(ScriptEngine.java:194)
	at com.kms.katalon.core.main.ScriptEngine.runScriptAsRawText(ScriptEngine.java:119)
	at com.kms.katalon.core.main.TestCaseExecutor.runScript(TestCaseExecutor.java:448)
	at com.kms.katalon.core.main.TestCaseExecutor.doExecute(TestCaseExecutor.java:439)
	at com.kms.katalon.core.main.TestCaseExecutor.processExecutionPhase(TestCaseExecutor.java:418)
	at com.kms.katalon.core.main.TestCaseExecutor.accessMainPhase(TestCaseExecutor.java:410)
	at com.kms.katalon.core.main.TestCaseExecutor.execute(TestCaseExecutor.java:285)
	at com.kms.katalon.core.common.CommonExecutor.accessTestCaseMainPhase(CommonExecutor.java:65)
	at com.kms.katalon.core.main.TestSuiteExecutor.accessTestSuiteMainPhase(TestSuiteExecutor.java:148)
	at com.kms.katalon.core.main.TestSuiteExecutor.execute(TestSuiteExecutor.java:106)
	at com.kms.katalon.core.main.TestCaseMain.startTestSuite(TestCaseMain.java:187)
	at com.kms.katalon.core.main.TestCaseMain$startTestSuite$0.call(Unknown Source)
	at TempTestSuite1691060804797.run(TempTestSuite1691060804797.groovy:36)
)
	at com.kms.katalon.core.keyword.internal.KeywordMain.stepFailed(KeywordMain.groovy:51)
	at com.kms.katalon.core.mobile.keyword.internal.MobileKeywordMain.stepFailed(MobileKeywordMain.groovy:40)
	at com.kms.katalon.core.mobile.keyword.internal.MobileKeywordMain.runKeyword(MobileKeywordMain.groovy:23)
	at com.kms.katalon.core.mobile.keyword.builtin.TapKeyword.tap(TapKeyword.groovy:84)
	at com.kms.katalon.core.mobile.keyword.builtin.TapKeyword.execute(TapKeyword.groovy:68)
	at com.kms.katalon.core.keyword.internal.KeywordExecutor.executeKeywordForPlatform(KeywordExecutor.groovy:74)
	at com.kms.katalon.core.mobile.keyword.MobileBuiltInKeywords.tap(MobileBuiltInKeywords.groovy:1490)
	at com.kms.katalon.core.mobile.keyword.MobileBuiltInKeywords$tap$1.call(Unknown Source)
	at Patient assessment questionnaire.run(Patient assessment questionnaire:37)
	at com.kms.katalon.core.main.ScriptEngine.run(ScriptEngine.java:194)
	at com.kms.katalon.core.main.ScriptEngine.runScriptAsRawText(ScriptEngine.java:119)
	at com.kms.katalon.core.main.TestCaseExecutor.runScript(TestCaseExecutor.java:448)
	at com.kms.katalon.core.main.TestCaseExecutor.doExecute(TestCaseExecutor.java:439)
	at com.kms.katalon.core.main.TestCaseExecutor.processExecutionPhase(TestCaseExecutor.java:418)
	at com.kms.katalon.core.main.TestCaseExecutor.accessMainPhase(TestCaseExecutor.java:410)
	at com.kms.katalon.core.main.TestCaseExecutor.execute(TestCaseExecutor.java:285)
	at com.kms.katalon.core.common.CommonExecutor.accessTestCaseMainPhase(CommonExecutor.java:65)
	at com.kms.katalon.core.main.TestSuiteExecutor.accessTestSuiteMainPhase(TestSuiteExecutor.java:148)
	at com.kms.katalon.core.main.TestSuiteExecutor.execute(TestSuiteExecutor.java:106)
	at com.kms.katalon.core.main.TestCaseMain.startTestSuite(TestCaseMain.java:187)
	at com.kms.katalon.core.main.TestCaseMain$startTestSuite$0.call(Unknown Source)
	at TempTestSuite1691060804797.run(TempTestSuite1691060804797.groovy:36)
Caused by: org.openqa.selenium.StaleElementReferenceException: androidx.test.uiautomator.StaleObjectException
For documentation on this error, please visit: https://www.seleniumhq.org/exceptions/stale_element_reference.html
Build info: version: '3.141.59', revision: 'e82be7d358', time: '2018-11-14T08:25:53'
System info: host: 'DESKTOP-EE3F8H4', ip: '192.168.234.1', os.name: 'Windows 10', os.arch: 'amd64', os.version: '10.0', java.version: '1.8.0_282'
Driver info: com.kms.katalon.core.appium.driver.SwipeableAndroidDriver
Capabilities {app: C:\Users\Amarir\Downloads\A..., appPackage: com.ekareinc.insight.standard, autoGrantPermissions: true, automationName: uiautomator2, chromedriverPort: 54618, databaseEnabled: false, desired: {app: C:\Users\Amarir\Downloads\A..., autoGrantPermissions: true, automationName: uiautomator2, chromedriverPort: 54618, deviceName: samsung SM-N975F (Android 12), fullReset: false, newCommandTimeout: 1800, noReset: true, platform: ANDROID, platformName: android, platformVersion: 12, systemPort: 55121, udid: RF8N307NKZV}, deviceApiLevel: 31, deviceManufacturer: samsung, deviceModel: SM-N975F, deviceName: RF8N307NKZV, deviceScreenDensity: 420, deviceScreenSize: 1080x2280, deviceUDID: RF8N307NKZV, fullReset: false, javascriptEnabled: true, locationContextEnabled: false, networkConnectionEnabled: true, newCommandTimeout: 1800, noReset: true, pixelRatio: 2.625, platform: ANDROID, platformName: Android, platformVersion: 12, statBarHeight: 85, systemPort: 55121, takesScreenshot: true, udid: RF8N307NKZV, viewportRect: {height: 1984, left: 0, top: 85, width: 1080}, warnings: {}, webStorageEnabled: false}
Session ID: 37517fba-fc8f-4311-8125-376f0066e9d3
	at org.openqa.selenium.remote.http.W3CHttpResponseCodec.createException(W3CHttpResponseCodec.java:187)
	at org.openqa.selenium.remote.http.W3CHttpResponseCodec.decode(W3CHttpResponseCodec.java:122)
	at org.openqa.selenium.remote.http.W3CHttpResponseCodec.decode(W3CHttpResponseCodec.java:49)
	at org.openqa.selenium.remote.HttpCommandExecutor.execute(HttpCommandExecutor.java:158)
	at io.appium.java_client.remote.AppiumCommandExecutor.execute(AppiumCommandExecutor.java:239)
	at org.openqa.selenium.remote.RemoteWebDriver.execute(RemoteWebDriver.java:552)
	at io.appium.java_client.DefaultGenericMobileDriver.execute(DefaultGenericMobileDriver.java:42)
	at io.appium.java_client.AppiumDriver.execute(AppiumDriver.java:1)
	at io.appium.java_client.android.AndroidDriver.execute(AndroidDriver.java:1)
	at com.kms.katalon.core.appium.driver.SwipeableAndroidDriver.execute(SwipeableAndroidDriver.java:1)
	at org.openqa.selenium.remote.RemoteWebElement.execute(RemoteWebElement.java:285)
	at io.appium.java_client.DefaultGenericMobileElement.execute(DefaultGenericMobileElement.java:45)
	at io.appium.java_client.MobileElement.execute(MobileElement.java:1)
	at io.appium.java_client.android.AndroidElement.execute(AndroidElement.java:1)
	at org.openqa.selenium.remote.RemoteWebElement.getLocation(RemoteWebElement.java:337)
	at org.openqa.selenium.WebElement$getLocation.call(Unknown Source)
	at com.kms.katalon.core.mobile.keyword.internal.MobileAbstractKeyword.findElement(MobileAbstractKeyword.groovy:86)
	at com.kms.katalon.core.mobile.keyword.builtin.TapKeyword.access$1(TapKeyword.groovy)
	at com.kms.katalon.core.mobile.keyword.builtin.TapKeyword$_tap_closure1.doCall(TapKeyword.groovy:76)
	at com.kms.katalon.core.mobile.keyword.builtin.TapKeyword$_tap_closure1.call(TapKeyword.groovy)
	at com.kms.katalon.core.mobile.keyword.internal.MobileKeywordMain.runKeyword(MobileKeywordMain.groovy:21)
	... 19 more]]></system-out>
      <system-err><![CDATA[2023-08-03 11:06:54 - [TEST_SUITE][FAILED] - Wound Assessment: Test Cases/Wound Assessment/Patient assessment questionnaire FAILED.
Reason:
com.kms.katalon.core.exception.StepFailedException: Failed to tap on element 'Object Repository/Wound Assessment/Patient assessment questionnaire/android.widget.TextView - Assessment' (Root cause: org.openqa.selenium.StaleElementReferenceException: androidx.test.uiautomator.StaleObjectException
For documentation on this error, please visit: https://www.seleniumhq.org/exceptions/stale_element_reference.html
Build info: version: '3.141.59', revision: 'e82be7d358', time: '2018-11-14T08:25:53'
System info: host: 'DESKTOP-EE3F8H4', ip: '192.168.234.1', os.name: 'Windows 10', os.arch: 'amd64', os.version: '10.0', java.version: '1.8.0_282'
Driver info: com.kms.katalon.core.appium.driver.SwipeableAndroidDriver
Capabilities {app: C:\Users\Amarir\Downloads\A..., appPackage: com.ekareinc.insight.standard, autoGrantPermissions: true, automationName: uiautomator2, chromedriverPort: 54618, databaseEnabled: false, desired: {app: C:\Users\Amarir\Downloads\A..., autoGrantPermissions: true, automationName: uiautomator2, chromedriverPort: 54618, deviceName: samsung SM-N975F (Android 12), fullReset: false, newCommandTimeout: 1800, noReset: true, platform: ANDROID, platformName: android, platformVersion: 12, systemPort: 55121, udid: RF8N307NKZV}, deviceApiLevel: 31, deviceManufacturer: samsung, deviceModel: SM-N975F, deviceName: RF8N307NKZV, deviceScreenDensity: 420, deviceScreenSize: 1080x2280, deviceUDID: RF8N307NKZV, fullReset: false, javascriptEnabled: true, locationContextEnabled: false, networkConnectionEnabled: true, newCommandTimeout: 1800, noReset: true, pixelRatio: 2.625, platform: ANDROID, platformName: Android, platformVersion: 12, statBarHeight: 85, systemPort: 55121, takesScreenshot: true, udid: RF8N307NKZV, viewportRect: {height: 1984, left: 0, top: 85, width: 1080}, warnings: {}, webStorageEnabled: false}
Session ID: 37517fba-fc8f-4311-8125-376f0066e9d3
	at org.openqa.selenium.remote.http.W3CHttpResponseCodec.createException(W3CHttpResponseCodec.java:187)
	at org.openqa.selenium.remote.http.W3CHttpResponseCodec.decode(W3CHttpResponseCodec.java:122)
	at org.openqa.selenium.remote.http.W3CHttpResponseCodec.decode(W3CHttpResponseCodec.java:49)
	at org.openqa.selenium.remote.HttpCommandExecutor.execute(HttpCommandExecutor.java:158)
	at io.appium.java_client.remote.AppiumCommandExecutor.execute(AppiumCommandExecutor.java:239)
	at org.openqa.selenium.remote.RemoteWebDriver.execute(RemoteWebDriver.java:552)
	at io.appium.java_client.DefaultGenericMobileDriver.execute(DefaultGenericMobileDriver.java:42)
	at io.appium.java_client.AppiumDriver.execute(AppiumDriver.java:1)
	at io.appium.java_client.android.AndroidDriver.execute(AndroidDriver.java:1)
	at com.kms.katalon.core.appium.driver.SwipeableAndroidDriver.execute(SwipeableAndroidDriver.java:1)
	at org.openqa.selenium.remote.RemoteWebElement.execute(RemoteWebElement.java:285)
	at io.appium.java_client.DefaultGenericMobileElement.execute(DefaultGenericMobileElement.java:45)
	at io.appium.java_client.MobileElement.execute(MobileElement.java:1)
	at io.appium.java_client.android.AndroidElement.execute(AndroidElement.java:1)
	at org.openqa.selenium.remote.RemoteWebElement.getLocation(RemoteWebElement.java:337)
	at org.openqa.selenium.WebElement$getLocation.call(Unknown Source)
	at com.kms.katalon.core.mobile.keyword.internal.MobileAbstractKeyword.findElement(MobileAbstractKeyword.groovy:86)
	at com.kms.katalon.core.mobile.keyword.builtin.TapKeyword.access$1(TapKeyword.groovy)
	at com.kms.katalon.core.mobile.keyword.builtin.TapKeyword$_tap_closure1.doCall(TapKeyword.groovy:76)
	at com.kms.katalon.core.mobile.keyword.builtin.TapKeyword$_tap_closure1.call(TapKeyword.groovy)
	at com.kms.katalon.core.mobile.keyword.internal.MobileKeywordMain.runKeyword(MobileKeywordMain.groovy:21)
	at com.kms.katalon.core.mobile.keyword.builtin.TapKeyword.tap(TapKeyword.groovy:84)
	at com.kms.katalon.core.mobile.keyword.builtin.TapKeyword.execute(TapKeyword.groovy:68)
	at com.kms.katalon.core.keyword.internal.KeywordExecutor.executeKeywordForPlatform(KeywordExecutor.groovy:74)
	at com.kms.katalon.core.mobile.keyword.MobileBuiltInKeywords.tap(MobileBuiltInKeywords.groovy:1490)
	at com.kms.katalon.core.mobile.keyword.MobileBuiltInKeywords$tap$1.call(Unknown Source)
	at Patient assessment questionnaire.run(Patient assessment questionnaire:37)
	at com.kms.katalon.core.main.ScriptEngine.run(ScriptEngine.java:194)
	at com.kms.katalon.core.main.ScriptEngine.runScriptAsRawText(ScriptEngine.java:119)
	at com.kms.katalon.core.main.TestCaseExecutor.runScript(TestCaseExecutor.java:448)
	at com.kms.katalon.core.main.TestCaseExecutor.doExecute(TestCaseExecutor.java:439)
	at com.kms.katalon.core.main.TestCaseExecutor.processExecutionPhase(TestCaseExecutor.java:418)
	at com.kms.katalon.core.main.TestCaseExecutor.accessMainPhase(TestCaseExecutor.java:410)
	at com.kms.katalon.core.main.TestCaseExecutor.execute(TestCaseExecutor.java:285)
	at com.kms.katalon.core.common.CommonExecutor.accessTestCaseMainPhase(CommonExecutor.java:65)
	at com.kms.katalon.core.main.TestSuiteExecutor.accessTestSuiteMainPhase(TestSuiteExecutor.java:148)
	at com.kms.katalon.core.main.TestSuiteExecutor.execute(TestSuiteExecutor.java:106)
	at com.kms.katalon.core.main.TestCaseMain.startTestSuite(TestCaseMain.java:187)
	at com.kms.katalon.core.main.TestCaseMain$startTestSuite$0.call(Unknown Source)
	at TempTestSuite1691060804797.run(TempTestSuite1691060804797.groovy:36)
)
	at com.kms.katalon.core.keyword.internal.KeywordMain.stepFailed(KeywordMain.groovy:51)
	at com.kms.katalon.core.mobile.keyword.internal.MobileKeywordMain.stepFailed(MobileKeywordMain.groovy:40)
	at com.kms.katalon.core.mobile.keyword.internal.MobileKeywordMain.runKeyword(MobileKeywordMain.groovy:23)
	at com.kms.katalon.core.mobile.keyword.builtin.TapKeyword.tap(TapKeyword.groovy:84)
	at com.kms.katalon.core.mobile.keyword.builtin.TapKeyword.execute(TapKeyword.groovy:68)
	at com.kms.katalon.core.keyword.internal.KeywordExecutor.executeKeywordForPlatform(KeywordExecutor.groovy:74)
	at com.kms.katalon.core.mobile.keyword.MobileBuiltInKeywords.tap(MobileBuiltInKeywords.groovy:1490)
	at com.kms.katalon.core.mobile.keyword.MobileBuiltInKeywords$tap$1.call(Unknown Source)
	at Patient assessment questionnaire.run(Patient assessment questionnaire:37)
	at com.kms.katalon.core.main.ScriptEngine.run(ScriptEngine.java:194)
	at com.kms.katalon.core.main.ScriptEngine.runScriptAsRawText(ScriptEngine.java:119)
	at com.kms.katalon.core.main.TestCaseExecutor.runScript(TestCaseExecutor.java:448)
	at com.kms.katalon.core.main.TestCaseExecutor.doExecute(TestCaseExecutor.java:439)
	at com.kms.katalon.core.main.TestCaseExecutor.processExecutionPhase(TestCaseExecutor.java:418)
	at com.kms.katalon.core.main.TestCaseExecutor.accessMainPhase(TestCaseExecutor.java:410)
	at com.kms.katalon.core.main.TestCaseExecutor.execute(TestCaseExecutor.java:285)
	at com.kms.katalon.core.common.CommonExecutor.accessTestCaseMainPhase(CommonExecutor.java:65)
	at com.kms.katalon.core.main.TestSuiteExecutor.accessTestSuiteMainPhase(TestSuiteExecutor.java:148)
	at com.kms.katalon.core.main.TestSuiteExecutor.execute(TestSuiteExecutor.java:106)
	at com.kms.katalon.core.main.TestCaseMain.startTestSuite(TestCaseMain.java:187)
	at com.kms.katalon.core.main.TestCaseMain$startTestSuite$0.call(Unknown Source)
	at TempTestSuite1691060804797.run(TempTestSuite1691060804797.groovy:36)
Caused by: org.openqa.selenium.StaleElementReferenceException: androidx.test.uiautomator.StaleObjectException
For documentation on this error, please visit: https://www.seleniumhq.org/exceptions/stale_element_reference.html
Build info: version: '3.141.59', revision: 'e82be7d358', time: '2018-11-14T08:25:53'
System info: host: 'DESKTOP-EE3F8H4', ip: '192.168.234.1', os.name: 'Windows 10', os.arch: 'amd64', os.version: '10.0', java.version: '1.8.0_282'
Driver info: com.kms.katalon.core.appium.driver.SwipeableAndroidDriver
Capabilities {app: C:\Users\Amarir\Downloads\A..., appPackage: com.ekareinc.insight.standard, autoGrantPermissions: true, automationName: uiautomator2, chromedriverPort: 54618, databaseEnabled: false, desired: {app: C:\Users\Amarir\Downloads\A..., autoGrantPermissions: true, automationName: uiautomator2, chromedriverPort: 54618, deviceName: samsung SM-N975F (Android 12), fullReset: false, newCommandTimeout: 1800, noReset: true, platform: ANDROID, platformName: android, platformVersion: 12, systemPort: 55121, udid: RF8N307NKZV}, deviceApiLevel: 31, deviceManufacturer: samsung, deviceModel: SM-N975F, deviceName: RF8N307NKZV, deviceScreenDensity: 420, deviceScreenSize: 1080x2280, deviceUDID: RF8N307NKZV, fullReset: false, javascriptEnabled: true, locationContextEnabled: false, networkConnectionEnabled: true, newCommandTimeout: 1800, noReset: true, pixelRatio: 2.625, platform: ANDROID, platformName: Android, platformVersion: 12, statBarHeight: 85, systemPort: 55121, takesScreenshot: true, udid: RF8N307NKZV, viewportRect: {height: 1984, left: 0, top: 85, width: 1080}, warnings: {}, webStorageEnabled: false}
Session ID: 37517fba-fc8f-4311-8125-376f0066e9d3
	at org.openqa.selenium.remote.http.W3CHttpResponseCodec.createException(W3CHttpResponseCodec.java:187)
	at org.openqa.selenium.remote.http.W3CHttpResponseCodec.decode(W3CHttpResponseCodec.java:122)
	at org.openqa.selenium.remote.http.W3CHttpResponseCodec.decode(W3CHttpResponseCodec.java:49)
	at org.openqa.selenium.remote.HttpCommandExecutor.execute(HttpCommandExecutor.java:158)
	at io.appium.java_client.remote.AppiumCommandExecutor.execute(AppiumCommandExecutor.java:239)
	at org.openqa.selenium.remote.RemoteWebDriver.execute(RemoteWebDriver.java:552)
	at io.appium.java_client.DefaultGenericMobileDriver.execute(DefaultGenericMobileDriver.java:42)
	at io.appium.java_client.AppiumDriver.execute(AppiumDriver.java:1)
	at io.appium.java_client.android.AndroidDriver.execute(AndroidDriver.java:1)
	at com.kms.katalon.core.appium.driver.SwipeableAndroidDriver.execute(SwipeableAndroidDriver.java:1)
	at org.openqa.selenium.remote.RemoteWebElement.execute(RemoteWebElement.java:285)
	at io.appium.java_client.DefaultGenericMobileElement.execute(DefaultGenericMobileElement.java:45)
	at io.appium.java_client.MobileElement.execute(MobileElement.java:1)
	at io.appium.java_client.android.AndroidElement.execute(AndroidElement.java:1)
	at org.openqa.selenium.remote.RemoteWebElement.getLocation(RemoteWebElement.java:337)
	at org.openqa.selenium.WebElement$getLocation.call(Unknown Source)
	at com.kms.katalon.core.mobile.keyword.internal.MobileAbstractKeyword.findElement(MobileAbstractKeyword.groovy:86)
	at com.kms.katalon.core.mobile.keyword.builtin.TapKeyword.access$1(TapKeyword.groovy)
	at com.kms.katalon.core.mobile.keyword.builtin.TapKeyword$_tap_closure1.doCall(TapKeyword.groovy:76)
	at com.kms.katalon.core.mobile.keyword.builtin.TapKeyword$_tap_closure1.call(TapKeyword.groovy)
	at com.kms.katalon.core.mobile.keyword.internal.MobileKeywordMain.runKeyword(MobileKeywordMain.groovy:21)
	... 19 more]]></system-err>
   </testsuite>
</testsuites>
