<?xml version="1.0" encoding="UTF-8"?>
<testsuites name="Patient Management" time="181.194" tests="8" failures="0" errors="0">
   <testsuite name="Patient Management" tests="8" failures="0" errors="0" time="181.194" skipped="0" timestamp="2023-08-09 11:52:42" hostname="Amarir - DESKTOP-EE3F8H4" id="Test Suites/Patient Management">
      <properties>
         <property name="deviceName" value="samsung SM-N975F (Android 12)"/>
         <property name="devicePlatform" value=""/>
         <property name="logFolder" value="C:\\Users\\Amarir\\git\\IS_Katalon_Lite_Version\\Reports\\20230809_115226\\Patient Management\\20230809_115226"/>
         <property name="logFiles" value="C:\\Users\\Amarir\\git\\IS_Katalon_Lite_Version\\Reports\\20230809_115226\\Patient Management\\20230809_115226\\appium.log, C:\\Users\\Amarir\\git\\IS_Katalon_Lite_Version\\Reports\\20230809_115226\\Patient Management\\20230809_115226\\execution0.log"/>
         <property name="attachments" value=""/>
         <property name="hostName" value="Amarir - DESKTOP-EE3F8H4"/>
         <property name="os" value="Windows 10 64bit"/>
         <property name="appiumServerStatus" value="{&quot;value&quot;:{&quot;build&quot;:{&quot;version&quot;:&quot;1.22.0&quot;}},&quot;sessionId&quot;:null,&quot;status&quot;:0}"/>
         <property name="katalonVersion" value="8.6.0.208"/>
         <property name="deviceOS" value="Android"/>
         <property name="appiumVersion" value="1.22.0"/>
         <property name="deviceModel" value="SM-N975F"/>
         <property name="hostAddress" value="192.168.234.1"/>
         <property name="deviceManufacturer" value="samsung"/>
         <property name="deviceId" value="RF8N307NKZV"/>
         <property name="deviceName" value="samsung SM-N975F (Android 12)"/>
         <property name="deviceOSVersion" value="12"/>
      </properties>
      <testcase name="Test Cases/User Managemenet/Login" time="72.467" classname="Test Cases/User Managemenet/Login" status="PASSED">
         <system-out><![CDATA[2023-08-09 11:52:43 - [TEST_CASE][PASSED] - Test Cases/User Managemenet/Login: Test Cases/User Managemenet/Login

2023-08-09 11:52:46 - [TEST_STEP][PASSED] - startApplication(APK, true): Started app at: 'C:\Users\Amarir\Downloads\APK\IS\IS_77.apk'

2023-08-09 11:52:50 - [MESSAGE][INFO] - Detected NodeJS location: "C:\Program Files\nodejs\node.exe"

2023-08-09 11:52:56 - [MESSAGE][INFO] - Appium server started on port 49,981

2023-08-09 11:53:42 - [MESSAGE][PASSED] - Started app at: 'C:\Users\Amarir\Downloads\APK\IS\IS_77.apk'

2023-08-09 11:53:42 - [TEST_STEP][PASSED] - setText(findTestObject("User Management/Login/android.widget.EditText - username"), LoginCreds.get("username"), 30): Text 'Katalon' has been set to element 'Object Repository/User Management/Login/android.widget.EditText - username'

2023-08-09 11:53:47 - [MESSAGE][PASSED] - Text 'Katalon' has been set to element 'Object Repository/User Management/Login/android.widget.EditText - username'

2023-08-09 11:53:47 - [TEST_STEP][PASSED] - setText(findTestObject("User Management/Login/android.widget.EditText - password"), LoginCreds.get("password"), 30): Text 'eKare123@' has been set to element 'Object Repository/User Management/Login/android.widget.EditText - password'

2023-08-09 11:53:48 - [MESSAGE][PASSED] - Text 'eKare123@' has been set to element 'Object Repository/User Management/Login/android.widget.EditText - password'

2023-08-09 11:53:48 - [TEST_STEP][PASSED] - tap(findTestObject("User Management/Login/android.view.ViewGroup - sign in"), 30): Tapped on element 'Object Repository/User Management/Login/android.view.ViewGroup - sign in'

2023-08-09 11:53:49 - [MESSAGE][PASSED] - Tapped on element 'Object Repository/User Management/Login/android.view.ViewGroup - sign in'

2023-08-09 11:53:49 - [TEST_STEP][PASSED] - tap(findTestObject("Object Repository/User Management/Login/android.widget.TextView - Katalon"), 30): Tapped on element 'Object Repository/User Management/Login/android.widget.TextView - Katalon'

2023-08-09 11:53:51 - [MESSAGE][PASSED] - Tapped on element 'Object Repository/User Management/Login/android.widget.TextView - Katalon'

2023-08-09 11:53:51 - [TEST_STEP][PASSED] - delay(2, STOP_ON_FAILURE): Delayed 2 second(s)

2023-08-09 11:53:53 - [MESSAGE][PASSED] - Delayed 2 second(s)

2023-08-09 11:53:53 - [TEST_STEP][PASSED] - verifyElementExist(findTestObject("Object Repository/User Management/Login/android.widget.TextView - Patient Directory"), 30): Element 'Object Repository/User Management/Login/android.widget.TextView - Patient Directory' is exist

2023-08-09 11:53:56 - [MESSAGE][PASSED] - Element 'Object Repository/User Management/Login/android.widget.TextView - Patient Directory' is exist]]></system-out>
         <system-err><![CDATA[]]></system-err>
      </testcase>
      <testcase name="Test Cases/Patient Management/Add Patient" time="12.864" classname="Test Cases/Patient Management/Add Patient" status="PASSED">
         <system-out><![CDATA[2023-08-09 11:53:56 - [TEST_CASE][PASSED] - Test Cases/Patient Management/Add Patient: Test Cases/Patient Management/Add Patient

2023-08-09 11:53:57 - [TEST_STEP][PASSED] - tap(findTestObject("Object Repository/Patient Management/Add Patient/android.widget.TextView - add patient"), 30): Tapped on element 'Object Repository/Patient Management/Add Patient/android.widget.TextView - add patient'

2023-08-09 11:53:57 - [MESSAGE][PASSED] - Tapped on element 'Object Repository/Patient Management/Add Patient/android.widget.TextView - add patient'

2023-08-09 11:53:57 - [TEST_STEP][PASSED] - setText(findTestObject("Object Repository/Patient Management/Add Patient/android.widget.EditText - First name"), "Test", 30): Text 'Test' has been set to element 'Object Repository/Patient Management/Add Patient/android.widget.EditText - First name'

2023-08-09 11:53:59 - [MESSAGE][PASSED] - Text 'Test' has been set to element 'Object Repository/Patient Management/Add Patient/android.widget.EditText - First name'

2023-08-09 11:53:59 - [TEST_STEP][PASSED] - setText(findTestObject("Object Repository/Patient Management/Add Patient/android.widget.EditText - Last name"), "lite", 30): Text 'lite' has been set to element 'Object Repository/Patient Management/Add Patient/android.widget.EditText - Last name'

2023-08-09 11:54:01 - [MESSAGE][PASSED] - Text 'lite' has been set to element 'Object Repository/Patient Management/Add Patient/android.widget.EditText - Last name'

2023-08-09 11:54:01 - [TEST_STEP][PASSED] - setText(findTestObject("Object Repository/Patient Management/Add Patient/android.widget.EditText - Date of birth (ddmmyyyy) (1)"), "09/12/2001", 30): Text '09/12/2001' has been set to element 'Object Repository/Patient Management/Add Patient/android.widget.EditText - Date of birth (ddmmyyyy) (1)'

2023-08-09 11:54:02 - [MESSAGE][PASSED] - Text '09/12/2001' has been set to element 'Object Repository/Patient Management/Add Patient/android.widget.EditText - Date of birth (ddmmyyyy) (1)'

2023-08-09 11:54:02 - [TEST_STEP][PASSED] - setText(findTestObject("Object Repository/Patient Management/Add Patient/android.widget.EditText - MRN"), "6766", 30): Text '6766' has been set to element 'Object Repository/Patient Management/Add Patient/android.widget.EditText - MRN'

2023-08-09 11:54:05 - [MESSAGE][PASSED] - Text '6766' has been set to element 'Object Repository/Patient Management/Add Patient/android.widget.EditText - MRN'

2023-08-09 11:54:05 - [TEST_STEP][PASSED] - tap(findTestObject("Object Repository/Patient Management/Add Patient/android.widget.TextView - Save"), 30): Tapped on element 'Object Repository/Patient Management/Add Patient/android.widget.TextView - Save'

2023-08-09 11:54:05 - [MESSAGE][PASSED] - Tapped on element 'Object Repository/Patient Management/Add Patient/android.widget.TextView - Save'

2023-08-09 11:54:05 - [TEST_STEP][PASSED] - verifyElementText(findTestObject("Object Repository/Patient Management/Add Patient/android.widget.TextView - Patient created successfully"), "Patient created successfully"): Actual text and expected text of test object 'Object Repository/Patient Management/Add Patient/android.widget.TextView - Patient created successfully' are matched.

2023-08-09 11:54:07 - [MESSAGE][PASSED] - Actual text and expected text of test object 'Object Repository/Patient Management/Add Patient/android.widget.TextView - Patient created successfully' are matched.

2023-08-09 11:54:07 - [TEST_STEP][PASSED] - tap(findTestObject("Object Repository/Patient Management/Add Patient/android.widget.Button - OK"), 30): Tapped on element 'Object Repository/Patient Management/Add Patient/android.widget.Button - OK'

2023-08-09 11:54:07 - [MESSAGE][PASSED] - Tapped on element 'Object Repository/Patient Management/Add Patient/android.widget.Button - OK'

2023-08-09 11:54:07 - [TEST_STEP][PASSED] - verifyElementText(findTestObject("Object Repository/Patient Management/Add Patient/android.widget.TextView - lite, Test"), "lite, Test"): Actual text and expected text of test object 'Object Repository/Patient Management/Add Patient/android.widget.TextView - lite, Test' are matched.

2023-08-09 11:54:09 - [MESSAGE][PASSED] - Actual text and expected text of test object 'Object Repository/Patient Management/Add Patient/android.widget.TextView - lite, Test' are matched.]]></system-out>
         <system-err><![CDATA[]]></system-err>
      </testcase>
      <testcase name="Test Cases/Patient Management/Search Patient" time="5.532" classname="Test Cases/Patient Management/Search Patient" status="PASSED">
         <system-out><![CDATA[2023-08-09 11:54:09 - [TEST_CASE][PASSED] - Test Cases/Patient Management/Search Patient: Test Cases/Patient Management/Search Patient

2023-08-09 11:54:10 - [TEST_STEP][PASSED] - setText(findTestObject("Object Repository/Patient Management/Search Patient/android.widget.EditText - Search by Name, MRN"), "987", 30): Text '987' has been set to element 'Object Repository/Patient Management/Search Patient/android.widget.EditText - Search by Name, MRN'

2023-08-09 11:54:11 - [MESSAGE][PASSED] - Text '987' has been set to element 'Object Repository/Patient Management/Search Patient/android.widget.EditText - Search by Name, MRN'

2023-08-09 11:54:11 - [TEST_STEP][PASSED] - tap(findTestObject("Object Repository/Patient Management/Search Patient/android.view.ViewGroup"), 30): Tapped on element 'Object Repository/Patient Management/Search Patient/android.view.ViewGroup'

2023-08-09 11:54:12 - [MESSAGE][PASSED] - Tapped on element 'Object Repository/Patient Management/Search Patient/android.view.ViewGroup'

2023-08-09 11:54:12 - [TEST_STEP][PASSED] - tap(findTestObject("Object Repository/Patient Management/Search Patient/android.widget.TextView - Current site"), 30): Tapped on element 'Object Repository/Patient Management/Search Patient/android.widget.TextView - Current site'

2023-08-09 11:54:13 - [MESSAGE][PASSED] - Tapped on element 'Object Repository/Patient Management/Search Patient/android.widget.TextView - Current site'

2023-08-09 11:54:13 - [TEST_STEP][PASSED] - verifyElementExist(findTestObject("Object Repository/Patient Management/Search Patient/android.view.ViewGroup (1)"), 30): Element 'Object Repository/Patient Management/Search Patient/android.view.ViewGroup (1)' is exist

2023-08-09 11:54:14 - [MESSAGE][PASSED] - Element 'Object Repository/Patient Management/Search Patient/android.view.ViewGroup (1)' is exist]]></system-out>
         <system-err><![CDATA[]]></system-err>
      </testcase>
      <testcase name="Test Cases/Patient Management/Edit Patient" time="14.508" classname="Test Cases/Patient Management/Edit Patient" status="PASSED">
         <system-out><![CDATA[2023-08-09 11:54:14 - [TEST_CASE][PASSED] - Test Cases/Patient Management/Edit Patient: Test Cases/Patient Management/Edit Patient

2023-08-09 11:54:15 - [TEST_STEP][PASSED] - tap(findTestObject("Object Repository/Patient Management/Edit Patient/android.view.ViewGroup (1)"), 30): Tapped on element 'Object Repository/Patient Management/Edit Patient/android.view.ViewGroup (1)'

2023-08-09 11:54:16 - [MESSAGE][PASSED] - Tapped on element 'Object Repository/Patient Management/Edit Patient/android.view.ViewGroup (1)'

2023-08-09 11:54:16 - [TEST_STEP][PASSED] - tap(findTestObject("Object Repository/Patient Management/Edit Patient/android.widget.ImageView"), 30): Tapped on element 'Object Repository/Patient Management/Edit Patient/android.widget.ImageView'

2023-08-09 11:54:18 - [MESSAGE][PASSED] - Tapped on element 'Object Repository/Patient Management/Edit Patient/android.widget.ImageView'

2023-08-09 11:54:18 - [TEST_STEP][PASSED] - tap(findTestObject("Object Repository/Patient Management/Edit Patient/android.widget.TextView - Edit patient"), 30): Tapped on element 'Object Repository/Patient Management/Edit Patient/android.widget.TextView - Edit patient'

2023-08-09 11:54:19 - [MESSAGE][PASSED] - Tapped on element 'Object Repository/Patient Management/Edit Patient/android.widget.TextView - Edit patient'

2023-08-09 11:54:19 - [TEST_STEP][PASSED] - setText(findTestObject("Object Repository/Patient Management/Edit Patient/android.widget.EditText - First Name"), "Editt", 30): Text 'Editt' has been set to element 'Object Repository/Patient Management/Edit Patient/android.widget.EditText - First Name'

2023-08-09 11:54:21 - [MESSAGE][PASSED] - Text 'Editt' has been set to element 'Object Repository/Patient Management/Edit Patient/android.widget.EditText - First Name'

2023-08-09 11:54:21 - [TEST_STEP][PASSED] - setText(findTestObject("Object Repository/Patient Management/Edit Patient/android.widget.EditText - Last Name"), "Litee", 30): Text 'Litee' has been set to element 'Object Repository/Patient Management/Edit Patient/android.widget.EditText - Last Name'

2023-08-09 11:54:23 - [MESSAGE][PASSED] - Text 'Litee' has been set to element 'Object Repository/Patient Management/Edit Patient/android.widget.EditText - Last Name'

2023-08-09 11:54:23 - [TEST_STEP][PASSED] - setText(findTestObject("Object Repository/Patient Management/Edit Patient/android.widget.EditText - DOB"), "09/07/2001", 30): Text '09/07/2001' has been set to element 'Object Repository/Patient Management/Edit Patient/android.widget.EditText - DOB'

2023-08-09 11:54:24 - [MESSAGE][PASSED] - Text '09/07/2001' has been set to element 'Object Repository/Patient Management/Edit Patient/android.widget.EditText - DOB'

2023-08-09 11:54:24 - [TEST_STEP][PASSED] - verifyElementAttributeValue(findTestObject("Patient Management/Edit Patient/android.widget.EditText - MRN"), "enabled", "false", 30, STOP_ON_FAILURE): Object 'Object Repository/Patient Management/Edit Patient/android.widget.EditText - MRN' has attribute 'enabled' with value 'false'

2023-08-09 11:54:25 - [MESSAGE][PASSED] - Object 'Object Repository/Patient Management/Edit Patient/android.widget.EditText - MRN' has attribute 'enabled' with value 'false'

2023-08-09 11:54:25 - [TEST_STEP][PASSED] - tap(findTestObject("Object Repository/Patient Management/Edit Patient/android.widget.TextView - Save"), 30): Tapped on element 'Object Repository/Patient Management/Edit Patient/android.widget.TextView - Save'

2023-08-09 11:54:25 - [MESSAGE][PASSED] - Tapped on element 'Object Repository/Patient Management/Edit Patient/android.widget.TextView - Save'

2023-08-09 11:54:25 - [TEST_STEP][PASSED] - verifyElementText(findTestObject("Object Repository/Patient Management/Edit Patient/android.widget.TextView - Patient updated successfully"), "Patient updated successfully."): Actual text and expected text of test object 'Object Repository/Patient Management/Edit Patient/android.widget.TextView - Patient updated successfully' are matched.

2023-08-09 11:54:27 - [MESSAGE][PASSED] - Actual text and expected text of test object 'Object Repository/Patient Management/Edit Patient/android.widget.TextView - Patient updated successfully' are matched.

2023-08-09 11:54:27 - [TEST_STEP][PASSED] - tap(findTestObject("Object Repository/Patient Management/Edit Patient/android.widget.Button - OK"), 30): Tapped on element 'Object Repository/Patient Management/Edit Patient/android.widget.Button - OK'

2023-08-09 11:54:27 - [MESSAGE][PASSED] - Tapped on element 'Object Repository/Patient Management/Edit Patient/android.widget.Button - OK'

2023-08-09 11:54:27 - [TEST_STEP][PASSED] - pressBack(): Press back button successfully

2023-08-09 11:54:28 - [MESSAGE][PASSED] - Press back button successfully

2023-08-09 11:54:28 - [TEST_STEP][PASSED] - tap(findTestObject("Object Repository/Patient Management/Edit Patient/android.widget.ImageView - x"), 30): Tapped on element 'Object Repository/Patient Management/Edit Patient/android.widget.ImageView - x'

2023-08-09 11:54:29 - [MESSAGE][PASSED] - Tapped on element 'Object Repository/Patient Management/Edit Patient/android.widget.ImageView - x']]></system-out>
         <system-err><![CDATA[]]></system-err>
      </testcase>
      <testcase name="Test Cases/Patient Management/Freeze Patient" time="12.214" classname="Test Cases/Patient Management/Freeze Patient" status="PASSED">
         <system-out><![CDATA[2023-08-09 11:54:29 - [TEST_CASE][PASSED] - Test Cases/Patient Management/Freeze Patient: Test Cases/Patient Management/Freeze Patient

2023-08-09 11:54:30 - [TEST_STEP][PASSED] - setText(findTestObject("Object Repository/Patient Management/Freeze Patient/android.widget.EditText - Search by Name, MRN"), "6767", 30): Text '6767' has been set to element 'Object Repository/Patient Management/Freeze Patient/android.widget.EditText - Search by Name, MRN'

2023-08-09 11:54:31 - [MESSAGE][PASSED] - Text '6767' has been set to element 'Object Repository/Patient Management/Freeze Patient/android.widget.EditText - Search by Name, MRN'

2023-08-09 11:54:31 - [TEST_STEP][PASSED] - tap(findTestObject("Object Repository/Patient Management/Freeze Patient/android.view.ViewGroup"), 30): Tapped on element 'Object Repository/Patient Management/Freeze Patient/android.view.ViewGroup'

2023-08-09 11:54:32 - [MESSAGE][PASSED] - Tapped on element 'Object Repository/Patient Management/Freeze Patient/android.view.ViewGroup'

2023-08-09 11:54:32 - [TEST_STEP][PASSED] - tap(findTestObject("Object Repository/Patient Management/Freeze Patient/android.widget.TextView - Current site"), 30): Tapped on element 'Object Repository/Patient Management/Freeze Patient/android.widget.TextView - Current site'

2023-08-09 11:54:34 - [MESSAGE][PASSED] - Tapped on element 'Object Repository/Patient Management/Freeze Patient/android.widget.TextView - Current site'

2023-08-09 11:54:34 - [TEST_STEP][PASSED] - tap(findTestObject("Object Repository/Patient Management/Freeze Patient/android.view.ViewGroup (1)"), 30): Tapped on element 'Object Repository/Patient Management/Freeze Patient/android.view.ViewGroup (1)'

2023-08-09 11:54:34 - [MESSAGE][PASSED] - Tapped on element 'Object Repository/Patient Management/Freeze Patient/android.view.ViewGroup (1)'

2023-08-09 11:54:34 - [TEST_STEP][PASSED] - tap(findTestObject("Patient Management/Freeze Patient/android.widget.ImageView - menu"), 30): Tapped on element 'Object Repository/Patient Management/Freeze Patient/android.widget.ImageView - menu'

2023-08-09 11:54:36 - [MESSAGE][PASSED] - Tapped on element 'Object Repository/Patient Management/Freeze Patient/android.widget.ImageView - menu'

2023-08-09 11:54:36 - [TEST_STEP][PASSED] - tap(findTestObject("Object Repository/Patient Management/Freeze Patient/android.widget.TextView - Freeze patient"), 30): Tapped on element 'Object Repository/Patient Management/Freeze Patient/android.widget.TextView - Freeze patient'

2023-08-09 11:54:37 - [MESSAGE][PASSED] - Tapped on element 'Object Repository/Patient Management/Freeze Patient/android.widget.TextView - Freeze patient'

2023-08-09 11:54:37 - [TEST_STEP][PASSED] - verifyElementText(findTestObject("Object Repository/Patient Management/Freeze Patient/android.widget.TextView - Change patient status to Inactive"), "Change patient status to Inactive ?"): Actual text and expected text of test object 'Object Repository/Patient Management/Freeze Patient/android.widget.TextView - Change patient status to Inactive' are matched.

2023-08-09 11:54:38 - [MESSAGE][PASSED] - Actual text and expected text of test object 'Object Repository/Patient Management/Freeze Patient/android.widget.TextView - Change patient status to Inactive' are matched.

2023-08-09 11:54:38 - [TEST_STEP][PASSED] - tap(findTestObject("Object Repository/Patient Management/Freeze Patient/android.widget.TextView - Confirm"), 30): Tapped on element 'Object Repository/Patient Management/Freeze Patient/android.widget.TextView - Confirm'

2023-08-09 11:54:38 - [MESSAGE][PASSED] - Tapped on element 'Object Repository/Patient Management/Freeze Patient/android.widget.TextView - Confirm'

2023-08-09 11:54:38 - [TEST_STEP][PASSED] - verifyElementText(findTestObject("Object Repository/Patient Management/Freeze Patient/android.widget.TextView - Patient Inactive"), "Patient Inactive"): Actual text and expected text of test object 'Object Repository/Patient Management/Freeze Patient/android.widget.TextView - Patient Inactive' are matched.

2023-08-09 11:54:40 - [MESSAGE][PASSED] - Actual text and expected text of test object 'Object Repository/Patient Management/Freeze Patient/android.widget.TextView - Patient Inactive' are matched.

2023-08-09 11:54:40 - [TEST_STEP][PASSED] - tap(findTestObject("Object Repository/Patient Management/Freeze Patient/android.widget.ImageView (1)"), 30): Tapped on element 'Object Repository/Patient Management/Freeze Patient/android.widget.ImageView (1)'

2023-08-09 11:54:41 - [MESSAGE][PASSED] - Tapped on element 'Object Repository/Patient Management/Freeze Patient/android.widget.ImageView (1)']]></system-out>
         <system-err><![CDATA[]]></system-err>
      </testcase>
      <testcase name="Test Cases/Patient Management/Filter Patient" time="5.939" classname="Test Cases/Patient Management/Filter Patient" status="PASSED">
         <system-out><![CDATA[2023-08-09 11:54:41 - [TEST_CASE][PASSED] - Test Cases/Patient Management/Filter Patient: Test Cases/Patient Management/Filter Patient

2023-08-09 11:54:42 - [TEST_STEP][PASSED] - tap(findTestObject("Object Repository/Patient Management/Filter Patient/android.widget.ImageView - filter"), 30): Tapped on element 'Object Repository/Patient Management/Filter Patient/android.widget.ImageView - filter'

2023-08-09 11:54:42 - [MESSAGE][PASSED] - Tapped on element 'Object Repository/Patient Management/Filter Patient/android.widget.ImageView - filter'

2023-08-09 11:54:42 - [TEST_STEP][PASSED] - tap(findTestObject("Object Repository/Patient Management/Filter Patient/android.widget.Switch - ON"), 30): Tapped on element 'Object Repository/Patient Management/Filter Patient/android.widget.Switch - ON'

2023-08-09 11:54:44 - [MESSAGE][PASSED] - Tapped on element 'Object Repository/Patient Management/Filter Patient/android.widget.Switch - ON'

2023-08-09 11:54:44 - [TEST_STEP][PASSED] - tap(findTestObject("Object Repository/Patient Management/Filter Patient/android.widget.TextView - Apply"), 30): Tapped on element 'Object Repository/Patient Management/Filter Patient/android.widget.TextView - Apply'

2023-08-09 11:54:45 - [MESSAGE][PASSED] - Tapped on element 'Object Repository/Patient Management/Filter Patient/android.widget.TextView - Apply'

2023-08-09 11:54:45 - [TEST_STEP][PASSED] - verifyElementText(findTestObject("Object Repository/Patient Management/Filter Patient/android.widget.TextView - Patient Inactive"), "Patient Inactive"): Actual text and expected text of test object 'Object Repository/Patient Management/Filter Patient/android.widget.TextView - Patient Inactive' are matched.

2023-08-09 11:54:47 - [MESSAGE][PASSED] - Actual text and expected text of test object 'Object Repository/Patient Management/Filter Patient/android.widget.TextView - Patient Inactive' are matched.]]></system-out>
         <system-err><![CDATA[]]></system-err>
      </testcase>
      <testcase name="Test Cases/Patient Management/Unfreeze Patient" time="45.28" classname="Test Cases/Patient Management/Unfreeze Patient" status="PASSED">
         <system-out><![CDATA[2023-08-09 11:54:47 - [TEST_CASE][PASSED] - Test Cases/Patient Management/Unfreeze Patient: Test Cases/Patient Management/Unfreeze Patient

2023-08-09 11:54:48 - [TEST_STEP][PASSED] - delay(30): Delayed 30 second(s)

2023-08-09 11:55:18 - [MESSAGE][PASSED] - Delayed 30 second(s)

2023-08-09 11:55:18 - [TEST_STEP][PASSED] - setText(findTestObject("Object Repository/Patient Management/Unfreeze Patient/android.widget.EditText - Search by Name, MRN"), "6768", 30): Text '6768' has been set to element 'Object Repository/Patient Management/Unfreeze Patient/android.widget.EditText - Search by Name, MRN'

2023-08-09 11:55:20 - [MESSAGE][PASSED] - Text '6768' has been set to element 'Object Repository/Patient Management/Unfreeze Patient/android.widget.EditText - Search by Name, MRN'

2023-08-09 11:55:20 - [TEST_STEP][PASSED] - tap(findTestObject("Object Repository/Patient Management/Unfreeze Patient/android.widget.TextView - Current site"), 30): Tapped on element 'Object Repository/Patient Management/Unfreeze Patient/android.widget.TextView - Current site'

2023-08-09 11:55:20 - [MESSAGE][PASSED] - Tapped on element 'Object Repository/Patient Management/Unfreeze Patient/android.widget.TextView - Current site'

2023-08-09 11:55:20 - [TEST_STEP][PASSED] - tap(findTestObject("Object Repository/Patient Management/Unfreeze Patient/android.widget.TextView - Current site (1)"), 30): Tapped on element 'Object Repository/Patient Management/Unfreeze Patient/android.widget.TextView - Current site (1)'

2023-08-09 11:55:21 - [MESSAGE][PASSED] - Tapped on element 'Object Repository/Patient Management/Unfreeze Patient/android.widget.TextView - Current site (1)'

2023-08-09 11:55:21 - [TEST_STEP][PASSED] - tap(findTestObject("Object Repository/Patient Management/Unfreeze Patient/android.view.ViewGroup"), 30): Tapped on element 'Object Repository/Patient Management/Unfreeze Patient/android.view.ViewGroup'

2023-08-09 11:55:23 - [MESSAGE][PASSED] - Tapped on element 'Object Repository/Patient Management/Unfreeze Patient/android.view.ViewGroup'

2023-08-09 11:55:23 - [TEST_STEP][PASSED] - tap(findTestObject("Object Repository/Patient Management/Unfreeze Patient/android.widget.ImageView"), 30): Tapped on element 'Object Repository/Patient Management/Unfreeze Patient/android.widget.ImageView'

2023-08-09 11:55:24 - [MESSAGE][PASSED] - Tapped on element 'Object Repository/Patient Management/Unfreeze Patient/android.widget.ImageView'

2023-08-09 11:55:24 - [TEST_STEP][PASSED] - tap(findTestObject("Object Repository/Patient Management/Unfreeze Patient/android.widget.TextView - UnFreeze patient"), 30): Tapped on element 'Object Repository/Patient Management/Unfreeze Patient/android.widget.TextView - UnFreeze patient'

2023-08-09 11:55:25 - [MESSAGE][PASSED] - Tapped on element 'Object Repository/Patient Management/Unfreeze Patient/android.widget.TextView - UnFreeze patient'

2023-08-09 11:55:25 - [TEST_STEP][PASSED] - verifyElementText(findTestObject("Object Repository/Patient Management/Unfreeze Patient/android.widget.TextView - Change patient status to Active"), "Change patient status to Active ?"): Actual text and expected text of test object 'Object Repository/Patient Management/Unfreeze Patient/android.widget.TextView - Change patient status to Active' are matched.

2023-08-09 11:55:27 - [MESSAGE][PASSED] - Actual text and expected text of test object 'Object Repository/Patient Management/Unfreeze Patient/android.widget.TextView - Change patient status to Active' are matched.

2023-08-09 11:55:27 - [TEST_STEP][PASSED] - tap(findTestObject("Object Repository/Patient Management/Unfreeze Patient/android.widget.TextView - Confirm"), 30): Tapped on element 'Object Repository/Patient Management/Unfreeze Patient/android.widget.TextView - Confirm'

2023-08-09 11:55:27 - [MESSAGE][PASSED] - Tapped on element 'Object Repository/Patient Management/Unfreeze Patient/android.widget.TextView - Confirm'

2023-08-09 11:55:27 - [TEST_STEP][PASSED] - verifyElementText(findTestObject("Object Repository/Patient Management/Unfreeze Patient/android.widget.TextView - No Consent"), "No Consent"): Actual text and expected text of test object 'Object Repository/Patient Management/Unfreeze Patient/android.widget.TextView - No Consent' are matched.

2023-08-09 11:55:29 - [MESSAGE][PASSED] - Actual text and expected text of test object 'Object Repository/Patient Management/Unfreeze Patient/android.widget.TextView - No Consent' are matched.

2023-08-09 11:55:29 - [TEST_STEP][PASSED] - tap(findTestObject("Object Repository/Patient Management/Unfreeze Patient/android.widget.ImageView (1)"), 30): Tapped on element 'Object Repository/Patient Management/Unfreeze Patient/android.widget.ImageView (1)'

2023-08-09 11:55:30 - [MESSAGE][PASSED] - Tapped on element 'Object Repository/Patient Management/Unfreeze Patient/android.widget.ImageView (1)'

2023-08-09 11:55:30 - [TEST_STEP][PASSED] - tap(findTestObject("Object Repository/Patient Management/Unfreeze Patient/android.widget.ImageView (2)"), 30): Tapped on element 'Object Repository/Patient Management/Unfreeze Patient/android.widget.ImageView (2)'

2023-08-09 11:55:32 - [MESSAGE][PASSED] - Tapped on element 'Object Repository/Patient Management/Unfreeze Patient/android.widget.ImageView (2)']]></system-out>
         <system-err><![CDATA[]]></system-err>
      </testcase>
      <testcase name="Test Cases/Patient Management/Delete Patient" time="11.059" classname="Test Cases/Patient Management/Delete Patient" status="PASSED">
         <system-out><![CDATA[2023-08-09 11:55:32 - [TEST_CASE][PASSED] - Test Cases/Patient Management/Delete Patient: Test Cases/Patient Management/Delete Patient

2023-08-09 11:55:33 - [TEST_STEP][PASSED] - setText(findTestObject("Object Repository/Patient Management/Delete Patient/android.widget.EditText - Search by Name, MRN"), "6766", 30): Text '6766' has been set to element 'Object Repository/Patient Management/Delete Patient/android.widget.EditText - Search by Name, MRN'

2023-08-09 11:55:34 - [MESSAGE][PASSED] - Text '6766' has been set to element 'Object Repository/Patient Management/Delete Patient/android.widget.EditText - Search by Name, MRN'

2023-08-09 11:55:34 - [TEST_STEP][PASSED] - tap(findTestObject("Object Repository/Patient Management/Delete Patient/android.view.ViewGroup"), 30): Tapped on element 'Object Repository/Patient Management/Delete Patient/android.view.ViewGroup'

2023-08-09 11:55:35 - [MESSAGE][PASSED] - Tapped on element 'Object Repository/Patient Management/Delete Patient/android.view.ViewGroup'

2023-08-09 11:55:35 - [TEST_STEP][PASSED] - tap(findTestObject("Object Repository/Patient Management/Delete Patient/android.widget.TextView - Current site"), 30): Tapped on element 'Object Repository/Patient Management/Delete Patient/android.widget.TextView - Current site'

2023-08-09 11:55:36 - [MESSAGE][PASSED] - Tapped on element 'Object Repository/Patient Management/Delete Patient/android.widget.TextView - Current site'

2023-08-09 11:55:36 - [TEST_STEP][PASSED] - tap(findTestObject("Object Repository/Patient Management/Delete Patient/android.view.ViewGroup (1)"), 30): Tapped on element 'Object Repository/Patient Management/Delete Patient/android.view.ViewGroup (1)'

2023-08-09 11:55:37 - [MESSAGE][PASSED] - Tapped on element 'Object Repository/Patient Management/Delete Patient/android.view.ViewGroup (1)'

2023-08-09 11:55:37 - [TEST_STEP][PASSED] - tap(findTestObject("Object Repository/Patient Management/Delete Patient/android.widget.ImageView"), 30): Tapped on element 'Object Repository/Patient Management/Delete Patient/android.widget.ImageView'

2023-08-09 11:55:39 - [MESSAGE][PASSED] - Tapped on element 'Object Repository/Patient Management/Delete Patient/android.widget.ImageView'

2023-08-09 11:55:39 - [TEST_STEP][PASSED] - tap(findTestObject("Object Repository/Patient Management/Delete Patient/android.widget.TextView - Delete patient"), 30): Tapped on element 'Object Repository/Patient Management/Delete Patient/android.widget.TextView - Delete patient'

2023-08-09 11:55:40 - [MESSAGE][PASSED] - Tapped on element 'Object Repository/Patient Management/Delete Patient/android.widget.TextView - Delete patient'

2023-08-09 11:55:40 - [TEST_STEP][PASSED] - verifyElementText(findTestObject("Object Repository/Patient Management/Delete Patient/android.widget.TextView - Delete the selected patient The patient will be removed from the directory if deleted"), "Delete the selected patient? The patient will be removed from the directory if deleted"): Actual text and expected text of test object 'Object Repository/Patient Management/Delete Patient/android.widget.TextView - Delete the selected patient The patient will be removed from the directory if deleted' are matched.

2023-08-09 11:55:41 - [MESSAGE][PASSED] - Actual text and expected text of test object 'Object Repository/Patient Management/Delete Patient/android.widget.TextView - Delete the selected patient The patient will be removed from the directory if deleted' are matched.

2023-08-09 11:55:41 - [TEST_STEP][PASSED] - tap(findTestObject("Object Repository/Patient Management/Delete Patient/android.widget.Button - CONFIRM"), 30): Tapped on element 'Object Repository/Patient Management/Delete Patient/android.widget.Button - CONFIRM'

2023-08-09 11:55:43 - [MESSAGE][PASSED] - Tapped on element 'Object Repository/Patient Management/Delete Patient/android.widget.Button - CONFIRM'

2023-08-09 11:55:43 - [TEST_STEP][PASSED] - verifyElementExist(findTestObject("Object Repository/Patient Management/Delete Patient/android.widget.TextView - No content found"), 30): Element 'Object Repository/Patient Management/Delete Patient/android.widget.TextView - No content found' is exist

2023-08-09 11:55:43 - [MESSAGE][PASSED] - Element 'Object Repository/Patient Management/Delete Patient/android.widget.TextView - No content found' is exist]]></system-out>
         <system-err><![CDATA[]]></system-err>
      </testcase>
      <system-out><![CDATA[2023-08-09 11:52:42 - [TEST_SUITE][PASSED] - Patient Management: Test Cases/Patient Management/Delete Patient]]></system-out>
      <system-err><![CDATA[]]></system-err>
   </testsuite>
</testsuites>
