<?xml version="1.0" encoding="UTF-8"?>
<testsuites name="Menu and other services" time="194.723" tests="7" failures="0" errors="0">
   <testsuite name="Menu and other services" tests="7" failures="0" errors="0" time="194.723" skipped="0" timestamp="2023-09-27 13:25:51" hostname="Amarir - DESKTOP-EE3F8H4" id="Test Suites/Menu and other services">
      <properties>
         <property name="deviceName" value="samsung SM-N975F (Android 12)"/>
         <property name="devicePlatform" value=""/>
         <property name="logFolder" value="C:\\Users\\Amarir\\git\\Android Automation\\Reports\\20230927_132519\\Menu and other services\\20230927_132521"/>
         <property name="logFiles" value="C:\\Users\\Amarir\\git\\Android Automation\\Reports\\20230927_132519\\Menu and other services\\20230927_132521\\appium.log, C:\\Users\\Amarir\\git\\Android Automation\\Reports\\20230927_132519\\Menu and other services\\20230927_132521\\execution0.log"/>
         <property name="attachments" value=""/>
         <property name="hostName" value="Amarir - DESKTOP-EE3F8H4"/>
         <property name="os" value="Windows 10 64bit"/>
         <property name="appiumServerStatus" value="{&quot;value&quot;:{&quot;build&quot;:{&quot;version&quot;:&quot;1.22.0&quot;}},&quot;sessionId&quot;:null,&quot;status&quot;:0}"/>
         <property name="katalonVersion" value="8.6.5.208"/>
         <property name="deviceOS" value="Android"/>
         <property name="appiumVersion" value="1.22.0"/>
         <property name="deviceModel" value="SM-N975F"/>
         <property name="hostAddress" value="192.168.234.1"/>
         <property name="deviceManufacturer" value="samsung"/>
         <property name="deviceId" value="RF8N307NKZV"/>
         <property name="deviceName" value="samsung SM-N975F (Android 12)"/>
         <property name="deviceOSVersion" value="12"/>
      </properties>
      <testcase name="Test Cases/IS/User Managemenet/Login" time="48.125" classname="Test Cases/IS/User Managemenet/Login" status="PASSED">
         <system-out><![CDATA[2023-09-27 13:25:52 - [TEST_CASE][PASSED] - Test Cases/IS/User Managemenet/Login: Test Cases/IS/User Managemenet/Login

2023-09-27 13:25:54 - [TEST_STEP][PASSED] - startApplication(APK, false): Started app at: 'C:\Users\Amarir\Downloads\APK\IS\IS_Preprod_2.1.1_160.apk'

2023-09-27 13:25:56 - [MESSAGE][INFO] - Detected NodeJS location: "C:\Program Files\nodejs\node.exe"

2023-09-27 13:26:00 - [MESSAGE][INFO] - Appium server started on port 58,525

2023-09-27 13:26:26 - [MESSAGE][PASSED] - Started app at: 'C:\Users\Amarir\Downloads\APK\IS\IS_Preprod_2.1.1_160.apk'

2023-09-27 13:26:26 - [TEST_STEP][PASSED] - setText(findTestObject("Login Page/android.widget.EditText - Username"), LoginCreds.get("username"), 30): Text 'katalon' has been set to element 'Object Repository/Login Page/android.widget.EditText - Username'

2023-09-27 13:26:29 - [MESSAGE][PASSED] - Text 'katalon' has been set to element 'Object Repository/Login Page/android.widget.EditText - Username'

2023-09-27 13:26:29 - [TEST_STEP][PASSED] - setText(findTestObject("Login Page/android.widget.EditText - Password"), LoginCreds.get("password"), 30): Text 'eKare123@' has been set to element 'Object Repository/Login Page/android.widget.EditText - Password'

2023-09-27 13:26:30 - [MESSAGE][PASSED] - Text 'eKare123@' has been set to element 'Object Repository/Login Page/android.widget.EditText - Password'

2023-09-27 13:26:30 - [TEST_STEP][PASSED] - tap(findTestObject("Login Page/android.widget.TextView - SIGN IN (1)"), 30): Tapped on element 'Object Repository/Login Page/android.widget.TextView - SIGN IN (1)'

2023-09-27 13:26:31 - [MESSAGE][PASSED] - Tapped on element 'Object Repository/Login Page/android.widget.TextView - SIGN IN (1)'

2023-09-27 13:26:31 - [TEST_STEP][PASSED] - tap(findTestObject("Object Repository/IS/User Management/Login/android.widget.TextView - Katalon"), 30): Tapped on element 'Object Repository/IS/User Management/Login/android.widget.TextView - Katalon'

2023-09-27 13:26:33 - [MESSAGE][PASSED] - Tapped on element 'Object Repository/IS/User Management/Login/android.widget.TextView - Katalon'

2023-09-27 13:26:33 - [TEST_STEP][PASSED] - delay(2, STOP_ON_FAILURE): Delayed 2 second(s)

2023-09-27 13:26:35 - [MESSAGE][PASSED] - Delayed 2 second(s)

2023-09-27 13:26:35 - [TEST_STEP][PASSED] - verifyElementExist(findTestObject("Object Repository/IS/User Management/Login/android.widget.TextView - Patient Directory"), 30): Element 'Object Repository/IS/User Management/Login/android.widget.TextView - Patient Directory' is exist

2023-09-27 13:26:40 - [MESSAGE][PASSED] - Element 'Object Repository/IS/User Management/Login/android.widget.TextView - Patient Directory' is exist]]></system-out>
         <system-err><![CDATA[]]></system-err>
      </testcase>
      <testcase name="Test Cases/IS/Menu and other services/Switch between sites" time="22.0" classname="Test Cases/IS/Menu and other services/Switch between sites" status="PASSED">
         <system-out><![CDATA[2023-09-27 13:26:40 - [TEST_CASE][PASSED] - Test Cases/IS/Menu and other services/Switch between sites: Test Cases/IS/Menu and other services/Switch between sites

2023-09-27 13:26:42 - [TEST_STEP][PASSED] - tap(findTestObject("Object Repository/IS/Menu and other services/Switch between sites/android.widget.ImageView - Menu"), 30): Tapped on element 'Object Repository/IS/Menu and other services/Switch between sites/android.widget.ImageView - Menu'

2023-09-27 13:26:42 - [MESSAGE][PASSED] - Tapped on element 'Object Repository/IS/Menu and other services/Switch between sites/android.widget.ImageView - Menu'

2023-09-27 13:26:42 - [TEST_STEP][PASSED] - tap(findTestObject("Object Repository/IS/Menu and other services/Switch between sites/android.widget.TextView - Site"), 30): Tapped on element 'Object Repository/IS/Menu and other services/Switch between sites/android.widget.TextView - Site'

2023-09-27 13:26:44 - [MESSAGE][PASSED] - Tapped on element 'Object Repository/IS/Menu and other services/Switch between sites/android.widget.TextView - Site'

2023-09-27 13:26:44 - [TEST_STEP][PASSED] - tap(findTestObject("Object Repository/IS/Menu and other services/Switch between sites/android.widget.TextView - Test1"), 30): Tapped on element 'Object Repository/IS/Menu and other services/Switch between sites/android.widget.TextView - Test1'

2023-09-27 13:26:45 - [MESSAGE][PASSED] - Tapped on element 'Object Repository/IS/Menu and other services/Switch between sites/android.widget.TextView - Test1'

2023-09-27 13:26:45 - [TEST_STEP][PASSED] - tap(findTestObject("Object Repository/IS/Menu and other services/Switch between sites/android.widget.ImageView - Menu"), 30): Tapped on element 'Object Repository/IS/Menu and other services/Switch between sites/android.widget.ImageView - Menu'

2023-09-27 13:26:51 - [MESSAGE][PASSED] - Tapped on element 'Object Repository/IS/Menu and other services/Switch between sites/android.widget.ImageView - Menu'

2023-09-27 13:26:51 - [TEST_STEP][PASSED] - tap(findTestObject("IS/Menu and other services/Switch between sites/android.widget.TextView - Site"), 30): Tapped on element 'Object Repository/IS/Menu and other services/Switch between sites/android.widget.TextView - Site'

2023-09-27 13:26:53 - [MESSAGE][PASSED] - Tapped on element 'Object Repository/IS/Menu and other services/Switch between sites/android.widget.TextView - Site'

2023-09-27 13:26:53 - [TEST_STEP][PASSED] - tap(findTestObject("Object Repository/IS/Menu and other services/Switch between sites/android.widget.TextView - site user"), 30): Tapped on element 'Object Repository/IS/Menu and other services/Switch between sites/android.widget.TextView - site user'

2023-09-27 13:26:54 - [MESSAGE][PASSED] - Tapped on element 'Object Repository/IS/Menu and other services/Switch between sites/android.widget.TextView - site user'

2023-09-27 13:26:54 - [TEST_STEP][PASSED] - tap(findTestObject("IS/Menu and other services/Switch between sites/android.widget.ImageView - Menu"), 30): Tapped on element 'Object Repository/IS/Menu and other services/Switch between sites/android.widget.ImageView - Menu'

2023-09-27 13:27:00 - [MESSAGE][PASSED] - Tapped on element 'Object Repository/IS/Menu and other services/Switch between sites/android.widget.ImageView - Menu'

2023-09-27 13:27:00 - [TEST_STEP][PASSED] - tap(findTestObject("IS/Menu and other services/Switch between sites/android.widget.TextView - Site"), 30): Tapped on element 'Object Repository/IS/Menu and other services/Switch between sites/android.widget.TextView - Site'

2023-09-27 13:27:02 - [MESSAGE][PASSED] - Tapped on element 'Object Repository/IS/Menu and other services/Switch between sites/android.widget.TextView - Site'

2023-09-27 13:27:02 - [TEST_STEP][PASSED] - tap(findTestObject("Object Repository/IS/Menu and other services/Switch between sites/android.widget.TextView - Katalon"), 30): Tapped on element 'Object Repository/IS/Menu and other services/Switch between sites/android.widget.TextView - Katalon'

2023-09-27 13:27:02 - [MESSAGE][PASSED] - Tapped on element 'Object Repository/IS/Menu and other services/Switch between sites/android.widget.TextView - Katalon']]></system-out>
         <system-err><![CDATA[]]></system-err>
      </testcase>
      <testcase name="Test Cases/IS/Menu and other services/About" time="16.477" classname="Test Cases/IS/Menu and other services/About" status="PASSED">
         <system-out><![CDATA[2023-09-27 13:27:02 - [TEST_CASE][PASSED] - Test Cases/IS/Menu and other services/About: Test Cases/IS/Menu and other services/About

2023-09-27 13:27:04 - [TEST_STEP][PASSED] - tap(findTestObject("Object Repository/IS/Menu and other services/About/android.widget.ImageView - Menu"), 30): Tapped on element 'Object Repository/IS/Menu and other services/About/android.widget.ImageView - Menu'

2023-09-27 13:27:10 - [MESSAGE][PASSED] - Tapped on element 'Object Repository/IS/Menu and other services/About/android.widget.ImageView - Menu'

2023-09-27 13:27:10 - [TEST_STEP][PASSED] - tap(findTestObject("Object Repository/IS/Menu and other services/About/android.widget.TextView - About"), 30): Tapped on element 'Object Repository/IS/Menu and other services/About/android.widget.TextView - About'

2023-09-27 13:27:12 - [MESSAGE][PASSED] - Tapped on element 'Object Repository/IS/Menu and other services/About/android.widget.TextView - About'

2023-09-27 13:27:12 - [TEST_STEP][PASSED] - verifyElementText(findTestObject("Object Repository/IS/Menu and other services/About/android.widget.TextView - Katalon"), "Katalon"): Actual text and expected text of test object 'Object Repository/IS/Menu and other services/About/android.widget.TextView - Katalon' are matched.

2023-09-27 13:27:13 - [MESSAGE][PASSED] - Actual text and expected text of test object 'Object Repository/IS/Menu and other services/About/android.widget.TextView - Katalon' are matched.

2023-09-27 13:27:13 - [TEST_STEP][PASSED] - verifyElementText(findTestObject("Object Repository/IS/Menu and other services/About/android.widget.TextView - Katalon (1)"), "Katalon"): Actual text and expected text of test object 'Object Repository/IS/Menu and other services/About/android.widget.TextView - Katalon (1)' are matched.

2023-09-27 13:27:13 - [MESSAGE][PASSED] - Actual text and expected text of test object 'Object Repository/IS/Menu and other services/About/android.widget.TextView - Katalon (1)' are matched.

2023-09-27 13:27:13 - [TEST_STEP][PASSED] - scrollToText("UDI"): Scrolling to text 'UDI' successfully

2023-09-27 13:27:18 - [MESSAGE][PASSED] - Scrolling to text 'UDI' successfully

2023-09-27 13:27:18 - [TEST_STEP][PASSED] - verifyElementText(findTestObject("Object Repository/IS/Menu and other services/About/android.widget.TextView - 2.1.1"), "2.1.1"): Actual text and expected text of test object 'Object Repository/IS/Menu and other services/About/android.widget.TextView - 2.1.1' are matched.

2023-09-27 13:27:18 - [MESSAGE][PASSED] - Actual text and expected text of test object 'Object Repository/IS/Menu and other services/About/android.widget.TextView - 2.1.1' are matched.

2023-09-27 13:27:18 - [TEST_STEP][PASSED] - tap(findTestObject("Object Repository/IS/Menu and other services/About/android.widget.ImageView - close"), 30): Tapped on element 'Object Repository/IS/Menu and other services/About/android.widget.ImageView - close'

2023-09-27 13:27:19 - [MESSAGE][PASSED] - Tapped on element 'Object Repository/IS/Menu and other services/About/android.widget.ImageView - close']]></system-out>
         <system-err><![CDATA[]]></system-err>
      </testcase>
      <testcase name="Test Cases/IS/Menu and other services/Automatic adjustment of Date format" time="41.261" classname="Test Cases/IS/Menu and other services/Automatic adjustment of Date format" status="PASSED">
         <system-out><![CDATA[2023-09-27 13:27:19 - [TEST_CASE][PASSED] - Test Cases/IS/Menu and other services/Automatic adjustment of Date format: Test Cases/IS/Menu and other services/Automatic adjustment of Date format

2023-09-27 13:27:20 - [TEST_STEP][PASSED] - callTestCase(findTestCase("IS/User Managemenet/Login"), [:], STOP_ON_FAILURE): Call Test Case 'Test Cases/IS/User Managemenet/Login' successfully

2023-09-27 13:27:20 - [TEST_CASE][PASSED] - Test Cases/IS/User Managemenet/Login: Test Cases/IS/User Managemenet/Login

2023-09-27 13:27:20 - [TEST_STEP][PASSED] - startApplication(APK, false): Started app at: 'C:\Users\Amarir\Downloads\APK\IS\IS_Preprod_2.1.1_160.apk'

2023-09-27 13:27:31 - [MESSAGE][PASSED] - Started app at: 'C:\Users\Amarir\Downloads\APK\IS\IS_Preprod_2.1.1_160.apk'

2023-09-27 13:27:31 - [TEST_STEP][PASSED] - setText(findTestObject("Login Page/android.widget.EditText - Username"), LoginCreds.get("username"), 30): Text 'katalon' has been set to element 'Object Repository/Login Page/android.widget.EditText - Username'

2023-09-27 13:27:35 - [MESSAGE][PASSED] - Text 'katalon' has been set to element 'Object Repository/Login Page/android.widget.EditText - Username'

2023-09-27 13:27:35 - [TEST_STEP][PASSED] - setText(findTestObject("Login Page/android.widget.EditText - Password"), LoginCreds.get("password"), 30): Text 'eKare123@' has been set to element 'Object Repository/Login Page/android.widget.EditText - Password'

2023-09-27 13:27:37 - [MESSAGE][PASSED] - Text 'eKare123@' has been set to element 'Object Repository/Login Page/android.widget.EditText - Password'

2023-09-27 13:27:37 - [TEST_STEP][PASSED] - tap(findTestObject("Login Page/android.widget.TextView - SIGN IN (1)"), 30): Tapped on element 'Object Repository/Login Page/android.widget.TextView - SIGN IN (1)'

2023-09-27 13:27:38 - [MESSAGE][PASSED] - Tapped on element 'Object Repository/Login Page/android.widget.TextView - SIGN IN (1)'

2023-09-27 13:27:38 - [TEST_STEP][PASSED] - tap(findTestObject("Object Repository/IS/User Management/Login/android.widget.TextView - Katalon"), 30): Tapped on element 'Object Repository/IS/User Management/Login/android.widget.TextView - Katalon'

2023-09-27 13:27:39 - [MESSAGE][PASSED] - Tapped on element 'Object Repository/IS/User Management/Login/android.widget.TextView - Katalon'

2023-09-27 13:27:39 - [TEST_STEP][PASSED] - delay(2, STOP_ON_FAILURE): Delayed 2 second(s)

2023-09-27 13:27:41 - [MESSAGE][PASSED] - Delayed 2 second(s)

2023-09-27 13:27:41 - [TEST_STEP][PASSED] - verifyElementExist(findTestObject("Object Repository/IS/User Management/Login/android.widget.TextView - Patient Directory"), 30): Element 'Object Repository/IS/User Management/Login/android.widget.TextView - Patient Directory' is exist

2023-09-27 13:27:47 - [MESSAGE][PASSED] - Element 'Object Repository/IS/User Management/Login/android.widget.TextView - Patient Directory' is exist

2023-09-27 13:27:47 - [MESSAGE][PASSED] - Call Test Case 'Test Cases/IS/User Managemenet/Login' successfully

2023-09-27 13:27:47 - [TEST_STEP][PASSED] - tap(findTestObject("Patient Directory/android.widget.ImageView - Left Menu"), 30): Tapped on element 'Object Repository/Patient Directory/android.widget.ImageView - Left Menu'

2023-09-27 13:27:47 - [MESSAGE][PASSED] - Tapped on element 'Object Repository/Patient Directory/android.widget.ImageView - Left Menu'

2023-09-27 13:27:47 - [TEST_STEP][PASSED] - tap(findTestObject("Object Repository/IS/Menu and other services/Automatic adjustment of Date format/android.widget.TextView - Site"), 30): Tapped on element 'Object Repository/IS/Menu and other services/Automatic adjustment of Date format/android.widget.TextView - Site'

2023-09-27 13:27:49 - [MESSAGE][PASSED] - Tapped on element 'Object Repository/IS/Menu and other services/Automatic adjustment of Date format/android.widget.TextView - Site'

2023-09-27 13:27:49 - [TEST_STEP][PASSED] - tap(findTestObject("Object Repository/IS/Menu and other services/Automatic adjustment of Date format/android.widget.TextView - site user"), 30): Tapped on element 'Object Repository/IS/Menu and other services/Automatic adjustment of Date format/android.widget.TextView - site user'

2023-09-27 13:27:50 - [MESSAGE][PASSED] - Tapped on element 'Object Repository/IS/Menu and other services/Automatic adjustment of Date format/android.widget.TextView - site user'

2023-09-27 13:27:50 - [TEST_STEP][PASSED] - date1 = getText(findTestObject("Patient Directory/android.widget.TextView - Patient Last Modified Date"), 30): Text of element 'Object Repository/Patient Directory/android.widget.TextView - Patient Last Modified Date' is: '2023/07/27'

2023-09-27 13:27:56 - [MESSAGE][PASSED] - Text of element 'Object Repository/Patient Directory/android.widget.TextView - Patient Last Modified Date' is: '2023/07/27'

2023-09-27 13:27:56 - [TEST_STEP][PASSED] - verifyMatch(date1, "[0-9]{4}/[0-9]{2}/[0-9]{2}", true, STOP_ON_FAILURE): Actual text '2023/07/27' and expected text '[0-9]{4}/[0-9]{2}/[0-9]{2}' are matched  using regular expression

2023-09-27 13:27:56 - [MESSAGE][PASSED] - Actual text '2023/07/27' and expected text '[0-9]{4}/[0-9]{2}/[0-9]{2}' are matched  using regular expression

2023-09-27 13:27:56 - [TEST_STEP][PASSED] - tap(findTestObject("Object Repository/IS/Menu and other services/Automatic adjustment of Date format/android.widget.ImageView - Menu"), 30): Tapped on element 'Object Repository/IS/Menu and other services/Automatic adjustment of Date format/android.widget.ImageView - Menu'

2023-09-27 13:27:57 - [MESSAGE][PASSED] - Tapped on element 'Object Repository/IS/Menu and other services/Automatic adjustment of Date format/android.widget.ImageView - Menu'

2023-09-27 13:27:57 - [TEST_STEP][PASSED] - tap(findTestObject("IS/Menu and other services/Automatic adjustment of Date format/android.widget.TextView - Site"), 30): Tapped on element 'Object Repository/IS/Menu and other services/Automatic adjustment of Date format/android.widget.TextView - Site'

2023-09-27 13:27:59 - [MESSAGE][PASSED] - Tapped on element 'Object Repository/IS/Menu and other services/Automatic adjustment of Date format/android.widget.TextView - Site'

2023-09-27 13:27:59 - [TEST_STEP][PASSED] - tap(findTestObject("Object Repository/IS/Menu and other services/Automatic adjustment of Date format/android.widget.TextView - Katalon"), 30): Tapped on element 'Object Repository/IS/Menu and other services/Automatic adjustment of Date format/android.widget.TextView - Katalon'

2023-09-27 13:28:00 - [MESSAGE][PASSED] - Tapped on element 'Object Repository/IS/Menu and other services/Automatic adjustment of Date format/android.widget.TextView - Katalon']]></system-out>
         <system-err><![CDATA[]]></system-err>
      </testcase>
      <testcase name="Test Cases/IS/Menu and other services/Phone general tuto" time="15.237" classname="Test Cases/IS/Menu and other services/Phone general tuto" status="PASSED">
         <system-out><![CDATA[2023-09-27 13:28:00 - [TEST_CASE][PASSED] - Test Cases/IS/Menu and other services/Phone general tuto: Test Cases/IS/Menu and other services/Phone general tuto

2023-09-27 13:28:02 - [TEST_STEP][PASSED] - tap(findTestObject("Object Repository/IS/Menu and other services/Phone General Tuto/android.widget.ImageView - Menu"), 30): Tapped on element 'Object Repository/IS/Menu and other services/Phone General Tuto/android.widget.ImageView - Menu'

2023-09-27 13:28:07 - [MESSAGE][PASSED] - Tapped on element 'Object Repository/IS/Menu and other services/Phone General Tuto/android.widget.ImageView - Menu'

2023-09-27 13:28:07 - [TEST_STEP][PASSED] - tap(findTestObject("Object Repository/IS/Menu and other services/Phone General Tuto/android.widget.TextView - Help"), 30): Tapped on element 'Object Repository/IS/Menu and other services/Phone General Tuto/android.widget.TextView - Help'

2023-09-27 13:28:10 - [MESSAGE][PASSED] - Tapped on element 'Object Repository/IS/Menu and other services/Phone General Tuto/android.widget.TextView - Help'

2023-09-27 13:28:10 - [TEST_STEP][PASSED] - tap(findTestObject("Object Repository/IS/Menu and other services/Phone General Tuto/android.widget.TextView - App Intro"), 30): Tapped on element 'Object Repository/IS/Menu and other services/Phone General Tuto/android.widget.TextView - App Intro'

2023-09-27 13:28:11 - [MESSAGE][PASSED] - Tapped on element 'Object Repository/IS/Menu and other services/Phone General Tuto/android.widget.TextView - App Intro'

2023-09-27 13:28:11 - [TEST_STEP][PASSED] - verifyElementExist(findTestObject("Object Repository/IS/Menu and other services/Phone General Tuto/android.view.ViewGroup - Tuto"), 30): Element 'Object Repository/IS/Menu and other services/Phone General Tuto/android.view.ViewGroup - Tuto' is exist

2023-09-27 13:28:12 - [MESSAGE][PASSED] - Element 'Object Repository/IS/Menu and other services/Phone General Tuto/android.view.ViewGroup - Tuto' is exist

2023-09-27 13:28:12 - [TEST_STEP][PASSED] - verifyElementExist(findTestObject("Object Repository/IS/Menu and other services/Phone General Tuto/android.widget.TextView - Welcome to inSight"), 30): Element 'Object Repository/IS/Menu and other services/Phone General Tuto/android.widget.TextView - Welcome to inSight' is exist

2023-09-27 13:28:13 - [MESSAGE][PASSED] - Element 'Object Repository/IS/Menu and other services/Phone General Tuto/android.widget.TextView - Welcome to inSight' is exist

2023-09-27 13:28:13 - [TEST_STEP][PASSED] - verifyElementExist(findTestObject("Object Repository/IS/Menu and other services/Phone General Tuto/android.widget.TextView - Skip"), 30): Element 'Object Repository/IS/Menu and other services/Phone General Tuto/android.widget.TextView - Skip' is exist

2023-09-27 13:28:13 - [MESSAGE][PASSED] - Element 'Object Repository/IS/Menu and other services/Phone General Tuto/android.widget.TextView - Skip' is exist

2023-09-27 13:28:13 - [TEST_STEP][PASSED] - verifyElementExist(findTestObject("Object Repository/IS/Menu and other services/Phone General Tuto/android.widget.TextView - next"), 30): Element 'Object Repository/IS/Menu and other services/Phone General Tuto/android.widget.TextView - next' is exist

2023-09-27 13:28:13 - [MESSAGE][PASSED] - Element 'Object Repository/IS/Menu and other services/Phone General Tuto/android.widget.TextView - next' is exist

2023-09-27 13:28:13 - [TEST_STEP][PASSED] - tap(findTestObject("IS/Menu and other services/Phone General Tuto/android.widget.TextView - next"), 30): Tapped on element 'Object Repository/IS/Menu and other services/Phone General Tuto/android.widget.TextView - next'

2023-09-27 13:28:14 - [MESSAGE][PASSED] - Tapped on element 'Object Repository/IS/Menu and other services/Phone General Tuto/android.widget.TextView - next'

2023-09-27 13:28:14 - [TEST_STEP][PASSED] - verifyElementText(findTestObject("Object Repository/IS/Menu and other services/Phone General Tuto/android.widget.TextView - Add a wound"), "Add a wound"): Actual text and expected text of test object 'Object Repository/IS/Menu and other services/Phone General Tuto/android.widget.TextView - Add a wound' are matched.

2023-09-27 13:28:15 - [MESSAGE][PASSED] - Actual text and expected text of test object 'Object Repository/IS/Menu and other services/Phone General Tuto/android.widget.TextView - Add a wound' are matched.

2023-09-27 13:28:15 - [TEST_STEP][PASSED] - tap(findTestObject("IS/Menu and other services/Phone General Tuto/android.widget.TextView - Skip"), 30): Tapped on element 'Object Repository/IS/Menu and other services/Phone General Tuto/android.widget.TextView - Skip'

2023-09-27 13:28:15 - [MESSAGE][PASSED] - Tapped on element 'Object Repository/IS/Menu and other services/Phone General Tuto/android.widget.TextView - Skip']]></system-out>
         <system-err><![CDATA[]]></system-err>
      </testcase>
      <testcase name="Test Cases/IS/Menu and other services/Language" time="26.194" classname="Test Cases/IS/Menu and other services/Language" status="PASSED">
         <system-out><![CDATA[2023-09-27 13:28:15 - [TEST_CASE][PASSED] - Test Cases/IS/Menu and other services/Language: Test Cases/IS/Menu and other services/Language

2023-09-27 13:28:17 - [TEST_STEP][PASSED] - tap(findTestObject("Object Repository/IS/Menu and other services/Language/android.widget.ImageView - Menu"), 30): Tapped on element 'Object Repository/IS/Menu and other services/Language/android.widget.ImageView - Menu'

2023-09-27 13:28:17 - [MESSAGE][PASSED] - Tapped on element 'Object Repository/IS/Menu and other services/Language/android.widget.ImageView - Menu'

2023-09-27 13:28:17 - [TEST_STEP][PASSED] - tap(findTestObject("Object Repository/IS/Menu and other services/Language/android.widget.TextView - Settings"), 30): Tapped on element 'Object Repository/IS/Menu and other services/Language/android.widget.TextView - Settings'

2023-09-27 13:28:20 - [MESSAGE][PASSED] - Tapped on element 'Object Repository/IS/Menu and other services/Language/android.widget.TextView - Settings'

2023-09-27 13:28:20 - [TEST_STEP][PASSED] - tap(findTestObject("Object Repository/IS/Menu and other services/Language/android.widget.TextView - English"), 30): Tapped on element 'Object Repository/IS/Menu and other services/Language/android.widget.TextView - English'

2023-09-27 13:28:21 - [MESSAGE][PASSED] - Tapped on element 'Object Repository/IS/Menu and other services/Language/android.widget.TextView - English'

2023-09-27 13:28:21 - [TEST_STEP][PASSED] - tap(findTestObject("Object Repository/IS/Menu and other services/Language/android.widget.TextView - Deutsch"), 30): Tapped on element 'Object Repository/IS/Menu and other services/Language/android.widget.TextView - Deutsch'

2023-09-27 13:28:22 - [MESSAGE][PASSED] - Tapped on element 'Object Repository/IS/Menu and other services/Language/android.widget.TextView - Deutsch'

2023-09-27 13:28:22 - [TEST_STEP][PASSED] - tap(findTestObject("Object Repository/IS/Menu and other services/Language/android.view.ViewGroup"), 30): Tapped on element 'Object Repository/IS/Menu and other services/Language/android.view.ViewGroup'

2023-09-27 13:28:30 - [MESSAGE][PASSED] - Tapped on element 'Object Repository/IS/Menu and other services/Language/android.view.ViewGroup'

2023-09-27 13:28:30 - [TEST_STEP][PASSED] - verifyElementText(findTestObject("Object Repository/IS/Menu and other services/Language/android.widget.TextView - Geschlecht"), "Geschlecht"): Actual text and expected text of test object 'Object Repository/IS/Menu and other services/Language/android.widget.TextView - Geschlecht' are matched.

2023-09-27 13:28:32 - [MESSAGE][PASSED] - Actual text and expected text of test object 'Object Repository/IS/Menu and other services/Language/android.widget.TextView - Geschlecht' are matched.

2023-09-27 13:28:32 - [TEST_STEP][PASSED] - verifyElementText(findTestObject("Object Repository/IS/Menu and other services/Language/android.widget.TextView - Geburtstag"), "Geburtstag"): Actual text and expected text of test object 'Object Repository/IS/Menu and other services/Language/android.widget.TextView - Geburtstag' are matched.

2023-09-27 13:28:32 - [MESSAGE][PASSED] - Actual text and expected text of test object 'Object Repository/IS/Menu and other services/Language/android.widget.TextView - Geburtstag' are matched.

2023-09-27 13:28:32 - [TEST_STEP][PASSED] - verifyElementText(findTestObject("Object Repository/IS/Menu and other services/Language/android.widget.TextView - Alter"), "Alter"): Actual text and expected text of test object 'Object Repository/IS/Menu and other services/Language/android.widget.TextView - Alter' are matched.

2023-09-27 13:28:33 - [MESSAGE][PASSED] - Actual text and expected text of test object 'Object Repository/IS/Menu and other services/Language/android.widget.TextView - Alter' are matched.

2023-09-27 13:28:33 - [TEST_STEP][PASSED] - verifyElementText(findTestObject("Object Repository/IS/Menu and other services/Language/android.widget.TextView - Zustimmung"), "Zustimmung"): Actual text and expected text of test object 'Object Repository/IS/Menu and other services/Language/android.widget.TextView - Zustimmung' are matched.

2023-09-27 13:28:33 - [MESSAGE][PASSED] - Actual text and expected text of test object 'Object Repository/IS/Menu and other services/Language/android.widget.TextView - Zustimmung' are matched.

2023-09-27 13:28:33 - [TEST_STEP][PASSED] - tap(findTestObject("Object Repository/IS/Menu and other services/Language/android.widget.ImageView - Back"), 30): Tapped on element 'Object Repository/IS/Menu and other services/Language/android.widget.ImageView - Back'

2023-09-27 13:28:34 - [MESSAGE][PASSED] - Tapped on element 'Object Repository/IS/Menu and other services/Language/android.widget.ImageView - Back'

2023-09-27 13:28:34 - [TEST_STEP][PASSED] - tap(findTestObject("Object Repository/IS/Menu and other services/Language/android.widget.ImageView - Menu (1)"), 30): Tapped on element 'Object Repository/IS/Menu and other services/Language/android.widget.ImageView - Menu (1)'

2023-09-27 13:28:35 - [MESSAGE][PASSED] - Tapped on element 'Object Repository/IS/Menu and other services/Language/android.widget.ImageView - Menu (1)'

2023-09-27 13:28:35 - [TEST_STEP][PASSED] - verifyElementText(findTestObject("Object Repository/IS/Menu and other services/Language/android.widget.TextView - Seite"), "Seite"): Actual text and expected text of test object 'Object Repository/IS/Menu and other services/Language/android.widget.TextView - Seite' are matched.

2023-09-27 13:28:36 - [MESSAGE][PASSED] - Actual text and expected text of test object 'Object Repository/IS/Menu and other services/Language/android.widget.TextView - Seite' are matched.

2023-09-27 13:28:36 - [TEST_STEP][PASSED] - verifyElementText(findTestObject("Object Repository/IS/Menu and other services/Language/android.widget.TextView - Offene Telegesundheit"), "Offene Telegesundheit"): Actual text and expected text of test object 'Object Repository/IS/Menu and other services/Language/android.widget.TextView - Offene Telegesundheit' are matched.

2023-09-27 13:28:37 - [MESSAGE][PASSED] - Actual text and expected text of test object 'Object Repository/IS/Menu and other services/Language/android.widget.TextView - Offene Telegesundheit' are matched.

2023-09-27 13:28:37 - [TEST_STEP][PASSED] - verifyElementText(findTestObject("Object Repository/IS/Menu and other services/Language/android.widget.TextView - Hilfe"), "Hilfe"): Actual text and expected text of test object 'Object Repository/IS/Menu and other services/Language/android.widget.TextView - Hilfe' are matched.

2023-09-27 13:28:37 - [MESSAGE][PASSED] - Actual text and expected text of test object 'Object Repository/IS/Menu and other services/Language/android.widget.TextView - Hilfe' are matched.

2023-09-27 13:28:37 - [TEST_STEP][PASSED] - verifyElementText(findTestObject("Object Repository/IS/Menu and other services/Language/android.widget.TextView - ber uns"), "Über uns"): Actual text and expected text of test object 'Object Repository/IS/Menu and other services/Language/android.widget.TextView - ber uns' are matched.

2023-09-27 13:28:38 - [MESSAGE][PASSED] - Actual text and expected text of test object 'Object Repository/IS/Menu and other services/Language/android.widget.TextView - ber uns' are matched.

2023-09-27 13:28:38 - [TEST_STEP][PASSED] - verifyElementText(findTestObject("Object Repository/IS/Menu and other services/Language/android.widget.TextView - Einstellungen"), "Einstellungen"): Actual text and expected text of test object 'Object Repository/IS/Menu and other services/Language/android.widget.TextView - Einstellungen' are matched.

2023-09-27 13:28:38 - [MESSAGE][PASSED] - Actual text and expected text of test object 'Object Repository/IS/Menu and other services/Language/android.widget.TextView - Einstellungen' are matched.

2023-09-27 13:28:38 - [TEST_STEP][PASSED] - verifyElementText(findTestObject("Object Repository/IS/Menu and other services/Language/android.widget.TextView - Ausloggen"), "Ausloggen"): Actual text and expected text of test object 'Object Repository/IS/Menu and other services/Language/android.widget.TextView - Ausloggen' are matched.

2023-09-27 13:28:38 - [MESSAGE][PASSED] - Actual text and expected text of test object 'Object Repository/IS/Menu and other services/Language/android.widget.TextView - Ausloggen' are matched.

2023-09-27 13:28:38 - [TEST_STEP][PASSED] - tap(findTestObject("IS/Menu and other services/Language/android.widget.TextView - Einstellungen"), 30): Tapped on element 'Object Repository/IS/Menu and other services/Language/android.widget.TextView - Einstellungen'

2023-09-27 13:28:39 - [MESSAGE][PASSED] - Tapped on element 'Object Repository/IS/Menu and other services/Language/android.widget.TextView - Einstellungen'

2023-09-27 13:28:39 - [TEST_STEP][PASSED] - tap(findTestObject("Object Repository/IS/Menu and other services/Language/android.widget.TextView - Deutsch (1)"), 30): Tapped on element 'Object Repository/IS/Menu and other services/Language/android.widget.TextView - Deutsch (1)'

2023-09-27 13:28:41 - [MESSAGE][PASSED] - Tapped on element 'Object Repository/IS/Menu and other services/Language/android.widget.TextView - Deutsch (1)'

2023-09-27 13:28:41 - [TEST_STEP][PASSED] - tap(findTestObject("Object Repository/IS/Menu and other services/Language/android.widget.TextView - English (1)"), 30): Tapped on element 'Object Repository/IS/Menu and other services/Language/android.widget.TextView - English (1)'

2023-09-27 13:28:42 - [MESSAGE][PASSED] - Tapped on element 'Object Repository/IS/Menu and other services/Language/android.widget.TextView - English (1)']]></system-out>
         <system-err><![CDATA[]]></system-err>
      </testcase>
      <testcase name="Test Cases/IS/Menu and other services/Help" time="24.397" classname="Test Cases/IS/Menu and other services/Help" status="PASSED">
         <system-out><![CDATA[2023-09-27 13:28:42 - [TEST_CASE][PASSED] - Test Cases/IS/Menu and other services/Help: Test Cases/IS/Menu and other services/Help

2023-09-27 13:28:43 - [TEST_STEP][PASSED] - tap(findTestObject("Object Repository/IS/Menu and other services/Help/android.widget.ImageView - Menu"), 30): Tapped on element 'Object Repository/IS/Menu and other services/Help/android.widget.ImageView - Menu'

2023-09-27 13:28:49 - [MESSAGE][PASSED] - Tapped on element 'Object Repository/IS/Menu and other services/Help/android.widget.ImageView - Menu'

2023-09-27 13:28:49 - [TEST_STEP][PASSED] - tap(findTestObject("Object Repository/IS/Menu and other services/Help/android.widget.TextView - Help"), 30): Tapped on element 'Object Repository/IS/Menu and other services/Help/android.widget.TextView - Help'

2023-09-27 13:28:50 - [MESSAGE][PASSED] - Tapped on element 'Object Repository/IS/Menu and other services/Help/android.widget.TextView - Help'

2023-09-27 13:28:50 - [TEST_STEP][PASSED] - tap(findTestObject("Object Repository/IS/Menu and other services/Help/android.widget.TextView - Help Center"), 30): Tapped on element 'Object Repository/IS/Menu and other services/Help/android.widget.TextView - Help Center'

2023-09-27 13:28:51 - [MESSAGE][PASSED] - Tapped on element 'Object Repository/IS/Menu and other services/Help/android.widget.TextView - Help Center'

2023-09-27 13:28:51 - [TEST_STEP][PASSED] - verifyElementText(findTestObject("Object Repository/IS/Menu and other services/Help/android.widget.TextView - Support"), "Support"): Actual text and expected text of test object 'Object Repository/IS/Menu and other services/Help/android.widget.TextView - Support' are matched.

2023-09-27 13:28:52 - [MESSAGE][PASSED] - Actual text and expected text of test object 'Object Repository/IS/Menu and other services/Help/android.widget.TextView - Support' are matched.

2023-09-27 13:28:52 - [TEST_STEP][PASSED] - verifyElementText(findTestObject("IS/Menu and other services/Help/android.widget.TextView - Critical Notifications (2)"), "Critical Notifications"): Actual text and expected text of test object 'Object Repository/IS/Menu and other services/Help/android.widget.TextView - Critical Notifications (2)' are matched.

2023-09-27 13:28:53 - [MESSAGE][PASSED] - Actual text and expected text of test object 'Object Repository/IS/Menu and other services/Help/android.widget.TextView - Critical Notifications (2)' are matched.

2023-09-27 13:28:53 - [TEST_STEP][PASSED] - pressBack(): Press back button successfully

2023-09-27 13:28:55 - [MESSAGE][PASSED] - Press back button successfully

2023-09-27 13:28:55 - [TEST_STEP][PASSED] - tap(findTestObject("IS/Menu and other services/Help/android.widget.TextView - Help"), 30): Tapped on element 'Object Repository/IS/Menu and other services/Help/android.widget.TextView - Help'

2023-09-27 13:28:56 - [MESSAGE][PASSED] - Tapped on element 'Object Repository/IS/Menu and other services/Help/android.widget.TextView - Help'

2023-09-27 13:28:56 - [TEST_STEP][PASSED] - tap(findTestObject("Object Repository/IS/Menu and other services/Help/android.widget.TextView - Send device info"), 30): Tapped on element 'Object Repository/IS/Menu and other services/Help/android.widget.TextView - Send device info'

2023-09-27 13:28:57 - [MESSAGE][PASSED] - Tapped on element 'Object Repository/IS/Menu and other services/Help/android.widget.TextView - Send device info'

2023-09-27 13:28:57 - [TEST_STEP][PASSED] - verifyElementText(findTestObject("Object Repository/IS/Menu and other services/Help/android.widget.TextView - Device hardware and software information will be sent to eKare for troubleshooting"), "Device hardware and software information will be sent to eKare for troubleshooting"): Actual text and expected text of test object 'Object Repository/IS/Menu and other services/Help/android.widget.TextView - Device hardware and software information will be sent to eKare for troubleshooting' are matched.

2023-09-27 13:28:57 - [MESSAGE][PASSED] - Actual text and expected text of test object 'Object Repository/IS/Menu and other services/Help/android.widget.TextView - Device hardware and software information will be sent to eKare for troubleshooting' are matched.

2023-09-27 13:28:57 - [TEST_STEP][PASSED] - verifyElementExist(findTestObject("Object Repository/IS/Menu and other services/Help/android.widget.Button - CANCEL"), 30): Element 'Object Repository/IS/Menu and other services/Help/android.widget.Button - CANCEL' is exist

2023-09-27 13:28:58 - [MESSAGE][PASSED] - Element 'Object Repository/IS/Menu and other services/Help/android.widget.Button - CANCEL' is exist

2023-09-27 13:28:58 - [TEST_STEP][PASSED] - verifyElementExist(findTestObject("Object Repository/IS/Menu and other services/Help/android.widget.Button - PROCEED"), 30): Element 'Object Repository/IS/Menu and other services/Help/android.widget.Button - PROCEED' is exist

2023-09-27 13:28:58 - [MESSAGE][PASSED] - Element 'Object Repository/IS/Menu and other services/Help/android.widget.Button - PROCEED' is exist

2023-09-27 13:28:58 - [TEST_STEP][PASSED] - tap(findTestObject("IS/Menu and other services/Help/android.widget.Button - PROCEED"), 30): Tapped on element 'Object Repository/IS/Menu and other services/Help/android.widget.Button - PROCEED'

2023-09-27 13:28:59 - [MESSAGE][PASSED] - Tapped on element 'Object Repository/IS/Menu and other services/Help/android.widget.Button - PROCEED'

2023-09-27 13:28:59 - [TEST_STEP][PASSED] - verifyElementText(findTestObject("Object Repository/IS/Menu and other services/Help/android.widget.TextView - Information sent successfully"), "Information sent successfully"): Actual text and expected text of test object 'Object Repository/IS/Menu and other services/Help/android.widget.TextView - Information sent successfully' are matched.

2023-09-27 13:29:02 - [MESSAGE][PASSED] - Actual text and expected text of test object 'Object Repository/IS/Menu and other services/Help/android.widget.TextView - Information sent successfully' are matched.

2023-09-27 13:29:02 - [TEST_STEP][PASSED] - tap(findTestObject("Object Repository/IS/Menu and other services/Help/android.widget.Button - OK"), 30): Tapped on element 'Object Repository/IS/Menu and other services/Help/android.widget.Button - OK'

2023-09-27 13:29:02 - [MESSAGE][PASSED] - Tapped on element 'Object Repository/IS/Menu and other services/Help/android.widget.Button - OK'

2023-09-27 13:29:02 - [TEST_STEP][PASSED] - tap(findTestObject("IS/Menu and other services/Help/android.widget.ImageView - Menu"), 30): Tapped on element 'Object Repository/IS/Menu and other services/Help/android.widget.ImageView - Menu'

2023-09-27 13:29:03 - [MESSAGE][PASSED] - Tapped on element 'Object Repository/IS/Menu and other services/Help/android.widget.ImageView - Menu'

2023-09-27 13:29:03 - [TEST_STEP][PASSED] - tap(findTestObject("IS/Menu and other services/Help/android.widget.TextView - Help"), 30): Tapped on element 'Object Repository/IS/Menu and other services/Help/android.widget.TextView - Help'

2023-09-27 13:29:04 - [MESSAGE][PASSED] - Tapped on element 'Object Repository/IS/Menu and other services/Help/android.widget.TextView - Help'

2023-09-27 13:29:04 - [TEST_STEP][PASSED] - verifyElementExist(findTestObject("IS/Menu and other services/Help/android.widget.TextView - Send back up"), 30): Element 'Object Repository/IS/Menu and other services/Help/android.widget.TextView - Send back up' is exist

2023-09-27 13:29:05 - [MESSAGE][PASSED] - Element 'Object Repository/IS/Menu and other services/Help/android.widget.TextView - Send back up' is exist

2023-09-27 13:29:05 - [TEST_STEP][PASSED] - tap(findTestObject("Object Repository/IS/Menu and other services/Help/android.widget.TextView - Send back up"), 30): Tapped on element 'Object Repository/IS/Menu and other services/Help/android.widget.TextView - Send back up'

2023-09-27 13:29:06 - [MESSAGE][PASSED] - Tapped on element 'Object Repository/IS/Menu and other services/Help/android.widget.TextView - Send back up']]></system-out>
         <system-err><![CDATA[]]></system-err>
      </testcase>
      <system-out><![CDATA[2023-09-27 13:25:51 - [TEST_SUITE][PASSED] - Menu and other services: Test Cases/IS/Menu and other services/Help]]></system-out>
      <system-err><![CDATA[]]></system-err>
   </testsuite>
</testsuites>
