<?xml version="1.0" encoding="UTF-8"?>
<testsuites name="Wound Management" time="234.965" tests="9" failures="0" errors="0">
   <testsuite name="Wound Management" tests="9" failures="0" errors="0" time="234.965" skipped="0" timestamp="2023-09-27 13:53:54" hostname="Amarir - DESKTOP-EE3F8H4" id="Test Suites/Wound Management">
      <properties>
         <property name="deviceName" value="samsung SM-N975F (Android 12)"/>
         <property name="devicePlatform" value=""/>
         <property name="logFolder" value="C:\\Users\\Amarir\\git\\Android Automation\\Reports\\20230927_135339\\Wound Management\\20230927_135339"/>
         <property name="logFiles" value="C:\\Users\\Amarir\\git\\Android Automation\\Reports\\20230927_135339\\Wound Management\\20230927_135339\\appium.log, C:\\Users\\Amarir\\git\\Android Automation\\Reports\\20230927_135339\\Wound Management\\20230927_135339\\execution0.log"/>
         <property name="attachments" value=""/>
         <property name="hostName" value="Amarir - DESKTOP-EE3F8H4"/>
         <property name="os" value="Windows 10 64bit"/>
         <property name="appiumServerStatus" value="{&quot;value&quot;:{&quot;build&quot;:{&quot;version&quot;:&quot;1.22.0&quot;}},&quot;sessionId&quot;:null,&quot;status&quot;:0}"/>
         <property name="katalonVersion" value="8.6.5.208"/>
         <property name="deviceOS" value="Android"/>
         <property name="appiumVersion" value="1.22.0"/>
         <property name="deviceModel" value="SM-N975F"/>
         <property name="hostAddress" value="192.168.234.1"/>
         <property name="deviceManufacturer" value="samsung"/>
         <property name="deviceId" value="RF8N307NKZV"/>
         <property name="deviceName" value="samsung SM-N975F (Android 12)"/>
         <property name="deviceOSVersion" value="12"/>
      </properties>
      <testcase name="Test Cases/IS/User Managemenet/Login" time="45.476" classname="Test Cases/IS/User Managemenet/Login" status="PASSED">
         <system-out><![CDATA[2023-09-27 13:53:55 - [TEST_CASE][PASSED] - Test Cases/IS/User Managemenet/Login: Test Cases/IS/User Managemenet/Login

2023-09-27 13:53:57 - [TEST_STEP][PASSED] - startApplication(APK, false): Started app at: 'C:\Users\Amarir\Downloads\APK\IS\IS_Preprod_2.1.1_160.apk'

2023-09-27 13:53:59 - [MESSAGE][INFO] - Detected NodeJS location: "C:\Program Files\nodejs\node.exe"

2023-09-27 13:54:02 - [MESSAGE][INFO] - Appium server started on port 62,731

2023-09-27 13:54:26 - [MESSAGE][PASSED] - Started app at: 'C:\Users\Amarir\Downloads\APK\IS\IS_Preprod_2.1.1_160.apk'

2023-09-27 13:54:26 - [TEST_STEP][PASSED] - setText(findTestObject("Login Page/android.widget.EditText - Username"), LoginCreds.get("username"), 30): Text 'katalon' has been set to element 'Object Repository/Login Page/android.widget.EditText - Username'

2023-09-27 13:54:29 - [MESSAGE][PASSED] - Text 'katalon' has been set to element 'Object Repository/Login Page/android.widget.EditText - Username'

2023-09-27 13:54:29 - [TEST_STEP][PASSED] - setText(findTestObject("Login Page/android.widget.EditText - Password"), LoginCreds.get("password"), 30): Text 'eKare123@' has been set to element 'Object Repository/Login Page/android.widget.EditText - Password'

2023-09-27 13:54:30 - [MESSAGE][PASSED] - Text 'eKare123@' has been set to element 'Object Repository/Login Page/android.widget.EditText - Password'

2023-09-27 13:54:30 - [TEST_STEP][PASSED] - tap(findTestObject("Login Page/android.widget.TextView - SIGN IN (1)"), 30): Tapped on element 'Object Repository/Login Page/android.widget.TextView - SIGN IN (1)'

2023-09-27 13:54:31 - [MESSAGE][PASSED] - Tapped on element 'Object Repository/Login Page/android.widget.TextView - SIGN IN (1)'

2023-09-27 13:54:31 - [TEST_STEP][PASSED] - tap(findTestObject("Object Repository/IS/User Management/Login/android.widget.TextView - Katalon"), 30): Tapped on element 'Object Repository/IS/User Management/Login/android.widget.TextView - Katalon'

2023-09-27 13:54:33 - [MESSAGE][PASSED] - Tapped on element 'Object Repository/IS/User Management/Login/android.widget.TextView - Katalon'

2023-09-27 13:54:33 - [TEST_STEP][PASSED] - delay(2, STOP_ON_FAILURE): Delayed 2 second(s)

2023-09-27 13:54:35 - [MESSAGE][PASSED] - Delayed 2 second(s)

2023-09-27 13:54:35 - [TEST_STEP][PASSED] - verifyElementExist(findTestObject("Object Repository/IS/User Management/Login/android.widget.TextView - Patient Directory"), 30): Element 'Object Repository/IS/User Management/Login/android.widget.TextView - Patient Directory' is exist

2023-09-27 13:54:41 - [MESSAGE][PASSED] - Element 'Object Repository/IS/User Management/Login/android.widget.TextView - Patient Directory' is exist]]></system-out>
         <system-err><![CDATA[]]></system-err>
      </testcase>
      <testcase name="Test Cases/IS/Wound Management/Add Wound" time="19.23" classname="Test Cases/IS/Wound Management/Add Wound" status="PASSED">
         <system-out><![CDATA[2023-09-27 13:54:41 - [TEST_CASE][PASSED] - Test Cases/IS/Wound Management/Add Wound: Test Cases/IS/Wound Management/Add Wound

2023-09-27 13:54:42 - [TEST_STEP][PASSED] - setText(findTestObject("Object Repository/IS/Wound Management/Add Wound/android.widget.EditText - Search by Name, MRN"), "78ui", 30): Text '78ui' has been set to element 'Object Repository/IS/Wound Management/Add Wound/android.widget.EditText - Search by Name, MRN'

2023-09-27 13:54:43 - [MESSAGE][PASSED] - Text '78ui' has been set to element 'Object Repository/IS/Wound Management/Add Wound/android.widget.EditText - Search by Name, MRN'

2023-09-27 13:54:43 - [TEST_STEP][PASSED] - tap(findTestObject("Object Repository/IS/Wound Management/Add Wound/android.widget.TextView - Current site"), 30): Tapped on element 'Object Repository/IS/Wound Management/Add Wound/android.widget.TextView - Current site'

2023-09-27 13:54:44 - [MESSAGE][PASSED] - Tapped on element 'Object Repository/IS/Wound Management/Add Wound/android.widget.TextView - Current site'

2023-09-27 13:54:44 - [TEST_STEP][PASSED] - tap(findTestObject("Object Repository/IS/Wound Management/Add Wound/android.widget.TextView - Current site (1)"), 30): Tapped on element 'Object Repository/IS/Wound Management/Add Wound/android.widget.TextView - Current site (1)'

2023-09-27 13:54:45 - [MESSAGE][PASSED] - Tapped on element 'Object Repository/IS/Wound Management/Add Wound/android.widget.TextView - Current site (1)'

2023-09-27 13:54:45 - [TEST_STEP][PASSED] - delay(5, STOP_ON_FAILURE): Delayed 5 second(s)

2023-09-27 13:54:50 - [MESSAGE][PASSED] - Delayed 5 second(s)

2023-09-27 13:54:50 - [TEST_STEP][PASSED] - tap(findTestObject("Object Repository/IS/Wound Management/Add Wound/android.view.ViewGroup"), 30): Tapped on element 'Object Repository/IS/Wound Management/Add Wound/android.view.ViewGroup'

2023-09-27 13:54:50 - [MESSAGE][PASSED] - Tapped on element 'Object Repository/IS/Wound Management/Add Wound/android.view.ViewGroup'

2023-09-27 13:54:50 - [TEST_STEP][PASSED] - tap(findTestObject("Object Repository/IS/Wound Management/Add Wound/android.widget.ImageView - add wound"), 30): Tapped on element 'Object Repository/IS/Wound Management/Add Wound/android.widget.ImageView - add wound'

2023-09-27 13:54:52 - [MESSAGE][PASSED] - Tapped on element 'Object Repository/IS/Wound Management/Add Wound/android.widget.ImageView - add wound'

2023-09-27 13:54:52 - [TEST_STEP][PASSED] - tap(findTestObject("Object Repository/IS/Wound Management/Add Wound/android.widget.TextView - Next"), 30): Tapped on element 'Object Repository/IS/Wound Management/Add Wound/android.widget.TextView - Next'

2023-09-27 13:54:53 - [MESSAGE][PASSED] - Tapped on element 'Object Repository/IS/Wound Management/Add Wound/android.widget.TextView - Next'

2023-09-27 13:54:53 - [TEST_STEP][PASSED] - tap(findTestObject("Object Repository/IS/Wound Management/Add Wound/android.widget.TextView - Save"), 30): Tapped on element 'Object Repository/IS/Wound Management/Add Wound/android.widget.TextView - Save'

2023-09-27 13:54:54 - [MESSAGE][PASSED] - Tapped on element 'Object Repository/IS/Wound Management/Add Wound/android.widget.TextView - Save'

2023-09-27 13:54:54 - [TEST_STEP][PASSED] - verifyElementExist(findTestObject("Object Repository/IS/Wound Management/Add Wound/android.view.ViewGroup (2)"), 30): Element 'Object Repository/IS/Wound Management/Add Wound/android.view.ViewGroup (2)' is exist

2023-09-27 13:54:57 - [MESSAGE][PASSED] - Element 'Object Repository/IS/Wound Management/Add Wound/android.view.ViewGroup (2)' is exist

2023-09-27 13:54:57 - [TEST_STEP][PASSED] - pressBack(): Press back button successfully

2023-09-27 13:54:59 - [MESSAGE][PASSED] - Press back button successfully

2023-09-27 13:54:59 - [TEST_STEP][PASSED] - tap(findTestObject("Object Repository/IS/Wound Management/Lock Wound/android.widget.ImageView - x"), 30): Tapped on element 'Object Repository/IS/Wound Management/Lock Wound/android.widget.ImageView - x'

2023-09-27 13:55:00 - [MESSAGE][PASSED] - Tapped on element 'Object Repository/IS/Wound Management/Lock Wound/android.widget.ImageView - x']]></system-out>
         <system-err><![CDATA[]]></system-err>
      </testcase>
      <testcase name="Test Cases/IS/Wound Management/Edit Wound" time="31.304" classname="Test Cases/IS/Wound Management/Edit Wound" status="PASSED">
         <system-out><![CDATA[2023-09-27 13:55:00 - [TEST_CASE][PASSED] - Test Cases/IS/Wound Management/Edit Wound: Test Cases/IS/Wound Management/Edit Wound

2023-09-27 13:55:01 - [TEST_STEP][PASSED] - setText(findTestObject("Object Repository/IS/Wound Management/Edit Wound/android.widget.EditText - Search by Name, MRN"), "86ui", 30): Text '86ui' has been set to element 'Object Repository/IS/Wound Management/Edit Wound/android.widget.EditText - Search by Name, MRN'

2023-09-27 13:55:02 - [MESSAGE][PASSED] - Text '86ui' has been set to element 'Object Repository/IS/Wound Management/Edit Wound/android.widget.EditText - Search by Name, MRN'

2023-09-27 13:55:02 - [TEST_STEP][PASSED] - tap(findTestObject("Object Repository/IS/Wound Management/Edit Wound/android.widget.TextView - Current site"), 30): Tapped on element 'Object Repository/IS/Wound Management/Edit Wound/android.widget.TextView - Current site'

2023-09-27 13:55:03 - [MESSAGE][PASSED] - Tapped on element 'Object Repository/IS/Wound Management/Edit Wound/android.widget.TextView - Current site'

2023-09-27 13:55:03 - [TEST_STEP][PASSED] - tap(findTestObject("Object Repository/IS/Wound Management/Edit Wound/android.widget.TextView - Current site (1)"), 30): Tapped on element 'Object Repository/IS/Wound Management/Edit Wound/android.widget.TextView - Current site (1)'

2023-09-27 13:55:05 - [MESSAGE][PASSED] - Tapped on element 'Object Repository/IS/Wound Management/Edit Wound/android.widget.TextView - Current site (1)'

2023-09-27 13:55:05 - [TEST_STEP][PASSED] - delay(5, STOP_ON_FAILURE): Delayed 5 second(s)

2023-09-27 13:55:10 - [MESSAGE][PASSED] - Delayed 5 second(s)

2023-09-27 13:55:10 - [TEST_STEP][PASSED] - tap(findTestObject("Object Repository/IS/Wound Management/Edit Wound/android.view.ViewGroup"), 30): Tapped on element 'Object Repository/IS/Wound Management/Edit Wound/android.view.ViewGroup'

2023-09-27 13:55:10 - [MESSAGE][PASSED] - Tapped on element 'Object Repository/IS/Wound Management/Edit Wound/android.view.ViewGroup'

2023-09-27 13:55:10 - [TEST_STEP][PASSED] - verifyElementExist(findTestObject("Object Repository/IS/Wound Management/Edit Wound/android.view.ViewGroup - wound"), 30): Element 'Object Repository/IS/Wound Management/Edit Wound/android.view.ViewGroup - wound' is exist

2023-09-27 13:55:12 - [MESSAGE][PASSED] - Element 'Object Repository/IS/Wound Management/Edit Wound/android.view.ViewGroup - wound' is exist

2023-09-27 13:55:12 - [TEST_STEP][PASSED] - tap(findTestObject("Object Repository/IS/Wound Management/Edit Wound/android.view.ViewGroup - wound"), 30): Tapped on element 'Object Repository/IS/Wound Management/Edit Wound/android.view.ViewGroup - wound'

2023-09-27 13:55:12 - [MESSAGE][PASSED] - Tapped on element 'Object Repository/IS/Wound Management/Edit Wound/android.view.ViewGroup - wound'

2023-09-27 13:55:12 - [TEST_STEP][PASSED] - tap(findTestObject("IS/Wound Management/Edit Wound/android.widget.ImageView - MENU (1)"), 30): Tapped on element 'Object Repository/IS/Wound Management/Edit Wound/android.widget.ImageView - MENU (1)'

2023-09-27 13:55:15 - [MESSAGE][PASSED] - Tapped on element 'Object Repository/IS/Wound Management/Edit Wound/android.widget.ImageView - MENU (1)'

2023-09-27 13:55:15 - [TEST_STEP][PASSED] - tap(findTestObject("Object Repository/IS/Wound Management/Edit Wound/android.widget.TextView - Edit wound"), 30): Tapped on element 'Object Repository/IS/Wound Management/Edit Wound/android.widget.TextView - Edit wound'

2023-09-27 13:55:16 - [MESSAGE][PASSED] - Tapped on element 'Object Repository/IS/Wound Management/Edit Wound/android.widget.TextView - Edit wound'

2023-09-27 13:55:16 - [TEST_STEP][PASSED] - tap(findTestObject("Object Repository/IS/Wound Management/Edit Wound/android.view.ViewGroup - secondary wound type"), 30): Tapped on element 'Object Repository/IS/Wound Management/Edit Wound/android.view.ViewGroup - secondary wound type'

2023-09-27 13:55:18 - [MESSAGE][PASSED] - Tapped on element 'Object Repository/IS/Wound Management/Edit Wound/android.view.ViewGroup - secondary wound type'

2023-09-27 13:55:18 - [TEST_STEP][PASSED] - tap(findTestObject("Object Repository/IS/Wound Management/Edit Wound/android.widget.TextView - Stage III"), 30): Tapped on element 'Object Repository/IS/Wound Management/Edit Wound/android.widget.TextView - Stage III'

2023-09-27 13:55:19 - [MESSAGE][PASSED] - Tapped on element 'Object Repository/IS/Wound Management/Edit Wound/android.widget.TextView - Stage III'

2023-09-27 13:55:19 - [TEST_STEP][PASSED] - tap(findTestObject("Object Repository/IS/Wound Management/Edit Wound/android.view.ViewGroup - facility acquired wound"), 30): Tapped on element 'Object Repository/IS/Wound Management/Edit Wound/android.view.ViewGroup - facility acquired wound'

2023-09-27 13:55:20 - [MESSAGE][PASSED] - Tapped on element 'Object Repository/IS/Wound Management/Edit Wound/android.view.ViewGroup - facility acquired wound'

2023-09-27 13:55:20 - [TEST_STEP][PASSED] - tap(findTestObject("Object Repository/IS/Wound Management/Edit Wound/android.widget.TextView - Next"), 30): Tapped on element 'Object Repository/IS/Wound Management/Edit Wound/android.widget.TextView - Next'

2023-09-27 13:55:21 - [MESSAGE][PASSED] - Tapped on element 'Object Repository/IS/Wound Management/Edit Wound/android.widget.TextView - Next'

2023-09-27 13:55:21 - [TEST_STEP][PASSED] - tap(findTestObject("Object Repository/IS/Wound Management/Edit Wound/android.widget.TextView - Additional description (Optional)"), 30): Tapped on element 'Object Repository/IS/Wound Management/Edit Wound/android.widget.TextView - Additional description (Optional)'

2023-09-27 13:55:22 - [MESSAGE][PASSED] - Tapped on element 'Object Repository/IS/Wound Management/Edit Wound/android.widget.TextView - Additional description (Optional)'

2023-09-27 13:55:22 - [TEST_STEP][PASSED] - setText(findTestObject("Object Repository/IS/Wound Management/Edit Wound/android.widget.EditText - description"), "Test Description", 30): Text 'Test Description' has been set to element 'Object Repository/IS/Wound Management/Edit Wound/android.widget.EditText - description'

2023-09-27 13:55:23 - [MESSAGE][PASSED] - Text 'Test Description' has been set to element 'Object Repository/IS/Wound Management/Edit Wound/android.widget.EditText - description'

2023-09-27 13:55:23 - [TEST_STEP][PASSED] - tap(findTestObject("Object Repository/IS/Wound Management/Edit Wound/android.widget.TextView - OK"), 30): Tapped on element 'Object Repository/IS/Wound Management/Edit Wound/android.widget.TextView - OK'

2023-09-27 13:55:24 - [MESSAGE][PASSED] - Tapped on element 'Object Repository/IS/Wound Management/Edit Wound/android.widget.TextView - OK'

2023-09-27 13:55:24 - [TEST_STEP][PASSED] - tap(findTestObject("Object Repository/IS/Wound Management/Edit Wound/android.widget.TextView - Save"), 30): Tapped on element 'Object Repository/IS/Wound Management/Edit Wound/android.widget.TextView - Save'

2023-09-27 13:55:25 - [MESSAGE][PASSED] - Tapped on element 'Object Repository/IS/Wound Management/Edit Wound/android.widget.TextView - Save'

2023-09-27 13:55:25 - [TEST_STEP][PASSED] - verifyElementText(findTestObject("Object Repository/IS/Wound Management/Edit Wound/android.widget.TextView - Test Description"), "Test Description"): Actual text and expected text of test object 'Object Repository/IS/Wound Management/Edit Wound/android.widget.TextView - Test Description' are matched.

2023-09-27 13:55:29 - [MESSAGE][PASSED] - Actual text and expected text of test object 'Object Repository/IS/Wound Management/Edit Wound/android.widget.TextView - Test Description' are matched.

2023-09-27 13:55:29 - [TEST_STEP][PASSED] - pressBack(): Press back button successfully

2023-09-27 13:55:30 - [MESSAGE][PASSED] - Press back button successfully

2023-09-27 13:55:30 - [TEST_STEP][PASSED] - pressBack(): Press back button successfully

2023-09-27 13:55:30 - [MESSAGE][PASSED] - Press back button successfully

2023-09-27 13:55:30 - [TEST_STEP][PASSED] - tap(findTestObject("Object Repository/IS/Wound Management/Lock Wound/android.widget.ImageView - x"), 30): Tapped on element 'Object Repository/IS/Wound Management/Lock Wound/android.widget.ImageView - x'

2023-09-27 13:55:31 - [MESSAGE][PASSED] - Tapped on element 'Object Repository/IS/Wound Management/Lock Wound/android.widget.ImageView - x']]></system-out>
         <system-err><![CDATA[]]></system-err>
      </testcase>
      <testcase name="Test Cases/IS/Wound Management/Change wound Statues" time="19.284" classname="Test Cases/IS/Wound Management/Change wound Statues" status="PASSED">
         <system-out><![CDATA[2023-09-27 13:55:31 - [TEST_CASE][PASSED] - Test Cases/IS/Wound Management/Change wound Statues: Test Cases/IS/Wound Management/Change wound Statues

2023-09-27 13:55:32 - [TEST_STEP][PASSED] - setText(findTestObject("Object Repository/IS/Wound Management/Change wound statues/android.widget.EditText - Search by Name, MRN"), "87ui", 30): Text '87ui' has been set to element 'Object Repository/IS/Wound Management/Change wound statues/android.widget.EditText - Search by Name, MRN'

2023-09-27 13:55:33 - [MESSAGE][PASSED] - Text '87ui' has been set to element 'Object Repository/IS/Wound Management/Change wound statues/android.widget.EditText - Search by Name, MRN'

2023-09-27 13:55:33 - [TEST_STEP][PASSED] - tap(findTestObject("Object Repository/IS/Wound Management/Change wound statues/android.widget.TextView - Current site"), 30): Tapped on element 'Object Repository/IS/Wound Management/Change wound statues/android.widget.TextView - Current site'

2023-09-27 13:55:34 - [MESSAGE][PASSED] - Tapped on element 'Object Repository/IS/Wound Management/Change wound statues/android.widget.TextView - Current site'

2023-09-27 13:55:34 - [TEST_STEP][PASSED] - tap(findTestObject("Object Repository/IS/Wound Management/Change wound statues/android.widget.TextView - Current site (1)"), 30): Tapped on element 'Object Repository/IS/Wound Management/Change wound statues/android.widget.TextView - Current site (1)'

2023-09-27 13:55:35 - [MESSAGE][PASSED] - Tapped on element 'Object Repository/IS/Wound Management/Change wound statues/android.widget.TextView - Current site (1)'

2023-09-27 13:55:35 - [TEST_STEP][PASSED] - delay(5, STOP_ON_FAILURE): Delayed 5 second(s)

2023-09-27 13:55:40 - [MESSAGE][PASSED] - Delayed 5 second(s)

2023-09-27 13:55:40 - [TEST_STEP][PASSED] - tap(findTestObject("Object Repository/IS/Wound Management/Change wound statues/android.view.ViewGroup - Patient"), 30): Tapped on element 'Object Repository/IS/Wound Management/Change wound statues/android.view.ViewGroup - Patient'

2023-09-27 13:55:41 - [MESSAGE][PASSED] - Tapped on element 'Object Repository/IS/Wound Management/Change wound statues/android.view.ViewGroup - Patient'

2023-09-27 13:55:41 - [TEST_STEP][PASSED] - verifyElementExist(findTestObject("Object Repository/IS/Wound Management/Change wound statues/android.view.ViewGroup - wound"), 30): Element 'Object Repository/IS/Wound Management/Change wound statues/android.view.ViewGroup - wound' is exist

2023-09-27 13:55:43 - [MESSAGE][PASSED] - Element 'Object Repository/IS/Wound Management/Change wound statues/android.view.ViewGroup - wound' is exist

2023-09-27 13:55:43 - [TEST_STEP][PASSED] - tap(findTestObject("Object Repository/IS/Wound Management/Change wound statues/android.view.ViewGroup - Patient"), 30): Tapped on element 'Object Repository/IS/Wound Management/Change wound statues/android.view.ViewGroup - Patient'

2023-09-27 13:55:43 - [MESSAGE][PASSED] - Tapped on element 'Object Repository/IS/Wound Management/Change wound statues/android.view.ViewGroup - Patient'

2023-09-27 13:55:43 - [TEST_STEP][PASSED] - tap(findTestObject("Object Repository/IS/Wound Management/Change wound statues/android.view.ViewGroup - wound statues"), 30): Tapped on element 'Object Repository/IS/Wound Management/Change wound statues/android.view.ViewGroup - wound statues'

2023-09-27 13:55:45 - [MESSAGE][PASSED] - Tapped on element 'Object Repository/IS/Wound Management/Change wound statues/android.view.ViewGroup - wound statues'

2023-09-27 13:55:45 - [TEST_STEP][PASSED] - verifyElementText(findTestObject("Object Repository/IS/Wound Management/Change wound statues/android.widget.TextView - Healed"), "Healed"): Actual text and expected text of test object 'Object Repository/IS/Wound Management/Change wound statues/android.widget.TextView - Healed' are matched.

2023-09-27 13:55:46 - [MESSAGE][PASSED] - Actual text and expected text of test object 'Object Repository/IS/Wound Management/Change wound statues/android.widget.TextView - Healed' are matched.

2023-09-27 13:55:46 - [TEST_STEP][PASSED] - tap(findTestObject("IS/Wound Management/Change wound statues/android.widget.TextView - Healed"), 30): Tapped on element 'Object Repository/IS/Wound Management/Change wound statues/android.widget.TextView - Healed'

2023-09-27 13:55:46 - [MESSAGE][PASSED] - Tapped on element 'Object Repository/IS/Wound Management/Change wound statues/android.widget.TextView - Healed'

2023-09-27 13:55:46 - [TEST_STEP][PASSED] - verifyElementText(findTestObject("Object Repository/IS/Wound Management/Change wound statues/android.widget.TextView - Healed (1)"), "Healed"): Actual text and expected text of test object 'Object Repository/IS/Wound Management/Change wound statues/android.widget.TextView - Healed (1)' are matched.

2023-09-27 13:55:48 - [MESSAGE][PASSED] - Actual text and expected text of test object 'Object Repository/IS/Wound Management/Change wound statues/android.widget.TextView - Healed (1)' are matched.

2023-09-27 13:55:48 - [TEST_STEP][PASSED] - pressBack(): Press back button successfully

2023-09-27 13:55:49 - [MESSAGE][PASSED] - Press back button successfully

2023-09-27 13:55:49 - [TEST_STEP][PASSED] - pressBack(): Press back button successfully

2023-09-27 13:55:50 - [MESSAGE][PASSED] - Press back button successfully

2023-09-27 13:55:50 - [TEST_STEP][PASSED] - tap(findTestObject("Object Repository/IS/Wound Management/Change wound statues/android.widget.ImageView"), 30): Tapped on element 'Object Repository/IS/Wound Management/Change wound statues/android.widget.ImageView'

2023-09-27 13:55:50 - [MESSAGE][PASSED] - Tapped on element 'Object Repository/IS/Wound Management/Change wound statues/android.widget.ImageView']]></system-out>
         <system-err><![CDATA[]]></system-err>
      </testcase>
      <testcase name="Test Cases/IS/Wound Management/Lock Wound" time="25.725" classname="Test Cases/IS/Wound Management/Lock Wound" status="PASSED">
         <system-out><![CDATA[2023-09-27 13:55:50 - [TEST_CASE][PASSED] - Test Cases/IS/Wound Management/Lock Wound: Test Cases/IS/Wound Management/Lock Wound

2023-09-27 13:55:52 - [TEST_STEP][PASSED] - setText(findTestObject("Object Repository/IS/Wound Management/Lock Wound/android.widget.EditText - Search by Name, MRN"), "89ui", 30): Text '89ui' has been set to element 'Object Repository/IS/Wound Management/Lock Wound/android.widget.EditText - Search by Name, MRN'

2023-09-27 13:55:53 - [MESSAGE][PASSED] - Text '89ui' has been set to element 'Object Repository/IS/Wound Management/Lock Wound/android.widget.EditText - Search by Name, MRN'

2023-09-27 13:55:53 - [TEST_STEP][PASSED] - tap(findTestObject("Object Repository/IS/Wound Management/Lock Wound/android.widget.TextView - Current site"), 30): Tapped on element 'Object Repository/IS/Wound Management/Lock Wound/android.widget.TextView - Current site'

2023-09-27 13:55:54 - [MESSAGE][PASSED] - Tapped on element 'Object Repository/IS/Wound Management/Lock Wound/android.widget.TextView - Current site'

2023-09-27 13:55:54 - [TEST_STEP][PASSED] - tap(findTestObject("Object Repository/IS/Wound Management/Lock Wound/android.widget.TextView - Current site (1)"), 30): Tapped on element 'Object Repository/IS/Wound Management/Lock Wound/android.widget.TextView - Current site (1)'

2023-09-27 13:55:55 - [MESSAGE][PASSED] - Tapped on element 'Object Repository/IS/Wound Management/Lock Wound/android.widget.TextView - Current site (1)'

2023-09-27 13:55:55 - [TEST_STEP][PASSED] - delay(5, STOP_ON_FAILURE): Delayed 5 second(s)

2023-09-27 13:56:01 - [MESSAGE][PASSED] - Delayed 5 second(s)

2023-09-27 13:56:01 - [TEST_STEP][PASSED] - verifyElementExist(findTestObject("Object Repository/IS/Wound Management/Lock Wound/android.view.ViewGroup - Patient"), 30): Element 'Object Repository/IS/Wound Management/Lock Wound/android.view.ViewGroup - Patient' is exist

2023-09-27 13:56:01 - [MESSAGE][PASSED] - Element 'Object Repository/IS/Wound Management/Lock Wound/android.view.ViewGroup - Patient' is exist

2023-09-27 13:56:01 - [TEST_STEP][PASSED] - tap(findTestObject("Object Repository/IS/Wound Management/Lock Wound/android.view.ViewGroup - Patient"), 30): Tapped on element 'Object Repository/IS/Wound Management/Lock Wound/android.view.ViewGroup - Patient'

2023-09-27 13:56:01 - [MESSAGE][PASSED] - Tapped on element 'Object Repository/IS/Wound Management/Lock Wound/android.view.ViewGroup - Patient'

2023-09-27 13:56:01 - [TEST_STEP][PASSED] - verifyElementExist(findTestObject("Object Repository/IS/Wound Management/Lock Wound/android.view.ViewGroup - wound"), 30): Element 'Object Repository/IS/Wound Management/Lock Wound/android.view.ViewGroup - wound' is exist

2023-09-27 13:56:03 - [MESSAGE][PASSED] - Element 'Object Repository/IS/Wound Management/Lock Wound/android.view.ViewGroup - wound' is exist

2023-09-27 13:56:03 - [TEST_STEP][PASSED] - tap(findTestObject("Object Repository/IS/Wound Management/Lock Wound/android.view.ViewGroup - wound"), 30): Tapped on element 'Object Repository/IS/Wound Management/Lock Wound/android.view.ViewGroup - wound'

2023-09-27 13:56:04 - [MESSAGE][PASSED] - Tapped on element 'Object Repository/IS/Wound Management/Lock Wound/android.view.ViewGroup - wound'

2023-09-27 13:56:04 - [TEST_STEP][PASSED] - tap(findTestObject("Object Repository/IS/Wound Management/Lock Wound/android.widget.ImageView - menu"), 30): Tapped on element 'Object Repository/IS/Wound Management/Lock Wound/android.widget.ImageView - menu'

2023-09-27 13:56:07 - [MESSAGE][PASSED] - Tapped on element 'Object Repository/IS/Wound Management/Lock Wound/android.widget.ImageView - menu'

2023-09-27 13:56:07 - [TEST_STEP][PASSED] - tap(findTestObject("Object Repository/IS/Wound Management/Lock Wound/android.widget.TextView - Lock wound"), 30): Tapped on element 'Object Repository/IS/Wound Management/Lock Wound/android.widget.TextView - Lock wound'

2023-09-27 13:56:08 - [MESSAGE][PASSED] - Tapped on element 'Object Repository/IS/Wound Management/Lock Wound/android.widget.TextView - Lock wound'

2023-09-27 13:56:08 - [TEST_STEP][PASSED] - pressBack(): Press back button successfully

2023-09-27 13:56:10 - [MESSAGE][PASSED] - Press back button successfully

2023-09-27 13:56:10 - [TEST_STEP][PASSED] - delay(5): Delayed 5 second(s)

2023-09-27 13:56:15 - [MESSAGE][PASSED] - Delayed 5 second(s)

2023-09-27 13:56:15 - [TEST_STEP][PASSED] - pressBack(): Press back button successfully

2023-09-27 13:56:15 - [MESSAGE][PASSED] - Press back button successfully

2023-09-27 13:56:15 - [TEST_STEP][PASSED] - tap(findTestObject("Object Repository/IS/Wound Management/Lock Wound/android.widget.ImageView - x"), 30): Tapped on element 'Object Repository/IS/Wound Management/Lock Wound/android.widget.ImageView - x'

2023-09-27 13:56:16 - [MESSAGE][PASSED] - Tapped on element 'Object Repository/IS/Wound Management/Lock Wound/android.widget.ImageView - x']]></system-out>
         <system-err><![CDATA[]]></system-err>
      </testcase>
      <testcase name="Test Cases/IS/Wound Management/Unlock Wound" time="21.235" classname="Test Cases/IS/Wound Management/Unlock Wound" status="PASSED">
         <system-out><![CDATA[2023-09-27 13:56:16 - [TEST_CASE][PASSED] - Test Cases/IS/Wound Management/Unlock Wound: Test Cases/IS/Wound Management/Unlock Wound

2023-09-27 13:56:17 - [TEST_STEP][PASSED] - setText(findTestObject("Object Repository/IS/Wound Management/Unlock wound/android.widget.EditText - Search by Name, MRN"), "90ui", 30): Text '90ui' has been set to element 'Object Repository/IS/Wound Management/Unlock wound/android.widget.EditText - Search by Name, MRN'

2023-09-27 13:56:18 - [MESSAGE][PASSED] - Text '90ui' has been set to element 'Object Repository/IS/Wound Management/Unlock wound/android.widget.EditText - Search by Name, MRN'

2023-09-27 13:56:18 - [TEST_STEP][PASSED] - tap(findTestObject("Object Repository/IS/Wound Management/Unlock wound/android.widget.TextView - Current site"), 30): Tapped on element 'Object Repository/IS/Wound Management/Unlock wound/android.widget.TextView - Current site'

2023-09-27 13:56:20 - [MESSAGE][PASSED] - Tapped on element 'Object Repository/IS/Wound Management/Unlock wound/android.widget.TextView - Current site'

2023-09-27 13:56:20 - [TEST_STEP][PASSED] - tap(findTestObject("Object Repository/IS/Wound Management/Unlock wound/android.widget.TextView - Current site (1)"), 30): Tapped on element 'Object Repository/IS/Wound Management/Unlock wound/android.widget.TextView - Current site (1)'

2023-09-27 13:56:21 - [MESSAGE][PASSED] - Tapped on element 'Object Repository/IS/Wound Management/Unlock wound/android.widget.TextView - Current site (1)'

2023-09-27 13:56:21 - [TEST_STEP][PASSED] - delay(5, STOP_ON_FAILURE): Delayed 5 second(s)

2023-09-27 13:56:26 - [MESSAGE][PASSED] - Delayed 5 second(s)

2023-09-27 13:56:26 - [TEST_STEP][PASSED] - verifyElementExist(findTestObject("Object Repository/IS/Wound Management/Unlock wound/android.view.ViewGroup - Patient"), 30): Element 'Object Repository/IS/Wound Management/Unlock wound/android.view.ViewGroup - Patient' is exist

2023-09-27 13:56:27 - [MESSAGE][PASSED] - Element 'Object Repository/IS/Wound Management/Unlock wound/android.view.ViewGroup - Patient' is exist

2023-09-27 13:56:27 - [TEST_STEP][PASSED] - tap(findTestObject("Object Repository/IS/Wound Management/Unlock wound/android.view.ViewGroup - Patient"), 30): Tapped on element 'Object Repository/IS/Wound Management/Unlock wound/android.view.ViewGroup - Patient'

2023-09-27 13:56:27 - [MESSAGE][PASSED] - Tapped on element 'Object Repository/IS/Wound Management/Unlock wound/android.view.ViewGroup - Patient'

2023-09-27 13:56:27 - [TEST_STEP][PASSED] - verifyElementExist(findTestObject("Object Repository/IS/Wound Management/Unlock wound/android.view.ViewGroup - wound"), 30): Element 'Object Repository/IS/Wound Management/Unlock wound/android.view.ViewGroup - wound' is exist

2023-09-27 13:56:29 - [MESSAGE][PASSED] - Element 'Object Repository/IS/Wound Management/Unlock wound/android.view.ViewGroup - wound' is exist

2023-09-27 13:56:29 - [TEST_STEP][PASSED] - tap(findTestObject("Object Repository/IS/Wound Management/Unlock wound/android.view.ViewGroup - wound"), 30): Tapped on element 'Object Repository/IS/Wound Management/Unlock wound/android.view.ViewGroup - wound'

2023-09-27 13:56:30 - [MESSAGE][PASSED] - Tapped on element 'Object Repository/IS/Wound Management/Unlock wound/android.view.ViewGroup - wound'

2023-09-27 13:56:30 - [TEST_STEP][PASSED] - tap(findTestObject("Object Repository/IS/Wound Management/Unlock wound/android.widget.ImageView - menu"), 30): Tapped on element 'Object Repository/IS/Wound Management/Unlock wound/android.widget.ImageView - menu'

2023-09-27 13:56:32 - [MESSAGE][PASSED] - Tapped on element 'Object Repository/IS/Wound Management/Unlock wound/android.widget.ImageView - menu'

2023-09-27 13:56:32 - [TEST_STEP][PASSED] - verifyElementText(findTestObject("Object Repository/IS/Wound Management/Unlock wound/android.widget.TextView - Unlock wound"), "Unlock wound"): Actual text and expected text of test object 'Object Repository/IS/Wound Management/Unlock wound/android.widget.TextView - Unlock wound' are matched.

2023-09-27 13:56:33 - [MESSAGE][PASSED] - Actual text and expected text of test object 'Object Repository/IS/Wound Management/Unlock wound/android.widget.TextView - Unlock wound' are matched.

2023-09-27 13:56:33 - [TEST_STEP][PASSED] - tap(findTestObject("IS/Wound Management/Unlock wound/android.widget.TextView - Unlock wound"), 30): Tapped on element 'Object Repository/IS/Wound Management/Unlock wound/android.widget.TextView - Unlock wound'

2023-09-27 13:56:33 - [MESSAGE][PASSED] - Tapped on element 'Object Repository/IS/Wound Management/Unlock wound/android.widget.TextView - Unlock wound'

2023-09-27 13:56:33 - [TEST_STEP][PASSED] - pressBack(): Press back button successfully

2023-09-27 13:56:35 - [MESSAGE][PASSED] - Press back button successfully

2023-09-27 13:56:35 - [TEST_STEP][PASSED] - verifyElementExist(findTestObject("Object Repository/IS/Wound Management/Unlock wound/android.view.ViewGroup - wound"), 30): Element 'Object Repository/IS/Wound Management/Unlock wound/android.view.ViewGroup - wound' is exist

2023-09-27 13:56:36 - [MESSAGE][PASSED] - Element 'Object Repository/IS/Wound Management/Unlock wound/android.view.ViewGroup - wound' is exist

2023-09-27 13:56:36 - [TEST_STEP][PASSED] - pressBack(): Press back button successfully

2023-09-27 13:56:37 - [MESSAGE][PASSED] - Press back button successfully

2023-09-27 13:56:37 - [TEST_STEP][PASSED] - tap(findTestObject("Object Repository/IS/Wound Management/Unlock wound/android.widget.ImageView - x"), 30): Tapped on element 'Object Repository/IS/Wound Management/Unlock wound/android.widget.ImageView - x'

2023-09-27 13:56:37 - [MESSAGE][PASSED] - Tapped on element 'Object Repository/IS/Wound Management/Unlock wound/android.widget.ImageView - x']]></system-out>
         <system-err><![CDATA[]]></system-err>
      </testcase>
      <testcase name="Test Cases/IS/Wound Management/Wound List" time="33.412" classname="Test Cases/IS/Wound Management/Wound List" status="PASSED">
         <system-out><![CDATA[2023-09-27 13:56:37 - [TEST_CASE][PASSED] - Test Cases/IS/Wound Management/Wound List: Test Cases/IS/Wound Management/Wound List

2023-09-27 13:56:38 - [TEST_STEP][PASSED] - setText(findTestObject("Object Repository/IS/Wound Management/Wound List/android.widget.EditText - Search by Name, MRN"), "92ui", 30): Text '92ui' has been set to element 'Object Repository/IS/Wound Management/Wound List/android.widget.EditText - Search by Name, MRN'

2023-09-27 13:56:40 - [MESSAGE][PASSED] - Text '92ui' has been set to element 'Object Repository/IS/Wound Management/Wound List/android.widget.EditText - Search by Name, MRN'

2023-09-27 13:56:40 - [TEST_STEP][PASSED] - tap(findTestObject("Object Repository/IS/Wound Management/Wound List/android.widget.TextView - Current site"), 30): Tapped on element 'Object Repository/IS/Wound Management/Wound List/android.widget.TextView - Current site'

2023-09-27 13:56:41 - [MESSAGE][PASSED] - Tapped on element 'Object Repository/IS/Wound Management/Wound List/android.widget.TextView - Current site'

2023-09-27 13:56:41 - [TEST_STEP][PASSED] - tap(findTestObject("Object Repository/IS/Wound Management/Wound List/android.widget.TextView - Current site (1)"), 30): Tapped on element 'Object Repository/IS/Wound Management/Wound List/android.widget.TextView - Current site (1)'

2023-09-27 13:56:42 - [MESSAGE][PASSED] - Tapped on element 'Object Repository/IS/Wound Management/Wound List/android.widget.TextView - Current site (1)'

2023-09-27 13:56:42 - [TEST_STEP][PASSED] - delay(10, STOP_ON_FAILURE): Delayed 10 second(s)

2023-09-27 13:56:52 - [MESSAGE][PASSED] - Delayed 10 second(s)

2023-09-27 13:56:52 - [TEST_STEP][PASSED] - tap(findTestObject("Object Repository/IS/Wound Management/Wound List/android.view.ViewGroup - patient"), 30): Tapped on element 'Object Repository/IS/Wound Management/Wound List/android.view.ViewGroup - patient'

2023-09-27 13:56:53 - [MESSAGE][PASSED] - Tapped on element 'Object Repository/IS/Wound Management/Wound List/android.view.ViewGroup - patient'

2023-09-27 13:56:53 - [TEST_STEP][PASSED] - verifyElementText(findTestObject("Object Repository/IS/Wound Management/Wound List/android.widget.TextView - 92ui"), "92ui"): Actual text and expected text of test object 'Object Repository/IS/Wound Management/Wound List/android.widget.TextView - 92ui' are matched.

2023-09-27 13:56:55 - [MESSAGE][PASSED] - Actual text and expected text of test object 'Object Repository/IS/Wound Management/Wound List/android.widget.TextView - 92ui' are matched.

2023-09-27 13:56:55 - [TEST_STEP][PASSED] - verifyElementText(findTestObject("Object Repository/IS/Wound Management/Wound List/android.widget.TextView - Male"), "Male"): Actual text and expected text of test object 'Object Repository/IS/Wound Management/Wound List/android.widget.TextView - Male' are matched.

2023-09-27 13:56:56 - [MESSAGE][PASSED] - Actual text and expected text of test object 'Object Repository/IS/Wound Management/Wound List/android.widget.TextView - Male' are matched.

2023-09-27 13:56:56 - [TEST_STEP][PASSED] - verifyElementText(findTestObject("Object Repository/IS/Wound Management/Wound List/android.widget.TextView - 09091990"), "09/09/1990"): Actual text and expected text of test object 'Object Repository/IS/Wound Management/Wound List/android.widget.TextView - 09091990' are matched.

2023-09-27 13:56:56 - [MESSAGE][PASSED] - Actual text and expected text of test object 'Object Repository/IS/Wound Management/Wound List/android.widget.TextView - 09091990' are matched.

2023-09-27 13:56:56 - [TEST_STEP][PASSED] - verifyElementText(findTestObject("IS/Wound Management/Wound List/android.widget.TextView - 33"), "33"): Actual text and expected text of test object 'Object Repository/IS/Wound Management/Wound List/android.widget.TextView - 33' are matched.

2023-09-27 13:56:56 - [MESSAGE][PASSED] - Actual text and expected text of test object 'Object Repository/IS/Wound Management/Wound List/android.widget.TextView - 33' are matched.

2023-09-27 13:56:57 - [TEST_STEP][PASSED] - verifyElementText(findTestObject("Object Repository/IS/Wound Management/Wound List/android.widget.TextView - Active"), "Active"): Actual text and expected text of test object 'Object Repository/IS/Wound Management/Wound List/android.widget.TextView - Active' are matched.

2023-09-27 13:56:57 - [MESSAGE][PASSED] - Actual text and expected text of test object 'Object Repository/IS/Wound Management/Wound List/android.widget.TextView - Active' are matched.

2023-09-27 13:56:57 - [TEST_STEP][PASSED] - verifyElementText(findTestObject("Object Repository/IS/Wound Management/Wound List/android.widget.TextView - No"), "No"): Actual text and expected text of test object 'Object Repository/IS/Wound Management/Wound List/android.widget.TextView - No' are matched.

2023-09-27 13:56:58 - [MESSAGE][PASSED] - Actual text and expected text of test object 'Object Repository/IS/Wound Management/Wound List/android.widget.TextView - No' are matched.

2023-09-27 13:56:58 - [TEST_STEP][PASSED] - verifyElementText(findTestObject("Object Repository/IS/Wound Management/Wound List/android.widget.TextView - Wound, List"), "Wound, List"): Actual text and expected text of test object 'Object Repository/IS/Wound Management/Wound List/android.widget.TextView - Wound, List' are matched.

2023-09-27 13:56:58 - [MESSAGE][PASSED] - Actual text and expected text of test object 'Object Repository/IS/Wound Management/Wound List/android.widget.TextView - Wound, List' are matched.

2023-09-27 13:56:58 - [TEST_STEP][PASSED] - verifyElementExist(findTestObject("Object Repository/IS/Wound Management/Wound List/android.view.ViewGroup - wound2"), 30): Element 'Object Repository/IS/Wound Management/Wound List/android.view.ViewGroup - wound2' is exist

2023-09-27 13:56:59 - [MESSAGE][PASSED] - Element 'Object Repository/IS/Wound Management/Wound List/android.view.ViewGroup - wound2' is exist

2023-09-27 13:56:59 - [TEST_STEP][PASSED] - verifyElementText(findTestObject("Object Repository/IS/Wound Management/Wound List/android.widget.TextView - Wound 2 Pressure Injury"), "Wound 2: Pressure Injury"): Actual text and expected text of test object 'Object Repository/IS/Wound Management/Wound List/android.widget.TextView - Wound 2 Pressure Injury' are matched.

2023-09-27 13:56:59 - [MESSAGE][PASSED] - Actual text and expected text of test object 'Object Repository/IS/Wound Management/Wound List/android.widget.TextView - Wound 2 Pressure Injury' are matched.

2023-09-27 13:56:59 - [TEST_STEP][PASSED] - verifyElementText(findTestObject("Object Repository/IS/Wound Management/Wound List/android.widget.TextView - General"), "General"): Actual text and expected text of test object 'Object Repository/IS/Wound Management/Wound List/android.widget.TextView - General' are matched.

2023-09-27 13:57:00 - [MESSAGE][PASSED] - Actual text and expected text of test object 'Object Repository/IS/Wound Management/Wound List/android.widget.TextView - General' are matched.

2023-09-27 13:57:00 - [TEST_STEP][PASSED] - verifyElementExist(findTestObject("Object Repository/IS/Wound Management/Wound List/android.view.ViewGroup - wound1"), 30): Element 'Object Repository/IS/Wound Management/Wound List/android.view.ViewGroup - wound1' is exist

2023-09-27 13:57:01 - [MESSAGE][PASSED] - Element 'Object Repository/IS/Wound Management/Wound List/android.view.ViewGroup - wound1' is exist

2023-09-27 13:57:01 - [TEST_STEP][PASSED] - verifyElementText(findTestObject("Object Repository/IS/Wound Management/Wound List/android.widget.TextView - Wound 1 Trauma"), "Wound 1: Trauma"): Actual text and expected text of test object 'Object Repository/IS/Wound Management/Wound List/android.widget.TextView - Wound 1 Trauma' are matched.

2023-09-27 13:57:01 - [MESSAGE][PASSED] - Actual text and expected text of test object 'Object Repository/IS/Wound Management/Wound List/android.widget.TextView - Wound 1 Trauma' are matched.

2023-09-27 13:57:01 - [TEST_STEP][PASSED] - verifyElementText(findTestObject("Object Repository/IS/Wound Management/Wound List/android.widget.TextView - HeadNeck, Front"), "Head/Neck, Front"): Actual text and expected text of test object 'Object Repository/IS/Wound Management/Wound List/android.widget.TextView - HeadNeck, Front' are matched.

2023-09-27 13:57:02 - [MESSAGE][PASSED] - Actual text and expected text of test object 'Object Repository/IS/Wound Management/Wound List/android.widget.TextView - HeadNeck, Front' are matched.

2023-09-27 13:57:02 - [TEST_STEP][PASSED] - verifyElementText(findTestObject("Object Repository/IS/Wound Management/Wound List/android.widget.TextView - Test description"), "Test description"): Actual text and expected text of test object 'Object Repository/IS/Wound Management/Wound List/android.widget.TextView - Test description' are matched.

2023-09-27 13:57:02 - [MESSAGE][PASSED] - Actual text and expected text of test object 'Object Repository/IS/Wound Management/Wound List/android.widget.TextView - Test description' are matched.

2023-09-27 13:57:02 - [TEST_STEP][PASSED] - verifyElementExist(findTestObject("Object Repository/IS/Wound Management/Wound List/android.view.ViewGroup - wound3 (1)"), 30): Element 'Object Repository/IS/Wound Management/Wound List/android.view.ViewGroup - wound3 (1)' is exist

2023-09-27 13:57:02 - [MESSAGE][PASSED] - Element 'Object Repository/IS/Wound Management/Wound List/android.view.ViewGroup - wound3 (1)' is exist

2023-09-27 13:57:02 - [TEST_STEP][PASSED] - verifyElementText(findTestObject("Object Repository/IS/Wound Management/Wound List/android.widget.TextView - Wound 3 Pressure Injury (1)"), "Wound 3: Pressure Injury"): Actual text and expected text of test object 'Object Repository/IS/Wound Management/Wound List/android.widget.TextView - Wound 3 Pressure Injury (1)' are matched.

2023-09-27 13:57:07 - [MESSAGE][PASSED] - Actual text and expected text of test object 'Object Repository/IS/Wound Management/Wound List/android.widget.TextView - Wound 3 Pressure Injury (1)' are matched.

2023-09-27 13:57:07 - [TEST_STEP][PASSED] - tap(findTestObject("Object Repository/IS/Wound Management/Wound List/android.widget.ImageView - menu"), 30): Tapped on element 'Object Repository/IS/Wound Management/Wound List/android.widget.ImageView - menu'

2023-09-27 13:57:08 - [MESSAGE][PASSED] - Tapped on element 'Object Repository/IS/Wound Management/Wound List/android.widget.ImageView - menu'

2023-09-27 13:57:08 - [TEST_STEP][PASSED] - verifyElementText(findTestObject("Object Repository/IS/Wound Management/Wound List/android.widget.TextView - Generate Report"), "Generate Report"): Actual text and expected text of test object 'Object Repository/IS/Wound Management/Wound List/android.widget.TextView - Generate Report' are matched.

2023-09-27 13:57:09 - [MESSAGE][PASSED] - Actual text and expected text of test object 'Object Repository/IS/Wound Management/Wound List/android.widget.TextView - Generate Report' are matched.

2023-09-27 13:57:09 - [TEST_STEP][PASSED] - verifyElementText(findTestObject("Object Repository/IS/Wound Management/Wound List/android.widget.TextView - Edit patient"), "Edit patient"): Actual text and expected text of test object 'Object Repository/IS/Wound Management/Wound List/android.widget.TextView - Edit patient' are matched.

2023-09-27 13:57:09 - [MESSAGE][PASSED] - Actual text and expected text of test object 'Object Repository/IS/Wound Management/Wound List/android.widget.TextView - Edit patient' are matched.

2023-09-27 13:57:09 - [TEST_STEP][PASSED] - verifyElementText(findTestObject("Object Repository/IS/Wound Management/Wound List/android.widget.TextView - Freeze patient"), "Freeze patient"): Actual text and expected text of test object 'Object Repository/IS/Wound Management/Wound List/android.widget.TextView - Freeze patient' are matched.

2023-09-27 13:57:09 - [MESSAGE][PASSED] - Actual text and expected text of test object 'Object Repository/IS/Wound Management/Wound List/android.widget.TextView - Freeze patient' are matched.

2023-09-27 13:57:09 - [TEST_STEP][PASSED] - verifyElementText(findTestObject("Object Repository/IS/Wound Management/Wound List/android.widget.TextView - Delete patient"), "Delete patient"): Actual text and expected text of test object 'Object Repository/IS/Wound Management/Wound List/android.widget.TextView - Delete patient' are matched.

2023-09-27 13:57:10 - [MESSAGE][PASSED] - Actual text and expected text of test object 'Object Repository/IS/Wound Management/Wound List/android.widget.TextView - Delete patient' are matched.

2023-09-27 13:57:10 - [TEST_STEP][PASSED] - verifyElementText(findTestObject("Object Repository/IS/Wound Management/Wound List/android.widget.TextView - Cancel"), "Cancel"): Actual text and expected text of test object 'Object Repository/IS/Wound Management/Wound List/android.widget.TextView - Cancel' are matched.

2023-09-27 13:57:10 - [MESSAGE][PASSED] - Actual text and expected text of test object 'Object Repository/IS/Wound Management/Wound List/android.widget.TextView - Cancel' are matched.

2023-09-27 13:57:10 - [TEST_STEP][PASSED] - tap(findTestObject("IS/Wound Management/Wound List/android.widget.TextView - Cancel"), 30): Tapped on element 'Object Repository/IS/Wound Management/Wound List/android.widget.TextView - Cancel'

2023-09-27 13:57:11 - [MESSAGE][PASSED] - Tapped on element 'Object Repository/IS/Wound Management/Wound List/android.widget.TextView - Cancel']]></system-out>
         <system-err><![CDATA[]]></system-err>
      </testcase>
      <testcase name="Test Cases/IS/Wound Management/Wound Summary" time="14.84" classname="Test Cases/IS/Wound Management/Wound Summary" status="PASSED">
         <system-out><![CDATA[2023-09-27 13:57:11 - [TEST_CASE][PASSED] - Test Cases/IS/Wound Management/Wound Summary: Test Cases/IS/Wound Management/Wound Summary

2023-09-27 13:57:12 - [TEST_STEP][PASSED] - tap(findTestObject("Object Repository/IS/Wound Management/Wound Summary/android.view.ViewGroup - wound1"), 30): Tapped on element 'Object Repository/IS/Wound Management/Wound Summary/android.view.ViewGroup - wound1'

2023-09-27 13:57:12 - [MESSAGE][PASSED] - Tapped on element 'Object Repository/IS/Wound Management/Wound Summary/android.view.ViewGroup - wound1'

2023-09-27 13:57:12 - [TEST_STEP][PASSED] - verifyElementText(findTestObject("Object Repository/IS/Wound Management/Wound Summary/android.widget.TextView - Wound, List"), "Wound, List"): Actual text and expected text of test object 'Object Repository/IS/Wound Management/Wound Summary/android.widget.TextView - Wound, List' are matched.

2023-09-27 13:57:15 - [MESSAGE][PASSED] - Actual text and expected text of test object 'Object Repository/IS/Wound Management/Wound Summary/android.widget.TextView - Wound, List' are matched.

2023-09-27 13:57:15 - [TEST_STEP][PASSED] - verifyElementText(findTestObject("Object Repository/IS/Wound Management/Wound Summary/android.widget.TextView - Wound 1 Trauma"), "Wound 1: Trauma"): Actual text and expected text of test object 'Object Repository/IS/Wound Management/Wound Summary/android.widget.TextView - Wound 1 Trauma' are matched.

2023-09-27 13:57:16 - [MESSAGE][PASSED] - Actual text and expected text of test object 'Object Repository/IS/Wound Management/Wound Summary/android.widget.TextView - Wound 1 Trauma' are matched.

2023-09-27 13:57:16 - [TEST_STEP][PASSED] - verifyElementText(findTestObject("Object Repository/IS/Wound Management/Wound Summary/android.widget.TextView - Active"), "Active"): Actual text and expected text of test object 'Object Repository/IS/Wound Management/Wound Summary/android.widget.TextView - Active' are matched.

2023-09-27 13:57:16 - [MESSAGE][PASSED] - Actual text and expected text of test object 'Object Repository/IS/Wound Management/Wound Summary/android.widget.TextView - Active' are matched.

2023-09-27 13:57:16 - [TEST_STEP][PASSED] - verifyElementText(findTestObject("Object Repository/IS/Wound Management/Wound Summary/android.widget.TextView - 14082023"), "14/08/2023"): Actual text and expected text of test object 'Object Repository/IS/Wound Management/Wound Summary/android.widget.TextView - 14082023' are matched.

2023-09-27 13:57:17 - [MESSAGE][PASSED] - Actual text and expected text of test object 'Object Repository/IS/Wound Management/Wound Summary/android.widget.TextView - 14082023' are matched.

2023-09-27 13:57:17 - [TEST_STEP][PASSED] - verifyElementText(findTestObject("Object Repository/IS/Wound Management/Wound Summary/android.widget.TextView - HeadNeck, Front"), "Head/Neck, Front"): Actual text and expected text of test object 'Object Repository/IS/Wound Management/Wound Summary/android.widget.TextView - HeadNeck, Front' are matched.

2023-09-27 13:57:17 - [MESSAGE][PASSED] - Actual text and expected text of test object 'Object Repository/IS/Wound Management/Wound Summary/android.widget.TextView - HeadNeck, Front' are matched.

2023-09-27 13:57:17 - [TEST_STEP][PASSED] - verifyElementText(findTestObject("Object Repository/IS/Wound Management/Wound Summary/android.widget.TextView - Test description"), "Test description"): Actual text and expected text of test object 'Object Repository/IS/Wound Management/Wound Summary/android.widget.TextView - Test description' are matched.

2023-09-27 13:57:18 - [MESSAGE][PASSED] - Actual text and expected text of test object 'Object Repository/IS/Wound Management/Wound Summary/android.widget.TextView - Test description' are matched.

2023-09-27 13:57:18 - [TEST_STEP][PASSED] - verifyElementText(findTestObject("Object Repository/IS/Wound Management/Wound Summary/android.widget.TextView - 3D"), "3D"): Actual text and expected text of test object 'Object Repository/IS/Wound Management/Wound Summary/android.widget.TextView - 3D' are matched.

2023-09-27 13:57:19 - [MESSAGE][PASSED] - Actual text and expected text of test object 'Object Repository/IS/Wound Management/Wound Summary/android.widget.TextView - 3D' are matched.

2023-09-27 13:57:19 - [TEST_STEP][PASSED] - verifyElementExist(findTestObject("Object Repository/IS/Wound Management/Wound Summary/android.view.ViewGroup"), 30): Element 'Object Repository/IS/Wound Management/Wound Summary/android.view.ViewGroup' is exist

2023-09-27 13:57:19 - [MESSAGE][PASSED] - Element 'Object Repository/IS/Wound Management/Wound Summary/android.view.ViewGroup' is exist

2023-09-27 13:57:19 - [TEST_STEP][PASSED] - verifyElementExist(findTestObject("IS/Wound Management/Wound Summary/android.widget.ImageView"), 30): Element 'Object Repository/IS/Wound Management/Wound Summary/android.widget.ImageView' is exist

2023-09-27 13:57:20 - [MESSAGE][PASSED] - Element 'Object Repository/IS/Wound Management/Wound Summary/android.widget.ImageView' is exist

2023-09-27 13:57:20 - [TEST_STEP][PASSED] - verifyElementText(findTestObject("Object Repository/IS/Wound Management/Wound Summary/android.widget.TextView - 3D (1)"), "3D"): Actual text and expected text of test object 'Object Repository/IS/Wound Management/Wound Summary/android.widget.TextView - 3D (1)' are matched.

2023-09-27 13:57:21 - [MESSAGE][PASSED] - Actual text and expected text of test object 'Object Repository/IS/Wound Management/Wound Summary/android.widget.TextView - 3D (1)' are matched.

2023-09-27 13:57:21 - [TEST_STEP][PASSED] - verifyElementText(findTestObject("Object Repository/IS/Wound Management/Wound Summary/android.widget.TextView - WOUND SIZE"), "WOUND SIZE"): Actual text and expected text of test object 'Object Repository/IS/Wound Management/Wound Summary/android.widget.TextView - WOUND SIZE' are matched.

2023-09-27 13:57:21 - [MESSAGE][PASSED] - Actual text and expected text of test object 'Object Repository/IS/Wound Management/Wound Summary/android.widget.TextView - WOUND SIZE' are matched.

2023-09-27 13:57:21 - [TEST_STEP][PASSED] - verifyElementText(findTestObject("Object Repository/IS/Wound Management/Wound Summary/android.widget.TextView - COLOR COMPOSITION"), "COLOR COMPOSITION"): Actual text and expected text of test object 'Object Repository/IS/Wound Management/Wound Summary/android.widget.TextView - COLOR COMPOSITION' are matched.

2023-09-27 13:57:22 - [MESSAGE][PASSED] - Actual text and expected text of test object 'Object Repository/IS/Wound Management/Wound Summary/android.widget.TextView - COLOR COMPOSITION' are matched.

2023-09-27 13:57:22 - [TEST_STEP][PASSED] - verifyElementExist(findTestObject("IS/Hard to find elements/android.view.ViewGroup - Assessment"), 30): Element 'Object Repository/IS/Hard to find elements/android.view.ViewGroup - Assessment' is exist

2023-09-27 13:57:22 - [MESSAGE][PASSED] - Element 'Object Repository/IS/Hard to find elements/android.view.ViewGroup - Assessment' is exist

2023-09-27 13:57:22 - [TEST_STEP][PASSED] - verifyElementExist(findTestObject("IS/Hard to find elements/android.view.ViewGroup - Treatement"), 30): Element 'Object Repository/IS/Hard to find elements/android.view.ViewGroup - Treatement' is exist

2023-09-27 13:57:23 - [MESSAGE][PASSED] - Element 'Object Repository/IS/Hard to find elements/android.view.ViewGroup - Treatement' is exist

2023-09-27 13:57:23 - [TEST_STEP][PASSED] - verifyElementExist(findTestObject("IS/Hard to find elements/android.view.ViewGroup - Messaging"), 30): Element 'Object Repository/IS/Hard to find elements/android.view.ViewGroup - Messaging' is exist

2023-09-27 13:57:23 - [MESSAGE][PASSED] - Element 'Object Repository/IS/Hard to find elements/android.view.ViewGroup - Messaging' is exist

2023-09-27 13:57:23 - [TEST_STEP][PASSED] - pressBack(): Press back button successfully

2023-09-27 13:57:24 - [MESSAGE][PASSED] - Press back button successfully

2023-09-27 13:57:24 - [TEST_STEP][PASSED] - pressBack(): Press back button successfully

2023-09-27 13:57:25 - [MESSAGE][PASSED] - Press back button successfully

2023-09-27 13:57:25 - [TEST_STEP][PASSED] - tap(findTestObject("Object Repository/IS/Wound Management/Unlock wound/android.widget.ImageView - x"), 30): Tapped on element 'Object Repository/IS/Wound Management/Unlock wound/android.widget.ImageView - x'

2023-09-27 13:57:26 - [MESSAGE][PASSED] - Tapped on element 'Object Repository/IS/Wound Management/Unlock wound/android.widget.ImageView - x']]></system-out>
         <system-err><![CDATA[]]></system-err>
      </testcase>
      <testcase name="Test Cases/IS/Wound Management/Delete Wound" time="23.235" classname="Test Cases/IS/Wound Management/Delete Wound" status="PASSED">
         <system-out><![CDATA[2023-09-27 13:57:26 - [TEST_CASE][PASSED] - Test Cases/IS/Wound Management/Delete Wound: Test Cases/IS/Wound Management/Delete Wound

2023-09-27 13:57:27 - [TEST_STEP][PASSED] - setText(findTestObject("Patient Directory/android.widget.EditText - Search Bar"), "91ui", 30): Text '91ui' has been set to element 'Object Repository/Patient Directory/android.widget.EditText - Search Bar'

2023-09-27 13:57:29 - [MESSAGE][PASSED] - Text '91ui' has been set to element 'Object Repository/Patient Directory/android.widget.EditText - Search Bar'

2023-09-27 13:57:29 - [TEST_STEP][PASSED] - tap(findTestObject("Object Repository/IS/Wound Management/Delete Wound/android.widget.TextView - Current site"), 30): Tapped on element 'Object Repository/IS/Wound Management/Delete Wound/android.widget.TextView - Current site'

2023-09-27 13:57:30 - [MESSAGE][PASSED] - Tapped on element 'Object Repository/IS/Wound Management/Delete Wound/android.widget.TextView - Current site'

2023-09-27 13:57:30 - [TEST_STEP][PASSED] - tap(findTestObject("Object Repository/IS/Wound Management/Delete Wound/android.widget.TextView - Current site (1)"), 30): Tapped on element 'Object Repository/IS/Wound Management/Delete Wound/android.widget.TextView - Current site (1)'

2023-09-27 13:57:31 - [MESSAGE][PASSED] - Tapped on element 'Object Repository/IS/Wound Management/Delete Wound/android.widget.TextView - Current site (1)'

2023-09-27 13:57:31 - [TEST_STEP][PASSED] - delay(5, STOP_ON_FAILURE): Delayed 5 second(s)

2023-09-27 13:57:36 - [MESSAGE][PASSED] - Delayed 5 second(s)

2023-09-27 13:57:36 - [TEST_STEP][PASSED] - verifyElementExist(findTestObject("Object Repository/IS/Wound Management/Delete Wound/android.view.ViewGroup - Patient"), 30): Element 'Object Repository/IS/Wound Management/Delete Wound/android.view.ViewGroup - Patient' is exist

2023-09-27 13:57:37 - [MESSAGE][PASSED] - Element 'Object Repository/IS/Wound Management/Delete Wound/android.view.ViewGroup - Patient' is exist

2023-09-27 13:57:37 - [TEST_STEP][PASSED] - tap(findTestObject("Object Repository/IS/Wound Management/Delete Wound/android.view.ViewGroup - Patient"), 30): Tapped on element 'Object Repository/IS/Wound Management/Delete Wound/android.view.ViewGroup - Patient'

2023-09-27 13:57:37 - [MESSAGE][PASSED] - Tapped on element 'Object Repository/IS/Wound Management/Delete Wound/android.view.ViewGroup - Patient'

2023-09-27 13:57:37 - [TEST_STEP][PASSED] - verifyElementExist(findTestObject("Object Repository/IS/Wound Management/Delete Wound/android.view.ViewGroup - wound"), 30): Element 'Object Repository/IS/Wound Management/Delete Wound/android.view.ViewGroup - wound' is exist

2023-09-27 13:57:39 - [MESSAGE][PASSED] - Element 'Object Repository/IS/Wound Management/Delete Wound/android.view.ViewGroup - wound' is exist

2023-09-27 13:57:39 - [TEST_STEP][PASSED] - tap(findTestObject("Object Repository/IS/Wound Management/Delete Wound/android.view.ViewGroup - wound (1)"), 30): Tapped on element 'Object Repository/IS/Wound Management/Delete Wound/android.view.ViewGroup - wound (1)'

2023-09-27 13:57:39 - [MESSAGE][PASSED] - Tapped on element 'Object Repository/IS/Wound Management/Delete Wound/android.view.ViewGroup - wound (1)'

2023-09-27 13:57:39 - [TEST_STEP][PASSED] - verifyElementExist(findTestObject("Object Repository/IS/Wound Management/Delete Wound/android.widget.ImageView - menu"), 30): Element 'Object Repository/IS/Wound Management/Delete Wound/android.widget.ImageView - menu' is exist

2023-09-27 13:57:42 - [MESSAGE][PASSED] - Element 'Object Repository/IS/Wound Management/Delete Wound/android.widget.ImageView - menu' is exist

2023-09-27 13:57:42 - [TEST_STEP][PASSED] - tap(findTestObject("Object Repository/IS/Wound Management/Delete Wound/android.widget.ImageView - menu"), 30): Tapped on element 'Object Repository/IS/Wound Management/Delete Wound/android.widget.ImageView - menu'

2023-09-27 13:57:42 - [MESSAGE][PASSED] - Tapped on element 'Object Repository/IS/Wound Management/Delete Wound/android.widget.ImageView - menu'

2023-09-27 13:57:42 - [TEST_STEP][PASSED] - verifyElementText(findTestObject("Object Repository/IS/Wound Management/Delete Wound/android.widget.TextView - Delete wound"), "Delete wound"): Actual text and expected text of test object 'Object Repository/IS/Wound Management/Delete Wound/android.widget.TextView - Delete wound' are matched.

2023-09-27 13:57:44 - [MESSAGE][PASSED] - Actual text and expected text of test object 'Object Repository/IS/Wound Management/Delete Wound/android.widget.TextView - Delete wound' are matched.

2023-09-27 13:57:44 - [TEST_STEP][PASSED] - tap(findTestObject("IS/Wound Management/Delete Wound/android.widget.TextView - Delete wound"), 30): Tapped on element 'Object Repository/IS/Wound Management/Delete Wound/android.widget.TextView - Delete wound'

2023-09-27 13:57:44 - [MESSAGE][PASSED] - Tapped on element 'Object Repository/IS/Wound Management/Delete Wound/android.widget.TextView - Delete wound'

2023-09-27 13:57:44 - [TEST_STEP][PASSED] - verifyElementText(findTestObject("Object Repository/IS/Wound Management/Delete Wound/android.widget.TextView - Delete the selected wound All data, including all images and measurements, will be erased"), "Delete the selected wound? All data, including all images and measurements, will be erased."): Actual text and expected text of test object 'Object Repository/IS/Wound Management/Delete Wound/android.widget.TextView - Delete the selected wound All data, including all images and measurements, will be erased' are matched.

2023-09-27 13:57:45 - [MESSAGE][PASSED] - Actual text and expected text of test object 'Object Repository/IS/Wound Management/Delete Wound/android.widget.TextView - Delete the selected wound All data, including all images and measurements, will be erased' are matched.

2023-09-27 13:57:45 - [TEST_STEP][PASSED] - verifyElementText(findTestObject("Object Repository/IS/Wound Management/Delete Wound/android.widget.Button - CANCEL"), "CANCEL"): Actual text and expected text of test object 'Object Repository/IS/Wound Management/Delete Wound/android.widget.Button - CANCEL' are matched.

2023-09-27 13:57:45 - [MESSAGE][PASSED] - Actual text and expected text of test object 'Object Repository/IS/Wound Management/Delete Wound/android.widget.Button - CANCEL' are matched.

2023-09-27 13:57:45 - [TEST_STEP][PASSED] - verifyElementExist(findTestObject("Object Repository/IS/Wound Management/Delete Wound/android.widget.Button - CONFIRM"), 30): Element 'Object Repository/IS/Wound Management/Delete Wound/android.widget.Button - CONFIRM' is exist

2023-09-27 13:57:46 - [MESSAGE][PASSED] - Element 'Object Repository/IS/Wound Management/Delete Wound/android.widget.Button - CONFIRM' is exist

2023-09-27 13:57:46 - [TEST_STEP][PASSED] - tap(findTestObject("IS/Wound Management/Delete Wound/android.widget.Button - CONFIRM"), 30): Tapped on element 'Object Repository/IS/Wound Management/Delete Wound/android.widget.Button - CONFIRM'

2023-09-27 13:57:46 - [MESSAGE][PASSED] - Tapped on element 'Object Repository/IS/Wound Management/Delete Wound/android.widget.Button - CONFIRM'

2023-09-27 13:57:46 - [TEST_STEP][PASSED] - verifyElementText(findTestObject("Object Repository/IS/Wound Management/Delete Wound/android.widget.TextView - Click  above to add a wound"), "Click "+" above to add a wound"): Actual text and expected text of test object 'Object Repository/IS/Wound Management/Delete Wound/android.widget.TextView - Click  above to add a wound' are matched.

2023-09-27 13:57:47 - [MESSAGE][PASSED] - Actual text and expected text of test object 'Object Repository/IS/Wound Management/Delete Wound/android.widget.TextView - Click  above to add a wound' are matched.

2023-09-27 13:57:47 - [TEST_STEP][PASSED] - pressBack(): Press back button successfully

2023-09-27 13:57:48 - [MESSAGE][PASSED] - Press back button successfully

2023-09-27 13:57:48 - [TEST_STEP][PASSED] - tap(findTestObject("Object Repository/IS/Wound Management/Delete Wound/android.widget.ImageView - x"), 30): Tapped on element 'Object Repository/IS/Wound Management/Delete Wound/android.widget.ImageView - x'

2023-09-27 13:57:49 - [MESSAGE][PASSED] - Tapped on element 'Object Repository/IS/Wound Management/Delete Wound/android.widget.ImageView - x']]></system-out>
         <system-err><![CDATA[]]></system-err>
      </testcase>
      <system-out><![CDATA[2023-09-27 13:53:54 - [TEST_SUITE][PASSED] - Wound Management: Test Cases/IS/Wound Management/Delete Wound]]></system-out>
      <system-err><![CDATA[]]></system-err>
   </testsuite>
</testsuites>
