<?xml version="1.0" encoding="UTF-8"?>
<testsuites name="Menu and other services" time="200.558" tests="5" failures="0" errors="0">
   <testsuite name="Menu and other services" tests="5" failures="0" errors="0" time="200.558" skipped="0" timestamp="19-03-2024T10:41:40" hostname="safaamarir - 192.168.1.3" id="Test Suites/IS iPhone/Menu and other services">
      <properties>
         <property name="deviceName" value="Safa’s iPhone"/>
         <property name="devicePlatform" value=""/>
         <property name="logFolder" value="/Users/safaamarir/git/Android_Automation/Reports/20240319_104136/IS iPhone/Menu and other services/20240319_104137"/>
         <property name="logFiles" value="/Users/safaamarir/git/Android_Automation/Reports/20240319_104136/IS iPhone/Menu and other services/20240319_104137/execution0.log, /Users/safaamarir/git/Android_Automation/Reports/20240319_104136/IS iPhone/Menu and other services/20240319_104137/appium_error.log, /Users/safaamarir/git/Android_Automation/Reports/20240319_104136/IS iPhone/Menu and other services/20240319_104137/appium.log, /Users/safaamarir/git/Android_Automation/Reports/20240319_104136/IS iPhone/Menu and other services/20240319_104137/appium-proxy-server.log"/>
         <property name="attachments" value=""/>
         <property name="hostName" value="safaamarir - 192.168.1.3"/>
         <property name="os" value="Mac OS X 64bit"/>
         <property name="appiumServerStatus" value="{&quot;value&quot;:{&quot;ready&quot;:true,&quot;message&quot;:&quot;The server is ready to accept new connections&quot;,&quot;build&quot;:{&quot;version&quot;:&quot;2.4.1&quot;,&quot;git-sha&quot;:&quot;780fbbc65e90fbe09629aba180a1839e9e7dbaf2&quot;,&quot;built&quot;:&quot;2024-03-11 16:57:48 +0100&quot;}}}"/>
         <property name="katalonVersion" value="9.2.0.212"/>
         <property name="deviceOS" value="iOS"/>
         <property name="appiumVersion" value="2.4.1"/>
         <property name="deviceModel" value="iPhone14,5"/>
         <property name="hostAddress" value="192.168.1.3"/>
         <property name="deviceManufacturer" value="Apple"/>
         <property name="deviceId" value="00008110-00112D590CD0201E"/>
         <property name="deviceName" value="Safa’s iPhone"/>
         <property name="deviceOSVersion" value="17.3"/>
      </properties>
      <testcase name="Test Cases/IOS/User Management/EK-8491 IS iPhone - Sign in" time="57.255" classname="Test Cases/IOS/User Management/EK-8491 IS iPhone - Sign in" status="PASSED">
         <system-out><![CDATA[19-03-2024T10:41:40 - [TEST_CASE][PASSED] - Test Cases/IOS/User Management/EK-8491 IS iPhone - Sign in: Test Cases/IOS/User Management/EK-8491 IS iPhone - Sign in

19-03-2024T10:41:40 - [TEST_STEP][PASSED] - Start listener action : beforeTestCase: null

19-03-2024T10:41:40 - [TEST_STEP][PASSED] - addDefaultPackages(): null

19-03-2024T10:41:40 - [TEST_STEP][PASSED] - runFeatureFile("Include/features/EK-8491 IS iPhone - Sign in.feature"): Feature file: 'Include/features/EK-8491 IS iPhone - Sign in.feature' was passed

19-03-2024T10:41:40 - [MESSAGE][INFO] - Starting run keyword runFeatureFile: 'Include/features/EK-8491 IS iPhone - Sign in.feature' and extract report to folder: '/Users/safaamarir/git/Android_Automation/Reports/20240319_104136/IS iPhone/Menu and other services/20240319_104137/cucumber_report/1710844900596'...

19-03-2024T10:41:40 - [MESSAGE][PASSED] - Feature file: 'Include/features/EK-8491 IS iPhone - Sign in.feature' was passed

19-03-2024T10:41:40 - [TEST_STEP][PASSED] - startApplication(IPA, true): Started app at: '/Users/safaamarir/APK/IOS/IS/IS_PreProd_2.1.5_214.ipa'

19-03-2024T10:41:40 - [MESSAGE][INFO] - User set preference: ['automationName', 'XCUITest']

19-03-2024T10:41:40 - [MESSAGE][INFO] - User set preference: ['deviceId', '00008110-00112D590CD0201E']

19-03-2024T10:41:50 - [MESSAGE][WARNING] - Failed to start ios_webkit_debug_proxy on default port 27753

19-03-2024T10:41:50 - [MESSAGE][INFO] - Detected NodeJS location: "/opt/homebrew/Cellar/node/21.7.1/bin/node"

19-03-2024T10:41:50 - [MESSAGE][INFO] - PATH: /opt/homebrew/Cellar/node/21.7.1/bin:/opt/homebrew/bin:/usr/bin:/bin:/usr/sbin:/sbin:/usr/local/bin

19-03-2024T10:41:51 - [MESSAGE][INFO] - APPIUM_HOME: /Users/safaamarir/.appium

19-03-2024T10:41:51 - [MESSAGE][INFO] - appium outlog: /Users/safaamarir/git/Android_Automation/Reports/20240319_104136/IS iPhone/Menu and other services/20240319_104137/appium.log

19-03-2024T10:41:51 - [MESSAGE][INFO] - appium errlog: /Users/safaamarir/git/Android_Automation/Reports/20240319_104136/IS iPhone/Menu and other services/20240319_104137/appium_error.log

19-03-2024T10:41:52 - [MESSAGE][INFO] - Appium server started on port 60,130

19-03-2024T10:42:18 - [MESSAGE][PASSED] - Started app at: '/Users/safaamarir/APK/IOS/IS/IS_PreProd_2.1.5_214.ipa'

19-03-2024T10:42:18 - [TEST_STEP][PASSED] - tap(findTestObject("Object Repository/IOS/User Management/Sign In/XCUIElementTypeButton - Allow"), 30): Tapped on element 'Object Repository/IOS/User Management/Sign In/XCUIElementTypeButton - Allow'

19-03-2024T10:42:19 - [MESSAGE][PASSED] - Tapped on element 'Object Repository/IOS/User Management/Sign In/XCUIElementTypeButton - Allow'

19-03-2024T10:42:19 - [TEST_STEP][PASSED] - setText(findTestObject("Object Repository/IOS/User Management/Sign In/XCUIElementTypeTextField - username"), LoginCreds.get("username"), 30): Text 'katalon' has been set to element 'Object Repository/IOS/User Management/Sign In/XCUIElementTypeTextField - username'

19-03-2024T10:42:21 - [MESSAGE][PASSED] - Text 'katalon' has been set to element 'Object Repository/IOS/User Management/Sign In/XCUIElementTypeTextField - username'

19-03-2024T10:42:21 - [TEST_STEP][PASSED] - setText(findTestObject("Object Repository/IOS/User Management/Sign In/XCUIElementTypeSecureTextField - Passcode"), LoginCreds.get("password"), 30): Text 'eKare123@' has been set to element 'Object Repository/IOS/User Management/Sign In/XCUIElementTypeSecureTextField - Passcode'

19-03-2024T10:42:22 - [MESSAGE][PASSED] - Text 'eKare123@' has been set to element 'Object Repository/IOS/User Management/Sign In/XCUIElementTypeSecureTextField - Passcode'

19-03-2024T10:42:22 - [TEST_STEP][PASSED] - tap(findTestObject("Object Repository/IOS/User Management/Sign In/XCUIElementTypeOther - SIGN IN"), 30): Tapped on element 'Object Repository/IOS/User Management/Sign In/XCUIElementTypeOther - SIGN IN'

19-03-2024T10:42:24 - [MESSAGE][PASSED] - Tapped on element 'Object Repository/IOS/User Management/Sign In/XCUIElementTypeOther - SIGN IN'

19-03-2024T10:42:24 - [TEST_STEP][PASSED] - tap(findTestObject("IOS/User Management/Sign In/XCUIElementTypeOther - Katalon"), 30): Tapped on element 'Object Repository/IOS/User Management/Sign In/XCUIElementTypeOther - Katalon'

19-03-2024T10:42:25 - [MESSAGE][PASSED] - Tapped on element 'Object Repository/IOS/User Management/Sign In/XCUIElementTypeOther - Katalon'

19-03-2024T10:42:25 - [TEST_STEP][PASSED] - delay(10): Delayed 10 second(s)

19-03-2024T10:42:35 - [MESSAGE][PASSED] - Delayed 10 second(s)

19-03-2024T10:42:37 - [TEST_STEP][PASSED] - Video: Video recording for test case 'Test Cases/IOS/User Management/EK-8491 IS iPhone - Sign in' .

19-03-2024T10:42:37 - [MESSAGE][INFO] - Video recording for test case 'Test Cases/IOS/User Management/EK-8491 IS iPhone - Sign in' .]]></system-out>
         <system-err><![CDATA[]]></system-err>
      </testcase>
      <testcase name="Test Cases/IOS/Menu and other services/EK-8590 IS iPhone - Automatic adjustment of the dates" time="71.21" classname="Test Cases/IOS/Menu and other services/EK-8590 IS iPhone - Automatic adjustment of the dates" status="PASSED">
         <system-out><![CDATA[19-03-2024T10:42:37 - [TEST_CASE][PASSED] - Test Cases/IOS/Menu and other services/EK-8590 IS iPhone - Automatic adjustment of the dates: Test Cases/IOS/Menu and other services/EK-8590 IS iPhone - Automatic adjustment of the dates

19-03-2024T10:42:37 - [TEST_STEP][PASSED] - Start listener action : beforeTestCase: null

19-03-2024T10:42:37 - [TEST_STEP][PASSED] - addDefaultPackages(): null

19-03-2024T10:42:37 - [TEST_STEP][PASSED] - runFeatureFile("Include/features/EK-8590 IS iPhone - Automatic adjustment of the dates.feature"): Feature file: 'Include/features/EK-8590 IS iPhone - Automatic adjustment of the dates.feature' was passed

19-03-2024T10:42:37 - [MESSAGE][INFO] - Starting run keyword runFeatureFile: 'Include/features/EK-8590 IS iPhone - Automatic adjustment of the dates.feature' and extract report to folder: '/Users/safaamarir/git/Android_Automation/Reports/20240319_104136/IS iPhone/Menu and other services/20240319_104137/cucumber_report/1710844957650'...

19-03-2024T10:42:37 - [MESSAGE][PASSED] - Feature file: 'Include/features/EK-8590 IS iPhone - Automatic adjustment of the dates.feature' was passed

19-03-2024T10:42:37 - [TEST_STEP][PASSED] - callTestCase(findTestCase("IOS/User Management/EK-8491 IS iPhone - Sign in"), [:], STOP_ON_FAILURE): Call Test Case 'Test Cases/IOS/User Management/EK-8491 IS iPhone - Sign in' successfully

19-03-2024T10:42:37 - [TEST_CASE][PASSED] - Test Cases/IOS/User Management/EK-8491 IS iPhone - Sign in: Test Cases/IOS/User Management/EK-8491 IS iPhone - Sign in

19-03-2024T10:42:37 - [TEST_STEP][PASSED] - runFeatureFile("Include/features/EK-8491 IS iPhone - Sign in.feature"): Feature file: 'Include/features/EK-8491 IS iPhone - Sign in.feature' was passed

19-03-2024T10:42:37 - [MESSAGE][INFO] - Starting run keyword runFeatureFile: 'Include/features/EK-8491 IS iPhone - Sign in.feature' and extract report to folder: '/Users/safaamarir/git/Android_Automation/Reports/20240319_104136/IS iPhone/Menu and other services/20240319_104137/cucumber_report/1710844957726'...

19-03-2024T10:42:37 - [MESSAGE][PASSED] - Feature file: 'Include/features/EK-8491 IS iPhone - Sign in.feature' was passed

19-03-2024T10:42:37 - [TEST_STEP][PASSED] - startApplication(IPA, true): Started app at: '/Users/safaamarir/APK/IOS/IS/IS_PreProd_2.1.5_214.ipa'

19-03-2024T10:42:37 - [MESSAGE][INFO] - User set preference: ['automationName', 'XCUITest']

19-03-2024T10:42:37 - [MESSAGE][INFO] - User set preference: ['deviceId', '00008110-00112D590CD0201E']

19-03-2024T10:42:47 - [MESSAGE][WARNING] - Failed to start ios_webkit_debug_proxy on default port 27753

19-03-2024T10:43:17 - [MESSAGE][PASSED] - Started app at: '/Users/safaamarir/APK/IOS/IS/IS_PreProd_2.1.5_214.ipa'

19-03-2024T10:43:17 - [TEST_STEP][PASSED] - tap(findTestObject("Object Repository/IOS/User Management/Sign In/XCUIElementTypeButton - Allow"), 30): Tapped on element 'Object Repository/IOS/User Management/Sign In/XCUIElementTypeButton - Allow'

19-03-2024T10:43:18 - [MESSAGE][PASSED] - Tapped on element 'Object Repository/IOS/User Management/Sign In/XCUIElementTypeButton - Allow'

19-03-2024T10:43:18 - [TEST_STEP][PASSED] - setText(findTestObject("Object Repository/IOS/User Management/Sign In/XCUIElementTypeTextField - username"), LoginCreds.get("username"), 30): Text 'katalon' has been set to element 'Object Repository/IOS/User Management/Sign In/XCUIElementTypeTextField - username'

19-03-2024T10:43:20 - [MESSAGE][PASSED] - Text 'katalon' has been set to element 'Object Repository/IOS/User Management/Sign In/XCUIElementTypeTextField - username'

19-03-2024T10:43:20 - [TEST_STEP][PASSED] - setText(findTestObject("Object Repository/IOS/User Management/Sign In/XCUIElementTypeSecureTextField - Passcode"), LoginCreds.get("password"), 30): Text 'eKare123@' has been set to element 'Object Repository/IOS/User Management/Sign In/XCUIElementTypeSecureTextField - Passcode'

19-03-2024T10:43:21 - [MESSAGE][PASSED] - Text 'eKare123@' has been set to element 'Object Repository/IOS/User Management/Sign In/XCUIElementTypeSecureTextField - Passcode'

19-03-2024T10:43:21 - [TEST_STEP][PASSED] - tap(findTestObject("Object Repository/IOS/User Management/Sign In/XCUIElementTypeOther - SIGN IN"), 30): Tapped on element 'Object Repository/IOS/User Management/Sign In/XCUIElementTypeOther - SIGN IN'

19-03-2024T10:43:23 - [MESSAGE][PASSED] - Tapped on element 'Object Repository/IOS/User Management/Sign In/XCUIElementTypeOther - SIGN IN'

19-03-2024T10:43:23 - [TEST_STEP][PASSED] - tap(findTestObject("IOS/User Management/Sign In/XCUIElementTypeOther - Katalon"), 30): Tapped on element 'Object Repository/IOS/User Management/Sign In/XCUIElementTypeOther - Katalon'

19-03-2024T10:43:24 - [MESSAGE][PASSED] - Tapped on element 'Object Repository/IOS/User Management/Sign In/XCUIElementTypeOther - Katalon'

19-03-2024T10:43:24 - [TEST_STEP][PASSED] - delay(10): Delayed 10 second(s)

19-03-2024T10:43:34 - [MESSAGE][PASSED] - Delayed 10 second(s)

19-03-2024T10:43:34 - [MESSAGE][PASSED] - Call Test Case 'Test Cases/IOS/User Management/EK-8491 IS iPhone - Sign in' successfully

19-03-2024T10:43:34 - [TEST_STEP][PASSED] - tap(findTestObject("Object Repository/IOS/Menu and Other Sevices/Data Auto adjusment/XCUIElementTypeOther - Menu"), 0): Tapped on element 'Object Repository/IOS/Menu and Other Sevices/Data Auto adjusment/XCUIElementTypeOther - Menu'

19-03-2024T10:43:34 - [MESSAGE][WARNING] - Timeout '0' is invalid. Using default page load timeout: '30'

19-03-2024T10:43:35 - [MESSAGE][PASSED] - Tapped on element 'Object Repository/IOS/Menu and Other Sevices/Data Auto adjusment/XCUIElementTypeOther - Menu'

19-03-2024T10:43:35 - [TEST_STEP][PASSED] - tap(findTestObject("Object Repository/IOS/Menu and Other Sevices/Data Auto adjusment/XCUIElementTypeOther - Site"), 0): Tapped on element 'Object Repository/IOS/Menu and Other Sevices/Data Auto adjusment/XCUIElementTypeOther - Site'

19-03-2024T10:43:35 - [MESSAGE][WARNING] - Timeout '0' is invalid. Using default page load timeout: '30'

19-03-2024T10:43:37 - [MESSAGE][PASSED] - Tapped on element 'Object Repository/IOS/Menu and Other Sevices/Data Auto adjusment/XCUIElementTypeOther - Site'

19-03-2024T10:43:37 - [TEST_STEP][PASSED] - tap(findTestObject("Object Repository/IOS/Menu and Other Sevices/Data Auto adjusment/XCUIElementTypeOther - site user"), 0): Tapped on element 'Object Repository/IOS/Menu and Other Sevices/Data Auto adjusment/XCUIElementTypeOther - site user'

19-03-2024T10:43:37 - [MESSAGE][WARNING] - Timeout '0' is invalid. Using default page load timeout: '30'

19-03-2024T10:43:39 - [MESSAGE][PASSED] - Tapped on element 'Object Repository/IOS/Menu and Other Sevices/Data Auto adjusment/XCUIElementTypeOther - site user'

19-03-2024T10:43:39 - [TEST_STEP][PASSED] - date1 = getText(findTestObject("IOS/Menu and Other Sevices/Data Auto adjusment/XCUIElementTypeOther - Katalon, Test 20230727 24M    MRN 900ui No Consent"), 30): Text of element 'Object Repository/IOS/Menu and Other Sevices/Data Auto adjusment/XCUIElementTypeOther - Katalon, Test 20230727 24M    MRN 900ui No Consent' is: 'Katalon, Test 2023/07/27 24M  /  MRN: 900ui No Consent'

19-03-2024T10:43:43 - [MESSAGE][PASSED] - Text of element 'Object Repository/IOS/Menu and Other Sevices/Data Auto adjusment/XCUIElementTypeOther - Katalon, Test 20230727 24M    MRN 900ui No Consent' is: 'Katalon, Test 2023/07/27 24M  /  MRN: 900ui No Consent'

19-03-2024T10:43:43 - [TEST_STEP][PASSED] - regex = "^\w+,\s\w+\s\d{4}/\d{2}/\d{2}": null

19-03-2024T10:43:43 - [TEST_STEP][PASSED] - pattern = Pattern.compile(regex): null

19-03-2024T10:43:43 - [TEST_STEP][PASSED] - matcher = pattern.matcher(date1): null

19-03-2024T10:43:43 - [TEST_STEP][PASSED] - isMatch = matcher.find(): null

19-03-2024T10:43:43 - [TEST_STEP][PASSED] - if (isMatch == true): Tapped on element 'Object Repository/IOS/Menu and Other Sevices/Data Auto adjusment/XCUIElementTypeOther - Katalon'

19-03-2024T10:43:43 - [TEST_STEP][PASSED] - tap(findTestObject("Object Repository/IOS/Menu and Other Sevices/Data Auto adjusment/XCUIElementTypeOther - Menu"), 0): Tapped on element 'Object Repository/IOS/Menu and Other Sevices/Data Auto adjusment/XCUIElementTypeOther - Menu'

19-03-2024T10:43:43 - [MESSAGE][WARNING] - Timeout '0' is invalid. Using default page load timeout: '30'

19-03-2024T10:43:44 - [MESSAGE][PASSED] - Tapped on element 'Object Repository/IOS/Menu and Other Sevices/Data Auto adjusment/XCUIElementTypeOther - Menu'

19-03-2024T10:43:44 - [TEST_STEP][PASSED] - tap(findTestObject("Object Repository/IOS/Menu and Other Sevices/Data Auto adjusment/XCUIElementTypeOther - Site"), 0): Tapped on element 'Object Repository/IOS/Menu and Other Sevices/Data Auto adjusment/XCUIElementTypeOther - Site'

19-03-2024T10:43:44 - [MESSAGE][WARNING] - Timeout '0' is invalid. Using default page load timeout: '30'

19-03-2024T10:43:45 - [MESSAGE][PASSED] - Tapped on element 'Object Repository/IOS/Menu and Other Sevices/Data Auto adjusment/XCUIElementTypeOther - Site'

19-03-2024T10:43:45 - [TEST_STEP][PASSED] - tap(findTestObject("Object Repository/IOS/Menu and Other Sevices/Data Auto adjusment/XCUIElementTypeOther - Katalon"), 0): Tapped on element 'Object Repository/IOS/Menu and Other Sevices/Data Auto adjusment/XCUIElementTypeOther - Katalon'

19-03-2024T10:43:45 - [MESSAGE][WARNING] - Timeout '0' is invalid. Using default page load timeout: '30'

19-03-2024T10:43:46 - [MESSAGE][PASSED] - Tapped on element 'Object Repository/IOS/Menu and Other Sevices/Data Auto adjusment/XCUIElementTypeOther - Katalon'

19-03-2024T10:43:48 - [TEST_STEP][PASSED] - Video: Video recording for test case 'Test Cases/IOS/Menu and other services/EK-8590 IS iPhone - Automatic adjustment of the dates' .

19-03-2024T10:43:48 - [MESSAGE][INFO] - Video recording for test case 'Test Cases/IOS/Menu and other services/EK-8590 IS iPhone - Automatic adjustment of the dates' .]]></system-out>
         <system-err><![CDATA[]]></system-err>
      </testcase>
      <testcase name="Test Cases/IOS/Menu and other services/EK-8591 IS iPhone - Phone general tutorial" time="18.215" classname="Test Cases/IOS/Menu and other services/EK-8591 IS iPhone - Phone general tutorial" status="PASSED">
         <system-out><![CDATA[19-03-2024T10:43:48 - [TEST_CASE][PASSED] - Test Cases/IOS/Menu and other services/EK-8591 IS iPhone - Phone general tutorial: Test Cases/IOS/Menu and other services/EK-8591 IS iPhone - Phone general tutorial

19-03-2024T10:43:48 - [TEST_STEP][PASSED] - Start listener action : beforeTestCase: null

19-03-2024T10:43:48 - [TEST_STEP][PASSED] - addDefaultPackages(): null

19-03-2024T10:43:48 - [TEST_STEP][PASSED] - runFeatureFile("Include/features/EK-8591 IS iPhone - Phone general tutorial.feature"): Feature file: 'Include/features/EK-8591 IS iPhone - Phone general tutorial.feature' was passed

19-03-2024T10:43:48 - [MESSAGE][INFO] - Starting run keyword runFeatureFile: 'Include/features/EK-8591 IS iPhone - Phone general tutorial.feature' and extract report to folder: '/Users/safaamarir/git/Android_Automation/Reports/20240319_104136/IS iPhone/Menu and other services/20240319_104137/cucumber_report/1710845028824'...

19-03-2024T10:43:48 - [MESSAGE][PASSED] - Feature file: 'Include/features/EK-8591 IS iPhone - Phone general tutorial.feature' was passed

19-03-2024T10:43:48 - [TEST_STEP][PASSED] - tap(findTestObject("Object Repository/IOS/User Management/Login as a user with multiple sites/XCUIElementTypeOther - Menu (1)"), 30): Tapped on element 'Object Repository/IOS/User Management/Login as a user with multiple sites/XCUIElementTypeOther - Menu (1)'

19-03-2024T10:43:50 - [MESSAGE][PASSED] - Tapped on element 'Object Repository/IOS/User Management/Login as a user with multiple sites/XCUIElementTypeOther - Menu (1)'

19-03-2024T10:43:50 - [TEST_STEP][PASSED] - tap(findTestObject("Object Repository/IOS/Menu and Other Sevices/Phone tuto/XCUIElementTypeOther - Help"), 30): Tapped on element 'Object Repository/IOS/Menu and Other Sevices/Phone tuto/XCUIElementTypeOther - Help'

19-03-2024T10:43:52 - [MESSAGE][PASSED] - Tapped on element 'Object Repository/IOS/Menu and Other Sevices/Phone tuto/XCUIElementTypeOther - Help'

19-03-2024T10:43:52 - [TEST_STEP][PASSED] - tap(findTestObject("Object Repository/IOS/Menu and Other Sevices/Phone tuto/XCUIElementTypeOther - App Intro"), 30): Tapped on element 'Object Repository/IOS/Menu and Other Sevices/Phone tuto/XCUIElementTypeOther - App Intro'

19-03-2024T10:43:54 - [MESSAGE][PASSED] - Tapped on element 'Object Repository/IOS/Menu and Other Sevices/Phone tuto/XCUIElementTypeOther - App Intro'

19-03-2024T10:43:54 - [TEST_STEP][PASSED] - verifyElementExist(findTestObject("Object Repository/IOS/Menu and Other Sevices/Phone tuto/XCUIElementTypeImage"), 30): Element 'Object Repository/IOS/Menu and Other Sevices/Phone tuto/XCUIElementTypeImage' is exist

19-03-2024T10:43:54 - [MESSAGE][PASSED] - Element 'Object Repository/IOS/Menu and Other Sevices/Phone tuto/XCUIElementTypeImage' is exist

19-03-2024T10:43:54 - [TEST_STEP][PASSED] - verifyElementText(findTestObject("Object Repository/IOS/Menu and Other Sevices/Phone tuto/XCUIElementTypeStaticText - To start, add a new patient or select from your list"), "To start, add a new patient or select from your list"): Actual text and expected text of test object 'Object Repository/IOS/Menu and Other Sevices/Phone tuto/XCUIElementTypeStaticText - To start, add a new patient or select from your list' are matched.

19-03-2024T10:43:55 - [MESSAGE][PASSED] - Actual text and expected text of test object 'Object Repository/IOS/Menu and Other Sevices/Phone tuto/XCUIElementTypeStaticText - To start, add a new patient or select from your list' are matched.

19-03-2024T10:43:55 - [TEST_STEP][PASSED] - tap(findTestObject("Object Repository/IOS/Menu and Other Sevices/Phone tuto/XCUIElementTypeOther - next"), 30): Tapped on element 'Object Repository/IOS/Menu and Other Sevices/Phone tuto/XCUIElementTypeOther - next'

19-03-2024T10:43:56 - [MESSAGE][PASSED] - Tapped on element 'Object Repository/IOS/Menu and Other Sevices/Phone tuto/XCUIElementTypeOther - next'

19-03-2024T10:43:56 - [TEST_STEP][PASSED] - verifyElementText(findTestObject("Object Repository/IOS/Menu and Other Sevices/Phone tuto/XCUIElementTypeStaticText - Add new or select an existing wound"), "Add new or select an existing wound."): Actual text and expected text of test object 'Object Repository/IOS/Menu and Other Sevices/Phone tuto/XCUIElementTypeStaticText - Add new or select an existing wound' are matched.

19-03-2024T10:43:57 - [MESSAGE][PASSED] - Actual text and expected text of test object 'Object Repository/IOS/Menu and Other Sevices/Phone tuto/XCUIElementTypeStaticText - Add new or select an existing wound' are matched.

19-03-2024T10:43:57 - [TEST_STEP][PASSED] - tap(findTestObject("IOS/Menu and Other Sevices/Phone tuto/XCUIElementTypeOther - Next (1)"), 30): Tapped on element 'Object Repository/IOS/Menu and Other Sevices/Phone tuto/XCUIElementTypeOther - Next (1)'

19-03-2024T10:43:58 - [MESSAGE][PASSED] - Tapped on element 'Object Repository/IOS/Menu and Other Sevices/Phone tuto/XCUIElementTypeOther - Next (1)'

19-03-2024T10:43:58 - [TEST_STEP][PASSED] - verifyElementText(findTestObject("Object Repository/IOS/Menu and Other Sevices/Phone tuto/XCUIElementTypeOther - Measure wound dimensions and color composition"), "Measure wound dimensions and color composition"): Actual text and expected text of test object 'Object Repository/IOS/Menu and Other Sevices/Phone tuto/XCUIElementTypeOther - Measure wound dimensions and color composition' are matched.

19-03-2024T10:43:59 - [MESSAGE][PASSED] - Actual text and expected text of test object 'Object Repository/IOS/Menu and Other Sevices/Phone tuto/XCUIElementTypeOther - Measure wound dimensions and color composition' are matched.

19-03-2024T10:43:59 - [TEST_STEP][PASSED] - tap(findTestObject("Object Repository/IOS/Menu and Other Sevices/Phone tuto/XCUIElementTypeOther - Next (1)"), 30): Tapped on element 'Object Repository/IOS/Menu and Other Sevices/Phone tuto/XCUIElementTypeOther - Next (1)'

19-03-2024T10:44:00 - [MESSAGE][PASSED] - Tapped on element 'Object Repository/IOS/Menu and Other Sevices/Phone tuto/XCUIElementTypeOther - Next (1)'

19-03-2024T10:44:00 - [TEST_STEP][PASSED] - verifyElementText(findTestObject("IOS/Menu and Other Sevices/Phone tuto/XCUIElementTypeStaticText - Enter clinical information for documentation and reporting"), "Enter clinical information for documentation and reporting"): Actual text and expected text of test object 'Object Repository/IOS/Menu and Other Sevices/Phone tuto/XCUIElementTypeStaticText - Enter clinical information for documentation and reporting' are matched.

19-03-2024T10:44:01 - [MESSAGE][PASSED] - Actual text and expected text of test object 'Object Repository/IOS/Menu and Other Sevices/Phone tuto/XCUIElementTypeStaticText - Enter clinical information for documentation and reporting' are matched.

19-03-2024T10:44:01 - [TEST_STEP][PASSED] - tap(findTestObject("IOS/Menu and Other Sevices/Phone tuto/XCUIElementTypeOther - Next (1)"), 0): Tapped on element 'Object Repository/IOS/Menu and Other Sevices/Phone tuto/XCUIElementTypeOther - Next (1)'

19-03-2024T10:44:01 - [MESSAGE][WARNING] - Timeout '0' is invalid. Using default page load timeout: '30'

19-03-2024T10:44:02 - [MESSAGE][PASSED] - Tapped on element 'Object Repository/IOS/Menu and Other Sevices/Phone tuto/XCUIElementTypeOther - Next (1)'

19-03-2024T10:44:02 - [TEST_STEP][PASSED] - checkElement(findTestObject("IOS/Menu and Other Sevices/Phone tuto/XCUIElementTypeStaticText - Monitor wound and healing progress"), 0): Element 'Object Repository/IOS/Menu and Other Sevices/Phone tuto/XCUIElementTypeStaticText - Monitor wound and healing progress' is checked

19-03-2024T10:44:02 - [MESSAGE][WARNING] - Timeout '0' is invalid. Using default page load timeout: '30'

19-03-2024T10:44:03 - [MESSAGE][PASSED] - Element 'Object Repository/IOS/Menu and Other Sevices/Phone tuto/XCUIElementTypeStaticText - Monitor wound and healing progress' is checked

19-03-2024T10:44:03 - [TEST_STEP][PASSED] - tap(findTestObject("IOS/Menu and Other Sevices/Phone tuto/XCUIElementTypeOther - Got it"), 0): Tapped on element 'Object Repository/IOS/Menu and Other Sevices/Phone tuto/XCUIElementTypeOther - Got it'

19-03-2024T10:44:03 - [MESSAGE][WARNING] - Timeout '0' is invalid. Using default page load timeout: '30'

19-03-2024T10:44:05 - [MESSAGE][PASSED] - Tapped on element 'Object Repository/IOS/Menu and Other Sevices/Phone tuto/XCUIElementTypeOther - Got it'

19-03-2024T10:44:07 - [TEST_STEP][PASSED] - Video: Video recording for test case 'Test Cases/IOS/Menu and other services/EK-8591 IS iPhone - Phone general tutorial' .

19-03-2024T10:44:07 - [MESSAGE][INFO] - Video recording for test case 'Test Cases/IOS/Menu and other services/EK-8591 IS iPhone - Phone general tutorial' .]]></system-out>
         <system-err><![CDATA[]]></system-err>
      </testcase>
      <testcase name="Test Cases/IOS/Menu and other services/EK-8592 IS iPhone - Language" time="22.78" classname="Test Cases/IOS/Menu and other services/EK-8592 IS iPhone - Language" status="PASSED">
         <system-out><![CDATA[19-03-2024T10:44:07 - [TEST_CASE][PASSED] - Test Cases/IOS/Menu and other services/EK-8592 IS iPhone - Language: Test Cases/IOS/Menu and other services/EK-8592 IS iPhone - Language

19-03-2024T10:44:07 - [TEST_STEP][PASSED] - Start listener action : beforeTestCase: null

19-03-2024T10:44:07 - [TEST_STEP][PASSED] - addDefaultPackages(): null

19-03-2024T10:44:07 - [TEST_STEP][PASSED] - runFeatureFile("Include/features/EK-8592 IS iPhone - Language.feature"): Feature file: 'Include/features/EK-8592 IS iPhone - Language.feature' was passed

19-03-2024T10:44:07 - [MESSAGE][INFO] - Starting run keyword runFeatureFile: 'Include/features/EK-8592 IS iPhone - Language.feature' and extract report to folder: '/Users/safaamarir/git/Android_Automation/Reports/20240319_104136/IS iPhone/Menu and other services/20240319_104137/cucumber_report/1710845047042'...

19-03-2024T10:44:07 - [MESSAGE][PASSED] - Feature file: 'Include/features/EK-8592 IS iPhone - Language.feature' was passed

19-03-2024T10:44:07 - [TEST_STEP][PASSED] - tap(findTestObject("Object Repository/IOS/User Management/Login as a user with multiple sites/XCUIElementTypeOther - Menu (1)"), 30): Tapped on element 'Object Repository/IOS/User Management/Login as a user with multiple sites/XCUIElementTypeOther - Menu (1)'

19-03-2024T10:44:08 - [MESSAGE][PASSED] - Tapped on element 'Object Repository/IOS/User Management/Login as a user with multiple sites/XCUIElementTypeOther - Menu (1)'

19-03-2024T10:44:08 - [TEST_STEP][PASSED] - tap(findTestObject("Object Repository/IOS/Menu and Other Sevices/Language/XCUIElementTypeOther - Settings"), 30): Tapped on element 'Object Repository/IOS/Menu and Other Sevices/Language/XCUIElementTypeOther - Settings'

19-03-2024T10:44:10 - [MESSAGE][PASSED] - Tapped on element 'Object Repository/IOS/Menu and Other Sevices/Language/XCUIElementTypeOther - Settings'

19-03-2024T10:44:10 - [TEST_STEP][PASSED] - tap(findTestObject("Object Repository/IOS/Menu and Other Sevices/Language/XCUIElementTypeOther - Language English"), 30): Tapped on element 'Object Repository/IOS/Menu and Other Sevices/Language/XCUIElementTypeOther - Language English'

19-03-2024T10:44:11 - [MESSAGE][PASSED] - Tapped on element 'Object Repository/IOS/Menu and Other Sevices/Language/XCUIElementTypeOther - Language English'

19-03-2024T10:44:11 - [TEST_STEP][PASSED] - tap(findTestObject("Object Repository/IOS/Menu and Other Sevices/Language/XCUIElementTypeOther -"), 30): Tapped on element 'Object Repository/IOS/Menu and Other Sevices/Language/XCUIElementTypeOther -'

19-03-2024T10:44:12 - [MESSAGE][PASSED] - Tapped on element 'Object Repository/IOS/Menu and Other Sevices/Language/XCUIElementTypeOther -'

19-03-2024T10:44:12 - [TEST_STEP][PASSED] - tap(findTestObject("Object Repository/IOS/Menu and Other Sevices/Language/XCUIElementTypeOther - add wound"), 30): Tapped on element 'Object Repository/IOS/Menu and Other Sevices/Language/XCUIElementTypeOther - add wound'

19-03-2024T10:44:17 - [MESSAGE][PASSED] - Tapped on element 'Object Repository/IOS/Menu and Other Sevices/Language/XCUIElementTypeOther - add wound'

19-03-2024T10:44:17 - [TEST_STEP][PASSED] - verifyElementText(findTestObject("Object Repository/IOS/Menu and Other Sevices/Language/XCUIElementTypeOther - (1)"), "病人记录"): Actual text and expected text of test object 'Object Repository/IOS/Menu and Other Sevices/Language/XCUIElementTypeOther - (1)' are matched.

19-03-2024T10:44:18 - [MESSAGE][PASSED] - Actual text and expected text of test object 'Object Repository/IOS/Menu and Other Sevices/Language/XCUIElementTypeOther - (1)' are matched.

19-03-2024T10:44:18 - [TEST_STEP][PASSED] - verifyElementText(findTestObject("Object Repository/IOS/Menu and Other Sevices/Language/XCUIElementTypeOther - (2)"), "添加新患者"): Actual text and expected text of test object 'Object Repository/IOS/Menu and Other Sevices/Language/XCUIElementTypeOther - (2)' are matched.

19-03-2024T10:44:19 - [MESSAGE][PASSED] - Actual text and expected text of test object 'Object Repository/IOS/Menu and Other Sevices/Language/XCUIElementTypeOther - (2)' are matched.

19-03-2024T10:44:19 - [TEST_STEP][PASSED] - verifyElementText(findTestObject("Object Repository/IOS/Menu and Other Sevices/Language/XCUIElementTypeOther - (3)"), "保存"): Actual text and expected text of test object 'Object Repository/IOS/Menu and Other Sevices/Language/XCUIElementTypeOther - (3)' are matched.

19-03-2024T10:44:20 - [MESSAGE][PASSED] - Actual text and expected text of test object 'Object Repository/IOS/Menu and Other Sevices/Language/XCUIElementTypeOther - (3)' are matched.

19-03-2024T10:44:20 - [TEST_STEP][PASSED] - tap(findTestObject("Object Repository/IOS/Menu and Other Sevices/Language/XCUIElementTypeOther - Back (1)"), 30): Tapped on element 'Object Repository/IOS/Menu and Other Sevices/Language/XCUIElementTypeOther - Back (1)'

19-03-2024T10:44:21 - [MESSAGE][PASSED] - Tapped on element 'Object Repository/IOS/Menu and Other Sevices/Language/XCUIElementTypeOther - Back (1)'

19-03-2024T10:44:21 - [TEST_STEP][PASSED] - tap(findTestObject("Object Repository/IOS/User Management/Login as a user with multiple sites/XCUIElementTypeOther - Menu (1)"), 30): Tapped on element 'Object Repository/IOS/User Management/Login as a user with multiple sites/XCUIElementTypeOther - Menu (1)'

19-03-2024T10:44:23 - [MESSAGE][PASSED] - Tapped on element 'Object Repository/IOS/User Management/Login as a user with multiple sites/XCUIElementTypeOther - Menu (1)'

19-03-2024T10:44:23 - [TEST_STEP][PASSED] - tap(findTestObject("Object Repository/IOS/Menu and Other Sevices/Language/XCUIElementTypeOther - Settings"), 30): Tapped on element 'Object Repository/IOS/Menu and Other Sevices/Language/XCUIElementTypeOther - Settings'

19-03-2024T10:44:25 - [MESSAGE][PASSED] - Tapped on element 'Object Repository/IOS/Menu and Other Sevices/Language/XCUIElementTypeOther - Settings'

19-03-2024T10:44:25 - [TEST_STEP][PASSED] - tap(findTestObject("Object Repository/IOS/Menu and Other Sevices/Language/XCUIElementTypeOther - Language English"), 30): Tapped on element 'Object Repository/IOS/Menu and Other Sevices/Language/XCUIElementTypeOther - Language English'

19-03-2024T10:44:26 - [MESSAGE][PASSED] - Tapped on element 'Object Repository/IOS/Menu and Other Sevices/Language/XCUIElementTypeOther - Language English'

19-03-2024T10:44:26 - [TEST_STEP][PASSED] - tap(findTestObject("Object Repository/IOS/Menu and Other Sevices/Language/XCUIElementTypeOther - English"), 30): Tapped on element 'Object Repository/IOS/Menu and Other Sevices/Language/XCUIElementTypeOther - English'

19-03-2024T10:44:27 - [MESSAGE][PASSED] - Tapped on element 'Object Repository/IOS/Menu and Other Sevices/Language/XCUIElementTypeOther - English'

19-03-2024T10:44:29 - [TEST_STEP][PASSED] - Video: Video recording for test case 'Test Cases/IOS/Menu and other services/EK-8592 IS iPhone - Language' .

19-03-2024T10:44:29 - [MESSAGE][INFO] - Video recording for test case 'Test Cases/IOS/Menu and other services/EK-8592 IS iPhone - Language' .]]></system-out>
         <system-err><![CDATA[]]></system-err>
      </testcase>
      <testcase name="Test Cases/IOS/Menu and other services/EK-8593 IS iPhone - Help" time="31.033" classname="Test Cases/IOS/Menu and other services/EK-8593 IS iPhone - Help" status="PASSED">
         <system-out><![CDATA[19-03-2024T10:44:29 - [TEST_CASE][PASSED] - Test Cases/IOS/Menu and other services/EK-8593 IS iPhone - Help: Test Cases/IOS/Menu and other services/EK-8593 IS iPhone - Help

19-03-2024T10:44:29 - [TEST_STEP][PASSED] - Start listener action : beforeTestCase: null

19-03-2024T10:44:29 - [TEST_STEP][PASSED] - addDefaultPackages(): null

19-03-2024T10:44:29 - [TEST_STEP][PASSED] - runFeatureFile("Include/features/EK-8593 IS iPhone - Help.feature"): Feature file: 'Include/features/EK-8593 IS iPhone - Help.feature' was passed

19-03-2024T10:44:29 - [MESSAGE][INFO] - Starting run keyword runFeatureFile: 'Include/features/EK-8593 IS iPhone - Help.feature' and extract report to folder: '/Users/safaamarir/git/Android_Automation/Reports/20240319_104136/IS iPhone/Menu and other services/20240319_104137/cucumber_report/1710845069818'...

19-03-2024T10:44:29 - [MESSAGE][PASSED] - Feature file: 'Include/features/EK-8593 IS iPhone - Help.feature' was passed

19-03-2024T10:44:29 - [TEST_STEP][PASSED] - tap(findTestObject("Object Repository/IOS/User Management/Login as a user with multiple sites/XCUIElementTypeOther - Menu (1)"), 30): Tapped on element 'Object Repository/IOS/User Management/Login as a user with multiple sites/XCUIElementTypeOther - Menu (1)'

19-03-2024T10:44:32 - [MESSAGE][PASSED] - Tapped on element 'Object Repository/IOS/User Management/Login as a user with multiple sites/XCUIElementTypeOther - Menu (1)'

19-03-2024T10:44:32 - [TEST_STEP][PASSED] - tap(findTestObject("Object Repository/IOS/Menu and Other Sevices/Help/XCUIElementTypeOther - Help"), 30): Tapped on element 'Object Repository/IOS/Menu and Other Sevices/Help/XCUIElementTypeOther - Help'

19-03-2024T10:44:33 - [MESSAGE][PASSED] - Tapped on element 'Object Repository/IOS/Menu and Other Sevices/Help/XCUIElementTypeOther - Help'

19-03-2024T10:44:33 - [TEST_STEP][PASSED] - tap(findTestObject("Object Repository/IOS/Menu and Other Sevices/Help/XCUIElementTypeOther - Help Center"), 30): Tapped on element 'Object Repository/IOS/Menu and Other Sevices/Help/XCUIElementTypeOther - Help Center'

19-03-2024T10:44:35 - [MESSAGE][PASSED] - Tapped on element 'Object Repository/IOS/Menu and Other Sevices/Help/XCUIElementTypeOther - Help Center'

19-03-2024T10:44:35 - [TEST_STEP][PASSED] - verifyElementExist(findTestObject("Object Repository/IOS/Menu and Other Sevices/Help/XCUIElementTypeStaticText - Help"), 30): Element 'Object Repository/IOS/Menu and Other Sevices/Help/XCUIElementTypeStaticText - Help' is exist

19-03-2024T10:44:37 - [MESSAGE][PASSED] - Element 'Object Repository/IOS/Menu and Other Sevices/Help/XCUIElementTypeStaticText - Help' is exist

19-03-2024T10:44:37 - [TEST_STEP][PASSED] - tap(findTestObject("Object Repository/IOS/Menu and Other Sevices/Help/XCUIElementTypeButton - Cancel"), 30): Tapped on element 'Object Repository/IOS/Menu and Other Sevices/Help/XCUIElementTypeButton - Cancel'

19-03-2024T10:44:39 - [MESSAGE][PASSED] - Tapped on element 'Object Repository/IOS/Menu and Other Sevices/Help/XCUIElementTypeButton - Cancel'

19-03-2024T10:44:39 - [TEST_STEP][PASSED] - tap(findTestObject("Object Repository/IOS/Menu and Other Sevices/Help/XCUIElementTypeOther - Help"), 30): Tapped on element 'Object Repository/IOS/Menu and Other Sevices/Help/XCUIElementTypeOther - Help'

19-03-2024T10:44:41 - [MESSAGE][PASSED] - Tapped on element 'Object Repository/IOS/Menu and Other Sevices/Help/XCUIElementTypeOther - Help'

19-03-2024T10:44:41 - [TEST_STEP][PASSED] - tap(findTestObject("Object Repository/IOS/Menu and Other Sevices/Help/XCUIElementTypeOther - Send device info"), 30): Tapped on element 'Object Repository/IOS/Menu and Other Sevices/Help/XCUIElementTypeOther - Send device info'

19-03-2024T10:44:43 - [MESSAGE][PASSED] - Tapped on element 'Object Repository/IOS/Menu and Other Sevices/Help/XCUIElementTypeOther - Send device info'

19-03-2024T10:44:43 - [TEST_STEP][PASSED] - verifyElementText(findTestObject("Object Repository/IOS/Menu and Other Sevices/Help/XCUIElementTypeStaticText - Device hardware and software information will be sent to eKare for troubleshooting"), "Device hardware and software information will be sent to eKare for troubleshooting"): Actual text and expected text of test object 'Object Repository/IOS/Menu and Other Sevices/Help/XCUIElementTypeStaticText - Device hardware and software information will be sent to eKare for troubleshooting' are matched.

19-03-2024T10:44:44 - [MESSAGE][PASSED] - Actual text and expected text of test object 'Object Repository/IOS/Menu and Other Sevices/Help/XCUIElementTypeStaticText - Device hardware and software information will be sent to eKare for troubleshooting' are matched.

19-03-2024T10:44:44 - [TEST_STEP][PASSED] - verifyElementExist(findTestObject("Object Repository/IOS/Menu and Other Sevices/Help/XCUIElementTypeButton - Cancel (1)"), 30): Element 'Object Repository/IOS/Menu and Other Sevices/Help/XCUIElementTypeButton - Cancel (1)' is exist

19-03-2024T10:44:46 - [MESSAGE][PASSED] - Element 'Object Repository/IOS/Menu and Other Sevices/Help/XCUIElementTypeButton - Cancel (1)' is exist

19-03-2024T10:44:46 - [TEST_STEP][PASSED] - tap(findTestObject("Object Repository/IOS/Menu and Other Sevices/Help/XCUIElementTypeButton - Proceed"), 30): Tapped on element 'Object Repository/IOS/Menu and Other Sevices/Help/XCUIElementTypeButton - Proceed'

19-03-2024T10:44:48 - [MESSAGE][PASSED] - Tapped on element 'Object Repository/IOS/Menu and Other Sevices/Help/XCUIElementTypeButton - Proceed'

19-03-2024T10:44:48 - [TEST_STEP][PASSED] - verifyElementText(findTestObject("Object Repository/IOS/Menu and Other Sevices/Help/XCUIElementTypeStaticText - Information sent successfully"), "Information sent successfully"): Actual text and expected text of test object 'Object Repository/IOS/Menu and Other Sevices/Help/XCUIElementTypeStaticText - Information sent successfully' are matched.

19-03-2024T10:44:51 - [MESSAGE][PASSED] - Actual text and expected text of test object 'Object Repository/IOS/Menu and Other Sevices/Help/XCUIElementTypeStaticText - Information sent successfully' are matched.

19-03-2024T10:44:51 - [TEST_STEP][PASSED] - tap(findTestObject("Object Repository/IOS/Menu and Other Sevices/Help/XCUIElementTypeButton - OK"), 30): Tapped on element 'Object Repository/IOS/Menu and Other Sevices/Help/XCUIElementTypeButton - OK'

19-03-2024T10:44:54 - [MESSAGE][PASSED] - Tapped on element 'Object Repository/IOS/Menu and Other Sevices/Help/XCUIElementTypeButton - OK'

19-03-2024T10:44:54 - [TEST_STEP][PASSED] - tap(findTestObject("Object Repository/IOS/User Management/Login as a user with multiple sites/XCUIElementTypeOther - Menu (1)"), 30): Tapped on element 'Object Repository/IOS/User Management/Login as a user with multiple sites/XCUIElementTypeOther - Menu (1)'

19-03-2024T10:44:55 - [MESSAGE][PASSED] - Tapped on element 'Object Repository/IOS/User Management/Login as a user with multiple sites/XCUIElementTypeOther - Menu (1)'

19-03-2024T10:44:55 - [TEST_STEP][PASSED] - tap(findTestObject("Object Repository/IOS/Menu and Other Sevices/Help/XCUIElementTypeOther - Help"), 30): Tapped on element 'Object Repository/IOS/Menu and Other Sevices/Help/XCUIElementTypeOther - Help'

19-03-2024T10:44:57 - [MESSAGE][PASSED] - Tapped on element 'Object Repository/IOS/Menu and Other Sevices/Help/XCUIElementTypeOther - Help'

19-03-2024T10:44:57 - [TEST_STEP][PASSED] - tap(findTestObject("Object Repository/IOS/Menu and Other Sevices/Help/XCUIElementTypeOther - Send back up"), 30): Tapped on element 'Object Repository/IOS/Menu and Other Sevices/Help/XCUIElementTypeOther - Send back up'

19-03-2024T10:44:58 - [MESSAGE][PASSED] - Tapped on element 'Object Repository/IOS/Menu and Other Sevices/Help/XCUIElementTypeOther - Send back up'

19-03-2024T10:45:00 - [TEST_STEP][PASSED] - Video: Video recording for test case 'Test Cases/IOS/Menu and other services/EK-8593 IS iPhone - Help' .

19-03-2024T10:45:00 - [MESSAGE][INFO] - Video recording for test case 'Test Cases/IOS/Menu and other services/EK-8593 IS iPhone - Help' .]]></system-out>
         <system-err><![CDATA[]]></system-err>
      </testcase>
      <system-out><![CDATA[19-03-2024T10:41:40 - [TEST_SUITE][PASSED] - Menu and other services: Test Cases/IOS/Menu and other services/EK-8593 IS iPhone - Help]]></system-out>
      <system-err><![CDATA[]]></system-err>
   </testsuite>
</testsuites>
