<?xml version="1.0" encoding="UTF-8"?>
<testsuites name="EU Android User Management" time="315.022" tests="7" failures="0" errors="0">
   <testsuite name="EU Android User Management" tests="7" failures="0" errors="0" time="315.022" skipped="0" timestamp="12-01-2024T11:01:24" hostname="safaamarir - localhost" id="Test Suites/EU Android phone/EU Android User Management">
      <properties>
         <property name="deviceName" value="samsung SM-N975F (Android 12)"/>
         <property name="devicePlatform" value=""/>
         <property name="logFolder" value="/Users/safaamarir/git/Android_Automation/Reports/20240112_110121/EU Android phone/EU Android User Management/20240112_110121"/>
         <property name="logFiles" value="/Users/safaamarir/git/Android_Automation/Reports/20240112_110121/EU Android phone/EU Android User Management/20240112_110121/execution0.log, /Users/safaamarir/git/Android_Automation/Reports/20240112_110121/EU Android phone/EU Android User Management/20240112_110121/appium_error.log, /Users/safaamarir/git/Android_Automation/Reports/20240112_110121/EU Android phone/EU Android User Management/20240112_110121/appium.log"/>
         <property name="attachments" value=""/>
         <property name="hostName" value="safaamarir - localhost"/>
         <property name="os" value="Mac OS X 64bit"/>
         <property name="appiumServerStatus" value="{&quot;value&quot;:{&quot;ready&quot;:true,&quot;message&quot;:&quot;The server is ready to accept new connections&quot;,&quot;build&quot;:{&quot;version&quot;:&quot;2.4.1&quot;,&quot;git-sha&quot;:&quot;b3751bca8c4a3c76107d5aa3b75b81db93cf4bb6&quot;,&quot;built&quot;:&quot;2024-01-07 16:04:51 -0800&quot;}}}"/>
         <property name="katalonVersion" value="9.2.0.212"/>
         <property name="deviceOS" value="Android"/>
         <property name="appiumVersion" value="2.4.1"/>
         <property name="deviceModel" value="SM-N975F"/>
         <property name="hostAddress" value="127.0.0.1"/>
         <property name="deviceManufacturer" value="samsung"/>
         <property name="deviceId" value="RF8N307NKZV"/>
         <property name="deviceName" value="samsung SM-N975F (Android 12)"/>
         <property name="deviceOSVersion" value="12"/>
      </properties>
      <testcase name="Test Cases/Android/EU Android/User Management/EK-8292 EU Android - Terms  Condition  Privacy  Policy" time="48.641" classname="Test Cases/Android/EU Android/User Management/EK-8292 EU Android - Terms  Condition  Privacy  Policy" status="PASSED">
         <system-out><![CDATA[12-01-2024T11:01:24 - [TEST_CASE][PASSED] - Test Cases/Android/EU Android/User Management/EK-8292 EU Android - Terms  Condition  Privacy  Policy: Test Cases/Android/EU Android/User Management/EK-8292 EU Android - Terms  Condition  Privacy  Policy

12-01-2024T11:01:24 - [TEST_STEP][PASSED] - Start listener action : beforeTestCase: null

12-01-2024T11:01:24 - [TEST_STEP][PASSED] - addDefaultPackages(): null

12-01-2024T11:01:24 - [TEST_STEP][PASSED] - runFeatureFile("Include/features/EK-8292 EU Android - Terms  Condition  Privacy  Policy.feature"): Feature file: 'Include/features/EK-8292 EU Android - Terms  Condition  Privacy  Policy.feature' was passed

12-01-2024T11:01:25 - [MESSAGE][INFO] - Starting run keyword runFeatureFile: 'Include/features/EK-8292 EU Android - Terms  Condition  Privacy  Policy.feature' and extract report to folder: '/Users/safaamarir/git/Android_Automation/Reports/20240112_110121/EU Android phone/EU Android User Management/20240112_110121/cucumber_report/1705053684998'...

12-01-2024T11:01:25 - [MESSAGE][PASSED] - Feature file: 'Include/features/EK-8292 EU Android - Terms  Condition  Privacy  Policy.feature' was passed

12-01-2024T11:01:25 - [TEST_STEP][PASSED] - startApplication(LoginCreds.get("APK"), true): Started app at: '/Users/safaamarir/APK/Android/EU/181-EU-preprod.apk'

12-01-2024T11:01:25 - [MESSAGE][INFO] - User set preference: ['automationName', 'Uiautomator2']

12-01-2024T11:01:25 - [MESSAGE][INFO] - User set preference: ['appWaitActivity', '*']

12-01-2024T11:01:25 - [MESSAGE][INFO] - User set preference: ['deviceId', '']

12-01-2024T11:01:25 - [MESSAGE][INFO] - Detected NodeJS location: "/opt/homebrew/Cellar/node/21.5.0/bin/node"

12-01-2024T11:01:25 - [MESSAGE][INFO] - PATH: /opt/homebrew/Cellar/node/21.5.0/bin:/opt/homebrew/bin:/usr/bin:/bin:/usr/sbin:/sbin:/Applications/Katalon Studio Arm64.app/Contents/Eclipse/jre/Contents/Home/bin:/usr/local/bin/

12-01-2024T11:01:25 - [MESSAGE][INFO] - APPIUM_HOME: /Users/safaamarir/.appium

12-01-2024T11:01:25 - [MESSAGE][INFO] - appium outlog: /Users/safaamarir/git/Android_Automation/Reports/20240112_110121/EU Android phone/EU Android User Management/20240112_110121/appium.log

12-01-2024T11:01:25 - [MESSAGE][INFO] - appium errlog: /Users/safaamarir/git/Android_Automation/Reports/20240112_110121/EU Android phone/EU Android User Management/20240112_110121/appium_error.log

12-01-2024T11:01:26 - [MESSAGE][INFO] - Appium server started on port 53,646

12-01-2024T11:01:53 - [MESSAGE][PASSED] - Started app at: '/Users/safaamarir/APK/Android/EU/181-EU-preprod.apk'

12-01-2024T11:01:53 - [TEST_STEP][PASSED] - verifyElementText(findTestObject("Android/Login Page/Terms  Conditions"), "Terms & Conditions"): Actual text and expected text of test object 'Object Repository/Android/Login Page/Terms  Conditions' are matched.

12-01-2024T11:01:57 - [MESSAGE][PASSED] - Actual text and expected text of test object 'Object Repository/Android/Login Page/Terms  Conditions' are matched.

12-01-2024T11:01:57 - [TEST_STEP][PASSED] - verifyElementText(findTestObject("Android/Login Page/Privacy Policy"), "Privacy Policy"): Actual text and expected text of test object 'Object Repository/Android/Login Page/Privacy Policy' are matched.

12-01-2024T11:01:57 - [MESSAGE][PASSED] - Actual text and expected text of test object 'Object Repository/Android/Login Page/Privacy Policy' are matched.

12-01-2024T11:01:57 - [TEST_STEP][PASSED] - tap(findTestObject("Android/Login Page/Terms  Conditions"), 60): Tapped on element 'Object Repository/Android/Login Page/Terms  Conditions'

12-01-2024T11:01:57 - [MESSAGE][PASSED] - Tapped on element 'Object Repository/Android/Login Page/Terms  Conditions'

12-01-2024T11:01:57 - [TEST_STEP][PASSED] - delay(5, STOP_ON_FAILURE): Delayed 5 second(s)

12-01-2024T11:02:02 - [MESSAGE][PASSED] - Delayed 5 second(s)

12-01-2024T11:02:02 - [TEST_STEP][PASSED] - verifyElementText(findTestObject("Android/Login Page/Terms and Conditions Page"), "Terms and Conditions"): Actual text and expected text of test object 'Object Repository/Android/Login Page/Terms and Conditions Page' are matched.

12-01-2024T11:02:03 - [MESSAGE][PASSED] - Actual text and expected text of test object 'Object Repository/Android/Login Page/Terms and Conditions Page' are matched.

12-01-2024T11:02:03 - [TEST_STEP][PASSED] - pressBack(): Press back button successfully

12-01-2024T11:02:04 - [MESSAGE][PASSED] - Press back button successfully

12-01-2024T11:02:04 - [TEST_STEP][PASSED] - tap(findTestObject("Android/Login Page/Privacy Policy"), 60): Tapped on element 'Object Repository/Android/Login Page/Privacy Policy'

12-01-2024T11:02:04 - [MESSAGE][PASSED] - Tapped on element 'Object Repository/Android/Login Page/Privacy Policy'

12-01-2024T11:02:04 - [TEST_STEP][PASSED] - delay(5, STOP_ON_FAILURE): Delayed 5 second(s)

12-01-2024T11:02:09 - [MESSAGE][PASSED] - Delayed 5 second(s)

12-01-2024T11:02:09 - [TEST_STEP][PASSED] - verifyElementText(findTestObject("Android/Login Page/Privacy Policy Page"), "Privacy Policy"): Actual text and expected text of test object 'Object Repository/Android/Login Page/Privacy Policy Page' are matched.

12-01-2024T11:02:10 - [MESSAGE][PASSED] - Actual text and expected text of test object 'Object Repository/Android/Login Page/Privacy Policy Page' are matched.

12-01-2024T11:02:10 - [TEST_STEP][PASSED] - pressBack(): Press back button successfully

12-01-2024T11:02:11 - [MESSAGE][PASSED] - Press back button successfully

12-01-2024T11:02:13 - [TEST_STEP][PASSED] - Video: Video recording for test case 'Test Cases/Android/EU Android/User Management/EK-8292 EU Android - Terms  Condition  Privacy  Policy' .

12-01-2024T11:02:13 - [MESSAGE][INFO] - Video recording for test case 'Test Cases/Android/EU Android/User Management/EK-8292 EU Android - Terms  Condition  Privacy  Policy' .]]></system-out>
         <system-err><![CDATA[]]></system-err>
      </testcase>
      <testcase name="Test Cases/Android/EU Android/User Management/EK-8291 EU Android - Restore Password" time="14.253" classname="Test Cases/Android/EU Android/User Management/EK-8291 EU Android - Restore Password" status="PASSED">
         <system-out><![CDATA[12-01-2024T11:02:13 - [TEST_CASE][PASSED] - Test Cases/Android/EU Android/User Management/EK-8291 EU Android - Restore Password: Test Cases/Android/EU Android/User Management/EK-8291 EU Android - Restore Password

12-01-2024T11:02:13 - [TEST_STEP][PASSED] - Start listener action : beforeTestCase: null

12-01-2024T11:02:13 - [TEST_STEP][PASSED] - addDefaultPackages(): null

12-01-2024T11:02:13 - [TEST_STEP][PASSED] - runFeatureFile("Include/features/EK-8291 EU Android - Restore Password.feature"): Feature file: 'Include/features/EK-8291 EU Android - Restore Password.feature' was passed

12-01-2024T11:02:13 - [MESSAGE][INFO] - Starting run keyword runFeatureFile: 'Include/features/EK-8291 EU Android - Restore Password.feature' and extract report to folder: '/Users/safaamarir/git/Android_Automation/Reports/20240112_110121/EU Android phone/EU Android User Management/20240112_110121/cucumber_report/1705053733359'...

12-01-2024T11:02:13 - [MESSAGE][PASSED] - Feature file: 'Include/features/EK-8291 EU Android - Restore Password.feature' was passed

12-01-2024T11:02:13 - [TEST_STEP][PASSED] - startApplication(LoginCreds.get("APK"), false): Started app at: '/Users/safaamarir/APK/Android/EU/181-EU-preprod.apk'

12-01-2024T11:02:13 - [MESSAGE][INFO] - User set preference: ['automationName', 'Uiautomator2']

12-01-2024T11:02:13 - [MESSAGE][INFO] - User set preference: ['appWaitActivity', '*']

12-01-2024T11:02:13 - [MESSAGE][INFO] - User set preference: ['deviceId', '']

12-01-2024T11:02:18 - [MESSAGE][PASSED] - Started app at: '/Users/safaamarir/APK/Android/EU/181-EU-preprod.apk'

12-01-2024T11:02:18 - [TEST_STEP][PASSED] - tap(findTestObject("Android/IS/User Management/Restore Password/android.widget.TextView - Forgot your password"), 30): Tapped on element 'Object Repository/Android/IS/User Management/Restore Password/android.widget.TextView - Forgot your password'

12-01-2024T11:02:19 - [MESSAGE][PASSED] - Tapped on element 'Object Repository/Android/IS/User Management/Restore Password/android.widget.TextView - Forgot your password'

12-01-2024T11:02:19 - [TEST_STEP][PASSED] - setText(findTestObject("Android/Login Page/Restore Password/Username input"), LoginCreds.get("username"), 30): Text 'katalon' has been set to element 'Object Repository/Android/Login Page/Restore Password/Username input'

12-01-2024T11:02:21 - [MESSAGE][PASSED] - Text 'katalon' has been set to element 'Object Repository/Android/Login Page/Restore Password/Username input'

12-01-2024T11:02:21 - [TEST_STEP][PASSED] - setText(findTestObject("Android/Login Page/Restore Password/Email input"), LoginCreds.get("email"), 30): Text 'samarir@masaratapp.com' has been set to element 'Object Repository/Android/Login Page/Restore Password/Email input'

12-01-2024T11:02:24 - [MESSAGE][PASSED] - Text 'samarir@masaratapp.com' has been set to element 'Object Repository/Android/Login Page/Restore Password/Email input'

12-01-2024T11:02:24 - [TEST_STEP][PASSED] - tap(findTestObject("Android/Login Page/Restore Password/Restore Password"), 30): Tapped on element 'Object Repository/Android/Login Page/Restore Password/Restore Password'

12-01-2024T11:02:24 - [MESSAGE][PASSED] - Tapped on element 'Object Repository/Android/Login Page/Restore Password/Restore Password'

12-01-2024T11:02:24 - [TEST_STEP][PASSED] - pressBack(): Press back button successfully

12-01-2024T11:02:25 - [MESSAGE][PASSED] - Press back button successfully

12-01-2024T11:02:27 - [TEST_STEP][PASSED] - Video: Video recording for test case 'Test Cases/Android/EU Android/User Management/EK-8291 EU Android - Restore Password' .

12-01-2024T11:02:27 - [MESSAGE][INFO] - Video recording for test case 'Test Cases/Android/EU Android/User Management/EK-8291 EU Android - Restore Password' .]]></system-out>
         <system-err><![CDATA[]]></system-err>
      </testcase>
      <testcase name="Test Cases/Android/EU Android/User Management/EK-8293 EU Android - Disable after 10 login attempts" time="26.935" classname="Test Cases/Android/EU Android/User Management/EK-8293 EU Android - Disable after 10 login attempts" status="PASSED">
         <system-out><![CDATA[12-01-2024T11:02:27 - [TEST_CASE][PASSED] - Test Cases/Android/EU Android/User Management/EK-8293 EU Android - Disable after 10 login attempts: Test Cases/Android/EU Android/User Management/EK-8293 EU Android - Disable after 10 login attempts

12-01-2024T11:02:27 - [TEST_STEP][PASSED] - Start listener action : beforeTestCase: null

12-01-2024T11:02:27 - [TEST_STEP][PASSED] - addDefaultPackages(): null

12-01-2024T11:02:27 - [TEST_STEP][PASSED] - runFeatureFile("Include/features/EK-8293 EU Android - Disable after 10 login attempts.feature"): Feature file: 'Include/features/EK-8293 EU Android - Disable after 10 login attempts.feature' was passed

12-01-2024T11:02:27 - [MESSAGE][INFO] - Starting run keyword runFeatureFile: 'Include/features/EK-8293 EU Android - Disable after 10 login attempts.feature' and extract report to folder: '/Users/safaamarir/git/Android_Automation/Reports/20240112_110121/EU Android phone/EU Android User Management/20240112_110121/cucumber_report/1705053747621'...

12-01-2024T11:02:27 - [MESSAGE][PASSED] - Feature file: 'Include/features/EK-8293 EU Android - Disable after 10 login attempts.feature' was passed

12-01-2024T11:02:27 - [TEST_STEP][PASSED] - setText(findTestObject("Android/Login Page/Username input"), "Test10times", 30): Text 'Test10times' has been set to element 'Object Repository/Android/Login Page/Username input'

12-01-2024T11:02:29 - [MESSAGE][PASSED] - Text 'Test10times' has been set to element 'Object Repository/Android/Login Page/Username input'

12-01-2024T11:02:29 - [TEST_STEP][PASSED] - setText(findTestObject("Android/Login Page/Password input"), "123", 30): Text '123' has been set to element 'Object Repository/Android/Login Page/Password input'

12-01-2024T11:02:31 - [MESSAGE][PASSED] - Text '123' has been set to element 'Object Repository/Android/Login Page/Password input'

12-01-2024T11:02:31 - [TEST_STEP][PASSED] - tap(findTestObject("Android/Login Page/Sign in"), 30): Tapped on element 'Object Repository/Android/Login Page/Sign in'

12-01-2024T11:02:31 - [MESSAGE][PASSED] - Tapped on element 'Object Repository/Android/Login Page/Sign in'

12-01-2024T11:02:31 - [TEST_STEP][PASSED] - verifyElementText(findTestObject("Android/Login Page/Failed Login message"), "Login failed. Incorrect credentials !"): Actual text and expected text of test object 'Object Repository/Android/Login Page/Failed Login message' are matched.

12-01-2024T11:02:33 - [MESSAGE][PASSED] - Actual text and expected text of test object 'Object Repository/Android/Login Page/Failed Login message' are matched.

12-01-2024T11:02:33 - [TEST_STEP][PASSED] - tap(findTestObject("Android/Login Page/Login failed OK"), 30): Tapped on element 'Object Repository/Android/Login Page/Login failed OK'

12-01-2024T11:02:34 - [MESSAGE][PASSED] - Tapped on element 'Object Repository/Android/Login Page/Login failed OK'

12-01-2024T11:02:34 - [TEST_STEP][PASSED] - tap(findTestObject("Android/Login Page/Sign in"), 30): Tapped on element 'Object Repository/Android/Login Page/Sign in'

12-01-2024T11:02:34 - [MESSAGE][PASSED] - Tapped on element 'Object Repository/Android/Login Page/Sign in'

12-01-2024T11:02:34 - [TEST_STEP][PASSED] - verifyElementText(findTestObject("Android/Login Page/Failed Login message"), "Login failed. Incorrect credentials !"): Actual text and expected text of test object 'Object Repository/Android/Login Page/Failed Login message' are matched.

12-01-2024T11:02:35 - [MESSAGE][PASSED] - Actual text and expected text of test object 'Object Repository/Android/Login Page/Failed Login message' are matched.

12-01-2024T11:02:35 - [TEST_STEP][PASSED] - tap(findTestObject("Android/Login Page/Login failed OK"), 30): Tapped on element 'Object Repository/Android/Login Page/Login failed OK'

12-01-2024T11:02:36 - [MESSAGE][PASSED] - Tapped on element 'Object Repository/Android/Login Page/Login failed OK'

12-01-2024T11:02:36 - [TEST_STEP][PASSED] - tap(findTestObject("Android/Login Page/Sign in"), 30): Tapped on element 'Object Repository/Android/Login Page/Sign in'

12-01-2024T11:02:36 - [MESSAGE][PASSED] - Tapped on element 'Object Repository/Android/Login Page/Sign in'

12-01-2024T11:02:36 - [TEST_STEP][PASSED] - verifyElementText(findTestObject("Android/Login Page/Failed Login message"), "Login failed. Incorrect credentials !"): Actual text and expected text of test object 'Object Repository/Android/Login Page/Failed Login message' are matched.

12-01-2024T11:02:37 - [MESSAGE][PASSED] - Actual text and expected text of test object 'Object Repository/Android/Login Page/Failed Login message' are matched.

12-01-2024T11:02:37 - [TEST_STEP][PASSED] - tap(findTestObject("Android/Login Page/Login failed OK"), 30): Tapped on element 'Object Repository/Android/Login Page/Login failed OK'

12-01-2024T11:02:37 - [MESSAGE][PASSED] - Tapped on element 'Object Repository/Android/Login Page/Login failed OK'

12-01-2024T11:02:37 - [TEST_STEP][PASSED] - tap(findTestObject("Android/Login Page/Sign in"), 30): Tapped on element 'Object Repository/Android/Login Page/Sign in'

12-01-2024T11:02:38 - [MESSAGE][PASSED] - Tapped on element 'Object Repository/Android/Login Page/Sign in'

12-01-2024T11:02:38 - [TEST_STEP][PASSED] - verifyElementText(findTestObject("Android/Login Page/Failed Login message"), "Login failed. Incorrect credentials !"): Actual text and expected text of test object 'Object Repository/Android/Login Page/Failed Login message' are matched.

12-01-2024T11:02:39 - [MESSAGE][PASSED] - Actual text and expected text of test object 'Object Repository/Android/Login Page/Failed Login message' are matched.

12-01-2024T11:02:39 - [TEST_STEP][PASSED] - tap(findTestObject("Android/Login Page/Login failed OK"), 30): Tapped on element 'Object Repository/Android/Login Page/Login failed OK'

12-01-2024T11:02:39 - [MESSAGE][PASSED] - Tapped on element 'Object Repository/Android/Login Page/Login failed OK'

12-01-2024T11:02:39 - [TEST_STEP][PASSED] - tap(findTestObject("Android/Login Page/Sign in"), 30): Tapped on element 'Object Repository/Android/Login Page/Sign in'

12-01-2024T11:02:40 - [MESSAGE][PASSED] - Tapped on element 'Object Repository/Android/Login Page/Sign in'

12-01-2024T11:02:40 - [TEST_STEP][PASSED] - verifyElementText(findTestObject("Android/Login Page/Failed Login message"), "Login failed. Incorrect credentials !"): Actual text and expected text of test object 'Object Repository/Android/Login Page/Failed Login message' are matched.

12-01-2024T11:02:41 - [MESSAGE][PASSED] - Actual text and expected text of test object 'Object Repository/Android/Login Page/Failed Login message' are matched.

12-01-2024T11:02:41 - [TEST_STEP][PASSED] - tap(findTestObject("Android/Login Page/Login failed OK"), 30): Tapped on element 'Object Repository/Android/Login Page/Login failed OK'

12-01-2024T11:02:42 - [MESSAGE][PASSED] - Tapped on element 'Object Repository/Android/Login Page/Login failed OK'

12-01-2024T11:02:42 - [TEST_STEP][PASSED] - tap(findTestObject("Android/Login Page/Sign in"), 30): Tapped on element 'Object Repository/Android/Login Page/Sign in'

12-01-2024T11:02:42 - [MESSAGE][PASSED] - Tapped on element 'Object Repository/Android/Login Page/Sign in'

12-01-2024T11:02:42 - [TEST_STEP][PASSED] - verifyElementText(findTestObject("Android/Login Page/Failed Login message"), "Login failed. Incorrect credentials !"): Actual text and expected text of test object 'Object Repository/Android/Login Page/Failed Login message' are matched.

12-01-2024T11:02:43 - [MESSAGE][PASSED] - Actual text and expected text of test object 'Object Repository/Android/Login Page/Failed Login message' are matched.

12-01-2024T11:02:43 - [TEST_STEP][PASSED] - tap(findTestObject("Android/Login Page/Login failed OK"), 30): Tapped on element 'Object Repository/Android/Login Page/Login failed OK'

12-01-2024T11:02:44 - [MESSAGE][PASSED] - Tapped on element 'Object Repository/Android/Login Page/Login failed OK'

12-01-2024T11:02:44 - [TEST_STEP][PASSED] - tap(findTestObject("Android/Login Page/Sign in"), 30): Tapped on element 'Object Repository/Android/Login Page/Sign in'

12-01-2024T11:02:44 - [MESSAGE][PASSED] - Tapped on element 'Object Repository/Android/Login Page/Sign in'

12-01-2024T11:02:44 - [TEST_STEP][PASSED] - verifyElementText(findTestObject("Android/Login Page/Failed Login message"), "Login failed. Incorrect credentials !"): Actual text and expected text of test object 'Object Repository/Android/Login Page/Failed Login message' are matched.

12-01-2024T11:02:45 - [MESSAGE][PASSED] - Actual text and expected text of test object 'Object Repository/Android/Login Page/Failed Login message' are matched.

12-01-2024T11:02:45 - [TEST_STEP][PASSED] - tap(findTestObject("Android/Login Page/Login failed OK"), 30): Tapped on element 'Object Repository/Android/Login Page/Login failed OK'

12-01-2024T11:02:46 - [MESSAGE][PASSED] - Tapped on element 'Object Repository/Android/Login Page/Login failed OK'

12-01-2024T11:02:46 - [TEST_STEP][PASSED] - tap(findTestObject("Android/Login Page/Sign in"), 30): Tapped on element 'Object Repository/Android/Login Page/Sign in'

12-01-2024T11:02:46 - [MESSAGE][PASSED] - Tapped on element 'Object Repository/Android/Login Page/Sign in'

12-01-2024T11:02:46 - [TEST_STEP][PASSED] - verifyElementText(findTestObject("Android/Login Page/Failed Login message"), "Login failed. Incorrect credentials !"): Actual text and expected text of test object 'Object Repository/Android/Login Page/Failed Login message' are matched.

12-01-2024T11:02:47 - [MESSAGE][PASSED] - Actual text and expected text of test object 'Object Repository/Android/Login Page/Failed Login message' are matched.

12-01-2024T11:02:47 - [TEST_STEP][PASSED] - tap(findTestObject("Android/Login Page/Login failed OK"), 30): Tapped on element 'Object Repository/Android/Login Page/Login failed OK'

12-01-2024T11:02:48 - [MESSAGE][PASSED] - Tapped on element 'Object Repository/Android/Login Page/Login failed OK'

12-01-2024T11:02:48 - [TEST_STEP][PASSED] - tap(findTestObject("Android/Login Page/Sign in"), 30): Tapped on element 'Object Repository/Android/Login Page/Sign in'

12-01-2024T11:02:48 - [MESSAGE][PASSED] - Tapped on element 'Object Repository/Android/Login Page/Sign in'

12-01-2024T11:02:48 - [TEST_STEP][PASSED] - verifyElementText(findTestObject("Android/Login Page/Failed Login message"), "Login failed. Incorrect credentials !"): Actual text and expected text of test object 'Object Repository/Android/Login Page/Failed Login message' are matched.

12-01-2024T11:02:49 - [MESSAGE][PASSED] - Actual text and expected text of test object 'Object Repository/Android/Login Page/Failed Login message' are matched.

12-01-2024T11:02:49 - [TEST_STEP][PASSED] - tap(findTestObject("Android/Login Page/Login failed OK"), 30): Tapped on element 'Object Repository/Android/Login Page/Login failed OK'

12-01-2024T11:02:50 - [MESSAGE][PASSED] - Tapped on element 'Object Repository/Android/Login Page/Login failed OK'

12-01-2024T11:02:50 - [TEST_STEP][PASSED] - tap(findTestObject("Android/Login Page/Sign in"), 30): Tapped on element 'Object Repository/Android/Login Page/Sign in'

12-01-2024T11:02:50 - [MESSAGE][PASSED] - Tapped on element 'Object Repository/Android/Login Page/Sign in'

12-01-2024T11:02:50 - [TEST_STEP][PASSED] - verifyElementText(findTestObject("Android/Login Page/Account Disabled"), "Your account has been temporarily disabled due to repeated login failures. Please contact your administrator: samarir@masaratapp.com"): Actual text and expected text of test object 'Object Repository/Android/Login Page/Account Disabled' are matched.

12-01-2024T11:02:51 - [MESSAGE][PASSED] - Actual text and expected text of test object 'Object Repository/Android/Login Page/Account Disabled' are matched.

12-01-2024T11:02:51 - [TEST_STEP][PASSED] - tap(findTestObject("Android/Login Page/Account disabled OK"), 30): Tapped on element 'Object Repository/Android/Login Page/Account disabled OK'

12-01-2024T11:02:52 - [MESSAGE][PASSED] - Tapped on element 'Object Repository/Android/Login Page/Account disabled OK'

12-01-2024T11:02:54 - [TEST_STEP][PASSED] - Video: Video recording for test case 'Test Cases/Android/EU Android/User Management/EK-8293 EU Android - Disable after 10 login attempts' .

12-01-2024T11:02:54 - [MESSAGE][INFO] - Video recording for test case 'Test Cases/Android/EU Android/User Management/EK-8293 EU Android - Disable after 10 login attempts' .]]></system-out>
         <system-err><![CDATA[]]></system-err>
      </testcase>
      <testcase name="Test Cases/Android/EU Android/User Management/EK-8286 EU Android - Sign-in" time="19.605" classname="Test Cases/Android/EU Android/User Management/EK-8286 EU Android - Sign-in" status="PASSED">
         <system-out><![CDATA[12-01-2024T11:02:54 - [TEST_CASE][PASSED] - Test Cases/Android/EU Android/User Management/EK-8286 EU Android - Sign-in: Test Cases/Android/EU Android/User Management/EK-8286 EU Android - Sign-in

12-01-2024T11:02:54 - [TEST_STEP][PASSED] - Start listener action : beforeTestCase: null

12-01-2024T11:02:54 - [TEST_STEP][PASSED] - addDefaultPackages(): null

12-01-2024T11:02:54 - [TEST_STEP][PASSED] - runFeatureFile("Include/features/EK-8286 EU Android - Sign-in.feature"): Feature file: 'Include/features/EK-8286 EU Android - Sign-in.feature' was passed

12-01-2024T11:02:54 - [MESSAGE][INFO] - Starting run keyword runFeatureFile: 'Include/features/EK-8286 EU Android - Sign-in.feature' and extract report to folder: '/Users/safaamarir/git/Android_Automation/Reports/20240112_110121/EU Android phone/EU Android User Management/20240112_110121/cucumber_report/1705053774552'...

12-01-2024T11:02:54 - [MESSAGE][PASSED] - Feature file: 'Include/features/EK-8286 EU Android - Sign-in.feature' was passed

12-01-2024T11:02:54 - [TEST_STEP][PASSED] - startApplication(LoginCreds.get("APK"), false): Started app at: '/Users/safaamarir/APK/Android/EU/181-EU-preprod.apk'

12-01-2024T11:02:54 - [MESSAGE][INFO] - User set preference: ['automationName', 'Uiautomator2']

12-01-2024T11:02:54 - [MESSAGE][INFO] - User set preference: ['appWaitActivity', '*']

12-01-2024T11:02:54 - [MESSAGE][INFO] - User set preference: ['deviceId', '']

12-01-2024T11:02:59 - [MESSAGE][PASSED] - Started app at: '/Users/safaamarir/APK/Android/EU/181-EU-preprod.apk'

12-01-2024T11:02:59 - [TEST_STEP][PASSED] - setText(findTestObject("Android/Login Page/Username input"), LoginCreds.get("username"), 30): Text 'katalon' has been set to element 'Object Repository/Android/Login Page/Username input'

12-01-2024T11:03:01 - [MESSAGE][PASSED] - Text 'katalon' has been set to element 'Object Repository/Android/Login Page/Username input'

12-01-2024T11:03:01 - [TEST_STEP][PASSED] - setText(findTestObject("Android/Login Page/Password input"), LoginCreds.get("password"), 30): Text 'eKare123@' has been set to element 'Object Repository/Android/Login Page/Password input'

12-01-2024T11:03:03 - [MESSAGE][PASSED] - Text 'eKare123@' has been set to element 'Object Repository/Android/Login Page/Password input'

12-01-2024T11:03:03 - [TEST_STEP][PASSED] - tap(findTestObject("Android/Login Page/Sign in"), 30): Tapped on element 'Object Repository/Android/Login Page/Sign in'

12-01-2024T11:03:04 - [MESSAGE][PASSED] - Tapped on element 'Object Repository/Android/Login Page/Sign in'

12-01-2024T11:03:04 - [TEST_STEP][PASSED] - tap(findTestObject("Android/IS/User Management/Login/android.widget.TextView - Katalon"), 30): Tapped on element 'Object Repository/Android/IS/User Management/Login/android.widget.TextView - Katalon'

12-01-2024T11:03:06 - [MESSAGE][PASSED] - Tapped on element 'Object Repository/Android/IS/User Management/Login/android.widget.TextView - Katalon'

12-01-2024T11:03:06 - [TEST_STEP][PASSED] - delay(2, STOP_ON_FAILURE): Delayed 2 second(s)

12-01-2024T11:03:08 - [MESSAGE][PASSED] - Delayed 2 second(s)

12-01-2024T11:03:08 - [TEST_STEP][PASSED] - verifyElementExist(findTestObject("Android/IS/User Management/Login/android.widget.TextView - Patient Directory"), 30): Element 'Object Repository/Android/IS/User Management/Login/android.widget.TextView - Patient Directory' is exist

12-01-2024T11:03:12 - [MESSAGE][PASSED] - Element 'Object Repository/Android/IS/User Management/Login/android.widget.TextView - Patient Directory' is exist

12-01-2024T11:03:14 - [TEST_STEP][PASSED] - Video: Video recording for test case 'Test Cases/Android/EU Android/User Management/EK-8286 EU Android - Sign-in' .

12-01-2024T11:03:14 - [MESSAGE][INFO] - Video recording for test case 'Test Cases/Android/EU Android/User Management/EK-8286 EU Android - Sign-in' .]]></system-out>
         <system-err><![CDATA[]]></system-err>
      </testcase>
      <testcase name="Test Cases/Android/EU Android/User Management/EK-8287 EU Android - Logout" time="6.07" classname="Test Cases/Android/EU Android/User Management/EK-8287 EU Android - Logout" status="PASSED">
         <system-out><![CDATA[12-01-2024T11:03:14 - [TEST_CASE][PASSED] - Test Cases/Android/EU Android/User Management/EK-8287 EU Android - Logout: Test Cases/Android/EU Android/User Management/EK-8287 EU Android - Logout

12-01-2024T11:03:14 - [TEST_STEP][PASSED] - Start listener action : beforeTestCase: null

12-01-2024T11:03:14 - [TEST_STEP][PASSED] - addDefaultPackages(): null

12-01-2024T11:03:14 - [TEST_STEP][PASSED] - runFeatureFile("Include/features/EK-8287 EU Android - Logout.feature"): Feature file: 'Include/features/EK-8287 EU Android - Logout.feature' was passed

12-01-2024T11:03:14 - [MESSAGE][INFO] - Starting run keyword runFeatureFile: 'Include/features/EK-8287 EU Android - Logout.feature' and extract report to folder: '/Users/safaamarir/git/Android_Automation/Reports/20240112_110121/EU Android phone/EU Android User Management/20240112_110121/cucumber_report/1705053794158'...

12-01-2024T11:03:14 - [MESSAGE][PASSED] - Feature file: 'Include/features/EK-8287 EU Android - Logout.feature' was passed

12-01-2024T11:03:14 - [TEST_STEP][PASSED] - tap(findTestObject("Android/Patient Directory/Left Menu"), 0): Tapped on element 'Object Repository/Android/Patient Directory/Left Menu'

12-01-2024T11:03:14 - [MESSAGE][WARNING] - Timeout '0' is invalid. Using default page load timeout: '30'

12-01-2024T11:03:14 - [MESSAGE][PASSED] - Tapped on element 'Object Repository/Android/Patient Directory/Left Menu'

12-01-2024T11:03:14 - [TEST_STEP][PASSED] - tap(findTestObject("Android/Patient Directory/Account Menu (left menu)/Logout"), 0): Tapped on element 'Object Repository/Android/Patient Directory/Account Menu (left menu)/Logout'

12-01-2024T11:03:14 - [MESSAGE][WARNING] - Timeout '0' is invalid. Using default page load timeout: '30'

12-01-2024T11:03:16 - [MESSAGE][PASSED] - Tapped on element 'Object Repository/Android/Patient Directory/Account Menu (left menu)/Logout'

12-01-2024T11:03:16 - [TEST_STEP][PASSED] - tap(findTestObject("Android/Patient Directory/Account Menu (left menu)/Logout ( from menu)/CONFIRM logout"), 0): Tapped on element 'Object Repository/Android/Patient Directory/Account Menu (left menu)/Logout ( from menu)/CONFIRM logout'

12-01-2024T11:03:16 - [MESSAGE][WARNING] - Timeout '0' is invalid. Using default page load timeout: '30'

12-01-2024T11:03:18 - [MESSAGE][PASSED] - Tapped on element 'Object Repository/Android/Patient Directory/Account Menu (left menu)/Logout ( from menu)/CONFIRM logout'

12-01-2024T11:03:20 - [TEST_STEP][PASSED] - Video: Video recording for test case 'Test Cases/Android/EU Android/User Management/EK-8287 EU Android - Logout' .

12-01-2024T11:03:20 - [MESSAGE][INFO] - Video recording for test case 'Test Cases/Android/EU Android/User Management/EK-8287 EU Android - Logout' .]]></system-out>
         <system-err><![CDATA[]]></system-err>
      </testcase>
      <testcase name="Test Cases/Android/EU Android/User Management/EK-8294 EU Android - Login as a user with multiple sites" time="127.283" classname="Test Cases/Android/EU Android/User Management/EK-8294 EU Android - Login as a user with multiple sites" status="PASSED">
         <system-out><![CDATA[12-01-2024T11:03:20 - [TEST_CASE][PASSED] - Test Cases/Android/EU Android/User Management/EK-8294 EU Android - Login as a user with multiple sites: Test Cases/Android/EU Android/User Management/EK-8294 EU Android - Login as a user with multiple sites

12-01-2024T11:03:20 - [TEST_STEP][PASSED] - Start listener action : beforeTestCase: null

12-01-2024T11:03:20 - [TEST_STEP][PASSED] - addDefaultPackages(): null

12-01-2024T11:03:20 - [TEST_STEP][PASSED] - runFeatureFile("Include/features/EK-8294 EU Android - Login as a user with multiple sites.feature"): Feature file: 'Include/features/EK-8294 EU Android - Login as a user with multiple sites.feature' was passed

12-01-2024T11:03:20 - [MESSAGE][INFO] - Starting run keyword runFeatureFile: 'Include/features/EK-8294 EU Android - Login as a user with multiple sites.feature' and extract report to folder: '/Users/safaamarir/git/Android_Automation/Reports/20240112_110121/EU Android phone/EU Android User Management/20240112_110121/cucumber_report/1705053800231'...

12-01-2024T11:03:20 - [MESSAGE][PASSED] - Feature file: 'Include/features/EK-8294 EU Android - Login as a user with multiple sites.feature' was passed

12-01-2024T11:03:20 - [TEST_STEP][PASSED] - startApplication(LoginCreds.get("APK"), false): Started app at: '/Users/safaamarir/APK/Android/EU/181-EU-preprod.apk'

12-01-2024T11:03:20 - [MESSAGE][INFO] - User set preference: ['automationName', 'Uiautomator2']

12-01-2024T11:03:20 - [MESSAGE][INFO] - User set preference: ['appWaitActivity', '*']

12-01-2024T11:03:20 - [MESSAGE][INFO] - User set preference: ['deviceId', '']

12-01-2024T11:03:25 - [MESSAGE][PASSED] - Started app at: '/Users/safaamarir/APK/Android/EU/181-EU-preprod.apk'

12-01-2024T11:03:25 - [TEST_STEP][PASSED] - setText(findTestObject("Android/Login Page/Username input"), LoginCreds.get("siteuser"), 30): Text 'katalonSite' has been set to element 'Object Repository/Android/Login Page/Username input'

12-01-2024T11:03:27 - [MESSAGE][PASSED] - Text 'katalonSite' has been set to element 'Object Repository/Android/Login Page/Username input'

12-01-2024T11:03:27 - [TEST_STEP][PASSED] - setText(findTestObject("Android/Login Page/Password input"), LoginCreds.get("password"), 30): Text 'eKare123@' has been set to element 'Object Repository/Android/Login Page/Password input'

12-01-2024T11:03:29 - [MESSAGE][PASSED] - Text 'eKare123@' has been set to element 'Object Repository/Android/Login Page/Password input'

12-01-2024T11:03:29 - [TEST_STEP][PASSED] - tap(findTestObject("Android/Login Page/Sign in"), 30): Tapped on element 'Object Repository/Android/Login Page/Sign in'

12-01-2024T11:03:30 - [MESSAGE][PASSED] - Tapped on element 'Object Repository/Android/Login Page/Sign in'

12-01-2024T11:03:30 - [TEST_STEP][PASSED] - tap(findTestObject("Android/Login Page/Sites/Katalon"), 30): Tapped on element 'Object Repository/Android/Login Page/Sites/Katalon'

12-01-2024T11:03:31 - [MESSAGE][PASSED] - Tapped on element 'Object Repository/Android/Login Page/Sites/Katalon'

12-01-2024T11:03:31 - [TEST_STEP][PASSED] - verifyElementExist(findTestObject("Android/Patient Directory/Add New Patient"), 30): Element 'Object Repository/Android/Patient Directory/Add New Patient' is exist

12-01-2024T11:03:36 - [MESSAGE][PASSED] - Element 'Object Repository/Android/Patient Directory/Add New Patient' is exist

12-01-2024T11:03:36 - [TEST_STEP][PASSED] - tap(findTestObject("Android/Patient Directory/Patient"), 30): Tapped on element 'Object Repository/Android/Patient Directory/Patient'

12-01-2024T11:03:36 - [MESSAGE][PASSED] - Tapped on element 'Object Repository/Android/Patient Directory/Patient'

12-01-2024T11:03:36 - [TEST_STEP][PASSED] - tap(findTestObject("Android/Wound Summary/Right Menu ( Wound Summary)"), 30): Tapped on element 'Object Repository/Android/Wound Summary/Right Menu ( Wound Summary)'

12-01-2024T11:03:38 - [MESSAGE][PASSED] - Tapped on element 'Object Repository/Android/Wound Summary/Right Menu ( Wound Summary)'

12-01-2024T11:03:38 - [TEST_STEP][PASSED] - verifyElementExist(findTestObject("Android/Wound Summary/Patient Menu/Freeze patient"), 30): Element 'Object Repository/Android/Wound Summary/Patient Menu/Freeze patient' is exist

12-01-2024T11:03:39 - [MESSAGE][PASSED] - Element 'Object Repository/Android/Wound Summary/Patient Menu/Freeze patient' is exist

12-01-2024T11:03:39 - [TEST_STEP][PASSED] - verifyElementExist(findTestObject("Android/Wound Summary/Patient Menu/Delete patient"), 30): Element 'Object Repository/Android/Wound Summary/Patient Menu/Delete patient' is exist

12-01-2024T11:03:39 - [MESSAGE][PASSED] - Element 'Object Repository/Android/Wound Summary/Patient Menu/Delete patient' is exist

12-01-2024T11:03:39 - [TEST_STEP][PASSED] - tap(findTestObject("Android/Wound Summary/Patient Menu/Cancel"), 30): Tapped on element 'Object Repository/Android/Wound Summary/Patient Menu/Cancel'

12-01-2024T11:03:39 - [MESSAGE][PASSED] - Tapped on element 'Object Repository/Android/Wound Summary/Patient Menu/Cancel'

12-01-2024T11:03:39 - [TEST_STEP][PASSED] - pressBack(): Press back button successfully

12-01-2024T11:03:40 - [MESSAGE][PASSED] - Press back button successfully

12-01-2024T11:03:40 - [TEST_STEP][PASSED] - tap(findTestObject("Android/Patient Directory/Left Menu"), 30): Tapped on element 'Object Repository/Android/Patient Directory/Left Menu'

12-01-2024T11:03:41 - [MESSAGE][PASSED] - Tapped on element 'Object Repository/Android/Patient Directory/Left Menu'

12-01-2024T11:03:41 - [TEST_STEP][PASSED] - tap(findTestObject("Android/Patient Directory/Account Menu (left menu)/Sites"), 30): Tapped on element 'Object Repository/Android/Patient Directory/Account Menu (left menu)/Sites'

12-01-2024T11:03:43 - [MESSAGE][PASSED] - Tapped on element 'Object Repository/Android/Patient Directory/Account Menu (left menu)/Sites'

12-01-2024T11:03:43 - [TEST_STEP][PASSED] - tap(findTestObject("Android/Patient Directory/Account Menu (left menu)/Sites ( from menu)/site user"), 30): Tapped on element 'Object Repository/Android/Patient Directory/Account Menu (left menu)/Sites ( from menu)/site user'

12-01-2024T11:03:43 - [MESSAGE][PASSED] - Tapped on element 'Object Repository/Android/Patient Directory/Account Menu (left menu)/Sites ( from menu)/site user'

12-01-2024T11:03:43 - [TEST_STEP][PASSED] - tap(findTestObject("Android/Patient Directory/Patient"), 30): Tapped on element 'Object Repository/Android/Patient Directory/Patient'

12-01-2024T11:03:48 - [MESSAGE][PASSED] - Tapped on element 'Object Repository/Android/Patient Directory/Patient'

12-01-2024T11:03:48 - [TEST_STEP][PASSED] - tap(findTestObject("Android/Wound Summary/Right Menu ( Wound Summary)"), 30): Tapped on element 'Object Repository/Android/Wound Summary/Right Menu ( Wound Summary)'

12-01-2024T11:03:50 - [MESSAGE][PASSED] - Tapped on element 'Object Repository/Android/Wound Summary/Right Menu ( Wound Summary)'

12-01-2024T11:03:50 - [TEST_STEP][PASSED] - verifyElementExist(findTestObject("Android/Wound Summary/Patient Menu/Edit patient"), 30): Element 'Object Repository/Android/Wound Summary/Patient Menu/Edit patient' is exist

12-01-2024T11:03:51 - [MESSAGE][PASSED] - Element 'Object Repository/Android/Wound Summary/Patient Menu/Edit patient' is exist

12-01-2024T11:03:51 - [TEST_STEP][PASSED] - verifyElementNotExist(findTestObject("Android/Wound Summary/Patient Menu/Delete patient"), 30): Element 'Object Repository/Android/Wound Summary/Patient Menu/Delete patient' not found

12-01-2024T11:04:21 - [MESSAGE][PASSED] - Element 'Object Repository/Android/Wound Summary/Patient Menu/Delete patient' not found

12-01-2024T11:04:21 - [TEST_STEP][PASSED] - verifyElementNotExist(findTestObject("Android/Wound Summary/Patient Menu/Freeze patient"), 30): Element 'Object Repository/Android/Wound Summary/Patient Menu/Freeze patient' not found

12-01-2024T11:04:51 - [MESSAGE][PASSED] - Element 'Object Repository/Android/Wound Summary/Patient Menu/Freeze patient' not found

12-01-2024T11:04:51 - [TEST_STEP][PASSED] - tap(findTestObject("Android/Wound Summary/Patient Menu/Cancel"), 30): Tapped on element 'Object Repository/Android/Wound Summary/Patient Menu/Cancel'

12-01-2024T11:04:51 - [MESSAGE][PASSED] - Tapped on element 'Object Repository/Android/Wound Summary/Patient Menu/Cancel'

12-01-2024T11:04:51 - [TEST_STEP][PASSED] - pressBack(): Press back button successfully

12-01-2024T11:04:52 - [MESSAGE][PASSED] - Press back button successfully

12-01-2024T11:04:52 - [TEST_STEP][PASSED] - tap(findTestObject("Android/Patient Directory/Left Menu"), 30): Tapped on element 'Object Repository/Android/Patient Directory/Left Menu'

12-01-2024T11:04:53 - [MESSAGE][PASSED] - Tapped on element 'Object Repository/Android/Patient Directory/Left Menu'

12-01-2024T11:04:53 - [TEST_STEP][PASSED] - tap(findTestObject("Android/Patient Directory/Account Menu (left menu)/Sites"), 30): Tapped on element 'Object Repository/Android/Patient Directory/Account Menu (left menu)/Sites'

12-01-2024T11:04:54 - [MESSAGE][PASSED] - Tapped on element 'Object Repository/Android/Patient Directory/Account Menu (left menu)/Sites'

12-01-2024T11:04:54 - [TEST_STEP][PASSED] - tap(findTestObject("Android/Patient Directory/Account Menu (left menu)/Sites ( from menu)/Test1"), 30): Tapped on element 'Object Repository/Android/Patient Directory/Account Menu (left menu)/Sites ( from menu)/Test1'

12-01-2024T11:04:55 - [MESSAGE][PASSED] - Tapped on element 'Object Repository/Android/Patient Directory/Account Menu (left menu)/Sites ( from menu)/Test1'

12-01-2024T11:04:55 - [TEST_STEP][PASSED] - verifyElementNotExist(findTestObject("Android/Patient Directory/Add New Patient"), 30): Element 'Object Repository/Android/Patient Directory/Add New Patient' not found

12-01-2024T11:05:25 - [MESSAGE][PASSED] - Element 'Object Repository/Android/Patient Directory/Add New Patient' not found

12-01-2024T11:05:27 - [TEST_STEP][PASSED] - Video: Video recording for test case 'Test Cases/Android/EU Android/User Management/EK-8294 EU Android - Login as a user with multiple sites' .

12-01-2024T11:05:27 - [MESSAGE][INFO] - Video recording for test case 'Test Cases/Android/EU Android/User Management/EK-8294 EU Android - Login as a user with multiple sites' .]]></system-out>
         <system-err><![CDATA[]]></system-err>
      </testcase>
      <testcase name="Test Cases/Android/EU Android/User Management/EK-8290 EU Android - Auto Logout" time="72.166" classname="Test Cases/Android/EU Android/User Management/EK-8290 EU Android - Auto Logout" status="PASSED">
         <system-out><![CDATA[12-01-2024T11:05:27 - [TEST_CASE][PASSED] - Test Cases/Android/EU Android/User Management/EK-8290 EU Android - Auto Logout: Test Cases/Android/EU Android/User Management/EK-8290 EU Android - Auto Logout

12-01-2024T11:05:27 - [TEST_STEP][PASSED] - Start listener action : beforeTestCase: null

12-01-2024T11:05:27 - [TEST_STEP][PASSED] - addDefaultPackages(): null

12-01-2024T11:05:27 - [TEST_STEP][PASSED] - runFeatureFile("Include/features/EK-8290 EU Android - Auto Logout.feature"): Feature file: 'Include/features/EK-8290 EU Android - Auto Logout.feature' was passed

12-01-2024T11:05:27 - [MESSAGE][INFO] - Starting run keyword runFeatureFile: 'Include/features/EK-8290 EU Android - Auto Logout.feature' and extract report to folder: '/Users/safaamarir/git/Android_Automation/Reports/20240112_110121/EU Android phone/EU Android User Management/20240112_110121/cucumber_report/1705053927513'...

12-01-2024T11:05:27 - [MESSAGE][PASSED] - Feature file: 'Include/features/EK-8290 EU Android - Auto Logout.feature' was passed

12-01-2024T11:05:27 - [TEST_STEP][PASSED] - tap(findTestObject("Android/Patient Directory/Left Menu (Auto-logout)"), 30): Tapped on element 'Object Repository/Android/Patient Directory/Left Menu (Auto-logout)'

12-01-2024T11:05:27 - [MESSAGE][PASSED] - Tapped on element 'Object Repository/Android/Patient Directory/Left Menu (Auto-logout)'

12-01-2024T11:05:27 - [TEST_STEP][PASSED] - tap(findTestObject("Android/Patient Directory/Account Menu (left menu)/Setting"), 30): Tapped on element 'Object Repository/Android/Patient Directory/Account Menu (left menu)/Setting'

12-01-2024T11:05:29 - [MESSAGE][PASSED] - Tapped on element 'Object Repository/Android/Patient Directory/Account Menu (left menu)/Setting'

12-01-2024T11:05:29 - [TEST_STEP][PASSED] - tap(findTestObject("Android/Patient Directory/Settings/Logout tile"), 30): Tapped on element 'Object Repository/Android/Patient Directory/Settings/Logout tile'

12-01-2024T11:05:30 - [MESSAGE][PASSED] - Tapped on element 'Object Repository/Android/Patient Directory/Settings/Logout tile'

12-01-2024T11:05:30 - [TEST_STEP][PASSED] - tap(findTestObject("Android/Patient Directory/Settings/1 minutes"), 30): Tapped on element 'Object Repository/Android/Patient Directory/Settings/1 minutes'

12-01-2024T11:05:31 - [MESSAGE][PASSED] - Tapped on element 'Object Repository/Android/Patient Directory/Settings/1 minutes'

12-01-2024T11:05:31 - [TEST_STEP][PASSED] - pressBack(): Press back button successfully

12-01-2024T11:05:32 - [MESSAGE][PASSED] - Press back button successfully

12-01-2024T11:05:32 - [TEST_STEP][PASSED] - delay(65, STOP_ON_FAILURE): Delayed 65 second(s)

12-01-2024T11:06:37 - [MESSAGE][PASSED] - Delayed 65 second(s)

12-01-2024T11:06:37 - [TEST_STEP][PASSED] - verifyElementExist(findTestObject("Android/Login Page/Insight Logo"), 30): Element 'Object Repository/Android/Login Page/Insight Logo' is exist

12-01-2024T11:06:37 - [MESSAGE][PASSED] - Element 'Object Repository/Android/Login Page/Insight Logo' is exist

12-01-2024T11:06:39 - [TEST_STEP][PASSED] - Video: Video recording for test case 'Test Cases/Android/EU Android/User Management/EK-8290 EU Android - Auto Logout' .

12-01-2024T11:06:39 - [MESSAGE][INFO] - Video recording for test case 'Test Cases/Android/EU Android/User Management/EK-8290 EU Android - Auto Logout' .]]></system-out>
         <system-err><![CDATA[]]></system-err>
      </testcase>
      <system-out><![CDATA[12-01-2024T11:01:24 - [TEST_SUITE][PASSED] - EU Android User Management: Test Cases/Android/EU Android/User Management/EK-8290 EU Android - Auto Logout]]></system-out>
      <system-err><![CDATA[]]></system-err>
   </testsuite>
</testsuites>
