<?xml version="1.0" encoding="UTF-8"?>
<testsuites name="Jira - User Management" time="48.697" tests="1" failures="0" errors="0">
   <testsuite name="Jira - User Management" tests="1" failures="0" errors="0" time="48.697" skipped="0" timestamp="2023-09-23 15:56:50" hostname="Amarir - DESKTOP-EE3F8H4" id="Test Suites/Jira - User Management">
      <properties>
         <property name="deviceName" value="samsung SM-N975F (Android 12)"/>
         <property name="devicePlatform" value=""/>
         <property name="logFolder" value="C:\\Users\\Amarir\\git\\Android Automation\\Reports\\20230923_155635\\Jira - User Management\\20230923_155635"/>
         <property name="logFiles" value="C:\\Users\\Amarir\\git\\Android Automation\\Reports\\20230923_155635\\Jira - User Management\\20230923_155635\\appium.log, C:\\Users\\Amarir\\git\\Android Automation\\Reports\\20230923_155635\\Jira - User Management\\20230923_155635\\execution0.log"/>
         <property name="attachments" value=""/>
         <property name="hostName" value="Amarir - DESKTOP-EE3F8H4"/>
         <property name="os" value="Windows 10 64bit"/>
         <property name="appiumServerStatus" value="{&quot;value&quot;:{&quot;build&quot;:{&quot;version&quot;:&quot;1.22.0&quot;}},&quot;sessionId&quot;:null,&quot;status&quot;:0}"/>
         <property name="katalonVersion" value="8.6.5.208"/>
         <property name="deviceOS" value="Android"/>
         <property name="appiumVersion" value="1.22.0"/>
         <property name="deviceModel" value="SM-N975F"/>
         <property name="hostAddress" value="192.168.234.1"/>
         <property name="deviceManufacturer" value="samsung"/>
         <property name="deviceId" value="RF8N307NKZV"/>
         <property name="deviceName" value="samsung SM-N975F (Android 12)"/>
         <property name="deviceOSVersion" value="12"/>
      </properties>
      <testcase name="Test Cases/EU/User Management/EK-2667 Sign in" time="47.886" classname="Test Cases/EU/User Management/EK-2667 Sign in" status="PASSED">
         <system-out><![CDATA[2023-09-23 15:56:51 - [TEST_CASE][PASSED] - Test Cases/EU/User Management/EK-2667 Sign in: Test Cases/EU/User Management/EK-2667 Sign in

2023-09-23 15:56:52 - [TEST_STEP][PASSED] - startApplication(APK, false): Started app at: 'C:\Users\Amarir\Downloads\APK\EU\EU_Prod_2.1.1.apk'

2023-09-23 15:56:54 - [MESSAGE][INFO] - Detected NodeJS location: "C:\Program Files\nodejs\node.exe"

2023-09-23 15:56:59 - [MESSAGE][INFO] - Appium server started on port 61,909

2023-09-23 15:57:24 - [MESSAGE][PASSED] - Started app at: 'C:\Users\Amarir\Downloads\APK\EU\EU_Prod_2.1.1.apk'

2023-09-23 15:57:24 - [TEST_STEP][PASSED] - setText(findTestObject("Login Page/android.widget.EditText- Username"), LoginCreds.get("username"), 30): Text 'safakata' has been set to element 'Object Repository/Login Page/android.widget.EditText- Username'

2023-09-23 15:57:31 - [MESSAGE][PASSED] - Text 'safakata' has been set to element 'Object Repository/Login Page/android.widget.EditText- Username'

2023-09-23 15:57:31 - [TEST_STEP][PASSED] - setText(findTestObject("Login Page/android.widget.EditText - Password"), LoginCreds.get("password"), 30): Text 'eKare123@' has been set to element 'Object Repository/Login Page/android.widget.EditText - Password'

2023-09-23 15:57:32 - [MESSAGE][PASSED] - Text 'eKare123@' has been set to element 'Object Repository/Login Page/android.widget.EditText - Password'

2023-09-23 15:57:32 - [TEST_STEP][PASSED] - tap(findTestObject("Login Page/android.widget.TextView - SIGN IN"), 30): Tapped on element 'Object Repository/Login Page/android.widget.TextView - SIGN IN'

2023-09-23 15:57:33 - [MESSAGE][PASSED] - Tapped on element 'Object Repository/Login Page/android.widget.TextView - SIGN IN'

2023-09-23 15:57:33 - [TEST_STEP][PASSED] - tap(findTestObject("Login Page/Sites/android.widget.TextView - Katalon"), 30): Tapped on element 'Object Repository/Login Page/Sites/android.widget.TextView - Katalon'

2023-09-23 15:57:34 - [MESSAGE][PASSED] - Tapped on element 'Object Repository/Login Page/Sites/android.widget.TextView - Katalon'

2023-09-23 15:57:34 - [TEST_STEP][PASSED] - delay(2, STOP_ON_FAILURE): Delayed 2 second(s)

2023-09-23 15:57:36 - [MESSAGE][PASSED] - Delayed 2 second(s)

2023-09-23 15:57:36 - [TEST_STEP][PASSED] - verifyElementExist(findTestObject("Patient Directory/android.widget.TextView - Patient Directory"), 30): Element 'Object Repository/Patient Directory/android.widget.TextView - Patient Directory' is exist

2023-09-23 15:57:38 - [MESSAGE][PASSED] - Element 'Object Repository/Patient Directory/android.widget.TextView - Patient Directory' is exist]]></system-out>
         <system-err><![CDATA[]]></system-err>
      </testcase>
      <system-out><![CDATA[2023-09-23 15:56:50 - [TEST_SUITE][PASSED] - Jira - User Management: Test Cases/EU/User Management/EK-2667 Sign in]]></system-out>
      <system-err><![CDATA[]]></system-err>
   </testsuite>
</testsuites>
