<?xml version="1.0" encoding="UTF-8"?>
<testsuites name="EU Android User Management" time="318.262" tests="7" failures="0" errors="0">
   <testsuite name="EU Android User Management" tests="7" failures="0" errors="0" time="318.262" skipped="0" timestamp="08-01-2024T09:43:54" hostname="safaamarir - 192.168.1.113" id="Test Suites/EU Android phone/EU Android User Management">
      <properties>
         <property name="deviceName" value="samsung SM-N975F (Android 12)"/>
         <property name="devicePlatform" value=""/>
         <property name="logFolder" value="/Users/safaamarir/git/Android_Automation/Reports/20240108_094351/EU Android phone/EU Android User Management/20240108_094351"/>
         <property name="logFiles" value="/Users/safaamarir/git/Android_Automation/Reports/20240108_094351/EU Android phone/EU Android User Management/20240108_094351/execution0.log, /Users/safaamarir/git/Android_Automation/Reports/20240108_094351/EU Android phone/EU Android User Management/20240108_094351/appium_error.log, /Users/safaamarir/git/Android_Automation/Reports/20240108_094351/EU Android phone/EU Android User Management/20240108_094351/appium.log"/>
         <property name="attachments" value=""/>
         <property name="hostName" value="safaamarir - 192.168.1.113"/>
         <property name="os" value="Mac OS X 64bit"/>
         <property name="appiumServerStatus" value="{&quot;value&quot;:{&quot;ready&quot;:true,&quot;message&quot;:&quot;The server is ready to accept new connections&quot;,&quot;build&quot;:{&quot;version&quot;:&quot;2.4.1&quot;,&quot;git-sha&quot;:&quot;705d2564ddfb9c915ee9425dd9ed408bfac61005&quot;,&quot;built&quot;:&quot;2024-01-01 17:37:37 +0000&quot;}}}"/>
         <property name="katalonVersion" value="9.2.0.212"/>
         <property name="deviceOS" value="Android"/>
         <property name="appiumVersion" value="2.4.1"/>
         <property name="deviceModel" value="SM-N975F"/>
         <property name="hostAddress" value="192.168.1.113"/>
         <property name="deviceManufacturer" value="samsung"/>
         <property name="deviceId" value="RF8N307NKZV"/>
         <property name="deviceName" value="samsung SM-N975F (Android 12)"/>
         <property name="deviceOSVersion" value="12"/>
      </properties>
      <testcase name="Test Cases/EU/User Management/EK-8292 EU Android - Terms  Condition  Privacy  Policy" time="50.883" classname="Test Cases/EU/User Management/EK-8292 EU Android - Terms  Condition  Privacy  Policy" status="PASSED">
         <system-out><![CDATA[08-01-2024T09:43:54 - [TEST_CASE][PASSED] - Test Cases/EU/User Management/EK-8292 EU Android - Terms  Condition  Privacy  Policy: Test Cases/EU/User Management/EK-8292 EU Android - Terms  Condition  Privacy  Policy

08-01-2024T09:43:54 - [TEST_STEP][PASSED] - Start listener action : beforeTestCase: null

08-01-2024T09:43:54 - [TEST_STEP][PASSED] - addDefaultPackages(): null

08-01-2024T09:43:54 - [TEST_STEP][PASSED] - runFeatureFile("Include/features/EK-8292 EU Android - Terms  Condition  Privacy  Policy.feature"): Feature file: 'Include/features/EK-8292 EU Android - Terms  Condition  Privacy  Policy.feature' was passed

08-01-2024T09:43:54 - [MESSAGE][INFO] - Starting run keyword runFeatureFile: 'Include/features/EK-8292 EU Android - Terms  Condition  Privacy  Policy.feature' and extract report to folder: '/Users/safaamarir/git/Android_Automation/Reports/20240108_094351/EU Android phone/EU Android User Management/20240108_094351/cucumber_report/1704703434523'...

08-01-2024T09:43:54 - [MESSAGE][PASSED] - Feature file: 'Include/features/EK-8292 EU Android - Terms  Condition  Privacy  Policy.feature' was passed

08-01-2024T09:43:54 - [TEST_STEP][PASSED] - startApplication(APK, true): Started app at: '/Users/safaamarir/APK/EU/181-EU-preprod.apk'

08-01-2024T09:43:54 - [MESSAGE][INFO] - User set preference: ['automationName', 'Uiautomator2']

08-01-2024T09:43:54 - [MESSAGE][INFO] - User set preference: ['appWaitActivity', '*']

08-01-2024T09:43:54 - [MESSAGE][INFO] - User set preference: ['deviceId', '']

08-01-2024T09:43:54 - [MESSAGE][INFO] - Detected NodeJS location: "/opt/homebrew/Cellar/node/21.5.0/bin/node"

08-01-2024T09:43:54 - [MESSAGE][INFO] - PATH: /opt/homebrew/Cellar/node/21.5.0/bin:/opt/homebrew/bin:/usr/bin:/bin:/usr/sbin:/sbin:/Applications/Katalon Studio Arm64.app/Contents/Eclipse/jre/Contents/Home/bin:/usr/local/bin/

08-01-2024T09:43:54 - [MESSAGE][INFO] - APPIUM_HOME: /Users/safaamarir/.appium

08-01-2024T09:43:54 - [MESSAGE][INFO] - appium outlog: /Users/safaamarir/git/Android_Automation/Reports/20240108_094351/EU Android phone/EU Android User Management/20240108_094351/appium.log

08-01-2024T09:43:54 - [MESSAGE][INFO] - appium errlog: /Users/safaamarir/git/Android_Automation/Reports/20240108_094351/EU Android phone/EU Android User Management/20240108_094351/appium_error.log

08-01-2024T09:43:56 - [MESSAGE][INFO] - Appium server started on port 57,447

08-01-2024T09:44:23 - [MESSAGE][PASSED] - Started app at: '/Users/safaamarir/APK/EU/181-EU-preprod.apk'

08-01-2024T09:44:23 - [TEST_STEP][PASSED] - verifyElementText(findTestObject("Login Page/Terms  Conditions"), "Terms & Conditions"): Actual text and expected text of test object 'Object Repository/Login Page/Terms  Conditions' are matched.

08-01-2024T09:44:24 - [MESSAGE][PASSED] - Actual text and expected text of test object 'Object Repository/Login Page/Terms  Conditions' are matched.

08-01-2024T09:44:24 - [TEST_STEP][PASSED] - verifyElementText(findTestObject("Login Page/Privacy Policy"), "Privacy Policy"): Actual text and expected text of test object 'Object Repository/Login Page/Privacy Policy' are matched.

08-01-2024T09:44:24 - [MESSAGE][PASSED] - Actual text and expected text of test object 'Object Repository/Login Page/Privacy Policy' are matched.

08-01-2024T09:44:24 - [TEST_STEP][PASSED] - tap(findTestObject("Login Page/Terms  Conditions"), 60): Tapped on element 'Object Repository/Login Page/Terms  Conditions'

08-01-2024T09:44:25 - [MESSAGE][PASSED] - Tapped on element 'Object Repository/Login Page/Terms  Conditions'

08-01-2024T09:44:25 - [TEST_STEP][PASSED] - delay(5, STOP_ON_FAILURE): Delayed 5 second(s)

08-01-2024T09:44:30 - [MESSAGE][PASSED] - Delayed 5 second(s)

08-01-2024T09:44:30 - [TEST_STEP][PASSED] - verifyElementText(findTestObject("Login Page/Terms and Conditions Page"), "Terms and Conditions"): Actual text and expected text of test object 'Object Repository/Login Page/Terms and Conditions Page' are matched.

08-01-2024T09:44:35 - [MESSAGE][PASSED] - Actual text and expected text of test object 'Object Repository/Login Page/Terms and Conditions Page' are matched.

08-01-2024T09:44:35 - [TEST_STEP][PASSED] - pressBack(): Press back button successfully

08-01-2024T09:44:36 - [MESSAGE][PASSED] - Press back button successfully

08-01-2024T09:44:36 - [TEST_STEP][PASSED] - tap(findTestObject("Login Page/Privacy Policy"), 60): Tapped on element 'Object Repository/Login Page/Privacy Policy'

08-01-2024T09:44:36 - [MESSAGE][PASSED] - Tapped on element 'Object Repository/Login Page/Privacy Policy'

08-01-2024T09:44:36 - [TEST_STEP][PASSED] - delay(5, STOP_ON_FAILURE): Delayed 5 second(s)

08-01-2024T09:44:41 - [MESSAGE][PASSED] - Delayed 5 second(s)

08-01-2024T09:44:41 - [TEST_STEP][PASSED] - verifyElementText(findTestObject("Login Page/Privacy Policy Page"), "Privacy Policy"): Actual text and expected text of test object 'Object Repository/Login Page/Privacy Policy Page' are matched.

08-01-2024T09:44:42 - [MESSAGE][PASSED] - Actual text and expected text of test object 'Object Repository/Login Page/Privacy Policy Page' are matched.

08-01-2024T09:44:42 - [TEST_STEP][PASSED] - pressBack(): Press back button successfully

08-01-2024T09:44:43 - [MESSAGE][PASSED] - Press back button successfully

08-01-2024T09:44:45 - [TEST_STEP][PASSED] - Video: Video recording for test case 'Test Cases/EU/User Management/EK-8292 EU Android - Terms  Condition  Privacy  Policy' .

08-01-2024T09:44:45 - [MESSAGE][INFO] - Video recording for test case 'Test Cases/EU/User Management/EK-8292 EU Android - Terms  Condition  Privacy  Policy' .]]></system-out>
         <system-err><![CDATA[]]></system-err>
      </testcase>
      <testcase name="Test Cases/EU/User Management/EK-8291 EU Android - Restore Password" time="13.724" classname="Test Cases/EU/User Management/EK-8291 EU Android - Restore Password" status="PASSED">
         <system-out><![CDATA[08-01-2024T09:44:45 - [TEST_CASE][PASSED] - Test Cases/EU/User Management/EK-8291 EU Android - Restore Password: Test Cases/EU/User Management/EK-8291 EU Android - Restore Password

08-01-2024T09:44:45 - [TEST_STEP][PASSED] - Start listener action : beforeTestCase: null

08-01-2024T09:44:45 - [TEST_STEP][PASSED] - addDefaultPackages(): null

08-01-2024T09:44:45 - [TEST_STEP][PASSED] - runFeatureFile("Include/features/EK-8291 EU Android - Restore Password.feature"): Feature file: 'Include/features/EK-8291 EU Android - Restore Password.feature' was passed

08-01-2024T09:44:45 - [MESSAGE][INFO] - Starting run keyword runFeatureFile: 'Include/features/EK-8291 EU Android - Restore Password.feature' and extract report to folder: '/Users/safaamarir/git/Android_Automation/Reports/20240108_094351/EU Android phone/EU Android User Management/20240108_094351/cucumber_report/1704703485137'...

08-01-2024T09:44:45 - [MESSAGE][PASSED] - Feature file: 'Include/features/EK-8291 EU Android - Restore Password.feature' was passed

08-01-2024T09:44:45 - [TEST_STEP][PASSED] - startApplication(APK, false): Started app at: '/Users/safaamarir/APK/EU/181-EU-preprod.apk'

08-01-2024T09:44:45 - [MESSAGE][INFO] - User set preference: ['automationName', 'Uiautomator2']

08-01-2024T09:44:45 - [MESSAGE][INFO] - User set preference: ['appWaitActivity', '*']

08-01-2024T09:44:45 - [MESSAGE][INFO] - User set preference: ['deviceId', '']

08-01-2024T09:44:50 - [MESSAGE][PASSED] - Started app at: '/Users/safaamarir/APK/EU/181-EU-preprod.apk'

08-01-2024T09:44:50 - [TEST_STEP][PASSED] - tap(findTestObject("IS/User Management/Restore Password/android.widget.TextView - Forgot your password"), 30): Tapped on element 'Object Repository/IS/User Management/Restore Password/android.widget.TextView - Forgot your password'

08-01-2024T09:44:50 - [MESSAGE][PASSED] - Tapped on element 'Object Repository/IS/User Management/Restore Password/android.widget.TextView - Forgot your password'

08-01-2024T09:44:50 - [TEST_STEP][PASSED] - setText(findTestObject("Login Page/Restore Password/Username input"), LoginCreds.get("username"), 30): Text 'katalon' has been set to element 'Object Repository/Login Page/Restore Password/Username input'

08-01-2024T09:44:52 - [MESSAGE][PASSED] - Text 'katalon' has been set to element 'Object Repository/Login Page/Restore Password/Username input'

08-01-2024T09:44:52 - [TEST_STEP][PASSED] - setText(findTestObject("Login Page/Restore Password/Email input"), LoginCreds.get("email"), 30): Text 'samarir+katalon@masaratapp.com' has been set to element 'Object Repository/Login Page/Restore Password/Email input'

08-01-2024T09:44:54 - [MESSAGE][PASSED] - Text 'samarir+katalon@masaratapp.com' has been set to element 'Object Repository/Login Page/Restore Password/Email input'

08-01-2024T09:44:54 - [TEST_STEP][PASSED] - tap(findTestObject("Login Page/Restore Password/Restore Password"), 30): Tapped on element 'Object Repository/Login Page/Restore Password/Restore Password'

08-01-2024T09:44:56 - [MESSAGE][PASSED] - Tapped on element 'Object Repository/Login Page/Restore Password/Restore Password'

08-01-2024T09:44:56 - [TEST_STEP][PASSED] - pressBack(): Press back button successfully

08-01-2024T09:44:56 - [MESSAGE][PASSED] - Press back button successfully

08-01-2024T09:44:58 - [TEST_STEP][PASSED] - Video: Video recording for test case 'Test Cases/EU/User Management/EK-8291 EU Android - Restore Password' .

08-01-2024T09:44:58 - [MESSAGE][INFO] - Video recording for test case 'Test Cases/EU/User Management/EK-8291 EU Android - Restore Password' .]]></system-out>
         <system-err><![CDATA[]]></system-err>
      </testcase>
      <testcase name="Test Cases/EU/User Management/EK-8293 EU Android - Disable after 10 login attempts" time="26.616" classname="Test Cases/EU/User Management/EK-8293 EU Android - Disable after 10 login attempts" status="PASSED">
         <system-out><![CDATA[08-01-2024T09:44:58 - [TEST_CASE][PASSED] - Test Cases/EU/User Management/EK-8293 EU Android - Disable after 10 login attempts: Test Cases/EU/User Management/EK-8293 EU Android - Disable after 10 login attempts

08-01-2024T09:44:58 - [TEST_STEP][PASSED] - Start listener action : beforeTestCase: null

08-01-2024T09:44:58 - [TEST_STEP][PASSED] - addDefaultPackages(): null

08-01-2024T09:44:58 - [TEST_STEP][PASSED] - runFeatureFile("Include/features/EK-8293 EU Android - Disable after 10 login attempts.feature"): Feature file: 'Include/features/EK-8293 EU Android - Disable after 10 login attempts.feature' was passed

08-01-2024T09:44:58 - [MESSAGE][INFO] - Starting run keyword runFeatureFile: 'Include/features/EK-8293 EU Android - Disable after 10 login attempts.feature' and extract report to folder: '/Users/safaamarir/git/Android_Automation/Reports/20240108_094351/EU Android phone/EU Android User Management/20240108_094351/cucumber_report/1704703498875'...

08-01-2024T09:44:58 - [MESSAGE][PASSED] - Feature file: 'Include/features/EK-8293 EU Android - Disable after 10 login attempts.feature' was passed

08-01-2024T09:44:58 - [TEST_STEP][PASSED] - setText(findTestObject("Login Page/Username input"), "Test10times", 30): Text 'Test10times' has been set to element 'Object Repository/Login Page/Username input'

08-01-2024T09:45:00 - [MESSAGE][PASSED] - Text 'Test10times' has been set to element 'Object Repository/Login Page/Username input'

08-01-2024T09:45:00 - [TEST_STEP][PASSED] - setText(findTestObject("Login Page/Password input"), "123", 30): Text '123' has been set to element 'Object Repository/Login Page/Password input'

08-01-2024T09:45:02 - [MESSAGE][PASSED] - Text '123' has been set to element 'Object Repository/Login Page/Password input'

08-01-2024T09:45:02 - [TEST_STEP][PASSED] - tap(findTestObject("Login Page/Sign in"), 30): Tapped on element 'Object Repository/Login Page/Sign in'

08-01-2024T09:45:03 - [MESSAGE][PASSED] - Tapped on element 'Object Repository/Login Page/Sign in'

08-01-2024T09:45:03 - [TEST_STEP][PASSED] - verifyElementText(findTestObject("Login Page/Failed Login message"), "Login failed. Incorrect credentials !"): Actual text and expected text of test object 'Object Repository/Login Page/Failed Login message' are matched.

08-01-2024T09:45:04 - [MESSAGE][PASSED] - Actual text and expected text of test object 'Object Repository/Login Page/Failed Login message' are matched.

08-01-2024T09:45:04 - [TEST_STEP][PASSED] - tap(findTestObject("Login Page/Login failed OK"), 30): Tapped on element 'Object Repository/Login Page/Login failed OK'

08-01-2024T09:45:05 - [MESSAGE][PASSED] - Tapped on element 'Object Repository/Login Page/Login failed OK'

08-01-2024T09:45:05 - [TEST_STEP][PASSED] - tap(findTestObject("Login Page/Sign in"), 30): Tapped on element 'Object Repository/Login Page/Sign in'

08-01-2024T09:45:05 - [MESSAGE][PASSED] - Tapped on element 'Object Repository/Login Page/Sign in'

08-01-2024T09:45:05 - [TEST_STEP][PASSED] - verifyElementText(findTestObject("Login Page/Failed Login message"), "Login failed. Incorrect credentials !"): Actual text and expected text of test object 'Object Repository/Login Page/Failed Login message' are matched.

08-01-2024T09:45:06 - [MESSAGE][PASSED] - Actual text and expected text of test object 'Object Repository/Login Page/Failed Login message' are matched.

08-01-2024T09:45:06 - [TEST_STEP][PASSED] - tap(findTestObject("Login Page/Login failed OK"), 30): Tapped on element 'Object Repository/Login Page/Login failed OK'

08-01-2024T09:45:07 - [MESSAGE][PASSED] - Tapped on element 'Object Repository/Login Page/Login failed OK'

08-01-2024T09:45:07 - [TEST_STEP][PASSED] - tap(findTestObject("Login Page/Sign in"), 30): Tapped on element 'Object Repository/Login Page/Sign in'

08-01-2024T09:45:07 - [MESSAGE][PASSED] - Tapped on element 'Object Repository/Login Page/Sign in'

08-01-2024T09:45:07 - [TEST_STEP][PASSED] - verifyElementText(findTestObject("Login Page/Failed Login message"), "Login failed. Incorrect credentials !"): Actual text and expected text of test object 'Object Repository/Login Page/Failed Login message' are matched.

08-01-2024T09:45:08 - [MESSAGE][PASSED] - Actual text and expected text of test object 'Object Repository/Login Page/Failed Login message' are matched.

08-01-2024T09:45:08 - [TEST_STEP][PASSED] - tap(findTestObject("Login Page/Login failed OK"), 30): Tapped on element 'Object Repository/Login Page/Login failed OK'

08-01-2024T09:45:09 - [MESSAGE][PASSED] - Tapped on element 'Object Repository/Login Page/Login failed OK'

08-01-2024T09:45:09 - [TEST_STEP][PASSED] - tap(findTestObject("Login Page/Sign in"), 30): Tapped on element 'Object Repository/Login Page/Sign in'

08-01-2024T09:45:09 - [MESSAGE][PASSED] - Tapped on element 'Object Repository/Login Page/Sign in'

08-01-2024T09:45:09 - [TEST_STEP][PASSED] - verifyElementText(findTestObject("Login Page/Failed Login message"), "Login failed. Incorrect credentials !"): Actual text and expected text of test object 'Object Repository/Login Page/Failed Login message' are matched.

08-01-2024T09:45:10 - [MESSAGE][PASSED] - Actual text and expected text of test object 'Object Repository/Login Page/Failed Login message' are matched.

08-01-2024T09:45:10 - [TEST_STEP][PASSED] - tap(findTestObject("Login Page/Login failed OK"), 30): Tapped on element 'Object Repository/Login Page/Login failed OK'

08-01-2024T09:45:10 - [MESSAGE][PASSED] - Tapped on element 'Object Repository/Login Page/Login failed OK'

08-01-2024T09:45:10 - [TEST_STEP][PASSED] - tap(findTestObject("Login Page/Sign in"), 30): Tapped on element 'Object Repository/Login Page/Sign in'

08-01-2024T09:45:11 - [MESSAGE][PASSED] - Tapped on element 'Object Repository/Login Page/Sign in'

08-01-2024T09:45:11 - [TEST_STEP][PASSED] - verifyElementText(findTestObject("Login Page/Failed Login message"), "Login failed. Incorrect credentials !"): Actual text and expected text of test object 'Object Repository/Login Page/Failed Login message' are matched.

08-01-2024T09:45:12 - [MESSAGE][PASSED] - Actual text and expected text of test object 'Object Repository/Login Page/Failed Login message' are matched.

08-01-2024T09:45:12 - [TEST_STEP][PASSED] - tap(findTestObject("Login Page/Login failed OK"), 30): Tapped on element 'Object Repository/Login Page/Login failed OK'

08-01-2024T09:45:12 - [MESSAGE][PASSED] - Tapped on element 'Object Repository/Login Page/Login failed OK'

08-01-2024T09:45:12 - [TEST_STEP][PASSED] - tap(findTestObject("Login Page/Sign in"), 30): Tapped on element 'Object Repository/Login Page/Sign in'

08-01-2024T09:45:13 - [MESSAGE][PASSED] - Tapped on element 'Object Repository/Login Page/Sign in'

08-01-2024T09:45:13 - [TEST_STEP][PASSED] - verifyElementText(findTestObject("Login Page/Failed Login message"), "Login failed. Incorrect credentials !"): Actual text and expected text of test object 'Object Repository/Login Page/Failed Login message' are matched.

08-01-2024T09:45:14 - [MESSAGE][PASSED] - Actual text and expected text of test object 'Object Repository/Login Page/Failed Login message' are matched.

08-01-2024T09:45:14 - [TEST_STEP][PASSED] - tap(findTestObject("Login Page/Login failed OK"), 30): Tapped on element 'Object Repository/Login Page/Login failed OK'

08-01-2024T09:45:14 - [MESSAGE][PASSED] - Tapped on element 'Object Repository/Login Page/Login failed OK'

08-01-2024T09:45:14 - [TEST_STEP][PASSED] - tap(findTestObject("Login Page/Sign in"), 30): Tapped on element 'Object Repository/Login Page/Sign in'

08-01-2024T09:45:14 - [MESSAGE][PASSED] - Tapped on element 'Object Repository/Login Page/Sign in'

08-01-2024T09:45:14 - [TEST_STEP][PASSED] - verifyElementText(findTestObject("Login Page/Failed Login message"), "Login failed. Incorrect credentials !"): Actual text and expected text of test object 'Object Repository/Login Page/Failed Login message' are matched.

08-01-2024T09:45:16 - [MESSAGE][PASSED] - Actual text and expected text of test object 'Object Repository/Login Page/Failed Login message' are matched.

08-01-2024T09:45:16 - [TEST_STEP][PASSED] - tap(findTestObject("Login Page/Login failed OK"), 30): Tapped on element 'Object Repository/Login Page/Login failed OK'

08-01-2024T09:45:17 - [MESSAGE][PASSED] - Tapped on element 'Object Repository/Login Page/Login failed OK'

08-01-2024T09:45:17 - [TEST_STEP][PASSED] - tap(findTestObject("Login Page/Sign in"), 30): Tapped on element 'Object Repository/Login Page/Sign in'

08-01-2024T09:45:17 - [MESSAGE][PASSED] - Tapped on element 'Object Repository/Login Page/Sign in'

08-01-2024T09:45:17 - [TEST_STEP][PASSED] - verifyElementText(findTestObject("Login Page/Failed Login message"), "Login failed. Incorrect credentials !"): Actual text and expected text of test object 'Object Repository/Login Page/Failed Login message' are matched.

08-01-2024T09:45:18 - [MESSAGE][PASSED] - Actual text and expected text of test object 'Object Repository/Login Page/Failed Login message' are matched.

08-01-2024T09:45:18 - [TEST_STEP][PASSED] - tap(findTestObject("Login Page/Login failed OK"), 30): Tapped on element 'Object Repository/Login Page/Login failed OK'

08-01-2024T09:45:19 - [MESSAGE][PASSED] - Tapped on element 'Object Repository/Login Page/Login failed OK'

08-01-2024T09:45:19 - [TEST_STEP][PASSED] - tap(findTestObject("Login Page/Sign in"), 30): Tapped on element 'Object Repository/Login Page/Sign in'

08-01-2024T09:45:19 - [MESSAGE][PASSED] - Tapped on element 'Object Repository/Login Page/Sign in'

08-01-2024T09:45:19 - [TEST_STEP][PASSED] - verifyElementText(findTestObject("Login Page/Failed Login message"), "Login failed. Incorrect credentials !"): Actual text and expected text of test object 'Object Repository/Login Page/Failed Login message' are matched.

08-01-2024T09:45:20 - [MESSAGE][PASSED] - Actual text and expected text of test object 'Object Repository/Login Page/Failed Login message' are matched.

08-01-2024T09:45:20 - [TEST_STEP][PASSED] - tap(findTestObject("Login Page/Login failed OK"), 30): Tapped on element 'Object Repository/Login Page/Login failed OK'

08-01-2024T09:45:21 - [MESSAGE][PASSED] - Tapped on element 'Object Repository/Login Page/Login failed OK'

08-01-2024T09:45:21 - [TEST_STEP][PASSED] - tap(findTestObject("Login Page/Sign in"), 30): Tapped on element 'Object Repository/Login Page/Sign in'

08-01-2024T09:45:21 - [MESSAGE][PASSED] - Tapped on element 'Object Repository/Login Page/Sign in'

08-01-2024T09:45:21 - [TEST_STEP][PASSED] - verifyElementText(findTestObject("Login Page/Account Disabled"), "Your account has been temporarily disabled due to repeated login failures. Please contact your administrator: samarir@masaratapp.com"): Actual text and expected text of test object 'Object Repository/Login Page/Account Disabled' are matched.

08-01-2024T09:45:22 - [MESSAGE][PASSED] - Actual text and expected text of test object 'Object Repository/Login Page/Account Disabled' are matched.

08-01-2024T09:45:22 - [TEST_STEP][PASSED] - tap(findTestObject("Login Page/Account disabled OK"), 30): Tapped on element 'Object Repository/Login Page/Account disabled OK'

08-01-2024T09:45:23 - [MESSAGE][PASSED] - Tapped on element 'Object Repository/Login Page/Account disabled OK'

08-01-2024T09:45:25 - [TEST_STEP][PASSED] - Video: Video recording for test case 'Test Cases/EU/User Management/EK-8293 EU Android - Disable after 10 login attempts' .

08-01-2024T09:45:25 - [MESSAGE][INFO] - Video recording for test case 'Test Cases/EU/User Management/EK-8293 EU Android - Disable after 10 login attempts' .]]></system-out>
         <system-err><![CDATA[]]></system-err>
      </testcase>
      <testcase name="Test Cases/EU/User Management/EK-8286 EU Android - Sign-in" time="19.665" classname="Test Cases/EU/User Management/EK-8286 EU Android - Sign-in" status="PASSED">
         <system-out><![CDATA[08-01-2024T09:45:25 - [TEST_CASE][PASSED] - Test Cases/EU/User Management/EK-8286 EU Android - Sign-in: Test Cases/EU/User Management/EK-8286 EU Android - Sign-in

08-01-2024T09:45:25 - [TEST_STEP][PASSED] - Start listener action : beforeTestCase: null

08-01-2024T09:45:25 - [TEST_STEP][PASSED] - addDefaultPackages(): null

08-01-2024T09:45:25 - [TEST_STEP][PASSED] - runFeatureFile("Include/features/EK-8286 EU Android - Sign-in.feature"): Feature file: 'Include/features/EK-8286 EU Android - Sign-in.feature' was passed

08-01-2024T09:45:25 - [MESSAGE][INFO] - Starting run keyword runFeatureFile: 'Include/features/EK-8286 EU Android - Sign-in.feature' and extract report to folder: '/Users/safaamarir/git/Android_Automation/Reports/20240108_094351/EU Android phone/EU Android User Management/20240108_094351/cucumber_report/1704703525477'...

08-01-2024T09:45:25 - [MESSAGE][PASSED] - Feature file: 'Include/features/EK-8286 EU Android - Sign-in.feature' was passed

08-01-2024T09:45:25 - [TEST_STEP][PASSED] - startApplication(LoginCreds.get("APK"), false): Started app at: '/Users/safaamarir/APK/EU/181-EU-preprod.apk'

08-01-2024T09:45:25 - [MESSAGE][INFO] - User set preference: ['automationName', 'Uiautomator2']

08-01-2024T09:45:25 - [MESSAGE][INFO] - User set preference: ['appWaitActivity', '*']

08-01-2024T09:45:25 - [MESSAGE][INFO] - User set preference: ['deviceId', '']

08-01-2024T09:45:30 - [MESSAGE][PASSED] - Started app at: '/Users/safaamarir/APK/EU/181-EU-preprod.apk'

08-01-2024T09:45:30 - [TEST_STEP][PASSED] - setText(findTestObject("Login Page/Username input"), LoginCreds.get("username"), 30): Text 'katalon' has been set to element 'Object Repository/Login Page/Username input'

08-01-2024T09:45:32 - [MESSAGE][PASSED] - Text 'katalon' has been set to element 'Object Repository/Login Page/Username input'

08-01-2024T09:45:32 - [TEST_STEP][PASSED] - setText(findTestObject("Login Page/Password input"), LoginCreds.get("password"), 30): Text 'eKare123@' has been set to element 'Object Repository/Login Page/Password input'

08-01-2024T09:45:34 - [MESSAGE][PASSED] - Text 'eKare123@' has been set to element 'Object Repository/Login Page/Password input'

08-01-2024T09:45:34 - [TEST_STEP][PASSED] - tap(findTestObject("Login Page/Sign in"), 30): Tapped on element 'Object Repository/Login Page/Sign in'

08-01-2024T09:45:35 - [MESSAGE][PASSED] - Tapped on element 'Object Repository/Login Page/Sign in'

08-01-2024T09:45:35 - [TEST_STEP][PASSED] - tap(findTestObject("Login Page/Sites/android.widget.TextView - Katalon"), 30): Tapped on element 'Object Repository/Login Page/Sites/android.widget.TextView - Katalon'

08-01-2024T09:45:36 - [MESSAGE][PASSED] - Tapped on element 'Object Repository/Login Page/Sites/android.widget.TextView - Katalon'

08-01-2024T09:45:36 - [TEST_STEP][PASSED] - delay(2, STOP_ON_FAILURE): Delayed 2 second(s)

08-01-2024T09:45:38 - [MESSAGE][PASSED] - Delayed 2 second(s)

08-01-2024T09:45:38 - [TEST_STEP][PASSED] - verifyElementExist(findTestObject("Patient Directory/android.widget.TextView - Patient Directory"), 30): Element 'Object Repository/Patient Directory/android.widget.TextView - Patient Directory' is exist

08-01-2024T09:45:43 - [MESSAGE][PASSED] - Element 'Object Repository/Patient Directory/android.widget.TextView - Patient Directory' is exist

08-01-2024T09:45:45 - [TEST_STEP][PASSED] - Video: Video recording for test case 'Test Cases/EU/User Management/EK-8286 EU Android - Sign-in' .

08-01-2024T09:45:45 - [MESSAGE][INFO] - Video recording for test case 'Test Cases/EU/User Management/EK-8286 EU Android - Sign-in' .]]></system-out>
         <system-err><![CDATA[]]></system-err>
      </testcase>
      <testcase name="Test Cases/EU/User Management/EK-8287 EU Android - Logout" time="4.69" classname="Test Cases/EU/User Management/EK-8287 EU Android - Logout" status="PASSED">
         <system-out><![CDATA[08-01-2024T09:45:45 - [TEST_CASE][PASSED] - Test Cases/EU/User Management/EK-8287 EU Android - Logout: Test Cases/EU/User Management/EK-8287 EU Android - Logout

08-01-2024T09:45:45 - [TEST_STEP][PASSED] - Start listener action : beforeTestCase: null

08-01-2024T09:45:45 - [TEST_STEP][PASSED] - addDefaultPackages(): null

08-01-2024T09:45:45 - [TEST_STEP][PASSED] - runFeatureFile("Include/features/EK-8287 EU Android - Logout.feature"): Feature file: 'Include/features/EK-8287 EU Android - Logout.feature' was passed

08-01-2024T09:45:45 - [MESSAGE][INFO] - Starting run keyword runFeatureFile: 'Include/features/EK-8287 EU Android - Logout.feature' and extract report to folder: '/Users/safaamarir/git/Android_Automation/Reports/20240108_094351/EU Android phone/EU Android User Management/20240108_094351/cucumber_report/1704703545144'...

08-01-2024T09:45:45 - [MESSAGE][PASSED] - Feature file: 'Include/features/EK-8287 EU Android - Logout.feature' was passed

08-01-2024T09:45:45 - [TEST_STEP][PASSED] - tap(findTestObject("Patient Directory/Left Menu"), 0): Tapped on element 'Object Repository/Patient Directory/Left Menu'

08-01-2024T09:45:45 - [MESSAGE][WARNING] - Timeout '0' is invalid. Using default page load timeout: '30'

08-01-2024T09:45:45 - [MESSAGE][PASSED] - Tapped on element 'Object Repository/Patient Directory/Left Menu'

08-01-2024T09:45:45 - [TEST_STEP][PASSED] - tap(findTestObject("Patient Directory/Account Menu (left menu)/Logout"), 0): Tapped on element 'Object Repository/Patient Directory/Account Menu (left menu)/Logout'

08-01-2024T09:45:45 - [MESSAGE][WARNING] - Timeout '0' is invalid. Using default page load timeout: '30'

08-01-2024T09:45:47 - [MESSAGE][PASSED] - Tapped on element 'Object Repository/Patient Directory/Account Menu (left menu)/Logout'

08-01-2024T09:45:47 - [TEST_STEP][PASSED] - tap(findTestObject("Patient Directory/Account Menu (left menu)/Logout ( from menu)/CONFIRM logout"), 0): Tapped on element 'Object Repository/Patient Directory/Account Menu (left menu)/Logout ( from menu)/CONFIRM logout'

08-01-2024T09:45:47 - [MESSAGE][WARNING] - Timeout '0' is invalid. Using default page load timeout: '30'

08-01-2024T09:45:47 - [MESSAGE][PASSED] - Tapped on element 'Object Repository/Patient Directory/Account Menu (left menu)/Logout ( from menu)/CONFIRM logout'

08-01-2024T09:45:49 - [TEST_STEP][PASSED] - Video: Video recording for test case 'Test Cases/EU/User Management/EK-8287 EU Android - Logout' .

08-01-2024T09:45:49 - [MESSAGE][INFO] - Video recording for test case 'Test Cases/EU/User Management/EK-8287 EU Android - Logout' .]]></system-out>
         <system-err><![CDATA[]]></system-err>
      </testcase>
      <testcase name="Test Cases/EU/User Management/EK-8294 EU Android - Login as a user with multiple sites" time="130.204" classname="Test Cases/EU/User Management/EK-8294 EU Android - Login as a user with multiple sites" status="PASSED">
         <system-out><![CDATA[08-01-2024T09:45:49 - [TEST_CASE][PASSED] - Test Cases/EU/User Management/EK-8294 EU Android - Login as a user with multiple sites: Test Cases/EU/User Management/EK-8294 EU Android - Login as a user with multiple sites

08-01-2024T09:45:49 - [TEST_STEP][PASSED] - Start listener action : beforeTestCase: null

08-01-2024T09:45:49 - [TEST_STEP][PASSED] - addDefaultPackages(): null

08-01-2024T09:45:49 - [TEST_STEP][PASSED] - runFeatureFile("Include/features/EK-8294 EU Android - Login as a user with multiple sites.feature"): Feature file: 'Include/features/EK-8294 EU Android - Login as a user with multiple sites.feature' was passed

08-01-2024T09:45:49 - [MESSAGE][INFO] - Starting run keyword runFeatureFile: 'Include/features/EK-8294 EU Android - Login as a user with multiple sites.feature' and extract report to folder: '/Users/safaamarir/git/Android_Automation/Reports/20240108_094351/EU Android phone/EU Android User Management/20240108_094351/cucumber_report/1704703549843'...

08-01-2024T09:45:49 - [MESSAGE][PASSED] - Feature file: 'Include/features/EK-8294 EU Android - Login as a user with multiple sites.feature' was passed

08-01-2024T09:45:49 - [TEST_STEP][PASSED] - startApplication(APK, false): Started app at: '/Users/safaamarir/APK/EU/181-EU-preprod.apk'

08-01-2024T09:45:49 - [MESSAGE][INFO] - User set preference: ['automationName', 'Uiautomator2']

08-01-2024T09:45:49 - [MESSAGE][INFO] - User set preference: ['appWaitActivity', '*']

08-01-2024T09:45:49 - [MESSAGE][INFO] - User set preference: ['deviceId', '']

08-01-2024T09:45:55 - [MESSAGE][PASSED] - Started app at: '/Users/safaamarir/APK/EU/181-EU-preprod.apk'

08-01-2024T09:45:55 - [TEST_STEP][PASSED] - setText(findTestObject("Login Page/Username input"), LoginCreds.get("siteuser"), 30): Text 'katalonSite' has been set to element 'Object Repository/Login Page/Username input'

08-01-2024T09:45:57 - [MESSAGE][PASSED] - Text 'katalonSite' has been set to element 'Object Repository/Login Page/Username input'

08-01-2024T09:45:57 - [TEST_STEP][PASSED] - setText(findTestObject("Login Page/Password input"), LoginCreds.get("password"), 30): Text 'eKare123@' has been set to element 'Object Repository/Login Page/Password input'

08-01-2024T09:45:59 - [MESSAGE][PASSED] - Text 'eKare123@' has been set to element 'Object Repository/Login Page/Password input'

08-01-2024T09:45:59 - [TEST_STEP][PASSED] - tap(findTestObject("Login Page/Sign in"), 30): Tapped on element 'Object Repository/Login Page/Sign in'

08-01-2024T09:46:00 - [MESSAGE][PASSED] - Tapped on element 'Object Repository/Login Page/Sign in'

08-01-2024T09:46:00 - [TEST_STEP][PASSED] - tap(findTestObject("Login Page/Sites/Katalon"), 30): Tapped on element 'Object Repository/Login Page/Sites/Katalon'

08-01-2024T09:46:01 - [MESSAGE][PASSED] - Tapped on element 'Object Repository/Login Page/Sites/Katalon'

08-01-2024T09:46:01 - [TEST_STEP][PASSED] - verifyElementExist(findTestObject("Patient Directory/Add New Patient"), 30): Element 'Object Repository/Patient Directory/Add New Patient' is exist

08-01-2024T09:46:08 - [MESSAGE][PASSED] - Element 'Object Repository/Patient Directory/Add New Patient' is exist

08-01-2024T09:46:08 - [TEST_STEP][PASSED] - tap(findTestObject("Patient Directory/Patient"), 30): Tapped on element 'Object Repository/Patient Directory/Patient'

08-01-2024T09:46:08 - [MESSAGE][PASSED] - Tapped on element 'Object Repository/Patient Directory/Patient'

08-01-2024T09:46:08 - [TEST_STEP][PASSED] - tap(findTestObject("Wound Summary/Right Menu ( Wound Summary)"), 30): Tapped on element 'Object Repository/Wound Summary/Right Menu ( Wound Summary)'

08-01-2024T09:46:09 - [MESSAGE][PASSED] - Tapped on element 'Object Repository/Wound Summary/Right Menu ( Wound Summary)'

08-01-2024T09:46:09 - [TEST_STEP][PASSED] - verifyElementExist(findTestObject("Wound Summary/Patient Menu/Freeze patient"), 30): Element 'Object Repository/Wound Summary/Patient Menu/Freeze patient' is exist

08-01-2024T09:46:10 - [MESSAGE][PASSED] - Element 'Object Repository/Wound Summary/Patient Menu/Freeze patient' is exist

08-01-2024T09:46:10 - [TEST_STEP][PASSED] - verifyElementExist(findTestObject("Wound Summary/Patient Menu/Delete patient"), 30): Element 'Object Repository/Wound Summary/Patient Menu/Delete patient' is exist

08-01-2024T09:46:10 - [MESSAGE][PASSED] - Element 'Object Repository/Wound Summary/Patient Menu/Delete patient' is exist

08-01-2024T09:46:10 - [TEST_STEP][PASSED] - tap(findTestObject("Wound Summary/Patient Menu/Cancel"), 30): Tapped on element 'Object Repository/Wound Summary/Patient Menu/Cancel'

08-01-2024T09:46:10 - [MESSAGE][PASSED] - Tapped on element 'Object Repository/Wound Summary/Patient Menu/Cancel'

08-01-2024T09:46:10 - [TEST_STEP][PASSED] - pressBack(): Press back button successfully

08-01-2024T09:46:11 - [MESSAGE][PASSED] - Press back button successfully

08-01-2024T09:46:11 - [TEST_STEP][PASSED] - tap(findTestObject("Patient Directory/Left Menu"), 30): Tapped on element 'Object Repository/Patient Directory/Left Menu'

08-01-2024T09:46:12 - [MESSAGE][PASSED] - Tapped on element 'Object Repository/Patient Directory/Left Menu'

08-01-2024T09:46:12 - [TEST_STEP][PASSED] - tap(findTestObject("Patient Directory/Account Menu (left menu)/Sites"), 30): Tapped on element 'Object Repository/Patient Directory/Account Menu (left menu)/Sites'

08-01-2024T09:46:14 - [MESSAGE][PASSED] - Tapped on element 'Object Repository/Patient Directory/Account Menu (left menu)/Sites'

08-01-2024T09:46:14 - [TEST_STEP][PASSED] - tap(findTestObject("Patient Directory/Account Menu (left menu)/Sites ( from menu)/site user"), 30): Tapped on element 'Object Repository/Patient Directory/Account Menu (left menu)/Sites ( from menu)/site user'

08-01-2024T09:46:15 - [MESSAGE][PASSED] - Tapped on element 'Object Repository/Patient Directory/Account Menu (left menu)/Sites ( from menu)/site user'

08-01-2024T09:46:15 - [TEST_STEP][PASSED] - tap(findTestObject("Patient Directory/Patient"), 30): Tapped on element 'Object Repository/Patient Directory/Patient'

08-01-2024T09:46:20 - [MESSAGE][PASSED] - Tapped on element 'Object Repository/Patient Directory/Patient'

08-01-2024T09:46:20 - [TEST_STEP][PASSED] - tap(findTestObject("Wound Summary/Right Menu ( Wound Summary)"), 30): Tapped on element 'Object Repository/Wound Summary/Right Menu ( Wound Summary)'

08-01-2024T09:46:22 - [MESSAGE][PASSED] - Tapped on element 'Object Repository/Wound Summary/Right Menu ( Wound Summary)'

08-01-2024T09:46:22 - [TEST_STEP][PASSED] - verifyElementExist(findTestObject("Wound Summary/Patient Menu/Edit patient"), 30): Element 'Object Repository/Wound Summary/Patient Menu/Edit patient' is exist

08-01-2024T09:46:23 - [MESSAGE][PASSED] - Element 'Object Repository/Wound Summary/Patient Menu/Edit patient' is exist

08-01-2024T09:46:23 - [TEST_STEP][PASSED] - verifyElementNotExist(findTestObject("Wound Summary/Patient Menu/Delete patient"), 30): Element 'Object Repository/Wound Summary/Patient Menu/Delete patient' not found

08-01-2024T09:46:53 - [MESSAGE][PASSED] - Element 'Object Repository/Wound Summary/Patient Menu/Delete patient' not found

08-01-2024T09:46:53 - [TEST_STEP][PASSED] - verifyElementNotExist(findTestObject("Wound Summary/Patient Menu/Freeze patient"), 30): Element 'Object Repository/Wound Summary/Patient Menu/Freeze patient' not found

08-01-2024T09:47:23 - [MESSAGE][PASSED] - Element 'Object Repository/Wound Summary/Patient Menu/Freeze patient' not found

08-01-2024T09:47:23 - [TEST_STEP][PASSED] - tap(findTestObject("Wound Summary/Patient Menu/Cancel"), 30): Tapped on element 'Object Repository/Wound Summary/Patient Menu/Cancel'

08-01-2024T09:47:23 - [MESSAGE][PASSED] - Tapped on element 'Object Repository/Wound Summary/Patient Menu/Cancel'

08-01-2024T09:47:23 - [TEST_STEP][PASSED] - pressBack(): Press back button successfully

08-01-2024T09:47:24 - [MESSAGE][PASSED] - Press back button successfully

08-01-2024T09:47:24 - [TEST_STEP][PASSED] - tap(findTestObject("Patient Directory/Left Menu"), 30): Tapped on element 'Object Repository/Patient Directory/Left Menu'

08-01-2024T09:47:25 - [MESSAGE][PASSED] - Tapped on element 'Object Repository/Patient Directory/Left Menu'

08-01-2024T09:47:25 - [TEST_STEP][PASSED] - tap(findTestObject("Patient Directory/Account Menu (left menu)/Sites"), 30): Tapped on element 'Object Repository/Patient Directory/Account Menu (left menu)/Sites'

08-01-2024T09:47:27 - [MESSAGE][PASSED] - Tapped on element 'Object Repository/Patient Directory/Account Menu (left menu)/Sites'

08-01-2024T09:47:27 - [TEST_STEP][PASSED] - tap(findTestObject("Patient Directory/Account Menu (left menu)/Sites ( from menu)/Test1"), 30): Tapped on element 'Object Repository/Patient Directory/Account Menu (left menu)/Sites ( from menu)/Test1'

08-01-2024T09:47:27 - [MESSAGE][PASSED] - Tapped on element 'Object Repository/Patient Directory/Account Menu (left menu)/Sites ( from menu)/Test1'

08-01-2024T09:47:27 - [TEST_STEP][PASSED] - verifyElementNotExist(findTestObject("Patient Directory/Add New Patient"), 30): Element 'Object Repository/Patient Directory/Add New Patient' not found

08-01-2024T09:47:57 - [MESSAGE][PASSED] - Element 'Object Repository/Patient Directory/Add New Patient' not found

08-01-2024T09:48:00 - [TEST_STEP][PASSED] - Video: Video recording for test case 'Test Cases/EU/User Management/EK-8294 EU Android - Login as a user with multiple sites' .

08-01-2024T09:48:00 - [MESSAGE][INFO] - Video recording for test case 'Test Cases/EU/User Management/EK-8294 EU Android - Login as a user with multiple sites' .]]></system-out>
         <system-err><![CDATA[]]></system-err>
      </testcase>
      <testcase name="Test Cases/EU/User Management/EK-8290 EU Android - Auto Logout" time="72.413" classname="Test Cases/EU/User Management/EK-8290 EU Android - Auto Logout" status="PASSED">
         <system-out><![CDATA[08-01-2024T09:48:00 - [TEST_CASE][PASSED] - Test Cases/EU/User Management/EK-8290 EU Android - Auto Logout: Test Cases/EU/User Management/EK-8290 EU Android - Auto Logout

08-01-2024T09:48:00 - [TEST_STEP][PASSED] - Start listener action : beforeTestCase: null

08-01-2024T09:48:00 - [TEST_STEP][PASSED] - addDefaultPackages(): null

08-01-2024T09:48:00 - [TEST_STEP][PASSED] - runFeatureFile("Include/features/EK-8290 EU Android - Auto Logout.feature"): Feature file: 'Include/features/EK-8290 EU Android - Auto Logout.feature' was passed

08-01-2024T09:48:00 - [MESSAGE][INFO] - Starting run keyword runFeatureFile: 'Include/features/EK-8290 EU Android - Auto Logout.feature' and extract report to folder: '/Users/safaamarir/git/Android_Automation/Reports/20240108_094351/EU Android phone/EU Android User Management/20240108_094351/cucumber_report/1704703680039'...

08-01-2024T09:48:00 - [MESSAGE][PASSED] - Feature file: 'Include/features/EK-8290 EU Android - Auto Logout.feature' was passed

08-01-2024T09:48:00 - [TEST_STEP][PASSED] - tap(findTestObject("Patient Directory/Left Menu (Auto-logout)"), 30): Tapped on element 'Object Repository/Patient Directory/Left Menu (Auto-logout)'

08-01-2024T09:48:00 - [MESSAGE][PASSED] - Tapped on element 'Object Repository/Patient Directory/Left Menu (Auto-logout)'

08-01-2024T09:48:00 - [TEST_STEP][PASSED] - tap(findTestObject("Patient Directory/Account Menu (left menu)/Setting"), 30): Tapped on element 'Object Repository/Patient Directory/Account Menu (left menu)/Setting'

08-01-2024T09:48:01 - [MESSAGE][PASSED] - Tapped on element 'Object Repository/Patient Directory/Account Menu (left menu)/Setting'

08-01-2024T09:48:01 - [TEST_STEP][PASSED] - tap(findTestObject("Patient Directory/Settings/Logout tile"), 30): Tapped on element 'Object Repository/Patient Directory/Settings/Logout tile'

08-01-2024T09:48:03 - [MESSAGE][PASSED] - Tapped on element 'Object Repository/Patient Directory/Settings/Logout tile'

08-01-2024T09:48:03 - [TEST_STEP][PASSED] - tap(findTestObject("Patient Directory/Settings/1 minutes"), 30): Tapped on element 'Object Repository/Patient Directory/Settings/1 minutes'

08-01-2024T09:48:04 - [MESSAGE][PASSED] - Tapped on element 'Object Repository/Patient Directory/Settings/1 minutes'

08-01-2024T09:48:04 - [TEST_STEP][PASSED] - pressBack(): Press back button successfully

08-01-2024T09:48:05 - [MESSAGE][PASSED] - Press back button successfully

08-01-2024T09:48:05 - [TEST_STEP][PASSED] - delay(65, STOP_ON_FAILURE): Delayed 65 second(s)

08-01-2024T09:49:10 - [MESSAGE][PASSED] - Delayed 65 second(s)

08-01-2024T09:49:10 - [TEST_STEP][PASSED] - verifyElementExist(findTestObject("Login Page/Insight Logo"), 30): Element 'Object Repository/Login Page/Insight Logo' is exist

08-01-2024T09:49:10 - [MESSAGE][PASSED] - Element 'Object Repository/Login Page/Insight Logo' is exist

08-01-2024T09:49:12 - [TEST_STEP][PASSED] - Video: Video recording for test case 'Test Cases/EU/User Management/EK-8290 EU Android - Auto Logout' .

08-01-2024T09:49:12 - [MESSAGE][INFO] - Video recording for test case 'Test Cases/EU/User Management/EK-8290 EU Android - Auto Logout' .]]></system-out>
         <system-err><![CDATA[]]></system-err>
      </testcase>
      <system-out><![CDATA[08-01-2024T09:43:54 - [TEST_SUITE][PASSED] - EU Android User Management: Test Cases/EU/User Management/EK-8290 EU Android - Auto Logout]]></system-out>
      <system-err><![CDATA[]]></system-err>
   </testsuite>
</testsuites>
