<?xml version="1.0" encoding="UTF-8"?>
<testsuites name="Sync" time="318.554" tests="3" failures="0" errors="0">
   <testsuite name="Sync" tests="3" failures="0" errors="0" time="318.554" skipped="0" timestamp="2023-09-12 15:38:19" hostname="Amarir - DESKTOP-EE3F8H4" id="Test Suites/Sync">
      <properties>
         <property name="deviceName" value="samsung SM-N975F (Android 12)"/>
         <property name="devicePlatform" value=""/>
         <property name="logFolder" value="C:\\Users\\Amarir\\git\\IS_Katalon_Lite_Version\\Reports\\20230912_153805\\Sync\\20230912_153805"/>
         <property name="logFiles" value="C:\\Users\\Amarir\\git\\IS_Katalon_Lite_Version\\Reports\\20230912_153805\\Sync\\20230912_153805\\appium.log, C:\\Users\\Amarir\\git\\IS_Katalon_Lite_Version\\Reports\\20230912_153805\\Sync\\20230912_153805\\execution0.log"/>
         <property name="attachments" value=""/>
         <property name="hostName" value="Amarir - DESKTOP-EE3F8H4"/>
         <property name="os" value="Windows 10 64bit"/>
         <property name="appiumServerStatus" value="{&quot;value&quot;:{&quot;build&quot;:{&quot;version&quot;:&quot;1.22.0&quot;}},&quot;sessionId&quot;:null,&quot;status&quot;:0}"/>
         <property name="katalonVersion" value="8.6.5.208"/>
         <property name="deviceOS" value="Android"/>
         <property name="appiumVersion" value="1.22.0"/>
         <property name="deviceModel" value="SM-N975F"/>
         <property name="hostAddress" value="192.168.234.1"/>
         <property name="deviceManufacturer" value="samsung"/>
         <property name="deviceId" value="RF8N307NKZV"/>
         <property name="deviceName" value="samsung SM-N975F (Android 12)"/>
         <property name="deviceOSVersion" value="12"/>
      </properties>
      <testcase name="Test Cases/User Managemenet/Login" time="53.29" classname="Test Cases/User Managemenet/Login" status="PASSED">
         <system-out><![CDATA[2023-09-12 15:38:20 - [TEST_CASE][PASSED] - Test Cases/User Managemenet/Login: Test Cases/User Managemenet/Login

2023-09-12 15:38:22 - [TEST_STEP][PASSED] - startApplication(APK, false): Started app at: 'C:\Users\Amarir\Downloads\APK\IS\IS_Prod_2.1.apk'

2023-09-12 15:38:25 - [MESSAGE][INFO] - Detected NodeJS location: "C:\Program Files\nodejs\node.exe"

2023-09-12 15:38:29 - [MESSAGE][INFO] - Appium server started on port 64,374

2023-09-12 15:38:58 - [MESSAGE][PASSED] - Started app at: 'C:\Users\Amarir\Downloads\APK\IS\IS_Prod_2.1.apk'

2023-09-12 15:38:58 - [TEST_STEP][PASSED] - setText(findTestObject("User Management/Login/android.widget.EditText - username"), LoginCreds.get("username"), 30): Text 'safakata' has been set to element 'Object Repository/User Management/Login/android.widget.EditText - username'

2023-09-12 15:39:03 - [MESSAGE][PASSED] - Text 'safakata' has been set to element 'Object Repository/User Management/Login/android.widget.EditText - username'

2023-09-12 15:39:03 - [TEST_STEP][PASSED] - setText(findTestObject("User Management/Login/android.widget.EditText - password"), LoginCreds.get("password"), 30): Text 'eKare123@' has been set to element 'Object Repository/User Management/Login/android.widget.EditText - password'

2023-09-12 15:39:04 - [MESSAGE][PASSED] - Text 'eKare123@' has been set to element 'Object Repository/User Management/Login/android.widget.EditText - password'

2023-09-12 15:39:04 - [TEST_STEP][PASSED] - tap(findTestObject("User Management/Login/android.view.ViewGroup - sign in"), 30): Tapped on element 'Object Repository/User Management/Login/android.view.ViewGroup - sign in'

2023-09-12 15:39:05 - [MESSAGE][PASSED] - Tapped on element 'Object Repository/User Management/Login/android.view.ViewGroup - sign in'

2023-09-12 15:39:05 - [TEST_STEP][PASSED] - tap(findTestObject("Object Repository/User Management/Login/android.widget.TextView - Katalon"), 30): Tapped on element 'Object Repository/User Management/Login/android.widget.TextView - Katalon'

2023-09-12 15:39:07 - [MESSAGE][PASSED] - Tapped on element 'Object Repository/User Management/Login/android.widget.TextView - Katalon'

2023-09-12 15:39:07 - [TEST_STEP][PASSED] - delay(2, STOP_ON_FAILURE): Delayed 2 second(s)

2023-09-12 15:39:09 - [MESSAGE][PASSED] - Delayed 2 second(s)

2023-09-12 15:39:09 - [TEST_STEP][PASSED] - verifyElementExist(findTestObject("Object Repository/User Management/Login/android.widget.TextView - Patient Directory"), 30): Element 'Object Repository/User Management/Login/android.widget.TextView - Patient Directory' is exist

2023-09-12 15:39:13 - [MESSAGE][PASSED] - Element 'Object Repository/User Management/Login/android.widget.TextView - Patient Directory' is exist]]></system-out>
         <system-err><![CDATA[]]></system-err>
      </testcase>
      <testcase name="Test Cases/Synchronization and Offline Use/Automatic sync mode" time="166.351" classname="Test Cases/Synchronization and Offline Use/Automatic sync mode" status="PASSED">
         <system-out><![CDATA[2023-09-12 15:39:13 - [TEST_CASE][PASSED] - Test Cases/Synchronization and Offline Use/Automatic sync mode: Test Cases/Synchronization and Offline Use/Automatic sync mode

2023-09-12 15:39:16 - [TEST_STEP][PASSED] - delay(60, STOP_ON_FAILURE): Delayed 60 second(s)

2023-09-12 15:40:16 - [MESSAGE][PASSED] - Delayed 60 second(s)

2023-09-12 15:40:16 - [TEST_STEP][PASSED] - toggleWifi("off", STOP_ON_FAILURE): Toggled wifi

2023-09-12 15:40:17 - [MESSAGE][PASSED] - Toggled wifi

2023-09-12 15:40:17 - [TEST_STEP][PASSED] - tap(findTestObject("Synchronization and Offline Use/Automatic sync mode/android.view.ViewGroup - add patient"), 30): Tapped on element 'Object Repository/Synchronization and Offline Use/Automatic sync mode/android.view.ViewGroup - add patient'

2023-09-12 15:40:18 - [MESSAGE][PASSED] - Tapped on element 'Object Repository/Synchronization and Offline Use/Automatic sync mode/android.view.ViewGroup - add patient'

2023-09-12 15:40:18 - [TEST_STEP][PASSED] - setText(findTestObject("Object Repository/Synchronization and Offline Use/Automatic sync mode/android.widget.EditText - First name"), "Test", 30): Text 'Test' has been set to element 'Object Repository/Synchronization and Offline Use/Automatic sync mode/android.widget.EditText - First name'

2023-09-12 15:40:20 - [MESSAGE][PASSED] - Text 'Test' has been set to element 'Object Repository/Synchronization and Offline Use/Automatic sync mode/android.widget.EditText - First name'

2023-09-12 15:40:20 - [TEST_STEP][PASSED] - setText(findTestObject("Object Repository/Synchronization and Offline Use/Automatic sync mode/android.widget.EditText - Last name"), "Sync", 30): Text 'Sync' has been set to element 'Object Repository/Synchronization and Offline Use/Automatic sync mode/android.widget.EditText - Last name'

2023-09-12 15:40:22 - [MESSAGE][PASSED] - Text 'Sync' has been set to element 'Object Repository/Synchronization and Offline Use/Automatic sync mode/android.widget.EditText - Last name'

2023-09-12 15:40:22 - [TEST_STEP][PASSED] - setText(findTestObject("Object Repository/Synchronization and Offline Use/Automatic sync mode/android.widget.EditText - Date of birth (ddmmyyyy)"), "01/09/1990", 30): Text '01/09/1990' has been set to element 'Object Repository/Synchronization and Offline Use/Automatic sync mode/android.widget.EditText - Date of birth (ddmmyyyy)'

2023-09-12 15:40:24 - [MESSAGE][PASSED] - Text '01/09/1990' has been set to element 'Object Repository/Synchronization and Offline Use/Automatic sync mode/android.widget.EditText - Date of birth (ddmmyyyy)'

2023-09-12 15:40:24 - [TEST_STEP][PASSED] - setText(findTestObject("Object Repository/Synchronization and Offline Use/Automatic sync mode/android.widget.EditText - MRN"), "00ui", 30): Text '00ui' has been set to element 'Object Repository/Synchronization and Offline Use/Automatic sync mode/android.widget.EditText - MRN'

2023-09-12 15:40:25 - [MESSAGE][PASSED] - Text '00ui' has been set to element 'Object Repository/Synchronization and Offline Use/Automatic sync mode/android.widget.EditText - MRN'

2023-09-12 15:40:25 - [TEST_STEP][PASSED] - tap(findTestObject("Object Repository/Synchronization and Offline Use/Automatic sync mode/android.widget.TextView - Save"), 30): Tapped on element 'Object Repository/Synchronization and Offline Use/Automatic sync mode/android.widget.TextView - Save'

2023-09-12 15:40:26 - [MESSAGE][PASSED] - Tapped on element 'Object Repository/Synchronization and Offline Use/Automatic sync mode/android.widget.TextView - Save'

2023-09-12 15:40:26 - [TEST_STEP][PASSED] - verifyElementText(findTestObject("Object Repository/Synchronization and Offline Use/Automatic sync mode/android.widget.TextView - Patient created successfully"), "Patient created successfully"): Actual text and expected text of test object 'Object Repository/Synchronization and Offline Use/Automatic sync mode/android.widget.TextView - Patient created successfully' are matched.

2023-09-12 15:40:27 - [MESSAGE][PASSED] - Actual text and expected text of test object 'Object Repository/Synchronization and Offline Use/Automatic sync mode/android.widget.TextView - Patient created successfully' are matched.

2023-09-12 15:40:27 - [TEST_STEP][PASSED] - tap(findTestObject("Object Repository/Synchronization and Offline Use/Automatic sync mode/android.widget.Button - OK"), 30): Tapped on element 'Object Repository/Synchronization and Offline Use/Automatic sync mode/android.widget.Button - OK'

2023-09-12 15:40:28 - [MESSAGE][PASSED] - Tapped on element 'Object Repository/Synchronization and Offline Use/Automatic sync mode/android.widget.Button - OK'

2023-09-12 15:40:28 - [TEST_STEP][PASSED] - verifyElementText(findTestObject("Object Repository/Synchronization and Offline Use/Automatic sync mode/android.widget.TextView - Sync, Test"), "Sync, Test"): Actual text and expected text of test object 'Object Repository/Synchronization and Offline Use/Automatic sync mode/android.widget.TextView - Sync, Test' are matched.

2023-09-12 15:40:29 - [MESSAGE][PASSED] - Actual text and expected text of test object 'Object Repository/Synchronization and Offline Use/Automatic sync mode/android.widget.TextView - Sync, Test' are matched.

2023-09-12 15:40:29 - [TEST_STEP][PASSED] - verifyElementText(findTestObject("Object Repository/Synchronization and Offline Use/Automatic sync mode/android.widget.TextView - MRN 00ui"), "MRN: 00ui"): Actual text and expected text of test object 'Object Repository/Synchronization and Offline Use/Automatic sync mode/android.widget.TextView - MRN 00ui' are matched.

2023-09-12 15:40:29 - [MESSAGE][PASSED] - Actual text and expected text of test object 'Object Repository/Synchronization and Offline Use/Automatic sync mode/android.widget.TextView - MRN 00ui' are matched.

2023-09-12 15:40:29 - [TEST_STEP][PASSED] - tap(findTestObject("Synchronization and Offline Use/Automatic sync mode/android.widget.TextView - MRN 00ui"), 30): Tapped on element 'Object Repository/Synchronization and Offline Use/Automatic sync mode/android.widget.TextView - MRN 00ui'

2023-09-12 15:40:30 - [MESSAGE][PASSED] - Tapped on element 'Object Repository/Synchronization and Offline Use/Automatic sync mode/android.widget.TextView - MRN 00ui'

2023-09-12 15:40:30 - [TEST_STEP][PASSED] - tap(findTestObject("Object Repository/Wound Management/Add Wound/android.widget.ImageView - add wound"), 30): Tapped on element 'Object Repository/Wound Management/Add Wound/android.widget.ImageView - add wound'

2023-09-12 15:40:31 - [MESSAGE][PASSED] - Tapped on element 'Object Repository/Wound Management/Add Wound/android.widget.ImageView - add wound'

2023-09-12 15:40:31 - [TEST_STEP][PASSED] - tap(findTestObject("Object Repository/Wound Management/Add Wound/android.widget.TextView - Next"), 30): Tapped on element 'Object Repository/Wound Management/Add Wound/android.widget.TextView - Next'

2023-09-12 15:40:32 - [MESSAGE][PASSED] - Tapped on element 'Object Repository/Wound Management/Add Wound/android.widget.TextView - Next'

2023-09-12 15:40:32 - [TEST_STEP][PASSED] - tap(findTestObject("Object Repository/Wound Management/Add Wound/android.widget.TextView - Save"), 30): Tapped on element 'Object Repository/Wound Management/Add Wound/android.widget.TextView - Save'

2023-09-12 15:40:33 - [MESSAGE][PASSED] - Tapped on element 'Object Repository/Wound Management/Add Wound/android.widget.TextView - Save'

2023-09-12 15:40:33 - [TEST_STEP][PASSED] - verifyElementExist(findTestObject("Object Repository/Wound Management/Add Wound/android.view.ViewGroup (2)"), 30): Element 'Object Repository/Wound Management/Add Wound/android.view.ViewGroup (2)' is exist

2023-09-12 15:40:34 - [MESSAGE][PASSED] - Element 'Object Repository/Wound Management/Add Wound/android.view.ViewGroup (2)' is exist

2023-09-12 15:40:34 - [TEST_STEP][PASSED] - tap(findTestObject("Wound Management/Add Wound/android.view.ViewGroup (2)"), 30): Tapped on element 'Object Repository/Wound Management/Add Wound/android.view.ViewGroup (2)'

2023-09-12 15:40:35 - [MESSAGE][PASSED] - Tapped on element 'Object Repository/Wound Management/Add Wound/android.view.ViewGroup (2)'

2023-09-12 15:40:35 - [TEST_STEP][PASSED] - tap(findTestObject("Hard to find elements/android.view.ViewGroup - Assessment"), 30): Tapped on element 'Object Repository/Hard to find elements/android.view.ViewGroup - Assessment'

2023-09-12 15:40:36 - [MESSAGE][PASSED] - Tapped on element 'Object Repository/Hard to find elements/android.view.ViewGroup - Assessment'

2023-09-12 15:40:36 - [TEST_STEP][PASSED] - verifyElementExist(findTestObject("Object Repository/Wound Assessment/Add Assessment/android.widget.ImageView - add Assessement"), 30): Element 'Object Repository/Wound Assessment/Add Assessment/android.widget.ImageView - add Assessement' is exist

2023-09-12 15:40:37 - [MESSAGE][PASSED] - Element 'Object Repository/Wound Assessment/Add Assessment/android.widget.ImageView - add Assessement' is exist

2023-09-12 15:40:37 - [TEST_STEP][PASSED] - tap(findTestObject("Object Repository/Wound Assessment/Add Assessment/android.widget.ImageView - add Assessement"), 30): Tapped on element 'Object Repository/Wound Assessment/Add Assessment/android.widget.ImageView - add Assessement'

2023-09-12 15:40:37 - [MESSAGE][PASSED] - Tapped on element 'Object Repository/Wound Assessment/Add Assessment/android.widget.ImageView - add Assessement'

2023-09-12 15:40:37 - [TEST_STEP][PASSED] - tap(findTestObject("Object Repository/Wound Assessment/Add Assessment/android.widget.TextView - WOUND EDGE"), 30): Tapped on element 'Object Repository/Wound Assessment/Add Assessment/android.widget.TextView - WOUND EDGE'

2023-09-12 15:40:39 - [MESSAGE][PASSED] - Tapped on element 'Object Repository/Wound Assessment/Add Assessment/android.widget.TextView - WOUND EDGE'

2023-09-12 15:40:39 - [TEST_STEP][PASSED] - tap(findTestObject("Object Repository/Wound Assessment/Add Assessment/android.widget.TextView - Rolled"), 30): Tapped on element 'Object Repository/Wound Assessment/Add Assessment/android.widget.TextView - Rolled'

2023-09-12 15:40:40 - [MESSAGE][PASSED] - Tapped on element 'Object Repository/Wound Assessment/Add Assessment/android.widget.TextView - Rolled'

2023-09-12 15:40:40 - [TEST_STEP][PASSED] - tap(findTestObject("Object Repository/Wound Assessment/Add Assessment/android.widget.TextView - PERI WOUND SKIN"), 30): Tapped on element 'Object Repository/Wound Assessment/Add Assessment/android.widget.TextView - PERI WOUND SKIN'

2023-09-12 15:40:41 - [MESSAGE][PASSED] - Tapped on element 'Object Repository/Wound Assessment/Add Assessment/android.widget.TextView - PERI WOUND SKIN'

2023-09-12 15:40:41 - [TEST_STEP][PASSED] - tap(findTestObject("Object Repository/Wound Assessment/Add Assessment/android.widget.TextView - Oedema"), 30): Tapped on element 'Object Repository/Wound Assessment/Add Assessment/android.widget.TextView - Oedema'

2023-09-12 15:40:42 - [MESSAGE][PASSED] - Tapped on element 'Object Repository/Wound Assessment/Add Assessment/android.widget.TextView - Oedema'

2023-09-12 15:40:42 - [TEST_STEP][PASSED] - tap(findTestObject("Object Repository/Wound Assessment/Add Assessment/android.widget.TextView - PERI WOUND SKIN (1)"), 30): Tapped on element 'Object Repository/Wound Assessment/Add Assessment/android.widget.TextView - PERI WOUND SKIN (1)'

2023-09-12 15:40:43 - [MESSAGE][PASSED] - Tapped on element 'Object Repository/Wound Assessment/Add Assessment/android.widget.TextView - PERI WOUND SKIN (1)'

2023-09-12 15:40:43 - [TEST_STEP][PASSED] - tap(findTestObject("Object Repository/Wound Assessment/Add Assessment/android.widget.TextView - PAIN"), 30): Tapped on element 'Object Repository/Wound Assessment/Add Assessment/android.widget.TextView - PAIN'

2023-09-12 15:40:44 - [MESSAGE][PASSED] - Tapped on element 'Object Repository/Wound Assessment/Add Assessment/android.widget.TextView - PAIN'

2023-09-12 15:40:44 - [TEST_STEP][PASSED] - tap(findTestObject("Object Repository/Wound Assessment/Add Assessment/android.widget.SeekBar - 0.0"), 30): Tapped on element 'Object Repository/Wound Assessment/Add Assessment/android.widget.SeekBar - 0.0'

2023-09-12 15:40:45 - [MESSAGE][PASSED] - Tapped on element 'Object Repository/Wound Assessment/Add Assessment/android.widget.SeekBar - 0.0'

2023-09-12 15:40:45 - [TEST_STEP][PASSED] - tap(findTestObject("Wound Assessment/Add Assessment/android.widget.TextView - PAIN"), 30): Tapped on element 'Object Repository/Wound Assessment/Add Assessment/android.widget.TextView - PAIN'

2023-09-12 15:40:46 - [MESSAGE][PASSED] - Tapped on element 'Object Repository/Wound Assessment/Add Assessment/android.widget.TextView - PAIN'

2023-09-12 15:40:46 - [TEST_STEP][PASSED] - tap(findTestObject("Object Repository/Wound Assessment/Add Assessment/android.widget.TextView - DRAINAGE"), 30): Tapped on element 'Object Repository/Wound Assessment/Add Assessment/android.widget.TextView - DRAINAGE'

2023-09-12 15:40:47 - [MESSAGE][PASSED] - Tapped on element 'Object Repository/Wound Assessment/Add Assessment/android.widget.TextView - DRAINAGE'

2023-09-12 15:40:47 - [TEST_STEP][PASSED] - tap(findTestObject("Object Repository/Wound Assessment/Add Assessment/android.widget.TextView - Minimum"), 30): Tapped on element 'Object Repository/Wound Assessment/Add Assessment/android.widget.TextView - Minimum'

2023-09-12 15:40:48 - [MESSAGE][PASSED] - Tapped on element 'Object Repository/Wound Assessment/Add Assessment/android.widget.TextView - Minimum'

2023-09-12 15:40:48 - [TEST_STEP][PASSED] - tap(findTestObject("Wound Assessment/Add Assessment/android.widget.TextView - DRAINAGE"), 30): Tapped on element 'Object Repository/Wound Assessment/Add Assessment/android.widget.TextView - DRAINAGE'

2023-09-12 15:40:49 - [MESSAGE][PASSED] - Tapped on element 'Object Repository/Wound Assessment/Add Assessment/android.widget.TextView - DRAINAGE'

2023-09-12 15:40:49 - [TEST_STEP][PASSED] - tap(findTestObject("Object Repository/Wound Assessment/Add Assessment/android.widget.TextView - PRESSURE INJURY STAGING"), 30): Tapped on element 'Object Repository/Wound Assessment/Add Assessment/android.widget.TextView - PRESSURE INJURY STAGING'

2023-09-12 15:40:50 - [MESSAGE][PASSED] - Tapped on element 'Object Repository/Wound Assessment/Add Assessment/android.widget.TextView - PRESSURE INJURY STAGING'

2023-09-12 15:40:50 - [TEST_STEP][PASSED] - tap(findTestObject("Object Repository/Wound Assessment/Add Assessment/android.view.ViewGroup - stage II"), 30): Tapped on element 'Object Repository/Wound Assessment/Add Assessment/android.view.ViewGroup - stage II'

2023-09-12 15:40:51 - [MESSAGE][PASSED] - Tapped on element 'Object Repository/Wound Assessment/Add Assessment/android.view.ViewGroup - stage II'

2023-09-12 15:40:51 - [TEST_STEP][PASSED] - tap(findTestObject("Wound Assessment/Add Assessment/android.widget.TextView - PRESSURE INJURY STAGING"), 30): Tapped on element 'Object Repository/Wound Assessment/Add Assessment/android.widget.TextView - PRESSURE INJURY STAGING'

2023-09-12 15:40:52 - [MESSAGE][PASSED] - Tapped on element 'Object Repository/Wound Assessment/Add Assessment/android.widget.TextView - PRESSURE INJURY STAGING'

2023-09-12 15:40:52 - [TEST_STEP][PASSED] - tap(findTestObject("Object Repository/Wound Assessment/Add Assessment/android.widget.TextView - ODOR"), 30): Tapped on element 'Object Repository/Wound Assessment/Add Assessment/android.widget.TextView - ODOR'

2023-09-12 15:40:53 - [MESSAGE][PASSED] - Tapped on element 'Object Repository/Wound Assessment/Add Assessment/android.widget.TextView - ODOR'

2023-09-12 15:40:53 - [TEST_STEP][PASSED] - tap(findTestObject("Object Repository/Wound Assessment/Add Assessment/android.widget.TextView - None"), 30): Tapped on element 'Object Repository/Wound Assessment/Add Assessment/android.widget.TextView - None'

2023-09-12 15:40:54 - [MESSAGE][PASSED] - Tapped on element 'Object Repository/Wound Assessment/Add Assessment/android.widget.TextView - None'

2023-09-12 15:40:54 - [TEST_STEP][PASSED] - tap(findTestObject("Wound Assessment/Add Assessment/android.widget.TextView - Save"), 30): Tapped on element 'Object Repository/Wound Assessment/Add Assessment/android.widget.TextView - Save'

2023-09-12 15:40:55 - [MESSAGE][PASSED] - Tapped on element 'Object Repository/Wound Assessment/Add Assessment/android.widget.TextView - Save'

2023-09-12 15:40:55 - [TEST_STEP][PASSED] - verifyElementExist(findTestObject("Object Repository/Wound Assessment/Add Assessment/android.view.ViewGroup (1)"), 30): Element 'Object Repository/Wound Assessment/Add Assessment/android.view.ViewGroup (1)' is exist

2023-09-12 15:40:57 - [MESSAGE][PASSED] - Element 'Object Repository/Wound Assessment/Add Assessment/android.view.ViewGroup (1)' is exist

2023-09-12 15:40:57 - [TEST_STEP][PASSED] - tap(findTestObject("Hard to find elements/android.view.ViewGroup - Treatement"), 30): Tapped on element 'Object Repository/Hard to find elements/android.view.ViewGroup - Treatement'

2023-09-12 15:40:57 - [MESSAGE][PASSED] - Tapped on element 'Object Repository/Hard to find elements/android.view.ViewGroup - Treatement'

2023-09-12 15:40:57 - [TEST_STEP][PASSED] - verifyElementExist(findTestObject("Synchronization and Offline Use/Automatic sync mode/android.widget.ImageView - add treatment"), 30): Element 'Object Repository/Synchronization and Offline Use/Automatic sync mode/android.widget.ImageView - add treatment' is exist

2023-09-12 15:40:59 - [MESSAGE][PASSED] - Element 'Object Repository/Synchronization and Offline Use/Automatic sync mode/android.widget.ImageView - add treatment' is exist

2023-09-12 15:40:59 - [TEST_STEP][PASSED] - tap(findTestObject("Synchronization and Offline Use/Automatic sync mode/android.widget.ImageView - add treatment"), 30): Tapped on element 'Object Repository/Synchronization and Offline Use/Automatic sync mode/android.widget.ImageView - add treatment'

2023-09-12 15:40:59 - [MESSAGE][PASSED] - Tapped on element 'Object Repository/Synchronization and Offline Use/Automatic sync mode/android.widget.ImageView - add treatment'

2023-09-12 15:40:59 - [TEST_STEP][PASSED] - tap(findTestObject("Object Repository/Treatment and WCP/Add Treatment/android.widget.TextView - Next"), 30): Tapped on element 'Object Repository/Treatment and WCP/Add Treatment/android.widget.TextView - Next'

2023-09-12 15:41:01 - [MESSAGE][PASSED] - Tapped on element 'Object Repository/Treatment and WCP/Add Treatment/android.widget.TextView - Next'

2023-09-12 15:41:01 - [TEST_STEP][PASSED] - tap(findTestObject("Object Repository/Treatment and WCP/Add Treatment/android.widget.TextView - CLEANSING"), 30): Tapped on element 'Object Repository/Treatment and WCP/Add Treatment/android.widget.TextView - CLEANSING'

2023-09-12 15:41:02 - [MESSAGE][PASSED] - Tapped on element 'Object Repository/Treatment and WCP/Add Treatment/android.widget.TextView - CLEANSING'

2023-09-12 15:41:02 - [TEST_STEP][PASSED] - tap(findTestObject("Object Repository/Treatment and WCP/Add Treatment/android.widget.TextView - Acetic Acid"), 30): Tapped on element 'Object Repository/Treatment and WCP/Add Treatment/android.widget.TextView - Acetic Acid'

2023-09-12 15:41:03 - [MESSAGE][PASSED] - Tapped on element 'Object Repository/Treatment and WCP/Add Treatment/android.widget.TextView - Acetic Acid'

2023-09-12 15:41:03 - [TEST_STEP][PASSED] - tap(findTestObject("Object Repository/Treatment and WCP/Add Treatment/android.widget.TextView - OINTMENTS"), 30): Tapped on element 'Object Repository/Treatment and WCP/Add Treatment/android.widget.TextView - OINTMENTS'

2023-09-12 15:41:04 - [MESSAGE][PASSED] - Tapped on element 'Object Repository/Treatment and WCP/Add Treatment/android.widget.TextView - OINTMENTS'

2023-09-12 15:41:04 - [TEST_STEP][PASSED] - tap(findTestObject("Object Repository/Treatment and WCP/Add Treatment/android.widget.TextView - Zinc Oxide"), 30): Tapped on element 'Object Repository/Treatment and WCP/Add Treatment/android.widget.TextView - Zinc Oxide'

2023-09-12 15:41:05 - [MESSAGE][PASSED] - Tapped on element 'Object Repository/Treatment and WCP/Add Treatment/android.widget.TextView - Zinc Oxide'

2023-09-12 15:41:05 - [TEST_STEP][PASSED] - tap(findTestObject("Object Repository/Treatment and WCP/Add Treatment/android.widget.TextView - Save"), 30): Tapped on element 'Object Repository/Treatment and WCP/Add Treatment/android.widget.TextView - Save'

2023-09-12 15:41:06 - [MESSAGE][PASSED] - Tapped on element 'Object Repository/Treatment and WCP/Add Treatment/android.widget.TextView - Save'

2023-09-12 15:41:06 - [TEST_STEP][PASSED] - verifyElementText(findTestObject("Object Repository/Treatment and WCP/Add Treatment/android.widget.TextView - Acetic Acid (1)"), "Acetic Acid"): Actual text and expected text of test object 'Object Repository/Treatment and WCP/Add Treatment/android.widget.TextView - Acetic Acid (1)' are matched.

2023-09-12 15:41:08 - [MESSAGE][PASSED] - Actual text and expected text of test object 'Object Repository/Treatment and WCP/Add Treatment/android.widget.TextView - Acetic Acid (1)' are matched.

2023-09-12 15:41:08 - [TEST_STEP][PASSED] - verifyElementText(findTestObject("Object Repository/Treatment and WCP/Add Treatment/android.widget.TextView - Zinc Oxide (1)"), "Zinc Oxide"): Actual text and expected text of test object 'Object Repository/Treatment and WCP/Add Treatment/android.widget.TextView - Zinc Oxide (1)' are matched.

2023-09-12 15:41:08 - [MESSAGE][PASSED] - Actual text and expected text of test object 'Object Repository/Treatment and WCP/Add Treatment/android.widget.TextView - Zinc Oxide (1)' are matched.

2023-09-12 15:41:08 - [TEST_STEP][PASSED] - pressBack(): Press back button successfully

2023-09-12 15:41:09 - [MESSAGE][PASSED] - Press back button successfully

2023-09-12 15:41:09 - [TEST_STEP][PASSED] - pressBack(): Press back button successfully

2023-09-12 15:41:09 - [MESSAGE][PASSED] - Press back button successfully

2023-09-12 15:41:09 - [TEST_STEP][PASSED] - toggleWifi("on", STOP_ON_FAILURE): Toggled wifi

2023-09-12 15:41:11 - [MESSAGE][PASSED] - Toggled wifi

2023-09-12 15:41:11 - [TEST_STEP][PASSED] - delay(10, STOP_ON_FAILURE): Delayed 10 second(s)

2023-09-12 15:41:21 - [MESSAGE][PASSED] - Delayed 10 second(s)

2023-09-12 15:41:21 - [TEST_STEP][PASSED] - pressBack(): Press back button successfully

2023-09-12 15:41:21 - [MESSAGE][PASSED] - Press back button successfully

2023-09-12 15:41:21 - [TEST_STEP][PASSED] - pressBack(): Press back button successfully

2023-09-12 15:41:22 - [MESSAGE][PASSED] - Press back button successfully

2023-09-12 15:41:22 - [TEST_STEP][PASSED] - delay(20, STOP_ON_FAILURE): Delayed 20 second(s)

2023-09-12 15:41:42 - [MESSAGE][PASSED] - Delayed 20 second(s)

2023-09-12 15:41:42 - [TEST_STEP][PASSED] - scrollToText("00ui"): Scrolling to text '00ui' successfully

2023-09-12 15:41:43 - [MESSAGE][PASSED] - Scrolling to text '00ui' successfully

2023-09-12 15:41:43 - [TEST_STEP][PASSED] - tap(findTestObject("Object Repository/Synchronization and Offline Use/Automatic sync mode/android.widget.TextView - MRN 00ui (1)"), 30): Tapped on element 'Object Repository/Synchronization and Offline Use/Automatic sync mode/android.widget.TextView - MRN 00ui (1)'

2023-09-12 15:41:44 - [MESSAGE][PASSED] - Tapped on element 'Object Repository/Synchronization and Offline Use/Automatic sync mode/android.widget.TextView - MRN 00ui (1)'

2023-09-12 15:41:44 - [TEST_STEP][PASSED] - verifyElementExist(findTestObject("Object Repository/Synchronization and Offline Use/Automatic sync mode/android.view.ViewGroup"), 30): Element 'Object Repository/Synchronization and Offline Use/Automatic sync mode/android.view.ViewGroup' is exist

2023-09-12 15:41:48 - [MESSAGE][PASSED] - Element 'Object Repository/Synchronization and Offline Use/Automatic sync mode/android.view.ViewGroup' is exist

2023-09-12 15:41:48 - [TEST_STEP][PASSED] - tap(findTestObject("Synchronization and Offline Use/Automatic sync mode/android.view.ViewGroup"), 30): Tapped on element 'Object Repository/Synchronization and Offline Use/Automatic sync mode/android.view.ViewGroup'

2023-09-12 15:41:49 - [MESSAGE][PASSED] - Tapped on element 'Object Repository/Synchronization and Offline Use/Automatic sync mode/android.view.ViewGroup'

2023-09-12 15:41:49 - [TEST_STEP][PASSED] - tap(findTestObject("Hard to find elements/android.view.ViewGroup - Assessment"), 30): Tapped on element 'Object Repository/Hard to find elements/android.view.ViewGroup - Assessment'

2023-09-12 15:41:52 - [MESSAGE][PASSED] - Tapped on element 'Object Repository/Hard to find elements/android.view.ViewGroup - Assessment'

2023-09-12 15:41:52 - [TEST_STEP][PASSED] - verifyElementExist(findTestObject("Object Repository/Synchronization and Offline Use/Automatic sync mode/android.view.ViewGroup (1)"), 30): Element 'Object Repository/Synchronization and Offline Use/Automatic sync mode/android.view.ViewGroup (1)' is exist

2023-09-12 15:41:54 - [MESSAGE][PASSED] - Element 'Object Repository/Synchronization and Offline Use/Automatic sync mode/android.view.ViewGroup (1)' is exist

2023-09-12 15:41:54 - [TEST_STEP][PASSED] - tap(findTestObject("Hard to find elements/android.view.ViewGroup - Treatement"), 30): Tapped on element 'Object Repository/Hard to find elements/android.view.ViewGroup - Treatement'

2023-09-12 15:41:55 - [MESSAGE][PASSED] - Tapped on element 'Object Repository/Hard to find elements/android.view.ViewGroup - Treatement'

2023-09-12 15:41:55 - [TEST_STEP][PASSED] - verifyElementExist(findTestObject("Object Repository/Synchronization and Offline Use/Automatic sync mode/android.view.ViewGroup (2)"), 30): Element 'Object Repository/Synchronization and Offline Use/Automatic sync mode/android.view.ViewGroup (2)' is exist

2023-09-12 15:41:57 - [MESSAGE][PASSED] - Element 'Object Repository/Synchronization and Offline Use/Automatic sync mode/android.view.ViewGroup (2)' is exist

2023-09-12 15:41:57 - [TEST_STEP][PASSED] - pressBack(): Press back button successfully

2023-09-12 15:41:57 - [MESSAGE][PASSED] - Press back button successfully

2023-09-12 15:41:57 - [TEST_STEP][PASSED] - pressBack(): Press back button successfully

2023-09-12 15:41:58 - [MESSAGE][PASSED] - Press back button successfully

2023-09-12 15:41:58 - [TEST_STEP][PASSED] - pressBack(): Press back button successfully

2023-09-12 15:41:59 - [MESSAGE][PASSED] - Press back button successfully

2023-09-12 15:41:59 - [TEST_STEP][PASSED] - pressBack(): Press back button successfully

2023-09-12 15:42:00 - [MESSAGE][PASSED] - Press back button successfully]]></system-out>
         <system-err><![CDATA[]]></system-err>
      </testcase>
      <testcase name="Test Cases/Synchronization and Offline Use/Online Mode" time="97.716" classname="Test Cases/Synchronization and Offline Use/Online Mode" status="PASSED">
         <system-out><![CDATA[2023-09-12 15:42:00 - [TEST_CASE][PASSED] - Test Cases/Synchronization and Offline Use/Online Mode: Test Cases/Synchronization and Offline Use/Online Mode

2023-09-12 15:42:01 - [TEST_STEP][PASSED] - delay(5, STOP_ON_FAILURE): Delayed 5 second(s)

2023-09-12 15:42:06 - [MESSAGE][PASSED] - Delayed 5 second(s)

2023-09-12 15:42:06 - [TEST_STEP][PASSED] - tap(findTestObject("Object Repository/Synchronization and Offline Use/Online mode/android.widget.ImageView - Menu"), 30): Tapped on element 'Object Repository/Synchronization and Offline Use/Online mode/android.widget.ImageView - Menu'

2023-09-12 15:42:07 - [MESSAGE][PASSED] - Tapped on element 'Object Repository/Synchronization and Offline Use/Online mode/android.widget.ImageView - Menu'

2023-09-12 15:42:07 - [TEST_STEP][PASSED] - tap(findTestObject("Object Repository/Synchronization and Offline Use/Online mode/android.widget.TextView - Settings"), 30): Tapped on element 'Object Repository/Synchronization and Offline Use/Online mode/android.widget.TextView - Settings'

2023-09-12 15:42:09 - [MESSAGE][PASSED] - Tapped on element 'Object Repository/Synchronization and Offline Use/Online mode/android.widget.TextView - Settings'

2023-09-12 15:42:09 - [TEST_STEP][PASSED] - tap(findTestObject("Object Repository/Synchronization and Offline Use/Online mode/android.widget.TextView - Sync Mode"), 30): Tapped on element 'Object Repository/Synchronization and Offline Use/Online mode/android.widget.TextView - Sync Mode'

2023-09-12 15:42:10 - [MESSAGE][PASSED] - Tapped on element 'Object Repository/Synchronization and Offline Use/Online mode/android.widget.TextView - Sync Mode'

2023-09-12 15:42:10 - [TEST_STEP][PASSED] - tap(findTestObject("Object Repository/Synchronization and Offline Use/Online mode/android.widget.TextView - Online only"), 30): Tapped on element 'Object Repository/Synchronization and Offline Use/Online mode/android.widget.TextView - Online only'

2023-09-12 15:42:11 - [MESSAGE][PASSED] - Tapped on element 'Object Repository/Synchronization and Offline Use/Online mode/android.widget.TextView - Online only'

2023-09-12 15:42:11 - [TEST_STEP][PASSED] - verifyElementText(findTestObject("Object Repository/Synchronization and Offline Use/Online mode/android.widget.TextView - No temporary local storage. Cannot use app without internet connection. Proceed"), "No temporary local storage. Cannot use app without internet connection. Proceed?"): Actual text and expected text of test object 'Object Repository/Synchronization and Offline Use/Online mode/android.widget.TextView - No temporary local storage. Cannot use app without internet connection. Proceed' are matched.

2023-09-12 15:42:12 - [MESSAGE][PASSED] - Actual text and expected text of test object 'Object Repository/Synchronization and Offline Use/Online mode/android.widget.TextView - No temporary local storage. Cannot use app without internet connection. Proceed' are matched.

2023-09-12 15:42:12 - [TEST_STEP][PASSED] - tap(findTestObject("Object Repository/Synchronization and Offline Use/Online mode/android.widget.Button - CONFIRM"), 30): Tapped on element 'Object Repository/Synchronization and Offline Use/Online mode/android.widget.Button - CONFIRM'

2023-09-12 15:42:12 - [MESSAGE][PASSED] - Tapped on element 'Object Repository/Synchronization and Offline Use/Online mode/android.widget.Button - CONFIRM'

2023-09-12 15:42:12 - [TEST_STEP][PASSED] - scrollToText("MRN: 12ui"): Scrolling to text 'MRN: 12ui' successfully

2023-09-12 15:42:31 - [MESSAGE][PASSED] - Scrolling to text 'MRN: 12ui' successfully

2023-09-12 15:42:31 - [TEST_STEP][PASSED] - tap(findTestObject("Object Repository/Synchronization and Offline Use/Online mode/android.widget.TextView - MRN 12ui"), 30): Tapped on element 'Object Repository/Synchronization and Offline Use/Online mode/android.widget.TextView - MRN 12ui'

2023-09-12 15:42:31 - [MESSAGE][PASSED] - Tapped on element 'Object Repository/Synchronization and Offline Use/Online mode/android.widget.TextView - MRN 12ui'

2023-09-12 15:42:31 - [TEST_STEP][PASSED] - delay(5, STOP_ON_FAILURE): Delayed 5 second(s)

2023-09-12 15:42:36 - [MESSAGE][PASSED] - Delayed 5 second(s)

2023-09-12 15:42:36 - [TEST_STEP][PASSED] - toggleWifi("off", STOP_ON_FAILURE): Toggled wifi

2023-09-12 15:42:38 - [MESSAGE][PASSED] - Toggled wifi

2023-09-12 15:42:38 - [TEST_STEP][PASSED] - tap(findTestObject("Object Repository/Synchronization and Offline Use/Online mode/android.widget.ImageView"), 30): Tapped on element 'Object Repository/Synchronization and Offline Use/Online mode/android.widget.ImageView'

2023-09-12 15:42:39 - [MESSAGE][PASSED] - Tapped on element 'Object Repository/Synchronization and Offline Use/Online mode/android.widget.ImageView'

2023-09-12 15:42:39 - [TEST_STEP][PASSED] - tap(findTestObject("Object Repository/Synchronization and Offline Use/Online mode/android.widget.TextView - Next"), 30): Tapped on element 'Object Repository/Synchronization and Offline Use/Online mode/android.widget.TextView - Next'

2023-09-12 15:42:40 - [MESSAGE][PASSED] - Tapped on element 'Object Repository/Synchronization and Offline Use/Online mode/android.widget.TextView - Next'

2023-09-12 15:42:40 - [TEST_STEP][PASSED] - tap(findTestObject("Object Repository/Synchronization and Offline Use/Online mode/android.widget.TextView - Save"), 30): Tapped on element 'Object Repository/Synchronization and Offline Use/Online mode/android.widget.TextView - Save'

2023-09-12 15:42:41 - [MESSAGE][PASSED] - Tapped on element 'Object Repository/Synchronization and Offline Use/Online mode/android.widget.TextView - Save'

2023-09-12 15:42:41 - [TEST_STEP][PASSED] - pressBack(): Press back button successfully

2023-09-12 15:42:41 - [MESSAGE][PASSED] - Press back button successfully

2023-09-12 15:42:41 - [TEST_STEP][PASSED] - tap(findTestObject("Object Repository/Synchronization and Offline Use/Online mode/android.view.ViewGroup"), 30): Tapped on element 'Object Repository/Synchronization and Offline Use/Online mode/android.view.ViewGroup'

2023-09-12 15:42:42 - [MESSAGE][PASSED] - Tapped on element 'Object Repository/Synchronization and Offline Use/Online mode/android.view.ViewGroup'

2023-09-12 15:42:42 - [TEST_STEP][PASSED] - delay(10, STOP_ON_FAILURE): Delayed 10 second(s)

2023-09-12 15:42:52 - [MESSAGE][PASSED] - Delayed 10 second(s)

2023-09-12 15:42:52 - [TEST_STEP][PASSED] - tap(findTestObject("Hard to find elements/android.view.ViewGroup - Assessment"), 30): Tapped on element 'Object Repository/Hard to find elements/android.view.ViewGroup - Assessment'

2023-09-12 15:42:53 - [MESSAGE][PASSED] - Tapped on element 'Object Repository/Hard to find elements/android.view.ViewGroup - Assessment'

2023-09-12 15:42:53 - [TEST_STEP][PASSED] - tap(findTestObject("Object Repository/Synchronization and Offline Use/Online mode/android.widget.ImageView (1)"), 30): Tapped on element 'Object Repository/Synchronization and Offline Use/Online mode/android.widget.ImageView (1)'

2023-09-12 15:42:54 - [MESSAGE][PASSED] - Tapped on element 'Object Repository/Synchronization and Offline Use/Online mode/android.widget.ImageView (1)'

2023-09-12 15:42:54 - [TEST_STEP][PASSED] - tap(findTestObject("Object Repository/Synchronization and Offline Use/Online mode/android.widget.TextView - DATE"), 30): Tapped on element 'Object Repository/Synchronization and Offline Use/Online mode/android.widget.TextView - DATE'

2023-09-12 15:42:55 - [MESSAGE][PASSED] - Tapped on element 'Object Repository/Synchronization and Offline Use/Online mode/android.widget.TextView - DATE'

2023-09-12 15:42:55 - [TEST_STEP][PASSED] - tap(findTestObject("Object Repository/Synchronization and Offline Use/Online mode/android.widget.TextView - WOUND EDGE"), 30): Tapped on element 'Object Repository/Synchronization and Offline Use/Online mode/android.widget.TextView - WOUND EDGE'

2023-09-12 15:42:56 - [MESSAGE][PASSED] - Tapped on element 'Object Repository/Synchronization and Offline Use/Online mode/android.widget.TextView - WOUND EDGE'

2023-09-12 15:42:56 - [TEST_STEP][PASSED] - tap(findTestObject("Object Repository/Synchronization and Offline Use/Online mode/android.widget.TextView - Attached"), 30): Tapped on element 'Object Repository/Synchronization and Offline Use/Online mode/android.widget.TextView - Attached'

2023-09-12 15:42:57 - [MESSAGE][PASSED] - Tapped on element 'Object Repository/Synchronization and Offline Use/Online mode/android.widget.TextView - Attached'

2023-09-12 15:42:57 - [TEST_STEP][PASSED] - tap(findTestObject("Object Repository/Synchronization and Offline Use/Online mode/android.widget.TextView - PERI WOUND SKIN"), 30): Tapped on element 'Object Repository/Synchronization and Offline Use/Online mode/android.widget.TextView - PERI WOUND SKIN'

2023-09-12 15:42:58 - [MESSAGE][PASSED] - Tapped on element 'Object Repository/Synchronization and Offline Use/Online mode/android.widget.TextView - PERI WOUND SKIN'

2023-09-12 15:42:58 - [TEST_STEP][PASSED] - tap(findTestObject("Object Repository/Synchronization and Offline Use/Online mode/android.widget.TextView - Oedema"), 30): Tapped on element 'Object Repository/Synchronization and Offline Use/Online mode/android.widget.TextView - Oedema'

2023-09-12 15:42:59 - [MESSAGE][PASSED] - Tapped on element 'Object Repository/Synchronization and Offline Use/Online mode/android.widget.TextView - Oedema'

2023-09-12 15:42:59 - [TEST_STEP][PASSED] - tap(findTestObject("Object Repository/Synchronization and Offline Use/Online mode/android.widget.TextView - PERI WOUND SKIN (1)"), 30): Tapped on element 'Object Repository/Synchronization and Offline Use/Online mode/android.widget.TextView - PERI WOUND SKIN (1)'

2023-09-12 15:42:59 - [MESSAGE][PASSED] - Tapped on element 'Object Repository/Synchronization and Offline Use/Online mode/android.widget.TextView - PERI WOUND SKIN (1)'

2023-09-12 15:42:59 - [TEST_STEP][PASSED] - tap(findTestObject("Object Repository/Synchronization and Offline Use/Online mode/android.widget.TextView - PAIN"), 30): Tapped on element 'Object Repository/Synchronization and Offline Use/Online mode/android.widget.TextView - PAIN'

2023-09-12 15:43:00 - [MESSAGE][PASSED] - Tapped on element 'Object Repository/Synchronization and Offline Use/Online mode/android.widget.TextView - PAIN'

2023-09-12 15:43:00 - [TEST_STEP][PASSED] - tap(findTestObject("Object Repository/Synchronization and Offline Use/Online mode/android.widget.SeekBar - 0.0"), 30): Tapped on element 'Object Repository/Synchronization and Offline Use/Online mode/android.widget.SeekBar - 0.0'

2023-09-12 15:43:02 - [MESSAGE][PASSED] - Tapped on element 'Object Repository/Synchronization and Offline Use/Online mode/android.widget.SeekBar - 0.0'

2023-09-12 15:43:02 - [TEST_STEP][PASSED] - tap(findTestObject("Synchronization and Offline Use/Online mode/android.widget.TextView - PAIN"), 30): Tapped on element 'Object Repository/Synchronization and Offline Use/Online mode/android.widget.TextView - PAIN'

2023-09-12 15:43:03 - [MESSAGE][PASSED] - Tapped on element 'Object Repository/Synchronization and Offline Use/Online mode/android.widget.TextView - PAIN'

2023-09-12 15:43:03 - [TEST_STEP][PASSED] - tap(findTestObject("Synchronization and Offline Use/Online mode/android.widget.TextView - DRAINAGE"), 30): Tapped on element 'Object Repository/Synchronization and Offline Use/Online mode/android.widget.TextView - DRAINAGE'

2023-09-12 15:43:04 - [MESSAGE][PASSED] - Tapped on element 'Object Repository/Synchronization and Offline Use/Online mode/android.widget.TextView - DRAINAGE'

2023-09-12 15:43:04 - [TEST_STEP][PASSED] - tap(findTestObject("Object Repository/Synchronization and Offline Use/Online mode/android.widget.TextView - Moderate"), 30): Tapped on element 'Object Repository/Synchronization and Offline Use/Online mode/android.widget.TextView - Moderate'

2023-09-12 15:43:05 - [MESSAGE][PASSED] - Tapped on element 'Object Repository/Synchronization and Offline Use/Online mode/android.widget.TextView - Moderate'

2023-09-12 15:43:05 - [TEST_STEP][PASSED] - tap(findTestObject("Synchronization and Offline Use/Online mode/android.widget.TextView - DRAINAGE"), 30): Tapped on element 'Object Repository/Synchronization and Offline Use/Online mode/android.widget.TextView - DRAINAGE'

2023-09-12 15:43:06 - [MESSAGE][PASSED] - Tapped on element 'Object Repository/Synchronization and Offline Use/Online mode/android.widget.TextView - DRAINAGE'

2023-09-12 15:43:06 - [TEST_STEP][PASSED] - tap(findTestObject("Object Repository/Synchronization and Offline Use/Online mode/android.widget.TextView - ODOR"), 30): Tapped on element 'Object Repository/Synchronization and Offline Use/Online mode/android.widget.TextView - ODOR'

2023-09-12 15:43:07 - [MESSAGE][PASSED] - Tapped on element 'Object Repository/Synchronization and Offline Use/Online mode/android.widget.TextView - ODOR'

2023-09-12 15:43:07 - [TEST_STEP][PASSED] - tap(findTestObject("Object Repository/Synchronization and Offline Use/Online mode/android.widget.TextView - Malodorous"), 30): Tapped on element 'Object Repository/Synchronization and Offline Use/Online mode/android.widget.TextView - Malodorous'

2023-09-12 15:43:08 - [MESSAGE][PASSED] - Tapped on element 'Object Repository/Synchronization and Offline Use/Online mode/android.widget.TextView - Malodorous'

2023-09-12 15:43:08 - [TEST_STEP][PASSED] - tap(findTestObject("Synchronization and Offline Use/Online mode/android.widget.TextView - ODOR"), 30): Tapped on element 'Object Repository/Synchronization and Offline Use/Online mode/android.widget.TextView - ODOR'

2023-09-12 15:43:08 - [MESSAGE][PASSED] - Tapped on element 'Object Repository/Synchronization and Offline Use/Online mode/android.widget.TextView - ODOR'

2023-09-12 15:43:08 - [TEST_STEP][PASSED] - tap(findTestObject("Object Repository/Synchronization and Offline Use/Online mode/android.widget.TextView - PRESSURE INJURY STAGING"), 30): Tapped on element 'Object Repository/Synchronization and Offline Use/Online mode/android.widget.TextView - PRESSURE INJURY STAGING'

2023-09-12 15:43:09 - [MESSAGE][PASSED] - Tapped on element 'Object Repository/Synchronization and Offline Use/Online mode/android.widget.TextView - PRESSURE INJURY STAGING'

2023-09-12 15:43:09 - [TEST_STEP][PASSED] - tap(findTestObject("Object Repository/Synchronization and Offline Use/Online mode/android.view.ViewGroup (1)"), 30): Tapped on element 'Object Repository/Synchronization and Offline Use/Online mode/android.view.ViewGroup (1)'

2023-09-12 15:43:11 - [MESSAGE][PASSED] - Tapped on element 'Object Repository/Synchronization and Offline Use/Online mode/android.view.ViewGroup (1)'

2023-09-12 15:43:11 - [TEST_STEP][PASSED] - tap(findTestObject("Object Repository/Synchronization and Offline Use/Online mode/android.widget.TextView - Save (1)"), 30): Tapped on element 'Object Repository/Synchronization and Offline Use/Online mode/android.widget.TextView - Save (1)'

2023-09-12 15:43:11 - [MESSAGE][PASSED] - Tapped on element 'Object Repository/Synchronization and Offline Use/Online mode/android.widget.TextView - Save (1)'

2023-09-12 15:43:11 - [TEST_STEP][PASSED] - pressBack(): Press back button successfully

2023-09-12 15:43:12 - [MESSAGE][PASSED] - Press back button successfully

2023-09-12 15:43:12 - [TEST_STEP][PASSED] - delay(10, STOP_ON_FAILURE): Delayed 10 second(s)

2023-09-12 15:43:22 - [MESSAGE][PASSED] - Delayed 10 second(s)

2023-09-12 15:43:22 - [TEST_STEP][PASSED] - tap(findTestObject("Hard to find elements/android.view.ViewGroup - Treatement"), 30): Tapped on element 'Object Repository/Hard to find elements/android.view.ViewGroup - Treatement'

2023-09-12 15:43:23 - [MESSAGE][PASSED] - Tapped on element 'Object Repository/Hard to find elements/android.view.ViewGroup - Treatement'

2023-09-12 15:43:23 - [TEST_STEP][PASSED] - tap(findTestObject("Object Repository/Synchronization and Offline Use/Online mode/android.widget.ImageView (2)"), 30): Tapped on element 'Object Repository/Synchronization and Offline Use/Online mode/android.widget.ImageView (2)'

2023-09-12 15:43:24 - [MESSAGE][PASSED] - Tapped on element 'Object Repository/Synchronization and Offline Use/Online mode/android.widget.ImageView (2)'

2023-09-12 15:43:24 - [TEST_STEP][PASSED] - tap(findTestObject("Object Repository/Synchronization and Offline Use/Online mode/android.widget.TextView - Next (1)"), 30): Tapped on element 'Object Repository/Synchronization and Offline Use/Online mode/android.widget.TextView - Next (1)'

2023-09-12 15:43:25 - [MESSAGE][PASSED] - Tapped on element 'Object Repository/Synchronization and Offline Use/Online mode/android.widget.TextView - Next (1)'

2023-09-12 15:43:25 - [TEST_STEP][PASSED] - tap(findTestObject("Object Repository/Synchronization and Offline Use/Online mode/android.widget.TextView - CLEANSING"), 30): Tapped on element 'Object Repository/Synchronization and Offline Use/Online mode/android.widget.TextView - CLEANSING'

2023-09-12 15:43:26 - [MESSAGE][PASSED] - Tapped on element 'Object Repository/Synchronization and Offline Use/Online mode/android.widget.TextView - CLEANSING'

2023-09-12 15:43:26 - [TEST_STEP][PASSED] - tap(findTestObject("Object Repository/Synchronization and Offline Use/Online mode/android.widget.TextView - Acetic Acid"), 30): Tapped on element 'Object Repository/Synchronization and Offline Use/Online mode/android.widget.TextView - Acetic Acid'

2023-09-12 15:43:27 - [MESSAGE][PASSED] - Tapped on element 'Object Repository/Synchronization and Offline Use/Online mode/android.widget.TextView - Acetic Acid'

2023-09-12 15:43:27 - [TEST_STEP][PASSED] - tap(findTestObject("Object Repository/Synchronization and Offline Use/Online mode/android.widget.TextView - Save (2)"), 30): Tapped on element 'Object Repository/Synchronization and Offline Use/Online mode/android.widget.TextView - Save (2)'

2023-09-12 15:43:28 - [MESSAGE][PASSED] - Tapped on element 'Object Repository/Synchronization and Offline Use/Online mode/android.widget.TextView - Save (2)'

2023-09-12 15:43:28 - [TEST_STEP][PASSED] - pressBack(): Press back button successfully

2023-09-12 15:43:29 - [MESSAGE][PASSED] - Press back button successfully

2023-09-12 15:43:29 - [TEST_STEP][PASSED] - pressBack(): Press back button successfully

2023-09-12 15:43:29 - [MESSAGE][PASSED] - Press back button successfully

2023-09-12 15:43:29 - [TEST_STEP][PASSED] - pressBack(): Press back button successfully

2023-09-12 15:43:30 - [MESSAGE][PASSED] - Press back button successfully

2023-09-12 15:43:30 - [TEST_STEP][PASSED] - toggleWifi("on", STOP_ON_FAILURE): Toggled wifi

2023-09-12 15:43:31 - [MESSAGE][PASSED] - Toggled wifi

2023-09-12 15:43:31 - [TEST_STEP][PASSED] - delay(5, STOP_ON_FAILURE): Delayed 5 second(s)

2023-09-12 15:43:36 - [MESSAGE][PASSED] - Delayed 5 second(s)

2023-09-12 15:43:36 - [TEST_STEP][PASSED] - pressBack(): Press back button successfully

2023-09-12 15:43:37 - [MESSAGE][PASSED] - Press back button successfully

2023-09-12 15:43:37 - [TEST_STEP][PASSED] - pressBack(): Press back button successfully

2023-09-12 15:43:37 - [MESSAGE][PASSED] - Press back button successfully]]></system-out>
         <system-err><![CDATA[]]></system-err>
      </testcase>
      <system-out><![CDATA[2023-09-12 15:38:19 - [TEST_SUITE][PASSED] - Sync: Test Cases/Synchronization and Offline Use/Online Mode]]></system-out>
      <system-err><![CDATA[]]></system-err>
   </testsuite>
</testsuites>
