<?xml version="1.0" encoding="UTF-8"?>
<testsuites name="Menu and other services" time="88.471" tests="4" failures="0" errors="0">
   <testsuite name="Menu and other services" tests="4" failures="0" errors="0" time="88.471" skipped="0" timestamp="2023-07-31 11:09:14" hostname="Amarir - DESKTOP-EE3F8H4" id="Test Suites/Menu and other services">
      <properties>
         <property name="deviceName" value="samsung SM-N975F (Android 12)"/>
         <property name="devicePlatform" value=""/>
         <property name="logFolder" value="C:\\Users\\Amarir\\git\\IS_Katalon_Lite_Version\\Reports\\20230731_110910\\Menu and other services\\20230731_110910"/>
         <property name="logFiles" value="C:\\Users\\Amarir\\git\\IS_Katalon_Lite_Version\\Reports\\20230731_110910\\Menu and other services\\20230731_110910\\appium.log, C:\\Users\\Amarir\\git\\IS_Katalon_Lite_Version\\Reports\\20230731_110910\\Menu and other services\\20230731_110910\\execution0.log"/>
         <property name="attachments" value=""/>
         <property name="hostName" value="Amarir - DESKTOP-EE3F8H4"/>
         <property name="os" value="Windows 10 64bit"/>
         <property name="appiumServerStatus" value="{&quot;value&quot;:{&quot;build&quot;:{&quot;version&quot;:&quot;1.22.0&quot;}},&quot;sessionId&quot;:null,&quot;status&quot;:0}"/>
         <property name="katalonVersion" value="8.6.0.208"/>
         <property name="deviceOS" value="Android"/>
         <property name="appiumVersion" value="1.22.0"/>
         <property name="deviceModel" value="SM-N975F"/>
         <property name="hostAddress" value="192.168.234.1"/>
         <property name="deviceManufacturer" value="samsung"/>
         <property name="deviceId" value="RF8N307NKZV"/>
         <property name="deviceName" value="samsung SM-N975F (Android 12)"/>
         <property name="deviceOSVersion" value="12"/>
      </properties>
      <testcase name="Test Cases/User Managemenet/Login" time="47.706" classname="Test Cases/User Managemenet/Login" status="PASSED">
         <system-out><![CDATA[2023-07-31 11:09:15 - [TEST_CASE][PASSED] - Test Cases/User Managemenet/Login: Test Cases/User Managemenet/Login

2023-07-31 11:09:16 - [TEST_STEP][PASSED] - startApplication("C:\Users\Amarir\Downloads\APK\IS\app-release.apk", true): Started app at: 'C:\Users\Amarir\Downloads\APK\IS\app-release.apk'

2023-07-31 11:09:17 - [MESSAGE][INFO] - Detected NodeJS location: "C:\Program Files\nodejs\node.exe"

2023-07-31 11:09:19 - [MESSAGE][INFO] - Appium server started on port 59,383

2023-07-31 11:09:50 - [MESSAGE][PASSED] - Started app at: 'C:\Users\Amarir\Downloads\APK\IS\app-release.apk'

2023-07-31 11:09:50 - [TEST_STEP][PASSED] - setText(findTestObject("User Management/Login/android.widget.EditText - username"), LoginCreds.get("username"), 30): Text 'Katalon' has been set to element 'Object Repository/User Management/Login/android.widget.EditText - username'

2023-07-31 11:09:56 - [MESSAGE][PASSED] - Text 'Katalon' has been set to element 'Object Repository/User Management/Login/android.widget.EditText - username'

2023-07-31 11:09:56 - [TEST_STEP][PASSED] - setText(findTestObject("User Management/Login/android.widget.EditText - password"), LoginCreds.get("password"), 30): Text 'eKare123@' has been set to element 'Object Repository/User Management/Login/android.widget.EditText - password'

2023-07-31 11:09:57 - [MESSAGE][PASSED] - Text 'eKare123@' has been set to element 'Object Repository/User Management/Login/android.widget.EditText - password'

2023-07-31 11:09:57 - [TEST_STEP][PASSED] - tap(findTestObject("User Management/Login/android.view.ViewGroup - sign in"), 30): Tapped on element 'Object Repository/User Management/Login/android.view.ViewGroup - sign in'

2023-07-31 11:09:59 - [MESSAGE][PASSED] - Tapped on element 'Object Repository/User Management/Login/android.view.ViewGroup - sign in'

2023-07-31 11:10:00 - [TEST_STEP][PASSED] - tap(findTestObject("Object Repository/User Management/Login/android.widget.TextView - Katalon"), 30): Tapped on element 'Object Repository/User Management/Login/android.widget.TextView - Katalon'

2023-07-31 11:10:00 - [MESSAGE][PASSED] - Tapped on element 'Object Repository/User Management/Login/android.widget.TextView - Katalon'

2023-07-31 11:10:00 - [TEST_STEP][PASSED] - delay(2, STOP_ON_FAILURE): Delayed 2 second(s)

2023-07-31 11:10:02 - [MESSAGE][PASSED] - Delayed 2 second(s)

2023-07-31 11:10:02 - [TEST_STEP][PASSED] - verifyElementExist(findTestObject("Object Repository/User Management/Login/android.widget.TextView - Patient Directory"), 30): Element 'Object Repository/User Management/Login/android.widget.TextView - Patient Directory' is exist

2023-07-31 11:10:03 - [MESSAGE][PASSED] - Element 'Object Repository/User Management/Login/android.widget.TextView - Patient Directory' is exist]]></system-out>
         <system-err><![CDATA[]]></system-err>
      </testcase>
      <testcase name="Test Cases/Menu and other services/Switch between sites" time="17.07" classname="Test Cases/Menu and other services/Switch between sites" status="PASSED">
         <system-out><![CDATA[2023-07-31 11:10:03 - [TEST_CASE][PASSED] - Test Cases/Menu and other services/Switch between sites: Test Cases/Menu and other services/Switch between sites

2023-07-31 11:10:03 - [TEST_STEP][PASSED] - tap(findTestObject("Object Repository/Menu and other services/Switch between sites/android.widget.ImageView - Menu"), 30): Tapped on element 'Object Repository/Menu and other services/Switch between sites/android.widget.ImageView - Menu'

2023-07-31 11:10:04 - [MESSAGE][PASSED] - Tapped on element 'Object Repository/Menu and other services/Switch between sites/android.widget.ImageView - Menu'

2023-07-31 11:10:04 - [TEST_STEP][PASSED] - tap(findTestObject("Object Repository/Menu and other services/Switch between sites/android.widget.TextView - Site"), 30): Tapped on element 'Object Repository/Menu and other services/Switch between sites/android.widget.TextView - Site'

2023-07-31 11:10:06 - [MESSAGE][PASSED] - Tapped on element 'Object Repository/Menu and other services/Switch between sites/android.widget.TextView - Site'

2023-07-31 11:10:06 - [TEST_STEP][PASSED] - tap(findTestObject("Object Repository/Menu and other services/Switch between sites/android.widget.TextView - Test1"), 30): Tapped on element 'Object Repository/Menu and other services/Switch between sites/android.widget.TextView - Test1'

2023-07-31 11:10:06 - [MESSAGE][PASSED] - Tapped on element 'Object Repository/Menu and other services/Switch between sites/android.widget.TextView - Test1'

2023-07-31 11:10:06 - [TEST_STEP][PASSED] - tap(findTestObject("Object Repository/Menu and other services/Switch between sites/android.widget.ImageView - Menu"), 30): Tapped on element 'Object Repository/Menu and other services/Switch between sites/android.widget.ImageView - Menu'

2023-07-31 11:10:11 - [MESSAGE][PASSED] - Tapped on element 'Object Repository/Menu and other services/Switch between sites/android.widget.ImageView - Menu'

2023-07-31 11:10:11 - [TEST_STEP][PASSED] - tap(findTestObject("Menu and other services/Switch between sites/android.widget.TextView - Site"), 30): Tapped on element 'Object Repository/Menu and other services/Switch between sites/android.widget.TextView - Site'

2023-07-31 11:10:12 - [MESSAGE][PASSED] - Tapped on element 'Object Repository/Menu and other services/Switch between sites/android.widget.TextView - Site'

2023-07-31 11:10:12 - [TEST_STEP][PASSED] - tap(findTestObject("Object Repository/Menu and other services/Switch between sites/android.widget.TextView - site user"), 30): Tapped on element 'Object Repository/Menu and other services/Switch between sites/android.widget.TextView - site user'

2023-07-31 11:10:13 - [MESSAGE][PASSED] - Tapped on element 'Object Repository/Menu and other services/Switch between sites/android.widget.TextView - site user'

2023-07-31 11:10:13 - [TEST_STEP][PASSED] - tap(findTestObject("Menu and other services/Switch between sites/android.widget.ImageView - Menu"), 30): Tapped on element 'Object Repository/Menu and other services/Switch between sites/android.widget.ImageView - Menu'

2023-07-31 11:10:17 - [MESSAGE][PASSED] - Tapped on element 'Object Repository/Menu and other services/Switch between sites/android.widget.ImageView - Menu'

2023-07-31 11:10:17 - [TEST_STEP][PASSED] - tap(findTestObject("Menu and other services/Switch between sites/android.widget.TextView - Site"), 30): Tapped on element 'Object Repository/Menu and other services/Switch between sites/android.widget.TextView - Site'

2023-07-31 11:10:19 - [MESSAGE][PASSED] - Tapped on element 'Object Repository/Menu and other services/Switch between sites/android.widget.TextView - Site'

2023-07-31 11:10:19 - [TEST_STEP][PASSED] - tap(findTestObject("Object Repository/Menu and other services/Switch between sites/android.widget.TextView - Katalon"), 30): Tapped on element 'Object Repository/Menu and other services/Switch between sites/android.widget.TextView - Katalon'

2023-07-31 11:10:20 - [MESSAGE][PASSED] - Tapped on element 'Object Repository/Menu and other services/Switch between sites/android.widget.TextView - Katalon']]></system-out>
         <system-err><![CDATA[]]></system-err>
      </testcase>
      <testcase name="Test Cases/Menu and other services/About" time="11.741" classname="Test Cases/Menu and other services/About" status="PASSED">
         <system-out><![CDATA[2023-07-31 11:10:20 - [TEST_CASE][PASSED] - Test Cases/Menu and other services/About: Test Cases/Menu and other services/About

2023-07-31 11:10:20 - [TEST_STEP][PASSED] - tap(findTestObject("Object Repository/Menu and other services/About/android.widget.ImageView - Menu"), 30): Tapped on element 'Object Repository/Menu and other services/About/android.widget.ImageView - Menu'

2023-07-31 11:10:24 - [MESSAGE][PASSED] - Tapped on element 'Object Repository/Menu and other services/About/android.widget.ImageView - Menu'

2023-07-31 11:10:24 - [TEST_STEP][PASSED] - tap(findTestObject("Object Repository/Menu and other services/About/android.widget.TextView - About"), 30): Tapped on element 'Object Repository/Menu and other services/About/android.widget.TextView - About'

2023-07-31 11:10:26 - [MESSAGE][PASSED] - Tapped on element 'Object Repository/Menu and other services/About/android.widget.TextView - About'

2023-07-31 11:10:26 - [TEST_STEP][PASSED] - verifyElementText(findTestObject("Object Repository/Menu and other services/About/android.widget.TextView - Katalon"), "Katalon"): Actual text and expected text of test object 'Object Repository/Menu and other services/About/android.widget.TextView - Katalon' are matched.

2023-07-31 11:10:27 - [MESSAGE][PASSED] - Actual text and expected text of test object 'Object Repository/Menu and other services/About/android.widget.TextView - Katalon' are matched.

2023-07-31 11:10:27 - [TEST_STEP][PASSED] - verifyElementText(findTestObject("Object Repository/Menu and other services/About/android.widget.TextView - Katalon (1)"), "Katalon"): Actual text and expected text of test object 'Object Repository/Menu and other services/About/android.widget.TextView - Katalon (1)' are matched.

2023-07-31 11:10:28 - [MESSAGE][PASSED] - Actual text and expected text of test object 'Object Repository/Menu and other services/About/android.widget.TextView - Katalon (1)' are matched.

2023-07-31 11:10:28 - [TEST_STEP][PASSED] - scrollToText("UDI"): Scrolling to text 'UDI' successfully

2023-07-31 11:10:31 - [MESSAGE][PASSED] - Scrolling to text 'UDI' successfully

2023-07-31 11:10:31 - [TEST_STEP][PASSED] - verifyElementText(findTestObject("Object Repository/Menu and other services/About/android.widget.TextView - 2.1"), "2.1"): Actual text and expected text of test object 'Object Repository/Menu and other services/About/android.widget.TextView - 2.1' are matched.

2023-07-31 11:10:31 - [MESSAGE][PASSED] - Actual text and expected text of test object 'Object Repository/Menu and other services/About/android.widget.TextView - 2.1' are matched.

2023-07-31 11:10:31 - [TEST_STEP][PASSED] - tap(findTestObject("Object Repository/Menu and other services/About/android.widget.ImageView - close"), 30): Tapped on element 'Object Repository/Menu and other services/About/android.widget.ImageView - close'

2023-07-31 11:10:31 - [MESSAGE][PASSED] - Tapped on element 'Object Repository/Menu and other services/About/android.widget.ImageView - close']]></system-out>
         <system-err><![CDATA[]]></system-err>
      </testcase>
      <testcase name="Test Cases/Menu and other services/Automatic adjustment of Date format" time="11.35" classname="Test Cases/Menu and other services/Automatic adjustment of Date format" status="PASSED">
         <system-out><![CDATA[2023-07-31 11:10:32 - [TEST_CASE][PASSED] - Test Cases/Menu and other services/Automatic adjustment of Date format: Test Cases/Menu and other services/Automatic adjustment of Date format

2023-07-31 11:10:32 - [TEST_STEP][PASSED] - date = getText(findTestObject("Object Repository/Menu and other services/Automatic adjustment of Date format/android.widget.TextView - 27072023"), 30, STOP_ON_FAILURE): Text of element 'Object Repository/Menu and other services/Automatic adjustment of Date format/android.widget.TextView - 27072023' is: '27/07/2023'

2023-07-31 11:10:33 - [MESSAGE][PASSED] - Text of element 'Object Repository/Menu and other services/Automatic adjustment of Date format/android.widget.TextView - 27072023' is: '27/07/2023'

2023-07-31 11:10:33 - [TEST_STEP][PASSED] - verifyMatch(date, "[0-9]{2}/[0-9]{2}/[0-9]{4}", true, STOP_ON_FAILURE): Actual text '27/07/2023' and expected text '[0-9]{2}/[0-9]{2}/[0-9]{4}' are matched  using regular expression

2023-07-31 11:10:33 - [MESSAGE][PASSED] - Actual text '27/07/2023' and expected text '[0-9]{2}/[0-9]{2}/[0-9]{4}' are matched  using regular expression

2023-07-31 11:10:33 - [TEST_STEP][PASSED] - tap(findTestObject("Object Repository/Menu and other services/Automatic adjustment of Date format/android.widget.ImageView - Menu"), 30): Tapped on element 'Object Repository/Menu and other services/Automatic adjustment of Date format/android.widget.ImageView - Menu'

2023-07-31 11:10:33 - [MESSAGE][PASSED] - Tapped on element 'Object Repository/Menu and other services/Automatic adjustment of Date format/android.widget.ImageView - Menu'

2023-07-31 11:10:33 - [TEST_STEP][PASSED] - tap(findTestObject("Object Repository/Menu and other services/Automatic adjustment of Date format/android.widget.TextView - Site"), 30): Tapped on element 'Object Repository/Menu and other services/Automatic adjustment of Date format/android.widget.TextView - Site'

2023-07-31 11:10:35 - [MESSAGE][PASSED] - Tapped on element 'Object Repository/Menu and other services/Automatic adjustment of Date format/android.widget.TextView - Site'

2023-07-31 11:10:35 - [TEST_STEP][PASSED] - tap(findTestObject("Object Repository/Menu and other services/Automatic adjustment of Date format/android.widget.TextView - site user"), 30): Tapped on element 'Object Repository/Menu and other services/Automatic adjustment of Date format/android.widget.TextView - site user'

2023-07-31 11:10:36 - [MESSAGE][PASSED] - Tapped on element 'Object Repository/Menu and other services/Automatic adjustment of Date format/android.widget.TextView - site user'

2023-07-31 11:10:36 - [TEST_STEP][PASSED] - date1 = getText(findTestObject("Menu and other services/Automatic adjustment of Date format/android.widget.TextView - 20230727"), 30): Text of element 'Object Repository/Menu and other services/Automatic adjustment of Date format/android.widget.TextView - 20230727' is: '2023/07/27'

2023-07-31 11:10:40 - [MESSAGE][PASSED] - Text of element 'Object Repository/Menu and other services/Automatic adjustment of Date format/android.widget.TextView - 20230727' is: '2023/07/27'

2023-07-31 11:10:40 - [TEST_STEP][PASSED] - verifyMatch(date1, "[0-9]{4}/[0-9]{2}/[0-9]{2}", true, STOP_ON_FAILURE): Actual text '2023/07/27' and expected text '[0-9]{4}/[0-9]{2}/[0-9]{2}' are matched  using regular expression

2023-07-31 11:10:40 - [MESSAGE][PASSED] - Actual text '2023/07/27' and expected text '[0-9]{4}/[0-9]{2}/[0-9]{2}' are matched  using regular expression

2023-07-31 11:10:40 - [TEST_STEP][PASSED] - tap(findTestObject("Object Repository/Menu and other services/Automatic adjustment of Date format/android.widget.ImageView - Menu"), 30): Tapped on element 'Object Repository/Menu and other services/Automatic adjustment of Date format/android.widget.ImageView - Menu'

2023-07-31 11:10:40 - [MESSAGE][PASSED] - Tapped on element 'Object Repository/Menu and other services/Automatic adjustment of Date format/android.widget.ImageView - Menu'

2023-07-31 11:10:40 - [TEST_STEP][PASSED] - tap(findTestObject("Menu and other services/Automatic adjustment of Date format/android.widget.TextView - Site"), 30): Tapped on element 'Object Repository/Menu and other services/Automatic adjustment of Date format/android.widget.TextView - Site'

2023-07-31 11:10:42 - [MESSAGE][PASSED] - Tapped on element 'Object Repository/Menu and other services/Automatic adjustment of Date format/android.widget.TextView - Site'

2023-07-31 11:10:42 - [TEST_STEP][PASSED] - tap(findTestObject("Object Repository/Menu and other services/Automatic adjustment of Date format/android.widget.TextView - Katalon"), 30): Tapped on element 'Object Repository/Menu and other services/Automatic adjustment of Date format/android.widget.TextView - Katalon'

2023-07-31 11:10:43 - [MESSAGE][PASSED] - Tapped on element 'Object Repository/Menu and other services/Automatic adjustment of Date format/android.widget.TextView - Katalon']]></system-out>
         <system-err><![CDATA[]]></system-err>
      </testcase>
      <system-out><![CDATA[2023-07-31 11:09:14 - [TEST_SUITE][PASSED] - Menu and other services: Test Cases/Menu and other services/Automatic adjustment of Date format]]></system-out>
      <system-err><![CDATA[]]></system-err>
   </testsuite>
</testsuites>
