<?xml version="1.0" encoding="UTF-8"?>
<testsuites name="Menu and other services" time="78.806" tests="2" failures="0" errors="0">
   <testsuite name="Menu and other services" tests="2" failures="0" errors="0" time="78.806" skipped="0" timestamp="14-02-2024T10:28:01" hostname="safaamarir - 192.168.1.4" id="Test Suites/IS iPhone/Menu and other services">
      <properties>
         <property name="deviceName" value="Safa’s iPhone"/>
         <property name="devicePlatform" value=""/>
         <property name="logFolder" value="/Users/safaamarir/git/Android_Automation/Reports/20240214_102758/IS iPhone/Menu and other services/20240214_102758"/>
         <property name="logFiles" value="/Users/safaamarir/git/Android_Automation/Reports/20240214_102758/IS iPhone/Menu and other services/20240214_102758/execution0.log, /Users/safaamarir/git/Android_Automation/Reports/20240214_102758/IS iPhone/Menu and other services/20240214_102758/appium_error.log, /Users/safaamarir/git/Android_Automation/Reports/20240214_102758/IS iPhone/Menu and other services/20240214_102758/appium.log, /Users/safaamarir/git/Android_Automation/Reports/20240214_102758/IS iPhone/Menu and other services/20240214_102758/appium-proxy-server.log"/>
         <property name="attachments" value=""/>
         <property name="hostName" value="safaamarir - 192.168.1.4"/>
         <property name="os" value="Mac OS X 64bit"/>
         <property name="appiumServerStatus" value="{&quot;value&quot;:{&quot;ready&quot;:true,&quot;message&quot;:&quot;The server is ready to accept new connections&quot;,&quot;build&quot;:{&quot;version&quot;:&quot;2.4.1&quot;,&quot;git-sha&quot;:&quot;b3751bca8c4a3c76107d5aa3b75b81db93cf4bb6&quot;,&quot;built&quot;:&quot;2024-01-07 16:04:51 -0800&quot;}}}"/>
         <property name="katalonVersion" value="9.2.0.212"/>
         <property name="deviceOS" value="iOS"/>
         <property name="appiumVersion" value="2.4.1"/>
         <property name="deviceModel" value="iPhone14,5"/>
         <property name="hostAddress" value="192.168.1.4"/>
         <property name="deviceManufacturer" value="Apple"/>
         <property name="deviceId" value="00008110-00112D590CD0201E"/>
         <property name="deviceName" value="Safa’s iPhone"/>
         <property name="deviceOSVersion" value="17.3"/>
      </properties>
      <testcase name="Test Cases/IOS/User Management/EK-8491 IS iPhone - Sign in" time="61.849" classname="Test Cases/IOS/User Management/EK-8491 IS iPhone - Sign in" status="PASSED">
         <system-out><![CDATA[14-02-2024T10:28:01 - [TEST_CASE][PASSED] - Test Cases/IOS/User Management/EK-8491 IS iPhone - Sign in: Test Cases/IOS/User Management/EK-8491 IS iPhone - Sign in

14-02-2024T10:28:01 - [TEST_STEP][PASSED] - Start listener action : beforeTestCase: null

14-02-2024T10:28:01 - [TEST_STEP][PASSED] - addDefaultPackages(): null

14-02-2024T10:28:01 - [TEST_STEP][PASSED] - runFeatureFile("Include/features/EK-8491 IS iPhone - Sign in.feature"): Feature file: 'Include/features/EK-8491 IS iPhone - Sign in.feature' was passed

14-02-2024T10:28:01 - [MESSAGE][INFO] - Starting run keyword runFeatureFile: 'Include/features/EK-8491 IS iPhone - Sign in.feature' and extract report to folder: '/Users/safaamarir/git/Android_Automation/Reports/20240214_102758/IS iPhone/Menu and other services/20240214_102758/cucumber_report/1707902881672'...

14-02-2024T10:28:01 - [MESSAGE][PASSED] - Feature file: 'Include/features/EK-8491 IS iPhone - Sign in.feature' was passed

14-02-2024T10:28:01 - [TEST_STEP][PASSED] - startApplication(IPA, true): Started app at: '/Users/safaamarir/APK/IOS/IS/IS_PreProd_2.1.5_214.ipa'

14-02-2024T10:28:02 - [MESSAGE][INFO] - User set preference: ['automationName', 'XCUITest']

14-02-2024T10:28:02 - [MESSAGE][INFO] - User set preference: ['deviceId', '00008110-00112D590CD0201E']

14-02-2024T10:28:12 - [MESSAGE][WARNING] - Failed to start ios_webkit_debug_proxy on default port 27753

14-02-2024T10:28:12 - [MESSAGE][INFO] - Detected NodeJS location: "/opt/homebrew/Cellar/node/21.5.0/bin/node"

14-02-2024T10:28:12 - [MESSAGE][INFO] - PATH: /opt/homebrew/Cellar/node/21.5.0/bin:/opt/homebrew/bin:/usr/bin:/bin:/usr/sbin:/sbin:/usr/local/bin

14-02-2024T10:28:12 - [MESSAGE][INFO] - APPIUM_HOME: /Users/safaamarir/.appium

14-02-2024T10:28:12 - [MESSAGE][INFO] - appium outlog: /Users/safaamarir/git/Android_Automation/Reports/20240214_102758/IS iPhone/Menu and other services/20240214_102758/appium.log

14-02-2024T10:28:12 - [MESSAGE][INFO] - appium errlog: /Users/safaamarir/git/Android_Automation/Reports/20240214_102758/IS iPhone/Menu and other services/20240214_102758/appium_error.log

14-02-2024T10:28:13 - [MESSAGE][INFO] - Appium server started on port 50,916

14-02-2024T10:28:43 - [MESSAGE][PASSED] - Started app at: '/Users/safaamarir/APK/IOS/IS/IS_PreProd_2.1.5_214.ipa'

14-02-2024T10:28:43 - [TEST_STEP][PASSED] - tap(findTestObject("Object Repository/IOS/User Management/Sign In/XCUIElementTypeButton - Allow"), 30): Tapped on element 'Object Repository/IOS/User Management/Sign In/XCUIElementTypeButton - Allow'

14-02-2024T10:28:44 - [MESSAGE][PASSED] - Tapped on element 'Object Repository/IOS/User Management/Sign In/XCUIElementTypeButton - Allow'

14-02-2024T10:28:44 - [TEST_STEP][PASSED] - setText(findTestObject("Object Repository/IOS/User Management/Sign In/XCUIElementTypeTextField - username"), LoginCreds.get("username"), 30): Text 'katalon' has been set to element 'Object Repository/IOS/User Management/Sign In/XCUIElementTypeTextField - username'

14-02-2024T10:28:46 - [MESSAGE][PASSED] - Text 'katalon' has been set to element 'Object Repository/IOS/User Management/Sign In/XCUIElementTypeTextField - username'

14-02-2024T10:28:46 - [TEST_STEP][PASSED] - setText(findTestObject("Object Repository/IOS/User Management/Sign In/XCUIElementTypeSecureTextField - Passcode"), LoginCreds.get("password"), 30): Text 'eKare123@' has been set to element 'Object Repository/IOS/User Management/Sign In/XCUIElementTypeSecureTextField - Passcode'

14-02-2024T10:28:48 - [MESSAGE][PASSED] - Text 'eKare123@' has been set to element 'Object Repository/IOS/User Management/Sign In/XCUIElementTypeSecureTextField - Passcode'

14-02-2024T10:28:48 - [TEST_STEP][PASSED] - tap(findTestObject("Object Repository/IOS/User Management/Sign In/XCUIElementTypeOther - SIGN IN"), 30): Tapped on element 'Object Repository/IOS/User Management/Sign In/XCUIElementTypeOther - SIGN IN'

14-02-2024T10:28:50 - [MESSAGE][PASSED] - Tapped on element 'Object Repository/IOS/User Management/Sign In/XCUIElementTypeOther - SIGN IN'

14-02-2024T10:28:50 - [TEST_STEP][PASSED] - tap(findTestObject("IOS/User Management/Sign In/XCUIElementTypeOther - Katalon"), 30): Tapped on element 'Object Repository/IOS/User Management/Sign In/XCUIElementTypeOther - Katalon'

14-02-2024T10:28:51 - [MESSAGE][PASSED] - Tapped on element 'Object Repository/IOS/User Management/Sign In/XCUIElementTypeOther - Katalon'

14-02-2024T10:28:51 - [TEST_STEP][PASSED] - delay(10): Delayed 10 second(s)

14-02-2024T10:29:01 - [MESSAGE][PASSED] - Delayed 10 second(s)

14-02-2024T10:29:03 - [TEST_STEP][PASSED] - Video: Video recording for test case 'Test Cases/IOS/User Management/EK-8491 IS iPhone - Sign in' .

14-02-2024T10:29:03 - [MESSAGE][INFO] - Video recording for test case 'Test Cases/IOS/User Management/EK-8491 IS iPhone - Sign in' .]]></system-out>
         <system-err><![CDATA[]]></system-err>
      </testcase>
      <testcase name="Test Cases/IOS/Menu and other services/EK-8591 IS iPhone - Phone general tutorial" time="16.898" classname="Test Cases/IOS/Menu and other services/EK-8591 IS iPhone - Phone general tutorial" status="PASSED">
         <system-out><![CDATA[14-02-2024T10:29:03 - [TEST_CASE][PASSED] - Test Cases/IOS/Menu and other services/EK-8591 IS iPhone - Phone general tutorial: Test Cases/IOS/Menu and other services/EK-8591 IS iPhone - Phone general tutorial

14-02-2024T10:29:03 - [TEST_STEP][PASSED] - Start listener action : beforeTestCase: null

14-02-2024T10:29:03 - [TEST_STEP][PASSED] - addDefaultPackages(): null

14-02-2024T10:29:03 - [TEST_STEP][PASSED] - runFeatureFile("Include/features/EK-8591 IS iPhone - Phone general tutorial.feature"): Feature file: 'Include/features/EK-8591 IS iPhone - Phone general tutorial.feature' was passed

14-02-2024T10:29:03 - [MESSAGE][INFO] - Starting run keyword runFeatureFile: 'Include/features/EK-8591 IS iPhone - Phone general tutorial.feature' and extract report to folder: '/Users/safaamarir/git/Android_Automation/Reports/20240214_102758/IS iPhone/Menu and other services/20240214_102758/cucumber_report/1707902943239'...

14-02-2024T10:29:03 - [MESSAGE][PASSED] - Feature file: 'Include/features/EK-8591 IS iPhone - Phone general tutorial.feature' was passed

14-02-2024T10:29:03 - [TEST_STEP][PASSED] - tap(findTestObject("Object Repository/IOS/User Management/Login as a user with multiple sites/XCUIElementTypeOther - Menu (1)"), 30): Tapped on element 'Object Repository/IOS/User Management/Login as a user with multiple sites/XCUIElementTypeOther - Menu (1)'

14-02-2024T10:29:04 - [MESSAGE][PASSED] - Tapped on element 'Object Repository/IOS/User Management/Login as a user with multiple sites/XCUIElementTypeOther - Menu (1)'

14-02-2024T10:29:04 - [TEST_STEP][PASSED] - tap(findTestObject("Object Repository/IOS/Menu and Other Sevices/Phone tuto/XCUIElementTypeOther - Help"), 30): Tapped on element 'Object Repository/IOS/Menu and Other Sevices/Phone tuto/XCUIElementTypeOther - Help'

14-02-2024T10:29:06 - [MESSAGE][PASSED] - Tapped on element 'Object Repository/IOS/Menu and Other Sevices/Phone tuto/XCUIElementTypeOther - Help'

14-02-2024T10:29:06 - [TEST_STEP][PASSED] - tap(findTestObject("Object Repository/IOS/Menu and Other Sevices/Phone tuto/XCUIElementTypeOther - App Intro"), 30): Tapped on element 'Object Repository/IOS/Menu and Other Sevices/Phone tuto/XCUIElementTypeOther - App Intro'

14-02-2024T10:29:09 - [MESSAGE][PASSED] - Tapped on element 'Object Repository/IOS/Menu and Other Sevices/Phone tuto/XCUIElementTypeOther - App Intro'

14-02-2024T10:29:09 - [TEST_STEP][PASSED] - verifyElementExist(findTestObject("Object Repository/IOS/Menu and Other Sevices/Phone tuto/XCUIElementTypeImage"), 30): Element 'Object Repository/IOS/Menu and Other Sevices/Phone tuto/XCUIElementTypeImage' is exist

14-02-2024T10:29:09 - [MESSAGE][PASSED] - Element 'Object Repository/IOS/Menu and Other Sevices/Phone tuto/XCUIElementTypeImage' is exist

14-02-2024T10:29:09 - [TEST_STEP][PASSED] - verifyElementText(findTestObject("Object Repository/IOS/Menu and Other Sevices/Phone tuto/XCUIElementTypeStaticText - To start, add a new patient or select from your list"), "To start, add a new patient or select from your list"): Actual text and expected text of test object 'Object Repository/IOS/Menu and Other Sevices/Phone tuto/XCUIElementTypeStaticText - To start, add a new patient or select from your list' are matched.

14-02-2024T10:29:11 - [MESSAGE][PASSED] - Actual text and expected text of test object 'Object Repository/IOS/Menu and Other Sevices/Phone tuto/XCUIElementTypeStaticText - To start, add a new patient or select from your list' are matched.

14-02-2024T10:29:11 - [TEST_STEP][PASSED] - tap(findTestObject("Object Repository/IOS/Menu and Other Sevices/Phone tuto/XCUIElementTypeOther - next"), 30): Tapped on element 'Object Repository/IOS/Menu and Other Sevices/Phone tuto/XCUIElementTypeOther - next'

14-02-2024T10:29:12 - [MESSAGE][PASSED] - Tapped on element 'Object Repository/IOS/Menu and Other Sevices/Phone tuto/XCUIElementTypeOther - next'

14-02-2024T10:29:12 - [TEST_STEP][PASSED] - verifyElementText(findTestObject("Object Repository/IOS/Menu and Other Sevices/Phone tuto/XCUIElementTypeStaticText - Add new or select an existing wound"), "Add new or select an existing wound."): Actual text and expected text of test object 'Object Repository/IOS/Menu and Other Sevices/Phone tuto/XCUIElementTypeStaticText - Add new or select an existing wound' are matched.

14-02-2024T10:29:13 - [MESSAGE][PASSED] - Actual text and expected text of test object 'Object Repository/IOS/Menu and Other Sevices/Phone tuto/XCUIElementTypeStaticText - Add new or select an existing wound' are matched.

14-02-2024T10:29:13 - [TEST_STEP][PASSED] - tap(findTestObject("IOS/Menu and Other Sevices/Phone tuto/XCUIElementTypeOther - Next (1)"), 30): Tapped on element 'Object Repository/IOS/Menu and Other Sevices/Phone tuto/XCUIElementTypeOther - Next (1)'

14-02-2024T10:29:14 - [MESSAGE][PASSED] - Tapped on element 'Object Repository/IOS/Menu and Other Sevices/Phone tuto/XCUIElementTypeOther - Next (1)'

14-02-2024T10:29:14 - [TEST_STEP][PASSED] - verifyElementText(findTestObject("Object Repository/IOS/Menu and Other Sevices/Phone tuto/XCUIElementTypeOther - Measure wound dimensions and color composition"), "Measure wound dimensions and color composition"): Actual text and expected text of test object 'Object Repository/IOS/Menu and Other Sevices/Phone tuto/XCUIElementTypeOther - Measure wound dimensions and color composition' are matched.

14-02-2024T10:29:15 - [MESSAGE][PASSED] - Actual text and expected text of test object 'Object Repository/IOS/Menu and Other Sevices/Phone tuto/XCUIElementTypeOther - Measure wound dimensions and color composition' are matched.

14-02-2024T10:29:15 - [TEST_STEP][PASSED] - tap(findTestObject("Object Repository/IOS/Menu and Other Sevices/Phone tuto/XCUIElementTypeOther - Next (1)"), 30): Tapped on element 'Object Repository/IOS/Menu and Other Sevices/Phone tuto/XCUIElementTypeOther - Next (1)'

14-02-2024T10:29:16 - [MESSAGE][PASSED] - Tapped on element 'Object Repository/IOS/Menu and Other Sevices/Phone tuto/XCUIElementTypeOther - Next (1)'

14-02-2024T10:29:16 - [TEST_STEP][PASSED] - verifyElementText(findTestObject("IOS/Menu and Other Sevices/Phone tuto/XCUIElementTypeStaticText - Enter clinical information for documentation and reporting"), "Enter clinical information for documentation and reporting"): Actual text and expected text of test object 'Object Repository/IOS/Menu and Other Sevices/Phone tuto/XCUIElementTypeStaticText - Enter clinical information for documentation and reporting' are matched.

14-02-2024T10:29:18 - [MESSAGE][PASSED] - Actual text and expected text of test object 'Object Repository/IOS/Menu and Other Sevices/Phone tuto/XCUIElementTypeStaticText - Enter clinical information for documentation and reporting' are matched.

14-02-2024T10:29:20 - [TEST_STEP][PASSED] - Video: Video recording for test case 'Test Cases/IOS/Menu and other services/EK-8591 IS iPhone - Phone general tutorial' .

14-02-2024T10:29:20 - [MESSAGE][INFO] - Video recording for test case 'Test Cases/IOS/Menu and other services/EK-8591 IS iPhone - Phone general tutorial' .]]></system-out>
         <system-err><![CDATA[]]></system-err>
      </testcase>
      <system-out><![CDATA[14-02-2024T10:28:01 - [TEST_SUITE][PASSED] - Menu and other services: Test Cases/IOS/Menu and other services/EK-8591 IS iPhone - Phone general tutorial]]></system-out>
      <system-err><![CDATA[]]></system-err>
   </testsuite>
</testsuites>
