<?xml version="1.0" encoding="UTF-8"?>
<testsuites name="Wound Management" time="96.638" tests="2" failures="0" errors="0">
   <testsuite name="Wound Management" tests="2" failures="0" errors="0" time="96.638" skipped="0" timestamp="2023-09-11 10:21:05" hostname="Amarir - DESKTOP-EE3F8H4" id="Test Suites/Wound Management">
      <properties>
         <property name="deviceName" value="samsung SM-N975F (Android 12)"/>
         <property name="devicePlatform" value=""/>
         <property name="logFolder" value="C:\\Users\\Amarir\\git\\IS_Katalon_Lite_Version\\Reports\\20230911_102056\\Wound Management\\20230911_102056"/>
         <property name="logFiles" value="C:\\Users\\Amarir\\git\\IS_Katalon_Lite_Version\\Reports\\20230911_102056\\Wound Management\\20230911_102056\\appium.log, C:\\Users\\Amarir\\git\\IS_Katalon_Lite_Version\\Reports\\20230911_102056\\Wound Management\\20230911_102056\\execution0.log"/>
         <property name="attachments" value=""/>
         <property name="hostName" value="Amarir - DESKTOP-EE3F8H4"/>
         <property name="os" value="Windows 10 64bit"/>
         <property name="appiumServerStatus" value="{&quot;value&quot;:{&quot;build&quot;:{&quot;version&quot;:&quot;1.22.0&quot;}},&quot;sessionId&quot;:null,&quot;status&quot;:0}"/>
         <property name="katalonVersion" value="8.6.5.208"/>
         <property name="deviceOS" value="Android"/>
         <property name="appiumVersion" value="1.22.0"/>
         <property name="deviceModel" value="SM-N975F"/>
         <property name="hostAddress" value="192.168.234.1"/>
         <property name="deviceManufacturer" value="samsung"/>
         <property name="deviceId" value="RF8N307NKZV"/>
         <property name="deviceName" value="samsung SM-N975F (Android 12)"/>
         <property name="deviceOSVersion" value="12"/>
      </properties>
      <testcase name="Test Cases/User Managemenet/Login" time="59.591" classname="Test Cases/User Managemenet/Login" status="PASSED">
         <system-out><![CDATA[2023-09-11 10:21:07 - [TEST_CASE][PASSED] - Test Cases/User Managemenet/Login: Test Cases/User Managemenet/Login

2023-09-11 10:21:08 - [TEST_STEP][PASSED] - startApplication(APK, false): Started app at: 'C:\Users\Amarir\Downloads\APK\IS\IS_Prod_2.1.apk'

2023-09-11 10:21:11 - [MESSAGE][INFO] - Detected NodeJS location: "C:\Program Files\nodejs\node.exe"

2023-09-11 10:21:16 - [MESSAGE][INFO] - Appium server started on port 63,287

2023-09-11 10:21:53 - [MESSAGE][PASSED] - Started app at: 'C:\Users\Amarir\Downloads\APK\IS\IS_Prod_2.1.apk'

2023-09-11 10:21:53 - [TEST_STEP][PASSED] - setText(findTestObject("User Management/Login/android.widget.EditText - password"), LoginCreds.get("password"), 30): Text 'eKare123@' has been set to element 'Object Repository/User Management/Login/android.widget.EditText - password'

2023-09-11 10:21:56 - [MESSAGE][PASSED] - Text 'eKare123@' has been set to element 'Object Repository/User Management/Login/android.widget.EditText - password'

2023-09-11 10:21:56 - [TEST_STEP][PASSED] - setText(findTestObject("User Management/Login/android.widget.EditText - username"), LoginCreds.get("username"), 30): Text 'safakata' has been set to element 'Object Repository/User Management/Login/android.widget.EditText - username'

2023-09-11 10:21:58 - [MESSAGE][PASSED] - Text 'safakata' has been set to element 'Object Repository/User Management/Login/android.widget.EditText - username'

2023-09-11 10:21:58 - [TEST_STEP][PASSED] - tap(findTestObject("User Management/Login/android.view.ViewGroup - sign in"), 30): Tapped on element 'Object Repository/User Management/Login/android.view.ViewGroup - sign in'

2023-09-11 10:21:59 - [MESSAGE][PASSED] - Tapped on element 'Object Repository/User Management/Login/android.view.ViewGroup - sign in'

2023-09-11 10:21:59 - [TEST_STEP][PASSED] - tap(findTestObject("Object Repository/User Management/Login/android.widget.TextView - Katalon"), 30): Tapped on element 'Object Repository/User Management/Login/android.widget.TextView - Katalon'

2023-09-11 10:22:01 - [MESSAGE][PASSED] - Tapped on element 'Object Repository/User Management/Login/android.widget.TextView - Katalon'

2023-09-11 10:22:01 - [TEST_STEP][PASSED] - delay(2, STOP_ON_FAILURE): Delayed 2 second(s)

2023-09-11 10:22:03 - [MESSAGE][PASSED] - Delayed 2 second(s)

2023-09-11 10:22:03 - [TEST_STEP][PASSED] - verifyElementExist(findTestObject("Object Repository/User Management/Login/android.widget.TextView - Patient Directory"), 30): Element 'Object Repository/User Management/Login/android.widget.TextView - Patient Directory' is exist

2023-09-11 10:22:06 - [MESSAGE][PASSED] - Element 'Object Repository/User Management/Login/android.widget.TextView - Patient Directory' is exist]]></system-out>
         <system-err><![CDATA[]]></system-err>
      </testcase>
      <testcase name="Test Cases/Wound Management/Wound List" time="35.727" classname="Test Cases/Wound Management/Wound List" status="PASSED">
         <system-out><![CDATA[2023-09-11 10:22:06 - [TEST_CASE][PASSED] - Test Cases/Wound Management/Wound List: Test Cases/Wound Management/Wound List

2023-09-11 10:22:08 - [TEST_STEP][PASSED] - setText(findTestObject("Object Repository/Wound Management/Wound List/android.widget.EditText - Search by Name, MRN"), "92ui", 30): Text '92ui' has been set to element 'Object Repository/Wound Management/Wound List/android.widget.EditText - Search by Name, MRN'

2023-09-11 10:22:09 - [MESSAGE][PASSED] - Text '92ui' has been set to element 'Object Repository/Wound Management/Wound List/android.widget.EditText - Search by Name, MRN'

2023-09-11 10:22:09 - [TEST_STEP][PASSED] - tap(findTestObject("Object Repository/Wound Management/Wound List/android.widget.TextView - Current site"), 30): Tapped on element 'Object Repository/Wound Management/Wound List/android.widget.TextView - Current site'

2023-09-11 10:22:10 - [MESSAGE][PASSED] - Tapped on element 'Object Repository/Wound Management/Wound List/android.widget.TextView - Current site'

2023-09-11 10:22:10 - [TEST_STEP][PASSED] - tap(findTestObject("Object Repository/Wound Management/Wound List/android.widget.TextView - Current site (1)"), 30): Tapped on element 'Object Repository/Wound Management/Wound List/android.widget.TextView - Current site (1)'

2023-09-11 10:22:11 - [MESSAGE][PASSED] - Tapped on element 'Object Repository/Wound Management/Wound List/android.widget.TextView - Current site (1)'

2023-09-11 10:22:11 - [TEST_STEP][PASSED] - delay(10, STOP_ON_FAILURE): Delayed 10 second(s)

2023-09-11 10:22:21 - [MESSAGE][PASSED] - Delayed 10 second(s)

2023-09-11 10:22:21 - [TEST_STEP][PASSED] - tap(findTestObject("Object Repository/Wound Management/Wound List/android.view.ViewGroup - patient"), 30): Tapped on element 'Object Repository/Wound Management/Wound List/android.view.ViewGroup - patient'

2023-09-11 10:22:22 - [MESSAGE][PASSED] - Tapped on element 'Object Repository/Wound Management/Wound List/android.view.ViewGroup - patient'

2023-09-11 10:22:22 - [TEST_STEP][PASSED] - verifyElementText(findTestObject("Object Repository/Wound Management/Wound List/android.widget.TextView - 92ui"), "92ui"): Actual text and expected text of test object 'Object Repository/Wound Management/Wound List/android.widget.TextView - 92ui' are matched.

2023-09-11 10:22:24 - [MESSAGE][PASSED] - Actual text and expected text of test object 'Object Repository/Wound Management/Wound List/android.widget.TextView - 92ui' are matched.

2023-09-11 10:22:24 - [TEST_STEP][PASSED] - verifyElementText(findTestObject("Object Repository/Wound Management/Wound List/android.widget.TextView - Male"), "Male"): Actual text and expected text of test object 'Object Repository/Wound Management/Wound List/android.widget.TextView - Male' are matched.

2023-09-11 10:22:24 - [MESSAGE][PASSED] - Actual text and expected text of test object 'Object Repository/Wound Management/Wound List/android.widget.TextView - Male' are matched.

2023-09-11 10:22:24 - [TEST_STEP][PASSED] - verifyElementText(findTestObject("Object Repository/Wound Management/Wound List/android.widget.TextView - 09091990"), "09/09/1990"): Actual text and expected text of test object 'Object Repository/Wound Management/Wound List/android.widget.TextView - 09091990' are matched.

2023-09-11 10:22:25 - [MESSAGE][PASSED] - Actual text and expected text of test object 'Object Repository/Wound Management/Wound List/android.widget.TextView - 09091990' are matched.

2023-09-11 10:22:25 - [TEST_STEP][PASSED] - verifyElementText(findTestObject("Wound Management/Wound List/android.widget.TextView - 33"), "33"): Actual text and expected text of test object 'Object Repository/Wound Management/Wound List/android.widget.TextView - 33' are matched.

2023-09-11 10:22:26 - [MESSAGE][PASSED] - Actual text and expected text of test object 'Object Repository/Wound Management/Wound List/android.widget.TextView - 33' are matched.

2023-09-11 10:22:26 - [TEST_STEP][PASSED] - verifyElementText(findTestObject("Object Repository/Wound Management/Wound List/android.widget.TextView - Active"), "Active"): Actual text and expected text of test object 'Object Repository/Wound Management/Wound List/android.widget.TextView - Active' are matched.

2023-09-11 10:22:26 - [MESSAGE][PASSED] - Actual text and expected text of test object 'Object Repository/Wound Management/Wound List/android.widget.TextView - Active' are matched.

2023-09-11 10:22:26 - [TEST_STEP][PASSED] - verifyElementText(findTestObject("Object Repository/Wound Management/Wound List/android.widget.TextView - No"), "No"): Actual text and expected text of test object 'Object Repository/Wound Management/Wound List/android.widget.TextView - No' are matched.

2023-09-11 10:22:27 - [MESSAGE][PASSED] - Actual text and expected text of test object 'Object Repository/Wound Management/Wound List/android.widget.TextView - No' are matched.

2023-09-11 10:22:27 - [TEST_STEP][PASSED] - verifyElementText(findTestObject("Object Repository/Wound Management/Wound List/android.widget.TextView - Wound, List"), "Wound, List"): Actual text and expected text of test object 'Object Repository/Wound Management/Wound List/android.widget.TextView - Wound, List' are matched.

2023-09-11 10:22:27 - [MESSAGE][PASSED] - Actual text and expected text of test object 'Object Repository/Wound Management/Wound List/android.widget.TextView - Wound, List' are matched.

2023-09-11 10:22:27 - [TEST_STEP][PASSED] - verifyElementExist(findTestObject("Object Repository/Wound Management/Wound List/android.view.ViewGroup - wound2"), 30): Element 'Object Repository/Wound Management/Wound List/android.view.ViewGroup - wound2' is exist

2023-09-11 10:22:28 - [MESSAGE][PASSED] - Element 'Object Repository/Wound Management/Wound List/android.view.ViewGroup - wound2' is exist

2023-09-11 10:22:28 - [TEST_STEP][PASSED] - verifyElementText(findTestObject("Object Repository/Wound Management/Wound List/android.widget.TextView - Wound 2 Pressure Injury"), "Wound 2: Pressure Injury"): Actual text and expected text of test object 'Object Repository/Wound Management/Wound List/android.widget.TextView - Wound 2 Pressure Injury' are matched.

2023-09-11 10:22:28 - [MESSAGE][PASSED] - Actual text and expected text of test object 'Object Repository/Wound Management/Wound List/android.widget.TextView - Wound 2 Pressure Injury' are matched.

2023-09-11 10:22:28 - [TEST_STEP][PASSED] - verifyElementText(findTestObject("Object Repository/Wound Management/Wound List/android.widget.TextView - General"), "General"): Actual text and expected text of test object 'Object Repository/Wound Management/Wound List/android.widget.TextView - General' are matched.

2023-09-11 10:22:29 - [MESSAGE][PASSED] - Actual text and expected text of test object 'Object Repository/Wound Management/Wound List/android.widget.TextView - General' are matched.

2023-09-11 10:22:29 - [TEST_STEP][PASSED] - verifyElementExist(findTestObject("Object Repository/Wound Management/Wound List/android.view.ViewGroup - wound1"), 30): Element 'Object Repository/Wound Management/Wound List/android.view.ViewGroup - wound1' is exist

2023-09-11 10:22:29 - [MESSAGE][PASSED] - Element 'Object Repository/Wound Management/Wound List/android.view.ViewGroup - wound1' is exist

2023-09-11 10:22:29 - [TEST_STEP][PASSED] - verifyElementText(findTestObject("Object Repository/Wound Management/Wound List/android.widget.TextView - Wound 1 Trauma"), "Wound 1: Trauma"): Actual text and expected text of test object 'Object Repository/Wound Management/Wound List/android.widget.TextView - Wound 1 Trauma' are matched.

2023-09-11 10:22:30 - [MESSAGE][PASSED] - Actual text and expected text of test object 'Object Repository/Wound Management/Wound List/android.widget.TextView - Wound 1 Trauma' are matched.

2023-09-11 10:22:30 - [TEST_STEP][PASSED] - verifyElementText(findTestObject("Object Repository/Wound Management/Wound List/android.widget.TextView - HeadNeck, Front"), "Head/Neck, Front"): Actual text and expected text of test object 'Object Repository/Wound Management/Wound List/android.widget.TextView - HeadNeck, Front' are matched.

2023-09-11 10:22:30 - [MESSAGE][PASSED] - Actual text and expected text of test object 'Object Repository/Wound Management/Wound List/android.widget.TextView - HeadNeck, Front' are matched.

2023-09-11 10:22:30 - [TEST_STEP][PASSED] - verifyElementText(findTestObject("Object Repository/Wound Management/Wound List/android.widget.TextView - Test description"), "Test description"): Actual text and expected text of test object 'Object Repository/Wound Management/Wound List/android.widget.TextView - Test description' are matched.

2023-09-11 10:22:31 - [MESSAGE][PASSED] - Actual text and expected text of test object 'Object Repository/Wound Management/Wound List/android.widget.TextView - Test description' are matched.

2023-09-11 10:22:31 - [TEST_STEP][PASSED] - verifyElementExist(findTestObject("Object Repository/Wound Management/Wound List/android.view.ViewGroup - wound3 (1)"), 30): Element 'Object Repository/Wound Management/Wound List/android.view.ViewGroup - wound3 (1)' is exist

2023-09-11 10:22:31 - [MESSAGE][PASSED] - Element 'Object Repository/Wound Management/Wound List/android.view.ViewGroup - wound3 (1)' is exist

2023-09-11 10:22:31 - [TEST_STEP][PASSED] - verifyElementText(findTestObject("Object Repository/Wound Management/Wound List/android.widget.TextView - Wound 3 Pressure Injury (1)"), "Wound 3: Pressure Injury"): Actual text and expected text of test object 'Object Repository/Wound Management/Wound List/android.widget.TextView - Wound 3 Pressure Injury (1)' are matched.

2023-09-11 10:22:38 - [MESSAGE][PASSED] - Actual text and expected text of test object 'Object Repository/Wound Management/Wound List/android.widget.TextView - Wound 3 Pressure Injury (1)' are matched.

2023-09-11 10:22:38 - [TEST_STEP][PASSED] - tap(findTestObject("Object Repository/Wound Management/Wound List/android.widget.ImageView - menu"), 30): Tapped on element 'Object Repository/Wound Management/Wound List/android.widget.ImageView - menu'

2023-09-11 10:22:39 - [MESSAGE][PASSED] - Tapped on element 'Object Repository/Wound Management/Wound List/android.widget.ImageView - menu'

2023-09-11 10:22:39 - [TEST_STEP][PASSED] - verifyElementText(findTestObject("Object Repository/Wound Management/Wound List/android.widget.TextView - Generate Report"), "Generate Report"): Actual text and expected text of test object 'Object Repository/Wound Management/Wound List/android.widget.TextView - Generate Report' are matched.

2023-09-11 10:22:40 - [MESSAGE][PASSED] - Actual text and expected text of test object 'Object Repository/Wound Management/Wound List/android.widget.TextView - Generate Report' are matched.

2023-09-11 10:22:40 - [TEST_STEP][PASSED] - verifyElementText(findTestObject("Object Repository/Wound Management/Wound List/android.widget.TextView - Edit patient"), "Edit patient"): Actual text and expected text of test object 'Object Repository/Wound Management/Wound List/android.widget.TextView - Edit patient' are matched.

2023-09-11 10:22:40 - [MESSAGE][PASSED] - Actual text and expected text of test object 'Object Repository/Wound Management/Wound List/android.widget.TextView - Edit patient' are matched.

2023-09-11 10:22:40 - [TEST_STEP][PASSED] - verifyElementText(findTestObject("Object Repository/Wound Management/Wound List/android.widget.TextView - Freeze patient"), "Freeze patient"): Actual text and expected text of test object 'Object Repository/Wound Management/Wound List/android.widget.TextView - Freeze patient' are matched.

2023-09-11 10:22:41 - [MESSAGE][PASSED] - Actual text and expected text of test object 'Object Repository/Wound Management/Wound List/android.widget.TextView - Freeze patient' are matched.

2023-09-11 10:22:41 - [TEST_STEP][PASSED] - verifyElementText(findTestObject("Object Repository/Wound Management/Wound List/android.widget.TextView - Delete patient"), "Delete patient"): Actual text and expected text of test object 'Object Repository/Wound Management/Wound List/android.widget.TextView - Delete patient' are matched.

2023-09-11 10:22:41 - [MESSAGE][PASSED] - Actual text and expected text of test object 'Object Repository/Wound Management/Wound List/android.widget.TextView - Delete patient' are matched.

2023-09-11 10:22:41 - [TEST_STEP][PASSED] - verifyElementText(findTestObject("Object Repository/Wound Management/Wound List/android.widget.TextView - Cancel"), "Cancel"): Actual text and expected text of test object 'Object Repository/Wound Management/Wound List/android.widget.TextView - Cancel' are matched.

2023-09-11 10:22:41 - [MESSAGE][PASSED] - Actual text and expected text of test object 'Object Repository/Wound Management/Wound List/android.widget.TextView - Cancel' are matched.

2023-09-11 10:22:41 - [TEST_STEP][PASSED] - tap(findTestObject("Wound Management/Wound List/android.widget.TextView - Cancel"), 30): Tapped on element 'Object Repository/Wound Management/Wound List/android.widget.TextView - Cancel'

2023-09-11 10:22:42 - [MESSAGE][PASSED] - Tapped on element 'Object Repository/Wound Management/Wound List/android.widget.TextView - Cancel']]></system-out>
         <system-err><![CDATA[]]></system-err>
      </testcase>
      <system-out><![CDATA[2023-09-11 10:21:05 - [TEST_SUITE][PASSED] - Wound Management: Test Cases/Wound Management/Wound List]]></system-out>
      <system-err><![CDATA[]]></system-err>
   </testsuite>
</testsuites>
