<?xml version="1.0" encoding="UTF-8"?>
<testsuites name="Wound Management" time="385.824" tests="9" failures="0" errors="0">
   <testsuite name="Wound Management" tests="9" failures="0" errors="0" time="385.824" skipped="0" timestamp="2023-08-13 18:18:35" hostname="Amarir - DESKTOP-EE3F8H4" id="Test Suites/Wound Management">
      <properties>
         <property name="deviceName" value="samsung SM-N975F (Android 12)"/>
         <property name="devicePlatform" value=""/>
         <property name="logFolder" value="C:\\Users\\Amarir\\git\\IS_Katalon_Lite_Version\\Reports\\20230813_181821\\Wound Management\\20230813_181821"/>
         <property name="logFiles" value="C:\\Users\\Amarir\\git\\IS_Katalon_Lite_Version\\Reports\\20230813_181821\\Wound Management\\20230813_181821\\appium.log, C:\\Users\\Amarir\\git\\IS_Katalon_Lite_Version\\Reports\\20230813_181821\\Wound Management\\20230813_181821\\execution0.log"/>
         <property name="attachments" value=""/>
         <property name="hostName" value="Amarir - DESKTOP-EE3F8H4"/>
         <property name="os" value="Windows 10 64bit"/>
         <property name="appiumServerStatus" value="{&quot;value&quot;:{&quot;build&quot;:{&quot;version&quot;:&quot;1.22.0&quot;}},&quot;sessionId&quot;:null,&quot;status&quot;:0}"/>
         <property name="katalonVersion" value="8.6.0.208"/>
         <property name="deviceOS" value="Android"/>
         <property name="appiumVersion" value="1.22.0"/>
         <property name="deviceModel" value="SM-N975F"/>
         <property name="hostAddress" value="192.168.234.1"/>
         <property name="deviceManufacturer" value="samsung"/>
         <property name="deviceId" value="RF8N307NKZV"/>
         <property name="deviceName" value="samsung SM-N975F (Android 12)"/>
         <property name="deviceOSVersion" value="12"/>
      </properties>
      <testcase name="Test Cases/User Managemenet/Login" time="64.534" classname="Test Cases/User Managemenet/Login" status="PASSED">
         <system-out><![CDATA[2023-08-13 18:18:36 - [TEST_CASE][PASSED] - Test Cases/User Managemenet/Login: Test Cases/User Managemenet/Login

2023-08-13 18:18:38 - [TEST_STEP][PASSED] - startApplication(APK, false): Started app at: 'C:\Users\Amarir\Downloads\APK\IS\IS_77.apk'

2023-08-13 18:18:42 - [MESSAGE][INFO] - Detected NodeJS location: "C:\Program Files\nodejs\node.exe"

2023-08-13 18:18:47 - [MESSAGE][INFO] - Appium server started on port 59,661

2023-08-13 18:19:21 - [MESSAGE][PASSED] - Started app at: 'C:\Users\Amarir\Downloads\APK\IS\IS_77.apk'

2023-08-13 18:19:21 - [TEST_STEP][PASSED] - setText(findTestObject("User Management/Login/android.widget.EditText - username"), LoginCreds.get("username"), 30): Text 'Katalon' has been set to element 'Object Repository/User Management/Login/android.widget.EditText - username'

2023-08-13 18:19:31 - [MESSAGE][PASSED] - Text 'Katalon' has been set to element 'Object Repository/User Management/Login/android.widget.EditText - username'

2023-08-13 18:19:31 - [TEST_STEP][PASSED] - setText(findTestObject("User Management/Login/android.widget.EditText - password"), LoginCreds.get("password"), 30): Text 'eKare123@' has been set to element 'Object Repository/User Management/Login/android.widget.EditText - password'

2023-08-13 18:19:32 - [MESSAGE][PASSED] - Text 'eKare123@' has been set to element 'Object Repository/User Management/Login/android.widget.EditText - password'

2023-08-13 18:19:32 - [TEST_STEP][PASSED] - tap(findTestObject("User Management/Login/android.view.ViewGroup - sign in"), 30): Tapped on element 'Object Repository/User Management/Login/android.view.ViewGroup - sign in'

2023-08-13 18:19:33 - [MESSAGE][PASSED] - Tapped on element 'Object Repository/User Management/Login/android.view.ViewGroup - sign in'

2023-08-13 18:19:33 - [TEST_STEP][PASSED] - tap(findTestObject("Object Repository/User Management/Login/android.widget.TextView - Katalon"), 30): Tapped on element 'Object Repository/User Management/Login/android.widget.TextView - Katalon'

2023-08-13 18:19:35 - [MESSAGE][PASSED] - Tapped on element 'Object Repository/User Management/Login/android.widget.TextView - Katalon'

2023-08-13 18:19:35 - [TEST_STEP][PASSED] - delay(2, STOP_ON_FAILURE): Delayed 2 second(s)

2023-08-13 18:19:37 - [MESSAGE][PASSED] - Delayed 2 second(s)

2023-08-13 18:19:37 - [TEST_STEP][PASSED] - verifyElementExist(findTestObject("Object Repository/User Management/Login/android.widget.TextView - Patient Directory"), 30): Element 'Object Repository/User Management/Login/android.widget.TextView - Patient Directory' is exist

2023-08-13 18:19:41 - [MESSAGE][PASSED] - Element 'Object Repository/User Management/Login/android.widget.TextView - Patient Directory' is exist]]></system-out>
         <system-err><![CDATA[]]></system-err>
      </testcase>
      <testcase name="Test Cases/Wound Management/Add Wound" time="16.633" classname="Test Cases/Wound Management/Add Wound" status="PASSED">
         <system-out><![CDATA[2023-08-13 18:19:41 - [TEST_CASE][PASSED] - Test Cases/Wound Management/Add Wound: Test Cases/Wound Management/Add Wound

2023-08-13 18:19:42 - [TEST_STEP][PASSED] - setText(findTestObject("Object Repository/Wound Management/Add Wound/android.widget.EditText - Search by Name, MRN"), "78ui", 30): Text '78ui' has been set to element 'Object Repository/Wound Management/Add Wound/android.widget.EditText - Search by Name, MRN'

2023-08-13 18:19:44 - [MESSAGE][PASSED] - Text '78ui' has been set to element 'Object Repository/Wound Management/Add Wound/android.widget.EditText - Search by Name, MRN'

2023-08-13 18:19:44 - [TEST_STEP][PASSED] - tap(findTestObject("Object Repository/Wound Management/Add Wound/android.widget.TextView - Current site"), 30): Tapped on element 'Object Repository/Wound Management/Add Wound/android.widget.TextView - Current site'

2023-08-13 18:19:45 - [MESSAGE][PASSED] - Tapped on element 'Object Repository/Wound Management/Add Wound/android.widget.TextView - Current site'

2023-08-13 18:19:45 - [TEST_STEP][PASSED] - tap(findTestObject("Object Repository/Wound Management/Add Wound/android.widget.TextView - Current site (1)"), 30): Tapped on element 'Object Repository/Wound Management/Add Wound/android.widget.TextView - Current site (1)'

2023-08-13 18:19:47 - [MESSAGE][PASSED] - Tapped on element 'Object Repository/Wound Management/Add Wound/android.widget.TextView - Current site (1)'

2023-08-13 18:19:47 - [TEST_STEP][PASSED] - tap(findTestObject("Object Repository/Wound Management/Add Wound/android.view.ViewGroup"), 30): Tapped on element 'Object Repository/Wound Management/Add Wound/android.view.ViewGroup'

2023-08-13 18:19:48 - [MESSAGE][PASSED] - Tapped on element 'Object Repository/Wound Management/Add Wound/android.view.ViewGroup'

2023-08-13 18:19:48 - [TEST_STEP][PASSED] - tap(findTestObject("Object Repository/Wound Management/Add Wound/android.widget.ImageView - add wound"), 30): Tapped on element 'Object Repository/Wound Management/Add Wound/android.widget.ImageView - add wound'

2023-08-13 18:19:50 - [MESSAGE][PASSED] - Tapped on element 'Object Repository/Wound Management/Add Wound/android.widget.ImageView - add wound'

2023-08-13 18:19:50 - [TEST_STEP][PASSED] - tap(findTestObject("Object Repository/Wound Management/Add Wound/android.widget.TextView - Next"), 30): Tapped on element 'Object Repository/Wound Management/Add Wound/android.widget.TextView - Next'

2023-08-13 18:19:52 - [MESSAGE][PASSED] - Tapped on element 'Object Repository/Wound Management/Add Wound/android.widget.TextView - Next'

2023-08-13 18:19:52 - [TEST_STEP][PASSED] - tap(findTestObject("Object Repository/Wound Management/Add Wound/android.widget.TextView - Save"), 30): Tapped on element 'Object Repository/Wound Management/Add Wound/android.widget.TextView - Save'

2023-08-13 18:19:53 - [MESSAGE][PASSED] - Tapped on element 'Object Repository/Wound Management/Add Wound/android.widget.TextView - Save'

2023-08-13 18:19:53 - [TEST_STEP][PASSED] - verifyElementExist(findTestObject("Object Repository/Wound Management/Add Wound/android.view.ViewGroup (2)"), 30): Element 'Object Repository/Wound Management/Add Wound/android.view.ViewGroup (2)' is exist

2023-08-13 18:19:56 - [MESSAGE][PASSED] - Element 'Object Repository/Wound Management/Add Wound/android.view.ViewGroup (2)' is exist

2023-08-13 18:19:56 - [TEST_STEP][PASSED] - pressBack(): Press back button successfully

2023-08-13 18:19:56 - [MESSAGE][PASSED] - Press back button successfully

2023-08-13 18:19:56 - [TEST_STEP][PASSED] - tap(findTestObject("Object Repository/Wound Management/Lock Wound/android.widget.ImageView - x"), 30): Tapped on element 'Object Repository/Wound Management/Lock Wound/android.widget.ImageView - x'

2023-08-13 18:19:58 - [MESSAGE][PASSED] - Tapped on element 'Object Repository/Wound Management/Lock Wound/android.widget.ImageView - x']]></system-out>
         <system-err><![CDATA[]]></system-err>
      </testcase>
      <testcase name="Test Cases/Wound Management/Edit Wound" time="27.668" classname="Test Cases/Wound Management/Edit Wound" status="PASSED">
         <system-out><![CDATA[2023-08-13 18:19:58 - [TEST_CASE][PASSED] - Test Cases/Wound Management/Edit Wound: Test Cases/Wound Management/Edit Wound

2023-08-13 18:19:59 - [TEST_STEP][PASSED] - setText(findTestObject("Object Repository/Wound Management/Edit Wound/android.widget.EditText - Search by Name, MRN"), "86ui", 30): Text '86ui' has been set to element 'Object Repository/Wound Management/Edit Wound/android.widget.EditText - Search by Name, MRN'

2023-08-13 18:20:01 - [MESSAGE][PASSED] - Text '86ui' has been set to element 'Object Repository/Wound Management/Edit Wound/android.widget.EditText - Search by Name, MRN'

2023-08-13 18:20:01 - [TEST_STEP][PASSED] - tap(findTestObject("Object Repository/Wound Management/Edit Wound/android.widget.TextView - Current site"), 30): Tapped on element 'Object Repository/Wound Management/Edit Wound/android.widget.TextView - Current site'

2023-08-13 18:20:02 - [MESSAGE][PASSED] - Tapped on element 'Object Repository/Wound Management/Edit Wound/android.widget.TextView - Current site'

2023-08-13 18:20:02 - [TEST_STEP][PASSED] - tap(findTestObject("Object Repository/Wound Management/Edit Wound/android.widget.TextView - Current site (1)"), 30): Tapped on element 'Object Repository/Wound Management/Edit Wound/android.widget.TextView - Current site (1)'

2023-08-13 18:20:03 - [MESSAGE][PASSED] - Tapped on element 'Object Repository/Wound Management/Edit Wound/android.widget.TextView - Current site (1)'

2023-08-13 18:20:03 - [TEST_STEP][PASSED] - tap(findTestObject("Object Repository/Wound Management/Edit Wound/android.view.ViewGroup"), 30): Tapped on element 'Object Repository/Wound Management/Edit Wound/android.view.ViewGroup'

2023-08-13 18:20:04 - [MESSAGE][PASSED] - Tapped on element 'Object Repository/Wound Management/Edit Wound/android.view.ViewGroup'

2023-08-13 18:20:04 - [TEST_STEP][PASSED] - verifyElementExist(findTestObject("Object Repository/Wound Management/Edit Wound/android.view.ViewGroup - wound"), 30): Element 'Object Repository/Wound Management/Edit Wound/android.view.ViewGroup - wound' is exist

2023-08-13 18:20:06 - [MESSAGE][PASSED] - Element 'Object Repository/Wound Management/Edit Wound/android.view.ViewGroup - wound' is exist

2023-08-13 18:20:06 - [TEST_STEP][PASSED] - tap(findTestObject("Object Repository/Wound Management/Edit Wound/android.view.ViewGroup - wound"), 30): Tapped on element 'Object Repository/Wound Management/Edit Wound/android.view.ViewGroup - wound'

2023-08-13 18:20:07 - [MESSAGE][PASSED] - Tapped on element 'Object Repository/Wound Management/Edit Wound/android.view.ViewGroup - wound'

2023-08-13 18:20:07 - [TEST_STEP][PASSED] - tap(findTestObject("Object Repository/Wound Management/Edit Wound/android.widget.ImageView - menu"), 30): Tapped on element 'Object Repository/Wound Management/Edit Wound/android.widget.ImageView - menu'

2023-08-13 18:20:10 - [MESSAGE][PASSED] - Tapped on element 'Object Repository/Wound Management/Edit Wound/android.widget.ImageView - menu'

2023-08-13 18:20:10 - [TEST_STEP][PASSED] - tap(findTestObject("Object Repository/Wound Management/Edit Wound/android.widget.TextView - Edit wound"), 30): Tapped on element 'Object Repository/Wound Management/Edit Wound/android.widget.TextView - Edit wound'

2023-08-13 18:20:11 - [MESSAGE][PASSED] - Tapped on element 'Object Repository/Wound Management/Edit Wound/android.widget.TextView - Edit wound'

2023-08-13 18:20:11 - [TEST_STEP][PASSED] - tap(findTestObject("Object Repository/Wound Management/Edit Wound/android.view.ViewGroup - secondary wound type"), 30): Tapped on element 'Object Repository/Wound Management/Edit Wound/android.view.ViewGroup - secondary wound type'

2023-08-13 18:20:12 - [MESSAGE][PASSED] - Tapped on element 'Object Repository/Wound Management/Edit Wound/android.view.ViewGroup - secondary wound type'

2023-08-13 18:20:12 - [TEST_STEP][PASSED] - tap(findTestObject("Object Repository/Wound Management/Edit Wound/android.widget.TextView - Stage III"), 30): Tapped on element 'Object Repository/Wound Management/Edit Wound/android.widget.TextView - Stage III'

2023-08-13 18:20:13 - [MESSAGE][PASSED] - Tapped on element 'Object Repository/Wound Management/Edit Wound/android.widget.TextView - Stage III'

2023-08-13 18:20:13 - [TEST_STEP][PASSED] - tap(findTestObject("Object Repository/Wound Management/Edit Wound/android.view.ViewGroup - facility acquired wound"), 30): Tapped on element 'Object Repository/Wound Management/Edit Wound/android.view.ViewGroup - facility acquired wound'

2023-08-13 18:20:15 - [MESSAGE][PASSED] - Tapped on element 'Object Repository/Wound Management/Edit Wound/android.view.ViewGroup - facility acquired wound'

2023-08-13 18:20:15 - [TEST_STEP][PASSED] - tap(findTestObject("Object Repository/Wound Management/Edit Wound/android.widget.TextView - Next"), 30): Tapped on element 'Object Repository/Wound Management/Edit Wound/android.widget.TextView - Next'

2023-08-13 18:20:16 - [MESSAGE][PASSED] - Tapped on element 'Object Repository/Wound Management/Edit Wound/android.widget.TextView - Next'

2023-08-13 18:20:16 - [TEST_STEP][PASSED] - tap(findTestObject("Object Repository/Wound Management/Edit Wound/android.widget.TextView - Additional description (Optional)"), 30): Tapped on element 'Object Repository/Wound Management/Edit Wound/android.widget.TextView - Additional description (Optional)'

2023-08-13 18:20:16 - [MESSAGE][PASSED] - Tapped on element 'Object Repository/Wound Management/Edit Wound/android.widget.TextView - Additional description (Optional)'

2023-08-13 18:20:16 - [TEST_STEP][PASSED] - setText(findTestObject("Object Repository/Wound Management/Edit Wound/android.widget.EditText - description"), "Test Description", 30): Text 'Test Description' has been set to element 'Object Repository/Wound Management/Edit Wound/android.widget.EditText - description'

2023-08-13 18:20:18 - [MESSAGE][PASSED] - Text 'Test Description' has been set to element 'Object Repository/Wound Management/Edit Wound/android.widget.EditText - description'

2023-08-13 18:20:18 - [TEST_STEP][PASSED] - tap(findTestObject("Object Repository/Wound Management/Edit Wound/android.widget.TextView - OK"), 30): Tapped on element 'Object Repository/Wound Management/Edit Wound/android.widget.TextView - OK'

2023-08-13 18:20:18 - [MESSAGE][PASSED] - Tapped on element 'Object Repository/Wound Management/Edit Wound/android.widget.TextView - OK'

2023-08-13 18:20:18 - [TEST_STEP][PASSED] - tap(findTestObject("Object Repository/Wound Management/Edit Wound/android.widget.TextView - Save"), 30): Tapped on element 'Object Repository/Wound Management/Edit Wound/android.widget.TextView - Save'

2023-08-13 18:20:19 - [MESSAGE][PASSED] - Tapped on element 'Object Repository/Wound Management/Edit Wound/android.widget.TextView - Save'

2023-08-13 18:20:19 - [TEST_STEP][PASSED] - verifyElementText(findTestObject("Object Repository/Wound Management/Edit Wound/android.widget.TextView - Test Description"), "Test Description"): Actual text and expected text of test object 'Object Repository/Wound Management/Edit Wound/android.widget.TextView - Test Description' are matched.

2023-08-13 18:20:23 - [MESSAGE][PASSED] - Actual text and expected text of test object 'Object Repository/Wound Management/Edit Wound/android.widget.TextView - Test Description' are matched.

2023-08-13 18:20:23 - [TEST_STEP][PASSED] - pressBack(): Press back button successfully

2023-08-13 18:20:24 - [MESSAGE][PASSED] - Press back button successfully

2023-08-13 18:20:24 - [TEST_STEP][PASSED] - pressBack(): Press back button successfully

2023-08-13 18:20:25 - [MESSAGE][PASSED] - Press back button successfully

2023-08-13 18:20:25 - [TEST_STEP][PASSED] - tap(findTestObject("Object Repository/Wound Management/Lock Wound/android.widget.ImageView - x"), 30): Tapped on element 'Object Repository/Wound Management/Lock Wound/android.widget.ImageView - x'

2023-08-13 18:20:25 - [MESSAGE][PASSED] - Tapped on element 'Object Repository/Wound Management/Lock Wound/android.widget.ImageView - x']]></system-out>
         <system-err><![CDATA[]]></system-err>
      </testcase>
      <testcase name="Test Cases/Wound Management/Change wound Statues" time="21.136" classname="Test Cases/Wound Management/Change wound Statues" status="PASSED">
         <system-out><![CDATA[2023-08-13 18:20:25 - [TEST_CASE][PASSED] - Test Cases/Wound Management/Change wound Statues: Test Cases/Wound Management/Change wound Statues

2023-08-13 18:20:27 - [TEST_STEP][PASSED] - setText(findTestObject("Object Repository/Wound Management/Change wound statues/android.widget.EditText - Search by Name, MRN"), "87ui", 30): Text '87ui' has been set to element 'Object Repository/Wound Management/Change wound statues/android.widget.EditText - Search by Name, MRN'

2023-08-13 18:20:30 - [MESSAGE][PASSED] - Text '87ui' has been set to element 'Object Repository/Wound Management/Change wound statues/android.widget.EditText - Search by Name, MRN'

2023-08-13 18:20:30 - [TEST_STEP][PASSED] - tap(findTestObject("Object Repository/Wound Management/Change wound statues/android.widget.TextView - Current site"), 30): Tapped on element 'Object Repository/Wound Management/Change wound statues/android.widget.TextView - Current site'

2023-08-13 18:20:31 - [MESSAGE][PASSED] - Tapped on element 'Object Repository/Wound Management/Change wound statues/android.widget.TextView - Current site'

2023-08-13 18:20:31 - [TEST_STEP][PASSED] - tap(findTestObject("Object Repository/Wound Management/Change wound statues/android.widget.TextView - Current site (1)"), 30): Tapped on element 'Object Repository/Wound Management/Change wound statues/android.widget.TextView - Current site (1)'

2023-08-13 18:20:32 - [MESSAGE][PASSED] - Tapped on element 'Object Repository/Wound Management/Change wound statues/android.widget.TextView - Current site (1)'

2023-08-13 18:20:32 - [TEST_STEP][PASSED] - tap(findTestObject("Object Repository/Wound Management/Change wound statues/android.view.ViewGroup - Patient"), 30): Tapped on element 'Object Repository/Wound Management/Change wound statues/android.view.ViewGroup - Patient'

2023-08-13 18:20:33 - [MESSAGE][PASSED] - Tapped on element 'Object Repository/Wound Management/Change wound statues/android.view.ViewGroup - Patient'

2023-08-13 18:20:33 - [TEST_STEP][PASSED] - verifyElementExist(findTestObject("Object Repository/Wound Management/Change wound statues/android.view.ViewGroup - wound"), 30): Element 'Object Repository/Wound Management/Change wound statues/android.view.ViewGroup - wound' is exist

2023-08-13 18:20:35 - [MESSAGE][PASSED] - Element 'Object Repository/Wound Management/Change wound statues/android.view.ViewGroup - wound' is exist

2023-08-13 18:20:35 - [TEST_STEP][PASSED] - tap(findTestObject("Object Repository/Wound Management/Change wound statues/android.view.ViewGroup - Patient"), 30): Tapped on element 'Object Repository/Wound Management/Change wound statues/android.view.ViewGroup - Patient'

2023-08-13 18:20:36 - [MESSAGE][PASSED] - Tapped on element 'Object Repository/Wound Management/Change wound statues/android.view.ViewGroup - Patient'

2023-08-13 18:20:36 - [TEST_STEP][PASSED] - tap(findTestObject("Object Repository/Wound Management/Change wound statues/android.view.ViewGroup - wound statues"), 30): Tapped on element 'Object Repository/Wound Management/Change wound statues/android.view.ViewGroup - wound statues'

2023-08-13 18:20:41 - [MESSAGE][PASSED] - Tapped on element 'Object Repository/Wound Management/Change wound statues/android.view.ViewGroup - wound statues'

2023-08-13 18:20:41 - [TEST_STEP][PASSED] - verifyElementText(findTestObject("Object Repository/Wound Management/Change wound statues/android.widget.TextView - Healed"), "Healed"): Actual text and expected text of test object 'Object Repository/Wound Management/Change wound statues/android.widget.TextView - Healed' are matched.

2023-08-13 18:20:42 - [MESSAGE][PASSED] - Actual text and expected text of test object 'Object Repository/Wound Management/Change wound statues/android.widget.TextView - Healed' are matched.

2023-08-13 18:20:42 - [TEST_STEP][PASSED] - tap(findTestObject("Wound Management/Change wound statues/android.widget.TextView - Healed"), 30): Tapped on element 'Object Repository/Wound Management/Change wound statues/android.widget.TextView - Healed'

2023-08-13 18:20:43 - [MESSAGE][PASSED] - Tapped on element 'Object Repository/Wound Management/Change wound statues/android.widget.TextView - Healed'

2023-08-13 18:20:43 - [TEST_STEP][PASSED] - verifyElementText(findTestObject("Object Repository/Wound Management/Change wound statues/android.widget.TextView - Healed (1)"), "Healed"): Actual text and expected text of test object 'Object Repository/Wound Management/Change wound statues/android.widget.TextView - Healed (1)' are matched.

2023-08-13 18:20:44 - [MESSAGE][PASSED] - Actual text and expected text of test object 'Object Repository/Wound Management/Change wound statues/android.widget.TextView - Healed (1)' are matched.

2023-08-13 18:20:44 - [TEST_STEP][PASSED] - pressBack(): Press back button successfully

2023-08-13 18:20:45 - [MESSAGE][PASSED] - Press back button successfully

2023-08-13 18:20:45 - [TEST_STEP][PASSED] - pressBack(): Press back button successfully

2023-08-13 18:20:45 - [MESSAGE][PASSED] - Press back button successfully

2023-08-13 18:20:45 - [TEST_STEP][PASSED] - tap(findTestObject("Object Repository/Wound Management/Change wound statues/android.widget.ImageView"), 30): Tapped on element 'Object Repository/Wound Management/Change wound statues/android.widget.ImageView'

2023-08-13 18:20:46 - [MESSAGE][PASSED] - Tapped on element 'Object Repository/Wound Management/Change wound statues/android.widget.ImageView']]></system-out>
         <system-err><![CDATA[]]></system-err>
      </testcase>
      <testcase name="Test Cases/Wound Management/Lock Wound" time="24.27" classname="Test Cases/Wound Management/Lock Wound" status="PASSED">
         <system-out><![CDATA[2023-08-13 18:20:46 - [TEST_CASE][PASSED] - Test Cases/Wound Management/Lock Wound: Test Cases/Wound Management/Lock Wound

2023-08-13 18:20:48 - [TEST_STEP][PASSED] - setText(findTestObject("Object Repository/Wound Management/Lock Wound/android.widget.EditText - Search by Name, MRN"), "89ui", 30): Text '89ui' has been set to element 'Object Repository/Wound Management/Lock Wound/android.widget.EditText - Search by Name, MRN'

2023-08-13 18:20:51 - [MESSAGE][PASSED] - Text '89ui' has been set to element 'Object Repository/Wound Management/Lock Wound/android.widget.EditText - Search by Name, MRN'

2023-08-13 18:20:51 - [TEST_STEP][PASSED] - tap(findTestObject("Object Repository/Wound Management/Lock Wound/android.widget.TextView - Current site"), 30): Tapped on element 'Object Repository/Wound Management/Lock Wound/android.widget.TextView - Current site'

2023-08-13 18:20:52 - [MESSAGE][PASSED] - Tapped on element 'Object Repository/Wound Management/Lock Wound/android.widget.TextView - Current site'

2023-08-13 18:20:52 - [TEST_STEP][PASSED] - tap(findTestObject("Object Repository/Wound Management/Lock Wound/android.widget.TextView - Current site (1)"), 30): Tapped on element 'Object Repository/Wound Management/Lock Wound/android.widget.TextView - Current site (1)'

2023-08-13 18:20:53 - [MESSAGE][PASSED] - Tapped on element 'Object Repository/Wound Management/Lock Wound/android.widget.TextView - Current site (1)'

2023-08-13 18:20:53 - [TEST_STEP][PASSED] - verifyElementExist(findTestObject("Object Repository/Wound Management/Lock Wound/android.view.ViewGroup - Patient"), 30): Element 'Object Repository/Wound Management/Lock Wound/android.view.ViewGroup - Patient' is exist

2023-08-13 18:20:54 - [MESSAGE][PASSED] - Element 'Object Repository/Wound Management/Lock Wound/android.view.ViewGroup - Patient' is exist

2023-08-13 18:20:54 - [TEST_STEP][PASSED] - tap(findTestObject("Object Repository/Wound Management/Lock Wound/android.view.ViewGroup - Patient"), 30): Tapped on element 'Object Repository/Wound Management/Lock Wound/android.view.ViewGroup - Patient'

2023-08-13 18:20:55 - [MESSAGE][PASSED] - Tapped on element 'Object Repository/Wound Management/Lock Wound/android.view.ViewGroup - Patient'

2023-08-13 18:20:55 - [TEST_STEP][PASSED] - verifyElementExist(findTestObject("Object Repository/Wound Management/Lock Wound/android.view.ViewGroup - wound"), 30): Element 'Object Repository/Wound Management/Lock Wound/android.view.ViewGroup - wound' is exist

2023-08-13 18:20:57 - [MESSAGE][PASSED] - Element 'Object Repository/Wound Management/Lock Wound/android.view.ViewGroup - wound' is exist

2023-08-13 18:20:57 - [TEST_STEP][PASSED] - tap(findTestObject("Object Repository/Wound Management/Lock Wound/android.view.ViewGroup - wound"), 30): Tapped on element 'Object Repository/Wound Management/Lock Wound/android.view.ViewGroup - wound'

2023-08-13 18:20:58 - [MESSAGE][PASSED] - Tapped on element 'Object Repository/Wound Management/Lock Wound/android.view.ViewGroup - wound'

2023-08-13 18:20:58 - [TEST_STEP][PASSED] - tap(findTestObject("Object Repository/Wound Management/Lock Wound/android.widget.ImageView - menu"), 30): Tapped on element 'Object Repository/Wound Management/Lock Wound/android.widget.ImageView - menu'

2023-08-13 18:21:01 - [MESSAGE][PASSED] - Tapped on element 'Object Repository/Wound Management/Lock Wound/android.widget.ImageView - menu'

2023-08-13 18:21:01 - [TEST_STEP][PASSED] - tap(findTestObject("Object Repository/Wound Management/Lock Wound/android.widget.TextView - Lock wound"), 30): Tapped on element 'Object Repository/Wound Management/Lock Wound/android.widget.TextView - Lock wound'

2023-08-13 18:21:02 - [MESSAGE][PASSED] - Tapped on element 'Object Repository/Wound Management/Lock Wound/android.widget.TextView - Lock wound'

2023-08-13 18:21:02 - [TEST_STEP][PASSED] - pressBack(): Press back button successfully

2023-08-13 18:21:04 - [MESSAGE][PASSED] - Press back button successfully

2023-08-13 18:21:04 - [TEST_STEP][PASSED] - delay(5): Delayed 5 second(s)

2023-08-13 18:21:09 - [MESSAGE][PASSED] - Delayed 5 second(s)

2023-08-13 18:21:09 - [TEST_STEP][PASSED] - pressBack(): Press back button successfully

2023-08-13 18:21:10 - [MESSAGE][PASSED] - Press back button successfully

2023-08-13 18:21:10 - [TEST_STEP][PASSED] - tap(findTestObject("Object Repository/Wound Management/Lock Wound/android.widget.ImageView - x"), 30): Tapped on element 'Object Repository/Wound Management/Lock Wound/android.widget.ImageView - x'

2023-08-13 18:21:11 - [MESSAGE][PASSED] - Tapped on element 'Object Repository/Wound Management/Lock Wound/android.widget.ImageView - x']]></system-out>
         <system-err><![CDATA[]]></system-err>
      </testcase>
      <testcase name="Test Cases/Wound Management/Unlock Wound" time="19.906" classname="Test Cases/Wound Management/Unlock Wound" status="PASSED">
         <system-out><![CDATA[2023-08-13 18:21:11 - [TEST_CASE][PASSED] - Test Cases/Wound Management/Unlock Wound: Test Cases/Wound Management/Unlock Wound

2023-08-13 18:21:12 - [TEST_STEP][PASSED] - setText(findTestObject("Object Repository/Wound Management/Unlock wound/android.widget.EditText - Search by Name, MRN"), "90ui", 30): Text '90ui' has been set to element 'Object Repository/Wound Management/Unlock wound/android.widget.EditText - Search by Name, MRN'

2023-08-13 18:21:14 - [MESSAGE][PASSED] - Text '90ui' has been set to element 'Object Repository/Wound Management/Unlock wound/android.widget.EditText - Search by Name, MRN'

2023-08-13 18:21:14 - [TEST_STEP][PASSED] - tap(findTestObject("Object Repository/Wound Management/Unlock wound/android.widget.TextView - Current site"), 30): Tapped on element 'Object Repository/Wound Management/Unlock wound/android.widget.TextView - Current site'

2023-08-13 18:21:16 - [MESSAGE][PASSED] - Tapped on element 'Object Repository/Wound Management/Unlock wound/android.widget.TextView - Current site'

2023-08-13 18:21:16 - [TEST_STEP][PASSED] - tap(findTestObject("Object Repository/Wound Management/Unlock wound/android.widget.TextView - Current site (1)"), 30): Tapped on element 'Object Repository/Wound Management/Unlock wound/android.widget.TextView - Current site (1)'

2023-08-13 18:21:17 - [MESSAGE][PASSED] - Tapped on element 'Object Repository/Wound Management/Unlock wound/android.widget.TextView - Current site (1)'

2023-08-13 18:21:17 - [TEST_STEP][PASSED] - verifyElementExist(findTestObject("Object Repository/Wound Management/Unlock wound/android.view.ViewGroup - Patient"), 30): Element 'Object Repository/Wound Management/Unlock wound/android.view.ViewGroup - Patient' is exist

2023-08-13 18:21:18 - [MESSAGE][PASSED] - Element 'Object Repository/Wound Management/Unlock wound/android.view.ViewGroup - Patient' is exist

2023-08-13 18:21:18 - [TEST_STEP][PASSED] - tap(findTestObject("Object Repository/Wound Management/Unlock wound/android.view.ViewGroup - Patient"), 30): Tapped on element 'Object Repository/Wound Management/Unlock wound/android.view.ViewGroup - Patient'

2023-08-13 18:21:18 - [MESSAGE][PASSED] - Tapped on element 'Object Repository/Wound Management/Unlock wound/android.view.ViewGroup - Patient'

2023-08-13 18:21:18 - [TEST_STEP][PASSED] - verifyElementExist(findTestObject("Object Repository/Wound Management/Unlock wound/android.view.ViewGroup - wound"), 30): Element 'Object Repository/Wound Management/Unlock wound/android.view.ViewGroup - wound' is exist

2023-08-13 18:21:20 - [MESSAGE][PASSED] - Element 'Object Repository/Wound Management/Unlock wound/android.view.ViewGroup - wound' is exist

2023-08-13 18:21:20 - [TEST_STEP][PASSED] - tap(findTestObject("Object Repository/Wound Management/Unlock wound/android.view.ViewGroup - wound"), 30): Tapped on element 'Object Repository/Wound Management/Unlock wound/android.view.ViewGroup - wound'

2023-08-13 18:21:21 - [MESSAGE][PASSED] - Tapped on element 'Object Repository/Wound Management/Unlock wound/android.view.ViewGroup - wound'

2023-08-13 18:21:21 - [TEST_STEP][PASSED] - tap(findTestObject("Object Repository/Wound Management/Unlock wound/android.widget.ImageView - menu"), 30): Tapped on element 'Object Repository/Wound Management/Unlock wound/android.widget.ImageView - menu'

2023-08-13 18:21:24 - [MESSAGE][PASSED] - Tapped on element 'Object Repository/Wound Management/Unlock wound/android.widget.ImageView - menu'

2023-08-13 18:21:24 - [TEST_STEP][PASSED] - verifyElementText(findTestObject("Object Repository/Wound Management/Unlock wound/android.widget.TextView - Unlock wound"), "Unlock wound"): Actual text and expected text of test object 'Object Repository/Wound Management/Unlock wound/android.widget.TextView - Unlock wound' are matched.

2023-08-13 18:21:25 - [MESSAGE][PASSED] - Actual text and expected text of test object 'Object Repository/Wound Management/Unlock wound/android.widget.TextView - Unlock wound' are matched.

2023-08-13 18:21:25 - [TEST_STEP][PASSED] - tap(findTestObject("Wound Management/Unlock wound/android.widget.TextView - Unlock wound"), 30): Tapped on element 'Object Repository/Wound Management/Unlock wound/android.widget.TextView - Unlock wound'

2023-08-13 18:21:26 - [MESSAGE][PASSED] - Tapped on element 'Object Repository/Wound Management/Unlock wound/android.widget.TextView - Unlock wound'

2023-08-13 18:21:26 - [TEST_STEP][PASSED] - pressBack(): Press back button successfully

2023-08-13 18:21:28 - [MESSAGE][PASSED] - Press back button successfully

2023-08-13 18:21:28 - [TEST_STEP][PASSED] - verifyElementExist(findTestObject("Object Repository/Wound Management/Unlock wound/android.view.ViewGroup - wound"), 30): Element 'Object Repository/Wound Management/Unlock wound/android.view.ViewGroup - wound' is exist

2023-08-13 18:21:29 - [MESSAGE][PASSED] - Element 'Object Repository/Wound Management/Unlock wound/android.view.ViewGroup - wound' is exist

2023-08-13 18:21:29 - [TEST_STEP][PASSED] - pressBack(): Press back button successfully

2023-08-13 18:21:30 - [MESSAGE][PASSED] - Press back button successfully

2023-08-13 18:21:30 - [TEST_STEP][PASSED] - tap(findTestObject("Object Repository/Wound Management/Unlock wound/android.widget.ImageView - x"), 30): Tapped on element 'Object Repository/Wound Management/Unlock wound/android.widget.ImageView - x'

2023-08-13 18:21:31 - [MESSAGE][PASSED] - Tapped on element 'Object Repository/Wound Management/Unlock wound/android.widget.ImageView - x']]></system-out>
         <system-err><![CDATA[]]></system-err>
      </testcase>
      <testcase name="Test Cases/Wound Management/Wound List" time="50.339" classname="Test Cases/Wound Management/Wound List" status="PASSED">
         <system-out><![CDATA[2023-08-13 18:21:31 - [TEST_CASE][PASSED] - Test Cases/Wound Management/Wound List: Test Cases/Wound Management/Wound List

2023-08-13 18:21:32 - [TEST_STEP][PASSED] - setText(findTestObject("Object Repository/Wound Management/Wound List/android.widget.EditText - Search by Name, MRN"), "92ui", 30): Text '92ui' has been set to element 'Object Repository/Wound Management/Wound List/android.widget.EditText - Search by Name, MRN'

2023-08-13 18:21:35 - [MESSAGE][PASSED] - Text '92ui' has been set to element 'Object Repository/Wound Management/Wound List/android.widget.EditText - Search by Name, MRN'

2023-08-13 18:21:35 - [TEST_STEP][PASSED] - tap(findTestObject("Object Repository/Wound Management/Wound List/android.widget.TextView - Current site"), 30): Tapped on element 'Object Repository/Wound Management/Wound List/android.widget.TextView - Current site'

2023-08-13 18:21:36 - [MESSAGE][PASSED] - Tapped on element 'Object Repository/Wound Management/Wound List/android.widget.TextView - Current site'

2023-08-13 18:21:36 - [TEST_STEP][PASSED] - tap(findTestObject("Object Repository/Wound Management/Wound List/android.widget.TextView - Current site (1)"), 30): Tapped on element 'Object Repository/Wound Management/Wound List/android.widget.TextView - Current site (1)'

2023-08-13 18:21:37 - [MESSAGE][PASSED] - Tapped on element 'Object Repository/Wound Management/Wound List/android.widget.TextView - Current site (1)'

2023-08-13 18:21:37 - [TEST_STEP][PASSED] - tap(findTestObject("Object Repository/Wound Management/Wound List/android.view.ViewGroup - patient"), 30): Tapped on element 'Object Repository/Wound Management/Wound List/android.view.ViewGroup - patient'

2023-08-13 18:21:38 - [MESSAGE][PASSED] - Tapped on element 'Object Repository/Wound Management/Wound List/android.view.ViewGroup - patient'

2023-08-13 18:21:38 - [TEST_STEP][PASSED] - verifyElementText(findTestObject("Object Repository/Wound Management/Wound List/android.widget.TextView - 92ui"), "92ui"): Actual text and expected text of test object 'Object Repository/Wound Management/Wound List/android.widget.TextView - 92ui' are matched.

2023-08-13 18:21:40 - [MESSAGE][PASSED] - Actual text and expected text of test object 'Object Repository/Wound Management/Wound List/android.widget.TextView - 92ui' are matched.

2023-08-13 18:21:40 - [TEST_STEP][PASSED] - verifyElementText(findTestObject("Object Repository/Wound Management/Wound List/android.widget.TextView - Male"), "Male"): Actual text and expected text of test object 'Object Repository/Wound Management/Wound List/android.widget.TextView - Male' are matched.

2023-08-13 18:21:41 - [MESSAGE][PASSED] - Actual text and expected text of test object 'Object Repository/Wound Management/Wound List/android.widget.TextView - Male' are matched.

2023-08-13 18:21:41 - [TEST_STEP][PASSED] - verifyElementText(findTestObject("Object Repository/Wound Management/Wound List/android.widget.TextView - 09091990"), "09/09/1990"): Actual text and expected text of test object 'Object Repository/Wound Management/Wound List/android.widget.TextView - 09091990' are matched.

2023-08-13 18:21:41 - [MESSAGE][PASSED] - Actual text and expected text of test object 'Object Repository/Wound Management/Wound List/android.widget.TextView - 09091990' are matched.

2023-08-13 18:21:41 - [TEST_STEP][PASSED] - verifyElementText(findTestObject("Object Repository/Wound Management/Wound List/android.widget.TextView - 32"), "32"): Actual text and expected text of test object 'Object Repository/Wound Management/Wound List/android.widget.TextView - 32' are matched.

2023-08-13 18:21:42 - [MESSAGE][PASSED] - Actual text and expected text of test object 'Object Repository/Wound Management/Wound List/android.widget.TextView - 32' are matched.

2023-08-13 18:21:42 - [TEST_STEP][PASSED] - verifyElementText(findTestObject("Object Repository/Wound Management/Wound List/android.widget.TextView - Active"), "Active"): Actual text and expected text of test object 'Object Repository/Wound Management/Wound List/android.widget.TextView - Active' are matched.

2023-08-13 18:21:42 - [MESSAGE][PASSED] - Actual text and expected text of test object 'Object Repository/Wound Management/Wound List/android.widget.TextView - Active' are matched.

2023-08-13 18:21:42 - [TEST_STEP][PASSED] - verifyElementText(findTestObject("Object Repository/Wound Management/Wound List/android.widget.TextView - No"), "No"): Actual text and expected text of test object 'Object Repository/Wound Management/Wound List/android.widget.TextView - No' are matched.

2023-08-13 18:21:43 - [MESSAGE][PASSED] - Actual text and expected text of test object 'Object Repository/Wound Management/Wound List/android.widget.TextView - No' are matched.

2023-08-13 18:21:43 - [TEST_STEP][PASSED] - verifyElementText(findTestObject("Object Repository/Wound Management/Wound List/android.widget.TextView - Wound, List"), "Wound, List"): Actual text and expected text of test object 'Object Repository/Wound Management/Wound List/android.widget.TextView - Wound, List' are matched.

2023-08-13 18:21:43 - [MESSAGE][PASSED] - Actual text and expected text of test object 'Object Repository/Wound Management/Wound List/android.widget.TextView - Wound, List' are matched.

2023-08-13 18:21:43 - [TEST_STEP][PASSED] - verifyElementExist(findTestObject("Object Repository/Wound Management/Wound List/android.view.ViewGroup - wound2"), 30): Element 'Object Repository/Wound Management/Wound List/android.view.ViewGroup - wound2' is exist

2023-08-13 18:21:44 - [MESSAGE][PASSED] - Element 'Object Repository/Wound Management/Wound List/android.view.ViewGroup - wound2' is exist

2023-08-13 18:21:44 - [TEST_STEP][PASSED] - verifyElementText(findTestObject("Object Repository/Wound Management/Wound List/android.widget.TextView - Wound 2 Pressure Injury"), "Wound 2: Pressure Injury"): Actual text and expected text of test object 'Object Repository/Wound Management/Wound List/android.widget.TextView - Wound 2 Pressure Injury' are matched.

2023-08-13 18:21:44 - [MESSAGE][PASSED] - Actual text and expected text of test object 'Object Repository/Wound Management/Wound List/android.widget.TextView - Wound 2 Pressure Injury' are matched.

2023-08-13 18:21:44 - [TEST_STEP][PASSED] - verifyElementText(findTestObject("Object Repository/Wound Management/Wound List/android.widget.TextView - General"), "General"): Actual text and expected text of test object 'Object Repository/Wound Management/Wound List/android.widget.TextView - General' are matched.

2023-08-13 18:21:44 - [MESSAGE][PASSED] - Actual text and expected text of test object 'Object Repository/Wound Management/Wound List/android.widget.TextView - General' are matched.

2023-08-13 18:21:44 - [TEST_STEP][PASSED] - verifyElementExist(findTestObject("Object Repository/Wound Management/Wound List/android.view.ViewGroup - wound1"), 30): Element 'Object Repository/Wound Management/Wound List/android.view.ViewGroup - wound1' is exist

2023-08-13 18:21:45 - [MESSAGE][PASSED] - Element 'Object Repository/Wound Management/Wound List/android.view.ViewGroup - wound1' is exist

2023-08-13 18:21:45 - [TEST_STEP][PASSED] - verifyElementText(findTestObject("Object Repository/Wound Management/Wound List/android.widget.TextView - Wound 1 Trauma"), "Wound 1: Trauma"): Actual text and expected text of test object 'Object Repository/Wound Management/Wound List/android.widget.TextView - Wound 1 Trauma' are matched.

2023-08-13 18:21:45 - [MESSAGE][PASSED] - Actual text and expected text of test object 'Object Repository/Wound Management/Wound List/android.widget.TextView - Wound 1 Trauma' are matched.

2023-08-13 18:21:45 - [TEST_STEP][PASSED] - verifyElementText(findTestObject("Object Repository/Wound Management/Wound List/android.widget.TextView - HeadNeck, Front"), "Head/Neck, Front"): Actual text and expected text of test object 'Object Repository/Wound Management/Wound List/android.widget.TextView - HeadNeck, Front' are matched.

2023-08-13 18:21:46 - [MESSAGE][PASSED] - Actual text and expected text of test object 'Object Repository/Wound Management/Wound List/android.widget.TextView - HeadNeck, Front' are matched.

2023-08-13 18:21:46 - [TEST_STEP][PASSED] - verifyElementText(findTestObject("Object Repository/Wound Management/Wound List/android.widget.TextView - Test description"), "Test description"): Actual text and expected text of test object 'Object Repository/Wound Management/Wound List/android.widget.TextView - Test description' are matched.

2023-08-13 18:21:46 - [MESSAGE][PASSED] - Actual text and expected text of test object 'Object Repository/Wound Management/Wound List/android.widget.TextView - Test description' are matched.

2023-08-13 18:21:46 - [TEST_STEP][PASSED] - verifyElementExist(findTestObject("Object Repository/Wound Management/Wound List/android.view.ViewGroup - wound3 (1)"), 30): Element 'Object Repository/Wound Management/Wound List/android.view.ViewGroup - wound3 (1)' is exist

2023-08-13 18:21:47 - [MESSAGE][PASSED] - Element 'Object Repository/Wound Management/Wound List/android.view.ViewGroup - wound3 (1)' is exist

2023-08-13 18:21:47 - [TEST_STEP][PASSED] - verifyElementText(findTestObject("Object Repository/Wound Management/Wound List/android.widget.TextView - Wound 3 Pressure Injury (1)"), "Wound 3: Pressure Injury"): Actual text and expected text of test object 'Object Repository/Wound Management/Wound List/android.widget.TextView - Wound 3 Pressure Injury (1)' are matched.

2023-08-13 18:22:17 - [MESSAGE][PASSED] - Actual text and expected text of test object 'Object Repository/Wound Management/Wound List/android.widget.TextView - Wound 3 Pressure Injury (1)' are matched.

2023-08-13 18:22:17 - [TEST_STEP][PASSED] - tap(findTestObject("Object Repository/Wound Management/Wound List/android.widget.ImageView - menu"), 30): Tapped on element 'Object Repository/Wound Management/Wound List/android.widget.ImageView - menu'

2023-08-13 18:22:17 - [MESSAGE][PASSED] - Tapped on element 'Object Repository/Wound Management/Wound List/android.widget.ImageView - menu'

2023-08-13 18:22:17 - [TEST_STEP][PASSED] - verifyElementText(findTestObject("Object Repository/Wound Management/Wound List/android.widget.TextView - Generate Report"), "Generate Report"): Actual text and expected text of test object 'Object Repository/Wound Management/Wound List/android.widget.TextView - Generate Report' are matched.

2023-08-13 18:22:19 - [MESSAGE][PASSED] - Actual text and expected text of test object 'Object Repository/Wound Management/Wound List/android.widget.TextView - Generate Report' are matched.

2023-08-13 18:22:19 - [TEST_STEP][PASSED] - verifyElementText(findTestObject("Object Repository/Wound Management/Wound List/android.widget.TextView - Edit patient"), "Edit patient"): Actual text and expected text of test object 'Object Repository/Wound Management/Wound List/android.widget.TextView - Edit patient' are matched.

2023-08-13 18:22:19 - [MESSAGE][PASSED] - Actual text and expected text of test object 'Object Repository/Wound Management/Wound List/android.widget.TextView - Edit patient' are matched.

2023-08-13 18:22:19 - [TEST_STEP][PASSED] - verifyElementText(findTestObject("Object Repository/Wound Management/Wound List/android.widget.TextView - Freeze patient"), "Freeze patient"): Actual text and expected text of test object 'Object Repository/Wound Management/Wound List/android.widget.TextView - Freeze patient' are matched.

2023-08-13 18:22:19 - [MESSAGE][PASSED] - Actual text and expected text of test object 'Object Repository/Wound Management/Wound List/android.widget.TextView - Freeze patient' are matched.

2023-08-13 18:22:19 - [TEST_STEP][PASSED] - verifyElementText(findTestObject("Object Repository/Wound Management/Wound List/android.widget.TextView - Delete patient"), "Delete patient"): Actual text and expected text of test object 'Object Repository/Wound Management/Wound List/android.widget.TextView - Delete patient' are matched.

2023-08-13 18:22:20 - [MESSAGE][PASSED] - Actual text and expected text of test object 'Object Repository/Wound Management/Wound List/android.widget.TextView - Delete patient' are matched.

2023-08-13 18:22:20 - [TEST_STEP][PASSED] - verifyElementText(findTestObject("Object Repository/Wound Management/Wound List/android.widget.TextView - Cancel"), "Cancel"): Actual text and expected text of test object 'Object Repository/Wound Management/Wound List/android.widget.TextView - Cancel' are matched.

2023-08-13 18:22:21 - [MESSAGE][PASSED] - Actual text and expected text of test object 'Object Repository/Wound Management/Wound List/android.widget.TextView - Cancel' are matched.

2023-08-13 18:22:21 - [TEST_STEP][PASSED] - tap(findTestObject("Wound Management/Wound List/android.widget.TextView - Cancel"), 30): Tapped on element 'Object Repository/Wound Management/Wound List/android.widget.TextView - Cancel'

2023-08-13 18:22:21 - [MESSAGE][PASSED] - Tapped on element 'Object Repository/Wound Management/Wound List/android.widget.TextView - Cancel']]></system-out>
         <system-err><![CDATA[]]></system-err>
      </testcase>
      <testcase name="Test Cases/Wound Management/Wound Summary" time="137.915" classname="Test Cases/Wound Management/Wound Summary" status="PASSED">
         <system-out><![CDATA[2023-08-13 18:22:21 - [TEST_CASE][PASSED] - Test Cases/Wound Management/Wound Summary: Test Cases/Wound Management/Wound Summary

2023-08-13 18:22:23 - [TEST_STEP][PASSED] - tap(findTestObject("Object Repository/Wound Management/Wound Summary/android.view.ViewGroup - wound1"), 30): Tapped on element 'Object Repository/Wound Management/Wound Summary/android.view.ViewGroup - wound1'

2023-08-13 18:22:23 - [MESSAGE][PASSED] - Tapped on element 'Object Repository/Wound Management/Wound Summary/android.view.ViewGroup - wound1'

2023-08-13 18:22:23 - [TEST_STEP][PASSED] - verifyElementText(findTestObject("Object Repository/Wound Management/Wound Summary/android.widget.TextView - Wound, List"), "Wound, List"): Actual text and expected text of test object 'Object Repository/Wound Management/Wound Summary/android.widget.TextView - Wound, List' are matched.

2023-08-13 18:22:27 - [MESSAGE][PASSED] - Actual text and expected text of test object 'Object Repository/Wound Management/Wound Summary/android.widget.TextView - Wound, List' are matched.

2023-08-13 18:22:27 - [TEST_STEP][PASSED] - verifyElementText(findTestObject("Object Repository/Wound Management/Wound Summary/android.widget.TextView - Wound 1 Trauma"), "Wound 1: Trauma"): Actual text and expected text of test object 'Object Repository/Wound Management/Wound Summary/android.widget.TextView - Wound 1 Trauma' are matched.

2023-08-13 18:22:27 - [MESSAGE][PASSED] - Actual text and expected text of test object 'Object Repository/Wound Management/Wound Summary/android.widget.TextView - Wound 1 Trauma' are matched.

2023-08-13 18:22:27 - [TEST_STEP][PASSED] - verifyElementText(findTestObject("Object Repository/Wound Management/Wound Summary/android.widget.TextView - Active"), "Active"): Actual text and expected text of test object 'Object Repository/Wound Management/Wound Summary/android.widget.TextView - Active' are matched.

2023-08-13 18:22:28 - [MESSAGE][PASSED] - Actual text and expected text of test object 'Object Repository/Wound Management/Wound Summary/android.widget.TextView - Active' are matched.

2023-08-13 18:22:28 - [TEST_STEP][PASSED] - verifyElementText(findTestObject("Object Repository/Wound Management/Wound Summary/android.widget.TextView - 26072023"), "26/07/2023"): Actual text and expected text of test object 'Object Repository/Wound Management/Wound Summary/android.widget.TextView - 26072023' are matched.

2023-08-13 18:22:29 - [MESSAGE][PASSED] - Actual text and expected text of test object 'Object Repository/Wound Management/Wound Summary/android.widget.TextView - 26072023' are matched.

2023-08-13 18:22:29 - [TEST_STEP][PASSED] - verifyElementText(findTestObject("Object Repository/Wound Management/Wound Summary/android.widget.TextView - HeadNeck, Front"), "Head/Neck, Front"): Actual text and expected text of test object 'Object Repository/Wound Management/Wound Summary/android.widget.TextView - HeadNeck, Front' are matched.

2023-08-13 18:22:29 - [MESSAGE][PASSED] - Actual text and expected text of test object 'Object Repository/Wound Management/Wound Summary/android.widget.TextView - HeadNeck, Front' are matched.

2023-08-13 18:22:29 - [TEST_STEP][PASSED] - verifyElementText(findTestObject("Object Repository/Wound Management/Wound Summary/android.widget.TextView - Test description"), "Test description"): Actual text and expected text of test object 'Object Repository/Wound Management/Wound Summary/android.widget.TextView - Test description' are matched.

2023-08-13 18:22:31 - [MESSAGE][PASSED] - Actual text and expected text of test object 'Object Repository/Wound Management/Wound Summary/android.widget.TextView - Test description' are matched.

2023-08-13 18:22:31 - [TEST_STEP][PASSED] - verifyElementText(findTestObject("Object Repository/Wound Management/Wound Summary/android.widget.TextView - 3D"), "3D"): Actual text and expected text of test object 'Object Repository/Wound Management/Wound Summary/android.widget.TextView - 3D' are matched.

2023-08-13 18:22:32 - [MESSAGE][PASSED] - Actual text and expected text of test object 'Object Repository/Wound Management/Wound Summary/android.widget.TextView - 3D' are matched.

2023-08-13 18:22:32 - [TEST_STEP][PASSED] - verifyElementExist(findTestObject("Object Repository/Wound Management/Wound Summary/android.view.ViewGroup"), 30): Element 'Object Repository/Wound Management/Wound Summary/android.view.ViewGroup' is exist

2023-08-13 18:22:33 - [MESSAGE][PASSED] - Element 'Object Repository/Wound Management/Wound Summary/android.view.ViewGroup' is exist

2023-08-13 18:22:33 - [TEST_STEP][PASSED] - verifyElementExist(findTestObject("Wound Management/Wound Summary/android.widget.ImageView"), 30): Element 'Object Repository/Wound Management/Wound Summary/android.widget.ImageView' is exist

2023-08-13 18:22:33 - [MESSAGE][PASSED] - Element 'Object Repository/Wound Management/Wound Summary/android.widget.ImageView' is exist

2023-08-13 18:22:33 - [TEST_STEP][PASSED] - verifyElementText(findTestObject("Object Repository/Wound Management/Wound Summary/android.widget.TextView - 3D (1)"), "3D"): Actual text and expected text of test object 'Object Repository/Wound Management/Wound Summary/android.widget.TextView - 3D (1)' are matched.

2023-08-13 18:22:34 - [MESSAGE][PASSED] - Actual text and expected text of test object 'Object Repository/Wound Management/Wound Summary/android.widget.TextView - 3D (1)' are matched.

2023-08-13 18:22:34 - [TEST_STEP][PASSED] - verifyElementText(findTestObject("Object Repository/Wound Management/Wound Summary/android.widget.TextView - WOUND SIZE"), "WOUND SIZE"): Actual text and expected text of test object 'Object Repository/Wound Management/Wound Summary/android.widget.TextView - WOUND SIZE' are matched.

2023-08-13 18:22:35 - [MESSAGE][PASSED] - Actual text and expected text of test object 'Object Repository/Wound Management/Wound Summary/android.widget.TextView - WOUND SIZE' are matched.

2023-08-13 18:22:35 - [TEST_STEP][PASSED] - verifyElementText(findTestObject("Object Repository/Wound Management/Wound Summary/android.widget.TextView - COLOR COMPOSITION"), "COLOR COMPOSITION"): Actual text and expected text of test object 'Object Repository/Wound Management/Wound Summary/android.widget.TextView - COLOR COMPOSITION' are matched.

2023-08-13 18:22:35 - [MESSAGE][PASSED] - Actual text and expected text of test object 'Object Repository/Wound Management/Wound Summary/android.widget.TextView - COLOR COMPOSITION' are matched.

2023-08-13 18:22:35 - [TEST_STEP][PASSED] - verifyElementText(findTestObject("Object Repository/Wound Management/Wound Summary/android.widget.TextView - Summary"), "Summary"): Actual text and expected text of test object 'Object Repository/Wound Management/Wound Summary/android.widget.TextView - Summary' are matched.

2023-08-13 18:23:06 - [MESSAGE][PASSED] - Actual text and expected text of test object 'Object Repository/Wound Management/Wound Summary/android.widget.TextView - Summary' are matched.

2023-08-13 18:23:06 - [TEST_STEP][PASSED] - verifyElementText(findTestObject("Object Repository/Wound Management/Wound Summary/android.widget.TextView - Assessment"), "Assessment"): Actual text and expected text of test object 'Object Repository/Wound Management/Wound Summary/android.widget.TextView - Assessment' are matched.

2023-08-13 18:23:36 - [MESSAGE][PASSED] - Actual text and expected text of test object 'Object Repository/Wound Management/Wound Summary/android.widget.TextView - Assessment' are matched.

2023-08-13 18:23:36 - [TEST_STEP][PASSED] - verifyElementText(findTestObject("Object Repository/Wound Management/Wound Summary/android.widget.TextView - Treatment"), "Treatment"): Actual text and expected text of test object 'Object Repository/Wound Management/Wound Summary/android.widget.TextView - Treatment' are matched.

2023-08-13 18:24:06 - [MESSAGE][PASSED] - Actual text and expected text of test object 'Object Repository/Wound Management/Wound Summary/android.widget.TextView - Treatment' are matched.

2023-08-13 18:24:06 - [TEST_STEP][PASSED] - verifyElementText(findTestObject("Object Repository/Wound Management/Wound Summary/android.widget.TextView - Messaging"), "Messaging"): Actual text and expected text of test object 'Object Repository/Wound Management/Wound Summary/android.widget.TextView - Messaging' are matched.

2023-08-13 18:24:37 - [MESSAGE][PASSED] - Actual text and expected text of test object 'Object Repository/Wound Management/Wound Summary/android.widget.TextView - Messaging' are matched.

2023-08-13 18:24:37 - [TEST_STEP][PASSED] - pressBack(): Press back button successfully

2023-08-13 18:24:37 - [MESSAGE][PASSED] - Press back button successfully

2023-08-13 18:24:37 - [TEST_STEP][PASSED] - pressBack(): Press back button successfully

2023-08-13 18:24:38 - [MESSAGE][PASSED] - Press back button successfully

2023-08-13 18:24:38 - [TEST_STEP][PASSED] - tap(findTestObject("Object Repository/Wound Management/Unlock wound/android.widget.ImageView - x"), 30): Tapped on element 'Object Repository/Wound Management/Unlock wound/android.widget.ImageView - x'

2023-08-13 18:24:39 - [MESSAGE][PASSED] - Tapped on element 'Object Repository/Wound Management/Unlock wound/android.widget.ImageView - x']]></system-out>
         <system-err><![CDATA[]]></system-err>
      </testcase>
      <testcase name="Test Cases/Wound Management/Delete Wound" time="22.13" classname="Test Cases/Wound Management/Delete Wound" status="PASSED">
         <system-out><![CDATA[2023-08-13 18:24:39 - [TEST_CASE][PASSED] - Test Cases/Wound Management/Delete Wound: Test Cases/Wound Management/Delete Wound

2023-08-13 18:24:40 - [TEST_STEP][PASSED] - setText(findTestObject("Object Repository/Wound Management/Delete Wound/android.widget.EditText - Search by Name, MRN"), "91ui", 30): Text '91ui' has been set to element 'Object Repository/Wound Management/Delete Wound/android.widget.EditText - Search by Name, MRN'

2023-08-13 18:24:43 - [MESSAGE][PASSED] - Text '91ui' has been set to element 'Object Repository/Wound Management/Delete Wound/android.widget.EditText - Search by Name, MRN'

2023-08-13 18:24:43 - [TEST_STEP][PASSED] - tap(findTestObject("Object Repository/Wound Management/Delete Wound/android.widget.TextView - Current site"), 30): Tapped on element 'Object Repository/Wound Management/Delete Wound/android.widget.TextView - Current site'

2023-08-13 18:24:44 - [MESSAGE][PASSED] - Tapped on element 'Object Repository/Wound Management/Delete Wound/android.widget.TextView - Current site'

2023-08-13 18:24:44 - [TEST_STEP][PASSED] - tap(findTestObject("Object Repository/Wound Management/Delete Wound/android.widget.TextView - Current site (1)"), 30): Tapped on element 'Object Repository/Wound Management/Delete Wound/android.widget.TextView - Current site (1)'

2023-08-13 18:24:45 - [MESSAGE][PASSED] - Tapped on element 'Object Repository/Wound Management/Delete Wound/android.widget.TextView - Current site (1)'

2023-08-13 18:24:45 - [TEST_STEP][PASSED] - verifyElementExist(findTestObject("Object Repository/Wound Management/Delete Wound/android.view.ViewGroup - Patient"), 30): Element 'Object Repository/Wound Management/Delete Wound/android.view.ViewGroup - Patient' is exist

2023-08-13 18:24:46 - [MESSAGE][PASSED] - Element 'Object Repository/Wound Management/Delete Wound/android.view.ViewGroup - Patient' is exist

2023-08-13 18:24:46 - [TEST_STEP][PASSED] - tap(findTestObject("Object Repository/Wound Management/Delete Wound/android.view.ViewGroup - Patient"), 30): Tapped on element 'Object Repository/Wound Management/Delete Wound/android.view.ViewGroup - Patient'

2023-08-13 18:24:47 - [MESSAGE][PASSED] - Tapped on element 'Object Repository/Wound Management/Delete Wound/android.view.ViewGroup - Patient'

2023-08-13 18:24:47 - [TEST_STEP][PASSED] - verifyElementExist(findTestObject("Object Repository/Wound Management/Delete Wound/android.view.ViewGroup - wound"), 30): Element 'Object Repository/Wound Management/Delete Wound/android.view.ViewGroup - wound' is exist

2023-08-13 18:24:49 - [MESSAGE][PASSED] - Element 'Object Repository/Wound Management/Delete Wound/android.view.ViewGroup - wound' is exist

2023-08-13 18:24:49 - [TEST_STEP][PASSED] - tap(findTestObject("Object Repository/Wound Management/Delete Wound/android.view.ViewGroup - wound (1)"), 30): Tapped on element 'Object Repository/Wound Management/Delete Wound/android.view.ViewGroup - wound (1)'

2023-08-13 18:24:49 - [MESSAGE][PASSED] - Tapped on element 'Object Repository/Wound Management/Delete Wound/android.view.ViewGroup - wound (1)'

2023-08-13 18:24:49 - [TEST_STEP][PASSED] - verifyElementExist(findTestObject("Object Repository/Wound Management/Delete Wound/android.widget.ImageView - menu"), 30): Element 'Object Repository/Wound Management/Delete Wound/android.widget.ImageView - menu' is exist

2023-08-13 18:24:52 - [MESSAGE][PASSED] - Element 'Object Repository/Wound Management/Delete Wound/android.widget.ImageView - menu' is exist

2023-08-13 18:24:52 - [TEST_STEP][PASSED] - tap(findTestObject("Object Repository/Wound Management/Delete Wound/android.widget.ImageView - menu"), 30): Tapped on element 'Object Repository/Wound Management/Delete Wound/android.widget.ImageView - menu'

2023-08-13 18:24:53 - [MESSAGE][PASSED] - Tapped on element 'Object Repository/Wound Management/Delete Wound/android.widget.ImageView - menu'

2023-08-13 18:24:53 - [TEST_STEP][PASSED] - verifyElementText(findTestObject("Object Repository/Wound Management/Delete Wound/android.widget.TextView - Delete wound"), "Delete wound"): Actual text and expected text of test object 'Object Repository/Wound Management/Delete Wound/android.widget.TextView - Delete wound' are matched.

2023-08-13 18:24:54 - [MESSAGE][PASSED] - Actual text and expected text of test object 'Object Repository/Wound Management/Delete Wound/android.widget.TextView - Delete wound' are matched.

2023-08-13 18:24:54 - [TEST_STEP][PASSED] - tap(findTestObject("Wound Management/Delete Wound/android.widget.TextView - Delete wound"), 30): Tapped on element 'Object Repository/Wound Management/Delete Wound/android.widget.TextView - Delete wound'

2023-08-13 18:24:55 - [MESSAGE][PASSED] - Tapped on element 'Object Repository/Wound Management/Delete Wound/android.widget.TextView - Delete wound'

2023-08-13 18:24:55 - [TEST_STEP][PASSED] - verifyElementText(findTestObject("Object Repository/Wound Management/Delete Wound/android.widget.TextView - Delete the selected wound All data, including all images and measurements, will be erased"), "Delete the selected wound? All data, including all images and measurements, will be erased."): Actual text and expected text of test object 'Object Repository/Wound Management/Delete Wound/android.widget.TextView - Delete the selected wound All data, including all images and measurements, will be erased' are matched.

2023-08-13 18:24:56 - [MESSAGE][PASSED] - Actual text and expected text of test object 'Object Repository/Wound Management/Delete Wound/android.widget.TextView - Delete the selected wound All data, including all images and measurements, will be erased' are matched.

2023-08-13 18:24:56 - [TEST_STEP][PASSED] - verifyElementText(findTestObject("Object Repository/Wound Management/Delete Wound/android.widget.Button - CANCEL"), "CANCEL"): Actual text and expected text of test object 'Object Repository/Wound Management/Delete Wound/android.widget.Button - CANCEL' are matched.

2023-08-13 18:24:57 - [MESSAGE][PASSED] - Actual text and expected text of test object 'Object Repository/Wound Management/Delete Wound/android.widget.Button - CANCEL' are matched.

2023-08-13 18:24:57 - [TEST_STEP][PASSED] - verifyElementExist(findTestObject("Object Repository/Wound Management/Delete Wound/android.widget.Button - CONFIRM"), 30): Element 'Object Repository/Wound Management/Delete Wound/android.widget.Button - CONFIRM' is exist

2023-08-13 18:24:58 - [MESSAGE][PASSED] - Element 'Object Repository/Wound Management/Delete Wound/android.widget.Button - CONFIRM' is exist

2023-08-13 18:24:58 - [TEST_STEP][PASSED] - tap(findTestObject("Wound Management/Delete Wound/android.widget.Button - CONFIRM"), 30): Tapped on element 'Object Repository/Wound Management/Delete Wound/android.widget.Button - CONFIRM'

2023-08-13 18:24:58 - [MESSAGE][PASSED] - Tapped on element 'Object Repository/Wound Management/Delete Wound/android.widget.Button - CONFIRM'

2023-08-13 18:24:58 - [TEST_STEP][PASSED] - verifyElementText(findTestObject("Object Repository/Wound Management/Delete Wound/android.widget.TextView - Click  above to add a wound"), "Click "+" above to add a wound"): Actual text and expected text of test object 'Object Repository/Wound Management/Delete Wound/android.widget.TextView - Click  above to add a wound' are matched.

2023-08-13 18:25:00 - [MESSAGE][PASSED] - Actual text and expected text of test object 'Object Repository/Wound Management/Delete Wound/android.widget.TextView - Click  above to add a wound' are matched.

2023-08-13 18:25:00 - [TEST_STEP][PASSED] - pressBack(): Press back button successfully

2023-08-13 18:25:00 - [MESSAGE][PASSED] - Press back button successfully

2023-08-13 18:25:00 - [TEST_STEP][PASSED] - tap(findTestObject("Object Repository/Wound Management/Delete Wound/android.widget.ImageView - x"), 30): Tapped on element 'Object Repository/Wound Management/Delete Wound/android.widget.ImageView - x'

2023-08-13 18:25:01 - [MESSAGE][PASSED] - Tapped on element 'Object Repository/Wound Management/Delete Wound/android.widget.ImageView - x']]></system-out>
         <system-err><![CDATA[]]></system-err>
      </testcase>
      <system-out><![CDATA[2023-08-13 18:18:35 - [TEST_SUITE][PASSED] - Wound Management: Test Cases/Wound Management/Delete Wound]]></system-out>
      <system-err><![CDATA[]]></system-err>
   </testsuite>
</testsuites>
