<?xml version="1.0" encoding="UTF-8"?>
<testsuites name="Wound Management" time="376.508" tests="9" failures="1" errors="0">
   <testsuite name="Wound Management" tests="9" failures="1" errors="0" time="376.508" skipped="0" timestamp="2023-08-17 09:51:55" hostname="Amarir - DESKTOP-EE3F8H4" id="Test Suites/Wound Management">
      <properties>
         <property name="deviceName" value="samsung SM-N975F (Android 12)"/>
         <property name="devicePlatform" value=""/>
         <property name="logFolder" value="C:\\Users\\Amarir\\git\\IS_Katalon_Lite_Version\\Reports\\20230817_093727\\Wound Management\\20230817_093740"/>
         <property name="logFiles" value="C:\\Users\\Amarir\\git\\IS_Katalon_Lite_Version\\Reports\\20230817_093727\\Wound Management\\20230817_093740\\appium.log, C:\\Users\\Amarir\\git\\IS_Katalon_Lite_Version\\Reports\\20230817_093727\\Wound Management\\20230817_093740\\execution0.log"/>
         <property name="attachments" value="C:\\Users\\Amarir\\git\\IS_Katalon_Lite_Version\\Reports\\20230817_093727\\Wound Management\\20230817_093740\\1692266015356.png, C:\\Users\\Amarir\\git\\IS_Katalon_Lite_Version\\Reports\\20230817_093727\\Wound Management\\20230817_093740\\1692266046365.png, C:\\Users\\Amarir\\git\\IS_Katalon_Lite_Version\\Reports\\20230817_093727\\Wound Management\\20230817_093740\\1692266077233.png, C:\\Users\\Amarir\\git\\IS_Katalon_Lite_Version\\Reports\\20230817_093727\\Wound Management\\20230817_093740\\1692266108155.png, C:\\Users\\Amarir\\git\\IS_Katalon_Lite_Version\\Reports\\20230817_093727\\Wound Management\\20230817_093740\\1692266139956.png, C:\\Users\\Amarir\\git\\IS_Katalon_Lite_Version\\Reports\\20230817_093727\\Wound Management\\20230817_093740\\1692266156111.png"/>
         <property name="hostName" value="Amarir - DESKTOP-EE3F8H4"/>
         <property name="os" value="Windows 10 64bit"/>
         <property name="appiumServerStatus" value="{&quot;value&quot;:{&quot;build&quot;:{&quot;version&quot;:&quot;1.22.0&quot;}},&quot;sessionId&quot;:null,&quot;status&quot;:0}"/>
         <property name="katalonVersion" value="8.6.5.208"/>
         <property name="deviceOS" value="Android"/>
         <property name="appiumVersion" value="1.22.0"/>
         <property name="deviceModel" value="SM-N975F"/>
         <property name="hostAddress" value="192.168.234.1"/>
         <property name="deviceManufacturer" value="samsung"/>
         <property name="deviceId" value="RF8N307NKZV"/>
         <property name="deviceName" value="samsung SM-N975F (Android 12)"/>
         <property name="deviceOSVersion" value="12"/>
      </properties>
      <testcase name="Test Cases/User Managemenet/Login" time="50.511" classname="Test Cases/User Managemenet/Login" status="PASSED">
         <system-out><![CDATA[2023-08-17 09:51:55 - [TEST_CASE][PASSED] - Test Cases/User Managemenet/Login: Test Cases/User Managemenet/Login

2023-08-17 09:51:56 - [TEST_STEP][PASSED] - startApplication(APK, false): Started app at: 'C:\Users\Amarir\Downloads\APK\IS\IS_Prod_2.1.apk'

2023-08-17 09:51:58 - [MESSAGE][INFO] - Detected NodeJS location: "C:\Program Files\nodejs\node.exe"

2023-08-17 09:52:01 - [MESSAGE][INFO] - Appium server started on port 53,862

2023-08-17 09:52:20 - [MESSAGE][PASSED] - Started app at: 'C:\Users\Amarir\Downloads\APK\IS\IS_Prod_2.1.apk'

2023-08-17 09:52:20 - [TEST_STEP][PASSED] - setText(findTestObject("User Management/Login/android.widget.EditText - username"), LoginCreds.get("username"), 30): Text 'safakata' has been set to element 'Object Repository/User Management/Login/android.widget.EditText - username'

2023-08-17 09:52:35 - [MESSAGE][PASSED] - Text 'safakata' has been set to element 'Object Repository/User Management/Login/android.widget.EditText - username'

2023-08-17 09:52:35 - [TEST_STEP][PASSED] - setText(findTestObject("User Management/Login/android.widget.EditText - password"), LoginCreds.get("password"), 30): Text 'eKare123@' has been set to element 'Object Repository/User Management/Login/android.widget.EditText - password'

2023-08-17 09:52:36 - [MESSAGE][PASSED] - Text 'eKare123@' has been set to element 'Object Repository/User Management/Login/android.widget.EditText - password'

2023-08-17 09:52:36 - [TEST_STEP][PASSED] - tap(findTestObject("User Management/Login/android.view.ViewGroup - sign in"), 30): Tapped on element 'Object Repository/User Management/Login/android.view.ViewGroup - sign in'

2023-08-17 09:52:37 - [MESSAGE][PASSED] - Tapped on element 'Object Repository/User Management/Login/android.view.ViewGroup - sign in'

2023-08-17 09:52:37 - [TEST_STEP][PASSED] - tap(findTestObject("Object Repository/User Management/Login/android.widget.TextView - Katalon"), 30): Tapped on element 'Object Repository/User Management/Login/android.widget.TextView - Katalon'

2023-08-17 09:52:39 - [MESSAGE][PASSED] - Tapped on element 'Object Repository/User Management/Login/android.widget.TextView - Katalon'

2023-08-17 09:52:39 - [TEST_STEP][PASSED] - delay(2, STOP_ON_FAILURE): Delayed 2 second(s)

2023-08-17 09:52:41 - [MESSAGE][PASSED] - Delayed 2 second(s)

2023-08-17 09:52:41 - [TEST_STEP][PASSED] - verifyElementExist(findTestObject("Object Repository/User Management/Login/android.widget.TextView - Patient Directory"), 30): Element 'Object Repository/User Management/Login/android.widget.TextView - Patient Directory' is exist

2023-08-17 09:52:46 - [MESSAGE][PASSED] - Element 'Object Repository/User Management/Login/android.widget.TextView - Patient Directory' is exist]]></system-out>
         <system-err><![CDATA[]]></system-err>
      </testcase>
      <testcase name="Test Cases/Wound Management/Add Wound" time="13.18" classname="Test Cases/Wound Management/Add Wound" status="PASSED">
         <system-out><![CDATA[2023-08-17 09:52:46 - [TEST_CASE][PASSED] - Test Cases/Wound Management/Add Wound: Test Cases/Wound Management/Add Wound

2023-08-17 09:52:47 - [TEST_STEP][PASSED] - setText(findTestObject("Object Repository/Wound Management/Add Wound/android.widget.EditText - Search by Name, MRN"), "78ui", 30): Text '78ui' has been set to element 'Object Repository/Wound Management/Add Wound/android.widget.EditText - Search by Name, MRN'

2023-08-17 09:52:48 - [MESSAGE][PASSED] - Text '78ui' has been set to element 'Object Repository/Wound Management/Add Wound/android.widget.EditText - Search by Name, MRN'

2023-08-17 09:52:48 - [TEST_STEP][PASSED] - tap(findTestObject("Object Repository/Wound Management/Add Wound/android.widget.TextView - Current site"), 30): Tapped on element 'Object Repository/Wound Management/Add Wound/android.widget.TextView - Current site'

2023-08-17 09:52:49 - [MESSAGE][PASSED] - Tapped on element 'Object Repository/Wound Management/Add Wound/android.widget.TextView - Current site'

2023-08-17 09:52:49 - [TEST_STEP][PASSED] - tap(findTestObject("Object Repository/Wound Management/Add Wound/android.widget.TextView - Current site (1)"), 30): Tapped on element 'Object Repository/Wound Management/Add Wound/android.widget.TextView - Current site (1)'

2023-08-17 09:52:50 - [MESSAGE][PASSED] - Tapped on element 'Object Repository/Wound Management/Add Wound/android.widget.TextView - Current site (1)'

2023-08-17 09:52:50 - [TEST_STEP][PASSED] - tap(findTestObject("Object Repository/Wound Management/Add Wound/android.view.ViewGroup"), 30): Tapped on element 'Object Repository/Wound Management/Add Wound/android.view.ViewGroup'

2023-08-17 09:52:51 - [MESSAGE][PASSED] - Tapped on element 'Object Repository/Wound Management/Add Wound/android.view.ViewGroup'

2023-08-17 09:52:51 - [TEST_STEP][PASSED] - tap(findTestObject("Object Repository/Wound Management/Add Wound/android.widget.ImageView - add wound"), 30): Tapped on element 'Object Repository/Wound Management/Add Wound/android.widget.ImageView - add wound'

2023-08-17 09:52:53 - [MESSAGE][PASSED] - Tapped on element 'Object Repository/Wound Management/Add Wound/android.widget.ImageView - add wound'

2023-08-17 09:52:53 - [TEST_STEP][PASSED] - tap(findTestObject("Object Repository/Wound Management/Add Wound/android.widget.TextView - Next"), 30): Tapped on element 'Object Repository/Wound Management/Add Wound/android.widget.TextView - Next'

2023-08-17 09:52:54 - [MESSAGE][PASSED] - Tapped on element 'Object Repository/Wound Management/Add Wound/android.widget.TextView - Next'

2023-08-17 09:52:54 - [TEST_STEP][PASSED] - tap(findTestObject("Object Repository/Wound Management/Add Wound/android.widget.TextView - Save"), 30): Tapped on element 'Object Repository/Wound Management/Add Wound/android.widget.TextView - Save'

2023-08-17 09:52:55 - [MESSAGE][PASSED] - Tapped on element 'Object Repository/Wound Management/Add Wound/android.widget.TextView - Save'

2023-08-17 09:52:55 - [TEST_STEP][PASSED] - verifyElementExist(findTestObject("Object Repository/Wound Management/Add Wound/android.view.ViewGroup (2)"), 30): Element 'Object Repository/Wound Management/Add Wound/android.view.ViewGroup (2)' is exist

2023-08-17 09:52:58 - [MESSAGE][PASSED] - Element 'Object Repository/Wound Management/Add Wound/android.view.ViewGroup (2)' is exist

2023-08-17 09:52:58 - [TEST_STEP][PASSED] - pressBack(): Press back button successfully

2023-08-17 09:52:58 - [MESSAGE][PASSED] - Press back button successfully

2023-08-17 09:52:58 - [TEST_STEP][PASSED] - tap(findTestObject("Object Repository/Wound Management/Lock Wound/android.widget.ImageView - x"), 30): Tapped on element 'Object Repository/Wound Management/Lock Wound/android.widget.ImageView - x'

2023-08-17 09:52:59 - [MESSAGE][PASSED] - Tapped on element 'Object Repository/Wound Management/Lock Wound/android.widget.ImageView - x']]></system-out>
         <system-err><![CDATA[]]></system-err>
      </testcase>
      <testcase name="Test Cases/Wound Management/Edit Wound" time="31.065" classname="Test Cases/Wound Management/Edit Wound" status="FAILED">
         <failure type="FAILED" message="Test Cases/Wound Management/Edit Wound FAILED.
Reason:
com.kms.katalon.core.exception.StepFailedException: Object Object Repository/Wound Management/Edit Wound/android.widget.EditText - Search by Name, MRN not found
	at com.kms.katalon.core.keyword.internal.KeywordMain.stepFailed(KeywordMain.groovy:51)
	at com.kms.katalon.core.mobile.keyword.internal.MobileKeywordMain.stepFailed(MobileKeywordMain.groovy:40)
	at com.kms.katalon.core.mobile.keyword.builtin.SetTextKeyword$_setText_closure1.doCall(SetTextKeyword.groovy:76)
	at com.kms.katalon.core.mobile.keyword.builtin.SetTextKeyword$_setText_closure1.call(SetTextKeyword.groovy)
	at com.kms.katalon.core.mobile.keyword.internal.MobileKeywordMain.runKeyword(MobileKeywordMain.groovy:21)
	at com.kms.katalon.core.mobile.keyword.builtin.SetTextKeyword.setText(SetTextKeyword.groovy:83)
	at com.kms.katalon.core.mobile.keyword.builtin.SetTextKeyword.execute(SetTextKeyword.groovy:66)
	at com.kms.katalon.core.keyword.internal.KeywordExecutor.executeKeywordForPlatform(KeywordExecutor.groovy:74)
	at com.kms.katalon.core.mobile.keyword.MobileBuiltInKeywords.setText(MobileBuiltInKeywords.groovy:1307)
	at com.kms.katalon.core.mobile.keyword.MobileBuiltInKeywords$setText$0.call(Unknown Source)
	at Edit Wound.run(Edit Wound:20)
	at com.kms.katalon.core.main.ScriptEngine.run(ScriptEngine.java:194)
	at com.kms.katalon.core.main.ScriptEngine.runScriptAsRawText(ScriptEngine.java:119)
	at com.kms.katalon.core.main.TestCaseExecutor.runScript(TestCaseExecutor.java:448)
	at com.kms.katalon.core.main.TestCaseExecutor.doExecute(TestCaseExecutor.java:439)
	at com.kms.katalon.core.main.TestCaseExecutor.processExecutionPhase(TestCaseExecutor.java:418)
	at com.kms.katalon.core.main.TestCaseExecutor.accessMainPhase(TestCaseExecutor.java:410)
	at com.kms.katalon.core.main.TestCaseExecutor.execute(TestCaseExecutor.java:285)
	at com.kms.katalon.core.main.TestCaseExecutor.execute(TestCaseExecutor.java:369)
	at com.kms.katalon.core.main.TestCaseExecutor.execute(TestCaseExecutor.java:369)
	at com.kms.katalon.core.main.TestCaseExecutor.execute(TestCaseExecutor.java:369)
	at com.kms.katalon.core.common.CommonExecutor.accessTestCaseMainPhase(CommonExecutor.java:65)
	at com.kms.katalon.core.main.TestSuiteExecutor.accessTestSuiteMainPhase(TestSuiteExecutor.java:148)
	at com.kms.katalon.core.main.TestSuiteExecutor.execute(TestSuiteExecutor.java:106)
	at com.kms.katalon.core.main.TestCaseMain.startTestSuite(TestCaseMain.java:187)
	at com.kms.katalon.core.main.TestCaseMain$startTestSuite$0.call(Unknown Source)
	at TempTestSuite1692265060782.run(TempTestSuite1692265060782.groovy:36)
"/>
         <system-out><![CDATA[2023-08-17 09:54:37 - [TEST_CASE][FAILED] - Test Cases/Wound Management/Edit Wound: Test Cases/Wound Management/Edit Wound FAILED.
Reason:
com.kms.katalon.core.exception.StepFailedException: Object Object Repository/Wound Management/Edit Wound/android.widget.EditText - Search by Name, MRN not found
	at com.kms.katalon.core.keyword.internal.KeywordMain.stepFailed(KeywordMain.groovy:51)
	at com.kms.katalon.core.mobile.keyword.internal.MobileKeywordMain.stepFailed(MobileKeywordMain.groovy:40)
	at com.kms.katalon.core.mobile.keyword.builtin.SetTextKeyword$_setText_closure1.doCall(SetTextKeyword.groovy:76)
	at com.kms.katalon.core.mobile.keyword.builtin.SetTextKeyword$_setText_closure1.call(SetTextKeyword.groovy)
	at com.kms.katalon.core.mobile.keyword.internal.MobileKeywordMain.runKeyword(MobileKeywordMain.groovy:21)
	at com.kms.katalon.core.mobile.keyword.builtin.SetTextKeyword.setText(SetTextKeyword.groovy:83)
	at com.kms.katalon.core.mobile.keyword.builtin.SetTextKeyword.execute(SetTextKeyword.groovy:66)
	at com.kms.katalon.core.keyword.internal.KeywordExecutor.executeKeywordForPlatform(KeywordExecutor.groovy:74)
	at com.kms.katalon.core.mobile.keyword.MobileBuiltInKeywords.setText(MobileBuiltInKeywords.groovy:1307)
	at com.kms.katalon.core.mobile.keyword.MobileBuiltInKeywords$setText$0.call(Unknown Source)
	at Edit Wound.run(Edit Wound:20)
	at com.kms.katalon.core.main.ScriptEngine.run(ScriptEngine.java:194)
	at com.kms.katalon.core.main.ScriptEngine.runScriptAsRawText(ScriptEngine.java:119)
	at com.kms.katalon.core.main.TestCaseExecutor.runScript(TestCaseExecutor.java:448)
	at com.kms.katalon.core.main.TestCaseExecutor.doExecute(TestCaseExecutor.java:439)
	at com.kms.katalon.core.main.TestCaseExecutor.processExecutionPhase(TestCaseExecutor.java:418)
	at com.kms.katalon.core.main.TestCaseExecutor.accessMainPhase(TestCaseExecutor.java:410)
	at com.kms.katalon.core.main.TestCaseExecutor.execute(TestCaseExecutor.java:285)
	at com.kms.katalon.core.main.TestCaseExecutor.execute(TestCaseExecutor.java:369)
	at com.kms.katalon.core.main.TestCaseExecutor.execute(TestCaseExecutor.java:369)
	at com.kms.katalon.core.main.TestCaseExecutor.execute(TestCaseExecutor.java:369)
	at com.kms.katalon.core.common.CommonExecutor.accessTestCaseMainPhase(CommonExecutor.java:65)
	at com.kms.katalon.core.main.TestSuiteExecutor.accessTestSuiteMainPhase(TestSuiteExecutor.java:148)
	at com.kms.katalon.core.main.TestSuiteExecutor.execute(TestSuiteExecutor.java:106)
	at com.kms.katalon.core.main.TestCaseMain.startTestSuite(TestCaseMain.java:187)
	at com.kms.katalon.core.main.TestCaseMain$startTestSuite$0.call(Unknown Source)
	at TempTestSuite1692265060782.run(TempTestSuite1692265060782.groovy:36)


2023-08-17 09:54:37 - [TEST_STEP][FAILED] - setText(findTestObject("Object Repository/Wound Management/Edit Wound/android.widget.EditText - Search by Name, MRN"), "86ui", 30): Failed to set text into element (Root cause: com.kms.katalon.core.exception.StepFailedException: Object Object Repository/Wound Management/Edit Wound/android.widget.EditText - Search by Name, MRN not found
	at com.kms.katalon.core.keyword.internal.KeywordMain.stepFailed(KeywordMain.groovy:51)
	at com.kms.katalon.core.mobile.keyword.internal.MobileKeywordMain.stepFailed(MobileKeywordMain.groovy:40)
	at com.kms.katalon.core.mobile.keyword.builtin.SetTextKeyword$_setText_closure1.doCall(SetTextKeyword.groovy:76)
	at com.kms.katalon.core.mobile.keyword.builtin.SetTextKeyword$_setText_closure1.call(SetTextKeyword.groovy)
	at com.kms.katalon.core.mobile.keyword.internal.MobileKeywordMain.runKeyword(MobileKeywordMain.groovy:21)
	at com.kms.katalon.core.mobile.keyword.builtin.SetTextKeyword.setText(SetTextKeyword.groovy:83)
	at com.kms.katalon.core.mobile.keyword.builtin.SetTextKeyword.execute(SetTextKeyword.groovy:66)
	at com.kms.katalon.core.keyword.internal.KeywordExecutor.executeKeywordForPlatform(KeywordExecutor.groovy:74)
	at com.kms.katalon.core.mobile.keyword.MobileBuiltInKeywords.setText(MobileBuiltInKeywords.groovy:1307)
	at com.kms.katalon.core.mobile.keyword.MobileBuiltInKeywords$setText$0.call(Unknown Source)
	at Edit Wound.run(Edit Wound:20)
	at com.kms.katalon.core.main.ScriptEngine.run(ScriptEngine.java:194)
	at com.kms.katalon.core.main.ScriptEngine.runScriptAsRawText(ScriptEngine.java:119)
	at com.kms.katalon.core.main.TestCaseExecutor.runScript(TestCaseExecutor.java:448)
	at com.kms.katalon.core.main.TestCaseExecutor.doExecute(TestCaseExecutor.java:439)
	at com.kms.katalon.core.main.TestCaseExecutor.processExecutionPhase(TestCaseExecutor.java:418)
	at com.kms.katalon.core.main.TestCaseExecutor.accessMainPhase(TestCaseExecutor.java:410)
	at com.kms.katalon.core.main.TestCaseExecutor.execute(TestCaseExecutor.java:285)
	at com.kms.katalon.core.main.TestCaseExecutor.execute(TestCaseExecutor.java:369)
	at com.kms.katalon.core.main.TestCaseExecutor.execute(TestCaseExecutor.java:369)
	at com.kms.katalon.core.main.TestCaseExecutor.execute(TestCaseExecutor.java:369)
	at com.kms.katalon.core.common.CommonExecutor.accessTestCaseMainPhase(CommonExecutor.java:65)
	at com.kms.katalon.core.main.TestSuiteExecutor.accessTestSuiteMainPhase(TestSuiteExecutor.java:148)
	at com.kms.katalon.core.main.TestSuiteExecutor.execute(TestSuiteExecutor.java:106)
	at com.kms.katalon.core.main.TestCaseMain.startTestSuite(TestCaseMain.java:187)
	at com.kms.katalon.core.main.TestCaseMain$startTestSuite$0.call(Unknown Source)
	at TempTestSuite1692265060782.run(TempTestSuite1692265060782.groovy:36)
)

2023-08-17 09:55:08 - [MESSAGE][FAILED] - Object Object Repository/Wound Management/Edit Wound/android.widget.EditText - Search by Name, MRN not found

2023-08-17 09:55:08 - [MESSAGE][FAILED] - Failed to set text into element (Root cause: com.kms.katalon.core.exception.StepFailedException: Object Object Repository/Wound Management/Edit Wound/android.widget.EditText - Search by Name, MRN not found
	at com.kms.katalon.core.keyword.internal.KeywordMain.stepFailed(KeywordMain.groovy:51)
	at com.kms.katalon.core.mobile.keyword.internal.MobileKeywordMain.stepFailed(MobileKeywordMain.groovy:40)
	at com.kms.katalon.core.mobile.keyword.builtin.SetTextKeyword$_setText_closure1.doCall(SetTextKeyword.groovy:76)
	at com.kms.katalon.core.mobile.keyword.builtin.SetTextKeyword$_setText_closure1.call(SetTextKeyword.groovy)
	at com.kms.katalon.core.mobile.keyword.internal.MobileKeywordMain.runKeyword(MobileKeywordMain.groovy:21)
	at com.kms.katalon.core.mobile.keyword.builtin.SetTextKeyword.setText(SetTextKeyword.groovy:83)
	at com.kms.katalon.core.mobile.keyword.builtin.SetTextKeyword.execute(SetTextKeyword.groovy:66)
	at com.kms.katalon.core.keyword.internal.KeywordExecutor.executeKeywordForPlatform(KeywordExecutor.groovy:74)
	at com.kms.katalon.core.mobile.keyword.MobileBuiltInKeywords.setText(MobileBuiltInKeywords.groovy:1307)
	at com.kms.katalon.core.mobile.keyword.MobileBuiltInKeywords$setText$0.call(Unknown Source)
	at Edit Wound.run(Edit Wound:20)
	at com.kms.katalon.core.main.ScriptEngine.run(ScriptEngine.java:194)
	at com.kms.katalon.core.main.ScriptEngine.runScriptAsRawText(ScriptEngine.java:119)
	at com.kms.katalon.core.main.TestCaseExecutor.runScript(TestCaseExecutor.java:448)
	at com.kms.katalon.core.main.TestCaseExecutor.doExecute(TestCaseExecutor.java:439)
	at com.kms.katalon.core.main.TestCaseExecutor.processExecutionPhase(TestCaseExecutor.java:418)
	at com.kms.katalon.core.main.TestCaseExecutor.accessMainPhase(TestCaseExecutor.java:410)
	at com.kms.katalon.core.main.TestCaseExecutor.execute(TestCaseExecutor.java:285)
	at com.kms.katalon.core.main.TestCaseExecutor.execute(TestCaseExecutor.java:369)
	at com.kms.katalon.core.main.TestCaseExecutor.execute(TestCaseExecutor.java:369)
	at com.kms.katalon.core.main.TestCaseExecutor.execute(TestCaseExecutor.java:369)
	at com.kms.katalon.core.common.CommonExecutor.accessTestCaseMainPhase(CommonExecutor.java:65)
	at com.kms.katalon.core.main.TestSuiteExecutor.accessTestSuiteMainPhase(TestSuiteExecutor.java:148)
	at com.kms.katalon.core.main.TestSuiteExecutor.execute(TestSuiteExecutor.java:106)
	at com.kms.katalon.core.main.TestCaseMain.startTestSuite(TestCaseMain.java:187)
	at com.kms.katalon.core.main.TestCaseMain$startTestSuite$0.call(Unknown Source)
	at TempTestSuite1692265060782.run(TempTestSuite1692265060782.groovy:36)
)
[[ATTACHMENT|C:\\Users\\Amarir\\git\\IS_Katalon_Lite_Version\\Reports\\20230817_093727\\Wound Management\\20230817_093740\\1692266108155.png]]]]></system-out>
         <system-err><![CDATA[2023-08-17 09:54:37 - [TEST_CASE][FAILED] - Test Cases/Wound Management/Edit Wound: Test Cases/Wound Management/Edit Wound FAILED.
Reason:
com.kms.katalon.core.exception.StepFailedException: Object Object Repository/Wound Management/Edit Wound/android.widget.EditText - Search by Name, MRN not found
	at com.kms.katalon.core.keyword.internal.KeywordMain.stepFailed(KeywordMain.groovy:51)
	at com.kms.katalon.core.mobile.keyword.internal.MobileKeywordMain.stepFailed(MobileKeywordMain.groovy:40)
	at com.kms.katalon.core.mobile.keyword.builtin.SetTextKeyword$_setText_closure1.doCall(SetTextKeyword.groovy:76)
	at com.kms.katalon.core.mobile.keyword.builtin.SetTextKeyword$_setText_closure1.call(SetTextKeyword.groovy)
	at com.kms.katalon.core.mobile.keyword.internal.MobileKeywordMain.runKeyword(MobileKeywordMain.groovy:21)
	at com.kms.katalon.core.mobile.keyword.builtin.SetTextKeyword.setText(SetTextKeyword.groovy:83)
	at com.kms.katalon.core.mobile.keyword.builtin.SetTextKeyword.execute(SetTextKeyword.groovy:66)
	at com.kms.katalon.core.keyword.internal.KeywordExecutor.executeKeywordForPlatform(KeywordExecutor.groovy:74)
	at com.kms.katalon.core.mobile.keyword.MobileBuiltInKeywords.setText(MobileBuiltInKeywords.groovy:1307)
	at com.kms.katalon.core.mobile.keyword.MobileBuiltInKeywords$setText$0.call(Unknown Source)
	at Edit Wound.run(Edit Wound:20)
	at com.kms.katalon.core.main.ScriptEngine.run(ScriptEngine.java:194)
	at com.kms.katalon.core.main.ScriptEngine.runScriptAsRawText(ScriptEngine.java:119)
	at com.kms.katalon.core.main.TestCaseExecutor.runScript(TestCaseExecutor.java:448)
	at com.kms.katalon.core.main.TestCaseExecutor.doExecute(TestCaseExecutor.java:439)
	at com.kms.katalon.core.main.TestCaseExecutor.processExecutionPhase(TestCaseExecutor.java:418)
	at com.kms.katalon.core.main.TestCaseExecutor.accessMainPhase(TestCaseExecutor.java:410)
	at com.kms.katalon.core.main.TestCaseExecutor.execute(TestCaseExecutor.java:285)
	at com.kms.katalon.core.main.TestCaseExecutor.execute(TestCaseExecutor.java:369)
	at com.kms.katalon.core.main.TestCaseExecutor.execute(TestCaseExecutor.java:369)
	at com.kms.katalon.core.main.TestCaseExecutor.execute(TestCaseExecutor.java:369)
	at com.kms.katalon.core.common.CommonExecutor.accessTestCaseMainPhase(CommonExecutor.java:65)
	at com.kms.katalon.core.main.TestSuiteExecutor.accessTestSuiteMainPhase(TestSuiteExecutor.java:148)
	at com.kms.katalon.core.main.TestSuiteExecutor.execute(TestSuiteExecutor.java:106)
	at com.kms.katalon.core.main.TestCaseMain.startTestSuite(TestCaseMain.java:187)
	at com.kms.katalon.core.main.TestCaseMain$startTestSuite$0.call(Unknown Source)
	at TempTestSuite1692265060782.run(TempTestSuite1692265060782.groovy:36)]]></system-err>
      </testcase>
      <testcase name="Test Cases/Wound Management/Change wound Statues" time="15.59" classname="Test Cases/Wound Management/Change wound Statues" status="PASSED">
         <system-out><![CDATA[2023-08-17 09:55:56 - [TEST_CASE][PASSED] - Test Cases/Wound Management/Change wound Statues: Test Cases/Wound Management/Change wound Statues

2023-08-17 09:55:56 - [TEST_STEP][PASSED] - setText(findTestObject("Object Repository/Wound Management/Change wound statues/android.widget.EditText - Search by Name, MRN"), "87ui", 30): Text '87ui' has been set to element 'Object Repository/Wound Management/Change wound statues/android.widget.EditText - Search by Name, MRN'

2023-08-17 09:55:59 - [MESSAGE][PASSED] - Text '87ui' has been set to element 'Object Repository/Wound Management/Change wound statues/android.widget.EditText - Search by Name, MRN'

2023-08-17 09:55:59 - [TEST_STEP][PASSED] - tap(findTestObject("Object Repository/Wound Management/Change wound statues/android.widget.TextView - Current site"), 30): Tapped on element 'Object Repository/Wound Management/Change wound statues/android.widget.TextView - Current site'

2023-08-17 09:56:00 - [MESSAGE][PASSED] - Tapped on element 'Object Repository/Wound Management/Change wound statues/android.widget.TextView - Current site'

2023-08-17 09:56:00 - [TEST_STEP][PASSED] - tap(findTestObject("Object Repository/Wound Management/Change wound statues/android.widget.TextView - Current site (1)"), 30): Tapped on element 'Object Repository/Wound Management/Change wound statues/android.widget.TextView - Current site (1)'

2023-08-17 09:56:01 - [MESSAGE][PASSED] - Tapped on element 'Object Repository/Wound Management/Change wound statues/android.widget.TextView - Current site (1)'

2023-08-17 09:56:01 - [TEST_STEP][PASSED] - tap(findTestObject("Object Repository/Wound Management/Change wound statues/android.view.ViewGroup - Patient"), 30): Tapped on element 'Object Repository/Wound Management/Change wound statues/android.view.ViewGroup - Patient'

2023-08-17 09:56:02 - [MESSAGE][PASSED] - Tapped on element 'Object Repository/Wound Management/Change wound statues/android.view.ViewGroup - Patient'

2023-08-17 09:56:02 - [TEST_STEP][PASSED] - verifyElementExist(findTestObject("Object Repository/Wound Management/Change wound statues/android.view.ViewGroup - wound"), 30): Element 'Object Repository/Wound Management/Change wound statues/android.view.ViewGroup - wound' is exist

2023-08-17 09:56:04 - [MESSAGE][PASSED] - Element 'Object Repository/Wound Management/Change wound statues/android.view.ViewGroup - wound' is exist

2023-08-17 09:56:04 - [TEST_STEP][PASSED] - tap(findTestObject("Object Repository/Wound Management/Change wound statues/android.view.ViewGroup - Patient"), 30): Tapped on element 'Object Repository/Wound Management/Change wound statues/android.view.ViewGroup - Patient'

2023-08-17 09:56:05 - [MESSAGE][PASSED] - Tapped on element 'Object Repository/Wound Management/Change wound statues/android.view.ViewGroup - Patient'

2023-08-17 09:56:05 - [TEST_STEP][PASSED] - tap(findTestObject("Object Repository/Wound Management/Change wound statues/android.view.ViewGroup - wound statues"), 30): Tapped on element 'Object Repository/Wound Management/Change wound statues/android.view.ViewGroup - wound statues'

2023-08-17 09:56:07 - [MESSAGE][PASSED] - Tapped on element 'Object Repository/Wound Management/Change wound statues/android.view.ViewGroup - wound statues'

2023-08-17 09:56:07 - [TEST_STEP][PASSED] - verifyElementText(findTestObject("Object Repository/Wound Management/Change wound statues/android.widget.TextView - Healed"), "Healed"): Actual text and expected text of test object 'Object Repository/Wound Management/Change wound statues/android.widget.TextView - Healed' are matched.

2023-08-17 09:56:08 - [MESSAGE][PASSED] - Actual text and expected text of test object 'Object Repository/Wound Management/Change wound statues/android.widget.TextView - Healed' are matched.

2023-08-17 09:56:08 - [TEST_STEP][PASSED] - tap(findTestObject("Wound Management/Change wound statues/android.widget.TextView - Healed"), 30): Tapped on element 'Object Repository/Wound Management/Change wound statues/android.widget.TextView - Healed'

2023-08-17 09:56:09 - [MESSAGE][PASSED] - Tapped on element 'Object Repository/Wound Management/Change wound statues/android.widget.TextView - Healed'

2023-08-17 09:56:09 - [TEST_STEP][PASSED] - verifyElementText(findTestObject("Object Repository/Wound Management/Change wound statues/android.widget.TextView - Healed (1)"), "Healed"): Actual text and expected text of test object 'Object Repository/Wound Management/Change wound statues/android.widget.TextView - Healed (1)' are matched.

2023-08-17 09:56:10 - [MESSAGE][PASSED] - Actual text and expected text of test object 'Object Repository/Wound Management/Change wound statues/android.widget.TextView - Healed (1)' are matched.

2023-08-17 09:56:10 - [TEST_STEP][PASSED] - pressBack(): Press back button successfully

2023-08-17 09:56:10 - [MESSAGE][PASSED] - Press back button successfully

2023-08-17 09:56:10 - [TEST_STEP][PASSED] - pressBack(): Press back button successfully

2023-08-17 09:56:11 - [MESSAGE][PASSED] - Press back button successfully

2023-08-17 09:56:11 - [TEST_STEP][PASSED] - tap(findTestObject("Object Repository/Wound Management/Change wound statues/android.widget.ImageView"), 30): Tapped on element 'Object Repository/Wound Management/Change wound statues/android.widget.ImageView'

2023-08-17 09:56:12 - [MESSAGE][PASSED] - Tapped on element 'Object Repository/Wound Management/Change wound statues/android.widget.ImageView']]></system-out>
         <system-err><![CDATA[]]></system-err>
      </testcase>
      <testcase name="Test Cases/Wound Management/Lock Wound" time="19.461" classname="Test Cases/Wound Management/Lock Wound" status="PASSED">
         <system-out><![CDATA[2023-08-17 09:56:12 - [TEST_CASE][PASSED] - Test Cases/Wound Management/Lock Wound: Test Cases/Wound Management/Lock Wound

2023-08-17 09:56:13 - [TEST_STEP][PASSED] - setText(findTestObject("Object Repository/Wound Management/Lock Wound/android.widget.EditText - Search by Name, MRN"), "89ui", 30): Text '89ui' has been set to element 'Object Repository/Wound Management/Lock Wound/android.widget.EditText - Search by Name, MRN'

2023-08-17 09:56:14 - [MESSAGE][PASSED] - Text '89ui' has been set to element 'Object Repository/Wound Management/Lock Wound/android.widget.EditText - Search by Name, MRN'

2023-08-17 09:56:14 - [TEST_STEP][PASSED] - tap(findTestObject("Object Repository/Wound Management/Lock Wound/android.widget.TextView - Current site"), 30): Tapped on element 'Object Repository/Wound Management/Lock Wound/android.widget.TextView - Current site'

2023-08-17 09:56:15 - [MESSAGE][PASSED] - Tapped on element 'Object Repository/Wound Management/Lock Wound/android.widget.TextView - Current site'

2023-08-17 09:56:15 - [TEST_STEP][PASSED] - tap(findTestObject("Object Repository/Wound Management/Lock Wound/android.widget.TextView - Current site (1)"), 30): Tapped on element 'Object Repository/Wound Management/Lock Wound/android.widget.TextView - Current site (1)'

2023-08-17 09:56:16 - [MESSAGE][PASSED] - Tapped on element 'Object Repository/Wound Management/Lock Wound/android.widget.TextView - Current site (1)'

2023-08-17 09:56:16 - [TEST_STEP][PASSED] - verifyElementExist(findTestObject("Object Repository/Wound Management/Lock Wound/android.view.ViewGroup - Patient"), 30): Element 'Object Repository/Wound Management/Lock Wound/android.view.ViewGroup - Patient' is exist

2023-08-17 09:56:17 - [MESSAGE][PASSED] - Element 'Object Repository/Wound Management/Lock Wound/android.view.ViewGroup - Patient' is exist

2023-08-17 09:56:17 - [TEST_STEP][PASSED] - tap(findTestObject("Object Repository/Wound Management/Lock Wound/android.view.ViewGroup - Patient"), 30): Tapped on element 'Object Repository/Wound Management/Lock Wound/android.view.ViewGroup - Patient'

2023-08-17 09:56:18 - [MESSAGE][PASSED] - Tapped on element 'Object Repository/Wound Management/Lock Wound/android.view.ViewGroup - Patient'

2023-08-17 09:56:18 - [TEST_STEP][PASSED] - verifyElementExist(findTestObject("Object Repository/Wound Management/Lock Wound/android.view.ViewGroup - wound"), 30): Element 'Object Repository/Wound Management/Lock Wound/android.view.ViewGroup - wound' is exist

2023-08-17 09:56:19 - [MESSAGE][PASSED] - Element 'Object Repository/Wound Management/Lock Wound/android.view.ViewGroup - wound' is exist

2023-08-17 09:56:19 - [TEST_STEP][PASSED] - tap(findTestObject("Object Repository/Wound Management/Lock Wound/android.view.ViewGroup - wound"), 30): Tapped on element 'Object Repository/Wound Management/Lock Wound/android.view.ViewGroup - wound'

2023-08-17 09:56:20 - [MESSAGE][PASSED] - Tapped on element 'Object Repository/Wound Management/Lock Wound/android.view.ViewGroup - wound'

2023-08-17 09:56:20 - [TEST_STEP][PASSED] - tap(findTestObject("Object Repository/Wound Management/Lock Wound/android.widget.ImageView - menu"), 30): Tapped on element 'Object Repository/Wound Management/Lock Wound/android.widget.ImageView - menu'

2023-08-17 09:56:22 - [MESSAGE][PASSED] - Tapped on element 'Object Repository/Wound Management/Lock Wound/android.widget.ImageView - menu'

2023-08-17 09:56:22 - [TEST_STEP][PASSED] - tap(findTestObject("Object Repository/Wound Management/Lock Wound/android.widget.TextView - Lock wound"), 30): Tapped on element 'Object Repository/Wound Management/Lock Wound/android.widget.TextView - Lock wound'

2023-08-17 09:56:24 - [MESSAGE][PASSED] - Tapped on element 'Object Repository/Wound Management/Lock Wound/android.widget.TextView - Lock wound'

2023-08-17 09:56:24 - [TEST_STEP][PASSED] - pressBack(): Press back button successfully

2023-08-17 09:56:25 - [MESSAGE][PASSED] - Press back button successfully

2023-08-17 09:56:25 - [TEST_STEP][PASSED] - delay(5): Delayed 5 second(s)

2023-08-17 09:56:30 - [MESSAGE][PASSED] - Delayed 5 second(s)

2023-08-17 09:56:30 - [TEST_STEP][PASSED] - pressBack(): Press back button successfully

2023-08-17 09:56:31 - [MESSAGE][PASSED] - Press back button successfully

2023-08-17 09:56:31 - [TEST_STEP][PASSED] - tap(findTestObject("Object Repository/Wound Management/Lock Wound/android.widget.ImageView - x"), 30): Tapped on element 'Object Repository/Wound Management/Lock Wound/android.widget.ImageView - x'

2023-08-17 09:56:31 - [MESSAGE][PASSED] - Tapped on element 'Object Repository/Wound Management/Lock Wound/android.widget.ImageView - x']]></system-out>
         <system-err><![CDATA[]]></system-err>
      </testcase>
      <testcase name="Test Cases/Wound Management/Unlock Wound" time="16.124" classname="Test Cases/Wound Management/Unlock Wound" status="PASSED">
         <system-out><![CDATA[2023-08-17 09:56:31 - [TEST_CASE][PASSED] - Test Cases/Wound Management/Unlock Wound: Test Cases/Wound Management/Unlock Wound

2023-08-17 09:56:32 - [TEST_STEP][PASSED] - setText(findTestObject("Object Repository/Wound Management/Unlock wound/android.widget.EditText - Search by Name, MRN"), "90ui", 30): Text '90ui' has been set to element 'Object Repository/Wound Management/Unlock wound/android.widget.EditText - Search by Name, MRN'

2023-08-17 09:56:34 - [MESSAGE][PASSED] - Text '90ui' has been set to element 'Object Repository/Wound Management/Unlock wound/android.widget.EditText - Search by Name, MRN'

2023-08-17 09:56:34 - [TEST_STEP][PASSED] - tap(findTestObject("Object Repository/Wound Management/Unlock wound/android.widget.TextView - Current site"), 30): Tapped on element 'Object Repository/Wound Management/Unlock wound/android.widget.TextView - Current site'

2023-08-17 09:56:35 - [MESSAGE][PASSED] - Tapped on element 'Object Repository/Wound Management/Unlock wound/android.widget.TextView - Current site'

2023-08-17 09:56:35 - [TEST_STEP][PASSED] - tap(findTestObject("Object Repository/Wound Management/Unlock wound/android.widget.TextView - Current site (1)"), 30): Tapped on element 'Object Repository/Wound Management/Unlock wound/android.widget.TextView - Current site (1)'

2023-08-17 09:56:37 - [MESSAGE][PASSED] - Tapped on element 'Object Repository/Wound Management/Unlock wound/android.widget.TextView - Current site (1)'

2023-08-17 09:56:37 - [TEST_STEP][PASSED] - verifyElementExist(findTestObject("Object Repository/Wound Management/Unlock wound/android.view.ViewGroup - Patient"), 30): Element 'Object Repository/Wound Management/Unlock wound/android.view.ViewGroup - Patient' is exist

2023-08-17 09:56:37 - [MESSAGE][PASSED] - Element 'Object Repository/Wound Management/Unlock wound/android.view.ViewGroup - Patient' is exist

2023-08-17 09:56:37 - [TEST_STEP][PASSED] - tap(findTestObject("Object Repository/Wound Management/Unlock wound/android.view.ViewGroup - Patient"), 30): Tapped on element 'Object Repository/Wound Management/Unlock wound/android.view.ViewGroup - Patient'

2023-08-17 09:56:37 - [MESSAGE][PASSED] - Tapped on element 'Object Repository/Wound Management/Unlock wound/android.view.ViewGroup - Patient'

2023-08-17 09:56:37 - [TEST_STEP][PASSED] - verifyElementExist(findTestObject("Object Repository/Wound Management/Unlock wound/android.view.ViewGroup - wound"), 30): Element 'Object Repository/Wound Management/Unlock wound/android.view.ViewGroup - wound' is exist

2023-08-17 09:56:39 - [MESSAGE][PASSED] - Element 'Object Repository/Wound Management/Unlock wound/android.view.ViewGroup - wound' is exist

2023-08-17 09:56:39 - [TEST_STEP][PASSED] - tap(findTestObject("Object Repository/Wound Management/Unlock wound/android.view.ViewGroup - wound"), 30): Tapped on element 'Object Repository/Wound Management/Unlock wound/android.view.ViewGroup - wound'

2023-08-17 09:56:40 - [MESSAGE][PASSED] - Tapped on element 'Object Repository/Wound Management/Unlock wound/android.view.ViewGroup - wound'

2023-08-17 09:56:40 - [TEST_STEP][PASSED] - tap(findTestObject("Object Repository/Wound Management/Unlock wound/android.widget.ImageView - menu"), 30): Tapped on element 'Object Repository/Wound Management/Unlock wound/android.widget.ImageView - menu'

2023-08-17 09:56:42 - [MESSAGE][PASSED] - Tapped on element 'Object Repository/Wound Management/Unlock wound/android.widget.ImageView - menu'

2023-08-17 09:56:42 - [TEST_STEP][PASSED] - verifyElementText(findTestObject("Object Repository/Wound Management/Unlock wound/android.widget.TextView - Unlock wound"), "Unlock wound"): Actual text and expected text of test object 'Object Repository/Wound Management/Unlock wound/android.widget.TextView - Unlock wound' are matched.

2023-08-17 09:56:43 - [MESSAGE][PASSED] - Actual text and expected text of test object 'Object Repository/Wound Management/Unlock wound/android.widget.TextView - Unlock wound' are matched.

2023-08-17 09:56:43 - [TEST_STEP][PASSED] - tap(findTestObject("Wound Management/Unlock wound/android.widget.TextView - Unlock wound"), 30): Tapped on element 'Object Repository/Wound Management/Unlock wound/android.widget.TextView - Unlock wound'

2023-08-17 09:56:44 - [MESSAGE][PASSED] - Tapped on element 'Object Repository/Wound Management/Unlock wound/android.widget.TextView - Unlock wound'

2023-08-17 09:56:44 - [TEST_STEP][PASSED] - pressBack(): Press back button successfully

2023-08-17 09:56:46 - [MESSAGE][PASSED] - Press back button successfully

2023-08-17 09:56:46 - [TEST_STEP][PASSED] - verifyElementExist(findTestObject("Object Repository/Wound Management/Unlock wound/android.view.ViewGroup - wound"), 30): Element 'Object Repository/Wound Management/Unlock wound/android.view.ViewGroup - wound' is exist

2023-08-17 09:56:46 - [MESSAGE][PASSED] - Element 'Object Repository/Wound Management/Unlock wound/android.view.ViewGroup - wound' is exist

2023-08-17 09:56:46 - [TEST_STEP][PASSED] - pressBack(): Press back button successfully

2023-08-17 09:56:47 - [MESSAGE][PASSED] - Press back button successfully

2023-08-17 09:56:47 - [TEST_STEP][PASSED] - tap(findTestObject("Object Repository/Wound Management/Unlock wound/android.widget.ImageView - x"), 30): Tapped on element 'Object Repository/Wound Management/Unlock wound/android.widget.ImageView - x'

2023-08-17 09:56:47 - [MESSAGE][PASSED] - Tapped on element 'Object Repository/Wound Management/Unlock wound/android.widget.ImageView - x']]></system-out>
         <system-err><![CDATA[]]></system-err>
      </testcase>
      <testcase name="Test Cases/Wound Management/Wound List" time="46.999" classname="Test Cases/Wound Management/Wound List" status="PASSED">
         <system-out><![CDATA[2023-08-17 09:56:47 - [TEST_CASE][PASSED] - Test Cases/Wound Management/Wound List: Test Cases/Wound Management/Wound List

2023-08-17 09:56:49 - [TEST_STEP][PASSED] - setText(findTestObject("Object Repository/Wound Management/Wound List/android.widget.EditText - Search by Name, MRN"), "92ui", 30): Text '92ui' has been set to element 'Object Repository/Wound Management/Wound List/android.widget.EditText - Search by Name, MRN'

2023-08-17 09:56:51 - [MESSAGE][PASSED] - Text '92ui' has been set to element 'Object Repository/Wound Management/Wound List/android.widget.EditText - Search by Name, MRN'

2023-08-17 09:56:51 - [TEST_STEP][PASSED] - tap(findTestObject("Object Repository/Wound Management/Wound List/android.widget.TextView - Current site"), 30): Tapped on element 'Object Repository/Wound Management/Wound List/android.widget.TextView - Current site'

2023-08-17 09:56:52 - [MESSAGE][PASSED] - Tapped on element 'Object Repository/Wound Management/Wound List/android.widget.TextView - Current site'

2023-08-17 09:56:52 - [TEST_STEP][PASSED] - tap(findTestObject("Object Repository/Wound Management/Wound List/android.widget.TextView - Current site (1)"), 30): Tapped on element 'Object Repository/Wound Management/Wound List/android.widget.TextView - Current site (1)'

2023-08-17 09:56:53 - [MESSAGE][PASSED] - Tapped on element 'Object Repository/Wound Management/Wound List/android.widget.TextView - Current site (1)'

2023-08-17 09:56:53 - [TEST_STEP][PASSED] - tap(findTestObject("Object Repository/Wound Management/Wound List/android.view.ViewGroup - patient"), 30): Tapped on element 'Object Repository/Wound Management/Wound List/android.view.ViewGroup - patient'

2023-08-17 09:56:54 - [MESSAGE][PASSED] - Tapped on element 'Object Repository/Wound Management/Wound List/android.view.ViewGroup - patient'

2023-08-17 09:56:54 - [TEST_STEP][PASSED] - verifyElementText(findTestObject("Object Repository/Wound Management/Wound List/android.widget.TextView - 92ui"), "92ui"): Actual text and expected text of test object 'Object Repository/Wound Management/Wound List/android.widget.TextView - 92ui' are matched.

2023-08-17 09:56:56 - [MESSAGE][PASSED] - Actual text and expected text of test object 'Object Repository/Wound Management/Wound List/android.widget.TextView - 92ui' are matched.

2023-08-17 09:56:56 - [TEST_STEP][PASSED] - verifyElementText(findTestObject("Object Repository/Wound Management/Wound List/android.widget.TextView - Male"), "Male"): Actual text and expected text of test object 'Object Repository/Wound Management/Wound List/android.widget.TextView - Male' are matched.

2023-08-17 09:56:56 - [MESSAGE][PASSED] - Actual text and expected text of test object 'Object Repository/Wound Management/Wound List/android.widget.TextView - Male' are matched.

2023-08-17 09:56:56 - [TEST_STEP][PASSED] - verifyElementText(findTestObject("Object Repository/Wound Management/Wound List/android.widget.TextView - 09091990"), "09/09/1990"): Actual text and expected text of test object 'Object Repository/Wound Management/Wound List/android.widget.TextView - 09091990' are matched.

2023-08-17 09:56:57 - [MESSAGE][PASSED] - Actual text and expected text of test object 'Object Repository/Wound Management/Wound List/android.widget.TextView - 09091990' are matched.

2023-08-17 09:56:57 - [TEST_STEP][PASSED] - verifyElementText(findTestObject("Object Repository/Wound Management/Wound List/android.widget.TextView - 32"), "32"): Actual text and expected text of test object 'Object Repository/Wound Management/Wound List/android.widget.TextView - 32' are matched.

2023-08-17 09:56:57 - [MESSAGE][PASSED] - Actual text and expected text of test object 'Object Repository/Wound Management/Wound List/android.widget.TextView - 32' are matched.

2023-08-17 09:56:57 - [TEST_STEP][PASSED] - verifyElementText(findTestObject("Object Repository/Wound Management/Wound List/android.widget.TextView - Active"), "Active"): Actual text and expected text of test object 'Object Repository/Wound Management/Wound List/android.widget.TextView - Active' are matched.

2023-08-17 09:56:57 - [MESSAGE][PASSED] - Actual text and expected text of test object 'Object Repository/Wound Management/Wound List/android.widget.TextView - Active' are matched.

2023-08-17 09:56:57 - [TEST_STEP][PASSED] - verifyElementText(findTestObject("Object Repository/Wound Management/Wound List/android.widget.TextView - No"), "No"): Actual text and expected text of test object 'Object Repository/Wound Management/Wound List/android.widget.TextView - No' are matched.

2023-08-17 09:56:58 - [MESSAGE][PASSED] - Actual text and expected text of test object 'Object Repository/Wound Management/Wound List/android.widget.TextView - No' are matched.

2023-08-17 09:56:58 - [TEST_STEP][PASSED] - verifyElementText(findTestObject("Object Repository/Wound Management/Wound List/android.widget.TextView - Wound, List"), "Wound, List"): Actual text and expected text of test object 'Object Repository/Wound Management/Wound List/android.widget.TextView - Wound, List' are matched.

2023-08-17 09:56:59 - [MESSAGE][PASSED] - Actual text and expected text of test object 'Object Repository/Wound Management/Wound List/android.widget.TextView - Wound, List' are matched.

2023-08-17 09:56:59 - [TEST_STEP][PASSED] - verifyElementExist(findTestObject("Object Repository/Wound Management/Wound List/android.view.ViewGroup - wound2"), 30): Element 'Object Repository/Wound Management/Wound List/android.view.ViewGroup - wound2' is exist

2023-08-17 09:56:59 - [MESSAGE][PASSED] - Element 'Object Repository/Wound Management/Wound List/android.view.ViewGroup - wound2' is exist

2023-08-17 09:56:59 - [TEST_STEP][PASSED] - verifyElementText(findTestObject("Object Repository/Wound Management/Wound List/android.widget.TextView - Wound 2 Pressure Injury"), "Wound 2: Pressure Injury"): Actual text and expected text of test object 'Object Repository/Wound Management/Wound List/android.widget.TextView - Wound 2 Pressure Injury' are matched.

2023-08-17 09:56:59 - [MESSAGE][PASSED] - Actual text and expected text of test object 'Object Repository/Wound Management/Wound List/android.widget.TextView - Wound 2 Pressure Injury' are matched.

2023-08-17 09:56:59 - [TEST_STEP][PASSED] - verifyElementText(findTestObject("Object Repository/Wound Management/Wound List/android.widget.TextView - General"), "General"): Actual text and expected text of test object 'Object Repository/Wound Management/Wound List/android.widget.TextView - General' are matched.

2023-08-17 09:57:00 - [MESSAGE][PASSED] - Actual text and expected text of test object 'Object Repository/Wound Management/Wound List/android.widget.TextView - General' are matched.

2023-08-17 09:57:00 - [TEST_STEP][PASSED] - verifyElementExist(findTestObject("Object Repository/Wound Management/Wound List/android.view.ViewGroup - wound1"), 30): Element 'Object Repository/Wound Management/Wound List/android.view.ViewGroup - wound1' is exist

2023-08-17 09:57:00 - [MESSAGE][PASSED] - Element 'Object Repository/Wound Management/Wound List/android.view.ViewGroup - wound1' is exist

2023-08-17 09:57:00 - [TEST_STEP][PASSED] - verifyElementText(findTestObject("Object Repository/Wound Management/Wound List/android.widget.TextView - Wound 1 Trauma"), "Wound 1: Trauma"): Actual text and expected text of test object 'Object Repository/Wound Management/Wound List/android.widget.TextView - Wound 1 Trauma' are matched.

2023-08-17 09:57:00 - [MESSAGE][PASSED] - Actual text and expected text of test object 'Object Repository/Wound Management/Wound List/android.widget.TextView - Wound 1 Trauma' are matched.

2023-08-17 09:57:00 - [TEST_STEP][PASSED] - verifyElementText(findTestObject("Object Repository/Wound Management/Wound List/android.widget.TextView - HeadNeck, Front"), "Head/Neck, Front"): Actual text and expected text of test object 'Object Repository/Wound Management/Wound List/android.widget.TextView - HeadNeck, Front' are matched.

2023-08-17 09:57:01 - [MESSAGE][PASSED] - Actual text and expected text of test object 'Object Repository/Wound Management/Wound List/android.widget.TextView - HeadNeck, Front' are matched.

2023-08-17 09:57:01 - [TEST_STEP][PASSED] - verifyElementText(findTestObject("Object Repository/Wound Management/Wound List/android.widget.TextView - Test description"), "Test description"): Actual text and expected text of test object 'Object Repository/Wound Management/Wound List/android.widget.TextView - Test description' are matched.

2023-08-17 09:57:01 - [MESSAGE][PASSED] - Actual text and expected text of test object 'Object Repository/Wound Management/Wound List/android.widget.TextView - Test description' are matched.

2023-08-17 09:57:01 - [TEST_STEP][PASSED] - verifyElementExist(findTestObject("Object Repository/Wound Management/Wound List/android.view.ViewGroup - wound3 (1)"), 30): Element 'Object Repository/Wound Management/Wound List/android.view.ViewGroup - wound3 (1)' is exist

2023-08-17 09:57:01 - [MESSAGE][PASSED] - Element 'Object Repository/Wound Management/Wound List/android.view.ViewGroup - wound3 (1)' is exist

2023-08-17 09:57:01 - [TEST_STEP][PASSED] - verifyElementText(findTestObject("Object Repository/Wound Management/Wound List/android.widget.TextView - Wound 3 Pressure Injury (1)"), "Wound 3: Pressure Injury"): Actual text and expected text of test object 'Object Repository/Wound Management/Wound List/android.widget.TextView - Wound 3 Pressure Injury (1)' are matched.

2023-08-17 09:57:32 - [MESSAGE][PASSED] - Actual text and expected text of test object 'Object Repository/Wound Management/Wound List/android.widget.TextView - Wound 3 Pressure Injury (1)' are matched.

2023-08-17 09:57:32 - [TEST_STEP][PASSED] - tap(findTestObject("Object Repository/Wound Management/Wound List/android.widget.ImageView - menu"), 30): Tapped on element 'Object Repository/Wound Management/Wound List/android.widget.ImageView - menu'

2023-08-17 09:57:32 - [MESSAGE][PASSED] - Tapped on element 'Object Repository/Wound Management/Wound List/android.widget.ImageView - menu'

2023-08-17 09:57:32 - [TEST_STEP][PASSED] - verifyElementText(findTestObject("Object Repository/Wound Management/Wound List/android.widget.TextView - Generate Report"), "Generate Report"): Actual text and expected text of test object 'Object Repository/Wound Management/Wound List/android.widget.TextView - Generate Report' are matched.

2023-08-17 09:57:33 - [MESSAGE][PASSED] - Actual text and expected text of test object 'Object Repository/Wound Management/Wound List/android.widget.TextView - Generate Report' are matched.

2023-08-17 09:57:33 - [TEST_STEP][PASSED] - verifyElementText(findTestObject("Object Repository/Wound Management/Wound List/android.widget.TextView - Edit patient"), "Edit patient"): Actual text and expected text of test object 'Object Repository/Wound Management/Wound List/android.widget.TextView - Edit patient' are matched.

2023-08-17 09:57:33 - [MESSAGE][PASSED] - Actual text and expected text of test object 'Object Repository/Wound Management/Wound List/android.widget.TextView - Edit patient' are matched.

2023-08-17 09:57:33 - [TEST_STEP][PASSED] - verifyElementText(findTestObject("Object Repository/Wound Management/Wound List/android.widget.TextView - Freeze patient"), "Freeze patient"): Actual text and expected text of test object 'Object Repository/Wound Management/Wound List/android.widget.TextView - Freeze patient' are matched.

2023-08-17 09:57:34 - [MESSAGE][PASSED] - Actual text and expected text of test object 'Object Repository/Wound Management/Wound List/android.widget.TextView - Freeze patient' are matched.

2023-08-17 09:57:34 - [TEST_STEP][PASSED] - verifyElementText(findTestObject("Object Repository/Wound Management/Wound List/android.widget.TextView - Delete patient"), "Delete patient"): Actual text and expected text of test object 'Object Repository/Wound Management/Wound List/android.widget.TextView - Delete patient' are matched.

2023-08-17 09:57:34 - [MESSAGE][PASSED] - Actual text and expected text of test object 'Object Repository/Wound Management/Wound List/android.widget.TextView - Delete patient' are matched.

2023-08-17 09:57:34 - [TEST_STEP][PASSED] - verifyElementText(findTestObject("Object Repository/Wound Management/Wound List/android.widget.TextView - Cancel"), "Cancel"): Actual text and expected text of test object 'Object Repository/Wound Management/Wound List/android.widget.TextView - Cancel' are matched.

2023-08-17 09:57:34 - [MESSAGE][PASSED] - Actual text and expected text of test object 'Object Repository/Wound Management/Wound List/android.widget.TextView - Cancel' are matched.

2023-08-17 09:57:34 - [TEST_STEP][PASSED] - tap(findTestObject("Wound Management/Wound List/android.widget.TextView - Cancel"), 30): Tapped on element 'Object Repository/Wound Management/Wound List/android.widget.TextView - Cancel'

2023-08-17 09:57:34 - [MESSAGE][PASSED] - Tapped on element 'Object Repository/Wound Management/Wound List/android.widget.TextView - Cancel']]></system-out>
         <system-err><![CDATA[]]></system-err>
      </testcase>
      <testcase name="Test Cases/Wound Management/Wound Summary" time="16.064" classname="Test Cases/Wound Management/Wound Summary" status="PASSED">
         <system-out><![CDATA[2023-08-17 09:57:34 - [TEST_CASE][PASSED] - Test Cases/Wound Management/Wound Summary: Test Cases/Wound Management/Wound Summary

2023-08-17 09:57:35 - [TEST_STEP][PASSED] - tap(findTestObject("Object Repository/Wound Management/Wound Summary/android.view.ViewGroup - wound1"), 30): Tapped on element 'Object Repository/Wound Management/Wound Summary/android.view.ViewGroup - wound1'

2023-08-17 09:57:36 - [MESSAGE][PASSED] - Tapped on element 'Object Repository/Wound Management/Wound Summary/android.view.ViewGroup - wound1'

2023-08-17 09:57:36 - [TEST_STEP][PASSED] - verifyElementText(findTestObject("Object Repository/Wound Management/Wound Summary/android.widget.TextView - Wound, List"), "Wound, List"): Actual text and expected text of test object 'Object Repository/Wound Management/Wound Summary/android.widget.TextView - Wound, List' are matched.

2023-08-17 09:57:38 - [MESSAGE][PASSED] - Actual text and expected text of test object 'Object Repository/Wound Management/Wound Summary/android.widget.TextView - Wound, List' are matched.

2023-08-17 09:57:38 - [TEST_STEP][PASSED] - verifyElementText(findTestObject("Object Repository/Wound Management/Wound Summary/android.widget.TextView - Wound 1 Trauma"), "Wound 1: Trauma"): Actual text and expected text of test object 'Object Repository/Wound Management/Wound Summary/android.widget.TextView - Wound 1 Trauma' are matched.

2023-08-17 09:57:39 - [MESSAGE][PASSED] - Actual text and expected text of test object 'Object Repository/Wound Management/Wound Summary/android.widget.TextView - Wound 1 Trauma' are matched.

2023-08-17 09:57:39 - [TEST_STEP][PASSED] - verifyElementText(findTestObject("Object Repository/Wound Management/Wound Summary/android.widget.TextView - Active"), "Active"): Actual text and expected text of test object 'Object Repository/Wound Management/Wound Summary/android.widget.TextView - Active' are matched.

2023-08-17 09:57:39 - [MESSAGE][PASSED] - Actual text and expected text of test object 'Object Repository/Wound Management/Wound Summary/android.widget.TextView - Active' are matched.

2023-08-17 09:57:39 - [TEST_STEP][PASSED] - verifyElementText(findTestObject("Object Repository/Wound Management/Wound Summary/android.widget.TextView - 14082023"), "14/08/2023"): Actual text and expected text of test object 'Object Repository/Wound Management/Wound Summary/android.widget.TextView - 14082023' are matched.

2023-08-17 09:57:40 - [MESSAGE][PASSED] - Actual text and expected text of test object 'Object Repository/Wound Management/Wound Summary/android.widget.TextView - 14082023' are matched.

2023-08-17 09:57:40 - [TEST_STEP][PASSED] - verifyElementText(findTestObject("Object Repository/Wound Management/Wound Summary/android.widget.TextView - HeadNeck, Front"), "Head/Neck, Front"): Actual text and expected text of test object 'Object Repository/Wound Management/Wound Summary/android.widget.TextView - HeadNeck, Front' are matched.

2023-08-17 09:57:40 - [MESSAGE][PASSED] - Actual text and expected text of test object 'Object Repository/Wound Management/Wound Summary/android.widget.TextView - HeadNeck, Front' are matched.

2023-08-17 09:57:40 - [TEST_STEP][PASSED] - verifyElementText(findTestObject("Object Repository/Wound Management/Wound Summary/android.widget.TextView - Test description"), "Test description"): Actual text and expected text of test object 'Object Repository/Wound Management/Wound Summary/android.widget.TextView - Test description' are matched.

2023-08-17 09:57:41 - [MESSAGE][PASSED] - Actual text and expected text of test object 'Object Repository/Wound Management/Wound Summary/android.widget.TextView - Test description' are matched.

2023-08-17 09:57:41 - [TEST_STEP][PASSED] - verifyElementText(findTestObject("Object Repository/Wound Management/Wound Summary/android.widget.TextView - 3D"), "3D"): Actual text and expected text of test object 'Object Repository/Wound Management/Wound Summary/android.widget.TextView - 3D' are matched.

2023-08-17 09:57:42 - [MESSAGE][PASSED] - Actual text and expected text of test object 'Object Repository/Wound Management/Wound Summary/android.widget.TextView - 3D' are matched.

2023-08-17 09:57:42 - [TEST_STEP][PASSED] - verifyElementExist(findTestObject("Object Repository/Wound Management/Wound Summary/android.view.ViewGroup"), 30): Element 'Object Repository/Wound Management/Wound Summary/android.view.ViewGroup' is exist

2023-08-17 09:57:43 - [MESSAGE][PASSED] - Element 'Object Repository/Wound Management/Wound Summary/android.view.ViewGroup' is exist

2023-08-17 09:57:43 - [TEST_STEP][PASSED] - verifyElementExist(findTestObject("Wound Management/Wound Summary/android.widget.ImageView"), 30): Element 'Object Repository/Wound Management/Wound Summary/android.widget.ImageView' is exist

2023-08-17 09:57:44 - [MESSAGE][PASSED] - Element 'Object Repository/Wound Management/Wound Summary/android.widget.ImageView' is exist

2023-08-17 09:57:44 - [TEST_STEP][PASSED] - verifyElementText(findTestObject("Object Repository/Wound Management/Wound Summary/android.widget.TextView - 3D (1)"), "3D"): Actual text and expected text of test object 'Object Repository/Wound Management/Wound Summary/android.widget.TextView - 3D (1)' are matched.

2023-08-17 09:57:45 - [MESSAGE][PASSED] - Actual text and expected text of test object 'Object Repository/Wound Management/Wound Summary/android.widget.TextView - 3D (1)' are matched.

2023-08-17 09:57:45 - [TEST_STEP][PASSED] - verifyElementText(findTestObject("Object Repository/Wound Management/Wound Summary/android.widget.TextView - WOUND SIZE"), "WOUND SIZE"): Actual text and expected text of test object 'Object Repository/Wound Management/Wound Summary/android.widget.TextView - WOUND SIZE' are matched.

2023-08-17 09:57:46 - [MESSAGE][PASSED] - Actual text and expected text of test object 'Object Repository/Wound Management/Wound Summary/android.widget.TextView - WOUND SIZE' are matched.

2023-08-17 09:57:46 - [TEST_STEP][PASSED] - verifyElementText(findTestObject("Object Repository/Wound Management/Wound Summary/android.widget.TextView - COLOR COMPOSITION"), "COLOR COMPOSITION"): Actual text and expected text of test object 'Object Repository/Wound Management/Wound Summary/android.widget.TextView - COLOR COMPOSITION' are matched.

2023-08-17 09:57:46 - [MESSAGE][PASSED] - Actual text and expected text of test object 'Object Repository/Wound Management/Wound Summary/android.widget.TextView - COLOR COMPOSITION' are matched.

2023-08-17 09:57:46 - [TEST_STEP][PASSED] - verifyElementExist(findTestObject("Hard to find elements/android.view.ViewGroup - Assessment"), 30): Element 'Object Repository/Hard to find elements/android.view.ViewGroup - Assessment' is exist

2023-08-17 09:57:47 - [MESSAGE][PASSED] - Element 'Object Repository/Hard to find elements/android.view.ViewGroup - Assessment' is exist

2023-08-17 09:57:47 - [TEST_STEP][PASSED] - verifyElementExist(findTestObject("Hard to find elements/android.view.ViewGroup - Treatement"), 30): Element 'Object Repository/Hard to find elements/android.view.ViewGroup - Treatement' is exist

2023-08-17 09:57:48 - [MESSAGE][PASSED] - Element 'Object Repository/Hard to find elements/android.view.ViewGroup - Treatement' is exist

2023-08-17 09:57:48 - [TEST_STEP][PASSED] - verifyElementExist(findTestObject("Hard to find elements/android.view.ViewGroup - Messaging"), 30): Element 'Object Repository/Hard to find elements/android.view.ViewGroup - Messaging' is exist

2023-08-17 09:57:48 - [MESSAGE][PASSED] - Element 'Object Repository/Hard to find elements/android.view.ViewGroup - Messaging' is exist

2023-08-17 09:57:48 - [TEST_STEP][PASSED] - pressBack(): Press back button successfully

2023-08-17 09:57:49 - [MESSAGE][PASSED] - Press back button successfully

2023-08-17 09:57:49 - [TEST_STEP][PASSED] - pressBack(): Press back button successfully

2023-08-17 09:57:50 - [MESSAGE][PASSED] - Press back button successfully

2023-08-17 09:57:50 - [TEST_STEP][PASSED] - tap(findTestObject("Object Repository/Wound Management/Unlock wound/android.widget.ImageView - x"), 30): Tapped on element 'Object Repository/Wound Management/Unlock wound/android.widget.ImageView - x'

2023-08-17 09:57:51 - [MESSAGE][PASSED] - Tapped on element 'Object Repository/Wound Management/Unlock wound/android.widget.ImageView - x']]></system-out>
         <system-err><![CDATA[]]></system-err>
      </testcase>
      <testcase name="Test Cases/Wound Management/Delete Wound" time="20.741" classname="Test Cases/Wound Management/Delete Wound" status="PASSED">
         <system-out><![CDATA[2023-08-17 09:57:51 - [TEST_CASE][PASSED] - Test Cases/Wound Management/Delete Wound: Test Cases/Wound Management/Delete Wound

2023-08-17 09:57:52 - [TEST_STEP][PASSED] - setText(findTestObject("Object Repository/Wound Management/Delete Wound/android.widget.EditText - Search by Name, MRN"), "91ui", 30): Text '91ui' has been set to element 'Object Repository/Wound Management/Delete Wound/android.widget.EditText - Search by Name, MRN'

2023-08-17 09:57:55 - [MESSAGE][PASSED] - Text '91ui' has been set to element 'Object Repository/Wound Management/Delete Wound/android.widget.EditText - Search by Name, MRN'

2023-08-17 09:57:55 - [TEST_STEP][PASSED] - tap(findTestObject("Object Repository/Wound Management/Delete Wound/android.widget.TextView - Current site"), 30): Tapped on element 'Object Repository/Wound Management/Delete Wound/android.widget.TextView - Current site'

2023-08-17 09:57:56 - [MESSAGE][PASSED] - Tapped on element 'Object Repository/Wound Management/Delete Wound/android.widget.TextView - Current site'

2023-08-17 09:57:56 - [TEST_STEP][PASSED] - tap(findTestObject("Object Repository/Wound Management/Delete Wound/android.widget.TextView - Current site (1)"), 30): Tapped on element 'Object Repository/Wound Management/Delete Wound/android.widget.TextView - Current site (1)'

2023-08-17 09:57:57 - [MESSAGE][PASSED] - Tapped on element 'Object Repository/Wound Management/Delete Wound/android.widget.TextView - Current site (1)'

2023-08-17 09:57:57 - [TEST_STEP][PASSED] - verifyElementExist(findTestObject("Object Repository/Wound Management/Delete Wound/android.view.ViewGroup - Patient"), 30): Element 'Object Repository/Wound Management/Delete Wound/android.view.ViewGroup - Patient' is exist

2023-08-17 09:57:58 - [MESSAGE][PASSED] - Element 'Object Repository/Wound Management/Delete Wound/android.view.ViewGroup - Patient' is exist

2023-08-17 09:57:58 - [TEST_STEP][PASSED] - tap(findTestObject("Object Repository/Wound Management/Delete Wound/android.view.ViewGroup - Patient"), 30): Tapped on element 'Object Repository/Wound Management/Delete Wound/android.view.ViewGroup - Patient'

2023-08-17 09:57:58 - [MESSAGE][PASSED] - Tapped on element 'Object Repository/Wound Management/Delete Wound/android.view.ViewGroup - Patient'

2023-08-17 09:57:58 - [TEST_STEP][PASSED] - verifyElementExist(findTestObject("Object Repository/Wound Management/Delete Wound/android.view.ViewGroup - wound"), 30): Element 'Object Repository/Wound Management/Delete Wound/android.view.ViewGroup - wound' is exist

2023-08-17 09:58:01 - [MESSAGE][PASSED] - Element 'Object Repository/Wound Management/Delete Wound/android.view.ViewGroup - wound' is exist

2023-08-17 09:58:01 - [TEST_STEP][PASSED] - tap(findTestObject("Object Repository/Wound Management/Delete Wound/android.view.ViewGroup - wound (1)"), 30): Tapped on element 'Object Repository/Wound Management/Delete Wound/android.view.ViewGroup - wound (1)'

2023-08-17 09:58:01 - [MESSAGE][PASSED] - Tapped on element 'Object Repository/Wound Management/Delete Wound/android.view.ViewGroup - wound (1)'

2023-08-17 09:58:01 - [TEST_STEP][PASSED] - verifyElementExist(findTestObject("Object Repository/Wound Management/Delete Wound/android.widget.ImageView - menu"), 30): Element 'Object Repository/Wound Management/Delete Wound/android.widget.ImageView - menu' is exist

2023-08-17 09:58:04 - [MESSAGE][PASSED] - Element 'Object Repository/Wound Management/Delete Wound/android.widget.ImageView - menu' is exist

2023-08-17 09:58:04 - [TEST_STEP][PASSED] - tap(findTestObject("Object Repository/Wound Management/Delete Wound/android.widget.ImageView - menu"), 30): Tapped on element 'Object Repository/Wound Management/Delete Wound/android.widget.ImageView - menu'

2023-08-17 09:58:04 - [MESSAGE][PASSED] - Tapped on element 'Object Repository/Wound Management/Delete Wound/android.widget.ImageView - menu'

2023-08-17 09:58:04 - [TEST_STEP][PASSED] - verifyElementText(findTestObject("Object Repository/Wound Management/Delete Wound/android.widget.TextView - Delete wound"), "Delete wound"): Actual text and expected text of test object 'Object Repository/Wound Management/Delete Wound/android.widget.TextView - Delete wound' are matched.

2023-08-17 09:58:05 - [MESSAGE][PASSED] - Actual text and expected text of test object 'Object Repository/Wound Management/Delete Wound/android.widget.TextView - Delete wound' are matched.

2023-08-17 09:58:05 - [TEST_STEP][PASSED] - tap(findTestObject("Wound Management/Delete Wound/android.widget.TextView - Delete wound"), 30): Tapped on element 'Object Repository/Wound Management/Delete Wound/android.widget.TextView - Delete wound'

2023-08-17 09:58:06 - [MESSAGE][PASSED] - Tapped on element 'Object Repository/Wound Management/Delete Wound/android.widget.TextView - Delete wound'

2023-08-17 09:58:06 - [TEST_STEP][PASSED] - verifyElementText(findTestObject("Object Repository/Wound Management/Delete Wound/android.widget.TextView - Delete the selected wound All data, including all images and measurements, will be erased"), "Delete the selected wound? All data, including all images and measurements, will be erased."): Actual text and expected text of test object 'Object Repository/Wound Management/Delete Wound/android.widget.TextView - Delete the selected wound All data, including all images and measurements, will be erased' are matched.

2023-08-17 09:58:07 - [MESSAGE][PASSED] - Actual text and expected text of test object 'Object Repository/Wound Management/Delete Wound/android.widget.TextView - Delete the selected wound All data, including all images and measurements, will be erased' are matched.

2023-08-17 09:58:07 - [TEST_STEP][PASSED] - verifyElementText(findTestObject("Object Repository/Wound Management/Delete Wound/android.widget.Button - CANCEL"), "CANCEL"): Actual text and expected text of test object 'Object Repository/Wound Management/Delete Wound/android.widget.Button - CANCEL' are matched.

2023-08-17 09:58:07 - [MESSAGE][PASSED] - Actual text and expected text of test object 'Object Repository/Wound Management/Delete Wound/android.widget.Button - CANCEL' are matched.

2023-08-17 09:58:07 - [TEST_STEP][PASSED] - verifyElementExist(findTestObject("Object Repository/Wound Management/Delete Wound/android.widget.Button - CONFIRM"), 30): Element 'Object Repository/Wound Management/Delete Wound/android.widget.Button - CONFIRM' is exist

2023-08-17 09:58:08 - [MESSAGE][PASSED] - Element 'Object Repository/Wound Management/Delete Wound/android.widget.Button - CONFIRM' is exist

2023-08-17 09:58:08 - [TEST_STEP][PASSED] - tap(findTestObject("Wound Management/Delete Wound/android.widget.Button - CONFIRM"), 30): Tapped on element 'Object Repository/Wound Management/Delete Wound/android.widget.Button - CONFIRM'

2023-08-17 09:58:09 - [MESSAGE][PASSED] - Tapped on element 'Object Repository/Wound Management/Delete Wound/android.widget.Button - CONFIRM'

2023-08-17 09:58:09 - [TEST_STEP][PASSED] - verifyElementText(findTestObject("Object Repository/Wound Management/Delete Wound/android.widget.TextView - Click  above to add a wound"), "Click "+" above to add a wound"): Actual text and expected text of test object 'Object Repository/Wound Management/Delete Wound/android.widget.TextView - Click  above to add a wound' are matched.

2023-08-17 09:58:10 - [MESSAGE][PASSED] - Actual text and expected text of test object 'Object Repository/Wound Management/Delete Wound/android.widget.TextView - Click  above to add a wound' are matched.

2023-08-17 09:58:10 - [TEST_STEP][PASSED] - pressBack(): Press back button successfully

2023-08-17 09:58:11 - [MESSAGE][PASSED] - Press back button successfully

2023-08-17 09:58:11 - [TEST_STEP][PASSED] - tap(findTestObject("Object Repository/Wound Management/Delete Wound/android.widget.ImageView - x"), 30): Tapped on element 'Object Repository/Wound Management/Delete Wound/android.widget.ImageView - x'

2023-08-17 09:58:11 - [MESSAGE][PASSED] - Tapped on element 'Object Repository/Wound Management/Delete Wound/android.widget.ImageView - x']]></system-out>
         <system-err><![CDATA[]]></system-err>
      </testcase>
      <system-out><![CDATA[2023-08-17 09:51:55 - [TEST_SUITE][FAILED] - Wound Management: Test Cases/Wound Management/Edit Wound FAILED.
Reason:
com.kms.katalon.core.exception.StepFailedException: Element 'Object Repository/Wound Management/Edit Wound/android.view.ViewGroup - wound' not found
	at com.kms.katalon.core.keyword.internal.KeywordMain.stepFailed(KeywordMain.groovy:51)
	at com.kms.katalon.core.mobile.keyword.internal.MobileKeywordMain.stepFailed(MobileKeywordMain.groovy:40)
	at com.kms.katalon.core.mobile.keyword.builtin.VerifyElementExistKeyword$_verifyElementExist_closure1.doCall(VerifyElementExistKeyword.groovy:77)
	at com.kms.katalon.core.mobile.keyword.builtin.VerifyElementExistKeyword$_verifyElementExist_closure1.call(VerifyElementExistKeyword.groovy)
	at com.kms.katalon.core.mobile.keyword.internal.MobileKeywordMain.runKeyword(MobileKeywordMain.groovy:21)
	at com.kms.katalon.core.mobile.keyword.builtin.VerifyElementExistKeyword.verifyElementExist(VerifyElementExistKeyword.groovy:80)
	at com.kms.katalon.core.mobile.keyword.builtin.VerifyElementExistKeyword.execute(VerifyElementExistKeyword.groovy:64)
	at com.kms.katalon.core.keyword.internal.KeywordExecutor.executeKeywordForPlatform(KeywordExecutor.groovy:74)
	at com.kms.katalon.core.mobile.keyword.MobileBuiltInKeywords.verifyElementExist(MobileBuiltInKeywords.groovy:1755)
	at com.kms.katalon.core.mobile.keyword.MobileBuiltInKeywords$verifyElementExist$2.call(Unknown Source)
	at Edit Wound.run(Edit Wound:29)
	at com.kms.katalon.core.main.ScriptEngine.run(ScriptEngine.java:194)
	at com.kms.katalon.core.main.ScriptEngine.runScriptAsRawText(ScriptEngine.java:119)
	at com.kms.katalon.core.main.TestCaseExecutor.runScript(TestCaseExecutor.java:448)
	at com.kms.katalon.core.main.TestCaseExecutor.doExecute(TestCaseExecutor.java:439)
	at com.kms.katalon.core.main.TestCaseExecutor.processExecutionPhase(TestCaseExecutor.java:418)
	at com.kms.katalon.core.main.TestCaseExecutor.accessMainPhase(TestCaseExecutor.java:410)
	at com.kms.katalon.core.main.TestCaseExecutor.execute(TestCaseExecutor.java:285)
	at com.kms.katalon.core.common.CommonExecutor.accessTestCaseMainPhase(CommonExecutor.java:65)
	at com.kms.katalon.core.main.TestSuiteExecutor.accessTestSuiteMainPhase(TestSuiteExecutor.java:148)
	at com.kms.katalon.core.main.TestSuiteExecutor.execute(TestSuiteExecutor.java:106)
	at com.kms.katalon.core.main.TestCaseMain.startTestSuite(TestCaseMain.java:187)
	at com.kms.katalon.core.main.TestCaseMain$startTestSuite$0.call(Unknown Source)
	at TempTestSuite1692265060782.run(TempTestSuite1692265060782.groovy:36)]]></system-out>
      <system-err><![CDATA[2023-08-17 09:51:55 - [TEST_SUITE][FAILED] - Wound Management: Test Cases/Wound Management/Edit Wound FAILED.
Reason:
com.kms.katalon.core.exception.StepFailedException: Element 'Object Repository/Wound Management/Edit Wound/android.view.ViewGroup - wound' not found
	at com.kms.katalon.core.keyword.internal.KeywordMain.stepFailed(KeywordMain.groovy:51)
	at com.kms.katalon.core.mobile.keyword.internal.MobileKeywordMain.stepFailed(MobileKeywordMain.groovy:40)
	at com.kms.katalon.core.mobile.keyword.builtin.VerifyElementExistKeyword$_verifyElementExist_closure1.doCall(VerifyElementExistKeyword.groovy:77)
	at com.kms.katalon.core.mobile.keyword.builtin.VerifyElementExistKeyword$_verifyElementExist_closure1.call(VerifyElementExistKeyword.groovy)
	at com.kms.katalon.core.mobile.keyword.internal.MobileKeywordMain.runKeyword(MobileKeywordMain.groovy:21)
	at com.kms.katalon.core.mobile.keyword.builtin.VerifyElementExistKeyword.verifyElementExist(VerifyElementExistKeyword.groovy:80)
	at com.kms.katalon.core.mobile.keyword.builtin.VerifyElementExistKeyword.execute(VerifyElementExistKeyword.groovy:64)
	at com.kms.katalon.core.keyword.internal.KeywordExecutor.executeKeywordForPlatform(KeywordExecutor.groovy:74)
	at com.kms.katalon.core.mobile.keyword.MobileBuiltInKeywords.verifyElementExist(MobileBuiltInKeywords.groovy:1755)
	at com.kms.katalon.core.mobile.keyword.MobileBuiltInKeywords$verifyElementExist$2.call(Unknown Source)
	at Edit Wound.run(Edit Wound:29)
	at com.kms.katalon.core.main.ScriptEngine.run(ScriptEngine.java:194)
	at com.kms.katalon.core.main.ScriptEngine.runScriptAsRawText(ScriptEngine.java:119)
	at com.kms.katalon.core.main.TestCaseExecutor.runScript(TestCaseExecutor.java:448)
	at com.kms.katalon.core.main.TestCaseExecutor.doExecute(TestCaseExecutor.java:439)
	at com.kms.katalon.core.main.TestCaseExecutor.processExecutionPhase(TestCaseExecutor.java:418)
	at com.kms.katalon.core.main.TestCaseExecutor.accessMainPhase(TestCaseExecutor.java:410)
	at com.kms.katalon.core.main.TestCaseExecutor.execute(TestCaseExecutor.java:285)
	at com.kms.katalon.core.common.CommonExecutor.accessTestCaseMainPhase(CommonExecutor.java:65)
	at com.kms.katalon.core.main.TestSuiteExecutor.accessTestSuiteMainPhase(TestSuiteExecutor.java:148)
	at com.kms.katalon.core.main.TestSuiteExecutor.execute(TestSuiteExecutor.java:106)
	at com.kms.katalon.core.main.TestCaseMain.startTestSuite(TestCaseMain.java:187)
	at com.kms.katalon.core.main.TestCaseMain$startTestSuite$0.call(Unknown Source)
	at TempTestSuite1692265060782.run(TempTestSuite1692265060782.groovy:36)]]></system-err>
   </testsuite>
</testsuites>
