<?xml version="1.0" encoding="UTF-8"?>
<testsuites name="Menu and other services" time="131.972" tests="6" failures="0" errors="0">
   <testsuite name="Menu and other services" tests="6" failures="0" errors="0" time="131.972" skipped="0" timestamp="2023-07-31 12:17:21" hostname="Amarir - DESKTOP-EE3F8H4" id="Test Suites/Menu and other services">
      <properties>
         <property name="deviceName" value="samsung SM-N975F (Android 12)"/>
         <property name="devicePlatform" value=""/>
         <property name="logFolder" value="C:\\Users\\Amarir\\git\\IS_Katalon_Lite_Version\\Reports\\20230731_121710\\Menu and other services\\20230731_121710"/>
         <property name="logFiles" value="C:\\Users\\Amarir\\git\\IS_Katalon_Lite_Version\\Reports\\20230731_121710\\Menu and other services\\20230731_121710\\appium.log, C:\\Users\\Amarir\\git\\IS_Katalon_Lite_Version\\Reports\\20230731_121710\\Menu and other services\\20230731_121710\\execution0.log"/>
         <property name="attachments" value=""/>
         <property name="hostName" value="Amarir - DESKTOP-EE3F8H4"/>
         <property name="os" value="Windows 10 64bit"/>
         <property name="appiumServerStatus" value="{&quot;value&quot;:{&quot;build&quot;:{&quot;version&quot;:&quot;1.22.0&quot;}},&quot;sessionId&quot;:null,&quot;status&quot;:0}"/>
         <property name="katalonVersion" value="8.6.0.208"/>
         <property name="deviceOS" value="Android"/>
         <property name="appiumVersion" value="1.22.0"/>
         <property name="deviceModel" value="SM-N975F"/>
         <property name="hostAddress" value="192.168.234.1"/>
         <property name="deviceManufacturer" value="samsung"/>
         <property name="deviceId" value="RF8N307NKZV"/>
         <property name="deviceName" value="samsung SM-N975F (Android 12)"/>
         <property name="deviceOSVersion" value="12"/>
      </properties>
      <testcase name="Test Cases/User Managemenet/Login" time="57.078" classname="Test Cases/User Managemenet/Login" status="PASSED">
         <system-out><![CDATA[2023-07-31 12:17:21 - [TEST_CASE][PASSED] - Test Cases/User Managemenet/Login: Test Cases/User Managemenet/Login

2023-07-31 12:17:22 - [TEST_STEP][PASSED] - startApplication("C:\Users\Amarir\Downloads\APK\IS\app-release.apk", true): Started app at: 'C:\Users\Amarir\Downloads\APK\IS\app-release.apk'

2023-07-31 12:17:24 - [MESSAGE][INFO] - Detected NodeJS location: "C:\Program Files\nodejs\node.exe"

2023-07-31 12:17:28 - [MESSAGE][INFO] - Appium server started on port 63,563

2023-07-31 12:18:08 - [MESSAGE][PASSED] - Started app at: 'C:\Users\Amarir\Downloads\APK\IS\app-release.apk'

2023-07-31 12:18:08 - [TEST_STEP][PASSED] - setText(findTestObject("User Management/Login/android.widget.EditText - username"), LoginCreds.get("username"), 30): Text 'Katalon' has been set to element 'Object Repository/User Management/Login/android.widget.EditText - username'

2023-07-31 12:18:12 - [MESSAGE][PASSED] - Text 'Katalon' has been set to element 'Object Repository/User Management/Login/android.widget.EditText - username'

2023-07-31 12:18:12 - [TEST_STEP][PASSED] - setText(findTestObject("User Management/Login/android.widget.EditText - password"), LoginCreds.get("password"), 30): Text 'eKare123@' has been set to element 'Object Repository/User Management/Login/android.widget.EditText - password'

2023-07-31 12:18:13 - [MESSAGE][PASSED] - Text 'eKare123@' has been set to element 'Object Repository/User Management/Login/android.widget.EditText - password'

2023-07-31 12:18:13 - [TEST_STEP][PASSED] - tap(findTestObject("User Management/Login/android.view.ViewGroup - sign in"), 30): Tapped on element 'Object Repository/User Management/Login/android.view.ViewGroup - sign in'

2023-07-31 12:18:14 - [MESSAGE][PASSED] - Tapped on element 'Object Repository/User Management/Login/android.view.ViewGroup - sign in'

2023-07-31 12:18:14 - [TEST_STEP][PASSED] - tap(findTestObject("Object Repository/User Management/Login/android.widget.TextView - Katalon"), 30): Tapped on element 'Object Repository/User Management/Login/android.widget.TextView - Katalon'

2023-07-31 12:18:16 - [MESSAGE][PASSED] - Tapped on element 'Object Repository/User Management/Login/android.widget.TextView - Katalon'

2023-07-31 12:18:16 - [TEST_STEP][PASSED] - delay(2, STOP_ON_FAILURE): Delayed 2 second(s)

2023-07-31 12:18:18 - [MESSAGE][PASSED] - Delayed 2 second(s)

2023-07-31 12:18:18 - [TEST_STEP][PASSED] - verifyElementExist(findTestObject("Object Repository/User Management/Login/android.widget.TextView - Patient Directory"), 30): Element 'Object Repository/User Management/Login/android.widget.TextView - Patient Directory' is exist

2023-07-31 12:18:18 - [MESSAGE][PASSED] - Element 'Object Repository/User Management/Login/android.widget.TextView - Patient Directory' is exist]]></system-out>
         <system-err><![CDATA[]]></system-err>
      </testcase>
      <testcase name="Test Cases/Menu and other services/Switch between sites" time="17.788" classname="Test Cases/Menu and other services/Switch between sites" status="PASSED">
         <system-out><![CDATA[2023-07-31 12:18:18 - [TEST_CASE][PASSED] - Test Cases/Menu and other services/Switch between sites: Test Cases/Menu and other services/Switch between sites

2023-07-31 12:18:19 - [TEST_STEP][PASSED] - tap(findTestObject("Object Repository/Menu and other services/Switch between sites/android.widget.ImageView - Menu"), 30): Tapped on element 'Object Repository/Menu and other services/Switch between sites/android.widget.ImageView - Menu'

2023-07-31 12:18:19 - [MESSAGE][PASSED] - Tapped on element 'Object Repository/Menu and other services/Switch between sites/android.widget.ImageView - Menu'

2023-07-31 12:18:19 - [TEST_STEP][PASSED] - tap(findTestObject("Object Repository/Menu and other services/Switch between sites/android.widget.TextView - Site"), 30): Tapped on element 'Object Repository/Menu and other services/Switch between sites/android.widget.TextView - Site'

2023-07-31 12:18:21 - [MESSAGE][PASSED] - Tapped on element 'Object Repository/Menu and other services/Switch between sites/android.widget.TextView - Site'

2023-07-31 12:18:21 - [TEST_STEP][PASSED] - tap(findTestObject("Object Repository/Menu and other services/Switch between sites/android.widget.TextView - Test1"), 30): Tapped on element 'Object Repository/Menu and other services/Switch between sites/android.widget.TextView - Test1'

2023-07-31 12:18:22 - [MESSAGE][PASSED] - Tapped on element 'Object Repository/Menu and other services/Switch between sites/android.widget.TextView - Test1'

2023-07-31 12:18:22 - [TEST_STEP][PASSED] - tap(findTestObject("Object Repository/Menu and other services/Switch between sites/android.widget.ImageView - Menu"), 30): Tapped on element 'Object Repository/Menu and other services/Switch between sites/android.widget.ImageView - Menu'

2023-07-31 12:18:26 - [MESSAGE][PASSED] - Tapped on element 'Object Repository/Menu and other services/Switch between sites/android.widget.ImageView - Menu'

2023-07-31 12:18:26 - [TEST_STEP][PASSED] - tap(findTestObject("Menu and other services/Switch between sites/android.widget.TextView - Site"), 30): Tapped on element 'Object Repository/Menu and other services/Switch between sites/android.widget.TextView - Site'

2023-07-31 12:18:28 - [MESSAGE][PASSED] - Tapped on element 'Object Repository/Menu and other services/Switch between sites/android.widget.TextView - Site'

2023-07-31 12:18:28 - [TEST_STEP][PASSED] - tap(findTestObject("Object Repository/Menu and other services/Switch between sites/android.widget.TextView - site user"), 30): Tapped on element 'Object Repository/Menu and other services/Switch between sites/android.widget.TextView - site user'

2023-07-31 12:18:29 - [MESSAGE][PASSED] - Tapped on element 'Object Repository/Menu and other services/Switch between sites/android.widget.TextView - site user'

2023-07-31 12:18:29 - [TEST_STEP][PASSED] - tap(findTestObject("Menu and other services/Switch between sites/android.widget.ImageView - Menu"), 30): Tapped on element 'Object Repository/Menu and other services/Switch between sites/android.widget.ImageView - Menu'

2023-07-31 12:18:34 - [MESSAGE][PASSED] - Tapped on element 'Object Repository/Menu and other services/Switch between sites/android.widget.ImageView - Menu'

2023-07-31 12:18:34 - [TEST_STEP][PASSED] - tap(findTestObject("Menu and other services/Switch between sites/android.widget.TextView - Site"), 30): Tapped on element 'Object Repository/Menu and other services/Switch between sites/android.widget.TextView - Site'

2023-07-31 12:18:35 - [MESSAGE][PASSED] - Tapped on element 'Object Repository/Menu and other services/Switch between sites/android.widget.TextView - Site'

2023-07-31 12:18:35 - [TEST_STEP][PASSED] - tap(findTestObject("Object Repository/Menu and other services/Switch between sites/android.widget.TextView - Katalon"), 30): Tapped on element 'Object Repository/Menu and other services/Switch between sites/android.widget.TextView - Katalon'

2023-07-31 12:18:36 - [MESSAGE][PASSED] - Tapped on element 'Object Repository/Menu and other services/Switch between sites/android.widget.TextView - Katalon']]></system-out>
         <system-err><![CDATA[]]></system-err>
      </testcase>
      <testcase name="Test Cases/Menu and other services/About" time="12.217" classname="Test Cases/Menu and other services/About" status="PASSED">
         <system-out><![CDATA[2023-07-31 12:18:36 - [TEST_CASE][PASSED] - Test Cases/Menu and other services/About: Test Cases/Menu and other services/About

2023-07-31 12:18:37 - [TEST_STEP][PASSED] - tap(findTestObject("Object Repository/Menu and other services/About/android.widget.ImageView - Menu"), 30): Tapped on element 'Object Repository/Menu and other services/About/android.widget.ImageView - Menu'

2023-07-31 12:18:41 - [MESSAGE][PASSED] - Tapped on element 'Object Repository/Menu and other services/About/android.widget.ImageView - Menu'

2023-07-31 12:18:41 - [TEST_STEP][PASSED] - tap(findTestObject("Object Repository/Menu and other services/About/android.widget.TextView - About"), 30): Tapped on element 'Object Repository/Menu and other services/About/android.widget.TextView - About'

2023-07-31 12:18:43 - [MESSAGE][PASSED] - Tapped on element 'Object Repository/Menu and other services/About/android.widget.TextView - About'

2023-07-31 12:18:43 - [TEST_STEP][PASSED] - verifyElementText(findTestObject("Object Repository/Menu and other services/About/android.widget.TextView - Katalon"), "Katalon"): Actual text and expected text of test object 'Object Repository/Menu and other services/About/android.widget.TextView - Katalon' are matched.

2023-07-31 12:18:44 - [MESSAGE][PASSED] - Actual text and expected text of test object 'Object Repository/Menu and other services/About/android.widget.TextView - Katalon' are matched.

2023-07-31 12:18:44 - [TEST_STEP][PASSED] - verifyElementText(findTestObject("Object Repository/Menu and other services/About/android.widget.TextView - Katalon (1)"), "Katalon"): Actual text and expected text of test object 'Object Repository/Menu and other services/About/android.widget.TextView - Katalon (1)' are matched.

2023-07-31 12:18:44 - [MESSAGE][PASSED] - Actual text and expected text of test object 'Object Repository/Menu and other services/About/android.widget.TextView - Katalon (1)' are matched.

2023-07-31 12:18:44 - [TEST_STEP][PASSED] - scrollToText("UDI"): Scrolling to text 'UDI' successfully

2023-07-31 12:18:48 - [MESSAGE][PASSED] - Scrolling to text 'UDI' successfully

2023-07-31 12:18:48 - [TEST_STEP][PASSED] - verifyElementText(findTestObject("Object Repository/Menu and other services/About/android.widget.TextView - 2.1"), "2.1"): Actual text and expected text of test object 'Object Repository/Menu and other services/About/android.widget.TextView - 2.1' are matched.

2023-07-31 12:18:48 - [MESSAGE][PASSED] - Actual text and expected text of test object 'Object Repository/Menu and other services/About/android.widget.TextView - 2.1' are matched.

2023-07-31 12:18:48 - [TEST_STEP][PASSED] - tap(findTestObject("Object Repository/Menu and other services/About/android.widget.ImageView - close"), 30): Tapped on element 'Object Repository/Menu and other services/About/android.widget.ImageView - close'

2023-07-31 12:18:48 - [MESSAGE][PASSED] - Tapped on element 'Object Repository/Menu and other services/About/android.widget.ImageView - close']]></system-out>
         <system-err><![CDATA[]]></system-err>
      </testcase>
      <testcase name="Test Cases/Menu and other services/Automatic adjustment of Date format" time="11.34" classname="Test Cases/Menu and other services/Automatic adjustment of Date format" status="PASSED">
         <system-out><![CDATA[2023-07-31 12:18:48 - [TEST_CASE][PASSED] - Test Cases/Menu and other services/Automatic adjustment of Date format: Test Cases/Menu and other services/Automatic adjustment of Date format

2023-07-31 12:18:49 - [TEST_STEP][PASSED] - date = getText(findTestObject("Object Repository/Menu and other services/Automatic adjustment of Date format/android.widget.TextView - 27072023"), 30, STOP_ON_FAILURE): Text of element 'Object Repository/Menu and other services/Automatic adjustment of Date format/android.widget.TextView - 27072023' is: '27/07/2023'

2023-07-31 12:18:50 - [MESSAGE][PASSED] - Text of element 'Object Repository/Menu and other services/Automatic adjustment of Date format/android.widget.TextView - 27072023' is: '27/07/2023'

2023-07-31 12:18:50 - [TEST_STEP][PASSED] - verifyMatch(date, "[0-9]{2}/[0-9]{2}/[0-9]{4}", true, STOP_ON_FAILURE): Actual text '27/07/2023' and expected text '[0-9]{2}/[0-9]{2}/[0-9]{4}' are matched  using regular expression

2023-07-31 12:18:50 - [MESSAGE][PASSED] - Actual text '27/07/2023' and expected text '[0-9]{2}/[0-9]{2}/[0-9]{4}' are matched  using regular expression

2023-07-31 12:18:50 - [TEST_STEP][PASSED] - tap(findTestObject("Object Repository/Menu and other services/Automatic adjustment of Date format/android.widget.ImageView - Menu"), 30): Tapped on element 'Object Repository/Menu and other services/Automatic adjustment of Date format/android.widget.ImageView - Menu'

2023-07-31 12:18:50 - [MESSAGE][PASSED] - Tapped on element 'Object Repository/Menu and other services/Automatic adjustment of Date format/android.widget.ImageView - Menu'

2023-07-31 12:18:50 - [TEST_STEP][PASSED] - tap(findTestObject("Object Repository/Menu and other services/Automatic adjustment of Date format/android.widget.TextView - Site"), 30): Tapped on element 'Object Repository/Menu and other services/Automatic adjustment of Date format/android.widget.TextView - Site'

2023-07-31 12:18:52 - [MESSAGE][PASSED] - Tapped on element 'Object Repository/Menu and other services/Automatic adjustment of Date format/android.widget.TextView - Site'

2023-07-31 12:18:52 - [TEST_STEP][PASSED] - tap(findTestObject("Object Repository/Menu and other services/Automatic adjustment of Date format/android.widget.TextView - site user"), 30): Tapped on element 'Object Repository/Menu and other services/Automatic adjustment of Date format/android.widget.TextView - site user'

2023-07-31 12:18:53 - [MESSAGE][PASSED] - Tapped on element 'Object Repository/Menu and other services/Automatic adjustment of Date format/android.widget.TextView - site user'

2023-07-31 12:18:53 - [TEST_STEP][PASSED] - date1 = getText(findTestObject("Menu and other services/Automatic adjustment of Date format/android.widget.TextView - 20230727"), 30): Text of element 'Object Repository/Menu and other services/Automatic adjustment of Date format/android.widget.TextView - 20230727' is: '2023/07/27'

2023-07-31 12:18:57 - [MESSAGE][PASSED] - Text of element 'Object Repository/Menu and other services/Automatic adjustment of Date format/android.widget.TextView - 20230727' is: '2023/07/27'

2023-07-31 12:18:57 - [TEST_STEP][PASSED] - verifyMatch(date1, "[0-9]{4}/[0-9]{2}/[0-9]{2}", true, STOP_ON_FAILURE): Actual text '2023/07/27' and expected text '[0-9]{4}/[0-9]{2}/[0-9]{2}' are matched  using regular expression

2023-07-31 12:18:57 - [MESSAGE][PASSED] - Actual text '2023/07/27' and expected text '[0-9]{4}/[0-9]{2}/[0-9]{2}' are matched  using regular expression

2023-07-31 12:18:57 - [TEST_STEP][PASSED] - tap(findTestObject("Object Repository/Menu and other services/Automatic adjustment of Date format/android.widget.ImageView - Menu"), 30): Tapped on element 'Object Repository/Menu and other services/Automatic adjustment of Date format/android.widget.ImageView - Menu'

2023-07-31 12:18:57 - [MESSAGE][PASSED] - Tapped on element 'Object Repository/Menu and other services/Automatic adjustment of Date format/android.widget.ImageView - Menu'

2023-07-31 12:18:57 - [TEST_STEP][PASSED] - tap(findTestObject("Menu and other services/Automatic adjustment of Date format/android.widget.TextView - Site"), 30): Tapped on element 'Object Repository/Menu and other services/Automatic adjustment of Date format/android.widget.TextView - Site'

2023-07-31 12:18:59 - [MESSAGE][PASSED] - Tapped on element 'Object Repository/Menu and other services/Automatic adjustment of Date format/android.widget.TextView - Site'

2023-07-31 12:18:59 - [TEST_STEP][PASSED] - tap(findTestObject("Object Repository/Menu and other services/Automatic adjustment of Date format/android.widget.TextView - Katalon"), 30): Tapped on element 'Object Repository/Menu and other services/Automatic adjustment of Date format/android.widget.TextView - Katalon'

2023-07-31 12:19:00 - [MESSAGE][PASSED] - Tapped on element 'Object Repository/Menu and other services/Automatic adjustment of Date format/android.widget.TextView - Katalon']]></system-out>
         <system-err><![CDATA[]]></system-err>
      </testcase>
      <testcase name="Test Cases/Menu and other services/Phone general tuto" time="12.254" classname="Test Cases/Menu and other services/Phone general tuto" status="PASSED">
         <system-out><![CDATA[2023-07-31 12:19:00 - [TEST_CASE][PASSED] - Test Cases/Menu and other services/Phone general tuto: Test Cases/Menu and other services/Phone general tuto

2023-07-31 12:19:00 - [TEST_STEP][PASSED] - tap(findTestObject("Object Repository/Menu and other services/Phone General Tuto/android.widget.ImageView - Menu"), 30): Tapped on element 'Object Repository/Menu and other services/Phone General Tuto/android.widget.ImageView - Menu'

2023-07-31 12:19:05 - [MESSAGE][PASSED] - Tapped on element 'Object Repository/Menu and other services/Phone General Tuto/android.widget.ImageView - Menu'

2023-07-31 12:19:05 - [TEST_STEP][PASSED] - tap(findTestObject("Object Repository/Menu and other services/Phone General Tuto/android.widget.TextView - Help"), 30): Tapped on element 'Object Repository/Menu and other services/Phone General Tuto/android.widget.TextView - Help'

2023-07-31 12:19:07 - [MESSAGE][PASSED] - Tapped on element 'Object Repository/Menu and other services/Phone General Tuto/android.widget.TextView - Help'

2023-07-31 12:19:07 - [TEST_STEP][PASSED] - tap(findTestObject("Object Repository/Menu and other services/Phone General Tuto/android.widget.TextView - App Intro"), 30): Tapped on element 'Object Repository/Menu and other services/Phone General Tuto/android.widget.TextView - App Intro'

2023-07-31 12:19:08 - [MESSAGE][PASSED] - Tapped on element 'Object Repository/Menu and other services/Phone General Tuto/android.widget.TextView - App Intro'

2023-07-31 12:19:08 - [TEST_STEP][PASSED] - verifyElementExist(findTestObject("Object Repository/Menu and other services/Phone General Tuto/android.view.ViewGroup - Tuto"), 30): Element 'Object Repository/Menu and other services/Phone General Tuto/android.view.ViewGroup - Tuto' is exist

2023-07-31 12:19:09 - [MESSAGE][PASSED] - Element 'Object Repository/Menu and other services/Phone General Tuto/android.view.ViewGroup - Tuto' is exist

2023-07-31 12:19:09 - [TEST_STEP][PASSED] - verifyElementExist(findTestObject("Object Repository/Menu and other services/Phone General Tuto/android.widget.TextView - Welcome to inSight"), 30): Element 'Object Repository/Menu and other services/Phone General Tuto/android.widget.TextView - Welcome to inSight' is exist

2023-07-31 12:19:10 - [MESSAGE][PASSED] - Element 'Object Repository/Menu and other services/Phone General Tuto/android.widget.TextView - Welcome to inSight' is exist

2023-07-31 12:19:10 - [TEST_STEP][PASSED] - verifyElementExist(findTestObject("Object Repository/Menu and other services/Phone General Tuto/android.widget.TextView - Skip"), 30): Element 'Object Repository/Menu and other services/Phone General Tuto/android.widget.TextView - Skip' is exist

2023-07-31 12:19:10 - [MESSAGE][PASSED] - Element 'Object Repository/Menu and other services/Phone General Tuto/android.widget.TextView - Skip' is exist

2023-07-31 12:19:10 - [TEST_STEP][PASSED] - verifyElementExist(findTestObject("Object Repository/Menu and other services/Phone General Tuto/android.widget.TextView - next"), 30): Element 'Object Repository/Menu and other services/Phone General Tuto/android.widget.TextView - next' is exist

2023-07-31 12:19:10 - [MESSAGE][PASSED] - Element 'Object Repository/Menu and other services/Phone General Tuto/android.widget.TextView - next' is exist

2023-07-31 12:19:10 - [TEST_STEP][PASSED] - tap(findTestObject("Menu and other services/Phone General Tuto/android.widget.TextView - next"), 30): Tapped on element 'Object Repository/Menu and other services/Phone General Tuto/android.widget.TextView - next'

2023-07-31 12:19:10 - [MESSAGE][PASSED] - Tapped on element 'Object Repository/Menu and other services/Phone General Tuto/android.widget.TextView - next'

2023-07-31 12:19:10 - [TEST_STEP][PASSED] - verifyElementText(findTestObject("Object Repository/Menu and other services/Phone General Tuto/android.widget.TextView - Add a wound"), "Add a wound"): Actual text and expected text of test object 'Object Repository/Menu and other services/Phone General Tuto/android.widget.TextView - Add a wound' are matched.

2023-07-31 12:19:11 - [MESSAGE][PASSED] - Actual text and expected text of test object 'Object Repository/Menu and other services/Phone General Tuto/android.widget.TextView - Add a wound' are matched.

2023-07-31 12:19:11 - [TEST_STEP][PASSED] - tap(findTestObject("Menu and other services/Phone General Tuto/android.widget.TextView - Skip"), 30): Tapped on element 'Object Repository/Menu and other services/Phone General Tuto/android.widget.TextView - Skip'

2023-07-31 12:19:12 - [MESSAGE][PASSED] - Tapped on element 'Object Repository/Menu and other services/Phone General Tuto/android.widget.TextView - Skip']]></system-out>
         <system-err><![CDATA[]]></system-err>
      </testcase>
      <testcase name="Test Cases/Menu and other services/Language" time="20.645" classname="Test Cases/Menu and other services/Language" status="PASSED">
         <system-out><![CDATA[2023-07-31 12:19:12 - [TEST_CASE][PASSED] - Test Cases/Menu and other services/Language: Test Cases/Menu and other services/Language

2023-07-31 12:19:13 - [TEST_STEP][PASSED] - tap(findTestObject("Object Repository/Menu and other services/Language/android.widget.ImageView - Menu"), 30): Tapped on element 'Object Repository/Menu and other services/Language/android.widget.ImageView - Menu'

2023-07-31 12:19:13 - [MESSAGE][PASSED] - Tapped on element 'Object Repository/Menu and other services/Language/android.widget.ImageView - Menu'

2023-07-31 12:19:13 - [TEST_STEP][PASSED] - tap(findTestObject("Object Repository/Menu and other services/Language/android.widget.TextView - Settings"), 30): Tapped on element 'Object Repository/Menu and other services/Language/android.widget.TextView - Settings'

2023-07-31 12:19:15 - [MESSAGE][PASSED] - Tapped on element 'Object Repository/Menu and other services/Language/android.widget.TextView - Settings'

2023-07-31 12:19:15 - [TEST_STEP][PASSED] - tap(findTestObject("Object Repository/Menu and other services/Language/android.widget.TextView - English"), 30): Tapped on element 'Object Repository/Menu and other services/Language/android.widget.TextView - English'

2023-07-31 12:19:16 - [MESSAGE][PASSED] - Tapped on element 'Object Repository/Menu and other services/Language/android.widget.TextView - English'

2023-07-31 12:19:16 - [TEST_STEP][PASSED] - tap(findTestObject("Object Repository/Menu and other services/Language/android.widget.TextView - Deutsch"), 30): Tapped on element 'Object Repository/Menu and other services/Language/android.widget.TextView - Deutsch'

2023-07-31 12:19:17 - [MESSAGE][PASSED] - Tapped on element 'Object Repository/Menu and other services/Language/android.widget.TextView - Deutsch'

2023-07-31 12:19:17 - [TEST_STEP][PASSED] - tap(findTestObject("Object Repository/Menu and other services/Language/android.view.ViewGroup"), 30): Tapped on element 'Object Repository/Menu and other services/Language/android.view.ViewGroup'

2023-07-31 12:19:22 - [MESSAGE][PASSED] - Tapped on element 'Object Repository/Menu and other services/Language/android.view.ViewGroup'

2023-07-31 12:19:22 - [TEST_STEP][PASSED] - verifyElementText(findTestObject("Object Repository/Menu and other services/Language/android.widget.TextView - Geschlecht"), "Geschlecht"): Actual text and expected text of test object 'Object Repository/Menu and other services/Language/android.widget.TextView - Geschlecht' are matched.

2023-07-31 12:19:24 - [MESSAGE][PASSED] - Actual text and expected text of test object 'Object Repository/Menu and other services/Language/android.widget.TextView - Geschlecht' are matched.

2023-07-31 12:19:24 - [TEST_STEP][PASSED] - verifyElementText(findTestObject("Object Repository/Menu and other services/Language/android.widget.TextView - Geburtstag"), "Geburtstag"): Actual text and expected text of test object 'Object Repository/Menu and other services/Language/android.widget.TextView - Geburtstag' are matched.

2023-07-31 12:19:24 - [MESSAGE][PASSED] - Actual text and expected text of test object 'Object Repository/Menu and other services/Language/android.widget.TextView - Geburtstag' are matched.

2023-07-31 12:19:24 - [TEST_STEP][PASSED] - verifyElementText(findTestObject("Object Repository/Menu and other services/Language/android.widget.TextView - Alter"), "Alter"): Actual text and expected text of test object 'Object Repository/Menu and other services/Language/android.widget.TextView - Alter' are matched.

2023-07-31 12:19:24 - [MESSAGE][PASSED] - Actual text and expected text of test object 'Object Repository/Menu and other services/Language/android.widget.TextView - Alter' are matched.

2023-07-31 12:19:24 - [TEST_STEP][PASSED] - verifyElementText(findTestObject("Object Repository/Menu and other services/Language/android.widget.TextView - Zustimmung"), "Zustimmung"): Actual text and expected text of test object 'Object Repository/Menu and other services/Language/android.widget.TextView - Zustimmung' are matched.

2023-07-31 12:19:25 - [MESSAGE][PASSED] - Actual text and expected text of test object 'Object Repository/Menu and other services/Language/android.widget.TextView - Zustimmung' are matched.

2023-07-31 12:19:25 - [TEST_STEP][PASSED] - tap(findTestObject("Object Repository/Menu and other services/Language/android.widget.ImageView - Back"), 30): Tapped on element 'Object Repository/Menu and other services/Language/android.widget.ImageView - Back'

2023-07-31 12:19:25 - [MESSAGE][PASSED] - Tapped on element 'Object Repository/Menu and other services/Language/android.widget.ImageView - Back'

2023-07-31 12:19:25 - [TEST_STEP][PASSED] - tap(findTestObject("Object Repository/Menu and other services/Language/android.widget.ImageView - Menu (1)"), 30): Tapped on element 'Object Repository/Menu and other services/Language/android.widget.ImageView - Menu (1)'

2023-07-31 12:19:26 - [MESSAGE][PASSED] - Tapped on element 'Object Repository/Menu and other services/Language/android.widget.ImageView - Menu (1)'

2023-07-31 12:19:26 - [TEST_STEP][PASSED] - verifyElementText(findTestObject("Object Repository/Menu and other services/Language/android.widget.TextView - Seite"), "Seite"): Actual text and expected text of test object 'Object Repository/Menu and other services/Language/android.widget.TextView - Seite' are matched.

2023-07-31 12:19:28 - [MESSAGE][PASSED] - Actual text and expected text of test object 'Object Repository/Menu and other services/Language/android.widget.TextView - Seite' are matched.

2023-07-31 12:19:28 - [TEST_STEP][PASSED] - verifyElementText(findTestObject("Object Repository/Menu and other services/Language/android.widget.TextView - Offene Telegesundheit"), "Offene Telegesundheit"): Actual text and expected text of test object 'Object Repository/Menu and other services/Language/android.widget.TextView - Offene Telegesundheit' are matched.

2023-07-31 12:19:28 - [MESSAGE][PASSED] - Actual text and expected text of test object 'Object Repository/Menu and other services/Language/android.widget.TextView - Offene Telegesundheit' are matched.

2023-07-31 12:19:28 - [TEST_STEP][PASSED] - verifyElementText(findTestObject("Object Repository/Menu and other services/Language/android.widget.TextView - Hilfe"), "Hilfe"): Actual text and expected text of test object 'Object Repository/Menu and other services/Language/android.widget.TextView - Hilfe' are matched.

2023-07-31 12:19:28 - [MESSAGE][PASSED] - Actual text and expected text of test object 'Object Repository/Menu and other services/Language/android.widget.TextView - Hilfe' are matched.

2023-07-31 12:19:28 - [TEST_STEP][PASSED] - verifyElementText(findTestObject("Object Repository/Menu and other services/Language/android.widget.TextView - ber uns"), "Über uns"): Actual text and expected text of test object 'Object Repository/Menu and other services/Language/android.widget.TextView - ber uns' are matched.

2023-07-31 12:19:29 - [MESSAGE][PASSED] - Actual text and expected text of test object 'Object Repository/Menu and other services/Language/android.widget.TextView - ber uns' are matched.

2023-07-31 12:19:29 - [TEST_STEP][PASSED] - verifyElementText(findTestObject("Object Repository/Menu and other services/Language/android.widget.TextView - Einstellungen"), "Einstellungen"): Actual text and expected text of test object 'Object Repository/Menu and other services/Language/android.widget.TextView - Einstellungen' are matched.

2023-07-31 12:19:29 - [MESSAGE][PASSED] - Actual text and expected text of test object 'Object Repository/Menu and other services/Language/android.widget.TextView - Einstellungen' are matched.

2023-07-31 12:19:29 - [TEST_STEP][PASSED] - verifyElementText(findTestObject("Object Repository/Menu and other services/Language/android.widget.TextView - Ausloggen"), "Ausloggen"): Actual text and expected text of test object 'Object Repository/Menu and other services/Language/android.widget.TextView - Ausloggen' are matched.

2023-07-31 12:19:30 - [MESSAGE][PASSED] - Actual text and expected text of test object 'Object Repository/Menu and other services/Language/android.widget.TextView - Ausloggen' are matched.

2023-07-31 12:19:30 - [TEST_STEP][PASSED] - tap(findTestObject("Menu and other services/Language/android.widget.TextView - Einstellungen"), 30): Tapped on element 'Object Repository/Menu and other services/Language/android.widget.TextView - Einstellungen'

2023-07-31 12:19:30 - [MESSAGE][PASSED] - Tapped on element 'Object Repository/Menu and other services/Language/android.widget.TextView - Einstellungen'

2023-07-31 12:19:30 - [TEST_STEP][PASSED] - tap(findTestObject("Object Repository/Menu and other services/Language/android.widget.TextView - Deutsch (1)"), 30): Tapped on element 'Object Repository/Menu and other services/Language/android.widget.TextView - Deutsch (1)'

2023-07-31 12:19:32 - [MESSAGE][PASSED] - Tapped on element 'Object Repository/Menu and other services/Language/android.widget.TextView - Deutsch (1)'

2023-07-31 12:19:32 - [TEST_STEP][PASSED] - tap(findTestObject("Object Repository/Menu and other services/Language/android.widget.TextView - English (1)"), 30): Tapped on element 'Object Repository/Menu and other services/Language/android.widget.TextView - English (1)'

2023-07-31 12:19:33 - [MESSAGE][PASSED] - Tapped on element 'Object Repository/Menu and other services/Language/android.widget.TextView - English (1)']]></system-out>
         <system-err><![CDATA[]]></system-err>
      </testcase>
      <system-out><![CDATA[2023-07-31 12:17:21 - [TEST_SUITE][PASSED] - Menu and other services: Test Cases/Menu and other services/Language]]></system-out>
      <system-err><![CDATA[]]></system-err>
   </testsuite>
</testsuites>
