<?xml version="1.0" encoding="UTF-8"?>
<testsuites name="User Management" time="389.806" tests="6" failures="0" errors="0">
   <testsuite name="User Management" tests="6" failures="0" errors="0" time="389.806" skipped="0" timestamp="09-05-2024T10:20:47" hostname="safaamarir - 192.168.1.4" id="Test Suites/IS iPhone/User Management">
      <properties>
         <property name="deviceName" value="Safa’s iPhone"/>
         <property name="devicePlatform" value=""/>
         <property name="logFolder" value="/Users/safaamarir/git/Android_Automation/Reports/20240509_102044/IS iPhone/User Management/20240509_102044"/>
         <property name="logFiles" value="/Users/safaamarir/git/Android_Automation/Reports/20240509_102044/IS iPhone/User Management/20240509_102044/execution0.log, /Users/safaamarir/git/Android_Automation/Reports/20240509_102044/IS iPhone/User Management/20240509_102044/appium_error.log, /Users/safaamarir/git/Android_Automation/Reports/20240509_102044/IS iPhone/User Management/20240509_102044/appium.log, /Users/safaamarir/git/Android_Automation/Reports/20240509_102044/IS iPhone/User Management/20240509_102044/appium-proxy-server.log"/>
         <property name="attachments" value=""/>
         <property name="hostName" value="safaamarir - 192.168.1.4"/>
         <property name="os" value="Mac OS X 64bit"/>
         <property name="appiumServerStatus" value="{&quot;value&quot;:{&quot;ready&quot;:true,&quot;message&quot;:&quot;The server is ready to accept new connections&quot;,&quot;build&quot;:{&quot;version&quot;:&quot;2.4.1&quot;,&quot;git-sha&quot;:&quot;82c2e743a5bcea725f9ca1429e3e21c3088ff904&quot;,&quot;built&quot;:&quot;2024-05-06 08:46:28 +0100&quot;}}}"/>
         <property name="katalonVersion" value="9.2.0.212"/>
         <property name="deviceOS" value="iOS"/>
         <property name="appiumVersion" value="2.4.1"/>
         <property name="deviceModel" value="iPhone14,5"/>
         <property name="hostAddress" value="192.168.1.4"/>
         <property name="deviceManufacturer" value="Apple"/>
         <property name="deviceId" value="00008110-00112D590CD0201E"/>
         <property name="deviceName" value="Safa’s iPhone"/>
         <property name="deviceOSVersion" value="17.4.1"/>
      </properties>
      <testcase name="Test Cases/IOS/User Management/EK-8493 IS iPhone - Restore Password" time="56.708" classname="Test Cases/IOS/User Management/EK-8493 IS iPhone - Restore Password" status="PASSED">
         <system-out><![CDATA[09-05-2024T10:20:47 - [TEST_CASE][PASSED] - Test Cases/IOS/User Management/EK-8493 IS iPhone - Restore Password: Test Cases/IOS/User Management/EK-8493 IS iPhone - Restore Password

09-05-2024T10:20:47 - [TEST_STEP][PASSED] - Start listener action : beforeTestCase: null

09-05-2024T10:20:47 - [TEST_STEP][PASSED] - addDefaultPackages(): null

09-05-2024T10:20:47 - [TEST_STEP][PASSED] - runFeatureFile("Include/features/EK-8493 IS iPhone - Restore Password.feature"): Feature file: 'Include/features/EK-8493 IS iPhone - Restore Password.feature' was passed

09-05-2024T10:20:48 - [MESSAGE][INFO] - Starting run keyword runFeatureFile: 'Include/features/EK-8493 IS iPhone - Restore Password.feature' and extract report to folder: '/Users/safaamarir/git/Android_Automation/Reports/20240509_102044/IS iPhone/User Management/20240509_102044/cucumber_report/1715246448000'...

09-05-2024T10:20:48 - [MESSAGE][PASSED] - Feature file: 'Include/features/EK-8493 IS iPhone - Restore Password.feature' was passed

09-05-2024T10:20:48 - [TEST_STEP][PASSED] - startApplication(IPA, true): Started app at: '/Users/safaamarir/APK/IOS/IS/IS_Preprod_2.2.1_290.ipa'

09-05-2024T10:20:48 - [MESSAGE][INFO] - User set preference: ['automationName', 'XCUITest']

09-05-2024T10:20:48 - [MESSAGE][INFO] - User set preference: ['deviceId', '00008110-00112D590CD0201E']

09-05-2024T10:20:58 - [MESSAGE][WARNING] - Failed to start ios_webkit_debug_proxy on default port 27753

09-05-2024T10:20:58 - [MESSAGE][INFO] - Detected NodeJS location: "/opt/homebrew/Cellar/node/21.7.1/bin/node"

09-05-2024T10:20:58 - [MESSAGE][INFO] - PATH: /opt/homebrew/Cellar/node/21.7.1/bin:/opt/homebrew/bin:/usr/bin:/bin:/usr/sbin:/sbin:/usr/local/bin

09-05-2024T10:20:58 - [MESSAGE][INFO] - APPIUM_HOME: /Users/safaamarir/.appium

09-05-2024T10:20:58 - [MESSAGE][INFO] - appium outlog: /Users/safaamarir/git/Android_Automation/Reports/20240509_102044/IS iPhone/User Management/20240509_102044/appium.log

09-05-2024T10:20:58 - [MESSAGE][INFO] - appium errlog: /Users/safaamarir/git/Android_Automation/Reports/20240509_102044/IS iPhone/User Management/20240509_102044/appium_error.log

09-05-2024T10:21:00 - [MESSAGE][INFO] - Appium server started on port 61,755

09-05-2024T10:21:34 - [MESSAGE][PASSED] - Started app at: '/Users/safaamarir/APK/IOS/IS/IS_Preprod_2.2.1_290.ipa'

09-05-2024T10:21:34 - [TEST_STEP][PASSED] - tap(findTestObject("Object Repository/IOS/User Management/Sign In/XCUIElementTypeButton - Allow"), 30): Tapped on element 'Object Repository/IOS/User Management/Sign In/XCUIElementTypeButton - Allow'

09-05-2024T10:21:36 - [MESSAGE][PASSED] - Tapped on element 'Object Repository/IOS/User Management/Sign In/XCUIElementTypeButton - Allow'

09-05-2024T10:21:36 - [TEST_STEP][PASSED] - tap(findTestObject("Object Repository/IOS/User Management/Restore Password/XCUIElementTypeOther - Forgot your password"), 30): Tapped on element 'Object Repository/IOS/User Management/Restore Password/XCUIElementTypeOther - Forgot your password'

09-05-2024T10:21:37 - [MESSAGE][PASSED] - Tapped on element 'Object Repository/IOS/User Management/Restore Password/XCUIElementTypeOther - Forgot your password'

09-05-2024T10:21:37 - [TEST_STEP][PASSED] - setText(findTestObject("Object Repository/IOS/User Management/Restore Password/XCUIElementTypeTextField - Username"), LoginCreds.get("username"), 30): Text 'katalon' has been set to element 'Object Repository/IOS/User Management/Restore Password/XCUIElementTypeTextField - Username'

09-05-2024T10:21:38 - [MESSAGE][PASSED] - Text 'katalon' has been set to element 'Object Repository/IOS/User Management/Restore Password/XCUIElementTypeTextField - Username'

09-05-2024T10:21:38 - [TEST_STEP][PASSED] - setText(findTestObject("Object Repository/IOS/User Management/Restore Password/XCUIElementTypeTextField - Email"), LoginCreds.get("email"), 30): Text 'samarir@masaratapp.com' has been set to element 'Object Repository/IOS/User Management/Restore Password/XCUIElementTypeTextField - Email'

09-05-2024T10:21:40 - [MESSAGE][PASSED] - Text 'samarir@masaratapp.com' has been set to element 'Object Repository/IOS/User Management/Restore Password/XCUIElementTypeTextField - Email'

09-05-2024T10:21:40 - [TEST_STEP][PASSED] - tap(findTestObject("IOS/User Management/Restore Password/XCUIElementTypeOther - Restore Password"), 30): Tapped on element 'Object Repository/IOS/User Management/Restore Password/XCUIElementTypeOther - Restore Password'

09-05-2024T10:21:41 - [MESSAGE][PASSED] - Tapped on element 'Object Repository/IOS/User Management/Restore Password/XCUIElementTypeOther - Restore Password'

09-05-2024T10:21:41 - [TEST_STEP][PASSED] - tap(findTestObject("IOS/Draft/XCUIElementTypeOther - Restore Password"), 30, STOP_ON_FAILURE): Tapped on element 'Object Repository/IOS/Draft/XCUIElementTypeOther - Restore Password'

09-05-2024T10:21:42 - [MESSAGE][PASSED] - Tapped on element 'Object Repository/IOS/Draft/XCUIElementTypeOther - Restore Password'

09-05-2024T10:21:44 - [TEST_STEP][PASSED] - Video: Video recording for test case 'Test Cases/IOS/User Management/EK-8493 IS iPhone - Restore Password' .

09-05-2024T10:21:44 - [MESSAGE][INFO] - Video recording for test case 'Test Cases/IOS/User Management/EK-8493 IS iPhone - Restore Password' .]]></system-out>
         <system-err><![CDATA[]]></system-err>
      </testcase>
      <testcase name="Test Cases/IOS/User Management/EK-8570 IS iPhone - 10 Times failed login" time="44.11" classname="Test Cases/IOS/User Management/EK-8570 IS iPhone - 10 Times failed login" status="PASSED">
         <system-out><![CDATA[09-05-2024T10:21:44 - [TEST_CASE][PASSED] - Test Cases/IOS/User Management/EK-8570 IS iPhone - 10 Times failed login: Test Cases/IOS/User Management/EK-8570 IS iPhone - 10 Times failed login

09-05-2024T10:21:44 - [TEST_STEP][PASSED] - Start listener action : beforeTestCase: null

09-05-2024T10:21:44 - [TEST_STEP][PASSED] - addDefaultPackages(): null

09-05-2024T10:21:44 - [TEST_STEP][PASSED] - runFeatureFile("Include/features/EK-8570 IS iPhone - 10 Times failed login.feature"): Feature file: 'Include/features/EK-8570 IS iPhone - 10 Times failed login.feature' was passed

09-05-2024T10:21:44 - [MESSAGE][INFO] - Starting run keyword runFeatureFile: 'Include/features/EK-8570 IS iPhone - 10 Times failed login.feature' and extract report to folder: '/Users/safaamarir/git/Android_Automation/Reports/20240509_102044/IS iPhone/User Management/20240509_102044/cucumber_report/1715246504439'...

09-05-2024T10:21:44 - [MESSAGE][PASSED] - Feature file: 'Include/features/EK-8570 IS iPhone - 10 Times failed login.feature' was passed

09-05-2024T10:21:44 - [TEST_STEP][PASSED] - delay(10, STOP_ON_FAILURE): Delayed 10 second(s)

09-05-2024T10:21:54 - [MESSAGE][PASSED] - Delayed 10 second(s)

09-05-2024T10:21:54 - [TEST_STEP][PASSED] - setText(findTestObject("IOS/User Management/Sign In/XCUIElementTypeTextField - username"), "Test10times", 30): Text 'Test10times' has been set to element 'Object Repository/IOS/User Management/Sign In/XCUIElementTypeTextField - username'

09-05-2024T10:21:56 - [MESSAGE][PASSED] - Text 'Test10times' has been set to element 'Object Repository/IOS/User Management/Sign In/XCUIElementTypeTextField - username'

09-05-2024T10:21:56 - [TEST_STEP][PASSED] - setText(findTestObject("IOS/User Management/Sign In/XCUIElementTypeSecureTextField - Passcode"), "123", 30): Text '123' has been set to element 'Object Repository/IOS/User Management/Sign In/XCUIElementTypeSecureTextField - Passcode'

09-05-2024T10:21:57 - [MESSAGE][PASSED] - Text '123' has been set to element 'Object Repository/IOS/User Management/Sign In/XCUIElementTypeSecureTextField - Passcode'

09-05-2024T10:21:57 - [TEST_STEP][PASSED] - tap(findTestObject("Object Repository/IOS/User Management/10 times failed login/XCUIElementTypeOther - SIGN IN"), 30): Tapped on element 'Object Repository/IOS/User Management/10 times failed login/XCUIElementTypeOther - SIGN IN'

09-05-2024T10:21:59 - [MESSAGE][PASSED] - Tapped on element 'Object Repository/IOS/User Management/10 times failed login/XCUIElementTypeOther - SIGN IN'

09-05-2024T10:21:59 - [TEST_STEP][PASSED] - verifyElementText(findTestObject("Object Repository/IOS/User Management/10 times failed login/XCUIElementTypeStaticText - Login failed. Incorrect credentials"), "Login failed. Incorrect credentials !"): Actual text and expected text of test object 'Object Repository/IOS/User Management/10 times failed login/XCUIElementTypeStaticText - Login failed. Incorrect credentials' are matched.

09-05-2024T10:22:00 - [MESSAGE][PASSED] - Actual text and expected text of test object 'Object Repository/IOS/User Management/10 times failed login/XCUIElementTypeStaticText - Login failed. Incorrect credentials' are matched.

09-05-2024T10:22:00 - [TEST_STEP][PASSED] - tap(findTestObject("Object Repository/IOS/User Management/10 times failed login/XCUIElementTypeButton - OK"), 30): Tapped on element 'Object Repository/IOS/User Management/10 times failed login/XCUIElementTypeButton - OK'

09-05-2024T10:22:01 - [MESSAGE][PASSED] - Tapped on element 'Object Repository/IOS/User Management/10 times failed login/XCUIElementTypeButton - OK'

09-05-2024T10:22:01 - [TEST_STEP][PASSED] - tap(findTestObject("Object Repository/IOS/User Management/10 times failed login/XCUIElementTypeOther - SIGN IN"), 30, STOP_ON_FAILURE): Tapped on element 'Object Repository/IOS/User Management/10 times failed login/XCUIElementTypeOther - SIGN IN'

09-05-2024T10:22:02 - [MESSAGE][PASSED] - Tapped on element 'Object Repository/IOS/User Management/10 times failed login/XCUIElementTypeOther - SIGN IN'

09-05-2024T10:22:02 - [TEST_STEP][PASSED] - verifyElementText(findTestObject("Object Repository/IOS/User Management/10 times failed login/XCUIElementTypeStaticText - Login failed. Incorrect credentials"), "Login failed. Incorrect credentials !"): Actual text and expected text of test object 'Object Repository/IOS/User Management/10 times failed login/XCUIElementTypeStaticText - Login failed. Incorrect credentials' are matched.

09-05-2024T10:22:03 - [MESSAGE][PASSED] - Actual text and expected text of test object 'Object Repository/IOS/User Management/10 times failed login/XCUIElementTypeStaticText - Login failed. Incorrect credentials' are matched.

09-05-2024T10:22:03 - [TEST_STEP][PASSED] - tap(findTestObject("Object Repository/IOS/User Management/10 times failed login/XCUIElementTypeButton - OK"), 30): Tapped on element 'Object Repository/IOS/User Management/10 times failed login/XCUIElementTypeButton - OK'

09-05-2024T10:22:04 - [MESSAGE][PASSED] - Tapped on element 'Object Repository/IOS/User Management/10 times failed login/XCUIElementTypeButton - OK'

09-05-2024T10:22:04 - [TEST_STEP][PASSED] - tap(findTestObject("Object Repository/IOS/User Management/10 times failed login/XCUIElementTypeOther - SIGN IN"), 30): Tapped on element 'Object Repository/IOS/User Management/10 times failed login/XCUIElementTypeOther - SIGN IN'

09-05-2024T10:22:05 - [MESSAGE][PASSED] - Tapped on element 'Object Repository/IOS/User Management/10 times failed login/XCUIElementTypeOther - SIGN IN'

09-05-2024T10:22:05 - [TEST_STEP][PASSED] - verifyElementText(findTestObject("Object Repository/IOS/User Management/10 times failed login/XCUIElementTypeStaticText - Login failed. Incorrect credentials"), "Login failed. Incorrect credentials !"): Actual text and expected text of test object 'Object Repository/IOS/User Management/10 times failed login/XCUIElementTypeStaticText - Login failed. Incorrect credentials' are matched.

09-05-2024T10:22:06 - [MESSAGE][PASSED] - Actual text and expected text of test object 'Object Repository/IOS/User Management/10 times failed login/XCUIElementTypeStaticText - Login failed. Incorrect credentials' are matched.

09-05-2024T10:22:06 - [TEST_STEP][PASSED] - tap(findTestObject("Object Repository/IOS/User Management/10 times failed login/XCUIElementTypeButton - OK"), 30): Tapped on element 'Object Repository/IOS/User Management/10 times failed login/XCUIElementTypeButton - OK'

09-05-2024T10:22:07 - [MESSAGE][PASSED] - Tapped on element 'Object Repository/IOS/User Management/10 times failed login/XCUIElementTypeButton - OK'

09-05-2024T10:22:07 - [TEST_STEP][PASSED] - tap(findTestObject("Object Repository/IOS/User Management/10 times failed login/XCUIElementTypeOther - SIGN IN"), 30): Tapped on element 'Object Repository/IOS/User Management/10 times failed login/XCUIElementTypeOther - SIGN IN'

09-05-2024T10:22:08 - [MESSAGE][PASSED] - Tapped on element 'Object Repository/IOS/User Management/10 times failed login/XCUIElementTypeOther - SIGN IN'

09-05-2024T10:22:08 - [TEST_STEP][PASSED] - verifyElementText(findTestObject("Object Repository/IOS/User Management/10 times failed login/XCUIElementTypeStaticText - Login failed. Incorrect credentials"), "Login failed. Incorrect credentials !"): Actual text and expected text of test object 'Object Repository/IOS/User Management/10 times failed login/XCUIElementTypeStaticText - Login failed. Incorrect credentials' are matched.

09-05-2024T10:22:08 - [MESSAGE][PASSED] - Actual text and expected text of test object 'Object Repository/IOS/User Management/10 times failed login/XCUIElementTypeStaticText - Login failed. Incorrect credentials' are matched.

09-05-2024T10:22:08 - [TEST_STEP][PASSED] - tap(findTestObject("Object Repository/IOS/User Management/10 times failed login/XCUIElementTypeButton - OK"), 30): Tapped on element 'Object Repository/IOS/User Management/10 times failed login/XCUIElementTypeButton - OK'

09-05-2024T10:22:10 - [MESSAGE][PASSED] - Tapped on element 'Object Repository/IOS/User Management/10 times failed login/XCUIElementTypeButton - OK'

09-05-2024T10:22:10 - [TEST_STEP][PASSED] - tap(findTestObject("Object Repository/IOS/User Management/10 times failed login/XCUIElementTypeOther - SIGN IN"), 30): Tapped on element 'Object Repository/IOS/User Management/10 times failed login/XCUIElementTypeOther - SIGN IN'

09-05-2024T10:22:11 - [MESSAGE][PASSED] - Tapped on element 'Object Repository/IOS/User Management/10 times failed login/XCUIElementTypeOther - SIGN IN'

09-05-2024T10:22:11 - [TEST_STEP][PASSED] - verifyElementText(findTestObject("Object Repository/IOS/User Management/10 times failed login/XCUIElementTypeStaticText - Login failed. Incorrect credentials"), "Login failed. Incorrect credentials !"): Actual text and expected text of test object 'Object Repository/IOS/User Management/10 times failed login/XCUIElementTypeStaticText - Login failed. Incorrect credentials' are matched.

09-05-2024T10:22:11 - [MESSAGE][PASSED] - Actual text and expected text of test object 'Object Repository/IOS/User Management/10 times failed login/XCUIElementTypeStaticText - Login failed. Incorrect credentials' are matched.

09-05-2024T10:22:11 - [TEST_STEP][PASSED] - tap(findTestObject("Object Repository/IOS/User Management/10 times failed login/XCUIElementTypeButton - OK"), 30): Tapped on element 'Object Repository/IOS/User Management/10 times failed login/XCUIElementTypeButton - OK'

09-05-2024T10:22:12 - [MESSAGE][PASSED] - Tapped on element 'Object Repository/IOS/User Management/10 times failed login/XCUIElementTypeButton - OK'

09-05-2024T10:22:12 - [TEST_STEP][PASSED] - tap(findTestObject("Object Repository/IOS/User Management/10 times failed login/XCUIElementTypeOther - SIGN IN"), 30): Tapped on element 'Object Repository/IOS/User Management/10 times failed login/XCUIElementTypeOther - SIGN IN'

09-05-2024T10:22:13 - [MESSAGE][PASSED] - Tapped on element 'Object Repository/IOS/User Management/10 times failed login/XCUIElementTypeOther - SIGN IN'

09-05-2024T10:22:13 - [TEST_STEP][PASSED] - verifyElementText(findTestObject("Object Repository/IOS/User Management/10 times failed login/XCUIElementTypeStaticText - Login failed. Incorrect credentials"), "Login failed. Incorrect credentials !"): Actual text and expected text of test object 'Object Repository/IOS/User Management/10 times failed login/XCUIElementTypeStaticText - Login failed. Incorrect credentials' are matched.

09-05-2024T10:22:14 - [MESSAGE][PASSED] - Actual text and expected text of test object 'Object Repository/IOS/User Management/10 times failed login/XCUIElementTypeStaticText - Login failed. Incorrect credentials' are matched.

09-05-2024T10:22:14 - [TEST_STEP][PASSED] - tap(findTestObject("Object Repository/IOS/User Management/10 times failed login/XCUIElementTypeButton - OK"), 30): Tapped on element 'Object Repository/IOS/User Management/10 times failed login/XCUIElementTypeButton - OK'

09-05-2024T10:22:15 - [MESSAGE][PASSED] - Tapped on element 'Object Repository/IOS/User Management/10 times failed login/XCUIElementTypeButton - OK'

09-05-2024T10:22:15 - [TEST_STEP][PASSED] - tap(findTestObject("Object Repository/IOS/User Management/10 times failed login/XCUIElementTypeOther - SIGN IN"), 30): Tapped on element 'Object Repository/IOS/User Management/10 times failed login/XCUIElementTypeOther - SIGN IN'

09-05-2024T10:22:16 - [MESSAGE][PASSED] - Tapped on element 'Object Repository/IOS/User Management/10 times failed login/XCUIElementTypeOther - SIGN IN'

09-05-2024T10:22:16 - [TEST_STEP][PASSED] - verifyElementText(findTestObject("Object Repository/IOS/User Management/10 times failed login/XCUIElementTypeStaticText - Login failed. Incorrect credentials"), "Login failed. Incorrect credentials !"): Actual text and expected text of test object 'Object Repository/IOS/User Management/10 times failed login/XCUIElementTypeStaticText - Login failed. Incorrect credentials' are matched.

09-05-2024T10:22:17 - [MESSAGE][PASSED] - Actual text and expected text of test object 'Object Repository/IOS/User Management/10 times failed login/XCUIElementTypeStaticText - Login failed. Incorrect credentials' are matched.

09-05-2024T10:22:17 - [TEST_STEP][PASSED] - tap(findTestObject("Object Repository/IOS/User Management/10 times failed login/XCUIElementTypeButton - OK"), 30): Tapped on element 'Object Repository/IOS/User Management/10 times failed login/XCUIElementTypeButton - OK'

09-05-2024T10:22:18 - [MESSAGE][PASSED] - Tapped on element 'Object Repository/IOS/User Management/10 times failed login/XCUIElementTypeButton - OK'

09-05-2024T10:22:18 - [TEST_STEP][PASSED] - tap(findTestObject("Object Repository/IOS/User Management/10 times failed login/XCUIElementTypeOther - SIGN IN"), 30): Tapped on element 'Object Repository/IOS/User Management/10 times failed login/XCUIElementTypeOther - SIGN IN'

09-05-2024T10:22:19 - [MESSAGE][PASSED] - Tapped on element 'Object Repository/IOS/User Management/10 times failed login/XCUIElementTypeOther - SIGN IN'

09-05-2024T10:22:19 - [TEST_STEP][PASSED] - verifyElementText(findTestObject("Object Repository/IOS/User Management/10 times failed login/XCUIElementTypeStaticText - Login failed. Incorrect credentials"), "Login failed. Incorrect credentials !"): Actual text and expected text of test object 'Object Repository/IOS/User Management/10 times failed login/XCUIElementTypeStaticText - Login failed. Incorrect credentials' are matched.

09-05-2024T10:22:19 - [MESSAGE][PASSED] - Actual text and expected text of test object 'Object Repository/IOS/User Management/10 times failed login/XCUIElementTypeStaticText - Login failed. Incorrect credentials' are matched.

09-05-2024T10:22:19 - [TEST_STEP][PASSED] - tap(findTestObject("Object Repository/IOS/User Management/10 times failed login/XCUIElementTypeButton - OK"), 30): Tapped on element 'Object Repository/IOS/User Management/10 times failed login/XCUIElementTypeButton - OK'

09-05-2024T10:22:21 - [MESSAGE][PASSED] - Tapped on element 'Object Repository/IOS/User Management/10 times failed login/XCUIElementTypeButton - OK'

09-05-2024T10:22:21 - [TEST_STEP][PASSED] - tap(findTestObject("Object Repository/IOS/User Management/10 times failed login/XCUIElementTypeOther - SIGN IN"), 30): Tapped on element 'Object Repository/IOS/User Management/10 times failed login/XCUIElementTypeOther - SIGN IN'

09-05-2024T10:22:22 - [MESSAGE][PASSED] - Tapped on element 'Object Repository/IOS/User Management/10 times failed login/XCUIElementTypeOther - SIGN IN'

09-05-2024T10:22:22 - [TEST_STEP][PASSED] - verifyElementText(findTestObject("Object Repository/IOS/User Management/10 times failed login/XCUIElementTypeStaticText - Login failed. Incorrect credentials"), "Login failed. Incorrect credentials !"): Actual text and expected text of test object 'Object Repository/IOS/User Management/10 times failed login/XCUIElementTypeStaticText - Login failed. Incorrect credentials' are matched.

09-05-2024T10:22:22 - [MESSAGE][PASSED] - Actual text and expected text of test object 'Object Repository/IOS/User Management/10 times failed login/XCUIElementTypeStaticText - Login failed. Incorrect credentials' are matched.

09-05-2024T10:22:22 - [TEST_STEP][PASSED] - tap(findTestObject("Object Repository/IOS/User Management/10 times failed login/XCUIElementTypeButton - OK"), 30): Tapped on element 'Object Repository/IOS/User Management/10 times failed login/XCUIElementTypeButton - OK'

09-05-2024T10:22:23 - [MESSAGE][PASSED] - Tapped on element 'Object Repository/IOS/User Management/10 times failed login/XCUIElementTypeButton - OK'

09-05-2024T10:22:23 - [TEST_STEP][PASSED] - tap(findTestObject("Object Repository/IOS/User Management/10 times failed login/XCUIElementTypeOther - SIGN IN"), 30): Tapped on element 'Object Repository/IOS/User Management/10 times failed login/XCUIElementTypeOther - SIGN IN'

09-05-2024T10:22:24 - [MESSAGE][PASSED] - Tapped on element 'Object Repository/IOS/User Management/10 times failed login/XCUIElementTypeOther - SIGN IN'

09-05-2024T10:22:24 - [TEST_STEP][PASSED] - verifyElementText(findTestObject("Object Repository/IOS/User Management/10 times failed login/XCUIElementTypeStaticText - Login failed. Incorrect credentials"), "Your account has been temporarily disabled due to repeated login failures. Please contact your administrator: samarir@masaratapp.com"): Actual text and expected text of test object 'Object Repository/IOS/User Management/10 times failed login/XCUIElementTypeStaticText - Login failed. Incorrect credentials' are matched.

09-05-2024T10:22:25 - [MESSAGE][PASSED] - Actual text and expected text of test object 'Object Repository/IOS/User Management/10 times failed login/XCUIElementTypeStaticText - Login failed. Incorrect credentials' are matched.

09-05-2024T10:22:25 - [TEST_STEP][PASSED] - tap(findTestObject("Object Repository/IOS/User Management/10 times failed login/XCUIElementTypeButton - OK"), 30): Tapped on element 'Object Repository/IOS/User Management/10 times failed login/XCUIElementTypeButton - OK'

09-05-2024T10:22:26 - [MESSAGE][PASSED] - Tapped on element 'Object Repository/IOS/User Management/10 times failed login/XCUIElementTypeButton - OK'

09-05-2024T10:22:28 - [TEST_STEP][PASSED] - Video: Video recording for test case 'Test Cases/IOS/User Management/EK-8570 IS iPhone - 10 Times failed login' .

09-05-2024T10:22:28 - [MESSAGE][INFO] - Video recording for test case 'Test Cases/IOS/User Management/EK-8570 IS iPhone - 10 Times failed login' .]]></system-out>
         <system-err><![CDATA[]]></system-err>
      </testcase>
      <testcase name="Test Cases/IOS/User Management/EK-8491 IS iPhone - Sign in" time="61.466" classname="Test Cases/IOS/User Management/EK-8491 IS iPhone - Sign in" status="PASSED">
         <system-out><![CDATA[09-05-2024T10:22:28 - [TEST_CASE][PASSED] - Test Cases/IOS/User Management/EK-8491 IS iPhone - Sign in: Test Cases/IOS/User Management/EK-8491 IS iPhone - Sign in

09-05-2024T10:22:28 - [TEST_STEP][PASSED] - Start listener action : beforeTestCase: null

09-05-2024T10:22:28 - [TEST_STEP][PASSED] - addDefaultPackages(): null

09-05-2024T10:22:28 - [TEST_STEP][PASSED] - runFeatureFile("Include/features/EK-8491 IS iPhone - Sign in.feature"): Feature file: 'Include/features/EK-8491 IS iPhone - Sign in.feature' was passed

09-05-2024T10:22:28 - [MESSAGE][INFO] - Starting run keyword runFeatureFile: 'Include/features/EK-8491 IS iPhone - Sign in.feature' and extract report to folder: '/Users/safaamarir/git/Android_Automation/Reports/20240509_102044/IS iPhone/User Management/20240509_102044/cucumber_report/1715246548537'...

09-05-2024T10:22:28 - [MESSAGE][PASSED] - Feature file: 'Include/features/EK-8491 IS iPhone - Sign in.feature' was passed

09-05-2024T10:22:28 - [TEST_STEP][PASSED] - startApplication(IPA, true): Started app at: '/Users/safaamarir/APK/IOS/IS/IS_Preprod_2.2.1_290.ipa'

09-05-2024T10:22:28 - [MESSAGE][INFO] - User set preference: ['automationName', 'XCUITest']

09-05-2024T10:22:28 - [MESSAGE][INFO] - User set preference: ['deviceId', '00008110-00112D590CD0201E']

09-05-2024T10:22:38 - [MESSAGE][WARNING] - Failed to start ios_webkit_debug_proxy on default port 27753

09-05-2024T10:23:10 - [MESSAGE][PASSED] - Started app at: '/Users/safaamarir/APK/IOS/IS/IS_Preprod_2.2.1_290.ipa'

09-05-2024T10:23:10 - [TEST_STEP][PASSED] - tap(findTestObject("Object Repository/IOS/User Management/Sign In/XCUIElementTypeButton - Allow"), 30): Tapped on element 'Object Repository/IOS/User Management/Sign In/XCUIElementTypeButton - Allow'

09-05-2024T10:23:11 - [MESSAGE][PASSED] - Tapped on element 'Object Repository/IOS/User Management/Sign In/XCUIElementTypeButton - Allow'

09-05-2024T10:23:11 - [TEST_STEP][PASSED] - setText(findTestObject("Object Repository/IOS/User Management/Sign In/XCUIElementTypeTextField - username"), LoginCreds.get("username"), 30): Text 'katalon' has been set to element 'Object Repository/IOS/User Management/Sign In/XCUIElementTypeTextField - username'

09-05-2024T10:23:13 - [MESSAGE][PASSED] - Text 'katalon' has been set to element 'Object Repository/IOS/User Management/Sign In/XCUIElementTypeTextField - username'

09-05-2024T10:23:13 - [TEST_STEP][PASSED] - setText(findTestObject("Object Repository/IOS/User Management/Sign In/XCUIElementTypeSecureTextField - Passcode"), LoginCreds.get("password"), 30): Text 'eKare123@' has been set to element 'Object Repository/IOS/User Management/Sign In/XCUIElementTypeSecureTextField - Passcode'

09-05-2024T10:23:15 - [MESSAGE][PASSED] - Text 'eKare123@' has been set to element 'Object Repository/IOS/User Management/Sign In/XCUIElementTypeSecureTextField - Passcode'

09-05-2024T10:23:15 - [TEST_STEP][PASSED] - tap(findTestObject("Object Repository/IOS/User Management/Sign In/XCUIElementTypeOther - SIGN IN"), 30): Tapped on element 'Object Repository/IOS/User Management/Sign In/XCUIElementTypeOther - SIGN IN'

09-05-2024T10:23:16 - [MESSAGE][PASSED] - Tapped on element 'Object Repository/IOS/User Management/Sign In/XCUIElementTypeOther - SIGN IN'

09-05-2024T10:23:16 - [TEST_STEP][PASSED] - tap(findTestObject("IOS/User Management/Sign In/XCUIElementTypeOther - Katalon"), 30): Tapped on element 'Object Repository/IOS/User Management/Sign In/XCUIElementTypeOther - Katalon'

09-05-2024T10:23:17 - [MESSAGE][PASSED] - Tapped on element 'Object Repository/IOS/User Management/Sign In/XCUIElementTypeOther - Katalon'

09-05-2024T10:23:17 - [TEST_STEP][PASSED] - delay(10): Delayed 10 second(s)

09-05-2024T10:23:27 - [MESSAGE][PASSED] - Delayed 10 second(s)

09-05-2024T10:23:29 - [TEST_STEP][PASSED] - Video: Video recording for test case 'Test Cases/IOS/User Management/EK-8491 IS iPhone - Sign in' .

09-05-2024T10:23:29 - [MESSAGE][INFO] - Video recording for test case 'Test Cases/IOS/User Management/EK-8491 IS iPhone - Sign in' .]]></system-out>
         <system-err><![CDATA[]]></system-err>
      </testcase>
      <testcase name="Test Cases/IOS/User Management/EK-8492 IS iPhone - Logout" time="13.92" classname="Test Cases/IOS/User Management/EK-8492 IS iPhone - Logout" status="PASSED">
         <system-out><![CDATA[09-05-2024T10:23:29 - [TEST_CASE][PASSED] - Test Cases/IOS/User Management/EK-8492 IS iPhone - Logout: Test Cases/IOS/User Management/EK-8492 IS iPhone - Logout

09-05-2024T10:23:29 - [TEST_STEP][PASSED] - Start listener action : beforeTestCase: null

09-05-2024T10:23:29 - [TEST_STEP][PASSED] - addDefaultPackages(): null

09-05-2024T10:23:30 - [TEST_STEP][PASSED] - runFeatureFile("Include/features/EK-8492 IS iPhone - Logout.feature"): Feature file: 'Include/features/EK-8492 IS iPhone - Logout.feature' was passed

09-05-2024T10:23:30 - [MESSAGE][INFO] - Starting run keyword runFeatureFile: 'Include/features/EK-8492 IS iPhone - Logout.feature' and extract report to folder: '/Users/safaamarir/git/Android_Automation/Reports/20240509_102044/IS iPhone/User Management/20240509_102044/cucumber_report/1715246610003'...

09-05-2024T10:23:30 - [MESSAGE][PASSED] - Feature file: 'Include/features/EK-8492 IS iPhone - Logout.feature' was passed

09-05-2024T10:23:30 - [TEST_STEP][PASSED] - tap(findTestObject("Object Repository/IOS/User Management/Logout/XCUIElementTypeOther"), 30): Tapped on element 'Object Repository/IOS/User Management/Logout/XCUIElementTypeOther'

09-05-2024T10:23:31 - [MESSAGE][PASSED] - Tapped on element 'Object Repository/IOS/User Management/Logout/XCUIElementTypeOther'

09-05-2024T10:23:31 - [TEST_STEP][PASSED] - tap(findTestObject("Object Repository/IOS/User Management/Logout/XCUIElementTypeOther - Logout"), 30): Tapped on element 'Object Repository/IOS/User Management/Logout/XCUIElementTypeOther - Logout'

09-05-2024T10:23:33 - [MESSAGE][PASSED] - Tapped on element 'Object Repository/IOS/User Management/Logout/XCUIElementTypeOther - Logout'

09-05-2024T10:23:33 - [TEST_STEP][PASSED] - verifyElementText(findTestObject("Object Repository/IOS/User Management/Logout/XCUIElementTypeStaticText - You want to logout"), "You want to logout ?"): Actual text and expected text of test object 'Object Repository/IOS/User Management/Logout/XCUIElementTypeStaticText - You want to logout' are matched.

09-05-2024T10:23:34 - [MESSAGE][PASSED] - Actual text and expected text of test object 'Object Repository/IOS/User Management/Logout/XCUIElementTypeStaticText - You want to logout' are matched.

09-05-2024T10:23:34 - [TEST_STEP][PASSED] - verifyElementExist(findTestObject("Object Repository/IOS/User Management/Logout/XCUIElementTypeButton - Cancel"), 30): Element 'Object Repository/IOS/User Management/Logout/XCUIElementTypeButton - Cancel' is exist

09-05-2024T10:23:36 - [MESSAGE][PASSED] - Element 'Object Repository/IOS/User Management/Logout/XCUIElementTypeButton - Cancel' is exist

09-05-2024T10:23:36 - [TEST_STEP][PASSED] - tap(findTestObject("Object Repository/IOS/User Management/Logout/XCUIElementTypeButton - Confirm"), 30): Tapped on element 'Object Repository/IOS/User Management/Logout/XCUIElementTypeButton - Confirm'

09-05-2024T10:23:37 - [MESSAGE][PASSED] - Tapped on element 'Object Repository/IOS/User Management/Logout/XCUIElementTypeButton - Confirm'

09-05-2024T10:23:37 - [TEST_STEP][PASSED] - verifyElementExist(findTestObject("Object Repository/IOS/User Management/Logout/XCUIElementTypeOther (1)"), 30): Element 'Object Repository/IOS/User Management/Logout/XCUIElementTypeOther (1)' is exist

09-05-2024T10:23:41 - [MESSAGE][PASSED] - Element 'Object Repository/IOS/User Management/Logout/XCUIElementTypeOther (1)' is exist

09-05-2024T10:23:43 - [TEST_STEP][PASSED] - Video: Video recording for test case 'Test Cases/IOS/User Management/EK-8492 IS iPhone - Logout' .

09-05-2024T10:23:43 - [MESSAGE][INFO] - Video recording for test case 'Test Cases/IOS/User Management/EK-8492 IS iPhone - Logout' .]]></system-out>
         <system-err><![CDATA[]]></system-err>
      </testcase>
      <testcase name="Test Cases/IOS/User Management/EK-8571 IS iPhone - Login as a user with multiple sites" time="135.888" classname="Test Cases/IOS/User Management/EK-8571 IS iPhone - Login as a user with multiple sites" status="PASSED">
         <system-out><![CDATA[09-05-2024T10:23:43 - [TEST_CASE][PASSED] - Test Cases/IOS/User Management/EK-8571 IS iPhone - Login as a user with multiple sites: Test Cases/IOS/User Management/EK-8571 IS iPhone - Login as a user with multiple sites

09-05-2024T10:23:43 - [TEST_STEP][PASSED] - Start listener action : beforeTestCase: null

09-05-2024T10:23:43 - [TEST_STEP][PASSED] - addDefaultPackages(): null

09-05-2024T10:23:43 - [TEST_STEP][PASSED] - runFeatureFile("Include/features/EK-8571 IS iPhone - Login as a user with multiple sites.feature"): Feature file: 'Include/features/EK-8571 IS iPhone - Login as a user with multiple sites.feature' was passed

09-05-2024T10:23:43 - [MESSAGE][INFO] - Starting run keyword runFeatureFile: 'Include/features/EK-8571 IS iPhone - Login as a user with multiple sites.feature' and extract report to folder: '/Users/safaamarir/git/Android_Automation/Reports/20240509_102044/IS iPhone/User Management/20240509_102044/cucumber_report/1715246623940'...

09-05-2024T10:23:43 - [MESSAGE][PASSED] - Feature file: 'Include/features/EK-8571 IS iPhone - Login as a user with multiple sites.feature' was passed

09-05-2024T10:23:43 - [TEST_STEP][PASSED] - setText(findTestObject("Object Repository/IOS/User Management/Sign In/XCUIElementTypeTextField - username"), LoginCreds.get("siteuser"), 30): Text 'katalonSite' has been set to element 'Object Repository/IOS/User Management/Sign In/XCUIElementTypeTextField - username'

09-05-2024T10:23:46 - [MESSAGE][PASSED] - Text 'katalonSite' has been set to element 'Object Repository/IOS/User Management/Sign In/XCUIElementTypeTextField - username'

09-05-2024T10:23:46 - [TEST_STEP][PASSED] - setText(findTestObject("Object Repository/IOS/User Management/Sign In/XCUIElementTypeSecureTextField - Passcode"), LoginCreds.get("password"), 30): Text 'eKare123@' has been set to element 'Object Repository/IOS/User Management/Sign In/XCUIElementTypeSecureTextField - Passcode'

09-05-2024T10:23:47 - [MESSAGE][PASSED] - Text 'eKare123@' has been set to element 'Object Repository/IOS/User Management/Sign In/XCUIElementTypeSecureTextField - Passcode'

09-05-2024T10:23:47 - [TEST_STEP][PASSED] - tap(findTestObject("Object Repository/IOS/User Management/Login as a user with multiple sites/XCUIElementTypeOther - SIGN IN"), 30): Tapped on element 'Object Repository/IOS/User Management/Login as a user with multiple sites/XCUIElementTypeOther - SIGN IN'

09-05-2024T10:23:49 - [MESSAGE][PASSED] - Tapped on element 'Object Repository/IOS/User Management/Login as a user with multiple sites/XCUIElementTypeOther - SIGN IN'

09-05-2024T10:23:49 - [TEST_STEP][PASSED] - tap(findTestObject("Object Repository/IOS/User Management/Login as a user with multiple sites/XCUIElementTypeOther - Katalon"), 30): Tapped on element 'Object Repository/IOS/User Management/Login as a user with multiple sites/XCUIElementTypeOther - Katalon'

09-05-2024T10:23:50 - [MESSAGE][PASSED] - Tapped on element 'Object Repository/IOS/User Management/Login as a user with multiple sites/XCUIElementTypeOther - Katalon'

09-05-2024T10:23:50 - [TEST_STEP][PASSED] - verifyElementExist(findTestObject("Object Repository/IOS/User Management/Login as a user with multiple sites/XCUIElementTypeOther -"), 30): Element 'Object Repository/IOS/User Management/Login as a user with multiple sites/XCUIElementTypeOther -' is exist

09-05-2024T10:23:53 - [MESSAGE][PASSED] - Element 'Object Repository/IOS/User Management/Login as a user with multiple sites/XCUIElementTypeOther -' is exist

09-05-2024T10:23:53 - [TEST_STEP][PASSED] - setText(findTestObject("Object Repository/IOS/User Management/Login as a user with multiple sites/XCUIElementTypeTextField - Search by Name, MRN"), "111ui", 30): Text '111ui' has been set to element 'Object Repository/IOS/User Management/Login as a user with multiple sites/XCUIElementTypeTextField - Search by Name, MRN'

09-05-2024T10:23:56 - [MESSAGE][PASSED] - Text '111ui' has been set to element 'Object Repository/IOS/User Management/Login as a user with multiple sites/XCUIElementTypeTextField - Search by Name, MRN'

09-05-2024T10:23:56 - [TEST_STEP][PASSED] - tapAtPosition(539, 707): Tapped at [539, 707]

09-05-2024T10:23:57 - [MESSAGE][PASSED] - Tapped at [539, 707]

09-05-2024T10:23:57 - [TEST_STEP][PASSED] - delay(5, STOP_ON_FAILURE): Delayed 5 second(s)

09-05-2024T10:24:02 - [MESSAGE][PASSED] - Delayed 5 second(s)

09-05-2024T10:24:02 - [TEST_STEP][PASSED] - tap(findTestObject("IOS/User Management/Login as a user with multiple sites/XCUIElementTypeOther - Patient"), 30): Tapped on element 'Object Repository/IOS/User Management/Login as a user with multiple sites/XCUIElementTypeOther - Patient'

09-05-2024T10:24:03 - [MESSAGE][PASSED] - Tapped on element 'Object Repository/IOS/User Management/Login as a user with multiple sites/XCUIElementTypeOther - Patient'

09-05-2024T10:24:03 - [TEST_STEP][PASSED] - tap(findTestObject("IOS/User Management/Login as a user with multiple sites/XCUIElementTypeOther - Patient"), 30): Tapped on element 'Object Repository/IOS/User Management/Login as a user with multiple sites/XCUIElementTypeOther - Patient'

09-05-2024T10:24:04 - [MESSAGE][PASSED] - Tapped on element 'Object Repository/IOS/User Management/Login as a user with multiple sites/XCUIElementTypeOther - Patient'

09-05-2024T10:24:04 - [TEST_STEP][PASSED] - tap(findTestObject("Object Repository/IOS/User Management/Login as a user with multiple sites/XCUIElementTypeOther - menu"), 30): Tapped on element 'Object Repository/IOS/User Management/Login as a user with multiple sites/XCUIElementTypeOther - menu'

09-05-2024T10:24:06 - [MESSAGE][PASSED] - Tapped on element 'Object Repository/IOS/User Management/Login as a user with multiple sites/XCUIElementTypeOther - menu'

09-05-2024T10:24:06 - [TEST_STEP][PASSED] - verifyElementExist(findTestObject("Object Repository/IOS/User Management/Login as a user with multiple sites/XCUIElementTypeOther - Delete patient"), 30): Element 'Object Repository/IOS/User Management/Login as a user with multiple sites/XCUIElementTypeOther - Delete patient' is exist

09-05-2024T10:24:07 - [MESSAGE][PASSED] - Element 'Object Repository/IOS/User Management/Login as a user with multiple sites/XCUIElementTypeOther - Delete patient' is exist

09-05-2024T10:24:07 - [TEST_STEP][PASSED] - tapAtPosition(539, 707): Tapped at [539, 707]

09-05-2024T10:24:08 - [MESSAGE][PASSED] - Tapped at [539, 707]

09-05-2024T10:24:08 - [TEST_STEP][PASSED] - tap(findTestObject("Object Repository/IOS/User Management/Login as a user with multiple sites/XCUIElementTypeOther - Back"), 30): Tapped on element 'Object Repository/IOS/User Management/Login as a user with multiple sites/XCUIElementTypeOther - Back'

09-05-2024T10:24:09 - [MESSAGE][PASSED] - Tapped on element 'Object Repository/IOS/User Management/Login as a user with multiple sites/XCUIElementTypeOther - Back'

09-05-2024T10:24:09 - [TEST_STEP][PASSED] - tap(findTestObject("Object Repository/IOS/User Management/Login as a user with multiple sites/XCUIElementTypeOther - Menu (1)"), 30): Tapped on element 'Object Repository/IOS/User Management/Login as a user with multiple sites/XCUIElementTypeOther - Menu (1)'

09-05-2024T10:24:10 - [MESSAGE][PASSED] - Tapped on element 'Object Repository/IOS/User Management/Login as a user with multiple sites/XCUIElementTypeOther - Menu (1)'

09-05-2024T10:24:10 - [TEST_STEP][PASSED] - tap(findTestObject("Object Repository/IOS/User Management/Login as a user with multiple sites/XCUIElementTypeOther - Site"), 30): Tapped on element 'Object Repository/IOS/User Management/Login as a user with multiple sites/XCUIElementTypeOther - Site'

09-05-2024T10:24:11 - [MESSAGE][PASSED] - Tapped on element 'Object Repository/IOS/User Management/Login as a user with multiple sites/XCUIElementTypeOther - Site'

09-05-2024T10:24:11 - [TEST_STEP][PASSED] - tap(findTestObject("Object Repository/IOS/User Management/Login as a user with multiple sites/XCUIElementTypeOther - site user"), 30): Tapped on element 'Object Repository/IOS/User Management/Login as a user with multiple sites/XCUIElementTypeOther - site user'

09-05-2024T10:24:12 - [MESSAGE][PASSED] - Tapped on element 'Object Repository/IOS/User Management/Login as a user with multiple sites/XCUIElementTypeOther - site user'

09-05-2024T10:24:12 - [TEST_STEP][PASSED] - verifyElementExist(findTestObject("Object Repository/IOS/User Management/Login as a user with multiple sites/XCUIElementTypeOther - add patient"), 30): Element 'Object Repository/IOS/User Management/Login as a user with multiple sites/XCUIElementTypeOther - add patient' is exist

09-05-2024T10:24:15 - [MESSAGE][PASSED] - Element 'Object Repository/IOS/User Management/Login as a user with multiple sites/XCUIElementTypeOther - add patient' is exist

09-05-2024T10:24:15 - [TEST_STEP][PASSED] - tap(findTestObject("IOS/User Management/Login as a user with multiple sites/XCUIElementTypeOther - Patient 1"), 30): Tapped on element 'Object Repository/IOS/User Management/Login as a user with multiple sites/XCUIElementTypeOther - Patient 1'

09-05-2024T10:24:16 - [MESSAGE][PASSED] - Tapped on element 'Object Repository/IOS/User Management/Login as a user with multiple sites/XCUIElementTypeOther - Patient 1'

09-05-2024T10:24:16 - [TEST_STEP][PASSED] - tap(findTestObject("Object Repository/IOS/User Management/Login as a user with multiple sites/XCUIElementTypeOther - Menu Patient"), 30): Tapped on element 'Object Repository/IOS/User Management/Login as a user with multiple sites/XCUIElementTypeOther - Menu Patient'

09-05-2024T10:24:18 - [MESSAGE][PASSED] - Tapped on element 'Object Repository/IOS/User Management/Login as a user with multiple sites/XCUIElementTypeOther - Menu Patient'

09-05-2024T10:24:18 - [TEST_STEP][PASSED] - verifyElementExist(findTestObject("Object Repository/IOS/User Management/Login as a user with multiple sites/XCUIElementTypeOther - Edit patient"), 30): Element 'Object Repository/IOS/User Management/Login as a user with multiple sites/XCUIElementTypeOther - Edit patient' is exist

09-05-2024T10:24:19 - [MESSAGE][PASSED] - Element 'Object Repository/IOS/User Management/Login as a user with multiple sites/XCUIElementTypeOther - Edit patient' is exist

09-05-2024T10:24:19 - [TEST_STEP][PASSED] - verifyElementNotExist(findTestObject("IOS/User Management/Login as a user with multiple sites/XCUIElementTypeOther - Delete patient"), 30): Element 'Object Repository/IOS/User Management/Login as a user with multiple sites/XCUIElementTypeOther - Delete patient' not found

09-05-2024T10:24:49 - [MESSAGE][PASSED] - Element 'Object Repository/IOS/User Management/Login as a user with multiple sites/XCUIElementTypeOther - Delete patient' not found

09-05-2024T10:24:49 - [TEST_STEP][PASSED] - tapAtPosition(539, 707): Tapped at [539, 707]

09-05-2024T10:24:50 - [MESSAGE][PASSED] - Tapped at [539, 707]

09-05-2024T10:24:50 - [TEST_STEP][PASSED] - tap(findTestObject("Object Repository/IOS/User Management/Login as a user with multiple sites/XCUIElementTypeOther - Back"), 30): Tapped on element 'Object Repository/IOS/User Management/Login as a user with multiple sites/XCUIElementTypeOther - Back'

09-05-2024T10:24:51 - [MESSAGE][PASSED] - Tapped on element 'Object Repository/IOS/User Management/Login as a user with multiple sites/XCUIElementTypeOther - Back'

09-05-2024T10:24:51 - [TEST_STEP][PASSED] - tap(findTestObject("Object Repository/IOS/User Management/Login as a user with multiple sites/XCUIElementTypeOther - Menu (1)"), 30): Tapped on element 'Object Repository/IOS/User Management/Login as a user with multiple sites/XCUIElementTypeOther - Menu (1)'

09-05-2024T10:24:52 - [MESSAGE][PASSED] - Tapped on element 'Object Repository/IOS/User Management/Login as a user with multiple sites/XCUIElementTypeOther - Menu (1)'

09-05-2024T10:24:52 - [TEST_STEP][PASSED] - tap(findTestObject("Object Repository/IOS/User Management/Login as a user with multiple sites/XCUIElementTypeOther - Site"), 30): Tapped on element 'Object Repository/IOS/User Management/Login as a user with multiple sites/XCUIElementTypeOther - Site'

09-05-2024T10:24:53 - [MESSAGE][PASSED] - Tapped on element 'Object Repository/IOS/User Management/Login as a user with multiple sites/XCUIElementTypeOther - Site'

09-05-2024T10:24:53 - [TEST_STEP][PASSED] - checkElement(findTestObject("IOS/User Management/Login as a user with multiple sites/XCUIElementTypeOther - Test1"), 30): Element 'Object Repository/IOS/User Management/Login as a user with multiple sites/XCUIElementTypeOther - Test1' is checked

09-05-2024T10:24:55 - [MESSAGE][PASSED] - Element 'Object Repository/IOS/User Management/Login as a user with multiple sites/XCUIElementTypeOther - Test1' is checked

09-05-2024T10:24:55 - [TEST_STEP][PASSED] - verifyElementNotExist(findTestObject("Object Repository/IOS/User Management/Login as a user with multiple sites/XCUIElementTypeOther -"), 30): Element 'Object Repository/IOS/User Management/Login as a user with multiple sites/XCUIElementTypeOther -' not found

09-05-2024T10:25:25 - [MESSAGE][PASSED] - Element 'Object Repository/IOS/User Management/Login as a user with multiple sites/XCUIElementTypeOther -' not found

09-05-2024T10:25:25 - [TEST_STEP][PASSED] - tap(findTestObject("IOS/User Management/Login as a user with multiple sites/XCUIElementTypeOther - Katalon, Patient 07022024 33M    MRN 112ui No Consent (1)"), 30): Tapped on element 'Object Repository/IOS/User Management/Login as a user with multiple sites/XCUIElementTypeOther - Katalon, Patient 07022024 33M    MRN 112ui No Consent (1)'

09-05-2024T10:25:26 - [MESSAGE][PASSED] - Tapped on element 'Object Repository/IOS/User Management/Login as a user with multiple sites/XCUIElementTypeOther - Katalon, Patient 07022024 33M    MRN 112ui No Consent (1)'

09-05-2024T10:25:26 - [TEST_STEP][PASSED] - verifyElementNotExist(findTestObject("IOS/User Management/Login as a user with multiple sites/XCUIElementTypeOther - Menu Patient"), 30): Element 'Object Repository/IOS/User Management/Login as a user with multiple sites/XCUIElementTypeOther - Menu Patient' not found

09-05-2024T10:25:56 - [MESSAGE][PASSED] - Element 'Object Repository/IOS/User Management/Login as a user with multiple sites/XCUIElementTypeOther - Menu Patient' not found

09-05-2024T10:25:56 - [TEST_STEP][PASSED] - tap(findTestObject("IOS/User Management/Login as a user with multiple sites/XCUIElementTypeOther - Back"), 30): Tapped on element 'Object Repository/IOS/User Management/Login as a user with multiple sites/XCUIElementTypeOther - Back'

09-05-2024T10:25:57 - [MESSAGE][PASSED] - Tapped on element 'Object Repository/IOS/User Management/Login as a user with multiple sites/XCUIElementTypeOther - Back'

09-05-2024T10:25:59 - [TEST_STEP][PASSED] - Video: Video recording for test case 'Test Cases/IOS/User Management/EK-8571 IS iPhone - Login as a user with multiple sites' .

09-05-2024T10:25:59 - [MESSAGE][INFO] - Video recording for test case 'Test Cases/IOS/User Management/EK-8571 IS iPhone - Login as a user with multiple sites' .]]></system-out>
         <system-err><![CDATA[]]></system-err>
      </testcase>
      <testcase name="Test Cases/IOS/User Management/EK-8513 IS iPhone - Auto Logout" time="77.642" classname="Test Cases/IOS/User Management/EK-8513 IS iPhone - Auto Logout" status="PASSED">
         <system-out><![CDATA[09-05-2024T10:25:59 - [TEST_CASE][PASSED] - Test Cases/IOS/User Management/EK-8513 IS iPhone - Auto Logout: Test Cases/IOS/User Management/EK-8513 IS iPhone - Auto Logout

09-05-2024T10:25:59 - [TEST_STEP][PASSED] - Start listener action : beforeTestCase: null

09-05-2024T10:25:59 - [TEST_STEP][PASSED] - addDefaultPackages(): null

09-05-2024T10:25:59 - [TEST_STEP][PASSED] - runFeatureFile("Include/features/EK-8513 IS iPhone - Auto Logout.feature"): Feature file: 'Include/features/EK-8513 IS iPhone - Auto Logout.feature' was passed

09-05-2024T10:25:59 - [MESSAGE][INFO] - Starting run keyword runFeatureFile: 'Include/features/EK-8513 IS iPhone - Auto Logout.feature' and extract report to folder: '/Users/safaamarir/git/Android_Automation/Reports/20240509_102044/IS iPhone/User Management/20240509_102044/cucumber_report/1715246759819'...

09-05-2024T10:25:59 - [MESSAGE][PASSED] - Feature file: 'Include/features/EK-8513 IS iPhone - Auto Logout.feature' was passed

09-05-2024T10:25:59 - [TEST_STEP][PASSED] - tap(findTestObject("Object Repository/IOS/User Management/Auto Logout/XCUIElementTypeOther"), 30): Tapped on element 'Object Repository/IOS/User Management/Auto Logout/XCUIElementTypeOther'

09-05-2024T10:26:00 - [MESSAGE][PASSED] - Tapped on element 'Object Repository/IOS/User Management/Auto Logout/XCUIElementTypeOther'

09-05-2024T10:26:00 - [TEST_STEP][PASSED] - tap(findTestObject("Object Repository/IOS/User Management/Auto Logout/XCUIElementTypeOther - Settings"), 30): Tapped on element 'Object Repository/IOS/User Management/Auto Logout/XCUIElementTypeOther - Settings'

09-05-2024T10:26:01 - [MESSAGE][PASSED] - Tapped on element 'Object Repository/IOS/User Management/Auto Logout/XCUIElementTypeOther - Settings'

09-05-2024T10:26:01 - [TEST_STEP][PASSED] - tap(findTestObject("Object Repository/IOS/User Management/Auto Logout/XCUIElementTypeOther - Logout time 10 minutes"), 30): Tapped on element 'Object Repository/IOS/User Management/Auto Logout/XCUIElementTypeOther - Logout time 10 minutes'

09-05-2024T10:26:02 - [MESSAGE][PASSED] - Tapped on element 'Object Repository/IOS/User Management/Auto Logout/XCUIElementTypeOther - Logout time 10 minutes'

09-05-2024T10:26:02 - [TEST_STEP][PASSED] - tap(findTestObject("Object Repository/IOS/User Management/Auto Logout/XCUIElementTypeOther - 1 minutes"), 30): Tapped on element 'Object Repository/IOS/User Management/Auto Logout/XCUIElementTypeOther - 1 minutes'

09-05-2024T10:26:03 - [MESSAGE][PASSED] - Tapped on element 'Object Repository/IOS/User Management/Auto Logout/XCUIElementTypeOther - 1 minutes'

09-05-2024T10:26:03 - [TEST_STEP][PASSED] - tap(findTestObject("Object Repository/IOS/User Management/Auto Logout/XCUIElementTypeOther (2)"), 30): Tapped on element 'Object Repository/IOS/User Management/Auto Logout/XCUIElementTypeOther (2)'

09-05-2024T10:26:04 - [MESSAGE][PASSED] - Tapped on element 'Object Repository/IOS/User Management/Auto Logout/XCUIElementTypeOther (2)'

09-05-2024T10:26:04 - [TEST_STEP][PASSED] - delay(30): Delayed 30 second(s)

09-05-2024T10:26:34 - [MESSAGE][PASSED] - Delayed 30 second(s)

09-05-2024T10:26:34 - [TEST_STEP][PASSED] - delay(30, STOP_ON_FAILURE): Delayed 30 second(s)

09-05-2024T10:27:04 - [MESSAGE][PASSED] - Delayed 30 second(s)

09-05-2024T10:27:04 - [TEST_STEP][PASSED] - delay(10, STOP_ON_FAILURE): Delayed 10 second(s)

09-05-2024T10:27:14 - [MESSAGE][PASSED] - Delayed 10 second(s)

09-05-2024T10:27:14 - [TEST_STEP][PASSED] - verifyElementExist(findTestObject("Object Repository/IOS/User Management/Auto Logout/XCUIElementTypeImage"), 30): Element 'Object Repository/IOS/User Management/Auto Logout/XCUIElementTypeImage' is exist

09-05-2024T10:27:15 - [MESSAGE][PASSED] - Element 'Object Repository/IOS/User Management/Auto Logout/XCUIElementTypeImage' is exist

09-05-2024T10:27:17 - [TEST_STEP][PASSED] - Video: Video recording for test case 'Test Cases/IOS/User Management/EK-8513 IS iPhone - Auto Logout' .

09-05-2024T10:27:17 - [MESSAGE][INFO] - Video recording for test case 'Test Cases/IOS/User Management/EK-8513 IS iPhone - Auto Logout' .]]></system-out>
         <system-err><![CDATA[]]></system-err>
      </testcase>
      <system-out><![CDATA[09-05-2024T10:20:47 - [TEST_SUITE][PASSED] - User Management: Test Cases/IOS/User Management/EK-8513 IS iPhone - Auto Logout]]></system-out>
      <system-err><![CDATA[]]></system-err>
   </testsuite>
</testsuites>
