<?xml version="1.0" encoding="UTF-8"?>
<testsuites name="Treatment and WCP" time="386.508" tests="3" failures="0" errors="0">
   <testsuite name="Treatment and WCP" tests="3" failures="0" errors="0" time="386.508" skipped="0" timestamp="2023-08-15 12:04:29" hostname="Amarir - DESKTOP-EE3F8H4" id="Test Suites/Treatment and WCP">
      <properties>
         <property name="deviceName" value="samsung SM-N975F (Android 12)"/>
         <property name="devicePlatform" value=""/>
         <property name="logFolder" value="C:\\Users\\Amarir\\git\\IS_Katalon_Lite_Version\\Reports\\20230815_120352\\Treatment and WCP\\20230815_120352"/>
         <property name="logFiles" value="C:\\Users\\Amarir\\git\\IS_Katalon_Lite_Version\\Reports\\20230815_120352\\Treatment and WCP\\20230815_120352\\appium.log, C:\\Users\\Amarir\\git\\IS_Katalon_Lite_Version\\Reports\\20230815_120352\\Treatment and WCP\\20230815_120352\\execution0.log"/>
         <property name="attachments" value="C:\\Users\\Amarir\\git\\IS_Katalon_Lite_Version\\Reports\\20230815_120352\\Treatment and WCP\\20230815_120352\\1692101375529.png"/>
         <property name="hostName" value="Amarir - DESKTOP-EE3F8H4"/>
         <property name="os" value="Windows 10 64bit"/>
         <property name="appiumServerStatus" value="{&quot;value&quot;:{&quot;build&quot;:{&quot;version&quot;:&quot;1.22.0&quot;}},&quot;sessionId&quot;:null,&quot;status&quot;:0}"/>
         <property name="katalonVersion" value="8.6.0.208"/>
         <property name="deviceOS" value="Android"/>
         <property name="appiumVersion" value="1.22.0"/>
         <property name="deviceModel" value="SM-N975F"/>
         <property name="hostAddress" value="192.168.234.1"/>
         <property name="deviceManufacturer" value="samsung"/>
         <property name="deviceId" value="RF8N307NKZV"/>
         <property name="deviceName" value="samsung SM-N975F (Android 12)"/>
         <property name="deviceOSVersion" value="12"/>
      </properties>
      <testcase name="Test Cases/User Managemenet/Login" time="130.433" classname="Test Cases/User Managemenet/Login" status="PASSED">
         <system-out><![CDATA[2023-08-15 12:04:32 - [TEST_CASE][PASSED] - Test Cases/User Managemenet/Login: Test Cases/User Managemenet/Login

2023-08-15 12:04:37 - [TEST_STEP][PASSED] - startApplication(APK, false): Started app at: 'C:\Users\Amarir\Downloads\APK\IS\IS_Prod_2.1.apk'

2023-08-15 12:04:45 - [MESSAGE][INFO] - Detected NodeJS location: "C:\Program Files\nodejs\node.exe"

2023-08-15 12:04:58 - [MESSAGE][INFO] - Appium server started on port 55,952

2023-08-15 12:06:26 - [MESSAGE][PASSED] - Started app at: 'C:\Users\Amarir\Downloads\APK\IS\IS_Prod_2.1.apk'

2023-08-15 12:06:26 - [TEST_STEP][PASSED] - setText(findTestObject("User Management/Login/android.widget.EditText - username"), LoginCreds.get("username"), 30): Text 'safakata' has been set to element 'Object Repository/User Management/Login/android.widget.EditText - username'

2023-08-15 12:06:31 - [MESSAGE][PASSED] - Text 'safakata' has been set to element 'Object Repository/User Management/Login/android.widget.EditText - username'

2023-08-15 12:06:31 - [TEST_STEP][PASSED] - setText(findTestObject("User Management/Login/android.widget.EditText - password"), LoginCreds.get("password"), 30): Text 'eKare123@' has been set to element 'Object Repository/User Management/Login/android.widget.EditText - password'

2023-08-15 12:06:32 - [MESSAGE][PASSED] - Text 'eKare123@' has been set to element 'Object Repository/User Management/Login/android.widget.EditText - password'

2023-08-15 12:06:32 - [TEST_STEP][PASSED] - tap(findTestObject("User Management/Login/android.view.ViewGroup - sign in"), 30): Tapped on element 'Object Repository/User Management/Login/android.view.ViewGroup - sign in'

2023-08-15 12:06:34 - [MESSAGE][PASSED] - Tapped on element 'Object Repository/User Management/Login/android.view.ViewGroup - sign in'

2023-08-15 12:06:34 - [TEST_STEP][PASSED] - tap(findTestObject("Object Repository/User Management/Login/android.widget.TextView - Katalon"), 30): Tapped on element 'Object Repository/User Management/Login/android.widget.TextView - Katalon'

2023-08-15 12:06:36 - [MESSAGE][PASSED] - Tapped on element 'Object Repository/User Management/Login/android.widget.TextView - Katalon'

2023-08-15 12:06:36 - [TEST_STEP][PASSED] - delay(2, STOP_ON_FAILURE): Delayed 2 second(s)

2023-08-15 12:06:38 - [MESSAGE][PASSED] - Delayed 2 second(s)

2023-08-15 12:06:38 - [TEST_STEP][PASSED] - verifyElementExist(findTestObject("Object Repository/User Management/Login/android.widget.TextView - Patient Directory"), 30): Element 'Object Repository/User Management/Login/android.widget.TextView - Patient Directory' is exist

2023-08-15 12:06:42 - [MESSAGE][PASSED] - Element 'Object Repository/User Management/Login/android.widget.TextView - Patient Directory' is exist]]></system-out>
         <system-err><![CDATA[]]></system-err>
      </testcase>
      <testcase name="Test Cases/Treatment and WCP/Add Treatment" time="96.45" classname="Test Cases/Treatment and WCP/Add Treatment" status="PASSED">
         <system-out><![CDATA[2023-08-15 12:06:42 - [TEST_CASE][PASSED] - Test Cases/Treatment and WCP/Add Treatment: Test Cases/Treatment and WCP/Add Treatment

2023-08-15 12:06:45 - [TEST_STEP][PASSED] - scrollToText("MRN: 24ui"): Scrolling to text 'MRN: 24ui' successfully

2023-08-15 12:06:56 - [MESSAGE][PASSED] - Scrolling to text 'MRN: 24ui' successfully

2023-08-15 12:06:56 - [TEST_STEP][PASSED] - tap(findTestObject("Object Repository/Treatment and WCP/Add Treatment/android.widget.TextView - MRN 24ui"), 30): Tapped on element 'Object Repository/Treatment and WCP/Add Treatment/android.widget.TextView - MRN 24ui'

2023-08-15 12:06:57 - [MESSAGE][PASSED] - Tapped on element 'Object Repository/Treatment and WCP/Add Treatment/android.widget.TextView - MRN 24ui'

2023-08-15 12:06:57 - [TEST_STEP][PASSED] - verifyElementExist(findTestObject("Object Repository/Treatment and WCP/Add Treatment/android.view.ViewGroup - Wound"), 30): Element 'Object Repository/Treatment and WCP/Add Treatment/android.view.ViewGroup - Wound' is exist

2023-08-15 12:07:00 - [MESSAGE][PASSED] - Element 'Object Repository/Treatment and WCP/Add Treatment/android.view.ViewGroup - Wound' is exist

2023-08-15 12:07:00 - [TEST_STEP][PASSED] - tap(findTestObject("Object Repository/Treatment and WCP/Add Treatment/android.view.ViewGroup - Wound"), 30): Tapped on element 'Object Repository/Treatment and WCP/Add Treatment/android.view.ViewGroup - Wound'

2023-08-15 12:07:01 - [MESSAGE][PASSED] - Tapped on element 'Object Repository/Treatment and WCP/Add Treatment/android.view.ViewGroup - Wound'

2023-08-15 12:07:01 - [TEST_STEP][PASSED] - verifyElementText(findTestObject("Object Repository/Treatment and WCP/Add Treatment/android.widget.TextView - Treatment"), "Treatment"): Actual text and expected text of test object 'Object Repository/Treatment and WCP/Add Treatment/android.widget.TextView - Treatment' are matched.

2023-08-15 12:07:32 - [MESSAGE][PASSED] - Actual text and expected text of test object 'Object Repository/Treatment and WCP/Add Treatment/android.widget.TextView - Treatment' are matched.

2023-08-15 12:07:32 - [TEST_STEP][PASSED] - tap(findTestObject("Treatment and WCP/Add Treatment/android.widget.TextView - Treatment"), 30): Tapped on element 'Object Repository/Treatment and WCP/Add Treatment/android.widget.TextView - Treatment'

2023-08-15 12:08:03 - [MESSAGE][PASSED] - Tapped on element 'Object Repository/Treatment and WCP/Add Treatment/android.widget.TextView - Treatment'

2023-08-15 12:08:03 - [TEST_STEP][PASSED] - verifyElementExist(findTestObject("Object Repository/Treatment and WCP/Add Treatment/android.widget.ImageView - Add Treatement"), 30): Element 'Object Repository/Treatment and WCP/Add Treatment/android.widget.ImageView - Add Treatement' is exist

2023-08-15 12:08:04 - [MESSAGE][PASSED] - Element 'Object Repository/Treatment and WCP/Add Treatment/android.widget.ImageView - Add Treatement' is exist

2023-08-15 12:08:04 - [TEST_STEP][PASSED] - tap(findTestObject("Object Repository/Treatment and WCP/Add Treatment/android.widget.ImageView - Add Treatement"), 30): Tapped on element 'Object Repository/Treatment and WCP/Add Treatment/android.widget.ImageView - Add Treatement'

2023-08-15 12:08:05 - [MESSAGE][PASSED] - Tapped on element 'Object Repository/Treatment and WCP/Add Treatment/android.widget.ImageView - Add Treatement'

2023-08-15 12:08:05 - [TEST_STEP][PASSED] - tap(findTestObject("Object Repository/Treatment and WCP/Add Treatment/android.widget.TextView - Next"), 30): Tapped on element 'Object Repository/Treatment and WCP/Add Treatment/android.widget.TextView - Next'

2023-08-15 12:08:07 - [MESSAGE][PASSED] - Tapped on element 'Object Repository/Treatment and WCP/Add Treatment/android.widget.TextView - Next'

2023-08-15 12:08:07 - [TEST_STEP][PASSED] - tap(findTestObject("Object Repository/Treatment and WCP/Add Treatment/android.widget.TextView - CLEANSING"), 30): Tapped on element 'Object Repository/Treatment and WCP/Add Treatment/android.widget.TextView - CLEANSING'

2023-08-15 12:08:08 - [MESSAGE][PASSED] - Tapped on element 'Object Repository/Treatment and WCP/Add Treatment/android.widget.TextView - CLEANSING'

2023-08-15 12:08:08 - [TEST_STEP][PASSED] - tap(findTestObject("Object Repository/Treatment and WCP/Add Treatment/android.widget.TextView - Acetic Acid"), 30): Tapped on element 'Object Repository/Treatment and WCP/Add Treatment/android.widget.TextView - Acetic Acid'

2023-08-15 12:08:09 - [MESSAGE][PASSED] - Tapped on element 'Object Repository/Treatment and WCP/Add Treatment/android.widget.TextView - Acetic Acid'

2023-08-15 12:08:09 - [TEST_STEP][PASSED] - tap(findTestObject("Object Repository/Treatment and WCP/Add Treatment/android.widget.TextView - OINTMENTS"), 30): Tapped on element 'Object Repository/Treatment and WCP/Add Treatment/android.widget.TextView - OINTMENTS'

2023-08-15 12:08:10 - [MESSAGE][PASSED] - Tapped on element 'Object Repository/Treatment and WCP/Add Treatment/android.widget.TextView - OINTMENTS'

2023-08-15 12:08:10 - [TEST_STEP][PASSED] - tap(findTestObject("Object Repository/Treatment and WCP/Add Treatment/android.widget.TextView - Zinc Oxide"), 30): Tapped on element 'Object Repository/Treatment and WCP/Add Treatment/android.widget.TextView - Zinc Oxide'

2023-08-15 12:08:11 - [MESSAGE][PASSED] - Tapped on element 'Object Repository/Treatment and WCP/Add Treatment/android.widget.TextView - Zinc Oxide'

2023-08-15 12:08:11 - [TEST_STEP][PASSED] - tap(findTestObject("Object Repository/Treatment and WCP/Add Treatment/android.widget.TextView - Save"), 30): Tapped on element 'Object Repository/Treatment and WCP/Add Treatment/android.widget.TextView - Save'

2023-08-15 12:08:13 - [MESSAGE][PASSED] - Tapped on element 'Object Repository/Treatment and WCP/Add Treatment/android.widget.TextView - Save'

2023-08-15 12:08:13 - [TEST_STEP][PASSED] - verifyElementText(findTestObject("Object Repository/Treatment and WCP/Add Treatment/android.widget.TextView - Acetic Acid (1)"), "Acetic Acid"): Actual text and expected text of test object 'Object Repository/Treatment and WCP/Add Treatment/android.widget.TextView - Acetic Acid (1)' are matched.

2023-08-15 12:08:15 - [MESSAGE][PASSED] - Actual text and expected text of test object 'Object Repository/Treatment and WCP/Add Treatment/android.widget.TextView - Acetic Acid (1)' are matched.

2023-08-15 12:08:15 - [TEST_STEP][PASSED] - verifyElementText(findTestObject("Object Repository/Treatment and WCP/Add Treatment/android.widget.TextView - Zinc Oxide (1)"), "Zinc Oxide"): Actual text and expected text of test object 'Object Repository/Treatment and WCP/Add Treatment/android.widget.TextView - Zinc Oxide (1)' are matched.

2023-08-15 12:08:16 - [MESSAGE][PASSED] - Actual text and expected text of test object 'Object Repository/Treatment and WCP/Add Treatment/android.widget.TextView - Zinc Oxide (1)' are matched.

2023-08-15 12:08:16 - [TEST_STEP][PASSED] - pressBack(): Press back button successfully

2023-08-15 12:08:17 - [MESSAGE][PASSED] - Press back button successfully

2023-08-15 12:08:17 - [TEST_STEP][PASSED] - pressBack(): Press back button successfully

2023-08-15 12:08:18 - [MESSAGE][PASSED] - Press back button successfully

2023-08-15 12:08:18 - [TEST_STEP][PASSED] - pressBack(): Press back button successfully

2023-08-15 12:08:18 - [MESSAGE][PASSED] - Press back button successfully]]></system-out>
         <system-err><![CDATA[]]></system-err>
      </testcase>
      <testcase name="Test Cases/Treatment and WCP/Edit Treatment" time="79.367" classname="Test Cases/Treatment and WCP/Edit Treatment" status="PASSED">
         <system-out><![CDATA[2023-08-15 12:09:36 - [TEST_CASE][PASSED] - Test Cases/Treatment and WCP/Edit Treatment: Test Cases/Treatment and WCP/Edit Treatment

2023-08-15 12:09:36 - [TEST_STEP][PASSED] - scrollToText("MRN: 09ui", STOP_ON_FAILURE): Scrolling to text 'MRN: 09ui' successfully

2023-08-15 12:09:37 - [MESSAGE][PASSED] - Scrolling to text 'MRN: 09ui' successfully

2023-08-15 12:09:37 - [TEST_STEP][PASSED] - tap(findTestObject("Object Repository/Treatment and WCP/Edit Treatment/android.widget.TextView - MRN 09ui"), 30): Tapped on element 'Object Repository/Treatment and WCP/Edit Treatment/android.widget.TextView - MRN 09ui'

2023-08-15 12:09:38 - [MESSAGE][PASSED] - Tapped on element 'Object Repository/Treatment and WCP/Edit Treatment/android.widget.TextView - MRN 09ui'

2023-08-15 12:09:38 - [TEST_STEP][PASSED] - tap(findTestObject("Object Repository/Treatment and WCP/Edit Treatment/android.view.ViewGroup - Wound"), 30): Tapped on element 'Object Repository/Treatment and WCP/Edit Treatment/android.view.ViewGroup - Wound'

2023-08-15 12:09:39 - [MESSAGE][PASSED] - Tapped on element 'Object Repository/Treatment and WCP/Edit Treatment/android.view.ViewGroup - Wound'

2023-08-15 12:09:39 - [TEST_STEP][PASSED] - tap(findTestObject("Object Repository/Treatment and WCP/Edit Treatment/android.widget.TextView - Treatment"), 30): Tapped on element 'Object Repository/Treatment and WCP/Edit Treatment/android.widget.TextView - Treatment'

2023-08-15 12:10:10 - [MESSAGE][PASSED] - Tapped on element 'Object Repository/Treatment and WCP/Edit Treatment/android.widget.TextView - Treatment'

2023-08-15 12:10:10 - [TEST_STEP][PASSED] - tap(findTestObject("Object Repository/Treatment and WCP/Edit Treatment/android.widget.ImageView - Edit Treatement"), 30): Tapped on element 'Object Repository/Treatment and WCP/Edit Treatment/android.widget.ImageView - Edit Treatement'

2023-08-15 12:10:13 - [MESSAGE][PASSED] - Tapped on element 'Object Repository/Treatment and WCP/Edit Treatment/android.widget.ImageView - Edit Treatement'

2023-08-15 12:10:13 - [TEST_STEP][PASSED] - tap(findTestObject("Object Repository/Treatment and WCP/Edit Treatment/android.widget.TextView - Next"), 30): Tapped on element 'Object Repository/Treatment and WCP/Edit Treatment/android.widget.TextView - Next'

2023-08-15 12:10:15 - [MESSAGE][PASSED] - Tapped on element 'Object Repository/Treatment and WCP/Edit Treatment/android.widget.TextView - Next'

2023-08-15 12:10:15 - [TEST_STEP][PASSED] - tap(findTestObject("Object Repository/Treatment and WCP/Edit Treatment/android.widget.TextView - DRESSING"), 30): Tapped on element 'Object Repository/Treatment and WCP/Edit Treatment/android.widget.TextView - DRESSING'

2023-08-15 12:10:16 - [MESSAGE][PASSED] - Tapped on element 'Object Repository/Treatment and WCP/Edit Treatment/android.widget.TextView - DRESSING'

2023-08-15 12:10:16 - [TEST_STEP][PASSED] - tap(findTestObject("Object Repository/Treatment and WCP/Edit Treatment/android.widget.TextView - Activated Charcoal (1)"), 30): Tapped on element 'Object Repository/Treatment and WCP/Edit Treatment/android.widget.TextView - Activated Charcoal (1)'

2023-08-15 12:10:45 - [MESSAGE][PASSED] - Tapped on element 'Object Repository/Treatment and WCP/Edit Treatment/android.widget.TextView - Activated Charcoal (1)'

2023-08-15 12:10:45 - [TEST_STEP][PASSED] - tap(findTestObject("Object Repository/Treatment and WCP/Edit Treatment/android.widget.TextView - Save"), 30): Tapped on element 'Object Repository/Treatment and WCP/Edit Treatment/android.widget.TextView - Save'

2023-08-15 12:10:46 - [MESSAGE][PASSED] - Tapped on element 'Object Repository/Treatment and WCP/Edit Treatment/android.widget.TextView - Save'

2023-08-15 12:10:46 - [TEST_STEP][PASSED] - verifyElementText(findTestObject("Object Repository/Treatment and WCP/Edit Treatment/android.widget.TextView - Activated Charcoal"), "Activated Charcoal"): Actual text and expected text of test object 'Object Repository/Treatment and WCP/Edit Treatment/android.widget.TextView - Activated Charcoal' are matched.

2023-08-15 12:10:51 - [MESSAGE][PASSED] - Actual text and expected text of test object 'Object Repository/Treatment and WCP/Edit Treatment/android.widget.TextView - Activated Charcoal' are matched.

2023-08-15 12:10:51 - [TEST_STEP][PASSED] - verifyElementText(findTestObject("Object Repository/Treatment and WCP/Edit Treatment/android.widget.TextView - DRESSING (1)"), "DRESSING"): Actual text and expected text of test object 'Object Repository/Treatment and WCP/Edit Treatment/android.widget.TextView - DRESSING (1)' are matched.

2023-08-15 12:10:53 - [MESSAGE][PASSED] - Actual text and expected text of test object 'Object Repository/Treatment and WCP/Edit Treatment/android.widget.TextView - DRESSING (1)' are matched.

2023-08-15 12:10:53 - [TEST_STEP][PASSED] - pressBack(): Press back button successfully

2023-08-15 12:10:53 - [MESSAGE][PASSED] - Press back button successfully

2023-08-15 12:10:53 - [TEST_STEP][PASSED] - pressBack(): Press back button successfully

2023-08-15 12:10:54 - [MESSAGE][PASSED] - Press back button successfully

2023-08-15 12:10:54 - [TEST_STEP][PASSED] - pressBack(): Press back button successfully

2023-08-15 12:10:56 - [MESSAGE][PASSED] - Press back button successfully]]></system-out>
         <system-err><![CDATA[]]></system-err>
      </testcase>
      <system-out><![CDATA[2023-08-15 12:04:29 - [TEST_SUITE][FAILED] - Treatment and WCP: Test Cases/Treatment and WCP/Edit Treatment FAILED.
Reason:
com.kms.katalon.core.exception.StepFailedException: Object Object Repository/Treatment and WCP/Edit Treatment/android.widget.TextView - Activated Charcoal (1) not found
	at com.kms.katalon.core.keyword.internal.KeywordMain.stepFailed(KeywordMain.groovy:51)
	at com.kms.katalon.core.mobile.keyword.internal.MobileKeywordMain.stepFailed(MobileKeywordMain.groovy:40)
	at com.kms.katalon.core.mobile.keyword.builtin.TapKeyword$_tap_closure1.doCall(TapKeyword.groovy:79)
	at com.kms.katalon.core.mobile.keyword.builtin.TapKeyword$_tap_closure1.call(TapKeyword.groovy)
	at com.kms.katalon.core.mobile.keyword.internal.MobileKeywordMain.runKeyword(MobileKeywordMain.groovy:21)
	at com.kms.katalon.core.mobile.keyword.builtin.TapKeyword.tap(TapKeyword.groovy:84)
	at com.kms.katalon.core.mobile.keyword.builtin.TapKeyword.execute(TapKeyword.groovy:68)
	at com.kms.katalon.core.keyword.internal.KeywordExecutor.executeKeywordForPlatform(KeywordExecutor.groovy:74)
	at com.kms.katalon.core.mobile.keyword.MobileBuiltInKeywords.tap(MobileBuiltInKeywords.groovy:1490)
	at com.kms.katalon.core.mobile.keyword.MobileBuiltInKeywords$tap$1.call(Unknown Source)
	at Edit Treatment.run(Edit Treatment:35)
	at com.kms.katalon.core.main.ScriptEngine.run(ScriptEngine.java:194)
	at com.kms.katalon.core.main.ScriptEngine.runScriptAsRawText(ScriptEngine.java:119)
	at com.kms.katalon.core.main.TestCaseExecutor.runScript(TestCaseExecutor.java:448)
	at com.kms.katalon.core.main.TestCaseExecutor.doExecute(TestCaseExecutor.java:439)
	at com.kms.katalon.core.main.TestCaseExecutor.processExecutionPhase(TestCaseExecutor.java:418)
	at com.kms.katalon.core.main.TestCaseExecutor.accessMainPhase(TestCaseExecutor.java:410)
	at com.kms.katalon.core.main.TestCaseExecutor.execute(TestCaseExecutor.java:285)
	at com.kms.katalon.core.common.CommonExecutor.accessTestCaseMainPhase(CommonExecutor.java:65)
	at com.kms.katalon.core.main.TestSuiteExecutor.accessTestSuiteMainPhase(TestSuiteExecutor.java:148)
	at com.kms.katalon.core.main.TestSuiteExecutor.execute(TestSuiteExecutor.java:106)
	at com.kms.katalon.core.main.TestCaseMain.startTestSuite(TestCaseMain.java:187)
	at com.kms.katalon.core.main.TestCaseMain$startTestSuite$0.call(Unknown Source)
	at TempTestSuite1692101032941.run(TempTestSuite1692101032941.groovy:36)]]></system-out>
      <system-err><![CDATA[2023-08-15 12:04:29 - [TEST_SUITE][FAILED] - Treatment and WCP: Test Cases/Treatment and WCP/Edit Treatment FAILED.
Reason:
com.kms.katalon.core.exception.StepFailedException: Object Object Repository/Treatment and WCP/Edit Treatment/android.widget.TextView - Activated Charcoal (1) not found
	at com.kms.katalon.core.keyword.internal.KeywordMain.stepFailed(KeywordMain.groovy:51)
	at com.kms.katalon.core.mobile.keyword.internal.MobileKeywordMain.stepFailed(MobileKeywordMain.groovy:40)
	at com.kms.katalon.core.mobile.keyword.builtin.TapKeyword$_tap_closure1.doCall(TapKeyword.groovy:79)
	at com.kms.katalon.core.mobile.keyword.builtin.TapKeyword$_tap_closure1.call(TapKeyword.groovy)
	at com.kms.katalon.core.mobile.keyword.internal.MobileKeywordMain.runKeyword(MobileKeywordMain.groovy:21)
	at com.kms.katalon.core.mobile.keyword.builtin.TapKeyword.tap(TapKeyword.groovy:84)
	at com.kms.katalon.core.mobile.keyword.builtin.TapKeyword.execute(TapKeyword.groovy:68)
	at com.kms.katalon.core.keyword.internal.KeywordExecutor.executeKeywordForPlatform(KeywordExecutor.groovy:74)
	at com.kms.katalon.core.mobile.keyword.MobileBuiltInKeywords.tap(MobileBuiltInKeywords.groovy:1490)
	at com.kms.katalon.core.mobile.keyword.MobileBuiltInKeywords$tap$1.call(Unknown Source)
	at Edit Treatment.run(Edit Treatment:35)
	at com.kms.katalon.core.main.ScriptEngine.run(ScriptEngine.java:194)
	at com.kms.katalon.core.main.ScriptEngine.runScriptAsRawText(ScriptEngine.java:119)
	at com.kms.katalon.core.main.TestCaseExecutor.runScript(TestCaseExecutor.java:448)
	at com.kms.katalon.core.main.TestCaseExecutor.doExecute(TestCaseExecutor.java:439)
	at com.kms.katalon.core.main.TestCaseExecutor.processExecutionPhase(TestCaseExecutor.java:418)
	at com.kms.katalon.core.main.TestCaseExecutor.accessMainPhase(TestCaseExecutor.java:410)
	at com.kms.katalon.core.main.TestCaseExecutor.execute(TestCaseExecutor.java:285)
	at com.kms.katalon.core.common.CommonExecutor.accessTestCaseMainPhase(CommonExecutor.java:65)
	at com.kms.katalon.core.main.TestSuiteExecutor.accessTestSuiteMainPhase(TestSuiteExecutor.java:148)
	at com.kms.katalon.core.main.TestSuiteExecutor.execute(TestSuiteExecutor.java:106)
	at com.kms.katalon.core.main.TestCaseMain.startTestSuite(TestCaseMain.java:187)
	at com.kms.katalon.core.main.TestCaseMain$startTestSuite$0.call(Unknown Source)
	at TempTestSuite1692101032941.run(TempTestSuite1692101032941.groovy:36)]]></system-err>
   </testsuite>
</testsuites>
