<?xml version="1.0" encoding="UTF-8"?>
<testsuites name="Data report" time="127.585" tests="4" failures="0" errors="0">
   <testsuite name="Data report" tests="4" failures="0" errors="0" time="127.585" skipped="0" timestamp="2023-09-27 13:29:46" hostname="Amarir - DESKTOP-EE3F8H4" id="Test Suites/Data report">
      <properties>
         <property name="deviceName" value="samsung SM-N975F (Android 12)"/>
         <property name="devicePlatform" value=""/>
         <property name="logFolder" value="C:\\Users\\Amarir\\git\\Android Automation\\Reports\\20230927_132519\\Data report\\20230927_132524"/>
         <property name="logFiles" value="C:\\Users\\Amarir\\git\\Android Automation\\Reports\\20230927_132519\\Data report\\20230927_132524\\appium.log, C:\\Users\\Amarir\\git\\Android Automation\\Reports\\20230927_132519\\Data report\\20230927_132524\\execution0.log"/>
         <property name="attachments" value=""/>
         <property name="hostName" value="Amarir - DESKTOP-EE3F8H4"/>
         <property name="os" value="Windows 10 64bit"/>
         <property name="appiumServerStatus" value="{&quot;value&quot;:{&quot;build&quot;:{&quot;version&quot;:&quot;1.22.0&quot;}},&quot;sessionId&quot;:null,&quot;status&quot;:0}"/>
         <property name="katalonVersion" value="8.6.5.208"/>
         <property name="deviceOS" value="Android"/>
         <property name="appiumVersion" value="1.22.0"/>
         <property name="deviceModel" value="SM-N975F"/>
         <property name="hostAddress" value="192.168.234.1"/>
         <property name="deviceManufacturer" value="samsung"/>
         <property name="deviceId" value="RF8N307NKZV"/>
         <property name="deviceName" value="samsung SM-N975F (Android 12)"/>
         <property name="deviceOSVersion" value="12"/>
      </properties>
      <testcase name="Test Cases/IS/User Managemenet/Login" time="51.339" classname="Test Cases/IS/User Managemenet/Login" status="PASSED">
         <system-out><![CDATA[2023-09-27 13:29:47 - [TEST_CASE][PASSED] - Test Cases/IS/User Managemenet/Login: Test Cases/IS/User Managemenet/Login

2023-09-27 13:29:50 - [TEST_STEP][PASSED] - startApplication(APK, false): Started app at: 'C:\Users\Amarir\Downloads\APK\IS\IS_Preprod_2.1.1_160.apk'

2023-09-27 13:29:52 - [MESSAGE][INFO] - Detected NodeJS location: "C:\Program Files\nodejs\node.exe"

2023-09-27 13:29:56 - [MESSAGE][INFO] - Appium server started on port 59,203

2023-09-27 13:30:24 - [MESSAGE][PASSED] - Started app at: 'C:\Users\Amarir\Downloads\APK\IS\IS_Preprod_2.1.1_160.apk'

2023-09-27 13:30:24 - [TEST_STEP][PASSED] - setText(findTestObject("Login Page/android.widget.EditText - Username"), LoginCreds.get("username"), 30): Text 'katalon' has been set to element 'Object Repository/Login Page/android.widget.EditText - Username'

2023-09-27 13:30:26 - [MESSAGE][PASSED] - Text 'katalon' has been set to element 'Object Repository/Login Page/android.widget.EditText - Username'

2023-09-27 13:30:26 - [TEST_STEP][PASSED] - setText(findTestObject("Login Page/android.widget.EditText - Password"), LoginCreds.get("password"), 30): Text 'eKare123@' has been set to element 'Object Repository/Login Page/android.widget.EditText - Password'

2023-09-27 13:30:28 - [MESSAGE][PASSED] - Text 'eKare123@' has been set to element 'Object Repository/Login Page/android.widget.EditText - Password'

2023-09-27 13:30:28 - [TEST_STEP][PASSED] - tap(findTestObject("Login Page/android.widget.TextView - SIGN IN (1)"), 30): Tapped on element 'Object Repository/Login Page/android.widget.TextView - SIGN IN (1)'

2023-09-27 13:30:28 - [MESSAGE][PASSED] - Tapped on element 'Object Repository/Login Page/android.widget.TextView - SIGN IN (1)'

2023-09-27 13:30:28 - [TEST_STEP][PASSED] - tap(findTestObject("Object Repository/IS/User Management/Login/android.widget.TextView - Katalon"), 30): Tapped on element 'Object Repository/IS/User Management/Login/android.widget.TextView - Katalon'

2023-09-27 13:30:30 - [MESSAGE][PASSED] - Tapped on element 'Object Repository/IS/User Management/Login/android.widget.TextView - Katalon'

2023-09-27 13:30:30 - [TEST_STEP][PASSED] - delay(2, STOP_ON_FAILURE): Delayed 2 second(s)

2023-09-27 13:30:32 - [MESSAGE][PASSED] - Delayed 2 second(s)

2023-09-27 13:30:32 - [TEST_STEP][PASSED] - verifyElementExist(findTestObject("Object Repository/IS/User Management/Login/android.widget.TextView - Patient Directory"), 30): Element 'Object Repository/IS/User Management/Login/android.widget.TextView - Patient Directory' is exist

2023-09-27 13:30:38 - [MESSAGE][PASSED] - Element 'Object Repository/IS/User Management/Login/android.widget.TextView - Patient Directory' is exist]]></system-out>
         <system-err><![CDATA[]]></system-err>
      </testcase>
      <testcase name="Test Cases/IS/Data Report/Pateint (PDF) Report" time="41.189" classname="Test Cases/IS/Data Report/Pateint (PDF) Report" status="PASSED">
         <system-out><![CDATA[2023-09-27 13:30:38 - [TEST_CASE][PASSED] - Test Cases/IS/Data Report/Pateint (PDF) Report: Test Cases/IS/Data Report/Pateint (PDF) Report

2023-09-27 13:30:40 - [TEST_STEP][PASSED] - scrollToText("MRN: 11ui"): Scrolling to text 'MRN: 11ui' successfully

2023-09-27 13:30:51 - [MESSAGE][PASSED] - Scrolling to text 'MRN: 11ui' successfully

2023-09-27 13:30:51 - [TEST_STEP][PASSED] - tap(findTestObject("Object Repository/IS/Data Report/Patient (PDF) Report/android.widget.TextView - MRN 11ui"), 30): Tapped on element 'Object Repository/IS/Data Report/Patient (PDF) Report/android.widget.TextView - MRN 11ui'

2023-09-27 13:30:51 - [MESSAGE][PASSED] - Tapped on element 'Object Repository/IS/Data Report/Patient (PDF) Report/android.widget.TextView - MRN 11ui'

2023-09-27 13:30:51 - [TEST_STEP][PASSED] - tap(findTestObject("Object Repository/IS/Data Report/Patient (PDF) Report/android.widget.ImageView - Menu"), 30): Tapped on element 'Object Repository/IS/Data Report/Patient (PDF) Report/android.widget.ImageView - Menu'

2023-09-27 13:30:54 - [MESSAGE][PASSED] - Tapped on element 'Object Repository/IS/Data Report/Patient (PDF) Report/android.widget.ImageView - Menu'

2023-09-27 13:30:54 - [TEST_STEP][PASSED] - verifyElementText(findTestObject("Object Repository/IS/Data Report/Patient (PDF) Report/android.widget.TextView - Generate Report"), "Generate Report"): Actual text and expected text of test object 'Object Repository/IS/Data Report/Patient (PDF) Report/android.widget.TextView - Generate Report' are matched.

2023-09-27 13:30:55 - [MESSAGE][PASSED] - Actual text and expected text of test object 'Object Repository/IS/Data Report/Patient (PDF) Report/android.widget.TextView - Generate Report' are matched.

2023-09-27 13:30:55 - [TEST_STEP][PASSED] - tap(findTestObject("IS/Data Report/Patient (PDF) Report/android.widget.TextView - Generate Report"), 30): Tapped on element 'Object Repository/IS/Data Report/Patient (PDF) Report/android.widget.TextView - Generate Report'

2023-09-27 13:30:55 - [MESSAGE][PASSED] - Tapped on element 'Object Repository/IS/Data Report/Patient (PDF) Report/android.widget.TextView - Generate Report'

2023-09-27 13:30:55 - [TEST_STEP][PASSED] - verifyElementText(findTestObject("Object Repository/IS/Data Report/Patient (PDF) Report/android.widget.TextView - Generate"), "Generate"): Actual text and expected text of test object 'Object Repository/IS/Data Report/Patient (PDF) Report/android.widget.TextView - Generate' are matched.

2023-09-27 13:30:57 - [MESSAGE][PASSED] - Actual text and expected text of test object 'Object Repository/IS/Data Report/Patient (PDF) Report/android.widget.TextView - Generate' are matched.

2023-09-27 13:30:57 - [TEST_STEP][PASSED] - tap(findTestObject("IS/Data Report/Patient (PDF) Report/android.widget.TextView - Generate"), 30): Tapped on element 'Object Repository/IS/Data Report/Patient (PDF) Report/android.widget.TextView - Generate'

2023-09-27 13:30:57 - [MESSAGE][PASSED] - Tapped on element 'Object Repository/IS/Data Report/Patient (PDF) Report/android.widget.TextView - Generate'

2023-09-27 13:30:57 - [TEST_STEP][PASSED] - tap(findTestObject("Object Repository/IS/Data Report/Patient (PDF) Report/android.widget.Button - Allow"), 30): Tapped on element 'Object Repository/IS/Data Report/Patient (PDF) Report/android.widget.Button - Allow'

2023-09-27 13:31:03 - [MESSAGE][PASSED] - Tapped on element 'Object Repository/IS/Data Report/Patient (PDF) Report/android.widget.Button - Allow'

2023-09-27 13:31:03 - [TEST_STEP][PASSED] - tap(findTestObject("IS/Data Report/Patient (PDF) Report/android.widget.TextView - PDF reader"), 30): Tapped on element 'Object Repository/IS/Data Report/Patient (PDF) Report/android.widget.TextView - PDF reader'

2023-09-27 13:31:08 - [MESSAGE][PASSED] - Tapped on element 'Object Repository/IS/Data Report/Patient (PDF) Report/android.widget.TextView - PDF reader'

2023-09-27 13:31:08 - [TEST_STEP][PASSED] - delay(5, STOP_ON_FAILURE): Delayed 5 second(s)

2023-09-27 13:31:13 - [MESSAGE][PASSED] - Delayed 5 second(s)

2023-09-27 13:31:13 - [TEST_STEP][PASSED] - delay(5, STOP_ON_FAILURE): Delayed 5 second(s)

2023-09-27 13:31:18 - [MESSAGE][PASSED] - Delayed 5 second(s)

2023-09-27 13:31:18 - [TEST_STEP][PASSED] - pressBack(): Press back button successfully

2023-09-27 13:31:19 - [MESSAGE][PASSED] - Press back button successfully]]></system-out>
         <system-err><![CDATA[]]></system-err>
      </testcase>
      <testcase name="Test Cases/IS/Data Report/PDF report logo customization" time="16.343" classname="Test Cases/IS/Data Report/PDF report logo customization" status="PASSED">
         <system-out><![CDATA[2023-09-27 13:31:20 - [TEST_CASE][PASSED] - Test Cases/IS/Data Report/PDF report logo customization: Test Cases/IS/Data Report/PDF report logo customization

2023-09-27 13:31:21 - [TEST_STEP][PASSED] - tap(findTestObject("IS/Data Report/Patient (PDF) Report/android.view.ViewGroup - logo"), 30): Tapped on element 'Object Repository/IS/Data Report/Patient (PDF) Report/android.view.ViewGroup - logo'

2023-09-27 13:31:21 - [MESSAGE][PASSED] - Tapped on element 'Object Repository/IS/Data Report/Patient (PDF) Report/android.view.ViewGroup - logo'

2023-09-27 13:31:21 - [TEST_STEP][PASSED] - tap(findTestObject("Object Repository/IS/Data Report/Patient (PDF) Report/android.widget.TextView - Custom logo On the web, go to Menu  Settings"), 30): Tapped on element 'Object Repository/IS/Data Report/Patient (PDF) Report/android.widget.TextView - Custom logo On the web, go to Menu  Settings'

2023-09-27 13:31:23 - [MESSAGE][PASSED] - Tapped on element 'Object Repository/IS/Data Report/Patient (PDF) Report/android.widget.TextView - Custom logo On the web, go to Menu  Settings'

2023-09-27 13:31:23 - [TEST_STEP][PASSED] - verifyElementText(findTestObject("Object Repository/IS/Data Report/Patient (PDF) Report/android.widget.TextView - Generate"), "Generate"): Actual text and expected text of test object 'Object Repository/IS/Data Report/Patient (PDF) Report/android.widget.TextView - Generate' are matched.

2023-09-27 13:31:24 - [MESSAGE][PASSED] - Actual text and expected text of test object 'Object Repository/IS/Data Report/Patient (PDF) Report/android.widget.TextView - Generate' are matched.

2023-09-27 13:31:24 - [TEST_STEP][PASSED] - tap(findTestObject("IS/Data Report/Patient (PDF) Report/android.widget.TextView - Generate"), 30): Tapped on element 'Object Repository/IS/Data Report/Patient (PDF) Report/android.widget.TextView - Generate'

2023-09-27 13:31:25 - [MESSAGE][PASSED] - Tapped on element 'Object Repository/IS/Data Report/Patient (PDF) Report/android.widget.TextView - Generate'

2023-09-27 13:31:25 - [TEST_STEP][PASSED] - tap(findTestObject("IS/Data Report/Patient (PDF) Report/android.widget.TextView - PDF reader"), 30): Tapped on element 'Object Repository/IS/Data Report/Patient (PDF) Report/android.widget.TextView - PDF reader'

2023-09-27 13:31:30 - [MESSAGE][PASSED] - Tapped on element 'Object Repository/IS/Data Report/Patient (PDF) Report/android.widget.TextView - PDF reader'

2023-09-27 13:31:30 - [TEST_STEP][PASSED] - delay(5, STOP_ON_FAILURE): Delayed 5 second(s)

2023-09-27 13:31:35 - [MESSAGE][PASSED] - Delayed 5 second(s)

2023-09-27 13:31:35 - [TEST_STEP][PASSED] - pressBack(): Press back button successfully

2023-09-27 13:31:36 - [MESSAGE][PASSED] - Press back button successfully]]></system-out>
         <system-err><![CDATA[]]></system-err>
      </testcase>
      <testcase name="Test Cases/IS/Data Report/Patient (PDF) report with date range" time="17.497" classname="Test Cases/IS/Data Report/Patient (PDF) report with date range" status="PASSED">
         <system-out><![CDATA[2023-09-27 13:31:36 - [TEST_CASE][PASSED] - Test Cases/IS/Data Report/Patient (PDF) report with date range: Test Cases/IS/Data Report/Patient (PDF) report with date range

2023-09-27 13:31:37 - [TEST_STEP][PASSED] - tap(findTestObject("Object Repository/IS/Data Report/Patient (PDF) Report/android.widget.TextView - Date Range"), 0): Tapped on element 'Object Repository/IS/Data Report/Patient (PDF) Report/android.widget.TextView - Date Range'

2023-09-27 13:31:37 - [MESSAGE][WARNING] - Timeout '0' is invalid. Using default page load timeout: '30'

2023-09-27 13:31:38 - [MESSAGE][PASSED] - Tapped on element 'Object Repository/IS/Data Report/Patient (PDF) Report/android.widget.TextView - Date Range'

2023-09-27 13:31:38 - [TEST_STEP][PASSED] - tap(findTestObject("Object Repository/IS/Data Report/Patient (PDF) Report/android.widget.TextView - Wounds"), 0): Tapped on element 'Object Repository/IS/Data Report/Patient (PDF) Report/android.widget.TextView - Wounds'

2023-09-27 13:31:38 - [MESSAGE][WARNING] - Timeout '0' is invalid. Using default page load timeout: '30'

2023-09-27 13:31:39 - [MESSAGE][PASSED] - Tapped on element 'Object Repository/IS/Data Report/Patient (PDF) Report/android.widget.TextView - Wounds'

2023-09-27 13:31:39 - [TEST_STEP][PASSED] - verifyElementText(findTestObject("Object Repository/IS/Data Report/Patient (PDF) Report/android.widget.TextView - Generate"), "Generate"): Actual text and expected text of test object 'Object Repository/IS/Data Report/Patient (PDF) Report/android.widget.TextView - Generate' are matched.

2023-09-27 13:31:40 - [MESSAGE][PASSED] - Actual text and expected text of test object 'Object Repository/IS/Data Report/Patient (PDF) Report/android.widget.TextView - Generate' are matched.

2023-09-27 13:31:40 - [TEST_STEP][PASSED] - tap(findTestObject("IS/Data Report/Patient (PDF) Report/android.widget.TextView - Generate"), 30): Tapped on element 'Object Repository/IS/Data Report/Patient (PDF) Report/android.widget.TextView - Generate'

2023-09-27 13:31:40 - [MESSAGE][PASSED] - Tapped on element 'Object Repository/IS/Data Report/Patient (PDF) Report/android.widget.TextView - Generate'

2023-09-27 13:31:40 - [TEST_STEP][PASSED] - tap(findTestObject("IS/Data Report/Patient (PDF) Report/android.widget.TextView - PDF reader"), 30): Tapped on element 'Object Repository/IS/Data Report/Patient (PDF) Report/android.widget.TextView - PDF reader'

2023-09-27 13:31:45 - [MESSAGE][PASSED] - Tapped on element 'Object Repository/IS/Data Report/Patient (PDF) Report/android.widget.TextView - PDF reader'

2023-09-27 13:31:45 - [TEST_STEP][PASSED] - delay(5, STOP_ON_FAILURE): Delayed 5 second(s)

2023-09-27 13:31:50 - [MESSAGE][PASSED] - Delayed 5 second(s)

2023-09-27 13:31:50 - [TEST_STEP][PASSED] - pressBack(): Press back button successfully

2023-09-27 13:31:52 - [MESSAGE][PASSED] - Press back button successfully

2023-09-27 13:31:52 - [TEST_STEP][PASSED] - pressBack(): Press back button successfully

2023-09-27 13:31:53 - [MESSAGE][PASSED] - Press back button successfully

2023-09-27 13:31:53 - [TEST_STEP][PASSED] - pressBack(): Press back button successfully

2023-09-27 13:31:53 - [MESSAGE][PASSED] - Press back button successfully]]></system-out>
         <system-err><![CDATA[]]></system-err>
      </testcase>
      <system-out><![CDATA[2023-09-27 13:29:46 - [TEST_SUITE][PASSED] - Data report: Test Cases/IS/Data Report/Patient (PDF) report with date range]]></system-out>
      <system-err><![CDATA[]]></system-err>
   </testsuite>
</testsuites>
