<?xml version="1.0" encoding="UTF-8"?>
<testsuites name="Wound Assessment" time="247.39" tests="5" failures="0" errors="0">
   <testsuite name="Wound Assessment" tests="5" failures="0" errors="0" time="247.39" skipped="0" timestamp="2023-08-13 18:57:23" hostname="Amarir - DESKTOP-EE3F8H4" id="Test Suites/Wound Assessment">
      <properties>
         <property name="deviceName" value="samsung SM-N975F (Android 12)"/>
         <property name="devicePlatform" value=""/>
         <property name="logFolder" value="C:\\Users\\Amarir\\git\\IS_Katalon_Lite_Version\\Reports\\20230813_185710\\Wound Assessment\\20230813_185710"/>
         <property name="logFiles" value="C:\\Users\\Amarir\\git\\IS_Katalon_Lite_Version\\Reports\\20230813_185710\\Wound Assessment\\20230813_185710\\appium.log, C:\\Users\\Amarir\\git\\IS_Katalon_Lite_Version\\Reports\\20230813_185710\\Wound Assessment\\20230813_185710\\execution0.log"/>
         <property name="attachments" value=""/>
         <property name="hostName" value="Amarir - DESKTOP-EE3F8H4"/>
         <property name="os" value="Windows 10 64bit"/>
         <property name="appiumServerStatus" value="{&quot;value&quot;:{&quot;build&quot;:{&quot;version&quot;:&quot;1.22.0&quot;}},&quot;sessionId&quot;:null,&quot;status&quot;:0}"/>
         <property name="katalonVersion" value="8.6.0.208"/>
         <property name="deviceOS" value="Android"/>
         <property name="appiumVersion" value="1.22.0"/>
         <property name="deviceModel" value="SM-N975F"/>
         <property name="hostAddress" value="192.168.234.1"/>
         <property name="deviceManufacturer" value="samsung"/>
         <property name="deviceId" value="RF8N307NKZV"/>
         <property name="deviceName" value="samsung SM-N975F (Android 12)"/>
         <property name="deviceOSVersion" value="12"/>
      </properties>
      <testcase name="Test Cases/User Managemenet/Login" time="59.855" classname="Test Cases/User Managemenet/Login" status="PASSED">
         <system-out><![CDATA[2023-08-13 18:57:24 - [TEST_CASE][PASSED] - Test Cases/User Managemenet/Login: Test Cases/User Managemenet/Login

2023-08-13 18:57:26 - [TEST_STEP][PASSED] - startApplication(APK, false): Started app at: 'C:\Users\Amarir\Downloads\APK\IS\IS_77.apk'

2023-08-13 18:57:28 - [MESSAGE][INFO] - Detected NodeJS location: "C:\Program Files\nodejs\node.exe"

2023-08-13 18:57:31 - [MESSAGE][INFO] - Appium server started on port 62,264

2023-08-13 18:58:01 - [MESSAGE][PASSED] - Started app at: 'C:\Users\Amarir\Downloads\APK\IS\IS_77.apk'

2023-08-13 18:58:01 - [TEST_STEP][PASSED] - setText(findTestObject("User Management/Login/android.widget.EditText - username"), LoginCreds.get("username"), 30): Text 'Katalon' has been set to element 'Object Repository/User Management/Login/android.widget.EditText - username'

2023-08-13 18:58:13 - [MESSAGE][PASSED] - Text 'Katalon' has been set to element 'Object Repository/User Management/Login/android.widget.EditText - username'

2023-08-13 18:58:13 - [TEST_STEP][PASSED] - setText(findTestObject("User Management/Login/android.widget.EditText - password"), LoginCreds.get("password"), 30): Text 'eKare123@' has been set to element 'Object Repository/User Management/Login/android.widget.EditText - password'

2023-08-13 18:58:14 - [MESSAGE][PASSED] - Text 'eKare123@' has been set to element 'Object Repository/User Management/Login/android.widget.EditText - password'

2023-08-13 18:58:14 - [TEST_STEP][PASSED] - tap(findTestObject("User Management/Login/android.view.ViewGroup - sign in"), 30): Tapped on element 'Object Repository/User Management/Login/android.view.ViewGroup - sign in'

2023-08-13 18:58:15 - [MESSAGE][PASSED] - Tapped on element 'Object Repository/User Management/Login/android.view.ViewGroup - sign in'

2023-08-13 18:58:15 - [TEST_STEP][PASSED] - tap(findTestObject("Object Repository/User Management/Login/android.widget.TextView - Katalon"), 30): Tapped on element 'Object Repository/User Management/Login/android.widget.TextView - Katalon'

2023-08-13 18:58:18 - [MESSAGE][PASSED] - Tapped on element 'Object Repository/User Management/Login/android.widget.TextView - Katalon'

2023-08-13 18:58:18 - [TEST_STEP][PASSED] - delay(2, STOP_ON_FAILURE): Delayed 2 second(s)

2023-08-13 18:58:20 - [MESSAGE][PASSED] - Delayed 2 second(s)

2023-08-13 18:58:20 - [TEST_STEP][PASSED] - verifyElementExist(findTestObject("Object Repository/User Management/Login/android.widget.TextView - Patient Directory"), 30): Element 'Object Repository/User Management/Login/android.widget.TextView - Patient Directory' is exist

2023-08-13 18:58:24 - [MESSAGE][PASSED] - Element 'Object Repository/User Management/Login/android.widget.TextView - Patient Directory' is exist]]></system-out>
         <system-err><![CDATA[]]></system-err>
      </testcase>
      <testcase name="Test Cases/Wound Assessment/Add Assessment" time="38.967" classname="Test Cases/Wound Assessment/Add Assessment" status="PASSED">
         <system-out><![CDATA[2023-08-13 18:58:24 - [TEST_CASE][PASSED] - Test Cases/Wound Assessment/Add Assessment: Test Cases/Wound Assessment/Add Assessment

2023-08-13 18:58:25 - [TEST_STEP][PASSED] - setText(findTestObject("Object Repository/Wound Assessment/Add Assessment/android.widget.EditText - Search by Name, MRN"), "21ui", 30): Text '21ui' has been set to element 'Object Repository/Wound Assessment/Add Assessment/android.widget.EditText - Search by Name, MRN'

2023-08-13 18:58:27 - [MESSAGE][PASSED] - Text '21ui' has been set to element 'Object Repository/Wound Assessment/Add Assessment/android.widget.EditText - Search by Name, MRN'

2023-08-13 18:58:27 - [TEST_STEP][PASSED] - tap(findTestObject("Object Repository/Wound Assessment/Add Assessment/android.widget.TextView - Current site"), 30): Tapped on element 'Object Repository/Wound Assessment/Add Assessment/android.widget.TextView - Current site'

2023-08-13 18:58:28 - [MESSAGE][PASSED] - Tapped on element 'Object Repository/Wound Assessment/Add Assessment/android.widget.TextView - Current site'

2023-08-13 18:58:28 - [TEST_STEP][PASSED] - tap(findTestObject("Object Repository/Wound Assessment/Add Assessment/android.widget.TextView - Current site (1)"), 30): Tapped on element 'Object Repository/Wound Assessment/Add Assessment/android.widget.TextView - Current site (1)'

2023-08-13 18:58:29 - [MESSAGE][PASSED] - Tapped on element 'Object Repository/Wound Assessment/Add Assessment/android.widget.TextView - Current site (1)'

2023-08-13 18:58:29 - [TEST_STEP][PASSED] - verifyElementExist(findTestObject("Object Repository/Wound Assessment/Add Assessment/android.view.ViewGroup - Patient"), 30): Element 'Object Repository/Wound Assessment/Add Assessment/android.view.ViewGroup - Patient' is exist

2023-08-13 18:58:31 - [MESSAGE][PASSED] - Element 'Object Repository/Wound Assessment/Add Assessment/android.view.ViewGroup - Patient' is exist

2023-08-13 18:58:31 - [TEST_STEP][PASSED] - tap(findTestObject("Object Repository/Wound Assessment/Add Assessment/android.view.ViewGroup - Patient"), 30): Tapped on element 'Object Repository/Wound Assessment/Add Assessment/android.view.ViewGroup - Patient'

2023-08-13 18:58:31 - [MESSAGE][PASSED] - Tapped on element 'Object Repository/Wound Assessment/Add Assessment/android.view.ViewGroup - Patient'

2023-08-13 18:58:31 - [TEST_STEP][PASSED] - verifyElementExist(findTestObject("Object Repository/Wound Assessment/Add Assessment/android.view.ViewGroup - Wound"), 30): Element 'Object Repository/Wound Assessment/Add Assessment/android.view.ViewGroup - Wound' is exist

2023-08-13 18:58:33 - [MESSAGE][PASSED] - Element 'Object Repository/Wound Assessment/Add Assessment/android.view.ViewGroup - Wound' is exist

2023-08-13 18:58:33 - [TEST_STEP][PASSED] - tap(findTestObject("Object Repository/Wound Assessment/Add Assessment/android.view.ViewGroup - Wound"), 30): Tapped on element 'Object Repository/Wound Assessment/Add Assessment/android.view.ViewGroup - Wound'

2023-08-13 18:58:34 - [MESSAGE][PASSED] - Tapped on element 'Object Repository/Wound Assessment/Add Assessment/android.view.ViewGroup - Wound'

2023-08-13 18:58:34 - [TEST_STEP][PASSED] - tap(findTestObject("Data Preparation/Wound Assessment/android.view.ViewGroup - Assessment"), 30): Tapped on element 'Object Repository/Data Preparation/Wound Assessment/android.view.ViewGroup - Assessment'

2023-08-13 18:58:37 - [MESSAGE][PASSED] - Tapped on element 'Object Repository/Data Preparation/Wound Assessment/android.view.ViewGroup - Assessment'

2023-08-13 18:58:37 - [TEST_STEP][PASSED] - verifyElementExist(findTestObject("Object Repository/Wound Assessment/Add Assessment/android.widget.ImageView - add Assessement"), 30): Element 'Object Repository/Wound Assessment/Add Assessment/android.widget.ImageView - add Assessement' is exist

2023-08-13 18:58:39 - [MESSAGE][PASSED] - Element 'Object Repository/Wound Assessment/Add Assessment/android.widget.ImageView - add Assessement' is exist

2023-08-13 18:58:39 - [TEST_STEP][PASSED] - tap(findTestObject("Object Repository/Wound Assessment/Add Assessment/android.widget.ImageView - add Assessement"), 30): Tapped on element 'Object Repository/Wound Assessment/Add Assessment/android.widget.ImageView - add Assessement'

2023-08-13 18:58:40 - [MESSAGE][PASSED] - Tapped on element 'Object Repository/Wound Assessment/Add Assessment/android.widget.ImageView - add Assessement'

2023-08-13 18:58:40 - [TEST_STEP][PASSED] - tap(findTestObject("Object Repository/Wound Assessment/Add Assessment/android.widget.TextView - WOUND EDGE"), 30): Tapped on element 'Object Repository/Wound Assessment/Add Assessment/android.widget.TextView - WOUND EDGE'

2023-08-13 18:58:41 - [MESSAGE][PASSED] - Tapped on element 'Object Repository/Wound Assessment/Add Assessment/android.widget.TextView - WOUND EDGE'

2023-08-13 18:58:41 - [TEST_STEP][PASSED] - tap(findTestObject("Object Repository/Wound Assessment/Add Assessment/android.widget.TextView - Rolled"), 30): Tapped on element 'Object Repository/Wound Assessment/Add Assessment/android.widget.TextView - Rolled'

2023-08-13 18:58:42 - [MESSAGE][PASSED] - Tapped on element 'Object Repository/Wound Assessment/Add Assessment/android.widget.TextView - Rolled'

2023-08-13 18:58:42 - [TEST_STEP][PASSED] - tap(findTestObject("Object Repository/Wound Assessment/Add Assessment/android.widget.TextView - PERI WOUND SKIN"), 30): Tapped on element 'Object Repository/Wound Assessment/Add Assessment/android.widget.TextView - PERI WOUND SKIN'

2023-08-13 18:58:43 - [MESSAGE][PASSED] - Tapped on element 'Object Repository/Wound Assessment/Add Assessment/android.widget.TextView - PERI WOUND SKIN'

2023-08-13 18:58:43 - [TEST_STEP][PASSED] - tap(findTestObject("Object Repository/Wound Assessment/Add Assessment/android.widget.TextView - Oedema"), 30): Tapped on element 'Object Repository/Wound Assessment/Add Assessment/android.widget.TextView - Oedema'

2023-08-13 18:58:44 - [MESSAGE][PASSED] - Tapped on element 'Object Repository/Wound Assessment/Add Assessment/android.widget.TextView - Oedema'

2023-08-13 18:58:44 - [TEST_STEP][PASSED] - tap(findTestObject("Object Repository/Wound Assessment/Add Assessment/android.widget.TextView - PERI WOUND SKIN (1)"), 30): Tapped on element 'Object Repository/Wound Assessment/Add Assessment/android.widget.TextView - PERI WOUND SKIN (1)'

2023-08-13 18:58:45 - [MESSAGE][PASSED] - Tapped on element 'Object Repository/Wound Assessment/Add Assessment/android.widget.TextView - PERI WOUND SKIN (1)'

2023-08-13 18:58:45 - [TEST_STEP][PASSED] - tap(findTestObject("Object Repository/Wound Assessment/Add Assessment/android.widget.TextView - PAIN"), 30): Tapped on element 'Object Repository/Wound Assessment/Add Assessment/android.widget.TextView - PAIN'

2023-08-13 18:58:46 - [MESSAGE][PASSED] - Tapped on element 'Object Repository/Wound Assessment/Add Assessment/android.widget.TextView - PAIN'

2023-08-13 18:58:46 - [TEST_STEP][PASSED] - tap(findTestObject("Object Repository/Wound Assessment/Add Assessment/android.widget.SeekBar - 0.0"), 30): Tapped on element 'Object Repository/Wound Assessment/Add Assessment/android.widget.SeekBar - 0.0'

2023-08-13 18:58:47 - [MESSAGE][PASSED] - Tapped on element 'Object Repository/Wound Assessment/Add Assessment/android.widget.SeekBar - 0.0'

2023-08-13 18:58:47 - [TEST_STEP][PASSED] - tap(findTestObject("Wound Assessment/Add Assessment/android.widget.TextView - PAIN"), 30): Tapped on element 'Object Repository/Wound Assessment/Add Assessment/android.widget.TextView - PAIN'

2023-08-13 18:58:48 - [MESSAGE][PASSED] - Tapped on element 'Object Repository/Wound Assessment/Add Assessment/android.widget.TextView - PAIN'

2023-08-13 18:58:48 - [TEST_STEP][PASSED] - tap(findTestObject("Object Repository/Wound Assessment/Add Assessment/android.widget.TextView - DRAINAGE"), 30): Tapped on element 'Object Repository/Wound Assessment/Add Assessment/android.widget.TextView - DRAINAGE'

2023-08-13 18:58:49 - [MESSAGE][PASSED] - Tapped on element 'Object Repository/Wound Assessment/Add Assessment/android.widget.TextView - DRAINAGE'

2023-08-13 18:58:49 - [TEST_STEP][PASSED] - tap(findTestObject("Object Repository/Wound Assessment/Add Assessment/android.widget.TextView - Minimum"), 30): Tapped on element 'Object Repository/Wound Assessment/Add Assessment/android.widget.TextView - Minimum'

2023-08-13 18:58:50 - [MESSAGE][PASSED] - Tapped on element 'Object Repository/Wound Assessment/Add Assessment/android.widget.TextView - Minimum'

2023-08-13 18:58:50 - [TEST_STEP][PASSED] - tap(findTestObject("Wound Assessment/Add Assessment/android.widget.TextView - DRAINAGE"), 30): Tapped on element 'Object Repository/Wound Assessment/Add Assessment/android.widget.TextView - DRAINAGE'

2023-08-13 18:58:51 - [MESSAGE][PASSED] - Tapped on element 'Object Repository/Wound Assessment/Add Assessment/android.widget.TextView - DRAINAGE'

2023-08-13 18:58:51 - [TEST_STEP][PASSED] - tap(findTestObject("Object Repository/Wound Assessment/Add Assessment/android.widget.TextView - PRESSURE INJURY STAGING"), 30): Tapped on element 'Object Repository/Wound Assessment/Add Assessment/android.widget.TextView - PRESSURE INJURY STAGING'

2023-08-13 18:58:52 - [MESSAGE][PASSED] - Tapped on element 'Object Repository/Wound Assessment/Add Assessment/android.widget.TextView - PRESSURE INJURY STAGING'

2023-08-13 18:58:52 - [TEST_STEP][PASSED] - tap(findTestObject("Object Repository/Wound Assessment/Add Assessment/android.view.ViewGroup - stage II"), 30): Tapped on element 'Object Repository/Wound Assessment/Add Assessment/android.view.ViewGroup - stage II'

2023-08-13 18:58:54 - [MESSAGE][PASSED] - Tapped on element 'Object Repository/Wound Assessment/Add Assessment/android.view.ViewGroup - stage II'

2023-08-13 18:58:54 - [TEST_STEP][PASSED] - tap(findTestObject("Wound Assessment/Add Assessment/android.widget.TextView - PRESSURE INJURY STAGING"), 30): Tapped on element 'Object Repository/Wound Assessment/Add Assessment/android.widget.TextView - PRESSURE INJURY STAGING'

2023-08-13 18:58:54 - [MESSAGE][PASSED] - Tapped on element 'Object Repository/Wound Assessment/Add Assessment/android.widget.TextView - PRESSURE INJURY STAGING'

2023-08-13 18:58:54 - [TEST_STEP][PASSED] - tap(findTestObject("Object Repository/Wound Assessment/Add Assessment/android.widget.TextView - ODOR"), 30): Tapped on element 'Object Repository/Wound Assessment/Add Assessment/android.widget.TextView - ODOR'

2023-08-13 18:58:55 - [MESSAGE][PASSED] - Tapped on element 'Object Repository/Wound Assessment/Add Assessment/android.widget.TextView - ODOR'

2023-08-13 18:58:55 - [TEST_STEP][PASSED] - tap(findTestObject("Object Repository/Wound Assessment/Add Assessment/android.widget.TextView - None"), 30): Tapped on element 'Object Repository/Wound Assessment/Add Assessment/android.widget.TextView - None'

2023-08-13 18:58:56 - [MESSAGE][PASSED] - Tapped on element 'Object Repository/Wound Assessment/Add Assessment/android.widget.TextView - None'

2023-08-13 18:58:56 - [TEST_STEP][PASSED] - tap(findTestObject("Wound Assessment/Add Assessment/android.widget.TextView - Save"), 30): Tapped on element 'Object Repository/Wound Assessment/Add Assessment/android.widget.TextView - Save'

2023-08-13 18:58:57 - [MESSAGE][PASSED] - Tapped on element 'Object Repository/Wound Assessment/Add Assessment/android.widget.TextView - Save'

2023-08-13 18:58:57 - [TEST_STEP][PASSED] - verifyElementExist(findTestObject("Object Repository/Wound Assessment/Add Assessment/android.view.ViewGroup (1)"), 30): Element 'Object Repository/Wound Assessment/Add Assessment/android.view.ViewGroup (1)' is exist

2023-08-13 18:59:00 - [MESSAGE][PASSED] - Element 'Object Repository/Wound Assessment/Add Assessment/android.view.ViewGroup (1)' is exist

2023-08-13 18:59:00 - [TEST_STEP][PASSED] - pressBack(): Press back button successfully

2023-08-13 18:59:01 - [MESSAGE][PASSED] - Press back button successfully

2023-08-13 18:59:01 - [TEST_STEP][PASSED] - pressBack(): Press back button successfully

2023-08-13 18:59:01 - [MESSAGE][PASSED] - Press back button successfully

2023-08-13 18:59:01 - [TEST_STEP][PASSED] - pressBack(): Press back button successfully

2023-08-13 18:59:02 - [MESSAGE][PASSED] - Press back button successfully

2023-08-13 18:59:02 - [TEST_STEP][PASSED] - tap(findTestObject("Object Repository/Wound Assessment/Add Assessment/android.widget.ImageView - x"), 30): Tapped on element 'Object Repository/Wound Assessment/Add Assessment/android.widget.ImageView - x'

2023-08-13 18:59:03 - [MESSAGE][PASSED] - Tapped on element 'Object Repository/Wound Assessment/Add Assessment/android.widget.ImageView - x']]></system-out>
         <system-err><![CDATA[]]></system-err>
      </testcase>
      <testcase name="Test Cases/Wound Assessment/Edit Assessment" time="29.029" classname="Test Cases/Wound Assessment/Edit Assessment" status="PASSED">
         <system-out><![CDATA[2023-08-13 18:59:03 - [TEST_CASE][PASSED] - Test Cases/Wound Assessment/Edit Assessment: Test Cases/Wound Assessment/Edit Assessment

2023-08-13 18:59:04 - [TEST_STEP][PASSED] - setText(findTestObject("Object Repository/Wound Assessment/Edit Assessment/android.widget.EditText - Search by Name, MRN"), "23ui", 30): Text '23ui' has been set to element 'Object Repository/Wound Assessment/Edit Assessment/android.widget.EditText - Search by Name, MRN'

2023-08-13 18:59:06 - [MESSAGE][PASSED] - Text '23ui' has been set to element 'Object Repository/Wound Assessment/Edit Assessment/android.widget.EditText - Search by Name, MRN'

2023-08-13 18:59:06 - [TEST_STEP][PASSED] - tap(findTestObject("Object Repository/Wound Assessment/Edit Assessment/android.widget.TextView - Current site"), 30): Tapped on element 'Object Repository/Wound Assessment/Edit Assessment/android.widget.TextView - Current site'

2023-08-13 18:59:08 - [MESSAGE][PASSED] - Tapped on element 'Object Repository/Wound Assessment/Edit Assessment/android.widget.TextView - Current site'

2023-08-13 18:59:08 - [TEST_STEP][PASSED] - tap(findTestObject("Object Repository/Wound Assessment/Edit Assessment/android.widget.TextView - Current site (1)"), 30): Tapped on element 'Object Repository/Wound Assessment/Edit Assessment/android.widget.TextView - Current site (1)'

2023-08-13 18:59:09 - [MESSAGE][PASSED] - Tapped on element 'Object Repository/Wound Assessment/Edit Assessment/android.widget.TextView - Current site (1)'

2023-08-13 18:59:09 - [TEST_STEP][PASSED] - verifyElementExist(findTestObject("Object Repository/Wound Assessment/Edit Assessment/android.view.ViewGroup - Patient"), 30): Element 'Object Repository/Wound Assessment/Edit Assessment/android.view.ViewGroup - Patient' is exist

2023-08-13 18:59:10 - [MESSAGE][PASSED] - Element 'Object Repository/Wound Assessment/Edit Assessment/android.view.ViewGroup - Patient' is exist

2023-08-13 18:59:10 - [TEST_STEP][PASSED] - tap(findTestObject("Object Repository/Wound Assessment/Edit Assessment/android.view.ViewGroup - Patient"), 30): Tapped on element 'Object Repository/Wound Assessment/Edit Assessment/android.view.ViewGroup - Patient'

2023-08-13 18:59:11 - [MESSAGE][PASSED] - Tapped on element 'Object Repository/Wound Assessment/Edit Assessment/android.view.ViewGroup - Patient'

2023-08-13 18:59:11 - [TEST_STEP][PASSED] - verifyElementExist(findTestObject("Object Repository/Wound Assessment/Edit Assessment/android.view.ViewGroup - wound"), 30): Element 'Object Repository/Wound Assessment/Edit Assessment/android.view.ViewGroup - wound' is exist

2023-08-13 18:59:13 - [MESSAGE][PASSED] - Element 'Object Repository/Wound Assessment/Edit Assessment/android.view.ViewGroup - wound' is exist

2023-08-13 18:59:13 - [TEST_STEP][PASSED] - tap(findTestObject("Object Repository/Wound Assessment/Edit Assessment/android.view.ViewGroup - wound"), 30): Tapped on element 'Object Repository/Wound Assessment/Edit Assessment/android.view.ViewGroup - wound'

2023-08-13 18:59:14 - [MESSAGE][PASSED] - Tapped on element 'Object Repository/Wound Assessment/Edit Assessment/android.view.ViewGroup - wound'

2023-08-13 18:59:14 - [TEST_STEP][PASSED] - tap(findTestObject("Data Preparation/Wound Assessment/android.view.ViewGroup - Assessment"), 30): Tapped on element 'Object Repository/Data Preparation/Wound Assessment/android.view.ViewGroup - Assessment'

2023-08-13 18:59:17 - [MESSAGE][PASSED] - Tapped on element 'Object Repository/Data Preparation/Wound Assessment/android.view.ViewGroup - Assessment'

2023-08-13 18:59:17 - [TEST_STEP][PASSED] - verifyElementExist(findTestObject("Object Repository/Wound Assessment/Edit Assessment/android.view.ViewGroup - assessment summary"), 30): Element 'Object Repository/Wound Assessment/Edit Assessment/android.view.ViewGroup - assessment summary' is exist

2023-08-13 18:59:20 - [MESSAGE][PASSED] - Element 'Object Repository/Wound Assessment/Edit Assessment/android.view.ViewGroup - assessment summary' is exist

2023-08-13 18:59:20 - [TEST_STEP][PASSED] - verifyElementExist(findTestObject("Object Repository/Wound Assessment/Edit Assessment/android.widget.ImageView - edit assessment"), 30): Element 'Object Repository/Wound Assessment/Edit Assessment/android.widget.ImageView - edit assessment' is exist

2023-08-13 18:59:20 - [MESSAGE][PASSED] - Element 'Object Repository/Wound Assessment/Edit Assessment/android.widget.ImageView - edit assessment' is exist

2023-08-13 18:59:20 - [TEST_STEP][PASSED] - tap(findTestObject("Object Repository/Wound Assessment/Edit Assessment/android.widget.ImageView - edit assessment"), 30): Tapped on element 'Object Repository/Wound Assessment/Edit Assessment/android.widget.ImageView - edit assessment'

2023-08-13 18:59:21 - [MESSAGE][PASSED] - Tapped on element 'Object Repository/Wound Assessment/Edit Assessment/android.widget.ImageView - edit assessment'

2023-08-13 18:59:21 - [TEST_STEP][PASSED] - tap(findTestObject("Object Repository/Wound Assessment/Edit Assessment/android.widget.TextView - WOUND EDGE"), 30): Tapped on element 'Object Repository/Wound Assessment/Edit Assessment/android.widget.TextView - WOUND EDGE'

2023-08-13 18:59:22 - [MESSAGE][PASSED] - Tapped on element 'Object Repository/Wound Assessment/Edit Assessment/android.widget.TextView - WOUND EDGE'

2023-08-13 18:59:22 - [TEST_STEP][PASSED] - tap(findTestObject("Object Repository/Wound Assessment/Edit Assessment/android.widget.TextView - Attached"), 30): Tapped on element 'Object Repository/Wound Assessment/Edit Assessment/android.widget.TextView - Attached'

2023-08-13 18:59:23 - [MESSAGE][PASSED] - Tapped on element 'Object Repository/Wound Assessment/Edit Assessment/android.widget.TextView - Attached'

2023-08-13 18:59:23 - [TEST_STEP][PASSED] - tap(findTestObject("Object Repository/Wound Assessment/Edit Assessment/android.widget.TextView - PERI WOUND SKIN"), 30): Tapped on element 'Object Repository/Wound Assessment/Edit Assessment/android.widget.TextView - PERI WOUND SKIN'

2023-08-13 18:59:24 - [MESSAGE][PASSED] - Tapped on element 'Object Repository/Wound Assessment/Edit Assessment/android.widget.TextView - PERI WOUND SKIN'

2023-08-13 18:59:24 - [TEST_STEP][PASSED] - tap(findTestObject("Wound Assessment/Edit Assessment/android.widget.TextView - Oedema"), 30): Tapped on element 'Object Repository/Wound Assessment/Edit Assessment/android.widget.TextView - Oedema'

2023-08-13 18:59:25 - [MESSAGE][PASSED] - Tapped on element 'Object Repository/Wound Assessment/Edit Assessment/android.widget.TextView - Oedema'

2023-08-13 18:59:25 - [TEST_STEP][PASSED] - tap(findTestObject("Object Repository/Wound Assessment/Edit Assessment/android.widget.TextView - PERI WOUND SKIN (2)"), 30): Tapped on element 'Object Repository/Wound Assessment/Edit Assessment/android.widget.TextView - PERI WOUND SKIN (2)'

2023-08-13 18:59:26 - [MESSAGE][PASSED] - Tapped on element 'Object Repository/Wound Assessment/Edit Assessment/android.widget.TextView - PERI WOUND SKIN (2)'

2023-08-13 18:59:26 - [TEST_STEP][PASSED] - tap(findTestObject("Object Repository/Wound Assessment/Edit Assessment/android.widget.TextView - Save"), 30): Tapped on element 'Object Repository/Wound Assessment/Edit Assessment/android.widget.TextView - Save'

2023-08-13 18:59:27 - [MESSAGE][PASSED] - Tapped on element 'Object Repository/Wound Assessment/Edit Assessment/android.widget.TextView - Save'

2023-08-13 18:59:27 - [TEST_STEP][PASSED] - verifyElementText(findTestObject("Object Repository/Wound Assessment/Edit Assessment/android.widget.TextView - Attached, Rolled"), "Attached, Rolled"): Actual text and expected text of test object 'Object Repository/Wound Assessment/Edit Assessment/android.widget.TextView - Attached, Rolled' are matched.

2023-08-13 18:59:29 - [MESSAGE][PASSED] - Actual text and expected text of test object 'Object Repository/Wound Assessment/Edit Assessment/android.widget.TextView - Attached, Rolled' are matched.

2023-08-13 18:59:29 - [TEST_STEP][PASSED] - verifyElementText(findTestObject("Object Repository/Wound Assessment/Edit Assessment/android.widget.TextView - Oedema, Dry"), "Oedema, Dry"): Actual text and expected text of test object 'Object Repository/Wound Assessment/Edit Assessment/android.widget.TextView - Oedema, Dry' are matched.

2023-08-13 18:59:29 - [MESSAGE][PASSED] - Actual text and expected text of test object 'Object Repository/Wound Assessment/Edit Assessment/android.widget.TextView - Oedema, Dry' are matched.

2023-08-13 18:59:29 - [TEST_STEP][PASSED] - pressBack(): Press back button successfully

2023-08-13 18:59:30 - [MESSAGE][PASSED] - Press back button successfully

2023-08-13 18:59:30 - [TEST_STEP][PASSED] - pressBack(): Press back button successfully

2023-08-13 18:59:31 - [MESSAGE][PASSED] - Press back button successfully

2023-08-13 18:59:31 - [TEST_STEP][PASSED] - pressBack(): Press back button successfully

2023-08-13 18:59:31 - [MESSAGE][PASSED] - Press back button successfully

2023-08-13 18:59:31 - [TEST_STEP][PASSED] - tap(findTestObject("Object Repository/Wound Assessment/Edit Assessment/android.widget.ImageView - x"), 30): Tapped on element 'Object Repository/Wound Assessment/Edit Assessment/android.widget.ImageView - x'

2023-08-13 18:59:32 - [MESSAGE][PASSED] - Tapped on element 'Object Repository/Wound Assessment/Edit Assessment/android.widget.ImageView - x']]></system-out>
         <system-err><![CDATA[]]></system-err>
      </testcase>
      <testcase name="Test Cases/Wound Assessment/Assessment History" time="82.395" classname="Test Cases/Wound Assessment/Assessment History" status="PASSED">
         <system-out><![CDATA[2023-08-13 18:59:32 - [TEST_CASE][PASSED] - Test Cases/Wound Assessment/Assessment History: Test Cases/Wound Assessment/Assessment History

2023-08-13 18:59:33 - [TEST_STEP][PASSED] - scrollToText("MRN: 97ui"): Scrolling to text 'MRN: 97ui' successfully

2023-08-13 18:59:43 - [MESSAGE][PASSED] - Scrolling to text 'MRN: 97ui' successfully

2023-08-13 18:59:43 - [TEST_STEP][PASSED] - tap(findTestObject("Object Repository/Wound Assessment/Assessment History/android.widget.TextView - MRN 97ui"), 30): Tapped on element 'Object Repository/Wound Assessment/Assessment History/android.widget.TextView - MRN 97ui'

2023-08-13 18:59:44 - [MESSAGE][PASSED] - Tapped on element 'Object Repository/Wound Assessment/Assessment History/android.widget.TextView - MRN 97ui'

2023-08-13 18:59:44 - [TEST_STEP][PASSED] - tap(findTestObject("Object Repository/Wound Assessment/Assessment History/android.view.ViewGroup"), 30): Tapped on element 'Object Repository/Wound Assessment/Assessment History/android.view.ViewGroup'

2023-08-13 18:59:46 - [MESSAGE][PASSED] - Tapped on element 'Object Repository/Wound Assessment/Assessment History/android.view.ViewGroup'

2023-08-13 18:59:46 - [TEST_STEP][PASSED] - tap(findTestObject("Data Preparation/Wound Assessment/android.view.ViewGroup - Assessment"), 30): Tapped on element 'Object Repository/Data Preparation/Wound Assessment/android.view.ViewGroup - Assessment'

2023-08-13 18:59:50 - [MESSAGE][PASSED] - Tapped on element 'Object Repository/Data Preparation/Wound Assessment/android.view.ViewGroup - Assessment'

2023-08-13 18:59:50 - [TEST_STEP][PASSED] - verifyElementExist(findTestObject("Object Repository/Wound Assessment/Assessment History/android.view.ViewGroup (1)"), 30): Element 'Object Repository/Wound Assessment/Assessment History/android.view.ViewGroup (1)' is exist

2023-08-13 18:59:53 - [MESSAGE][PASSED] - Element 'Object Repository/Wound Assessment/Assessment History/android.view.ViewGroup (1)' is exist

2023-08-13 18:59:53 - [TEST_STEP][PASSED] - tap(findTestObject("Object Repository/Wound Assessment/Assessment History/android.widget.ImageView"), 30): Tapped on element 'Object Repository/Wound Assessment/Assessment History/android.widget.ImageView'

2023-08-13 18:59:54 - [MESSAGE][PASSED] - Tapped on element 'Object Repository/Wound Assessment/Assessment History/android.widget.ImageView'

2023-08-13 18:59:54 - [TEST_STEP][PASSED] - tap(findTestObject("Wound Assessment/Assessment History/android.view.ViewGroup (2)"), 30): Tapped on element 'Object Repository/Wound Assessment/Assessment History/android.view.ViewGroup (2)'

2023-08-13 19:00:46 - [MESSAGE][PASSED] - Tapped on element 'Object Repository/Wound Assessment/Assessment History/android.view.ViewGroup (2)'

2023-08-13 19:00:46 - [TEST_STEP][PASSED] - verifyElementExist(findTestObject("Wound Assessment/Assessment History/android.view.ViewGroup (1)"), 30): Element 'Object Repository/Wound Assessment/Assessment History/android.view.ViewGroup (1)' is exist

2023-08-13 19:00:47 - [MESSAGE][PASSED] - Element 'Object Repository/Wound Assessment/Assessment History/android.view.ViewGroup (1)' is exist

2023-08-13 19:00:47 - [TEST_STEP][PASSED] - pressBack(): Press back button successfully

2023-08-13 19:00:47 - [MESSAGE][PASSED] - Press back button successfully

2023-08-13 19:00:47 - [TEST_STEP][PASSED] - pressBack(): Press back button successfully

2023-08-13 19:00:48 - [MESSAGE][PASSED] - Press back button successfully

2023-08-13 19:00:48 - [TEST_STEP][PASSED] - pressBack(): Press back button successfully

2023-08-13 19:00:49 - [MESSAGE][PASSED] - Press back button successfully

2023-08-13 19:00:49 - [TEST_STEP][PASSED] - callTestCase(findTestCase("User Managemenet/Logout"), [:], STOP_ON_FAILURE): Call Test Case 'Test Cases/User Managemenet/Logout' successfully

2023-08-13 19:00:49 - [TEST_CASE][PASSED] - Test Cases/User Managemenet/Logout: Test Cases/User Managemenet/Logout

2023-08-13 19:00:50 - [TEST_STEP][PASSED] - tap(findTestObject("Object Repository/User Management/Logout/android.widget.ImageView - menu"), 0): Tapped on element 'Object Repository/User Management/Logout/android.widget.ImageView - menu'

2023-08-13 19:00:50 - [MESSAGE][WARNING] - Timeout '0' is invalid. Using default page load timeout: '30'

2023-08-13 19:00:50 - [MESSAGE][PASSED] - Tapped on element 'Object Repository/User Management/Logout/android.widget.ImageView - menu'

2023-08-13 19:00:50 - [TEST_STEP][PASSED] - tap(findTestObject("Object Repository/User Management/Logout/android.widget.TextView - Logout"), 0): Tapped on element 'Object Repository/User Management/Logout/android.widget.TextView - Logout'

2023-08-13 19:00:50 - [MESSAGE][WARNING] - Timeout '0' is invalid. Using default page load timeout: '30'

2023-08-13 19:00:52 - [MESSAGE][PASSED] - Tapped on element 'Object Repository/User Management/Logout/android.widget.TextView - Logout'

2023-08-13 19:00:52 - [TEST_STEP][PASSED] - tap(findTestObject("Object Repository/User Management/Logout/android.widget.Button - CONFIRM"), 0): Tapped on element 'Object Repository/User Management/Logout/android.widget.Button - CONFIRM'

2023-08-13 19:00:52 - [MESSAGE][WARNING] - Timeout '0' is invalid. Using default page load timeout: '30'

2023-08-13 19:00:53 - [MESSAGE][PASSED] - Tapped on element 'Object Repository/User Management/Logout/android.widget.Button - CONFIRM'

2023-08-13 19:00:53 - [TEST_STEP][PASSED] - verifyElementExist(findTestObject("Object Repository/User Management/Logout/android.widget.ImageView"), 0): Element 'Object Repository/User Management/Logout/android.widget.ImageView' is exist

2023-08-13 19:00:53 - [MESSAGE][WARNING] - Timeout '0' is invalid. Using default page load timeout: '30'

2023-08-13 19:00:54 - [MESSAGE][PASSED] - Element 'Object Repository/User Management/Logout/android.widget.ImageView' is exist

2023-08-13 19:00:55 - [MESSAGE][PASSED] - Call Test Case 'Test Cases/User Managemenet/Logout' successfully]]></system-out>
         <system-err><![CDATA[]]></system-err>
      </testcase>
      <testcase name="Test Cases/Wound Assessment/Patient assessment questionnaire" time="36.176" classname="Test Cases/Wound Assessment/Patient assessment questionnaire" status="PASSED">
         <system-out><![CDATA[2023-08-13 19:00:55 - [TEST_CASE][PASSED] - Test Cases/Wound Assessment/Patient assessment questionnaire: Test Cases/Wound Assessment/Patient assessment questionnaire

2023-08-13 19:00:56 - [TEST_STEP][PASSED] - setText(findTestObject("User Management/Login/android.widget.EditText - username"), "samarir+katalonpatient@masaratapp.com", 30): Text 'samarir+katalonpatient@masaratapp.com' has been set to element 'Object Repository/User Management/Login/android.widget.EditText - username'

2023-08-13 19:00:57 - [MESSAGE][PASSED] - Text 'samarir+katalonpatient@masaratapp.com' has been set to element 'Object Repository/User Management/Login/android.widget.EditText - username'

2023-08-13 19:00:57 - [TEST_STEP][PASSED] - setText(findTestObject("User Management/Login/android.widget.EditText - password"), LoginCreds.get("password"), 30): Text 'eKare123@' has been set to element 'Object Repository/User Management/Login/android.widget.EditText - password'

2023-08-13 19:00:58 - [MESSAGE][PASSED] - Text 'eKare123@' has been set to element 'Object Repository/User Management/Login/android.widget.EditText - password'

2023-08-13 19:00:58 - [TEST_STEP][PASSED] - tap(findTestObject("User Management/Login/android.view.ViewGroup - sign in"), 30): Tapped on element 'Object Repository/User Management/Login/android.view.ViewGroup - sign in'

2023-08-13 19:00:59 - [MESSAGE][PASSED] - Tapped on element 'Object Repository/User Management/Login/android.view.ViewGroup - sign in'

2023-08-13 19:00:59 - [TEST_STEP][PASSED] - delay(5): Delayed 5 second(s)

2023-08-13 19:01:04 - [MESSAGE][PASSED] - Delayed 5 second(s)

2023-08-13 19:01:04 - [TEST_STEP][PASSED] - tap(findTestObject("Object Repository/Wound Assessment/Patient assessment questionnaire/android.view.ViewGroup - wound"), 30): Tapped on element 'Object Repository/Wound Assessment/Patient assessment questionnaire/android.view.ViewGroup - wound'

2023-08-13 19:01:05 - [MESSAGE][PASSED] - Tapped on element 'Object Repository/Wound Assessment/Patient assessment questionnaire/android.view.ViewGroup - wound'

2023-08-13 19:01:05 - [TEST_STEP][PASSED] - tap(findTestObject("Data Preparation/Wound Assessment/android.view.ViewGroup - Assessment"), 30): Tapped on element 'Object Repository/Data Preparation/Wound Assessment/android.view.ViewGroup - Assessment'

2023-08-13 19:01:09 - [MESSAGE][PASSED] - Tapped on element 'Object Repository/Data Preparation/Wound Assessment/android.view.ViewGroup - Assessment'

2023-08-13 19:01:09 - [TEST_STEP][PASSED] - tap(findTestObject("Wound Assessment/Patient assessment questionnaire/android.widget.ImageView - add assessment"), 30): Tapped on element 'Object Repository/Wound Assessment/Patient assessment questionnaire/android.widget.ImageView - add assessment'

2023-08-13 19:01:11 - [MESSAGE][PASSED] - Tapped on element 'Object Repository/Wound Assessment/Patient assessment questionnaire/android.widget.ImageView - add assessment'

2023-08-13 19:01:11 - [TEST_STEP][PASSED] - verifyElementText(findTestObject("Object Repository/Wound Assessment/Patient assessment questionnaire/android.widget.TextView - Do you have any new or increased drainage, odor, or redness around the wound"), "Do you have any new or increased drainage, odor, or redness around the wound?"): Actual text and expected text of test object 'Object Repository/Wound Assessment/Patient assessment questionnaire/android.widget.TextView - Do you have any new or increased drainage, odor, or redness around the wound' are matched.

2023-08-13 19:01:13 - [MESSAGE][PASSED] - Actual text and expected text of test object 'Object Repository/Wound Assessment/Patient assessment questionnaire/android.widget.TextView - Do you have any new or increased drainage, odor, or redness around the wound' are matched.

2023-08-13 19:01:13 - [TEST_STEP][PASSED] - verifyElementExist(findTestObject("Object Repository/Wound Assessment/Patient assessment questionnaire/android.widget.TextView - No"), 30): Element 'Object Repository/Wound Assessment/Patient assessment questionnaire/android.widget.TextView - No' is exist

2023-08-13 19:01:13 - [MESSAGE][PASSED] - Element 'Object Repository/Wound Assessment/Patient assessment questionnaire/android.widget.TextView - No' is exist

2023-08-13 19:01:13 - [TEST_STEP][PASSED] - verifyElementExist(findTestObject("Object Repository/Wound Assessment/Patient assessment questionnaire/android.view.ViewGroup"), 30): Element 'Object Repository/Wound Assessment/Patient assessment questionnaire/android.view.ViewGroup' is exist

2023-08-13 19:01:14 - [MESSAGE][PASSED] - Element 'Object Repository/Wound Assessment/Patient assessment questionnaire/android.view.ViewGroup' is exist

2023-08-13 19:01:14 - [TEST_STEP][PASSED] - verifyElementText(findTestObject("Object Repository/Wound Assessment/Patient assessment questionnaire/android.widget.TextView - Do you have new or increased wound pain"), "Do you have new or increased wound pain?"): Actual text and expected text of test object 'Object Repository/Wound Assessment/Patient assessment questionnaire/android.widget.TextView - Do you have new or increased wound pain' are matched.

2023-08-13 19:01:15 - [MESSAGE][PASSED] - Actual text and expected text of test object 'Object Repository/Wound Assessment/Patient assessment questionnaire/android.widget.TextView - Do you have new or increased wound pain' are matched.

2023-08-13 19:01:15 - [TEST_STEP][PASSED] - tap(findTestObject("Object Repository/Wound Assessment/Patient assessment questionnaire/android.widget.TextView - Yes"), 30): Tapped on element 'Object Repository/Wound Assessment/Patient assessment questionnaire/android.widget.TextView - Yes'

2023-08-13 19:01:15 - [MESSAGE][PASSED] - Tapped on element 'Object Repository/Wound Assessment/Patient assessment questionnaire/android.widget.TextView - Yes'

2023-08-13 19:01:15 - [TEST_STEP][PASSED] - verifyElementText(findTestObject("Object Repository/Wound Assessment/Patient assessment questionnaire/android.widget.TextView - Do you have a fever (temp above 100.4F38C)"), "Do you have a fever (temp above 100.4F/38C)?"): Actual text and expected text of test object 'Object Repository/Wound Assessment/Patient assessment questionnaire/android.widget.TextView - Do you have a fever (temp above 100.4F38C)' are matched.

2023-08-13 19:01:16 - [MESSAGE][PASSED] - Actual text and expected text of test object 'Object Repository/Wound Assessment/Patient assessment questionnaire/android.widget.TextView - Do you have a fever (temp above 100.4F38C)' are matched.

2023-08-13 19:01:16 - [TEST_STEP][PASSED] - verifyElementExist(findTestObject("Object Repository/Wound Assessment/Patient assessment questionnaire/android.widget.TextView - Yes (1)"), 30): Element 'Object Repository/Wound Assessment/Patient assessment questionnaire/android.widget.TextView - Yes (1)' is exist

2023-08-13 19:01:17 - [MESSAGE][PASSED] - Element 'Object Repository/Wound Assessment/Patient assessment questionnaire/android.widget.TextView - Yes (1)' is exist

2023-08-13 19:01:17 - [TEST_STEP][PASSED] - verifyElementExist(findTestObject("Object Repository/Wound Assessment/Patient assessment questionnaire/android.widget.TextView - No (1)"), 30): Element 'Object Repository/Wound Assessment/Patient assessment questionnaire/android.widget.TextView - No (1)' is exist

2023-08-13 19:01:17 - [MESSAGE][PASSED] - Element 'Object Repository/Wound Assessment/Patient assessment questionnaire/android.widget.TextView - No (1)' is exist

2023-08-13 19:01:17 - [TEST_STEP][PASSED] - tap(findTestObject("Wound Assessment/Patient assessment questionnaire/android.widget.TextView - Yes (1)"), 30): Tapped on element 'Object Repository/Wound Assessment/Patient assessment questionnaire/android.widget.TextView - Yes (1)'

2023-08-13 19:01:18 - [MESSAGE][PASSED] - Tapped on element 'Object Repository/Wound Assessment/Patient assessment questionnaire/android.widget.TextView - Yes (1)'

2023-08-13 19:01:18 - [TEST_STEP][PASSED] - tap(findTestObject("Object Repository/Wound Assessment/Patient assessment questionnaire/android.widget.TextView - Save"), 30): Tapped on element 'Object Repository/Wound Assessment/Patient assessment questionnaire/android.widget.TextView - Save'

2023-08-13 19:01:19 - [MESSAGE][PASSED] - Tapped on element 'Object Repository/Wound Assessment/Patient assessment questionnaire/android.widget.TextView - Save'

2023-08-13 19:01:19 - [TEST_STEP][PASSED] - verifyElementText(findTestObject("Object Repository/Wound Assessment/Patient assessment questionnaire/android.widget.TextView - Do you have any new or increased drainage, odor, or redness around the wound (1)"), "Do you have any new or increased drainage, odor, or redness around the wound?"): Actual text and expected text of test object 'Object Repository/Wound Assessment/Patient assessment questionnaire/android.widget.TextView - Do you have any new or increased drainage, odor, or redness around the wound (1)' are matched.

2023-08-13 19:01:23 - [MESSAGE][PASSED] - Actual text and expected text of test object 'Object Repository/Wound Assessment/Patient assessment questionnaire/android.widget.TextView - Do you have any new or increased drainage, odor, or redness around the wound (1)' are matched.

2023-08-13 19:01:23 - [TEST_STEP][PASSED] - verifyElementText(findTestObject("Object Repository/Wound Assessment/Patient assessment questionnaire/android.widget.TextView - No (2)"), "No"): Actual text and expected text of test object 'Object Repository/Wound Assessment/Patient assessment questionnaire/android.widget.TextView - No (2)' are matched.

2023-08-13 19:01:23 - [MESSAGE][PASSED] - Actual text and expected text of test object 'Object Repository/Wound Assessment/Patient assessment questionnaire/android.widget.TextView - No (2)' are matched.

2023-08-13 19:01:23 - [TEST_STEP][PASSED] - verifyElementText(findTestObject("Object Repository/Wound Assessment/Patient assessment questionnaire/android.widget.TextView - Do you have new or increased wound pain (1)"), "Do you have new or increased wound pain?"): Actual text and expected text of test object 'Object Repository/Wound Assessment/Patient assessment questionnaire/android.widget.TextView - Do you have new or increased wound pain (1)' are matched.

2023-08-13 19:01:24 - [MESSAGE][PASSED] - Actual text and expected text of test object 'Object Repository/Wound Assessment/Patient assessment questionnaire/android.widget.TextView - Do you have new or increased wound pain (1)' are matched.

2023-08-13 19:01:24 - [TEST_STEP][PASSED] - verifyElementText(findTestObject("Object Repository/Wound Assessment/Patient assessment questionnaire/android.widget.TextView - Yes (2)"), "Yes"): Actual text and expected text of test object 'Object Repository/Wound Assessment/Patient assessment questionnaire/android.widget.TextView - Yes (2)' are matched.

2023-08-13 19:01:25 - [MESSAGE][PASSED] - Actual text and expected text of test object 'Object Repository/Wound Assessment/Patient assessment questionnaire/android.widget.TextView - Yes (2)' are matched.

2023-08-13 19:01:25 - [TEST_STEP][PASSED] - verifyElementText(findTestObject("Object Repository/Wound Assessment/Patient assessment questionnaire/android.widget.TextView - Do you have a fever (temp above 100.4F38C) (1)"), "Do you have a fever (temp above 100.4F/38C)?"): Actual text and expected text of test object 'Object Repository/Wound Assessment/Patient assessment questionnaire/android.widget.TextView - Do you have a fever (temp above 100.4F38C) (1)' are matched.

2023-08-13 19:01:26 - [MESSAGE][PASSED] - Actual text and expected text of test object 'Object Repository/Wound Assessment/Patient assessment questionnaire/android.widget.TextView - Do you have a fever (temp above 100.4F38C) (1)' are matched.

2023-08-13 19:01:26 - [TEST_STEP][PASSED] - verifyElementText(findTestObject("Object Repository/Wound Assessment/Patient assessment questionnaire/android.widget.TextView - Yes (3)"), "Yes"): Actual text and expected text of test object 'Object Repository/Wound Assessment/Patient assessment questionnaire/android.widget.TextView - Yes (3)' are matched.

2023-08-13 19:01:26 - [MESSAGE][PASSED] - Actual text and expected text of test object 'Object Repository/Wound Assessment/Patient assessment questionnaire/android.widget.TextView - Yes (3)' are matched.

2023-08-13 19:01:26 - [TEST_STEP][PASSED] - pressBack(): Press back button successfully

2023-08-13 19:01:26 - [MESSAGE][PASSED] - Press back button successfully

2023-08-13 19:01:26 - [TEST_STEP][PASSED] - pressBack(): Press back button successfully

2023-08-13 19:01:27 - [MESSAGE][PASSED] - Press back button successfully

2023-08-13 19:01:27 - [TEST_STEP][PASSED] - tap(findTestObject("Object Repository/Wound Assessment/Patient assessment questionnaire/android.widget.ImageView - Menu"), 30): Tapped on element 'Object Repository/Wound Assessment/Patient assessment questionnaire/android.widget.ImageView - Menu'

2023-08-13 19:01:28 - [MESSAGE][PASSED] - Tapped on element 'Object Repository/Wound Assessment/Patient assessment questionnaire/android.widget.ImageView - Menu'

2023-08-13 19:01:28 - [TEST_STEP][PASSED] - tap(findTestObject("Object Repository/Wound Assessment/Patient assessment questionnaire/android.widget.TextView - Logout"), 30): Tapped on element 'Object Repository/Wound Assessment/Patient assessment questionnaire/android.widget.TextView - Logout'

2023-08-13 19:01:30 - [MESSAGE][PASSED] - Tapped on element 'Object Repository/Wound Assessment/Patient assessment questionnaire/android.widget.TextView - Logout'

2023-08-13 19:01:30 - [TEST_STEP][PASSED] - tap(findTestObject("Object Repository/Wound Assessment/Patient assessment questionnaire/android.widget.Button - CONFIRM"), 30): Tapped on element 'Object Repository/Wound Assessment/Patient assessment questionnaire/android.widget.Button - CONFIRM'

2023-08-13 19:01:31 - [MESSAGE][PASSED] - Tapped on element 'Object Repository/Wound Assessment/Patient assessment questionnaire/android.widget.Button - CONFIRM']]></system-out>
         <system-err><![CDATA[]]></system-err>
      </testcase>
      <system-out><![CDATA[2023-08-13 18:57:23 - [TEST_SUITE][PASSED] - Wound Assessment: Test Cases/Wound Assessment/Patient assessment questionnaire]]></system-out>
      <system-err><![CDATA[]]></system-err>
   </testsuite>
</testsuites>
