<?xml version="1.0" encoding="UTF-8"?>
<testsuites name="EU_Android_Lite" time="71.179" tests="0" failures="0" errors="0">
   <testsuite name="Test Suites/EU Android phone/EU Android Menu and Other services - Android - RF8N307NKZV - 20240112_115639" tests="0" failures="0" errors="0" time="0.0" skipped="0" timestamp="01-01-1970T00:00:00" hostname="">
      <properties>
         <property name="deviceName" value=""/>
         <property name="devicePlatform"/>
         <property name="logFolder" value="/Users/safaamarir/git/Android_Automation/Reports/20240112_115636/EU Android phone/EU Android Menu and Other services/20240112_115639"/>
         <property name="logFiles" value=""/>
         <property name="attachments" value=""/>
      </properties>
      <system-out><![CDATA[01-01-1970T00:00:00 - [TEST_SUITE][PASSED] - Test Suites/EU Android phone/EU Android Menu and Other services - Android - RF8N307NKZV - 20240112_115639: null]]></system-out>
      <system-err><![CDATA[]]></system-err>
   </testsuite>
</testsuites>
