<?xml version="1.0" encoding="UTF-8"?>
<testsuites name="Data Preparation" time="502.776" tests="3" failures="0" errors="0">
   <testsuite name="Data Preparation" tests="3" failures="0" errors="0" time="502.776" skipped="0" timestamp="2023-09-08 09:53:04" hostname="Amarir - DESKTOP-EE3F8H4" id="Test Suites/Data Preparation">
      <properties>
         <property name="deviceName" value="samsung SM-N975F (Android 12)"/>
         <property name="devicePlatform" value=""/>
         <property name="logFolder" value="C:\\Users\\Amarir\\git\\IS_Katalon_Lite_Version\\Reports\\20230908_095257\\Data Preparation\\20230908_095257"/>
         <property name="logFiles" value="C:\\Users\\Amarir\\git\\IS_Katalon_Lite_Version\\Reports\\20230908_095257\\Data Preparation\\20230908_095257\\appium.log, C:\\Users\\Amarir\\git\\IS_Katalon_Lite_Version\\Reports\\20230908_095257\\Data Preparation\\20230908_095257\\execution0.log"/>
         <property name="attachments" value="C:\\Users\\Amarir\\git\\IS_Katalon_Lite_Version\\Reports\\20230908_095257\\Data Preparation\\20230908_095257\\1694167004092.png, C:\\Users\\Amarir\\git\\IS_Katalon_Lite_Version\\Reports\\20230908_095257\\Data Preparation\\20230908_095257\\1694167159169.png"/>
         <property name="hostName" value="Amarir - DESKTOP-EE3F8H4"/>
         <property name="os" value="Windows 10 64bit"/>
         <property name="appiumServerStatus" value="{&quot;value&quot;:{&quot;build&quot;:{&quot;version&quot;:&quot;1.22.0&quot;}},&quot;sessionId&quot;:null,&quot;status&quot;:0}"/>
         <property name="katalonVersion" value="8.6.5.208"/>
         <property name="deviceOS" value="Android"/>
         <property name="appiumVersion" value="1.22.0"/>
         <property name="deviceModel" value="SM-N975F"/>
         <property name="hostAddress" value="192.168.234.1"/>
         <property name="deviceManufacturer" value="samsung"/>
         <property name="deviceId" value="RF8N307NKZV"/>
         <property name="deviceName" value="samsung SM-N975F (Android 12)"/>
         <property name="deviceOSVersion" value="12"/>
      </properties>
      <testcase name="Test Cases/Data preparation/Patient Management" time="128.925" classname="Test Cases/Data preparation/Patient Management" status="PASSED">
         <system-out><![CDATA[2023-09-08 09:53:05 - [TEST_CASE][PASSED] - Test Cases/Data preparation/Patient Management: Test Cases/Data preparation/Patient Management

2023-09-08 09:53:06 - [TEST_STEP][PASSED] - callTestCase(findTestCase("User Managemenet/Login"), [:], STOP_ON_FAILURE): Call Test Case 'Test Cases/User Managemenet/Login' successfully

2023-09-08 09:53:07 - [TEST_CASE][PASSED] - Test Cases/User Managemenet/Login: Test Cases/User Managemenet/Login

2023-09-08 09:53:08 - [TEST_STEP][PASSED] - startApplication(APK, false): Started app at: 'C:\Users\Amarir\Downloads\APK\IS\IS_Prod_2.1.apk'

2023-09-08 09:53:10 - [MESSAGE][INFO] - Detected NodeJS location: "C:\Program Files\nodejs\node.exe"

2023-09-08 09:53:13 - [MESSAGE][INFO] - Appium server started on port 56,401

2023-09-08 09:53:36 - [MESSAGE][PASSED] - Started app at: 'C:\Users\Amarir\Downloads\APK\IS\IS_Prod_2.1.apk'

2023-09-08 09:53:36 - [TEST_STEP][PASSED] - setText(findTestObject("User Management/Login/android.widget.EditText - password"), LoginCreds.get("password"), 30): Text 'eKare123@' has been set to element 'Object Repository/User Management/Login/android.widget.EditText - password'

2023-09-08 09:53:38 - [MESSAGE][PASSED] - Text 'eKare123@' has been set to element 'Object Repository/User Management/Login/android.widget.EditText - password'

2023-09-08 09:53:38 - [TEST_STEP][PASSED] - setText(findTestObject("User Management/Login/android.widget.EditText - username"), LoginCreds.get("username"), 30): Text 'safakata' has been set to element 'Object Repository/User Management/Login/android.widget.EditText - username'

2023-09-08 09:53:40 - [MESSAGE][PASSED] - Text 'safakata' has been set to element 'Object Repository/User Management/Login/android.widget.EditText - username'

2023-09-08 09:53:40 - [TEST_STEP][PASSED] - tap(findTestObject("User Management/Login/android.view.ViewGroup - sign in"), 30): Tapped on element 'Object Repository/User Management/Login/android.view.ViewGroup - sign in'

2023-09-08 09:53:41 - [MESSAGE][PASSED] - Tapped on element 'Object Repository/User Management/Login/android.view.ViewGroup - sign in'

2023-09-08 09:53:41 - [TEST_STEP][PASSED] - tap(findTestObject("Object Repository/User Management/Login/android.widget.TextView - Katalon"), 30): Tapped on element 'Object Repository/User Management/Login/android.widget.TextView - Katalon'

2023-09-08 09:53:42 - [MESSAGE][PASSED] - Tapped on element 'Object Repository/User Management/Login/android.widget.TextView - Katalon'

2023-09-08 09:53:42 - [TEST_STEP][PASSED] - delay(2, STOP_ON_FAILURE): Delayed 2 second(s)

2023-09-08 09:53:44 - [MESSAGE][PASSED] - Delayed 2 second(s)

2023-09-08 09:53:44 - [TEST_STEP][PASSED] - verifyElementExist(findTestObject("Object Repository/User Management/Login/android.widget.TextView - Patient Directory"), 30): Element 'Object Repository/User Management/Login/android.widget.TextView - Patient Directory' is exist

2023-09-08 09:53:48 - [MESSAGE][PASSED] - Element 'Object Repository/User Management/Login/android.widget.TextView - Patient Directory' is exist

2023-09-08 09:53:48 - [MESSAGE][PASSED] - Call Test Case 'Test Cases/User Managemenet/Login' successfully

2023-09-08 09:53:48 - [TEST_STEP][PASSED] - scrollToText("MRN: 987"): Scrolling to text 'MRN: 987' successfully

2023-09-08 09:53:56 - [MESSAGE][PASSED] - Scrolling to text 'MRN: 987' successfully

2023-09-08 09:53:56 - [TEST_STEP][PASSED] - tap(findTestObject("Object Repository/Data Preparation/Patient Management/android.widget.TextView - MRN 987"), 30): Tapped on element 'Object Repository/Data Preparation/Patient Management/android.widget.TextView - MRN 987'

2023-09-08 09:53:56 - [MESSAGE][PASSED] - Tapped on element 'Object Repository/Data Preparation/Patient Management/android.widget.TextView - MRN 987'

2023-09-08 09:53:56 - [TEST_STEP][PASSED] - tap(findTestObject("Object Repository/Data Preparation/Patient Management/android.widget.ImageView"), 30): Tapped on element 'Object Repository/Data Preparation/Patient Management/android.widget.ImageView'

2023-09-08 09:53:58 - [MESSAGE][PASSED] - Tapped on element 'Object Repository/Data Preparation/Patient Management/android.widget.ImageView'

2023-09-08 09:53:58 - [TEST_STEP][PASSED] - tap(findTestObject("Object Repository/Data Preparation/Patient Management/android.widget.TextView - Edit patient"), 30): Tapped on element 'Object Repository/Data Preparation/Patient Management/android.widget.TextView - Edit patient'

2023-09-08 09:53:59 - [MESSAGE][PASSED] - Tapped on element 'Object Repository/Data Preparation/Patient Management/android.widget.TextView - Edit patient'

2023-09-08 09:53:59 - [TEST_STEP][PASSED] - setText(findTestObject("Patient Management/Edit Patient/android.widget.EditText - First Name"), "Edit", 30): Text 'Edit' has been set to element 'Object Repository/Patient Management/Edit Patient/android.widget.EditText - First Name'

2023-09-08 09:54:02 - [MESSAGE][PASSED] - Text 'Edit' has been set to element 'Object Repository/Patient Management/Edit Patient/android.widget.EditText - First Name'

2023-09-08 09:54:02 - [TEST_STEP][PASSED] - setText(findTestObject("Patient Management/Edit Patient/android.widget.EditText - Last Name"), "Lite", 30): Text 'Lite' has been set to element 'Object Repository/Patient Management/Edit Patient/android.widget.EditText - Last Name'

2023-09-08 09:54:04 - [MESSAGE][PASSED] - Text 'Lite' has been set to element 'Object Repository/Patient Management/Edit Patient/android.widget.EditText - Last Name'

2023-09-08 09:54:04 - [TEST_STEP][PASSED] - setText(findTestObject("Patient Management/Edit Patient/android.widget.EditText - DOB (1)"), "09/08/1997", 30): Text '09/08/1997' has been set to element 'Object Repository/Patient Management/Edit Patient/android.widget.EditText - DOB (1)'

2023-09-08 09:54:05 - [MESSAGE][PASSED] - Text '09/08/1997' has been set to element 'Object Repository/Patient Management/Edit Patient/android.widget.EditText - DOB (1)'

2023-09-08 09:54:05 - [TEST_STEP][PASSED] - tap(findTestObject("Object Repository/Data Preparation/Patient Management/android.widget.TextView - Save"), 30): Tapped on element 'Object Repository/Data Preparation/Patient Management/android.widget.TextView - Save'

2023-09-08 09:54:06 - [MESSAGE][PASSED] - Tapped on element 'Object Repository/Data Preparation/Patient Management/android.widget.TextView - Save'

2023-09-08 09:54:06 - [TEST_STEP][PASSED] - tap(findTestObject("Object Repository/Data Preparation/Patient Management/android.widget.Button - OK"), 30): Tapped on element 'Object Repository/Data Preparation/Patient Management/android.widget.Button - OK'

2023-09-08 09:54:07 - [MESSAGE][PASSED] - Tapped on element 'Object Repository/Data Preparation/Patient Management/android.widget.Button - OK'

2023-09-08 09:54:07 - [TEST_STEP][PASSED] - pressBack(): Press back button successfully

2023-09-08 09:54:08 - [MESSAGE][PASSED] - Press back button successfully

2023-09-08 09:54:08 - [TEST_STEP][PASSED] - scrollToText("6768"): Scrolling to text '6768' successfully

2023-09-08 09:54:19 - [MESSAGE][PASSED] - Scrolling to text '6768' successfully

2023-09-08 09:54:19 - [TEST_STEP][PASSED] - tap(findTestObject("Object Repository/Data Preparation/Patient Management/android.widget.TextView - MRN 6768"), 30): Tapped on element 'Object Repository/Data Preparation/Patient Management/android.widget.TextView - MRN 6768'

2023-09-08 09:54:19 - [MESSAGE][PASSED] - Tapped on element 'Object Repository/Data Preparation/Patient Management/android.widget.TextView - MRN 6768'

2023-09-08 09:54:19 - [TEST_STEP][PASSED] - tap(findTestObject("Data Preparation/Patient Management/android.widget.ImageView - menu"), 30): Tapped on element 'Object Repository/Data Preparation/Patient Management/android.widget.ImageView - menu'

2023-09-08 09:54:21 - [MESSAGE][PASSED] - Tapped on element 'Object Repository/Data Preparation/Patient Management/android.widget.ImageView - menu'

2023-09-08 09:54:21 - [TEST_STEP][PASSED] - tap(findTestObject("Object Repository/Data Preparation/Patient Management/android.widget.TextView - Freeze patient"), 30): Tapped on element 'Object Repository/Data Preparation/Patient Management/android.widget.TextView - Freeze patient'

2023-09-08 09:54:22 - [MESSAGE][PASSED] - Tapped on element 'Object Repository/Data Preparation/Patient Management/android.widget.TextView - Freeze patient'

2023-09-08 09:54:22 - [TEST_STEP][PASSED] - tap(findTestObject("Object Repository/Data Preparation/Patient Management/android.widget.TextView - Confirm"), 30): Tapped on element 'Object Repository/Data Preparation/Patient Management/android.widget.TextView - Confirm'

2023-09-08 09:54:24 - [MESSAGE][PASSED] - Tapped on element 'Object Repository/Data Preparation/Patient Management/android.widget.TextView - Confirm'

2023-09-08 09:54:24 - [TEST_STEP][PASSED] - tap(findTestObject("Object Repository/Data Preparation/Patient Management/android.widget.ImageView (1)"), 30): Tapped on element 'Object Repository/Data Preparation/Patient Management/android.widget.ImageView (1)'

2023-09-08 09:54:26 - [MESSAGE][PASSED] - Tapped on element 'Object Repository/Data Preparation/Patient Management/android.widget.ImageView (1)'

2023-09-08 09:54:26 - [TEST_STEP][PASSED] - tap(findTestObject("Object Repository/Data Preparation/Patient Management/android.widget.Switch - ON"), 30): Tapped on element 'Object Repository/Data Preparation/Patient Management/android.widget.Switch - ON'

2023-09-08 09:54:27 - [MESSAGE][PASSED] - Tapped on element 'Object Repository/Data Preparation/Patient Management/android.widget.Switch - ON'

2023-09-08 09:54:27 - [TEST_STEP][PASSED] - tap(findTestObject("Object Repository/Data Preparation/Patient Management/android.widget.TextView - Apply"), 30): Tapped on element 'Object Repository/Data Preparation/Patient Management/android.widget.TextView - Apply'

2023-09-08 09:54:28 - [MESSAGE][PASSED] - Tapped on element 'Object Repository/Data Preparation/Patient Management/android.widget.TextView - Apply'

2023-09-08 09:54:28 - [TEST_STEP][PASSED] - scrollToText("MRN: 6767"): Scrolling to text 'MRN: 6767' successfully

2023-09-08 09:54:37 - [MESSAGE][PASSED] - Scrolling to text 'MRN: 6767' successfully

2023-09-08 09:54:37 - [TEST_STEP][PASSED] - tap(findTestObject("Object Repository/Data Preparation/Patient Management/android.widget.TextView - 25M  MRN 6767"), 30): Tapped on element 'Object Repository/Data Preparation/Patient Management/android.widget.TextView - 25M  MRN 6767'

2023-09-08 09:54:37 - [MESSAGE][PASSED] - Tapped on element 'Object Repository/Data Preparation/Patient Management/android.widget.TextView - 25M  MRN 6767'

2023-09-08 09:54:37 - [TEST_STEP][PASSED] - tap(findTestObject("Data Preparation/Patient Management/android.widget.ImageView - menu"), 30): Tapped on element 'Object Repository/Data Preparation/Patient Management/android.widget.ImageView - menu'

2023-09-08 09:54:39 - [MESSAGE][PASSED] - Tapped on element 'Object Repository/Data Preparation/Patient Management/android.widget.ImageView - menu'

2023-09-08 09:54:39 - [TEST_STEP][PASSED] - tap(findTestObject("Object Repository/Data Preparation/Patient Management/android.widget.TextView - UnFreeze patient"), 30): Tapped on element 'Object Repository/Data Preparation/Patient Management/android.widget.TextView - UnFreeze patient'

2023-09-08 09:54:40 - [MESSAGE][PASSED] - Tapped on element 'Object Repository/Data Preparation/Patient Management/android.widget.TextView - UnFreeze patient'

2023-09-08 09:54:40 - [TEST_STEP][PASSED] - tap(findTestObject("Data Preparation/Patient Management/android.widget.TextView - Confirm"), 30): Tapped on element 'Object Repository/Data Preparation/Patient Management/android.widget.TextView - Confirm'

2023-09-08 09:54:41 - [MESSAGE][PASSED] - Tapped on element 'Object Repository/Data Preparation/Patient Management/android.widget.TextView - Confirm'

2023-09-08 09:54:41 - [TEST_STEP][PASSED] - tap(findTestObject("Object Repository/Data Preparation/Patient Management/android.widget.ImageView (2)"), 30): Tapped on element 'Object Repository/Data Preparation/Patient Management/android.widget.ImageView (2)'

2023-09-08 09:54:44 - [MESSAGE][PASSED] - Tapped on element 'Object Repository/Data Preparation/Patient Management/android.widget.ImageView (2)'

2023-09-08 09:54:44 - [TEST_STEP][PASSED] - delay(30, STOP_ON_FAILURE): Delayed 30 second(s)

2023-09-08 09:55:14 - [MESSAGE][PASSED] - Delayed 30 second(s)]]></system-out>
         <system-err><![CDATA[]]></system-err>
      </testcase>
      <testcase name="Test Cases/Data preparation/Wound Assessment" time="87.602" classname="Test Cases/Data preparation/Wound Assessment" status="PASSED">
         <system-out><![CDATA[2023-09-08 09:56:44 - [TEST_CASE][PASSED] - Test Cases/Data preparation/Wound Assessment: Test Cases/Data preparation/Wound Assessment

2023-09-08 09:56:44 - [TEST_STEP][PASSED] - callTestCase(findTestCase("User Managemenet/Login"), [:], STOP_ON_FAILURE): Call Test Case 'Test Cases/User Managemenet/Login' successfully

2023-09-08 09:56:44 - [TEST_CASE][PASSED] - Test Cases/User Managemenet/Login: Test Cases/User Managemenet/Login

2023-09-08 09:56:44 - [TEST_STEP][PASSED] - startApplication(APK, false): Started app at: 'C:\Users\Amarir\Downloads\APK\IS\IS_Prod_2.1.apk'

2023-09-08 09:56:56 - [MESSAGE][PASSED] - Started app at: 'C:\Users\Amarir\Downloads\APK\IS\IS_Prod_2.1.apk'

2023-09-08 09:56:56 - [TEST_STEP][PASSED] - setText(findTestObject("User Management/Login/android.widget.EditText - password"), LoginCreds.get("password"), 30): Text 'eKare123@' has been set to element 'Object Repository/User Management/Login/android.widget.EditText - password'

2023-09-08 09:57:03 - [MESSAGE][PASSED] - Text 'eKare123@' has been set to element 'Object Repository/User Management/Login/android.widget.EditText - password'

2023-09-08 09:57:03 - [TEST_STEP][PASSED] - setText(findTestObject("User Management/Login/android.widget.EditText - username"), LoginCreds.get("username"), 30): Text 'safakata' has been set to element 'Object Repository/User Management/Login/android.widget.EditText - username'

2023-09-08 09:57:05 - [MESSAGE][PASSED] - Text 'safakata' has been set to element 'Object Repository/User Management/Login/android.widget.EditText - username'

2023-09-08 09:57:05 - [TEST_STEP][PASSED] - tap(findTestObject("User Management/Login/android.view.ViewGroup - sign in"), 30): Tapped on element 'Object Repository/User Management/Login/android.view.ViewGroup - sign in'

2023-09-08 09:57:06 - [MESSAGE][PASSED] - Tapped on element 'Object Repository/User Management/Login/android.view.ViewGroup - sign in'

2023-09-08 09:57:06 - [TEST_STEP][PASSED] - tap(findTestObject("Object Repository/User Management/Login/android.widget.TextView - Katalon"), 30): Tapped on element 'Object Repository/User Management/Login/android.widget.TextView - Katalon'

2023-09-08 09:57:07 - [MESSAGE][PASSED] - Tapped on element 'Object Repository/User Management/Login/android.widget.TextView - Katalon'

2023-09-08 09:57:07 - [TEST_STEP][PASSED] - delay(2, STOP_ON_FAILURE): Delayed 2 second(s)

2023-09-08 09:57:09 - [MESSAGE][PASSED] - Delayed 2 second(s)

2023-09-08 09:57:09 - [TEST_STEP][PASSED] - verifyElementExist(findTestObject("Object Repository/User Management/Login/android.widget.TextView - Patient Directory"), 30): Element 'Object Repository/User Management/Login/android.widget.TextView - Patient Directory' is exist

2023-09-08 09:57:13 - [MESSAGE][PASSED] - Element 'Object Repository/User Management/Login/android.widget.TextView - Patient Directory' is exist

2023-09-08 09:57:13 - [MESSAGE][PASSED] - Call Test Case 'Test Cases/User Managemenet/Login' successfully

2023-09-08 09:57:13 - [TEST_STEP][PASSED] - scrollToText("MRN: 21ui"): Scrolling to text 'MRN: 21ui' successfully

2023-09-08 09:57:14 - [MESSAGE][PASSED] - Scrolling to text 'MRN: 21ui' successfully

2023-09-08 09:57:14 - [TEST_STEP][PASSED] - tap(findTestObject("Object Repository/Data Preparation/Wound Assessment/android.widget.TextView - MRN 21ui"), 30): Tapped on element 'Object Repository/Data Preparation/Wound Assessment/android.widget.TextView - MRN 21ui'

2023-09-08 09:57:15 - [MESSAGE][PASSED] - Tapped on element 'Object Repository/Data Preparation/Wound Assessment/android.widget.TextView - MRN 21ui'

2023-09-08 09:57:15 - [TEST_STEP][PASSED] - tap(findTestObject("Object Repository/Data Preparation/Wound Assessment/android.view.ViewGroup - wound"), 30): Tapped on element 'Object Repository/Data Preparation/Wound Assessment/android.view.ViewGroup - wound'

2023-09-08 09:57:18 - [MESSAGE][PASSED] - Tapped on element 'Object Repository/Data Preparation/Wound Assessment/android.view.ViewGroup - wound'

2023-09-08 09:57:18 - [TEST_STEP][PASSED] - tap(findTestObject("Object Repository/Data Preparation/Wound Assessment/android.widget.ImageView - menu"), 30): Tapped on element 'Object Repository/Data Preparation/Wound Assessment/android.widget.ImageView - menu'

2023-09-08 09:57:21 - [MESSAGE][PASSED] - Tapped on element 'Object Repository/Data Preparation/Wound Assessment/android.widget.ImageView - menu'

2023-09-08 09:57:21 - [TEST_STEP][PASSED] - tap(findTestObject("Object Repository/Data Preparation/Wound Assessment/android.widget.TextView - Delete wound"), 30): Tapped on element 'Object Repository/Data Preparation/Wound Assessment/android.widget.TextView - Delete wound'

2023-09-08 09:57:22 - [MESSAGE][PASSED] - Tapped on element 'Object Repository/Data Preparation/Wound Assessment/android.widget.TextView - Delete wound'

2023-09-08 09:57:22 - [TEST_STEP][PASSED] - tap(findTestObject("Object Repository/Data Preparation/Wound Assessment/android.widget.Button - CONFIRM"), 30): Tapped on element 'Object Repository/Data Preparation/Wound Assessment/android.widget.Button - CONFIRM'

2023-09-08 09:57:23 - [MESSAGE][PASSED] - Tapped on element 'Object Repository/Data Preparation/Wound Assessment/android.widget.Button - CONFIRM'

2023-09-08 09:57:23 - [TEST_STEP][PASSED] - tap(findTestObject("Object Repository/Data Preparation/Wound Assessment/android.widget.ImageView - add wound"), 30): Tapped on element 'Object Repository/Data Preparation/Wound Assessment/android.widget.ImageView - add wound'

2023-09-08 09:57:26 - [MESSAGE][PASSED] - Tapped on element 'Object Repository/Data Preparation/Wound Assessment/android.widget.ImageView - add wound'

2023-09-08 09:57:26 - [TEST_STEP][PASSED] - tap(findTestObject("Object Repository/Data Preparation/Wound Assessment/android.widget.TextView - Next"), 30): Tapped on element 'Object Repository/Data Preparation/Wound Assessment/android.widget.TextView - Next'

2023-09-08 09:57:27 - [MESSAGE][PASSED] - Tapped on element 'Object Repository/Data Preparation/Wound Assessment/android.widget.TextView - Next'

2023-09-08 09:57:27 - [TEST_STEP][PASSED] - tap(findTestObject("Object Repository/Data Preparation/Wound Assessment/android.widget.TextView - Save"), 30): Tapped on element 'Object Repository/Data Preparation/Wound Assessment/android.widget.TextView - Save'

2023-09-08 09:57:28 - [MESSAGE][PASSED] - Tapped on element 'Object Repository/Data Preparation/Wound Assessment/android.widget.TextView - Save'

2023-09-08 09:57:28 - [TEST_STEP][PASSED] - delay(2, STOP_ON_FAILURE): Delayed 2 second(s)

2023-09-08 09:57:30 - [MESSAGE][PASSED] - Delayed 2 second(s)

2023-09-08 09:57:30 - [TEST_STEP][PASSED] - pressBack(): Press back button successfully

2023-09-08 09:57:30 - [MESSAGE][PASSED] - Press back button successfully

2023-09-08 09:57:30 - [TEST_STEP][PASSED] - scrollToText("MRN: 23ui"): Scrolling to text 'MRN: 23ui' successfully

2023-09-08 09:57:55 - [MESSAGE][PASSED] - Scrolling to text 'MRN: 23ui' successfully

2023-09-08 09:57:55 - [TEST_STEP][PASSED] - tap(findTestObject("Object Repository/Data Preparation/Wound Assessment/android.widget.TextView - MRN 23ui"), 30): Tapped on element 'Object Repository/Data Preparation/Wound Assessment/android.widget.TextView - MRN 23ui'

2023-09-08 09:57:55 - [MESSAGE][PASSED] - Tapped on element 'Object Repository/Data Preparation/Wound Assessment/android.widget.TextView - MRN 23ui'

2023-09-08 09:57:55 - [TEST_STEP][PASSED] - tap(findTestObject("Object Repository/Data Preparation/Wound Assessment/android.view.ViewGroup - wound"), 30): Tapped on element 'Object Repository/Data Preparation/Wound Assessment/android.view.ViewGroup - wound'

2023-09-08 09:57:58 - [MESSAGE][PASSED] - Tapped on element 'Object Repository/Data Preparation/Wound Assessment/android.view.ViewGroup - wound'

2023-09-08 09:57:58 - [TEST_STEP][PASSED] - tap(findTestObject("Data Preparation/Wound Assessment/android.view.ViewGroup - Assessment"), 30): Tapped on element 'Object Repository/Data Preparation/Wound Assessment/android.view.ViewGroup - Assessment'

2023-09-08 09:58:00 - [MESSAGE][PASSED] - Tapped on element 'Object Repository/Data Preparation/Wound Assessment/android.view.ViewGroup - Assessment'

2023-09-08 09:58:00 - [TEST_STEP][PASSED] - tap(findTestObject("Object Repository/Data Preparation/Wound Assessment/android.widget.ImageView"), 30): Tapped on element 'Object Repository/Data Preparation/Wound Assessment/android.widget.ImageView'

2023-09-08 09:58:03 - [MESSAGE][PASSED] - Tapped on element 'Object Repository/Data Preparation/Wound Assessment/android.widget.ImageView'

2023-09-08 09:58:03 - [TEST_STEP][PASSED] - tap(findTestObject("Object Repository/Data Preparation/Wound Assessment/android.widget.TextView - WOUND EDGE"), 30): Tapped on element 'Object Repository/Data Preparation/Wound Assessment/android.widget.TextView - WOUND EDGE'

2023-09-08 09:58:04 - [MESSAGE][PASSED] - Tapped on element 'Object Repository/Data Preparation/Wound Assessment/android.widget.TextView - WOUND EDGE'

2023-09-08 09:58:04 - [TEST_STEP][PASSED] - tap(findTestObject("Object Repository/Data Preparation/Wound Assessment/android.widget.TextView - Attached"), 30): Tapped on element 'Object Repository/Data Preparation/Wound Assessment/android.widget.TextView - Attached'

2023-09-08 09:58:05 - [MESSAGE][PASSED] - Tapped on element 'Object Repository/Data Preparation/Wound Assessment/android.widget.TextView - Attached'

2023-09-08 09:58:05 - [TEST_STEP][PASSED] - tap(findTestObject("Object Repository/Data Preparation/Wound Assessment/android.widget.TextView - PERI WOUND SKIN"), 30): Tapped on element 'Object Repository/Data Preparation/Wound Assessment/android.widget.TextView - PERI WOUND SKIN'

2023-09-08 09:58:06 - [MESSAGE][PASSED] - Tapped on element 'Object Repository/Data Preparation/Wound Assessment/android.widget.TextView - PERI WOUND SKIN'

2023-09-08 09:58:06 - [TEST_STEP][PASSED] - tap(findTestObject("Object Repository/Data Preparation/Wound Assessment/android.widget.TextView - Oedema"), 30): Tapped on element 'Object Repository/Data Preparation/Wound Assessment/android.widget.TextView - Oedema'

2023-09-08 09:58:07 - [MESSAGE][PASSED] - Tapped on element 'Object Repository/Data Preparation/Wound Assessment/android.widget.TextView - Oedema'

2023-09-08 09:58:07 - [TEST_STEP][PASSED] - tap(findTestObject("Object Repository/Data Preparation/Wound Assessment/android.widget.TextView - Save (1)"), 30): Tapped on element 'Object Repository/Data Preparation/Wound Assessment/android.widget.TextView - Save (1)'

2023-09-08 09:58:08 - [MESSAGE][PASSED] - Tapped on element 'Object Repository/Data Preparation/Wound Assessment/android.widget.TextView - Save (1)'

2023-09-08 09:58:08 - [TEST_STEP][PASSED] - verifyElementText(findTestObject("Object Repository/Data Preparation/Wound Assessment/android.widget.TextView - Rolled"), "Rolled"): Actual text and expected text of test object 'Object Repository/Data Preparation/Wound Assessment/android.widget.TextView - Rolled' are matched.

2023-09-08 09:58:10 - [MESSAGE][PASSED] - Actual text and expected text of test object 'Object Repository/Data Preparation/Wound Assessment/android.widget.TextView - Rolled' are matched.

2023-09-08 09:58:10 - [TEST_STEP][PASSED] - verifyElementText(findTestObject("Object Repository/Data Preparation/Wound Assessment/android.widget.TextView - Dry"), "Dry"): Actual text and expected text of test object 'Object Repository/Data Preparation/Wound Assessment/android.widget.TextView - Dry' are matched.

2023-09-08 09:58:10 - [MESSAGE][PASSED] - Actual text and expected text of test object 'Object Repository/Data Preparation/Wound Assessment/android.widget.TextView - Dry' are matched.

2023-09-08 09:58:10 - [TEST_STEP][PASSED] - pressBack(): Press back button successfully

2023-09-08 09:58:10 - [MESSAGE][PASSED] - Press back button successfully

2023-09-08 09:58:10 - [TEST_STEP][PASSED] - pressBack(): Press back button successfully

2023-09-08 09:58:11 - [MESSAGE][PASSED] - Press back button successfully

2023-09-08 09:58:11 - [TEST_STEP][PASSED] - pressBack(): Press back button successfully

2023-09-08 09:58:12 - [MESSAGE][PASSED] - Press back button successfully]]></system-out>
         <system-err><![CDATA[]]></system-err>
      </testcase>
      <testcase name="Test Cases/Data preparation/Wound Management" time="127.213" classname="Test Cases/Data preparation/Wound Management" status="PASSED">
         <system-out><![CDATA[2023-09-08 09:59:19 - [TEST_CASE][PASSED] - Test Cases/Data preparation/Wound Management: Test Cases/Data preparation/Wound Management

2023-09-08 09:59:19 - [TEST_STEP][PASSED] - callTestCase(findTestCase("User Managemenet/Login"), [:], STOP_ON_FAILURE): Call Test Case 'Test Cases/User Managemenet/Login' successfully

2023-09-08 09:59:20 - [TEST_CASE][PASSED] - Test Cases/User Managemenet/Login: Test Cases/User Managemenet/Login

2023-09-08 09:59:20 - [TEST_STEP][PASSED] - startApplication(APK, false): Started app at: 'C:\Users\Amarir\Downloads\APK\IS\IS_Prod_2.1.apk'

2023-09-08 09:59:29 - [MESSAGE][PASSED] - Started app at: 'C:\Users\Amarir\Downloads\APK\IS\IS_Prod_2.1.apk'

2023-09-08 09:59:29 - [TEST_STEP][PASSED] - setText(findTestObject("User Management/Login/android.widget.EditText - password"), LoginCreds.get("password"), 30): Text 'eKare123@' has been set to element 'Object Repository/User Management/Login/android.widget.EditText - password'

2023-09-08 09:59:35 - [MESSAGE][PASSED] - Text 'eKare123@' has been set to element 'Object Repository/User Management/Login/android.widget.EditText - password'

2023-09-08 09:59:35 - [TEST_STEP][PASSED] - setText(findTestObject("User Management/Login/android.widget.EditText - username"), LoginCreds.get("username"), 30): Text 'safakata' has been set to element 'Object Repository/User Management/Login/android.widget.EditText - username'

2023-09-08 09:59:37 - [MESSAGE][PASSED] - Text 'safakata' has been set to element 'Object Repository/User Management/Login/android.widget.EditText - username'

2023-09-08 09:59:37 - [TEST_STEP][PASSED] - tap(findTestObject("User Management/Login/android.view.ViewGroup - sign in"), 30): Tapped on element 'Object Repository/User Management/Login/android.view.ViewGroup - sign in'

2023-09-08 09:59:38 - [MESSAGE][PASSED] - Tapped on element 'Object Repository/User Management/Login/android.view.ViewGroup - sign in'

2023-09-08 09:59:38 - [TEST_STEP][PASSED] - tap(findTestObject("Object Repository/User Management/Login/android.widget.TextView - Katalon"), 30): Tapped on element 'Object Repository/User Management/Login/android.widget.TextView - Katalon'

2023-09-08 09:59:39 - [MESSAGE][PASSED] - Tapped on element 'Object Repository/User Management/Login/android.widget.TextView - Katalon'

2023-09-08 09:59:39 - [TEST_STEP][PASSED] - delay(2, STOP_ON_FAILURE): Delayed 2 second(s)

2023-09-08 09:59:41 - [MESSAGE][PASSED] - Delayed 2 second(s)

2023-09-08 09:59:41 - [TEST_STEP][PASSED] - verifyElementExist(findTestObject("Object Repository/User Management/Login/android.widget.TextView - Patient Directory"), 30): Element 'Object Repository/User Management/Login/android.widget.TextView - Patient Directory' is exist

2023-09-08 09:59:44 - [MESSAGE][PASSED] - Element 'Object Repository/User Management/Login/android.widget.TextView - Patient Directory' is exist

2023-09-08 09:59:44 - [MESSAGE][PASSED] - Call Test Case 'Test Cases/User Managemenet/Login' successfully

2023-09-08 09:59:44 - [TEST_STEP][PASSED] - scrollToText("MRN: 78ui"): Scrolling to text 'MRN: 78ui' successfully

2023-09-08 09:59:52 - [MESSAGE][PASSED] - Scrolling to text 'MRN: 78ui' successfully

2023-09-08 09:59:52 - [TEST_STEP][PASSED] - tap(findTestObject("Object Repository/Data Preparation/Wound Management/android.widget.TextView - MRN 78ui"), 30): Tapped on element 'Object Repository/Data Preparation/Wound Management/android.widget.TextView - MRN 78ui'

2023-09-08 09:59:52 - [MESSAGE][PASSED] - Tapped on element 'Object Repository/Data Preparation/Wound Management/android.widget.TextView - MRN 78ui'

2023-09-08 09:59:52 - [TEST_STEP][PASSED] - tap(findTestObject("Object Repository/Data Preparation/Wound Management/android.view.ViewGroup - wound"), 30): Tapped on element 'Object Repository/Data Preparation/Wound Management/android.view.ViewGroup - wound'

2023-09-08 09:59:55 - [MESSAGE][PASSED] - Tapped on element 'Object Repository/Data Preparation/Wound Management/android.view.ViewGroup - wound'

2023-09-08 09:59:55 - [TEST_STEP][PASSED] - tap(findTestObject("Object Repository/Data Preparation/Wound Management/android.widget.ImageView - menu"), 30): Tapped on element 'Object Repository/Data Preparation/Wound Management/android.widget.ImageView - menu'

2023-09-08 09:59:57 - [MESSAGE][PASSED] - Tapped on element 'Object Repository/Data Preparation/Wound Management/android.widget.ImageView - menu'

2023-09-08 09:59:57 - [TEST_STEP][PASSED] - tap(findTestObject("Object Repository/Data Preparation/Wound Management/android.widget.TextView - Delete wound"), 30): Tapped on element 'Object Repository/Data Preparation/Wound Management/android.widget.TextView - Delete wound'

2023-09-08 09:59:58 - [MESSAGE][PASSED] - Tapped on element 'Object Repository/Data Preparation/Wound Management/android.widget.TextView - Delete wound'

2023-09-08 09:59:58 - [TEST_STEP][PASSED] - tap(findTestObject("Object Repository/Data Preparation/Wound Management/android.widget.Button - CONFIRM"), 30): Tapped on element 'Object Repository/Data Preparation/Wound Management/android.widget.Button - CONFIRM'

2023-09-08 09:59:59 - [MESSAGE][PASSED] - Tapped on element 'Object Repository/Data Preparation/Wound Management/android.widget.Button - CONFIRM'

2023-09-08 09:59:59 - [TEST_STEP][PASSED] - if (verifyElementExist(findTestObject("Object Repository/Data Preparation/Wound Management/android.widget.TextView - Click  above to add a wound"), 30, CONTINUE_ON_FAILURE) == true): null

2023-09-08 10:00:01 - [MESSAGE][PASSED] - Element 'Object Repository/Data Preparation/Wound Management/android.widget.TextView - Click  above to add a wound' is exist

2023-09-08 10:00:01 - [TEST_STEP][PASSED] - pressBack(): Press back button successfully

2023-09-08 10:00:01 - [MESSAGE][PASSED] - Press back button successfully

2023-09-08 10:00:01 - [TEST_STEP][PASSED] - scrollToText("MRN: 86ui"): Scrolling to text 'MRN: 86ui' successfully

2023-09-08 10:00:06 - [MESSAGE][PASSED] - Scrolling to text 'MRN: 86ui' successfully

2023-09-08 10:00:06 - [TEST_STEP][PASSED] - tap(findTestObject("Object Repository/Data Preparation/Wound Management/android.widget.TextView - MRN 86ui"), 30): Tapped on element 'Object Repository/Data Preparation/Wound Management/android.widget.TextView - MRN 86ui'

2023-09-08 10:00:18 - [MESSAGE][PASSED] - Tapped on element 'Object Repository/Data Preparation/Wound Management/android.widget.TextView - MRN 86ui'

2023-09-08 10:00:18 - [TEST_STEP][PASSED] - tap(findTestObject("Object Repository/Data Preparation/Wound Management/android.view.ViewGroup - wound"), 30): Tapped on element 'Object Repository/Data Preparation/Wound Management/android.view.ViewGroup - wound'

2023-09-08 10:00:20 - [MESSAGE][PASSED] - Tapped on element 'Object Repository/Data Preparation/Wound Management/android.view.ViewGroup - wound'

2023-09-08 10:00:20 - [TEST_STEP][PASSED] - tap(findTestObject("Object Repository/Data Preparation/Wound Management/android.widget.ImageView - menu"), 30): Tapped on element 'Object Repository/Data Preparation/Wound Management/android.widget.ImageView - menu'

2023-09-08 10:00:22 - [MESSAGE][PASSED] - Tapped on element 'Object Repository/Data Preparation/Wound Management/android.widget.ImageView - menu'

2023-09-08 10:00:22 - [TEST_STEP][PASSED] - tap(findTestObject("Data Preparation/Wound Management/android.widget.TextView - Delete wound"), 30): Tapped on element 'Object Repository/Data Preparation/Wound Management/android.widget.TextView - Delete wound'

2023-09-08 10:00:24 - [MESSAGE][PASSED] - Tapped on element 'Object Repository/Data Preparation/Wound Management/android.widget.TextView - Delete wound'

2023-09-08 10:00:24 - [TEST_STEP][PASSED] - tap(findTestObject("Data Preparation/Wound Management/android.widget.Button - CONFIRM"), 30): Tapped on element 'Object Repository/Data Preparation/Wound Management/android.widget.Button - CONFIRM'

2023-09-08 10:00:26 - [MESSAGE][PASSED] - Tapped on element 'Object Repository/Data Preparation/Wound Management/android.widget.Button - CONFIRM'

2023-09-08 10:00:26 - [TEST_STEP][PASSED] - tap(findTestObject("Data Preparation/Wound Management/android.widget.ImageView - add wound"), 30): Tapped on element 'Object Repository/Data Preparation/Wound Management/android.widget.ImageView - add wound'

2023-09-08 10:00:26 - [MESSAGE][PASSED] - Tapped on element 'Object Repository/Data Preparation/Wound Management/android.widget.ImageView - add wound'

2023-09-08 10:00:26 - [TEST_STEP][PASSED] - tap(findTestObject("Data Preparation/Wound Management/android.widget.TextView - Next"), 30): Tapped on element 'Object Repository/Data Preparation/Wound Management/android.widget.TextView - Next'

2023-09-08 10:00:28 - [MESSAGE][PASSED] - Tapped on element 'Object Repository/Data Preparation/Wound Management/android.widget.TextView - Next'

2023-09-08 10:00:28 - [TEST_STEP][PASSED] - tap(findTestObject("Data Preparation/Wound Management/android.widget.TextView - Save"), 30): Tapped on element 'Object Repository/Data Preparation/Wound Management/android.widget.TextView - Save'

2023-09-08 10:00:28 - [MESSAGE][PASSED] - Tapped on element 'Object Repository/Data Preparation/Wound Management/android.widget.TextView - Save'

2023-09-08 10:00:28 - [TEST_STEP][PASSED] - verifyElementExist(findTestObject("Data Preparation/Wound Management/android.view.ViewGroup - wound"), 30): Element 'Object Repository/Data Preparation/Wound Management/android.view.ViewGroup - wound' is exist

2023-09-08 10:00:32 - [MESSAGE][PASSED] - Element 'Object Repository/Data Preparation/Wound Management/android.view.ViewGroup - wound' is exist

2023-09-08 10:00:32 - [TEST_STEP][PASSED] - pressBack(): Press back button successfully

2023-09-08 10:00:32 - [MESSAGE][PASSED] - Press back button successfully

2023-09-08 10:00:32 - [TEST_STEP][PASSED] - scrollToText("MRN: 87ui"): Scrolling to text 'MRN: 87ui' successfully

2023-09-08 10:00:42 - [MESSAGE][PASSED] - Scrolling to text 'MRN: 87ui' successfully

2023-09-08 10:00:42 - [TEST_STEP][PASSED] - tap(findTestObject("Object Repository/Data Preparation/Wound Management/android.widget.TextView - MRN 87ui"), 30): Tapped on element 'Object Repository/Data Preparation/Wound Management/android.widget.TextView - MRN 87ui'

2023-09-08 10:00:42 - [MESSAGE][PASSED] - Tapped on element 'Object Repository/Data Preparation/Wound Management/android.widget.TextView - MRN 87ui'

2023-09-08 10:00:42 - [TEST_STEP][PASSED] - tap(findTestObject("Data Preparation/Wound Management/android.view.ViewGroup - wound"), 30): Tapped on element 'Object Repository/Data Preparation/Wound Management/android.view.ViewGroup - wound'

2023-09-08 10:00:44 - [MESSAGE][PASSED] - Tapped on element 'Object Repository/Data Preparation/Wound Management/android.view.ViewGroup - wound'

2023-09-08 10:00:44 - [TEST_STEP][PASSED] - tap(findTestObject("Object Repository/Data Preparation/Wound Management/android.widget.ImageView (1)"), 30): Tapped on element 'Object Repository/Data Preparation/Wound Management/android.widget.ImageView (1)'

2023-09-08 10:00:47 - [MESSAGE][PASSED] - Tapped on element 'Object Repository/Data Preparation/Wound Management/android.widget.ImageView (1)'

2023-09-08 10:00:47 - [TEST_STEP][PASSED] - tap(findTestObject("Object Repository/Data Preparation/Wound Management/android.widget.TextView - Active"), 30): Tapped on element 'Object Repository/Data Preparation/Wound Management/android.widget.TextView - Active'

2023-09-08 10:00:48 - [MESSAGE][PASSED] - Tapped on element 'Object Repository/Data Preparation/Wound Management/android.widget.TextView - Active'

2023-09-08 10:00:48 - [TEST_STEP][PASSED] - verifyElementText(findTestObject("Object Repository/Data Preparation/Wound Management/android.widget.TextView - Active (1)"), "Active"): Actual text and expected text of test object 'Object Repository/Data Preparation/Wound Management/android.widget.TextView - Active (1)' are matched.

2023-09-08 10:00:50 - [MESSAGE][PASSED] - Actual text and expected text of test object 'Object Repository/Data Preparation/Wound Management/android.widget.TextView - Active (1)' are matched.

2023-09-08 10:00:50 - [TEST_STEP][PASSED] - pressBack(): Press back button successfully

2023-09-08 10:00:50 - [MESSAGE][PASSED] - Press back button successfully

2023-09-08 10:00:50 - [TEST_STEP][PASSED] - pressBack(): Press back button successfully

2023-09-08 10:00:51 - [MESSAGE][PASSED] - Press back button successfully

2023-09-08 10:00:51 - [TEST_STEP][PASSED] - scrollToText("MRN: 89ui"): Scrolling to text 'MRN: 89ui' successfully

2023-09-08 10:00:52 - [MESSAGE][PASSED] - Scrolling to text 'MRN: 89ui' successfully

2023-09-08 10:00:52 - [TEST_STEP][PASSED] - tap(findTestObject("Object Repository/Data Preparation/Wound Management/android.widget.TextView - MRN 89ui"), 30): Tapped on element 'Object Repository/Data Preparation/Wound Management/android.widget.TextView - MRN 89ui'

2023-09-08 10:00:52 - [MESSAGE][PASSED] - Tapped on element 'Object Repository/Data Preparation/Wound Management/android.widget.TextView - MRN 89ui'

2023-09-08 10:00:52 - [TEST_STEP][PASSED] - tap(findTestObject("Data Preparation/Wound Management/android.view.ViewGroup - wound"), 30): Tapped on element 'Object Repository/Data Preparation/Wound Management/android.view.ViewGroup - wound'

2023-09-08 10:00:54 - [MESSAGE][PASSED] - Tapped on element 'Object Repository/Data Preparation/Wound Management/android.view.ViewGroup - wound'

2023-09-08 10:00:54 - [TEST_STEP][PASSED] - tap(findTestObject("Data Preparation/Wound Management/android.widget.ImageView - menu"), 30): Tapped on element 'Object Repository/Data Preparation/Wound Management/android.widget.ImageView - menu'

2023-09-08 10:00:57 - [MESSAGE][PASSED] - Tapped on element 'Object Repository/Data Preparation/Wound Management/android.widget.ImageView - menu'

2023-09-08 10:00:57 - [TEST_STEP][PASSED] - tap(findTestObject("Object Repository/Data Preparation/Wound Management/android.widget.TextView - Unlock wound"), 30): Tapped on element 'Object Repository/Data Preparation/Wound Management/android.widget.TextView - Unlock wound'

2023-09-08 10:00:59 - [MESSAGE][PASSED] - Tapped on element 'Object Repository/Data Preparation/Wound Management/android.widget.TextView - Unlock wound'

2023-09-08 10:00:59 - [TEST_STEP][PASSED] - pressBack(): Press back button successfully

2023-09-08 10:01:00 - [MESSAGE][PASSED] - Press back button successfully

2023-09-08 10:01:00 - [TEST_STEP][PASSED] - pressBack(): Press back button successfully

2023-09-08 10:01:02 - [MESSAGE][PASSED] - Press back button successfully

2023-09-08 10:01:02 - [TEST_STEP][PASSED] - scrollToText("MRN: 90ui"): Scrolling to text 'MRN: 90ui' successfully

2023-09-08 10:01:03 - [MESSAGE][PASSED] - Scrolling to text 'MRN: 90ui' successfully

2023-09-08 10:01:03 - [TEST_STEP][PASSED] - tap(findTestObject("Object Repository/Data Preparation/Wound Management/android.widget.TextView - MRN 90ui"), 30): Tapped on element 'Object Repository/Data Preparation/Wound Management/android.widget.TextView - MRN 90ui'

2023-09-08 10:01:03 - [MESSAGE][PASSED] - Tapped on element 'Object Repository/Data Preparation/Wound Management/android.widget.TextView - MRN 90ui'

2023-09-08 10:01:03 - [TEST_STEP][PASSED] - tap(findTestObject("Data Preparation/Wound Management/android.view.ViewGroup - wound"), 30): Tapped on element 'Object Repository/Data Preparation/Wound Management/android.view.ViewGroup - wound'

2023-09-08 10:01:07 - [MESSAGE][PASSED] - Tapped on element 'Object Repository/Data Preparation/Wound Management/android.view.ViewGroup - wound'

2023-09-08 10:01:07 - [TEST_STEP][PASSED] - tap(findTestObject("Wound Management/Edit Wound/android.widget.ImageView - MENU (1)"), 30): Tapped on element 'Object Repository/Wound Management/Edit Wound/android.widget.ImageView - MENU (1)'

2023-09-08 10:01:07 - [MESSAGE][PASSED] - Tapped on element 'Object Repository/Wound Management/Edit Wound/android.widget.ImageView - MENU (1)'

2023-09-08 10:01:07 - [TEST_STEP][PASSED] - tap(findTestObject("Object Repository/Data Preparation/Wound Management/android.widget.TextView - Lock wound"), 30): Tapped on element 'Object Repository/Data Preparation/Wound Management/android.widget.TextView - Lock wound'

2023-09-08 10:01:09 - [MESSAGE][PASSED] - Tapped on element 'Object Repository/Data Preparation/Wound Management/android.widget.TextView - Lock wound'

2023-09-08 10:01:09 - [TEST_STEP][PASSED] - pressBack(): Press back button successfully

2023-09-08 10:01:11 - [MESSAGE][PASSED] - Press back button successfully

2023-09-08 10:01:11 - [TEST_STEP][PASSED] - pressBack(): Press back button successfully

2023-09-08 10:01:11 - [MESSAGE][PASSED] - Press back button successfully

2023-09-08 10:01:11 - [TEST_STEP][PASSED] - scrollToText("MRN: 91ui"): Scrolling to text 'MRN: 91ui' successfully

2023-09-08 10:01:19 - [MESSAGE][PASSED] - Scrolling to text 'MRN: 91ui' successfully

2023-09-08 10:01:19 - [TEST_STEP][PASSED] - tap(findTestObject("Object Repository/Data Preparation/Wound Management/android.widget.TextView - MRN 91ui"), 30): Tapped on element 'Object Repository/Data Preparation/Wound Management/android.widget.TextView - MRN 91ui'

2023-09-08 10:01:19 - [MESSAGE][PASSED] - Tapped on element 'Object Repository/Data Preparation/Wound Management/android.widget.TextView - MRN 91ui'

2023-09-08 10:01:19 - [TEST_STEP][PASSED] - tap(findTestObject("Data Preparation/Wound Management/android.widget.ImageView - add wound"), 30): Tapped on element 'Object Repository/Data Preparation/Wound Management/android.widget.ImageView - add wound'

2023-09-08 10:01:21 - [MESSAGE][PASSED] - Tapped on element 'Object Repository/Data Preparation/Wound Management/android.widget.ImageView - add wound'

2023-09-08 10:01:21 - [TEST_STEP][PASSED] - tap(findTestObject("Object Repository/Data Preparation/Wound Management/android.widget.TextView - Next"), 30): Tapped on element 'Object Repository/Data Preparation/Wound Management/android.widget.TextView - Next'

2023-09-08 10:01:22 - [MESSAGE][PASSED] - Tapped on element 'Object Repository/Data Preparation/Wound Management/android.widget.TextView - Next'

2023-09-08 10:01:22 - [TEST_STEP][PASSED] - tap(findTestObject("Object Repository/Data Preparation/Wound Management/android.widget.TextView - Save"), 30): Tapped on element 'Object Repository/Data Preparation/Wound Management/android.widget.TextView - Save'

2023-09-08 10:01:23 - [MESSAGE][PASSED] - Tapped on element 'Object Repository/Data Preparation/Wound Management/android.widget.TextView - Save'

2023-09-08 10:01:23 - [TEST_STEP][PASSED] - verifyElementExist(findTestObject("Data Preparation/Wound Management/android.view.ViewGroup - wound"), 30): Element 'Object Repository/Data Preparation/Wound Management/android.view.ViewGroup - wound' is exist

2023-09-08 10:01:26 - [MESSAGE][PASSED] - Element 'Object Repository/Data Preparation/Wound Management/android.view.ViewGroup - wound' is exist

2023-09-08 10:01:26 - [TEST_STEP][PASSED] - pressBack(): Press back button successfully

2023-09-08 10:01:27 - [MESSAGE][PASSED] - Press back button successfully]]></system-out>
         <system-err><![CDATA[]]></system-err>
      </testcase>
      <system-out><![CDATA[2023-09-08 09:53:04 - [TEST_SUITE][FAILED] - Data Preparation: Test Cases/Data preparation/Wound Assessment FAILED.
Reason:
com.kms.katalon.core.exception.StepFailedException: Object Object Repository/Data Preparation/Wound Assessment/android.widget.ImageView not found
	at com.kms.katalon.core.keyword.internal.KeywordMain.stepFailed(KeywordMain.groovy:51)
	at com.kms.katalon.core.mobile.keyword.internal.MobileKeywordMain.stepFailed(MobileKeywordMain.groovy:40)
	at com.kms.katalon.core.mobile.keyword.builtin.TapKeyword$_tap_closure1.doCall(TapKeyword.groovy:79)
	at com.kms.katalon.core.mobile.keyword.builtin.TapKeyword$_tap_closure1.call(TapKeyword.groovy)
	at com.kms.katalon.core.mobile.keyword.internal.MobileKeywordMain.runKeyword(MobileKeywordMain.groovy:21)
	at com.kms.katalon.core.mobile.keyword.builtin.TapKeyword.tap(TapKeyword.groovy:84)
	at com.kms.katalon.core.mobile.keyword.builtin.TapKeyword.execute(TapKeyword.groovy:68)
	at com.kms.katalon.core.keyword.internal.KeywordExecutor.executeKeywordForPlatform(KeywordExecutor.groovy:74)
	at com.kms.katalon.core.mobile.keyword.MobileBuiltInKeywords.tap(MobileBuiltInKeywords.groovy:1490)
	at com.kms.katalon.core.mobile.keyword.MobileBuiltInKeywords$tap$1.call(Unknown Source)
	at Wound Assessment.run(Wound Assessment:53)
	at com.kms.katalon.core.main.ScriptEngine.run(ScriptEngine.java:194)
	at com.kms.katalon.core.main.ScriptEngine.runScriptAsRawText(ScriptEngine.java:119)
	at com.kms.katalon.core.main.TestCaseExecutor.runScript(TestCaseExecutor.java:448)
	at com.kms.katalon.core.main.TestCaseExecutor.doExecute(TestCaseExecutor.java:439)
	at com.kms.katalon.core.main.TestCaseExecutor.processExecutionPhase(TestCaseExecutor.java:418)
	at com.kms.katalon.core.main.TestCaseExecutor.accessMainPhase(TestCaseExecutor.java:410)
	at com.kms.katalon.core.main.TestCaseExecutor.execute(TestCaseExecutor.java:285)
	at com.kms.katalon.core.common.CommonExecutor.accessTestCaseMainPhase(CommonExecutor.java:65)
	at com.kms.katalon.core.main.TestSuiteExecutor.accessTestSuiteMainPhase(TestSuiteExecutor.java:148)
	at com.kms.katalon.core.main.TestSuiteExecutor.execute(TestSuiteExecutor.java:106)
	at com.kms.katalon.core.main.TestCaseMain.startTestSuite(TestCaseMain.java:187)
	at com.kms.katalon.core.main.TestCaseMain$startTestSuite$0.call(Unknown Source)
	at TempTestSuite1694166777040.run(TempTestSuite1694166777040.groovy:36)]]></system-out>
      <system-err><![CDATA[2023-09-08 09:53:04 - [TEST_SUITE][FAILED] - Data Preparation: Test Cases/Data preparation/Wound Assessment FAILED.
Reason:
com.kms.katalon.core.exception.StepFailedException: Object Object Repository/Data Preparation/Wound Assessment/android.widget.ImageView not found
	at com.kms.katalon.core.keyword.internal.KeywordMain.stepFailed(KeywordMain.groovy:51)
	at com.kms.katalon.core.mobile.keyword.internal.MobileKeywordMain.stepFailed(MobileKeywordMain.groovy:40)
	at com.kms.katalon.core.mobile.keyword.builtin.TapKeyword$_tap_closure1.doCall(TapKeyword.groovy:79)
	at com.kms.katalon.core.mobile.keyword.builtin.TapKeyword$_tap_closure1.call(TapKeyword.groovy)
	at com.kms.katalon.core.mobile.keyword.internal.MobileKeywordMain.runKeyword(MobileKeywordMain.groovy:21)
	at com.kms.katalon.core.mobile.keyword.builtin.TapKeyword.tap(TapKeyword.groovy:84)
	at com.kms.katalon.core.mobile.keyword.builtin.TapKeyword.execute(TapKeyword.groovy:68)
	at com.kms.katalon.core.keyword.internal.KeywordExecutor.executeKeywordForPlatform(KeywordExecutor.groovy:74)
	at com.kms.katalon.core.mobile.keyword.MobileBuiltInKeywords.tap(MobileBuiltInKeywords.groovy:1490)
	at com.kms.katalon.core.mobile.keyword.MobileBuiltInKeywords$tap$1.call(Unknown Source)
	at Wound Assessment.run(Wound Assessment:53)
	at com.kms.katalon.core.main.ScriptEngine.run(ScriptEngine.java:194)
	at com.kms.katalon.core.main.ScriptEngine.runScriptAsRawText(ScriptEngine.java:119)
	at com.kms.katalon.core.main.TestCaseExecutor.runScript(TestCaseExecutor.java:448)
	at com.kms.katalon.core.main.TestCaseExecutor.doExecute(TestCaseExecutor.java:439)
	at com.kms.katalon.core.main.TestCaseExecutor.processExecutionPhase(TestCaseExecutor.java:418)
	at com.kms.katalon.core.main.TestCaseExecutor.accessMainPhase(TestCaseExecutor.java:410)
	at com.kms.katalon.core.main.TestCaseExecutor.execute(TestCaseExecutor.java:285)
	at com.kms.katalon.core.common.CommonExecutor.accessTestCaseMainPhase(CommonExecutor.java:65)
	at com.kms.katalon.core.main.TestSuiteExecutor.accessTestSuiteMainPhase(TestSuiteExecutor.java:148)
	at com.kms.katalon.core.main.TestSuiteExecutor.execute(TestSuiteExecutor.java:106)
	at com.kms.katalon.core.main.TestCaseMain.startTestSuite(TestCaseMain.java:187)
	at com.kms.katalon.core.main.TestCaseMain$startTestSuite$0.call(Unknown Source)
	at TempTestSuite1694166777040.run(TempTestSuite1694166777040.groovy:36)]]></system-err>
   </testsuite>
</testsuites>
