<?xml version="1.0" encoding="UTF-8"?>
<testsuites name="Jira" time="63.377" tests="1" failures="0" errors="0">
   <testsuite name="Jira" tests="1" failures="0" errors="0" time="63.377" skipped="0" timestamp="2023-08-17 11:12:30" hostname="Amarir - DESKTOP-EE3F8H4" id="Test Suites/Jira">
      <properties>
         <property name="deviceName" value="samsung SM-N975F (Android 12)"/>
         <property name="devicePlatform" value=""/>
         <property name="logFolder" value="C:\\Users\\Amarir\\git\\IS_Katalon_Lite_Version\\Reports\\20230817_111218\\Jira\\20230817_111218"/>
         <property name="logFiles" value="C:\\Users\\Amarir\\git\\IS_Katalon_Lite_Version\\Reports\\20230817_111218\\Jira\\20230817_111218\\appium.log, C:\\Users\\Amarir\\git\\IS_Katalon_Lite_Version\\Reports\\20230817_111218\\Jira\\20230817_111218\\execution0.log"/>
         <property name="attachments" value=""/>
         <property name="hostName" value="Amarir - DESKTOP-EE3F8H4"/>
         <property name="os" value="Windows 10 64bit"/>
         <property name="appiumServerStatus" value="{&quot;value&quot;:{&quot;build&quot;:{&quot;version&quot;:&quot;1.22.0&quot;}},&quot;sessionId&quot;:null,&quot;status&quot;:0}"/>
         <property name="katalonVersion" value="8.6.5.208"/>
         <property name="deviceOS" value="Android"/>
         <property name="appiumVersion" value="1.22.0"/>
         <property name="deviceModel" value="SM-N975F"/>
         <property name="hostAddress" value="192.168.234.1"/>
         <property name="deviceManufacturer" value="samsung"/>
         <property name="deviceId" value="RF8N307NKZV"/>
         <property name="deviceName" value="samsung SM-N975F (Android 12)"/>
         <property name="deviceOSVersion" value="12"/>
      </properties>
      <testcase name="Test Cases/User Managemenet/EK-8058 Katalon - login (integration test)" time="62.572" classname="Test Cases/User Managemenet/EK-8058 Katalon - login (integration test)" status="PASSED">
         <system-out><![CDATA[2023-08-17 11:12:30 - [TEST_CASE][PASSED] - Test Cases/User Managemenet/EK-8058 Katalon - login (integration test): Test Cases/User Managemenet/EK-8058 Katalon - login (integration test)

2023-08-17 11:12:32 - [TEST_STEP][PASSED] - runFeatureFile("Include/features/EK-8058 Katalon - login (integration test).feature"): Feature file: 'Include/features/EK-8058 Katalon - login (integration test).feature' was passed

2023-08-17 11:12:32 - [MESSAGE][INFO] - Starting run keyword runFeatureFile: 'Include/features/EK-8058 Katalon - login (integration test).feature' and extract report to folder: 'C:\Users\Amarir\git\IS_Katalon_Lite_Version\Reports\20230817_111218\Jira\20230817_111218/cucumber_report/1692270752164'...

2023-08-17 11:12:37 - [MESSAGE][PASSED] - Feature file: 'Include/features/EK-8058 Katalon - login (integration test).feature' was passed

2023-08-17 11:12:37 - [TEST_STEP][PASSED] - startApplication(APK, false): Started app at: 'C:\Users\Amarir\Downloads\APK\IS\IS_Prod_2.1.apk'

2023-08-17 11:12:39 - [MESSAGE][INFO] - Detected NodeJS location: "C:\Program Files\nodejs\node.exe"

2023-08-17 11:12:43 - [MESSAGE][INFO] - Appium server started on port 62,005

2023-08-17 11:13:11 - [MESSAGE][PASSED] - Started app at: 'C:\Users\Amarir\Downloads\APK\IS\IS_Prod_2.1.apk'

2023-08-17 11:13:11 - [TEST_STEP][PASSED] - setText(findTestObject("User Management/Login/android.widget.EditText - username"), LoginCreds.get("username"), 30): Text 'safakata' has been set to element 'Object Repository/User Management/Login/android.widget.EditText - username'

2023-08-17 11:13:24 - [MESSAGE][PASSED] - Text 'safakata' has been set to element 'Object Repository/User Management/Login/android.widget.EditText - username'

2023-08-17 11:13:24 - [TEST_STEP][PASSED] - setText(findTestObject("User Management/Login/android.widget.EditText - password"), LoginCreds.get("password"), 30): Text 'eKare123@' has been set to element 'Object Repository/User Management/Login/android.widget.EditText - password'

2023-08-17 11:13:25 - [MESSAGE][PASSED] - Text 'eKare123@' has been set to element 'Object Repository/User Management/Login/android.widget.EditText - password'

2023-08-17 11:13:25 - [TEST_STEP][PASSED] - tap(findTestObject("User Management/Login/android.view.ViewGroup - sign in"), 30): Tapped on element 'Object Repository/User Management/Login/android.view.ViewGroup - sign in'

2023-08-17 11:13:26 - [MESSAGE][PASSED] - Tapped on element 'Object Repository/User Management/Login/android.view.ViewGroup - sign in'

2023-08-17 11:13:26 - [TEST_STEP][PASSED] - tap(findTestObject("Object Repository/User Management/Login/android.widget.TextView - Katalon"), 30): Tapped on element 'Object Repository/User Management/Login/android.widget.TextView - Katalon'

2023-08-17 11:13:28 - [MESSAGE][PASSED] - Tapped on element 'Object Repository/User Management/Login/android.widget.TextView - Katalon'

2023-08-17 11:13:28 - [TEST_STEP][PASSED] - delay(2, STOP_ON_FAILURE): Delayed 2 second(s)

2023-08-17 11:13:30 - [MESSAGE][PASSED] - Delayed 2 second(s)

2023-08-17 11:13:30 - [TEST_STEP][PASSED] - verifyElementExist(findTestObject("Object Repository/User Management/Login/android.widget.TextView - Patient Directory"), 30): Element 'Object Repository/User Management/Login/android.widget.TextView - Patient Directory' is exist

2023-08-17 11:13:33 - [MESSAGE][PASSED] - Element 'Object Repository/User Management/Login/android.widget.TextView - Patient Directory' is exist]]></system-out>
         <system-err><![CDATA[]]></system-err>
      </testcase>
      <system-out><![CDATA[2023-08-17 11:12:30 - [TEST_SUITE][PASSED] - Jira: Test Cases/User Managemenet/EK-8058 Katalon - login (integration test)]]></system-out>
      <system-err><![CDATA[]]></system-err>
   </testsuite>
</testsuites>
