<?xml version="1.0" encoding="UTF-8"?>
<testsuites name="User Management" time="418.197" tests="7" failures="0" errors="0">
   <testsuite name="User Management" tests="7" failures="0" errors="0" time="418.197" skipped="0" timestamp="07-02-2024T10:37:44" hostname="safaamarir - 192.168.1.113" id="Test Suites/IS iPhone/User Management">
      <properties>
         <property name="deviceName" value="Safa’s iPhone"/>
         <property name="devicePlatform" value=""/>
         <property name="logFolder" value="/Users/safaamarir/git/Android_Automation/Reports/20240207_103741/IS iPhone/User Management/20240207_103741"/>
         <property name="logFiles" value="/Users/safaamarir/git/Android_Automation/Reports/20240207_103741/IS iPhone/User Management/20240207_103741/execution0.log, /Users/safaamarir/git/Android_Automation/Reports/20240207_103741/IS iPhone/User Management/20240207_103741/appium_error.log, /Users/safaamarir/git/Android_Automation/Reports/20240207_103741/IS iPhone/User Management/20240207_103741/appium.log, /Users/safaamarir/git/Android_Automation/Reports/20240207_103741/IS iPhone/User Management/20240207_103741/appium-proxy-server.log"/>
         <property name="attachments" value=""/>
         <property name="hostName" value="safaamarir - 192.168.1.113"/>
         <property name="os" value="Mac OS X 64bit"/>
         <property name="appiumServerStatus" value="{&quot;value&quot;:{&quot;ready&quot;:true,&quot;message&quot;:&quot;The server is ready to accept new connections&quot;,&quot;build&quot;:{&quot;version&quot;:&quot;2.4.1&quot;,&quot;git-sha&quot;:&quot;b3751bca8c4a3c76107d5aa3b75b81db93cf4bb6&quot;,&quot;built&quot;:&quot;2024-01-07 16:04:51 -0800&quot;}}}"/>
         <property name="katalonVersion" value="9.2.0.212"/>
         <property name="deviceOS" value="iOS"/>
         <property name="appiumVersion" value="2.4.1"/>
         <property name="deviceModel" value="iPhone14,5"/>
         <property name="hostAddress" value="192.168.1.113"/>
         <property name="deviceManufacturer" value="Apple"/>
         <property name="deviceId" value="00008110-00112D590CD0201E"/>
         <property name="deviceName" value="Safa’s iPhone"/>
         <property name="deviceOSVersion" value="17.3"/>
      </properties>
      <testcase name="Test Cases/IOS/User Management/EK-8569 IS iPhone - Terms and condition Privacy and Policy" time="60.155" classname="Test Cases/IOS/User Management/EK-8569 IS iPhone - Terms and condition Privacy and Policy" status="PASSED">
         <system-out><![CDATA[07-02-2024T10:37:44 - [TEST_CASE][PASSED] - Test Cases/IOS/User Management/EK-8569 IS iPhone - Terms and condition Privacy and Policy: Test Cases/IOS/User Management/EK-8569 IS iPhone - Terms and condition Privacy and Policy

07-02-2024T10:37:44 - [TEST_STEP][PASSED] - Start listener action : beforeTestCase: null

07-02-2024T10:37:44 - [TEST_STEP][PASSED] - addDefaultPackages(): null

07-02-2024T10:37:45 - [TEST_STEP][PASSED] - runFeatureFile("Include/features/EK-8569 IS iPhone - Terms and condition Privacy and Policy.feature"): Feature file: 'Include/features/EK-8569 IS iPhone - Terms and condition Privacy and Policy.feature' was passed

07-02-2024T10:37:45 - [MESSAGE][INFO] - Starting run keyword runFeatureFile: 'Include/features/EK-8569 IS iPhone - Terms and condition Privacy and Policy.feature' and extract report to folder: '/Users/safaamarir/git/Android_Automation/Reports/20240207_103741/IS iPhone/User Management/20240207_103741/cucumber_report/1707298665200'...

07-02-2024T10:37:45 - [MESSAGE][PASSED] - Feature file: 'Include/features/EK-8569 IS iPhone - Terms and condition Privacy and Policy.feature' was passed

07-02-2024T10:37:45 - [TEST_STEP][PASSED] - startApplication(LoginCreds.get("IPA"), true): Started app at: '/Users/safaamarir/APK/IOS/IS/IS_PreProd_2.1_192.ipa'

07-02-2024T10:37:45 - [MESSAGE][INFO] - User set preference: ['automationName', 'XCUITest']

07-02-2024T10:37:45 - [MESSAGE][INFO] - User set preference: ['deviceId', '00008110-00112D590CD0201E']

07-02-2024T10:37:55 - [MESSAGE][WARNING] - Failed to start ios_webkit_debug_proxy on default port 27753

07-02-2024T10:37:55 - [MESSAGE][INFO] - Detected NodeJS location: "/opt/homebrew/Cellar/node/21.5.0/bin/node"

07-02-2024T10:37:55 - [MESSAGE][INFO] - PATH: /opt/homebrew/Cellar/node/21.5.0/bin:/opt/homebrew/bin:/usr/bin:/bin:/usr/sbin:/sbin:/usr/local/bin

07-02-2024T10:37:55 - [MESSAGE][INFO] - APPIUM_HOME: /Users/safaamarir/.appium

07-02-2024T10:37:55 - [MESSAGE][INFO] - appium outlog: /Users/safaamarir/git/Android_Automation/Reports/20240207_103741/IS iPhone/User Management/20240207_103741/appium.log

07-02-2024T10:37:55 - [MESSAGE][INFO] - appium errlog: /Users/safaamarir/git/Android_Automation/Reports/20240207_103741/IS iPhone/User Management/20240207_103741/appium_error.log

07-02-2024T10:37:55 - [MESSAGE][INFO] - Appium server started on port 51,067

07-02-2024T10:38:26 - [MESSAGE][PASSED] - Started app at: '/Users/safaamarir/APK/IOS/IS/IS_PreProd_2.1_192.ipa'

07-02-2024T10:38:26 - [TEST_STEP][PASSED] - verifyElementExist(findTestObject("IOS/User Management/Terms and Conditions Privacy and Policy/XCUIElementTypeOther - Terms  Conditions"), 30): Element 'Object Repository/IOS/User Management/Terms and Conditions Privacy and Policy/XCUIElementTypeOther - Terms  Conditions' is exist

07-02-2024T10:38:27 - [MESSAGE][PASSED] - Element 'Object Repository/IOS/User Management/Terms and Conditions Privacy and Policy/XCUIElementTypeOther - Terms  Conditions' is exist

07-02-2024T10:38:27 - [TEST_STEP][PASSED] - tap(findTestObject("IOS/User Management/Terms and Conditions Privacy and Policy/XCUIElementTypeOther - Terms  Conditions"), 30): Tapped on element 'Object Repository/IOS/User Management/Terms and Conditions Privacy and Policy/XCUIElementTypeOther - Terms  Conditions'

07-02-2024T10:38:28 - [MESSAGE][PASSED] - Tapped on element 'Object Repository/IOS/User Management/Terms and Conditions Privacy and Policy/XCUIElementTypeOther - Terms  Conditions'

07-02-2024T10:38:28 - [TEST_STEP][PASSED] - delay(5): Delayed 5 second(s)

07-02-2024T10:38:33 - [MESSAGE][PASSED] - Delayed 5 second(s)

07-02-2024T10:38:33 - [TEST_STEP][PASSED] - tapAtPosition(44, 42): Tapped at [44, 42]

07-02-2024T10:38:34 - [MESSAGE][PASSED] - Tapped at [44, 42]

07-02-2024T10:38:34 - [TEST_STEP][PASSED] - verifyElementExist(findTestObject("IOS/User Management/Terms and Conditions Privacy and Policy/XCUIElementTypeImage"), 30): Element 'Object Repository/IOS/User Management/Terms and Conditions Privacy and Policy/XCUIElementTypeImage' is exist

07-02-2024T10:38:35 - [MESSAGE][PASSED] - Element 'Object Repository/IOS/User Management/Terms and Conditions Privacy and Policy/XCUIElementTypeImage' is exist

07-02-2024T10:38:35 - [TEST_STEP][PASSED] - verifyElementExist(findTestObject("IOS/User Management/Terms and Conditions Privacy and Policy/XCUIElementTypeOther - Privacy Policy"), 30): Element 'Object Repository/IOS/User Management/Terms and Conditions Privacy and Policy/XCUIElementTypeOther - Privacy Policy' is exist

07-02-2024T10:38:35 - [MESSAGE][PASSED] - Element 'Object Repository/IOS/User Management/Terms and Conditions Privacy and Policy/XCUIElementTypeOther - Privacy Policy' is exist

07-02-2024T10:38:35 - [TEST_STEP][PASSED] - tap(findTestObject("IOS/User Management/Terms and Conditions Privacy and Policy/XCUIElementTypeOther - Privacy Policy"), 30): Tapped on element 'Object Repository/IOS/User Management/Terms and Conditions Privacy and Policy/XCUIElementTypeOther - Privacy Policy'

07-02-2024T10:38:36 - [MESSAGE][PASSED] - Tapped on element 'Object Repository/IOS/User Management/Terms and Conditions Privacy and Policy/XCUIElementTypeOther - Privacy Policy'

07-02-2024T10:38:36 - [TEST_STEP][PASSED] - delay(5, STOP_ON_FAILURE): Delayed 5 second(s)

07-02-2024T10:38:41 - [MESSAGE][PASSED] - Delayed 5 second(s)

07-02-2024T10:38:41 - [TEST_STEP][PASSED] - tapAtPosition(44, 42): Tapped at [44, 42]

07-02-2024T10:38:42 - [MESSAGE][PASSED] - Tapped at [44, 42]

07-02-2024T10:38:42 - [TEST_STEP][PASSED] - verifyElementExist(findTestObject("IOS/User Management/Terms and Conditions Privacy and Policy/XCUIElementTypeImage"), 30): Element 'Object Repository/IOS/User Management/Terms and Conditions Privacy and Policy/XCUIElementTypeImage' is exist

07-02-2024T10:38:43 - [MESSAGE][PASSED] - Element 'Object Repository/IOS/User Management/Terms and Conditions Privacy and Policy/XCUIElementTypeImage' is exist

07-02-2024T10:38:45 - [TEST_STEP][PASSED] - Video: Video recording for test case 'Test Cases/IOS/User Management/EK-8569 IS iPhone - Terms and condition Privacy and Policy' .

07-02-2024T10:38:45 - [MESSAGE][INFO] - Video recording for test case 'Test Cases/IOS/User Management/EK-8569 IS iPhone - Terms and condition Privacy and Policy' .]]></system-out>
         <system-err><![CDATA[]]></system-err>
      </testcase>
      <testcase name="Test Cases/IOS/User Management/EK-8493 IS iPhone - Restore Password" time="7.924" classname="Test Cases/IOS/User Management/EK-8493 IS iPhone - Restore Password" status="PASSED">
         <system-out><![CDATA[07-02-2024T10:38:45 - [TEST_CASE][PASSED] - Test Cases/IOS/User Management/EK-8493 IS iPhone - Restore Password: Test Cases/IOS/User Management/EK-8493 IS iPhone - Restore Password

07-02-2024T10:38:45 - [TEST_STEP][PASSED] - Start listener action : beforeTestCase: null

07-02-2024T10:38:45 - [TEST_STEP][PASSED] - addDefaultPackages(): null

07-02-2024T10:38:45 - [TEST_STEP][PASSED] - runFeatureFile("Include/features/EK-8493 IS iPhone - Restore Password.feature"): Feature file: 'Include/features/EK-8493 IS iPhone - Restore Password.feature' was passed

07-02-2024T10:38:45 - [MESSAGE][INFO] - Starting run keyword runFeatureFile: 'Include/features/EK-8493 IS iPhone - Restore Password.feature' and extract report to folder: '/Users/safaamarir/git/Android_Automation/Reports/20240207_103741/IS iPhone/User Management/20240207_103741/cucumber_report/1707298725068'...

07-02-2024T10:38:45 - [MESSAGE][PASSED] - Feature file: 'Include/features/EK-8493 IS iPhone - Restore Password.feature' was passed

07-02-2024T10:38:45 - [TEST_STEP][PASSED] - tap(findTestObject("Object Repository/IOS/User Management/Restore Password/XCUIElementTypeOther - Forgot your password"), 30): Tapped on element 'Object Repository/IOS/User Management/Restore Password/XCUIElementTypeOther - Forgot your password'

07-02-2024T10:38:45 - [MESSAGE][PASSED] - Tapped on element 'Object Repository/IOS/User Management/Restore Password/XCUIElementTypeOther - Forgot your password'

07-02-2024T10:38:45 - [TEST_STEP][PASSED] - setText(findTestObject("Object Repository/IOS/User Management/Restore Password/XCUIElementTypeTextField - Username"), LoginCreds.get("username"), 30): Text 'katalon' has been set to element 'Object Repository/IOS/User Management/Restore Password/XCUIElementTypeTextField - Username'

07-02-2024T10:38:47 - [MESSAGE][PASSED] - Text 'katalon' has been set to element 'Object Repository/IOS/User Management/Restore Password/XCUIElementTypeTextField - Username'

07-02-2024T10:38:47 - [TEST_STEP][PASSED] - setText(findTestObject("Object Repository/IOS/User Management/Restore Password/XCUIElementTypeTextField - Email"), LoginCreds.get("email"), 30): Text 'samarir@masaratapp.com' has been set to element 'Object Repository/IOS/User Management/Restore Password/XCUIElementTypeTextField - Email'

07-02-2024T10:38:48 - [MESSAGE][PASSED] - Text 'samarir@masaratapp.com' has been set to element 'Object Repository/IOS/User Management/Restore Password/XCUIElementTypeTextField - Email'

07-02-2024T10:38:48 - [TEST_STEP][PASSED] - tap(findTestObject("IOS/User Management/Restore Password/XCUIElementTypeOther - Restore Password"), 30): Tapped on element 'Object Repository/IOS/User Management/Restore Password/XCUIElementTypeOther - Restore Password'

07-02-2024T10:38:50 - [MESSAGE][PASSED] - Tapped on element 'Object Repository/IOS/User Management/Restore Password/XCUIElementTypeOther - Restore Password'

07-02-2024T10:38:50 - [TEST_STEP][PASSED] - tap(findTestObject("IOS/Draft/XCUIElementTypeOther - Restore Password"), 30, STOP_ON_FAILURE): Tapped on element 'Object Repository/IOS/Draft/XCUIElementTypeOther - Restore Password'

07-02-2024T10:38:50 - [MESSAGE][PASSED] - Tapped on element 'Object Repository/IOS/Draft/XCUIElementTypeOther - Restore Password'

07-02-2024T10:38:52 - [TEST_STEP][PASSED] - Video: Video recording for test case 'Test Cases/IOS/User Management/EK-8493 IS iPhone - Restore Password' .

07-02-2024T10:38:52 - [MESSAGE][INFO] - Video recording for test case 'Test Cases/IOS/User Management/EK-8493 IS iPhone - Restore Password' .]]></system-out>
         <system-err><![CDATA[]]></system-err>
      </testcase>
      <testcase name="Test Cases/IOS/User Management/EK-8570 IS iPhone - 10 Times failed login" time="40.346" classname="Test Cases/IOS/User Management/EK-8570 IS iPhone - 10 Times failed login" status="PASSED">
         <system-out><![CDATA[07-02-2024T10:38:52 - [TEST_CASE][PASSED] - Test Cases/IOS/User Management/EK-8570 IS iPhone - 10 Times failed login: Test Cases/IOS/User Management/EK-8570 IS iPhone - 10 Times failed login

07-02-2024T10:38:52 - [TEST_STEP][PASSED] - Start listener action : beforeTestCase: null

07-02-2024T10:38:52 - [TEST_STEP][PASSED] - addDefaultPackages(): null

07-02-2024T10:38:52 - [TEST_STEP][PASSED] - runFeatureFile("Include/features/EK-8570 IS iPhone - 10 Times failed login.feature"): Feature file: 'Include/features/EK-8570 IS iPhone - 10 Times failed login.feature' was passed

07-02-2024T10:38:52 - [MESSAGE][INFO] - Starting run keyword runFeatureFile: 'Include/features/EK-8570 IS iPhone - 10 Times failed login.feature' and extract report to folder: '/Users/safaamarir/git/Android_Automation/Reports/20240207_103741/IS iPhone/User Management/20240207_103741/cucumber_report/1707298732994'...

07-02-2024T10:38:52 - [MESSAGE][PASSED] - Feature file: 'Include/features/EK-8570 IS iPhone - 10 Times failed login.feature' was passed

07-02-2024T10:38:52 - [TEST_STEP][PASSED] - setText(findTestObject("Object Repository/IOS/User Management/10 times failed login/XCUIElementTypeTextField"), "Test10times", 0): Text 'Test10times' has been set to element 'Object Repository/IOS/User Management/10 times failed login/XCUIElementTypeTextField'

07-02-2024T10:38:53 - [MESSAGE][WARNING] - Timeout '0' is invalid. Using default page load timeout: '30'

07-02-2024T10:38:54 - [MESSAGE][PASSED] - Text 'Test10times' has been set to element 'Object Repository/IOS/User Management/10 times failed login/XCUIElementTypeTextField'

07-02-2024T10:38:54 - [TEST_STEP][PASSED] - setText(findTestObject("Object Repository/IOS/User Management/10 times failed login/XCUIElementTypeSecureTextField"), "123", 0): Text '123' has been set to element 'Object Repository/IOS/User Management/10 times failed login/XCUIElementTypeSecureTextField'

07-02-2024T10:38:54 - [MESSAGE][WARNING] - Timeout '0' is invalid. Using default page load timeout: '30'

07-02-2024T10:38:56 - [MESSAGE][PASSED] - Text '123' has been set to element 'Object Repository/IOS/User Management/10 times failed login/XCUIElementTypeSecureTextField'

07-02-2024T10:38:56 - [TEST_STEP][PASSED] - tap(findTestObject("Object Repository/IOS/User Management/10 times failed login/XCUIElementTypeOther - SIGN IN"), 0): Tapped on element 'Object Repository/IOS/User Management/10 times failed login/XCUIElementTypeOther - SIGN IN'

07-02-2024T10:38:56 - [MESSAGE][WARNING] - Timeout '0' is invalid. Using default page load timeout: '30'

07-02-2024T10:39:04 - [MESSAGE][PASSED] - Tapped on element 'Object Repository/IOS/User Management/10 times failed login/XCUIElementTypeOther - SIGN IN'

07-02-2024T10:39:04 - [TEST_STEP][PASSED] - verifyElementText(findTestObject("Object Repository/IOS/User Management/10 times failed login/XCUIElementTypeStaticText - Login failed. Incorrect credentials"), "Login failed. Incorrect credentials !"): Actual text and expected text of test object 'Object Repository/IOS/User Management/10 times failed login/XCUIElementTypeStaticText - Login failed. Incorrect credentials' are matched.

07-02-2024T10:39:04 - [MESSAGE][PASSED] - Actual text and expected text of test object 'Object Repository/IOS/User Management/10 times failed login/XCUIElementTypeStaticText - Login failed. Incorrect credentials' are matched.

07-02-2024T10:39:04 - [TEST_STEP][PASSED] - tap(findTestObject("Object Repository/IOS/User Management/10 times failed login/XCUIElementTypeButton - OK"), 0): Tapped on element 'Object Repository/IOS/User Management/10 times failed login/XCUIElementTypeButton - OK'

07-02-2024T10:39:04 - [MESSAGE][WARNING] - Timeout '0' is invalid. Using default page load timeout: '30'

07-02-2024T10:39:06 - [MESSAGE][PASSED] - Tapped on element 'Object Repository/IOS/User Management/10 times failed login/XCUIElementTypeButton - OK'

07-02-2024T10:39:06 - [TEST_STEP][PASSED] - tap(findTestObject("Object Repository/IOS/User Management/10 times failed login/XCUIElementTypeOther - SIGN IN"), 0): Tapped on element 'Object Repository/IOS/User Management/10 times failed login/XCUIElementTypeOther - SIGN IN'

07-02-2024T10:39:06 - [MESSAGE][WARNING] - Timeout '0' is invalid. Using default page load timeout: '30'

07-02-2024T10:39:07 - [MESSAGE][PASSED] - Tapped on element 'Object Repository/IOS/User Management/10 times failed login/XCUIElementTypeOther - SIGN IN'

07-02-2024T10:39:07 - [TEST_STEP][PASSED] - verifyElementText(findTestObject("Object Repository/IOS/User Management/10 times failed login/XCUIElementTypeStaticText - Login failed. Incorrect credentials"), "Login failed. Incorrect credentials !"): Actual text and expected text of test object 'Object Repository/IOS/User Management/10 times failed login/XCUIElementTypeStaticText - Login failed. Incorrect credentials' are matched.

07-02-2024T10:39:07 - [MESSAGE][PASSED] - Actual text and expected text of test object 'Object Repository/IOS/User Management/10 times failed login/XCUIElementTypeStaticText - Login failed. Incorrect credentials' are matched.

07-02-2024T10:39:07 - [TEST_STEP][PASSED] - tap(findTestObject("Object Repository/IOS/User Management/10 times failed login/XCUIElementTypeButton - OK"), 0): Tapped on element 'Object Repository/IOS/User Management/10 times failed login/XCUIElementTypeButton - OK'

07-02-2024T10:39:07 - [MESSAGE][WARNING] - Timeout '0' is invalid. Using default page load timeout: '30'

07-02-2024T10:39:08 - [MESSAGE][PASSED] - Tapped on element 'Object Repository/IOS/User Management/10 times failed login/XCUIElementTypeButton - OK'

07-02-2024T10:39:08 - [TEST_STEP][PASSED] - tap(findTestObject("Object Repository/IOS/User Management/10 times failed login/XCUIElementTypeOther - SIGN IN"), 0): Tapped on element 'Object Repository/IOS/User Management/10 times failed login/XCUIElementTypeOther - SIGN IN'

07-02-2024T10:39:08 - [MESSAGE][WARNING] - Timeout '0' is invalid. Using default page load timeout: '30'

07-02-2024T10:39:09 - [MESSAGE][PASSED] - Tapped on element 'Object Repository/IOS/User Management/10 times failed login/XCUIElementTypeOther - SIGN IN'

07-02-2024T10:39:09 - [TEST_STEP][PASSED] - verifyElementText(findTestObject("Object Repository/IOS/User Management/10 times failed login/XCUIElementTypeStaticText - Login failed. Incorrect credentials"), "Login failed. Incorrect credentials !"): Actual text and expected text of test object 'Object Repository/IOS/User Management/10 times failed login/XCUIElementTypeStaticText - Login failed. Incorrect credentials' are matched.

07-02-2024T10:39:10 - [MESSAGE][PASSED] - Actual text and expected text of test object 'Object Repository/IOS/User Management/10 times failed login/XCUIElementTypeStaticText - Login failed. Incorrect credentials' are matched.

07-02-2024T10:39:10 - [TEST_STEP][PASSED] - tap(findTestObject("Object Repository/IOS/User Management/10 times failed login/XCUIElementTypeButton - OK"), 0): Tapped on element 'Object Repository/IOS/User Management/10 times failed login/XCUIElementTypeButton - OK'

07-02-2024T10:39:10 - [MESSAGE][WARNING] - Timeout '0' is invalid. Using default page load timeout: '30'

07-02-2024T10:39:11 - [MESSAGE][PASSED] - Tapped on element 'Object Repository/IOS/User Management/10 times failed login/XCUIElementTypeButton - OK'

07-02-2024T10:39:11 - [TEST_STEP][PASSED] - tap(findTestObject("Object Repository/IOS/User Management/10 times failed login/XCUIElementTypeOther - SIGN IN"), 0): Tapped on element 'Object Repository/IOS/User Management/10 times failed login/XCUIElementTypeOther - SIGN IN'

07-02-2024T10:39:11 - [MESSAGE][WARNING] - Timeout '0' is invalid. Using default page load timeout: '30'

07-02-2024T10:39:11 - [MESSAGE][PASSED] - Tapped on element 'Object Repository/IOS/User Management/10 times failed login/XCUIElementTypeOther - SIGN IN'

07-02-2024T10:39:11 - [TEST_STEP][PASSED] - verifyElementText(findTestObject("Object Repository/IOS/User Management/10 times failed login/XCUIElementTypeStaticText - Login failed. Incorrect credentials"), "Login failed. Incorrect credentials !"): Actual text and expected text of test object 'Object Repository/IOS/User Management/10 times failed login/XCUIElementTypeStaticText - Login failed. Incorrect credentials' are matched.

07-02-2024T10:39:12 - [MESSAGE][PASSED] - Actual text and expected text of test object 'Object Repository/IOS/User Management/10 times failed login/XCUIElementTypeStaticText - Login failed. Incorrect credentials' are matched.

07-02-2024T10:39:12 - [TEST_STEP][PASSED] - tap(findTestObject("Object Repository/IOS/User Management/10 times failed login/XCUIElementTypeButton - OK"), 0): Tapped on element 'Object Repository/IOS/User Management/10 times failed login/XCUIElementTypeButton - OK'

07-02-2024T10:39:12 - [MESSAGE][WARNING] - Timeout '0' is invalid. Using default page load timeout: '30'

07-02-2024T10:39:13 - [MESSAGE][PASSED] - Tapped on element 'Object Repository/IOS/User Management/10 times failed login/XCUIElementTypeButton - OK'

07-02-2024T10:39:13 - [TEST_STEP][PASSED] - tap(findTestObject("Object Repository/IOS/User Management/10 times failed login/XCUIElementTypeOther - SIGN IN"), 0): Tapped on element 'Object Repository/IOS/User Management/10 times failed login/XCUIElementTypeOther - SIGN IN'

07-02-2024T10:39:13 - [MESSAGE][WARNING] - Timeout '0' is invalid. Using default page load timeout: '30'

07-02-2024T10:39:14 - [MESSAGE][PASSED] - Tapped on element 'Object Repository/IOS/User Management/10 times failed login/XCUIElementTypeOther - SIGN IN'

07-02-2024T10:39:14 - [TEST_STEP][PASSED] - verifyElementText(findTestObject("Object Repository/IOS/User Management/10 times failed login/XCUIElementTypeStaticText - Login failed. Incorrect credentials"), "Login failed. Incorrect credentials !"): Actual text and expected text of test object 'Object Repository/IOS/User Management/10 times failed login/XCUIElementTypeStaticText - Login failed. Incorrect credentials' are matched.

07-02-2024T10:39:15 - [MESSAGE][PASSED] - Actual text and expected text of test object 'Object Repository/IOS/User Management/10 times failed login/XCUIElementTypeStaticText - Login failed. Incorrect credentials' are matched.

07-02-2024T10:39:15 - [TEST_STEP][PASSED] - tap(findTestObject("Object Repository/IOS/User Management/10 times failed login/XCUIElementTypeButton - OK"), 0): Tapped on element 'Object Repository/IOS/User Management/10 times failed login/XCUIElementTypeButton - OK'

07-02-2024T10:39:15 - [MESSAGE][WARNING] - Timeout '0' is invalid. Using default page load timeout: '30'

07-02-2024T10:39:16 - [MESSAGE][PASSED] - Tapped on element 'Object Repository/IOS/User Management/10 times failed login/XCUIElementTypeButton - OK'

07-02-2024T10:39:16 - [TEST_STEP][PASSED] - tap(findTestObject("Object Repository/IOS/User Management/10 times failed login/XCUIElementTypeOther - SIGN IN"), 0): Tapped on element 'Object Repository/IOS/User Management/10 times failed login/XCUIElementTypeOther - SIGN IN'

07-02-2024T10:39:16 - [MESSAGE][WARNING] - Timeout '0' is invalid. Using default page load timeout: '30'

07-02-2024T10:39:17 - [MESSAGE][PASSED] - Tapped on element 'Object Repository/IOS/User Management/10 times failed login/XCUIElementTypeOther - SIGN IN'

07-02-2024T10:39:17 - [TEST_STEP][PASSED] - verifyElementText(findTestObject("Object Repository/IOS/User Management/10 times failed login/XCUIElementTypeStaticText - Login failed. Incorrect credentials"), "Login failed. Incorrect credentials !"): Actual text and expected text of test object 'Object Repository/IOS/User Management/10 times failed login/XCUIElementTypeStaticText - Login failed. Incorrect credentials' are matched.

07-02-2024T10:39:18 - [MESSAGE][PASSED] - Actual text and expected text of test object 'Object Repository/IOS/User Management/10 times failed login/XCUIElementTypeStaticText - Login failed. Incorrect credentials' are matched.

07-02-2024T10:39:18 - [TEST_STEP][PASSED] - tap(findTestObject("Object Repository/IOS/User Management/10 times failed login/XCUIElementTypeButton - OK"), 0): Tapped on element 'Object Repository/IOS/User Management/10 times failed login/XCUIElementTypeButton - OK'

07-02-2024T10:39:18 - [MESSAGE][WARNING] - Timeout '0' is invalid. Using default page load timeout: '30'

07-02-2024T10:39:19 - [MESSAGE][PASSED] - Tapped on element 'Object Repository/IOS/User Management/10 times failed login/XCUIElementTypeButton - OK'

07-02-2024T10:39:19 - [TEST_STEP][PASSED] - tap(findTestObject("Object Repository/IOS/User Management/10 times failed login/XCUIElementTypeOther - SIGN IN"), 0): Tapped on element 'Object Repository/IOS/User Management/10 times failed login/XCUIElementTypeOther - SIGN IN'

07-02-2024T10:39:19 - [MESSAGE][WARNING] - Timeout '0' is invalid. Using default page load timeout: '30'

07-02-2024T10:39:20 - [MESSAGE][PASSED] - Tapped on element 'Object Repository/IOS/User Management/10 times failed login/XCUIElementTypeOther - SIGN IN'

07-02-2024T10:39:20 - [TEST_STEP][PASSED] - verifyElementText(findTestObject("Object Repository/IOS/User Management/10 times failed login/XCUIElementTypeStaticText - Login failed. Incorrect credentials"), "Login failed. Incorrect credentials !"): Actual text and expected text of test object 'Object Repository/IOS/User Management/10 times failed login/XCUIElementTypeStaticText - Login failed. Incorrect credentials' are matched.

07-02-2024T10:39:20 - [MESSAGE][PASSED] - Actual text and expected text of test object 'Object Repository/IOS/User Management/10 times failed login/XCUIElementTypeStaticText - Login failed. Incorrect credentials' are matched.

07-02-2024T10:39:20 - [TEST_STEP][PASSED] - tap(findTestObject("Object Repository/IOS/User Management/10 times failed login/XCUIElementTypeButton - OK"), 0): Tapped on element 'Object Repository/IOS/User Management/10 times failed login/XCUIElementTypeButton - OK'

07-02-2024T10:39:20 - [MESSAGE][WARNING] - Timeout '0' is invalid. Using default page load timeout: '30'

07-02-2024T10:39:22 - [MESSAGE][PASSED] - Tapped on element 'Object Repository/IOS/User Management/10 times failed login/XCUIElementTypeButton - OK'

07-02-2024T10:39:22 - [TEST_STEP][PASSED] - tap(findTestObject("Object Repository/IOS/User Management/10 times failed login/XCUIElementTypeOther - SIGN IN"), 0): Tapped on element 'Object Repository/IOS/User Management/10 times failed login/XCUIElementTypeOther - SIGN IN'

07-02-2024T10:39:22 - [MESSAGE][WARNING] - Timeout '0' is invalid. Using default page load timeout: '30'

07-02-2024T10:39:23 - [MESSAGE][PASSED] - Tapped on element 'Object Repository/IOS/User Management/10 times failed login/XCUIElementTypeOther - SIGN IN'

07-02-2024T10:39:23 - [TEST_STEP][PASSED] - verifyElementText(findTestObject("Object Repository/IOS/User Management/10 times failed login/XCUIElementTypeStaticText - Login failed. Incorrect credentials"), "Login failed. Incorrect credentials !"): Actual text and expected text of test object 'Object Repository/IOS/User Management/10 times failed login/XCUIElementTypeStaticText - Login failed. Incorrect credentials' are matched.

07-02-2024T10:39:23 - [MESSAGE][PASSED] - Actual text and expected text of test object 'Object Repository/IOS/User Management/10 times failed login/XCUIElementTypeStaticText - Login failed. Incorrect credentials' are matched.

07-02-2024T10:39:23 - [TEST_STEP][PASSED] - tap(findTestObject("Object Repository/IOS/User Management/10 times failed login/XCUIElementTypeButton - OK"), 0): Tapped on element 'Object Repository/IOS/User Management/10 times failed login/XCUIElementTypeButton - OK'

07-02-2024T10:39:23 - [MESSAGE][WARNING] - Timeout '0' is invalid. Using default page load timeout: '30'

07-02-2024T10:39:25 - [MESSAGE][PASSED] - Tapped on element 'Object Repository/IOS/User Management/10 times failed login/XCUIElementTypeButton - OK'

07-02-2024T10:39:25 - [TEST_STEP][PASSED] - tap(findTestObject("Object Repository/IOS/User Management/10 times failed login/XCUIElementTypeOther - SIGN IN"), 0): Tapped on element 'Object Repository/IOS/User Management/10 times failed login/XCUIElementTypeOther - SIGN IN'

07-02-2024T10:39:25 - [MESSAGE][WARNING] - Timeout '0' is invalid. Using default page load timeout: '30'

07-02-2024T10:39:26 - [MESSAGE][PASSED] - Tapped on element 'Object Repository/IOS/User Management/10 times failed login/XCUIElementTypeOther - SIGN IN'

07-02-2024T10:39:26 - [TEST_STEP][PASSED] - verifyElementText(findTestObject("Object Repository/IOS/User Management/10 times failed login/XCUIElementTypeStaticText - Login failed. Incorrect credentials"), "Login failed. Incorrect credentials !"): Actual text and expected text of test object 'Object Repository/IOS/User Management/10 times failed login/XCUIElementTypeStaticText - Login failed. Incorrect credentials' are matched.

07-02-2024T10:39:26 - [MESSAGE][PASSED] - Actual text and expected text of test object 'Object Repository/IOS/User Management/10 times failed login/XCUIElementTypeStaticText - Login failed. Incorrect credentials' are matched.

07-02-2024T10:39:26 - [TEST_STEP][PASSED] - tap(findTestObject("Object Repository/IOS/User Management/10 times failed login/XCUIElementTypeButton - OK"), 0): Tapped on element 'Object Repository/IOS/User Management/10 times failed login/XCUIElementTypeButton - OK'

07-02-2024T10:39:26 - [MESSAGE][WARNING] - Timeout '0' is invalid. Using default page load timeout: '30'

07-02-2024T10:39:28 - [MESSAGE][PASSED] - Tapped on element 'Object Repository/IOS/User Management/10 times failed login/XCUIElementTypeButton - OK'

07-02-2024T10:39:28 - [TEST_STEP][PASSED] - tap(findTestObject("Object Repository/IOS/User Management/10 times failed login/XCUIElementTypeOther - SIGN IN"), 0): Tapped on element 'Object Repository/IOS/User Management/10 times failed login/XCUIElementTypeOther - SIGN IN'

07-02-2024T10:39:28 - [MESSAGE][WARNING] - Timeout '0' is invalid. Using default page load timeout: '30'

07-02-2024T10:39:28 - [MESSAGE][PASSED] - Tapped on element 'Object Repository/IOS/User Management/10 times failed login/XCUIElementTypeOther - SIGN IN'

07-02-2024T10:39:28 - [TEST_STEP][PASSED] - verifyElementText(findTestObject("Object Repository/IOS/User Management/10 times failed login/XCUIElementTypeStaticText - Login failed. Incorrect credentials"), "Your account has been temporarily disabled due to repeated login failures. Please contact your administrator: samarir@masaratapp.com"): Actual text and expected text of test object 'Object Repository/IOS/User Management/10 times failed login/XCUIElementTypeStaticText - Login failed. Incorrect credentials' are matched.

07-02-2024T10:39:29 - [MESSAGE][PASSED] - Actual text and expected text of test object 'Object Repository/IOS/User Management/10 times failed login/XCUIElementTypeStaticText - Login failed. Incorrect credentials' are matched.

07-02-2024T10:39:29 - [TEST_STEP][PASSED] - tap(findTestObject("Object Repository/IOS/User Management/10 times failed login/XCUIElementTypeButton - OK"), 0): Tapped on element 'Object Repository/IOS/User Management/10 times failed login/XCUIElementTypeButton - OK'

07-02-2024T10:39:29 - [MESSAGE][WARNING] - Timeout '0' is invalid. Using default page load timeout: '30'

07-02-2024T10:39:31 - [MESSAGE][PASSED] - Tapped on element 'Object Repository/IOS/User Management/10 times failed login/XCUIElementTypeButton - OK'

07-02-2024T10:39:33 - [TEST_STEP][PASSED] - Video: Video recording for test case 'Test Cases/IOS/User Management/EK-8570 IS iPhone - 10 Times failed login' .

07-02-2024T10:39:33 - [MESSAGE][INFO] - Video recording for test case 'Test Cases/IOS/User Management/EK-8570 IS iPhone - 10 Times failed login' .]]></system-out>
         <system-err><![CDATA[]]></system-err>
      </testcase>
      <testcase name="Test Cases/IOS/User Management/EK-8491 IS iPhone - Sign in" time="56.849" classname="Test Cases/IOS/User Management/EK-8491 IS iPhone - Sign in" status="PASSED">
         <system-out><![CDATA[07-02-2024T10:39:33 - [TEST_CASE][PASSED] - Test Cases/IOS/User Management/EK-8491 IS iPhone - Sign in: Test Cases/IOS/User Management/EK-8491 IS iPhone - Sign in

07-02-2024T10:39:33 - [TEST_STEP][PASSED] - Start listener action : beforeTestCase: null

07-02-2024T10:39:33 - [TEST_STEP][PASSED] - addDefaultPackages(): null

07-02-2024T10:39:33 - [TEST_STEP][PASSED] - runFeatureFile("Include/features/EK-8491 IS iPhone - Sign in.feature"): Feature file: 'Include/features/EK-8491 IS iPhone - Sign in.feature' was passed

07-02-2024T10:39:33 - [MESSAGE][INFO] - Starting run keyword runFeatureFile: 'Include/features/EK-8491 IS iPhone - Sign in.feature' and extract report to folder: '/Users/safaamarir/git/Android_Automation/Reports/20240207_103741/IS iPhone/User Management/20240207_103741/cucumber_report/1707298773335'...

07-02-2024T10:39:33 - [MESSAGE][PASSED] - Feature file: 'Include/features/EK-8491 IS iPhone - Sign in.feature' was passed

07-02-2024T10:39:33 - [TEST_STEP][PASSED] - startApplication(LoginCreds.get("IPA"), true): Started app at: '/Users/safaamarir/APK/IOS/IS/IS_PreProd_2.1_192.ipa'

07-02-2024T10:39:33 - [MESSAGE][INFO] - User set preference: ['automationName', 'XCUITest']

07-02-2024T10:39:33 - [MESSAGE][INFO] - User set preference: ['deviceId', '00008110-00112D590CD0201E']

07-02-2024T10:39:43 - [MESSAGE][WARNING] - Failed to start ios_webkit_debug_proxy on default port 27753

07-02-2024T10:39:43 - [MESSAGE][INFO] - Detected NodeJS location: "/opt/homebrew/Cellar/node/21.5.0/bin/node"

07-02-2024T10:39:43 - [MESSAGE][INFO] - PATH: /opt/homebrew/Cellar/node/21.5.0/bin:/opt/homebrew/bin:/usr/bin:/bin:/usr/sbin:/sbin:/usr/local/bin

07-02-2024T10:39:43 - [MESSAGE][INFO] - APPIUM_HOME: /Users/safaamarir/.appium

07-02-2024T10:39:43 - [MESSAGE][INFO] - appium outlog: /Users/safaamarir/git/Android_Automation/Reports/20240207_103741/IS iPhone/User Management/20240207_103741/appium.log

07-02-2024T10:39:43 - [MESSAGE][INFO] - appium errlog: /Users/safaamarir/git/Android_Automation/Reports/20240207_103741/IS iPhone/User Management/20240207_103741/appium_error.log

07-02-2024T10:39:45 - [MESSAGE][INFO] - Appium server started on port 51,143

07-02-2024T10:40:11 - [MESSAGE][PASSED] - Started app at: '/Users/safaamarir/APK/IOS/IS/IS_PreProd_2.1_192.ipa'

07-02-2024T10:40:11 - [TEST_STEP][PASSED] - setText(findTestObject("Object Repository/IOS/User Management/Sign In/XCUIElementTypeTextField - username"), LoginCreds.get("username"), 30): Text 'katalon' has been set to element 'Object Repository/IOS/User Management/Sign In/XCUIElementTypeTextField - username'

07-02-2024T10:40:12 - [MESSAGE][PASSED] - Text 'katalon' has been set to element 'Object Repository/IOS/User Management/Sign In/XCUIElementTypeTextField - username'

07-02-2024T10:40:12 - [TEST_STEP][PASSED] - setText(findTestObject("Object Repository/IOS/User Management/Sign In/XCUIElementTypeSecureTextField - Passcode"), LoginCreds.get("password"), 30): Text 'eKare123@' has been set to element 'Object Repository/IOS/User Management/Sign In/XCUIElementTypeSecureTextField - Passcode'

07-02-2024T10:40:13 - [MESSAGE][PASSED] - Text 'eKare123@' has been set to element 'Object Repository/IOS/User Management/Sign In/XCUIElementTypeSecureTextField - Passcode'

07-02-2024T10:40:13 - [TEST_STEP][PASSED] - tap(findTestObject("Object Repository/IOS/User Management/Sign In/XCUIElementTypeOther - SIGN IN"), 30): Tapped on element 'Object Repository/IOS/User Management/Sign In/XCUIElementTypeOther - SIGN IN'

07-02-2024T10:40:15 - [MESSAGE][PASSED] - Tapped on element 'Object Repository/IOS/User Management/Sign In/XCUIElementTypeOther - SIGN IN'

07-02-2024T10:40:15 - [TEST_STEP][PASSED] - tap(findTestObject("IOS/User Management/Sign In/XCUIElementTypeOther - Katalon"), 30): Tapped on element 'Object Repository/IOS/User Management/Sign In/XCUIElementTypeOther - Katalon'

07-02-2024T10:40:18 - [MESSAGE][PASSED] - Tapped on element 'Object Repository/IOS/User Management/Sign In/XCUIElementTypeOther - Katalon'

07-02-2024T10:40:18 - [TEST_STEP][PASSED] - delay(10): Delayed 10 second(s)

07-02-2024T10:40:28 - [MESSAGE][PASSED] - Delayed 10 second(s)

07-02-2024T10:40:30 - [TEST_STEP][PASSED] - Video: Video recording for test case 'Test Cases/IOS/User Management/EK-8491 IS iPhone - Sign in' .

07-02-2024T10:40:30 - [MESSAGE][INFO] - Video recording for test case 'Test Cases/IOS/User Management/EK-8491 IS iPhone - Sign in' .]]></system-out>
         <system-err><![CDATA[]]></system-err>
      </testcase>
      <testcase name="Test Cases/IOS/User Management/EK-8492 IS iPhone - Logout" time="11.945" classname="Test Cases/IOS/User Management/EK-8492 IS iPhone - Logout" status="PASSED">
         <system-out><![CDATA[07-02-2024T10:40:30 - [TEST_CASE][PASSED] - Test Cases/IOS/User Management/EK-8492 IS iPhone - Logout: Test Cases/IOS/User Management/EK-8492 IS iPhone - Logout

07-02-2024T10:40:30 - [TEST_STEP][PASSED] - Start listener action : beforeTestCase: null

07-02-2024T10:40:30 - [TEST_STEP][PASSED] - addDefaultPackages(): null

07-02-2024T10:40:30 - [TEST_STEP][PASSED] - runFeatureFile("Include/features/EK-8492 IS iPhone - Logout.feature"): Feature file: 'Include/features/EK-8492 IS iPhone - Logout.feature' was passed

07-02-2024T10:40:30 - [MESSAGE][INFO] - Starting run keyword runFeatureFile: 'Include/features/EK-8492 IS iPhone - Logout.feature' and extract report to folder: '/Users/safaamarir/git/Android_Automation/Reports/20240207_103741/IS iPhone/User Management/20240207_103741/cucumber_report/1707298830194'...

07-02-2024T10:40:30 - [MESSAGE][PASSED] - Feature file: 'Include/features/EK-8492 IS iPhone - Logout.feature' was passed

07-02-2024T10:40:30 - [TEST_STEP][PASSED] - tap(findTestObject("Object Repository/IOS/User Management/Logout/XCUIElementTypeOther"), 30): Tapped on element 'Object Repository/IOS/User Management/Logout/XCUIElementTypeOther'

07-02-2024T10:40:31 - [MESSAGE][PASSED] - Tapped on element 'Object Repository/IOS/User Management/Logout/XCUIElementTypeOther'

07-02-2024T10:40:31 - [TEST_STEP][PASSED] - tap(findTestObject("Object Repository/IOS/User Management/Logout/XCUIElementTypeOther - Logout"), 30): Tapped on element 'Object Repository/IOS/User Management/Logout/XCUIElementTypeOther - Logout'

07-02-2024T10:40:33 - [MESSAGE][PASSED] - Tapped on element 'Object Repository/IOS/User Management/Logout/XCUIElementTypeOther - Logout'

07-02-2024T10:40:33 - [TEST_STEP][PASSED] - verifyElementText(findTestObject("Object Repository/IOS/User Management/Logout/XCUIElementTypeStaticText - You want to logout"), "You want to logout ?"): Actual text and expected text of test object 'Object Repository/IOS/User Management/Logout/XCUIElementTypeStaticText - You want to logout' are matched.

07-02-2024T10:40:34 - [MESSAGE][PASSED] - Actual text and expected text of test object 'Object Repository/IOS/User Management/Logout/XCUIElementTypeStaticText - You want to logout' are matched.

07-02-2024T10:40:34 - [TEST_STEP][PASSED] - verifyElementExist(findTestObject("Object Repository/IOS/User Management/Logout/XCUIElementTypeButton - Cancel"), 30): Element 'Object Repository/IOS/User Management/Logout/XCUIElementTypeButton - Cancel' is exist

07-02-2024T10:40:35 - [MESSAGE][PASSED] - Element 'Object Repository/IOS/User Management/Logout/XCUIElementTypeButton - Cancel' is exist

07-02-2024T10:40:35 - [TEST_STEP][PASSED] - tap(findTestObject("Object Repository/IOS/User Management/Logout/XCUIElementTypeButton - Confirm"), 30): Tapped on element 'Object Repository/IOS/User Management/Logout/XCUIElementTypeButton - Confirm'

07-02-2024T10:40:38 - [MESSAGE][PASSED] - Tapped on element 'Object Repository/IOS/User Management/Logout/XCUIElementTypeButton - Confirm'

07-02-2024T10:40:38 - [TEST_STEP][PASSED] - verifyElementExist(findTestObject("Object Repository/IOS/User Management/Logout/XCUIElementTypeOther (1)"), 30): Element 'Object Repository/IOS/User Management/Logout/XCUIElementTypeOther (1)' is exist

07-02-2024T10:40:40 - [MESSAGE][PASSED] - Element 'Object Repository/IOS/User Management/Logout/XCUIElementTypeOther (1)' is exist

07-02-2024T10:40:42 - [TEST_STEP][PASSED] - Video: Video recording for test case 'Test Cases/IOS/User Management/EK-8492 IS iPhone - Logout' .

07-02-2024T10:40:42 - [MESSAGE][INFO] - Video recording for test case 'Test Cases/IOS/User Management/EK-8492 IS iPhone - Logout' .]]></system-out>
         <system-err><![CDATA[]]></system-err>
      </testcase>
      <testcase name="Test Cases/IOS/User Management/EK-8571 IS iPhone - Login as a user with multiple sites" time="167.958" classname="Test Cases/IOS/User Management/EK-8571 IS iPhone - Login as a user with multiple sites" status="PASSED">
         <system-out><![CDATA[07-02-2024T10:40:42 - [TEST_CASE][PASSED] - Test Cases/IOS/User Management/EK-8571 IS iPhone - Login as a user with multiple sites: Test Cases/IOS/User Management/EK-8571 IS iPhone - Login as a user with multiple sites

07-02-2024T10:40:42 - [TEST_STEP][PASSED] - Start listener action : beforeTestCase: null

07-02-2024T10:40:42 - [TEST_STEP][PASSED] - addDefaultPackages(): null

07-02-2024T10:40:42 - [TEST_STEP][PASSED] - runFeatureFile("Include/features/EK-8571 IS iPhone - Login as a user with multiple sites.feature"): Feature file: 'Include/features/EK-8571 IS iPhone - Login as a user with multiple sites.feature' was passed

07-02-2024T10:40:42 - [MESSAGE][INFO] - Starting run keyword runFeatureFile: 'Include/features/EK-8571 IS iPhone - Login as a user with multiple sites.feature' and extract report to folder: '/Users/safaamarir/git/Android_Automation/Reports/20240207_103741/IS iPhone/User Management/20240207_103741/cucumber_report/1707298842139'...

07-02-2024T10:40:42 - [MESSAGE][PASSED] - Feature file: 'Include/features/EK-8571 IS iPhone - Login as a user with multiple sites.feature' was passed

07-02-2024T10:40:42 - [TEST_STEP][PASSED] - startApplication(LoginCreds.get("IPA"), true): Started app at: '/Users/safaamarir/APK/IOS/IS/IS_PreProd_2.1_192.ipa'

07-02-2024T10:40:42 - [MESSAGE][INFO] - User set preference: ['automationName', 'XCUITest']

07-02-2024T10:40:42 - [MESSAGE][INFO] - User set preference: ['deviceId', '00008110-00112D590CD0201E']

07-02-2024T10:40:52 - [MESSAGE][WARNING] - Failed to start ios_webkit_debug_proxy on default port 27753

07-02-2024T10:41:14 - [MESSAGE][PASSED] - Started app at: '/Users/safaamarir/APK/IOS/IS/IS_PreProd_2.1_192.ipa'

07-02-2024T10:41:14 - [TEST_STEP][PASSED] - setText(findTestObject("Object Repository/IOS/User Management/Sign In/XCUIElementTypeTextField - username"), LoginCreds.get("siteuser"), 30): Text 'katalonSite' has been set to element 'Object Repository/IOS/User Management/Sign In/XCUIElementTypeTextField - username'

07-02-2024T10:41:16 - [MESSAGE][PASSED] - Text 'katalonSite' has been set to element 'Object Repository/IOS/User Management/Sign In/XCUIElementTypeTextField - username'

07-02-2024T10:41:16 - [TEST_STEP][PASSED] - setText(findTestObject("Object Repository/IOS/User Management/Sign In/XCUIElementTypeSecureTextField - Passcode"), LoginCreds.get("password"), 30): Text 'eKare123@' has been set to element 'Object Repository/IOS/User Management/Sign In/XCUIElementTypeSecureTextField - Passcode'

07-02-2024T10:41:17 - [MESSAGE][PASSED] - Text 'eKare123@' has been set to element 'Object Repository/IOS/User Management/Sign In/XCUIElementTypeSecureTextField - Passcode'

07-02-2024T10:41:17 - [TEST_STEP][PASSED] - tap(findTestObject("Object Repository/IOS/User Management/Login as a user with multiple sites/XCUIElementTypeOther - SIGN IN"), 30): Tapped on element 'Object Repository/IOS/User Management/Login as a user with multiple sites/XCUIElementTypeOther - SIGN IN'

07-02-2024T10:41:19 - [MESSAGE][PASSED] - Tapped on element 'Object Repository/IOS/User Management/Login as a user with multiple sites/XCUIElementTypeOther - SIGN IN'

07-02-2024T10:41:19 - [TEST_STEP][PASSED] - tap(findTestObject("Object Repository/IOS/User Management/Login as a user with multiple sites/XCUIElementTypeOther - Katalon"), 30): Tapped on element 'Object Repository/IOS/User Management/Login as a user with multiple sites/XCUIElementTypeOther - Katalon'

07-02-2024T10:41:22 - [MESSAGE][PASSED] - Tapped on element 'Object Repository/IOS/User Management/Login as a user with multiple sites/XCUIElementTypeOther - Katalon'

07-02-2024T10:41:22 - [TEST_STEP][PASSED] - verifyElementExist(findTestObject("Object Repository/IOS/User Management/Login as a user with multiple sites/XCUIElementTypeOther -"), 30): Element 'Object Repository/IOS/User Management/Login as a user with multiple sites/XCUIElementTypeOther -' is exist

07-02-2024T10:41:24 - [MESSAGE][PASSED] - Element 'Object Repository/IOS/User Management/Login as a user with multiple sites/XCUIElementTypeOther -' is exist

07-02-2024T10:41:25 - [TEST_STEP][PASSED] - setText(findTestObject("Object Repository/IOS/User Management/Login as a user with multiple sites/XCUIElementTypeTextField - Search by Name, MRN"), "111ui", 30): Text '111ui' has been set to element 'Object Repository/IOS/User Management/Login as a user with multiple sites/XCUIElementTypeTextField - Search by Name, MRN'

07-02-2024T10:41:27 - [MESSAGE][PASSED] - Text '111ui' has been set to element 'Object Repository/IOS/User Management/Login as a user with multiple sites/XCUIElementTypeTextField - Search by Name, MRN'

07-02-2024T10:41:27 - [TEST_STEP][PASSED] - delay(5, STOP_ON_FAILURE): Delayed 5 second(s)

07-02-2024T10:41:32 - [MESSAGE][PASSED] - Delayed 5 second(s)

07-02-2024T10:41:32 - [TEST_STEP][PASSED] - tap(findTestObject("Object Repository/IOS/User Management/Login as a user with multiple sites/XCUIElementTypeOther - Katalon, Patient 29012024 5M    MRN 111ui No Consent"), 30): Tapped on element 'Object Repository/IOS/User Management/Login as a user with multiple sites/XCUIElementTypeOther - Katalon, Patient 29012024 5M    MRN 111ui No Consent'

07-02-2024T10:41:34 - [MESSAGE][PASSED] - Tapped on element 'Object Repository/IOS/User Management/Login as a user with multiple sites/XCUIElementTypeOther - Katalon, Patient 29012024 5M    MRN 111ui No Consent'

07-02-2024T10:41:34 - [TEST_STEP][PASSED] - tap(findTestObject("IOS/User Management/Login as a user with multiple sites/XCUIElementTypeOther - Katalon, Patient 29012024 5M    MRN 111ui No Consent"), 30): Tapped on element 'Object Repository/IOS/User Management/Login as a user with multiple sites/XCUIElementTypeOther - Katalon, Patient 29012024 5M    MRN 111ui No Consent'

07-02-2024T10:41:36 - [MESSAGE][PASSED] - Tapped on element 'Object Repository/IOS/User Management/Login as a user with multiple sites/XCUIElementTypeOther - Katalon, Patient 29012024 5M    MRN 111ui No Consent'

07-02-2024T10:41:36 - [TEST_STEP][PASSED] - tap(findTestObject("Object Repository/IOS/User Management/Login as a user with multiple sites/XCUIElementTypeOther - menu"), 30): Tapped on element 'Object Repository/IOS/User Management/Login as a user with multiple sites/XCUIElementTypeOther - menu'

07-02-2024T10:41:37 - [MESSAGE][PASSED] - Tapped on element 'Object Repository/IOS/User Management/Login as a user with multiple sites/XCUIElementTypeOther - menu'

07-02-2024T10:41:37 - [TEST_STEP][PASSED] - verifyElementExist(findTestObject("Object Repository/IOS/User Management/Login as a user with multiple sites/XCUIElementTypeOther - Delete patient"), 30): Element 'Object Repository/IOS/User Management/Login as a user with multiple sites/XCUIElementTypeOther - Delete patient' is exist

07-02-2024T10:41:38 - [MESSAGE][PASSED] - Element 'Object Repository/IOS/User Management/Login as a user with multiple sites/XCUIElementTypeOther - Delete patient' is exist

07-02-2024T10:41:38 - [TEST_STEP][PASSED] - tapAtPosition(539, 707): Tapped at [539, 707]

07-02-2024T10:41:39 - [MESSAGE][PASSED] - Tapped at [539, 707]

07-02-2024T10:41:39 - [TEST_STEP][PASSED] - tap(findTestObject("Object Repository/IOS/User Management/Login as a user with multiple sites/XCUIElementTypeOther - Back"), 30): Tapped on element 'Object Repository/IOS/User Management/Login as a user with multiple sites/XCUIElementTypeOther - Back'

07-02-2024T10:41:40 - [MESSAGE][PASSED] - Tapped on element 'Object Repository/IOS/User Management/Login as a user with multiple sites/XCUIElementTypeOther - Back'

07-02-2024T10:41:40 - [TEST_STEP][PASSED] - tap(findTestObject("Object Repository/IOS/User Management/Login as a user with multiple sites/XCUIElementTypeOther - Menu (1)"), 30): Tapped on element 'Object Repository/IOS/User Management/Login as a user with multiple sites/XCUIElementTypeOther - Menu (1)'

07-02-2024T10:41:41 - [MESSAGE][PASSED] - Tapped on element 'Object Repository/IOS/User Management/Login as a user with multiple sites/XCUIElementTypeOther - Menu (1)'

07-02-2024T10:41:41 - [TEST_STEP][PASSED] - tap(findTestObject("Object Repository/IOS/User Management/Login as a user with multiple sites/XCUIElementTypeOther - Site"), 30): Tapped on element 'Object Repository/IOS/User Management/Login as a user with multiple sites/XCUIElementTypeOther - Site'

07-02-2024T10:41:42 - [MESSAGE][PASSED] - Tapped on element 'Object Repository/IOS/User Management/Login as a user with multiple sites/XCUIElementTypeOther - Site'

07-02-2024T10:41:42 - [TEST_STEP][PASSED] - tap(findTestObject("Object Repository/IOS/User Management/Login as a user with multiple sites/XCUIElementTypeOther - site user"), 30): Tapped on element 'Object Repository/IOS/User Management/Login as a user with multiple sites/XCUIElementTypeOther - site user'

07-02-2024T10:41:43 - [MESSAGE][PASSED] - Tapped on element 'Object Repository/IOS/User Management/Login as a user with multiple sites/XCUIElementTypeOther - site user'

07-02-2024T10:41:43 - [TEST_STEP][PASSED] - verifyElementExist(findTestObject("Object Repository/IOS/User Management/Login as a user with multiple sites/XCUIElementTypeOther - add patient"), 30): Element 'Object Repository/IOS/User Management/Login as a user with multiple sites/XCUIElementTypeOther - add patient' is exist

07-02-2024T10:41:46 - [MESSAGE][PASSED] - Element 'Object Repository/IOS/User Management/Login as a user with multiple sites/XCUIElementTypeOther - add patient' is exist

07-02-2024T10:41:46 - [TEST_STEP][PASSED] - tap(findTestObject("Object Repository/IOS/User Management/Login as a user with multiple sites/XCUIElementTypeOther - Katalon, Test 20230727 24M    MRN 900ui No Consent"), 30): Tapped on element 'Object Repository/IOS/User Management/Login as a user with multiple sites/XCUIElementTypeOther - Katalon, Test 20230727 24M    MRN 900ui No Consent'

07-02-2024T10:41:47 - [MESSAGE][PASSED] - Tapped on element 'Object Repository/IOS/User Management/Login as a user with multiple sites/XCUIElementTypeOther - Katalon, Test 20230727 24M    MRN 900ui No Consent'

07-02-2024T10:41:47 - [TEST_STEP][PASSED] - tap(findTestObject("Object Repository/IOS/User Management/Login as a user with multiple sites/XCUIElementTypeOther - Menu Patient"), 30): Tapped on element 'Object Repository/IOS/User Management/Login as a user with multiple sites/XCUIElementTypeOther - Menu Patient'

07-02-2024T10:41:49 - [MESSAGE][PASSED] - Tapped on element 'Object Repository/IOS/User Management/Login as a user with multiple sites/XCUIElementTypeOther - Menu Patient'

07-02-2024T10:41:49 - [TEST_STEP][PASSED] - verifyElementExist(findTestObject("Object Repository/IOS/User Management/Login as a user with multiple sites/XCUIElementTypeOther - Edit patient"), 30): Element 'Object Repository/IOS/User Management/Login as a user with multiple sites/XCUIElementTypeOther - Edit patient' is exist

07-02-2024T10:41:50 - [MESSAGE][PASSED] - Element 'Object Repository/IOS/User Management/Login as a user with multiple sites/XCUIElementTypeOther - Edit patient' is exist

07-02-2024T10:41:50 - [TEST_STEP][PASSED] - verifyElementNotExist(findTestObject("IOS/User Management/Login as a user with multiple sites/XCUIElementTypeOther - Delete patient"), 30): Element 'Object Repository/IOS/User Management/Login as a user with multiple sites/XCUIElementTypeOther - Delete patient' not found

07-02-2024T10:42:20 - [MESSAGE][PASSED] - Element 'Object Repository/IOS/User Management/Login as a user with multiple sites/XCUIElementTypeOther - Delete patient' not found

07-02-2024T10:42:20 - [TEST_STEP][PASSED] - tapAtPosition(539, 707): Tapped at [539, 707]

07-02-2024T10:42:21 - [MESSAGE][PASSED] - Tapped at [539, 707]

07-02-2024T10:42:21 - [TEST_STEP][PASSED] - tap(findTestObject("Object Repository/IOS/User Management/Login as a user with multiple sites/XCUIElementTypeOther - Back"), 30): Tapped on element 'Object Repository/IOS/User Management/Login as a user with multiple sites/XCUIElementTypeOther - Back'

07-02-2024T10:42:22 - [MESSAGE][PASSED] - Tapped on element 'Object Repository/IOS/User Management/Login as a user with multiple sites/XCUIElementTypeOther - Back'

07-02-2024T10:42:22 - [TEST_STEP][PASSED] - tap(findTestObject("Object Repository/IOS/User Management/Login as a user with multiple sites/XCUIElementTypeOther - Menu (1)"), 30): Tapped on element 'Object Repository/IOS/User Management/Login as a user with multiple sites/XCUIElementTypeOther - Menu (1)'

07-02-2024T10:42:23 - [MESSAGE][PASSED] - Tapped on element 'Object Repository/IOS/User Management/Login as a user with multiple sites/XCUIElementTypeOther - Menu (1)'

07-02-2024T10:42:23 - [TEST_STEP][PASSED] - tap(findTestObject("Object Repository/IOS/User Management/Login as a user with multiple sites/XCUIElementTypeOther - Site"), 30): Tapped on element 'Object Repository/IOS/User Management/Login as a user with multiple sites/XCUIElementTypeOther - Site'

07-02-2024T10:42:24 - [MESSAGE][PASSED] - Tapped on element 'Object Repository/IOS/User Management/Login as a user with multiple sites/XCUIElementTypeOther - Site'

07-02-2024T10:42:24 - [TEST_STEP][PASSED] - checkElement(findTestObject("IOS/User Management/Login as a user with multiple sites/XCUIElementTypeOther - Test1"), 30): Element 'Object Repository/IOS/User Management/Login as a user with multiple sites/XCUIElementTypeOther - Test1' is checked

07-02-2024T10:42:25 - [MESSAGE][PASSED] - Element 'Object Repository/IOS/User Management/Login as a user with multiple sites/XCUIElementTypeOther - Test1' is checked

07-02-2024T10:42:25 - [TEST_STEP][PASSED] - verifyElementNotExist(findTestObject("Object Repository/IOS/User Management/Login as a user with multiple sites/XCUIElementTypeOther -"), 30): Element 'Object Repository/IOS/User Management/Login as a user with multiple sites/XCUIElementTypeOther -' not found

07-02-2024T10:42:55 - [MESSAGE][PASSED] - Element 'Object Repository/IOS/User Management/Login as a user with multiple sites/XCUIElementTypeOther -' not found

07-02-2024T10:42:55 - [TEST_STEP][PASSED] - tap(findTestObject("IOS/User Management/Login as a user with multiple sites/XCUIElementTypeOther - Katalon, Patient 07022024 33M    MRN 112ui No Consent"), 30): Tapped on element 'Object Repository/IOS/User Management/Login as a user with multiple sites/XCUIElementTypeOther - Katalon, Patient 07022024 33M    MRN 112ui No Consent'

07-02-2024T10:42:56 - [MESSAGE][PASSED] - Tapped on element 'Object Repository/IOS/User Management/Login as a user with multiple sites/XCUIElementTypeOther - Katalon, Patient 07022024 33M    MRN 112ui No Consent'

07-02-2024T10:42:56 - [TEST_STEP][PASSED] - verifyElementNotExist(findTestObject("IOS/User Management/Login as a user with multiple sites/XCUIElementTypeOther - Menu Patient"), 30): Element 'Object Repository/IOS/User Management/Login as a user with multiple sites/XCUIElementTypeOther - Menu Patient' not found

07-02-2024T10:43:26 - [MESSAGE][PASSED] - Element 'Object Repository/IOS/User Management/Login as a user with multiple sites/XCUIElementTypeOther - Menu Patient' not found

07-02-2024T10:43:26 - [TEST_STEP][PASSED] - tap(findTestObject("IOS/User Management/Login as a user with multiple sites/XCUIElementTypeOther - Back"), 30): Tapped on element 'Object Repository/IOS/User Management/Login as a user with multiple sites/XCUIElementTypeOther - Back'

07-02-2024T10:43:27 - [MESSAGE][PASSED] - Tapped on element 'Object Repository/IOS/User Management/Login as a user with multiple sites/XCUIElementTypeOther - Back'

07-02-2024T10:43:30 - [TEST_STEP][PASSED] - Video: Video recording for test case 'Test Cases/IOS/User Management/EK-8571 IS iPhone - Login as a user with multiple sites' .

07-02-2024T10:43:30 - [MESSAGE][INFO] - Video recording for test case 'Test Cases/IOS/User Management/EK-8571 IS iPhone - Login as a user with multiple sites' .]]></system-out>
         <system-err><![CDATA[]]></system-err>
      </testcase>
      <testcase name="Test Cases/IOS/User Management/EK-8513 IS iPhone - Auto Logout" time="72.952" classname="Test Cases/IOS/User Management/EK-8513 IS iPhone - Auto Logout" status="PASSED">
         <system-out><![CDATA[07-02-2024T10:43:30 - [TEST_CASE][PASSED] - Test Cases/IOS/User Management/EK-8513 IS iPhone - Auto Logout: Test Cases/IOS/User Management/EK-8513 IS iPhone - Auto Logout

07-02-2024T10:43:30 - [TEST_STEP][PASSED] - Start listener action : beforeTestCase: null

07-02-2024T10:43:30 - [TEST_STEP][PASSED] - addDefaultPackages(): null

07-02-2024T10:43:30 - [TEST_STEP][PASSED] - runFeatureFile("Include/features/EK-8513 IS iPhone - Auto Logout.feature"): Feature file: 'Include/features/EK-8513 IS iPhone - Auto Logout.feature' was passed

07-02-2024T10:43:30 - [MESSAGE][INFO] - Starting run keyword runFeatureFile: 'Include/features/EK-8513 IS iPhone - Auto Logout.feature' and extract report to folder: '/Users/safaamarir/git/Android_Automation/Reports/20240207_103741/IS iPhone/User Management/20240207_103741/cucumber_report/1707299010095'...

07-02-2024T10:43:30 - [MESSAGE][PASSED] - Feature file: 'Include/features/EK-8513 IS iPhone - Auto Logout.feature' was passed

07-02-2024T10:43:30 - [TEST_STEP][PASSED] - tap(findTestObject("Object Repository/IOS/User Management/Auto Logout/XCUIElementTypeOther"), 30): Tapped on element 'Object Repository/IOS/User Management/Auto Logout/XCUIElementTypeOther'

07-02-2024T10:43:31 - [MESSAGE][PASSED] - Tapped on element 'Object Repository/IOS/User Management/Auto Logout/XCUIElementTypeOther'

07-02-2024T10:43:31 - [TEST_STEP][PASSED] - tap(findTestObject("Object Repository/IOS/User Management/Auto Logout/XCUIElementTypeOther - Settings"), 30): Tapped on element 'Object Repository/IOS/User Management/Auto Logout/XCUIElementTypeOther - Settings'

07-02-2024T10:43:32 - [MESSAGE][PASSED] - Tapped on element 'Object Repository/IOS/User Management/Auto Logout/XCUIElementTypeOther - Settings'

07-02-2024T10:43:32 - [TEST_STEP][PASSED] - tap(findTestObject("Object Repository/IOS/User Management/Auto Logout/XCUIElementTypeOther - Logout time 10 minutes"), 30): Tapped on element 'Object Repository/IOS/User Management/Auto Logout/XCUIElementTypeOther - Logout time 10 minutes'

07-02-2024T10:43:33 - [MESSAGE][PASSED] - Tapped on element 'Object Repository/IOS/User Management/Auto Logout/XCUIElementTypeOther - Logout time 10 minutes'

07-02-2024T10:43:33 - [TEST_STEP][PASSED] - tap(findTestObject("Object Repository/IOS/User Management/Auto Logout/XCUIElementTypeOther - 1 minutes"), 30): Tapped on element 'Object Repository/IOS/User Management/Auto Logout/XCUIElementTypeOther - 1 minutes'

07-02-2024T10:43:34 - [MESSAGE][PASSED] - Tapped on element 'Object Repository/IOS/User Management/Auto Logout/XCUIElementTypeOther - 1 minutes'

07-02-2024T10:43:34 - [TEST_STEP][PASSED] - tap(findTestObject("Object Repository/IOS/User Management/Auto Logout/XCUIElementTypeOther (2)"), 30): Tapped on element 'Object Repository/IOS/User Management/Auto Logout/XCUIElementTypeOther (2)'

07-02-2024T10:43:35 - [MESSAGE][PASSED] - Tapped on element 'Object Repository/IOS/User Management/Auto Logout/XCUIElementTypeOther (2)'

07-02-2024T10:43:35 - [TEST_STEP][PASSED] - delay(65): Delayed 65 second(s)

07-02-2024T10:44:40 - [MESSAGE][PASSED] - Delayed 65 second(s)

07-02-2024T10:44:40 - [TEST_STEP][PASSED] - verifyElementExist(findTestObject("Object Repository/IOS/User Management/Auto Logout/XCUIElementTypeImage"), 30): Element 'Object Repository/IOS/User Management/Auto Logout/XCUIElementTypeImage' is exist

07-02-2024T10:44:40 - [MESSAGE][PASSED] - Element 'Object Repository/IOS/User Management/Auto Logout/XCUIElementTypeImage' is exist

07-02-2024T10:44:43 - [TEST_STEP][PASSED] - Video: Video recording for test case 'Test Cases/IOS/User Management/EK-8513 IS iPhone - Auto Logout' .

07-02-2024T10:44:43 - [MESSAGE][INFO] - Video recording for test case 'Test Cases/IOS/User Management/EK-8513 IS iPhone - Auto Logout' .]]></system-out>
         <system-err><![CDATA[]]></system-err>
      </testcase>
      <system-out><![CDATA[07-02-2024T10:37:44 - [TEST_SUITE][PASSED] - User Management: Test Cases/IOS/User Management/EK-8513 IS iPhone - Auto Logout]]></system-out>
      <system-err><![CDATA[]]></system-err>
   </testsuite>
</testsuites>
