<?xml version="1.0" encoding="UTF-8"?>
<testsuites name="User Management" time="434.073" tests="7" failures="0" errors="0">
   <testsuite name="User Management" tests="7" failures="0" errors="0" time="434.073" skipped="0" timestamp="13-03-2024T10:03:59" hostname="safaamarir - 192.168.1.2" id="Test Suites/IS iPhone/User Management">
      <properties>
         <property name="deviceName" value="Safa’s iPhone"/>
         <property name="devicePlatform" value=""/>
         <property name="logFolder" value="/Users/safaamarir/git/Android_Automation/Reports/20240313_100354/IS iPhone/User Management/20240313_100355"/>
         <property name="logFiles" value="/Users/safaamarir/git/Android_Automation/Reports/20240313_100354/IS iPhone/User Management/20240313_100355/execution0.log, /Users/safaamarir/git/Android_Automation/Reports/20240313_100354/IS iPhone/User Management/20240313_100355/appium_error.log, /Users/safaamarir/git/Android_Automation/Reports/20240313_100354/IS iPhone/User Management/20240313_100355/appium.log, /Users/safaamarir/git/Android_Automation/Reports/20240313_100354/IS iPhone/User Management/20240313_100355/appium-proxy-server.log"/>
         <property name="attachments" value=""/>
         <property name="hostName" value="safaamarir - 192.168.1.2"/>
         <property name="os" value="Mac OS X 64bit"/>
         <property name="appiumServerStatus" value="{&quot;value&quot;:{&quot;ready&quot;:true,&quot;message&quot;:&quot;The server is ready to accept new connections&quot;,&quot;build&quot;:{&quot;version&quot;:&quot;2.4.1&quot;,&quot;git-sha&quot;:&quot;780fbbc65e90fbe09629aba180a1839e9e7dbaf2&quot;,&quot;built&quot;:&quot;2024-03-11 16:57:48 +0100&quot;}}}"/>
         <property name="katalonVersion" value="9.2.0.212"/>
         <property name="deviceOS" value="iOS"/>
         <property name="appiumVersion" value="2.4.1"/>
         <property name="deviceModel" value="iPhone14,5"/>
         <property name="hostAddress" value="192.168.1.2"/>
         <property name="deviceManufacturer" value="Apple"/>
         <property name="deviceId" value="00008110-00112D590CD0201E"/>
         <property name="deviceName" value="Safa’s iPhone"/>
         <property name="deviceOSVersion" value="17.3"/>
      </properties>
      <testcase name="Test Cases/IOS/User Management/EK-8569 IS iPhone - Terms and condition Privacy and Policy" time="106.598" classname="Test Cases/IOS/User Management/EK-8569 IS iPhone - Terms and condition Privacy and Policy" status="PASSED">
         <system-out><![CDATA[13-03-2024T10:03:59 - [TEST_CASE][PASSED] - Test Cases/IOS/User Management/EK-8569 IS iPhone - Terms and condition Privacy and Policy: Test Cases/IOS/User Management/EK-8569 IS iPhone - Terms and condition Privacy and Policy

13-03-2024T10:03:59 - [TEST_STEP][PASSED] - Start listener action : beforeTestCase: null

13-03-2024T10:03:59 - [TEST_STEP][PASSED] - addDefaultPackages(): null

13-03-2024T10:04:01 - [TEST_STEP][PASSED] - runFeatureFile("Include/features/EK-8569 IS iPhone - Terms and condition Privacy and Policy.feature"): Feature file: 'Include/features/EK-8569 IS iPhone - Terms and condition Privacy and Policy.feature' was passed

13-03-2024T10:04:01 - [MESSAGE][INFO] - Starting run keyword runFeatureFile: 'Include/features/EK-8569 IS iPhone - Terms and condition Privacy and Policy.feature' and extract report to folder: '/Users/safaamarir/git/Android_Automation/Reports/20240313_100354/IS iPhone/User Management/20240313_100355/cucumber_report/1710324241092'...

13-03-2024T10:04:01 - [MESSAGE][PASSED] - Feature file: 'Include/features/EK-8569 IS iPhone - Terms and condition Privacy and Policy.feature' was passed

13-03-2024T10:04:01 - [TEST_STEP][PASSED] - startApplication(IPA, true): Started app at: '/Users/safaamarir/APK/IOS/IS/IS_PreProd_2.1.5_214.ipa'

13-03-2024T10:04:01 - [MESSAGE][INFO] - User set preference: ['automationName', 'XCUITest']

13-03-2024T10:04:01 - [MESSAGE][INFO] - User set preference: ['deviceId', '00008110-00112D590CD0201E']

13-03-2024T10:04:11 - [MESSAGE][WARNING] - Failed to start ios_webkit_debug_proxy on default port 27753

13-03-2024T10:04:11 - [MESSAGE][INFO] - Detected NodeJS location: "/opt/homebrew/Cellar/node/21.7.1/bin/node"

13-03-2024T10:04:11 - [MESSAGE][INFO] - PATH: /opt/homebrew/Cellar/node/21.7.1/bin:/opt/homebrew/bin:/usr/bin:/bin:/usr/sbin:/sbin:/usr/local/bin

13-03-2024T10:04:11 - [MESSAGE][INFO] - APPIUM_HOME: /Users/safaamarir/.appium

13-03-2024T10:04:11 - [MESSAGE][INFO] - appium outlog: /Users/safaamarir/git/Android_Automation/Reports/20240313_100354/IS iPhone/User Management/20240313_100355/appium.log

13-03-2024T10:04:11 - [MESSAGE][INFO] - appium errlog: /Users/safaamarir/git/Android_Automation/Reports/20240313_100354/IS iPhone/User Management/20240313_100355/appium_error.log

13-03-2024T10:04:14 - [MESSAGE][INFO] - Appium server started on port 52,156

13-03-2024T10:05:27 - [MESSAGE][PASSED] - Started app at: '/Users/safaamarir/APK/IOS/IS/IS_PreProd_2.1.5_214.ipa'

13-03-2024T10:05:27 - [TEST_STEP][PASSED] - tap(findTestObject("Object Repository/IOS/User Management/Sign In/XCUIElementTypeButton - Allow"), 30): Tapped on element 'Object Repository/IOS/User Management/Sign In/XCUIElementTypeButton - Allow'

13-03-2024T10:05:28 - [MESSAGE][PASSED] - Tapped on element 'Object Repository/IOS/User Management/Sign In/XCUIElementTypeButton - Allow'

13-03-2024T10:05:28 - [TEST_STEP][PASSED] - verifyElementExist(findTestObject("IOS/User Management/Terms and Conditions Privacy and Policy/XCUIElementTypeOther - Terms  Conditions"), 30): Element 'Object Repository/IOS/User Management/Terms and Conditions Privacy and Policy/XCUIElementTypeOther - Terms  Conditions' is exist

13-03-2024T10:05:29 - [MESSAGE][PASSED] - Element 'Object Repository/IOS/User Management/Terms and Conditions Privacy and Policy/XCUIElementTypeOther - Terms  Conditions' is exist

13-03-2024T10:05:29 - [TEST_STEP][PASSED] - tap(findTestObject("IOS/User Management/Terms and Conditions Privacy and Policy/XCUIElementTypeOther - Terms  Conditions"), 30): Tapped on element 'Object Repository/IOS/User Management/Terms and Conditions Privacy and Policy/XCUIElementTypeOther - Terms  Conditions'

13-03-2024T10:05:30 - [MESSAGE][PASSED] - Tapped on element 'Object Repository/IOS/User Management/Terms and Conditions Privacy and Policy/XCUIElementTypeOther - Terms  Conditions'

13-03-2024T10:05:30 - [TEST_STEP][PASSED] - delay(5): Delayed 5 second(s)

13-03-2024T10:05:35 - [MESSAGE][PASSED] - Delayed 5 second(s)

13-03-2024T10:05:35 - [TEST_STEP][PASSED] - tapAtPosition(44, 42): Tapped at [44, 42]

13-03-2024T10:05:35 - [MESSAGE][PASSED] - Tapped at [44, 42]

13-03-2024T10:05:35 - [TEST_STEP][PASSED] - verifyElementExist(findTestObject("IOS/User Management/Terms and Conditions Privacy and Policy/XCUIElementTypeImage"), 30): Element 'Object Repository/IOS/User Management/Terms and Conditions Privacy and Policy/XCUIElementTypeImage' is exist

13-03-2024T10:05:36 - [MESSAGE][PASSED] - Element 'Object Repository/IOS/User Management/Terms and Conditions Privacy and Policy/XCUIElementTypeImage' is exist

13-03-2024T10:05:36 - [TEST_STEP][PASSED] - verifyElementExist(findTestObject("IOS/User Management/Terms and Conditions Privacy and Policy/XCUIElementTypeOther - Privacy Policy"), 30): Element 'Object Repository/IOS/User Management/Terms and Conditions Privacy and Policy/XCUIElementTypeOther - Privacy Policy' is exist

13-03-2024T10:05:36 - [MESSAGE][PASSED] - Element 'Object Repository/IOS/User Management/Terms and Conditions Privacy and Policy/XCUIElementTypeOther - Privacy Policy' is exist

13-03-2024T10:05:36 - [TEST_STEP][PASSED] - tap(findTestObject("IOS/User Management/Terms and Conditions Privacy and Policy/XCUIElementTypeOther - Privacy Policy"), 30): Tapped on element 'Object Repository/IOS/User Management/Terms and Conditions Privacy and Policy/XCUIElementTypeOther - Privacy Policy'

13-03-2024T10:05:37 - [MESSAGE][PASSED] - Tapped on element 'Object Repository/IOS/User Management/Terms and Conditions Privacy and Policy/XCUIElementTypeOther - Privacy Policy'

13-03-2024T10:05:37 - [TEST_STEP][PASSED] - delay(5, STOP_ON_FAILURE): Delayed 5 second(s)

13-03-2024T10:05:42 - [MESSAGE][PASSED] - Delayed 5 second(s)

13-03-2024T10:05:42 - [TEST_STEP][PASSED] - tapAtPosition(44, 42): Tapped at [44, 42]

13-03-2024T10:05:43 - [MESSAGE][PASSED] - Tapped at [44, 42]

13-03-2024T10:05:43 - [TEST_STEP][PASSED] - verifyElementExist(findTestObject("IOS/User Management/Terms and Conditions Privacy and Policy/XCUIElementTypeImage"), 30): Element 'Object Repository/IOS/User Management/Terms and Conditions Privacy and Policy/XCUIElementTypeImage' is exist

13-03-2024T10:05:43 - [MESSAGE][PASSED] - Element 'Object Repository/IOS/User Management/Terms and Conditions Privacy and Policy/XCUIElementTypeImage' is exist

13-03-2024T10:05:45 - [TEST_STEP][PASSED] - Video: Video recording for test case 'Test Cases/IOS/User Management/EK-8569 IS iPhone - Terms and condition Privacy and Policy' .

13-03-2024T10:05:45 - [MESSAGE][INFO] - Video recording for test case 'Test Cases/IOS/User Management/EK-8569 IS iPhone - Terms and condition Privacy and Policy' .]]></system-out>
         <system-err><![CDATA[]]></system-err>
      </testcase>
      <testcase name="Test Cases/IOS/User Management/EK-8493 IS iPhone - Restore Password" time="7.856" classname="Test Cases/IOS/User Management/EK-8493 IS iPhone - Restore Password" status="PASSED">
         <system-out><![CDATA[13-03-2024T10:05:45 - [TEST_CASE][PASSED] - Test Cases/IOS/User Management/EK-8493 IS iPhone - Restore Password: Test Cases/IOS/User Management/EK-8493 IS iPhone - Restore Password

13-03-2024T10:05:45 - [TEST_STEP][PASSED] - Start listener action : beforeTestCase: null

13-03-2024T10:05:45 - [TEST_STEP][PASSED] - addDefaultPackages(): null

13-03-2024T10:05:45 - [TEST_STEP][PASSED] - runFeatureFile("Include/features/EK-8493 IS iPhone - Restore Password.feature"): Feature file: 'Include/features/EK-8493 IS iPhone - Restore Password.feature' was passed

13-03-2024T10:05:45 - [MESSAGE][INFO] - Starting run keyword runFeatureFile: 'Include/features/EK-8493 IS iPhone - Restore Password.feature' and extract report to folder: '/Users/safaamarir/git/Android_Automation/Reports/20240313_100354/IS iPhone/User Management/20240313_100355/cucumber_report/1710324345915'...

13-03-2024T10:05:45 - [MESSAGE][PASSED] - Feature file: 'Include/features/EK-8493 IS iPhone - Restore Password.feature' was passed

13-03-2024T10:05:45 - [TEST_STEP][PASSED] - tap(findTestObject("Object Repository/IOS/User Management/Restore Password/XCUIElementTypeOther - Forgot your password"), 30): Tapped on element 'Object Repository/IOS/User Management/Restore Password/XCUIElementTypeOther - Forgot your password'

13-03-2024T10:05:46 - [MESSAGE][PASSED] - Tapped on element 'Object Repository/IOS/User Management/Restore Password/XCUIElementTypeOther - Forgot your password'

13-03-2024T10:05:46 - [TEST_STEP][PASSED] - setText(findTestObject("Object Repository/IOS/User Management/Restore Password/XCUIElementTypeTextField - Username"), LoginCreds.get("username"), 30): Text 'katalon' has been set to element 'Object Repository/IOS/User Management/Restore Password/XCUIElementTypeTextField - Username'

13-03-2024T10:05:48 - [MESSAGE][PASSED] - Text 'katalon' has been set to element 'Object Repository/IOS/User Management/Restore Password/XCUIElementTypeTextField - Username'

13-03-2024T10:05:48 - [TEST_STEP][PASSED] - setText(findTestObject("Object Repository/IOS/User Management/Restore Password/XCUIElementTypeTextField - Email"), LoginCreds.get("email"), 30): Text 'samarir@masaratapp.com' has been set to element 'Object Repository/IOS/User Management/Restore Password/XCUIElementTypeTextField - Email'

13-03-2024T10:05:49 - [MESSAGE][PASSED] - Text 'samarir@masaratapp.com' has been set to element 'Object Repository/IOS/User Management/Restore Password/XCUIElementTypeTextField - Email'

13-03-2024T10:05:49 - [TEST_STEP][PASSED] - tap(findTestObject("IOS/User Management/Restore Password/XCUIElementTypeOther - Restore Password"), 30): Tapped on element 'Object Repository/IOS/User Management/Restore Password/XCUIElementTypeOther - Restore Password'

13-03-2024T10:05:51 - [MESSAGE][PASSED] - Tapped on element 'Object Repository/IOS/User Management/Restore Password/XCUIElementTypeOther - Restore Password'

13-03-2024T10:05:51 - [TEST_STEP][PASSED] - tap(findTestObject("IOS/Draft/XCUIElementTypeOther - Restore Password"), 30, STOP_ON_FAILURE): Tapped on element 'Object Repository/IOS/Draft/XCUIElementTypeOther - Restore Password'

13-03-2024T10:05:51 - [MESSAGE][PASSED] - Tapped on element 'Object Repository/IOS/Draft/XCUIElementTypeOther - Restore Password'

13-03-2024T10:05:53 - [TEST_STEP][PASSED] - Video: Video recording for test case 'Test Cases/IOS/User Management/EK-8493 IS iPhone - Restore Password' .

13-03-2024T10:05:53 - [MESSAGE][INFO] - Video recording for test case 'Test Cases/IOS/User Management/EK-8493 IS iPhone - Restore Password' .]]></system-out>
         <system-err><![CDATA[]]></system-err>
      </testcase>
      <testcase name="Test Cases/IOS/User Management/EK-8570 IS iPhone - 10 Times failed login" time="41.924" classname="Test Cases/IOS/User Management/EK-8570 IS iPhone - 10 Times failed login" status="PASSED">
         <system-out><![CDATA[13-03-2024T10:05:53 - [TEST_CASE][PASSED] - Test Cases/IOS/User Management/EK-8570 IS iPhone - 10 Times failed login: Test Cases/IOS/User Management/EK-8570 IS iPhone - 10 Times failed login

13-03-2024T10:05:53 - [TEST_STEP][PASSED] - Start listener action : beforeTestCase: null

13-03-2024T10:05:53 - [TEST_STEP][PASSED] - addDefaultPackages(): null

13-03-2024T10:05:53 - [TEST_STEP][PASSED] - runFeatureFile("Include/features/EK-8570 IS iPhone - 10 Times failed login.feature"): Feature file: 'Include/features/EK-8570 IS iPhone - 10 Times failed login.feature' was passed

13-03-2024T10:05:53 - [MESSAGE][INFO] - Starting run keyword runFeatureFile: 'Include/features/EK-8570 IS iPhone - 10 Times failed login.feature' and extract report to folder: '/Users/safaamarir/git/Android_Automation/Reports/20240313_100354/IS iPhone/User Management/20240313_100355/cucumber_report/1710324353783'...

13-03-2024T10:05:53 - [MESSAGE][PASSED] - Feature file: 'Include/features/EK-8570 IS iPhone - 10 Times failed login.feature' was passed

13-03-2024T10:05:53 - [TEST_STEP][PASSED] - delay(10, STOP_ON_FAILURE): Delayed 10 second(s)

13-03-2024T10:06:03 - [MESSAGE][PASSED] - Delayed 10 second(s)

13-03-2024T10:06:03 - [TEST_STEP][PASSED] - setText(findTestObject("IOS/User Management/Sign In/XCUIElementTypeTextField - username"), "Test10times", 30): Text 'Test10times' has been set to element 'Object Repository/IOS/User Management/Sign In/XCUIElementTypeTextField - username'

13-03-2024T10:06:05 - [MESSAGE][PASSED] - Text 'Test10times' has been set to element 'Object Repository/IOS/User Management/Sign In/XCUIElementTypeTextField - username'

13-03-2024T10:06:05 - [TEST_STEP][PASSED] - setText(findTestObject("IOS/User Management/Sign In/XCUIElementTypeSecureTextField - Passcode"), "123", 30): Text '123' has been set to element 'Object Repository/IOS/User Management/Sign In/XCUIElementTypeSecureTextField - Passcode'

13-03-2024T10:06:07 - [MESSAGE][PASSED] - Text '123' has been set to element 'Object Repository/IOS/User Management/Sign In/XCUIElementTypeSecureTextField - Passcode'

13-03-2024T10:06:07 - [TEST_STEP][PASSED] - tap(findTestObject("Object Repository/IOS/User Management/10 times failed login/XCUIElementTypeOther - SIGN IN"), 30): Tapped on element 'Object Repository/IOS/User Management/10 times failed login/XCUIElementTypeOther - SIGN IN'

13-03-2024T10:06:09 - [MESSAGE][PASSED] - Tapped on element 'Object Repository/IOS/User Management/10 times failed login/XCUIElementTypeOther - SIGN IN'

13-03-2024T10:06:09 - [TEST_STEP][PASSED] - verifyElementText(findTestObject("Object Repository/IOS/User Management/10 times failed login/XCUIElementTypeStaticText - Login failed. Incorrect credentials"), "Login failed. Incorrect credentials !"): Actual text and expected text of test object 'Object Repository/IOS/User Management/10 times failed login/XCUIElementTypeStaticText - Login failed. Incorrect credentials' are matched.

13-03-2024T10:06:09 - [MESSAGE][PASSED] - Actual text and expected text of test object 'Object Repository/IOS/User Management/10 times failed login/XCUIElementTypeStaticText - Login failed. Incorrect credentials' are matched.

13-03-2024T10:06:09 - [TEST_STEP][PASSED] - tap(findTestObject("Object Repository/IOS/User Management/10 times failed login/XCUIElementTypeButton - OK"), 30): Tapped on element 'Object Repository/IOS/User Management/10 times failed login/XCUIElementTypeButton - OK'

13-03-2024T10:06:10 - [MESSAGE][PASSED] - Tapped on element 'Object Repository/IOS/User Management/10 times failed login/XCUIElementTypeButton - OK'

13-03-2024T10:06:10 - [TEST_STEP][PASSED] - tap(findTestObject("Object Repository/IOS/User Management/10 times failed login/XCUIElementTypeOther - SIGN IN"), 30): Tapped on element 'Object Repository/IOS/User Management/10 times failed login/XCUIElementTypeOther - SIGN IN'

13-03-2024T10:06:11 - [MESSAGE][PASSED] - Tapped on element 'Object Repository/IOS/User Management/10 times failed login/XCUIElementTypeOther - SIGN IN'

13-03-2024T10:06:11 - [TEST_STEP][PASSED] - verifyElementText(findTestObject("Object Repository/IOS/User Management/10 times failed login/XCUIElementTypeStaticText - Login failed. Incorrect credentials"), "Login failed. Incorrect credentials !"): Actual text and expected text of test object 'Object Repository/IOS/User Management/10 times failed login/XCUIElementTypeStaticText - Login failed. Incorrect credentials' are matched.

13-03-2024T10:06:12 - [MESSAGE][PASSED] - Actual text and expected text of test object 'Object Repository/IOS/User Management/10 times failed login/XCUIElementTypeStaticText - Login failed. Incorrect credentials' are matched.

13-03-2024T10:06:12 - [TEST_STEP][PASSED] - tap(findTestObject("Object Repository/IOS/User Management/10 times failed login/XCUIElementTypeButton - OK"), 30): Tapped on element 'Object Repository/IOS/User Management/10 times failed login/XCUIElementTypeButton - OK'

13-03-2024T10:06:13 - [MESSAGE][PASSED] - Tapped on element 'Object Repository/IOS/User Management/10 times failed login/XCUIElementTypeButton - OK'

13-03-2024T10:06:13 - [TEST_STEP][PASSED] - tap(findTestObject("Object Repository/IOS/User Management/10 times failed login/XCUIElementTypeOther - SIGN IN"), 30): Tapped on element 'Object Repository/IOS/User Management/10 times failed login/XCUIElementTypeOther - SIGN IN'

13-03-2024T10:06:14 - [MESSAGE][PASSED] - Tapped on element 'Object Repository/IOS/User Management/10 times failed login/XCUIElementTypeOther - SIGN IN'

13-03-2024T10:06:14 - [TEST_STEP][PASSED] - verifyElementText(findTestObject("Object Repository/IOS/User Management/10 times failed login/XCUIElementTypeStaticText - Login failed. Incorrect credentials"), "Login failed. Incorrect credentials !"): Actual text and expected text of test object 'Object Repository/IOS/User Management/10 times failed login/XCUIElementTypeStaticText - Login failed. Incorrect credentials' are matched.

13-03-2024T10:06:14 - [MESSAGE][PASSED] - Actual text and expected text of test object 'Object Repository/IOS/User Management/10 times failed login/XCUIElementTypeStaticText - Login failed. Incorrect credentials' are matched.

13-03-2024T10:06:14 - [TEST_STEP][PASSED] - tap(findTestObject("Object Repository/IOS/User Management/10 times failed login/XCUIElementTypeButton - OK"), 30): Tapped on element 'Object Repository/IOS/User Management/10 times failed login/XCUIElementTypeButton - OK'

13-03-2024T10:06:15 - [MESSAGE][PASSED] - Tapped on element 'Object Repository/IOS/User Management/10 times failed login/XCUIElementTypeButton - OK'

13-03-2024T10:06:15 - [TEST_STEP][PASSED] - tap(findTestObject("Object Repository/IOS/User Management/10 times failed login/XCUIElementTypeOther - SIGN IN"), 30): Tapped on element 'Object Repository/IOS/User Management/10 times failed login/XCUIElementTypeOther - SIGN IN'

13-03-2024T10:06:16 - [MESSAGE][PASSED] - Tapped on element 'Object Repository/IOS/User Management/10 times failed login/XCUIElementTypeOther - SIGN IN'

13-03-2024T10:06:16 - [TEST_STEP][PASSED] - verifyElementText(findTestObject("Object Repository/IOS/User Management/10 times failed login/XCUIElementTypeStaticText - Login failed. Incorrect credentials"), "Login failed. Incorrect credentials !"): Actual text and expected text of test object 'Object Repository/IOS/User Management/10 times failed login/XCUIElementTypeStaticText - Login failed. Incorrect credentials' are matched.

13-03-2024T10:06:17 - [MESSAGE][PASSED] - Actual text and expected text of test object 'Object Repository/IOS/User Management/10 times failed login/XCUIElementTypeStaticText - Login failed. Incorrect credentials' are matched.

13-03-2024T10:06:17 - [TEST_STEP][PASSED] - tap(findTestObject("Object Repository/IOS/User Management/10 times failed login/XCUIElementTypeButton - OK"), 30): Tapped on element 'Object Repository/IOS/User Management/10 times failed login/XCUIElementTypeButton - OK'

13-03-2024T10:06:18 - [MESSAGE][PASSED] - Tapped on element 'Object Repository/IOS/User Management/10 times failed login/XCUIElementTypeButton - OK'

13-03-2024T10:06:18 - [TEST_STEP][PASSED] - tap(findTestObject("Object Repository/IOS/User Management/10 times failed login/XCUIElementTypeOther - SIGN IN"), 30): Tapped on element 'Object Repository/IOS/User Management/10 times failed login/XCUIElementTypeOther - SIGN IN'

13-03-2024T10:06:19 - [MESSAGE][PASSED] - Tapped on element 'Object Repository/IOS/User Management/10 times failed login/XCUIElementTypeOther - SIGN IN'

13-03-2024T10:06:19 - [TEST_STEP][PASSED] - verifyElementText(findTestObject("Object Repository/IOS/User Management/10 times failed login/XCUIElementTypeStaticText - Login failed. Incorrect credentials"), "Login failed. Incorrect credentials !"): Actual text and expected text of test object 'Object Repository/IOS/User Management/10 times failed login/XCUIElementTypeStaticText - Login failed. Incorrect credentials' are matched.

13-03-2024T10:06:19 - [MESSAGE][PASSED] - Actual text and expected text of test object 'Object Repository/IOS/User Management/10 times failed login/XCUIElementTypeStaticText - Login failed. Incorrect credentials' are matched.

13-03-2024T10:06:19 - [TEST_STEP][PASSED] - tap(findTestObject("Object Repository/IOS/User Management/10 times failed login/XCUIElementTypeButton - OK"), 30): Tapped on element 'Object Repository/IOS/User Management/10 times failed login/XCUIElementTypeButton - OK'

13-03-2024T10:06:20 - [MESSAGE][PASSED] - Tapped on element 'Object Repository/IOS/User Management/10 times failed login/XCUIElementTypeButton - OK'

13-03-2024T10:06:20 - [TEST_STEP][PASSED] - tap(findTestObject("Object Repository/IOS/User Management/10 times failed login/XCUIElementTypeOther - SIGN IN"), 30): Tapped on element 'Object Repository/IOS/User Management/10 times failed login/XCUIElementTypeOther - SIGN IN'

13-03-2024T10:06:21 - [MESSAGE][PASSED] - Tapped on element 'Object Repository/IOS/User Management/10 times failed login/XCUIElementTypeOther - SIGN IN'

13-03-2024T10:06:21 - [TEST_STEP][PASSED] - verifyElementText(findTestObject("Object Repository/IOS/User Management/10 times failed login/XCUIElementTypeStaticText - Login failed. Incorrect credentials"), "Login failed. Incorrect credentials !"): Actual text and expected text of test object 'Object Repository/IOS/User Management/10 times failed login/XCUIElementTypeStaticText - Login failed. Incorrect credentials' are matched.

13-03-2024T10:06:22 - [MESSAGE][PASSED] - Actual text and expected text of test object 'Object Repository/IOS/User Management/10 times failed login/XCUIElementTypeStaticText - Login failed. Incorrect credentials' are matched.

13-03-2024T10:06:22 - [TEST_STEP][PASSED] - tap(findTestObject("Object Repository/IOS/User Management/10 times failed login/XCUIElementTypeButton - OK"), 30): Tapped on element 'Object Repository/IOS/User Management/10 times failed login/XCUIElementTypeButton - OK'

13-03-2024T10:06:23 - [MESSAGE][PASSED] - Tapped on element 'Object Repository/IOS/User Management/10 times failed login/XCUIElementTypeButton - OK'

13-03-2024T10:06:23 - [TEST_STEP][PASSED] - tap(findTestObject("Object Repository/IOS/User Management/10 times failed login/XCUIElementTypeOther - SIGN IN"), 30): Tapped on element 'Object Repository/IOS/User Management/10 times failed login/XCUIElementTypeOther - SIGN IN'

13-03-2024T10:06:24 - [MESSAGE][PASSED] - Tapped on element 'Object Repository/IOS/User Management/10 times failed login/XCUIElementTypeOther - SIGN IN'

13-03-2024T10:06:24 - [TEST_STEP][PASSED] - verifyElementText(findTestObject("Object Repository/IOS/User Management/10 times failed login/XCUIElementTypeStaticText - Login failed. Incorrect credentials"), "Login failed. Incorrect credentials !"): Actual text and expected text of test object 'Object Repository/IOS/User Management/10 times failed login/XCUIElementTypeStaticText - Login failed. Incorrect credentials' are matched.

13-03-2024T10:06:24 - [MESSAGE][PASSED] - Actual text and expected text of test object 'Object Repository/IOS/User Management/10 times failed login/XCUIElementTypeStaticText - Login failed. Incorrect credentials' are matched.

13-03-2024T10:06:24 - [TEST_STEP][PASSED] - tap(findTestObject("Object Repository/IOS/User Management/10 times failed login/XCUIElementTypeButton - OK"), 30): Tapped on element 'Object Repository/IOS/User Management/10 times failed login/XCUIElementTypeButton - OK'

13-03-2024T10:06:25 - [MESSAGE][PASSED] - Tapped on element 'Object Repository/IOS/User Management/10 times failed login/XCUIElementTypeButton - OK'

13-03-2024T10:06:25 - [TEST_STEP][PASSED] - tap(findTestObject("Object Repository/IOS/User Management/10 times failed login/XCUIElementTypeOther - SIGN IN"), 30): Tapped on element 'Object Repository/IOS/User Management/10 times failed login/XCUIElementTypeOther - SIGN IN'

13-03-2024T10:06:26 - [MESSAGE][PASSED] - Tapped on element 'Object Repository/IOS/User Management/10 times failed login/XCUIElementTypeOther - SIGN IN'

13-03-2024T10:06:26 - [TEST_STEP][PASSED] - verifyElementText(findTestObject("Object Repository/IOS/User Management/10 times failed login/XCUIElementTypeStaticText - Login failed. Incorrect credentials"), "Login failed. Incorrect credentials !"): Actual text and expected text of test object 'Object Repository/IOS/User Management/10 times failed login/XCUIElementTypeStaticText - Login failed. Incorrect credentials' are matched.

13-03-2024T10:06:27 - [MESSAGE][PASSED] - Actual text and expected text of test object 'Object Repository/IOS/User Management/10 times failed login/XCUIElementTypeStaticText - Login failed. Incorrect credentials' are matched.

13-03-2024T10:06:27 - [TEST_STEP][PASSED] - tap(findTestObject("Object Repository/IOS/User Management/10 times failed login/XCUIElementTypeButton - OK"), 30): Tapped on element 'Object Repository/IOS/User Management/10 times failed login/XCUIElementTypeButton - OK'

13-03-2024T10:06:28 - [MESSAGE][PASSED] - Tapped on element 'Object Repository/IOS/User Management/10 times failed login/XCUIElementTypeButton - OK'

13-03-2024T10:06:28 - [TEST_STEP][PASSED] - tap(findTestObject("Object Repository/IOS/User Management/10 times failed login/XCUIElementTypeOther - SIGN IN"), 30): Tapped on element 'Object Repository/IOS/User Management/10 times failed login/XCUIElementTypeOther - SIGN IN'

13-03-2024T10:06:29 - [MESSAGE][PASSED] - Tapped on element 'Object Repository/IOS/User Management/10 times failed login/XCUIElementTypeOther - SIGN IN'

13-03-2024T10:06:29 - [TEST_STEP][PASSED] - verifyElementText(findTestObject("Object Repository/IOS/User Management/10 times failed login/XCUIElementTypeStaticText - Login failed. Incorrect credentials"), "Login failed. Incorrect credentials !"): Actual text and expected text of test object 'Object Repository/IOS/User Management/10 times failed login/XCUIElementTypeStaticText - Login failed. Incorrect credentials' are matched.

13-03-2024T10:06:29 - [MESSAGE][PASSED] - Actual text and expected text of test object 'Object Repository/IOS/User Management/10 times failed login/XCUIElementTypeStaticText - Login failed. Incorrect credentials' are matched.

13-03-2024T10:06:29 - [TEST_STEP][PASSED] - tap(findTestObject("Object Repository/IOS/User Management/10 times failed login/XCUIElementTypeButton - OK"), 30): Tapped on element 'Object Repository/IOS/User Management/10 times failed login/XCUIElementTypeButton - OK'

13-03-2024T10:06:31 - [MESSAGE][PASSED] - Tapped on element 'Object Repository/IOS/User Management/10 times failed login/XCUIElementTypeButton - OK'

13-03-2024T10:06:31 - [TEST_STEP][PASSED] - tap(findTestObject("Object Repository/IOS/User Management/10 times failed login/XCUIElementTypeOther - SIGN IN"), 30): Tapped on element 'Object Repository/IOS/User Management/10 times failed login/XCUIElementTypeOther - SIGN IN'

13-03-2024T10:06:31 - [MESSAGE][PASSED] - Tapped on element 'Object Repository/IOS/User Management/10 times failed login/XCUIElementTypeOther - SIGN IN'

13-03-2024T10:06:31 - [TEST_STEP][PASSED] - verifyElementText(findTestObject("Object Repository/IOS/User Management/10 times failed login/XCUIElementTypeStaticText - Login failed. Incorrect credentials"), "Your account has been temporarily disabled due to repeated login failures. Please contact your administrator: samarir@masaratapp.com"): Actual text and expected text of test object 'Object Repository/IOS/User Management/10 times failed login/XCUIElementTypeStaticText - Login failed. Incorrect credentials' are matched.

13-03-2024T10:06:32 - [MESSAGE][PASSED] - Actual text and expected text of test object 'Object Repository/IOS/User Management/10 times failed login/XCUIElementTypeStaticText - Login failed. Incorrect credentials' are matched.

13-03-2024T10:06:32 - [TEST_STEP][PASSED] - tap(findTestObject("Object Repository/IOS/User Management/10 times failed login/XCUIElementTypeButton - OK"), 30): Tapped on element 'Object Repository/IOS/User Management/10 times failed login/XCUIElementTypeButton - OK'

13-03-2024T10:06:33 - [MESSAGE][PASSED] - Tapped on element 'Object Repository/IOS/User Management/10 times failed login/XCUIElementTypeButton - OK'

13-03-2024T10:06:35 - [TEST_STEP][PASSED] - Video: Video recording for test case 'Test Cases/IOS/User Management/EK-8570 IS iPhone - 10 Times failed login' .

13-03-2024T10:06:35 - [MESSAGE][INFO] - Video recording for test case 'Test Cases/IOS/User Management/EK-8570 IS iPhone - 10 Times failed login' .]]></system-out>
         <system-err><![CDATA[]]></system-err>
      </testcase>
      <testcase name="Test Cases/IOS/User Management/EK-8491 IS iPhone - Sign in" time="57.242" classname="Test Cases/IOS/User Management/EK-8491 IS iPhone - Sign in" status="PASSED">
         <system-out><![CDATA[13-03-2024T10:06:35 - [TEST_CASE][PASSED] - Test Cases/IOS/User Management/EK-8491 IS iPhone - Sign in: Test Cases/IOS/User Management/EK-8491 IS iPhone - Sign in

13-03-2024T10:06:35 - [TEST_STEP][PASSED] - Start listener action : beforeTestCase: null

13-03-2024T10:06:35 - [TEST_STEP][PASSED] - addDefaultPackages(): null

13-03-2024T10:06:35 - [TEST_STEP][PASSED] - runFeatureFile("Include/features/EK-8491 IS iPhone - Sign in.feature"): Feature file: 'Include/features/EK-8491 IS iPhone - Sign in.feature' was passed

13-03-2024T10:06:35 - [MESSAGE][INFO] - Starting run keyword runFeatureFile: 'Include/features/EK-8491 IS iPhone - Sign in.feature' and extract report to folder: '/Users/safaamarir/git/Android_Automation/Reports/20240313_100354/IS iPhone/User Management/20240313_100355/cucumber_report/1710324395691'...

13-03-2024T10:06:35 - [MESSAGE][PASSED] - Feature file: 'Include/features/EK-8491 IS iPhone - Sign in.feature' was passed

13-03-2024T10:06:35 - [TEST_STEP][PASSED] - startApplication(IPA, true): Started app at: '/Users/safaamarir/APK/IOS/IS/IS_PreProd_2.1.5_214.ipa'

13-03-2024T10:06:35 - [MESSAGE][INFO] - User set preference: ['automationName', 'XCUITest']

13-03-2024T10:06:35 - [MESSAGE][INFO] - User set preference: ['deviceId', '00008110-00112D590CD0201E']

13-03-2024T10:06:45 - [MESSAGE][WARNING] - Failed to start ios_webkit_debug_proxy on default port 27753

13-03-2024T10:07:13 - [MESSAGE][PASSED] - Started app at: '/Users/safaamarir/APK/IOS/IS/IS_PreProd_2.1.5_214.ipa'

13-03-2024T10:07:13 - [TEST_STEP][PASSED] - tap(findTestObject("Object Repository/IOS/User Management/Sign In/XCUIElementTypeButton - Allow"), 30): Tapped on element 'Object Repository/IOS/User Management/Sign In/XCUIElementTypeButton - Allow'

13-03-2024T10:07:14 - [MESSAGE][PASSED] - Tapped on element 'Object Repository/IOS/User Management/Sign In/XCUIElementTypeButton - Allow'

13-03-2024T10:07:14 - [TEST_STEP][PASSED] - setText(findTestObject("Object Repository/IOS/User Management/Sign In/XCUIElementTypeTextField - username"), LoginCreds.get("username"), 30): Text 'katalon' has been set to element 'Object Repository/IOS/User Management/Sign In/XCUIElementTypeTextField - username'

13-03-2024T10:07:16 - [MESSAGE][PASSED] - Text 'katalon' has been set to element 'Object Repository/IOS/User Management/Sign In/XCUIElementTypeTextField - username'

13-03-2024T10:07:16 - [TEST_STEP][PASSED] - setText(findTestObject("Object Repository/IOS/User Management/Sign In/XCUIElementTypeSecureTextField - Passcode"), LoginCreds.get("password"), 30): Text 'eKare123@' has been set to element 'Object Repository/IOS/User Management/Sign In/XCUIElementTypeSecureTextField - Passcode'

13-03-2024T10:07:18 - [MESSAGE][PASSED] - Text 'eKare123@' has been set to element 'Object Repository/IOS/User Management/Sign In/XCUIElementTypeSecureTextField - Passcode'

13-03-2024T10:07:18 - [TEST_STEP][PASSED] - tap(findTestObject("Object Repository/IOS/User Management/Sign In/XCUIElementTypeOther - SIGN IN"), 30): Tapped on element 'Object Repository/IOS/User Management/Sign In/XCUIElementTypeOther - SIGN IN'

13-03-2024T10:07:19 - [MESSAGE][PASSED] - Tapped on element 'Object Repository/IOS/User Management/Sign In/XCUIElementTypeOther - SIGN IN'

13-03-2024T10:07:19 - [TEST_STEP][PASSED] - tap(findTestObject("IOS/User Management/Sign In/XCUIElementTypeOther - Katalon"), 30): Tapped on element 'Object Repository/IOS/User Management/Sign In/XCUIElementTypeOther - Katalon'

13-03-2024T10:07:20 - [MESSAGE][PASSED] - Tapped on element 'Object Repository/IOS/User Management/Sign In/XCUIElementTypeOther - Katalon'

13-03-2024T10:07:20 - [TEST_STEP][PASSED] - delay(10): Delayed 10 second(s)

13-03-2024T10:07:30 - [MESSAGE][PASSED] - Delayed 10 second(s)

13-03-2024T10:07:32 - [TEST_STEP][PASSED] - Video: Video recording for test case 'Test Cases/IOS/User Management/EK-8491 IS iPhone - Sign in' .

13-03-2024T10:07:32 - [MESSAGE][INFO] - Video recording for test case 'Test Cases/IOS/User Management/EK-8491 IS iPhone - Sign in' .]]></system-out>
         <system-err><![CDATA[]]></system-err>
      </testcase>
      <testcase name="Test Cases/IOS/User Management/EK-8492 IS iPhone - Logout" time="13.669" classname="Test Cases/IOS/User Management/EK-8492 IS iPhone - Logout" status="PASSED">
         <system-out><![CDATA[13-03-2024T10:07:32 - [TEST_CASE][PASSED] - Test Cases/IOS/User Management/EK-8492 IS iPhone - Logout: Test Cases/IOS/User Management/EK-8492 IS iPhone - Logout

13-03-2024T10:07:32 - [TEST_STEP][PASSED] - Start listener action : beforeTestCase: null

13-03-2024T10:07:32 - [TEST_STEP][PASSED] - addDefaultPackages(): null

13-03-2024T10:07:32 - [TEST_STEP][PASSED] - runFeatureFile("Include/features/EK-8492 IS iPhone - Logout.feature"): Feature file: 'Include/features/EK-8492 IS iPhone - Logout.feature' was passed

13-03-2024T10:07:32 - [MESSAGE][INFO] - Starting run keyword runFeatureFile: 'Include/features/EK-8492 IS iPhone - Logout.feature' and extract report to folder: '/Users/safaamarir/git/Android_Automation/Reports/20240313_100354/IS iPhone/User Management/20240313_100355/cucumber_report/1710324452937'...

13-03-2024T10:07:32 - [MESSAGE][PASSED] - Feature file: 'Include/features/EK-8492 IS iPhone - Logout.feature' was passed

13-03-2024T10:07:32 - [TEST_STEP][PASSED] - tap(findTestObject("Object Repository/IOS/User Management/Logout/XCUIElementTypeOther"), 30): Tapped on element 'Object Repository/IOS/User Management/Logout/XCUIElementTypeOther'

13-03-2024T10:07:34 - [MESSAGE][PASSED] - Tapped on element 'Object Repository/IOS/User Management/Logout/XCUIElementTypeOther'

13-03-2024T10:07:34 - [TEST_STEP][PASSED] - tap(findTestObject("Object Repository/IOS/User Management/Logout/XCUIElementTypeOther - Logout"), 30): Tapped on element 'Object Repository/IOS/User Management/Logout/XCUIElementTypeOther - Logout'

13-03-2024T10:07:36 - [MESSAGE][PASSED] - Tapped on element 'Object Repository/IOS/User Management/Logout/XCUIElementTypeOther - Logout'

13-03-2024T10:07:36 - [TEST_STEP][PASSED] - verifyElementText(findTestObject("Object Repository/IOS/User Management/Logout/XCUIElementTypeStaticText - You want to logout"), "You want to logout ?"): Actual text and expected text of test object 'Object Repository/IOS/User Management/Logout/XCUIElementTypeStaticText - You want to logout' are matched.

13-03-2024T10:07:38 - [MESSAGE][PASSED] - Actual text and expected text of test object 'Object Repository/IOS/User Management/Logout/XCUIElementTypeStaticText - You want to logout' are matched.

13-03-2024T10:07:38 - [TEST_STEP][PASSED] - verifyElementExist(findTestObject("Object Repository/IOS/User Management/Logout/XCUIElementTypeButton - Cancel"), 30): Element 'Object Repository/IOS/User Management/Logout/XCUIElementTypeButton - Cancel' is exist

13-03-2024T10:07:39 - [MESSAGE][PASSED] - Element 'Object Repository/IOS/User Management/Logout/XCUIElementTypeButton - Cancel' is exist

13-03-2024T10:07:39 - [TEST_STEP][PASSED] - tap(findTestObject("Object Repository/IOS/User Management/Logout/XCUIElementTypeButton - Confirm"), 30): Tapped on element 'Object Repository/IOS/User Management/Logout/XCUIElementTypeButton - Confirm'

13-03-2024T10:07:41 - [MESSAGE][PASSED] - Tapped on element 'Object Repository/IOS/User Management/Logout/XCUIElementTypeButton - Confirm'

13-03-2024T10:07:41 - [TEST_STEP][PASSED] - verifyElementExist(findTestObject("Object Repository/IOS/User Management/Logout/XCUIElementTypeOther (1)"), 30): Element 'Object Repository/IOS/User Management/Logout/XCUIElementTypeOther (1)' is exist

13-03-2024T10:07:44 - [MESSAGE][PASSED] - Element 'Object Repository/IOS/User Management/Logout/XCUIElementTypeOther (1)' is exist

13-03-2024T10:07:46 - [TEST_STEP][PASSED] - Video: Video recording for test case 'Test Cases/IOS/User Management/EK-8492 IS iPhone - Logout' .

13-03-2024T10:07:46 - [MESSAGE][INFO] - Video recording for test case 'Test Cases/IOS/User Management/EK-8492 IS iPhone - Logout' .]]></system-out>
         <system-err><![CDATA[]]></system-err>
      </testcase>
      <testcase name="Test Cases/IOS/User Management/EK-8571 IS iPhone - Login as a user with multiple sites" time="133.894" classname="Test Cases/IOS/User Management/EK-8571 IS iPhone - Login as a user with multiple sites" status="PASSED">
         <system-out><![CDATA[13-03-2024T10:07:46 - [TEST_CASE][PASSED] - Test Cases/IOS/User Management/EK-8571 IS iPhone - Login as a user with multiple sites: Test Cases/IOS/User Management/EK-8571 IS iPhone - Login as a user with multiple sites

13-03-2024T10:07:46 - [TEST_STEP][PASSED] - Start listener action : beforeTestCase: null

13-03-2024T10:07:46 - [TEST_STEP][PASSED] - addDefaultPackages(): null

13-03-2024T10:07:46 - [TEST_STEP][PASSED] - runFeatureFile("Include/features/EK-8571 IS iPhone - Login as a user with multiple sites.feature"): Feature file: 'Include/features/EK-8571 IS iPhone - Login as a user with multiple sites.feature' was passed

13-03-2024T10:07:46 - [MESSAGE][INFO] - Starting run keyword runFeatureFile: 'Include/features/EK-8571 IS iPhone - Login as a user with multiple sites.feature' and extract report to folder: '/Users/safaamarir/git/Android_Automation/Reports/20240313_100354/IS iPhone/User Management/20240313_100355/cucumber_report/1710324466612'...

13-03-2024T10:07:46 - [MESSAGE][PASSED] - Feature file: 'Include/features/EK-8571 IS iPhone - Login as a user with multiple sites.feature' was passed

13-03-2024T10:07:46 - [TEST_STEP][PASSED] - setText(findTestObject("Object Repository/IOS/User Management/Sign In/XCUIElementTypeTextField - username"), LoginCreds.get("siteuser"), 30): Text 'katalonSite' has been set to element 'Object Repository/IOS/User Management/Sign In/XCUIElementTypeTextField - username'

13-03-2024T10:07:48 - [MESSAGE][PASSED] - Text 'katalonSite' has been set to element 'Object Repository/IOS/User Management/Sign In/XCUIElementTypeTextField - username'

13-03-2024T10:07:48 - [TEST_STEP][PASSED] - setText(findTestObject("Object Repository/IOS/User Management/Sign In/XCUIElementTypeSecureTextField - Passcode"), LoginCreds.get("password"), 30): Text 'eKare123@' has been set to element 'Object Repository/IOS/User Management/Sign In/XCUIElementTypeSecureTextField - Passcode'

13-03-2024T10:07:50 - [MESSAGE][PASSED] - Text 'eKare123@' has been set to element 'Object Repository/IOS/User Management/Sign In/XCUIElementTypeSecureTextField - Passcode'

13-03-2024T10:07:50 - [TEST_STEP][PASSED] - tap(findTestObject("Object Repository/IOS/User Management/Login as a user with multiple sites/XCUIElementTypeOther - SIGN IN"), 30): Tapped on element 'Object Repository/IOS/User Management/Login as a user with multiple sites/XCUIElementTypeOther - SIGN IN'

13-03-2024T10:07:52 - [MESSAGE][PASSED] - Tapped on element 'Object Repository/IOS/User Management/Login as a user with multiple sites/XCUIElementTypeOther - SIGN IN'

13-03-2024T10:07:52 - [TEST_STEP][PASSED] - tap(findTestObject("Object Repository/IOS/User Management/Login as a user with multiple sites/XCUIElementTypeOther - Katalon"), 30): Tapped on element 'Object Repository/IOS/User Management/Login as a user with multiple sites/XCUIElementTypeOther - Katalon'

13-03-2024T10:07:53 - [MESSAGE][PASSED] - Tapped on element 'Object Repository/IOS/User Management/Login as a user with multiple sites/XCUIElementTypeOther - Katalon'

13-03-2024T10:07:53 - [TEST_STEP][PASSED] - verifyElementExist(findTestObject("Object Repository/IOS/User Management/Login as a user with multiple sites/XCUIElementTypeOther -"), 30): Element 'Object Repository/IOS/User Management/Login as a user with multiple sites/XCUIElementTypeOther -' is exist

13-03-2024T10:07:55 - [MESSAGE][PASSED] - Element 'Object Repository/IOS/User Management/Login as a user with multiple sites/XCUIElementTypeOther -' is exist

13-03-2024T10:07:55 - [TEST_STEP][PASSED] - setText(findTestObject("Object Repository/IOS/User Management/Login as a user with multiple sites/XCUIElementTypeTextField - Search by Name, MRN"), "111ui", 30): Text '111ui' has been set to element 'Object Repository/IOS/User Management/Login as a user with multiple sites/XCUIElementTypeTextField - Search by Name, MRN'

13-03-2024T10:07:58 - [MESSAGE][PASSED] - Text '111ui' has been set to element 'Object Repository/IOS/User Management/Login as a user with multiple sites/XCUIElementTypeTextField - Search by Name, MRN'

13-03-2024T10:07:58 - [TEST_STEP][PASSED] - tapAtPosition(539, 707): Tapped at [539, 707]

13-03-2024T10:07:58 - [MESSAGE][PASSED] - Tapped at [539, 707]

13-03-2024T10:07:58 - [TEST_STEP][PASSED] - delay(5, STOP_ON_FAILURE): Delayed 5 second(s)

13-03-2024T10:08:03 - [MESSAGE][PASSED] - Delayed 5 second(s)

13-03-2024T10:08:03 - [TEST_STEP][PASSED] - tap(findTestObject("IOS/User Management/Login as a user with multiple sites/XCUIElementTypeOther - Patient"), 30): Tapped on element 'Object Repository/IOS/User Management/Login as a user with multiple sites/XCUIElementTypeOther - Patient'

13-03-2024T10:08:05 - [MESSAGE][PASSED] - Tapped on element 'Object Repository/IOS/User Management/Login as a user with multiple sites/XCUIElementTypeOther - Patient'

13-03-2024T10:08:05 - [TEST_STEP][PASSED] - tap(findTestObject("IOS/User Management/Login as a user with multiple sites/XCUIElementTypeOther - Patient"), 30): Tapped on element 'Object Repository/IOS/User Management/Login as a user with multiple sites/XCUIElementTypeOther - Patient'

13-03-2024T10:08:06 - [MESSAGE][PASSED] - Tapped on element 'Object Repository/IOS/User Management/Login as a user with multiple sites/XCUIElementTypeOther - Patient'

13-03-2024T10:08:06 - [TEST_STEP][PASSED] - tap(findTestObject("Object Repository/IOS/User Management/Login as a user with multiple sites/XCUIElementTypeOther - menu"), 30): Tapped on element 'Object Repository/IOS/User Management/Login as a user with multiple sites/XCUIElementTypeOther - menu'

13-03-2024T10:08:07 - [MESSAGE][PASSED] - Tapped on element 'Object Repository/IOS/User Management/Login as a user with multiple sites/XCUIElementTypeOther - menu'

13-03-2024T10:08:07 - [TEST_STEP][PASSED] - verifyElementExist(findTestObject("Object Repository/IOS/User Management/Login as a user with multiple sites/XCUIElementTypeOther - Delete patient"), 30): Element 'Object Repository/IOS/User Management/Login as a user with multiple sites/XCUIElementTypeOther - Delete patient' is exist

13-03-2024T10:08:08 - [MESSAGE][PASSED] - Element 'Object Repository/IOS/User Management/Login as a user with multiple sites/XCUIElementTypeOther - Delete patient' is exist

13-03-2024T10:08:08 - [TEST_STEP][PASSED] - tapAtPosition(539, 707): Tapped at [539, 707]

13-03-2024T10:08:09 - [MESSAGE][PASSED] - Tapped at [539, 707]

13-03-2024T10:08:09 - [TEST_STEP][PASSED] - tap(findTestObject("Object Repository/IOS/User Management/Login as a user with multiple sites/XCUIElementTypeOther - Back"), 30): Tapped on element 'Object Repository/IOS/User Management/Login as a user with multiple sites/XCUIElementTypeOther - Back'

13-03-2024T10:08:10 - [MESSAGE][PASSED] - Tapped on element 'Object Repository/IOS/User Management/Login as a user with multiple sites/XCUIElementTypeOther - Back'

13-03-2024T10:08:10 - [TEST_STEP][PASSED] - tap(findTestObject("Object Repository/IOS/User Management/Login as a user with multiple sites/XCUIElementTypeOther - Menu (1)"), 30): Tapped on element 'Object Repository/IOS/User Management/Login as a user with multiple sites/XCUIElementTypeOther - Menu (1)'

13-03-2024T10:08:11 - [MESSAGE][PASSED] - Tapped on element 'Object Repository/IOS/User Management/Login as a user with multiple sites/XCUIElementTypeOther - Menu (1)'

13-03-2024T10:08:11 - [TEST_STEP][PASSED] - tap(findTestObject("Object Repository/IOS/User Management/Login as a user with multiple sites/XCUIElementTypeOther - Site"), 30): Tapped on element 'Object Repository/IOS/User Management/Login as a user with multiple sites/XCUIElementTypeOther - Site'

13-03-2024T10:08:12 - [MESSAGE][PASSED] - Tapped on element 'Object Repository/IOS/User Management/Login as a user with multiple sites/XCUIElementTypeOther - Site'

13-03-2024T10:08:12 - [TEST_STEP][PASSED] - tap(findTestObject("Object Repository/IOS/User Management/Login as a user with multiple sites/XCUIElementTypeOther - site user"), 30): Tapped on element 'Object Repository/IOS/User Management/Login as a user with multiple sites/XCUIElementTypeOther - site user'

13-03-2024T10:08:14 - [MESSAGE][PASSED] - Tapped on element 'Object Repository/IOS/User Management/Login as a user with multiple sites/XCUIElementTypeOther - site user'

13-03-2024T10:08:14 - [TEST_STEP][PASSED] - verifyElementExist(findTestObject("Object Repository/IOS/User Management/Login as a user with multiple sites/XCUIElementTypeOther - add patient"), 30): Element 'Object Repository/IOS/User Management/Login as a user with multiple sites/XCUIElementTypeOther - add patient' is exist

13-03-2024T10:08:16 - [MESSAGE][PASSED] - Element 'Object Repository/IOS/User Management/Login as a user with multiple sites/XCUIElementTypeOther - add patient' is exist

13-03-2024T10:08:16 - [TEST_STEP][PASSED] - tap(findTestObject("IOS/User Management/Login as a user with multiple sites/XCUIElementTypeOther - Patient 1"), 30): Tapped on element 'Object Repository/IOS/User Management/Login as a user with multiple sites/XCUIElementTypeOther - Patient 1'

13-03-2024T10:08:17 - [MESSAGE][PASSED] - Tapped on element 'Object Repository/IOS/User Management/Login as a user with multiple sites/XCUIElementTypeOther - Patient 1'

13-03-2024T10:08:17 - [TEST_STEP][PASSED] - tap(findTestObject("Object Repository/IOS/User Management/Login as a user with multiple sites/XCUIElementTypeOther - Menu Patient"), 30): Tapped on element 'Object Repository/IOS/User Management/Login as a user with multiple sites/XCUIElementTypeOther - Menu Patient'

13-03-2024T10:08:19 - [MESSAGE][PASSED] - Tapped on element 'Object Repository/IOS/User Management/Login as a user with multiple sites/XCUIElementTypeOther - Menu Patient'

13-03-2024T10:08:19 - [TEST_STEP][PASSED] - verifyElementExist(findTestObject("Object Repository/IOS/User Management/Login as a user with multiple sites/XCUIElementTypeOther - Edit patient"), 30): Element 'Object Repository/IOS/User Management/Login as a user with multiple sites/XCUIElementTypeOther - Edit patient' is exist

13-03-2024T10:08:20 - [MESSAGE][PASSED] - Element 'Object Repository/IOS/User Management/Login as a user with multiple sites/XCUIElementTypeOther - Edit patient' is exist

13-03-2024T10:08:20 - [TEST_STEP][PASSED] - verifyElementNotExist(findTestObject("IOS/User Management/Login as a user with multiple sites/XCUIElementTypeOther - Delete patient"), 30): Element 'Object Repository/IOS/User Management/Login as a user with multiple sites/XCUIElementTypeOther - Delete patient' not found

13-03-2024T10:08:50 - [MESSAGE][PASSED] - Element 'Object Repository/IOS/User Management/Login as a user with multiple sites/XCUIElementTypeOther - Delete patient' not found

13-03-2024T10:08:50 - [TEST_STEP][PASSED] - tapAtPosition(539, 707): Tapped at [539, 707]

13-03-2024T10:08:51 - [MESSAGE][PASSED] - Tapped at [539, 707]

13-03-2024T10:08:51 - [TEST_STEP][PASSED] - tap(findTestObject("Object Repository/IOS/User Management/Login as a user with multiple sites/XCUIElementTypeOther - Back"), 30): Tapped on element 'Object Repository/IOS/User Management/Login as a user with multiple sites/XCUIElementTypeOther - Back'

13-03-2024T10:08:52 - [MESSAGE][PASSED] - Tapped on element 'Object Repository/IOS/User Management/Login as a user with multiple sites/XCUIElementTypeOther - Back'

13-03-2024T10:08:52 - [TEST_STEP][PASSED] - tap(findTestObject("Object Repository/IOS/User Management/Login as a user with multiple sites/XCUIElementTypeOther - Menu (1)"), 30): Tapped on element 'Object Repository/IOS/User Management/Login as a user with multiple sites/XCUIElementTypeOther - Menu (1)'

13-03-2024T10:08:53 - [MESSAGE][PASSED] - Tapped on element 'Object Repository/IOS/User Management/Login as a user with multiple sites/XCUIElementTypeOther - Menu (1)'

13-03-2024T10:08:53 - [TEST_STEP][PASSED] - tap(findTestObject("Object Repository/IOS/User Management/Login as a user with multiple sites/XCUIElementTypeOther - Site"), 30): Tapped on element 'Object Repository/IOS/User Management/Login as a user with multiple sites/XCUIElementTypeOther - Site'

13-03-2024T10:08:54 - [MESSAGE][PASSED] - Tapped on element 'Object Repository/IOS/User Management/Login as a user with multiple sites/XCUIElementTypeOther - Site'

13-03-2024T10:08:54 - [TEST_STEP][PASSED] - checkElement(findTestObject("IOS/User Management/Login as a user with multiple sites/XCUIElementTypeOther - Test1"), 30): Element 'Object Repository/IOS/User Management/Login as a user with multiple sites/XCUIElementTypeOther - Test1' is checked

13-03-2024T10:08:56 - [MESSAGE][PASSED] - Element 'Object Repository/IOS/User Management/Login as a user with multiple sites/XCUIElementTypeOther - Test1' is checked

13-03-2024T10:08:56 - [TEST_STEP][PASSED] - verifyElementNotExist(findTestObject("Object Repository/IOS/User Management/Login as a user with multiple sites/XCUIElementTypeOther -"), 30): Element 'Object Repository/IOS/User Management/Login as a user with multiple sites/XCUIElementTypeOther -' not found

13-03-2024T10:09:26 - [MESSAGE][PASSED] - Element 'Object Repository/IOS/User Management/Login as a user with multiple sites/XCUIElementTypeOther -' not found

13-03-2024T10:09:26 - [TEST_STEP][PASSED] - tap(findTestObject("IOS/User Management/Login as a user with multiple sites/XCUIElementTypeOther - Katalon, Patient 07022024 33M    MRN 112ui No Consent (1)"), 30): Tapped on element 'Object Repository/IOS/User Management/Login as a user with multiple sites/XCUIElementTypeOther - Katalon, Patient 07022024 33M    MRN 112ui No Consent (1)'

13-03-2024T10:09:27 - [MESSAGE][PASSED] - Tapped on element 'Object Repository/IOS/User Management/Login as a user with multiple sites/XCUIElementTypeOther - Katalon, Patient 07022024 33M    MRN 112ui No Consent (1)'

13-03-2024T10:09:27 - [TEST_STEP][PASSED] - verifyElementNotExist(findTestObject("IOS/User Management/Login as a user with multiple sites/XCUIElementTypeOther - Menu Patient"), 30): Element 'Object Repository/IOS/User Management/Login as a user with multiple sites/XCUIElementTypeOther - Menu Patient' not found

13-03-2024T10:09:57 - [MESSAGE][PASSED] - Element 'Object Repository/IOS/User Management/Login as a user with multiple sites/XCUIElementTypeOther - Menu Patient' not found

13-03-2024T10:09:57 - [TEST_STEP][PASSED] - tap(findTestObject("IOS/User Management/Login as a user with multiple sites/XCUIElementTypeOther - Back"), 30): Tapped on element 'Object Repository/IOS/User Management/Login as a user with multiple sites/XCUIElementTypeOther - Back'

13-03-2024T10:09:58 - [MESSAGE][PASSED] - Tapped on element 'Object Repository/IOS/User Management/Login as a user with multiple sites/XCUIElementTypeOther - Back'

13-03-2024T10:10:00 - [TEST_STEP][PASSED] - Video: Video recording for test case 'Test Cases/IOS/User Management/EK-8571 IS iPhone - Login as a user with multiple sites' .

13-03-2024T10:10:00 - [MESSAGE][INFO] - Video recording for test case 'Test Cases/IOS/User Management/EK-8571 IS iPhone - Login as a user with multiple sites' .]]></system-out>
         <system-err><![CDATA[]]></system-err>
      </testcase>
      <testcase name="Test Cases/IOS/User Management/EK-8513 IS iPhone - Auto Logout" time="72.827" classname="Test Cases/IOS/User Management/EK-8513 IS iPhone - Auto Logout" status="PASSED">
         <system-out><![CDATA[13-03-2024T10:10:00 - [TEST_CASE][PASSED] - Test Cases/IOS/User Management/EK-8513 IS iPhone - Auto Logout: Test Cases/IOS/User Management/EK-8513 IS iPhone - Auto Logout

13-03-2024T10:10:00 - [TEST_STEP][PASSED] - Start listener action : beforeTestCase: null

13-03-2024T10:10:00 - [TEST_STEP][PASSED] - addDefaultPackages(): null

13-03-2024T10:10:00 - [TEST_STEP][PASSED] - runFeatureFile("Include/features/EK-8513 IS iPhone - Auto Logout.feature"): Feature file: 'Include/features/EK-8513 IS iPhone - Auto Logout.feature' was passed

13-03-2024T10:10:00 - [MESSAGE][INFO] - Starting run keyword runFeatureFile: 'Include/features/EK-8513 IS iPhone - Auto Logout.feature' and extract report to folder: '/Users/safaamarir/git/Android_Automation/Reports/20240313_100354/IS iPhone/User Management/20240313_100355/cucumber_report/1710324600498'...

13-03-2024T10:10:00 - [MESSAGE][PASSED] - Feature file: 'Include/features/EK-8513 IS iPhone - Auto Logout.feature' was passed

13-03-2024T10:10:00 - [TEST_STEP][PASSED] - tap(findTestObject("Object Repository/IOS/User Management/Auto Logout/XCUIElementTypeOther"), 30): Tapped on element 'Object Repository/IOS/User Management/Auto Logout/XCUIElementTypeOther'

13-03-2024T10:10:01 - [MESSAGE][PASSED] - Tapped on element 'Object Repository/IOS/User Management/Auto Logout/XCUIElementTypeOther'

13-03-2024T10:10:01 - [TEST_STEP][PASSED] - tap(findTestObject("Object Repository/IOS/User Management/Auto Logout/XCUIElementTypeOther - Settings"), 30): Tapped on element 'Object Repository/IOS/User Management/Auto Logout/XCUIElementTypeOther - Settings'

13-03-2024T10:10:02 - [MESSAGE][PASSED] - Tapped on element 'Object Repository/IOS/User Management/Auto Logout/XCUIElementTypeOther - Settings'

13-03-2024T10:10:02 - [TEST_STEP][PASSED] - tap(findTestObject("Object Repository/IOS/User Management/Auto Logout/XCUIElementTypeOther - Logout time 10 minutes"), 30): Tapped on element 'Object Repository/IOS/User Management/Auto Logout/XCUIElementTypeOther - Logout time 10 minutes'

13-03-2024T10:10:03 - [MESSAGE][PASSED] - Tapped on element 'Object Repository/IOS/User Management/Auto Logout/XCUIElementTypeOther - Logout time 10 minutes'

13-03-2024T10:10:03 - [TEST_STEP][PASSED] - tap(findTestObject("Object Repository/IOS/User Management/Auto Logout/XCUIElementTypeOther - 1 minutes"), 30): Tapped on element 'Object Repository/IOS/User Management/Auto Logout/XCUIElementTypeOther - 1 minutes'

13-03-2024T10:10:04 - [MESSAGE][PASSED] - Tapped on element 'Object Repository/IOS/User Management/Auto Logout/XCUIElementTypeOther - 1 minutes'

13-03-2024T10:10:04 - [TEST_STEP][PASSED] - tap(findTestObject("Object Repository/IOS/User Management/Auto Logout/XCUIElementTypeOther (2)"), 30): Tapped on element 'Object Repository/IOS/User Management/Auto Logout/XCUIElementTypeOther (2)'

13-03-2024T10:10:05 - [MESSAGE][PASSED] - Tapped on element 'Object Repository/IOS/User Management/Auto Logout/XCUIElementTypeOther (2)'

13-03-2024T10:10:05 - [TEST_STEP][PASSED] - delay(65): Delayed 65 second(s)

13-03-2024T10:11:10 - [MESSAGE][PASSED] - Delayed 65 second(s)

13-03-2024T10:11:10 - [TEST_STEP][PASSED] - verifyElementExist(findTestObject("Object Repository/IOS/User Management/Auto Logout/XCUIElementTypeImage"), 30): Element 'Object Repository/IOS/User Management/Auto Logout/XCUIElementTypeImage' is exist

13-03-2024T10:11:11 - [MESSAGE][PASSED] - Element 'Object Repository/IOS/User Management/Auto Logout/XCUIElementTypeImage' is exist

13-03-2024T10:11:13 - [TEST_STEP][PASSED] - Video: Video recording for test case 'Test Cases/IOS/User Management/EK-8513 IS iPhone - Auto Logout' .

13-03-2024T10:11:13 - [MESSAGE][INFO] - Video recording for test case 'Test Cases/IOS/User Management/EK-8513 IS iPhone - Auto Logout' .]]></system-out>
         <system-err><![CDATA[]]></system-err>
      </testcase>
      <system-out><![CDATA[13-03-2024T10:03:59 - [TEST_SUITE][PASSED] - User Management: Test Cases/IOS/User Management/EK-8513 IS iPhone - Auto Logout]]></system-out>
      <system-err><![CDATA[]]></system-err>
   </testsuite>
</testsuites>
