<?xml version="1.0" encoding="UTF-8"?>
<testsuites name="EU Android Treatment and WCP" time="178.18" tests="4" failures="0" errors="0">
   <testsuite name="EU Android Treatment and WCP" tests="4" failures="0" errors="0" time="178.18" skipped="0" timestamp="12-01-2024T11:49:51" hostname="safaamarir - localhost" id="Test Suites/EU Android phone/EU Android Treatment and WCP">
      <properties>
         <property name="deviceName" value="samsung SM-N975F (Android 12)"/>
         <property name="devicePlatform" value=""/>
         <property name="logFolder" value="/Users/safaamarir/git/Android_Automation/Reports/20240112_114949/EU Android phone/EU Android Treatment and WCP/20240112_114949"/>
         <property name="logFiles" value="/Users/safaamarir/git/Android_Automation/Reports/20240112_114949/EU Android phone/EU Android Treatment and WCP/20240112_114949/execution0.log, /Users/safaamarir/git/Android_Automation/Reports/20240112_114949/EU Android phone/EU Android Treatment and WCP/20240112_114949/appium_error.log, /Users/safaamarir/git/Android_Automation/Reports/20240112_114949/EU Android phone/EU Android Treatment and WCP/20240112_114949/appium.log"/>
         <property name="attachments" value="/Users/safaamarir/git/Android_Automation/Reports/20240112_114949/EU Android phone/EU Android Treatment and WCP/20240112_114949/1705056630287.png, /Users/safaamarir/git/Android_Automation/Reports/20240112_114949/EU Android phone/EU Android Treatment and WCP/20240112_114949/1705056631017.png"/>
         <property name="hostName" value="safaamarir - localhost"/>
         <property name="os" value="Mac OS X 64bit"/>
         <property name="appiumServerStatus" value="{&quot;value&quot;:{&quot;ready&quot;:true,&quot;message&quot;:&quot;The server is ready to accept new connections&quot;,&quot;build&quot;:{&quot;version&quot;:&quot;2.4.1&quot;,&quot;git-sha&quot;:&quot;b3751bca8c4a3c76107d5aa3b75b81db93cf4bb6&quot;,&quot;built&quot;:&quot;2024-01-07 16:04:51 -0800&quot;}}}"/>
         <property name="katalonVersion" value="9.2.0.212"/>
         <property name="deviceOS" value="Android"/>
         <property name="appiumVersion" value="2.4.1"/>
         <property name="deviceModel" value="SM-N975F"/>
         <property name="hostAddress" value="127.0.0.1"/>
         <property name="deviceManufacturer" value="samsung"/>
         <property name="deviceId" value="RF8N307NKZV"/>
         <property name="deviceName" value="samsung SM-N975F (Android 12)"/>
         <property name="deviceOSVersion" value="12"/>
      </properties>
      <testcase name="Test Cases/Android/EU Android/User Management/EK-8286 EU Android - Sign-in" time="24.496" classname="Test Cases/Android/EU Android/User Management/EK-8286 EU Android - Sign-in" status="PASSED">
         <system-out><![CDATA[12-01-2024T11:50:33 - [TEST_CASE][PASSED] - Test Cases/Android/EU Android/User Management/EK-8286 EU Android - Sign-in: Test Cases/Android/EU Android/User Management/EK-8286 EU Android - Sign-in

12-01-2024T11:50:33 - [TEST_STEP][PASSED] - Start listener action : beforeTestCase: null

12-01-2024T11:50:33 - [TEST_STEP][PASSED] - addDefaultPackages(): null

12-01-2024T11:50:33 - [TEST_STEP][PASSED] - runFeatureFile("Include/features/EK-8286 EU Android - Sign-in.feature"): Feature file: 'Include/features/EK-8286 EU Android - Sign-in.feature' was passed

12-01-2024T11:50:33 - [MESSAGE][INFO] - Starting run keyword runFeatureFile: 'Include/features/EK-8286 EU Android - Sign-in.feature' and extract report to folder: '/Users/safaamarir/git/Android_Automation/Reports/20240112_114949/EU Android phone/EU Android Treatment and WCP/20240112_114949/cucumber_report/1705056633749'...

12-01-2024T11:50:33 - [MESSAGE][PASSED] - Feature file: 'Include/features/EK-8286 EU Android - Sign-in.feature' was passed

12-01-2024T11:50:33 - [TEST_STEP][PASSED] - startApplication(LoginCreds.get("APK"), false): Started app at: '/Users/safaamarir/APK/Android/EU/181-EU-preprod.apk'

12-01-2024T11:50:33 - [MESSAGE][INFO] - User set preference: ['automationName', 'Uiautomator2']

12-01-2024T11:50:33 - [MESSAGE][INFO] - User set preference: ['appWaitActivity', '*']

12-01-2024T11:50:33 - [MESSAGE][INFO] - User set preference: ['deviceId', '']

12-01-2024T11:50:39 - [MESSAGE][PASSED] - Started app at: '/Users/safaamarir/APK/Android/EU/181-EU-preprod.apk'

12-01-2024T11:50:39 - [TEST_STEP][PASSED] - setText(findTestObject("Android/Login Page/Username input"), LoginCreds.get("username"), 30): Text 'katalon' has been set to element 'Object Repository/Android/Login Page/Username input'

12-01-2024T11:50:45 - [MESSAGE][PASSED] - Text 'katalon' has been set to element 'Object Repository/Android/Login Page/Username input'

12-01-2024T11:50:45 - [TEST_STEP][PASSED] - setText(findTestObject("Android/Login Page/Password input"), LoginCreds.get("password"), 30): Text 'eKare123@' has been set to element 'Object Repository/Android/Login Page/Password input'

12-01-2024T11:50:48 - [MESSAGE][PASSED] - Text 'eKare123@' has been set to element 'Object Repository/Android/Login Page/Password input'

12-01-2024T11:50:48 - [TEST_STEP][PASSED] - tap(findTestObject("Android/Login Page/Sign in"), 30): Tapped on element 'Object Repository/Android/Login Page/Sign in'

12-01-2024T11:50:49 - [MESSAGE][PASSED] - Tapped on element 'Object Repository/Android/Login Page/Sign in'

12-01-2024T11:50:49 - [TEST_STEP][PASSED] - tap(findTestObject("Android/IS/User Management/Login/android.widget.TextView - Katalon"), 30): Tapped on element 'Object Repository/Android/IS/User Management/Login/android.widget.TextView - Katalon'

12-01-2024T11:50:50 - [MESSAGE][PASSED] - Tapped on element 'Object Repository/Android/IS/User Management/Login/android.widget.TextView - Katalon'

12-01-2024T11:50:50 - [TEST_STEP][PASSED] - delay(2, STOP_ON_FAILURE): Delayed 2 second(s)

12-01-2024T11:50:52 - [MESSAGE][PASSED] - Delayed 2 second(s)

12-01-2024T11:50:52 - [TEST_STEP][PASSED] - verifyElementExist(findTestObject("Android/IS/User Management/Login/android.widget.TextView - Patient Directory"), 30): Element 'Object Repository/Android/IS/User Management/Login/android.widget.TextView - Patient Directory' is exist

12-01-2024T11:50:56 - [MESSAGE][PASSED] - Element 'Object Repository/Android/IS/User Management/Login/android.widget.TextView - Patient Directory' is exist

12-01-2024T11:50:58 - [TEST_STEP][PASSED] - Video: Video recording for test case 'Test Cases/Android/EU Android/User Management/EK-8286 EU Android - Sign-in' .

12-01-2024T11:50:58 - [MESSAGE][INFO] - Video recording for test case 'Test Cases/Android/EU Android/User Management/EK-8286 EU Android - Sign-in' .]]></system-out>
         <system-err><![CDATA[]]></system-err>
      </testcase>
      <testcase name="Test Cases/Android/EU Android/Treatment and WCP/EK-8380 EU Android - Add Treatment" time="17.562" classname="Test Cases/Android/EU Android/Treatment and WCP/EK-8380 EU Android - Add Treatment" status="PASSED">
         <system-out><![CDATA[12-01-2024T11:50:58 - [TEST_CASE][PASSED] - Test Cases/Android/EU Android/Treatment and WCP/EK-8380 EU Android - Add Treatment: Test Cases/Android/EU Android/Treatment and WCP/EK-8380 EU Android - Add Treatment

12-01-2024T11:50:58 - [TEST_STEP][PASSED] - Start listener action : beforeTestCase: null

12-01-2024T11:50:58 - [TEST_STEP][PASSED] - addDefaultPackages(): null

12-01-2024T11:50:58 - [TEST_STEP][PASSED] - runFeatureFile("Include/features/EK-8380 EU Android - Add Treatment.feature"): Feature file: 'Include/features/EK-8380 EU Android - Add Treatment.feature' was passed

12-01-2024T11:50:58 - [MESSAGE][INFO] - Starting run keyword runFeatureFile: 'Include/features/EK-8380 EU Android - Add Treatment.feature' and extract report to folder: '/Users/safaamarir/git/Android_Automation/Reports/20240112_114949/EU Android phone/EU Android Treatment and WCP/20240112_114949/cucumber_report/1705056658262'...

12-01-2024T11:50:58 - [MESSAGE][PASSED] - Feature file: 'Include/features/EK-8380 EU Android - Add Treatment.feature' was passed

12-01-2024T11:50:58 - [TEST_STEP][PASSED] - scrollToText("Patient ID: 24ui"): Scrolling to text 'Patient ID: 24ui' successfully

12-01-2024T11:50:59 - [MESSAGE][PASSED] - Scrolling to text 'Patient ID: 24ui' successfully

12-01-2024T11:50:59 - [TEST_STEP][PASSED] - tap(findTestObject("Android/EU/Treatment Management/android.widget.TextView - Patient ID 24ui"), 30): Tapped on element 'Object Repository/Android/EU/Treatment Management/android.widget.TextView - Patient ID 24ui'

12-01-2024T11:50:59 - [MESSAGE][PASSED] - Tapped on element 'Object Repository/Android/EU/Treatment Management/android.widget.TextView - Patient ID 24ui'

12-01-2024T11:50:59 - [TEST_STEP][PASSED] - verifyElementExist(findTestObject("Object Repository/Android/IS/Treatment and WCP/Add Treatment/android.view.ViewGroup - Wound"), 30): Element 'Object Repository/Android/IS/Treatment and WCP/Add Treatment/android.view.ViewGroup - Wound' is exist

12-01-2024T11:51:00 - [MESSAGE][PASSED] - Element 'Object Repository/Android/IS/Treatment and WCP/Add Treatment/android.view.ViewGroup - Wound' is exist

12-01-2024T11:51:00 - [TEST_STEP][PASSED] - tap(findTestObject("Object Repository/Android/IS/Treatment and WCP/Add Treatment/android.view.ViewGroup - Wound"), 30): Tapped on element 'Object Repository/Android/IS/Treatment and WCP/Add Treatment/android.view.ViewGroup - Wound'

12-01-2024T11:51:01 - [MESSAGE][PASSED] - Tapped on element 'Object Repository/Android/IS/Treatment and WCP/Add Treatment/android.view.ViewGroup - Wound'

12-01-2024T11:51:01 - [TEST_STEP][PASSED] - tap(findTestObject("Android/IS/Hard to find elements/android.view.ViewGroup - Treatment"), 30): Tapped on element 'Object Repository/Android/IS/Hard to find elements/android.view.ViewGroup - Treatment'

12-01-2024T11:51:03 - [MESSAGE][PASSED] - Tapped on element 'Object Repository/Android/IS/Hard to find elements/android.view.ViewGroup - Treatment'

12-01-2024T11:51:03 - [TEST_STEP][PASSED] - verifyElementExist(findTestObject("Object Repository/Android/IS/Treatment and WCP/Add Treatment/android.widget.ImageView - Add Treatement"), 30): Element 'Object Repository/Android/IS/Treatment and WCP/Add Treatment/android.widget.ImageView - Add Treatement' is exist

12-01-2024T11:51:05 - [MESSAGE][PASSED] - Element 'Object Repository/Android/IS/Treatment and WCP/Add Treatment/android.widget.ImageView - Add Treatement' is exist

12-01-2024T11:51:05 - [TEST_STEP][PASSED] - tap(findTestObject("Object Repository/Android/IS/Treatment and WCP/Add Treatment/android.widget.ImageView - Add Treatement"), 30): Tapped on element 'Object Repository/Android/IS/Treatment and WCP/Add Treatment/android.widget.ImageView - Add Treatement'

12-01-2024T11:51:05 - [MESSAGE][PASSED] - Tapped on element 'Object Repository/Android/IS/Treatment and WCP/Add Treatment/android.widget.ImageView - Add Treatement'

12-01-2024T11:51:05 - [TEST_STEP][PASSED] - tap(findTestObject("Object Repository/Android/IS/Treatment and WCP/Add Treatment/android.widget.TextView - Next"), 30): Tapped on element 'Object Repository/Android/IS/Treatment and WCP/Add Treatment/android.widget.TextView - Next'

12-01-2024T11:51:06 - [MESSAGE][PASSED] - Tapped on element 'Object Repository/Android/IS/Treatment and WCP/Add Treatment/android.widget.TextView - Next'

12-01-2024T11:51:06 - [TEST_STEP][PASSED] - tap(findTestObject("Object Repository/Android/IS/Treatment and WCP/Add Treatment/android.widget.TextView - CLEANSING"), 30): Tapped on element 'Object Repository/Android/IS/Treatment and WCP/Add Treatment/android.widget.TextView - CLEANSING'

12-01-2024T11:51:07 - [MESSAGE][PASSED] - Tapped on element 'Object Repository/Android/IS/Treatment and WCP/Add Treatment/android.widget.TextView - CLEANSING'

12-01-2024T11:51:07 - [TEST_STEP][PASSED] - tap(findTestObject("Object Repository/Android/IS/Treatment and WCP/Add Treatment/android.widget.TextView - Acetic Acid"), 30): Tapped on element 'Object Repository/Android/IS/Treatment and WCP/Add Treatment/android.widget.TextView - Acetic Acid'

12-01-2024T11:51:08 - [MESSAGE][PASSED] - Tapped on element 'Object Repository/Android/IS/Treatment and WCP/Add Treatment/android.widget.TextView - Acetic Acid'

12-01-2024T11:51:08 - [TEST_STEP][PASSED] - tap(findTestObject("Object Repository/Android/IS/Treatment and WCP/Add Treatment/android.widget.TextView - OINTMENTS"), 30): Tapped on element 'Object Repository/Android/IS/Treatment and WCP/Add Treatment/android.widget.TextView - OINTMENTS'

12-01-2024T11:51:08 - [MESSAGE][PASSED] - Tapped on element 'Object Repository/Android/IS/Treatment and WCP/Add Treatment/android.widget.TextView - OINTMENTS'

12-01-2024T11:51:08 - [TEST_STEP][PASSED] - tap(findTestObject("Object Repository/Android/IS/Treatment and WCP/Add Treatment/android.widget.TextView - Zinc Oxide"), 30): Tapped on element 'Object Repository/Android/IS/Treatment and WCP/Add Treatment/android.widget.TextView - Zinc Oxide'

12-01-2024T11:51:09 - [MESSAGE][PASSED] - Tapped on element 'Object Repository/Android/IS/Treatment and WCP/Add Treatment/android.widget.TextView - Zinc Oxide'

12-01-2024T11:51:09 - [TEST_STEP][PASSED] - tap(findTestObject("Object Repository/Android/IS/Treatment and WCP/Add Treatment/android.widget.TextView - Save"), 30): Tapped on element 'Object Repository/Android/IS/Treatment and WCP/Add Treatment/android.widget.TextView - Save'

12-01-2024T11:51:09 - [MESSAGE][PASSED] - Tapped on element 'Object Repository/Android/IS/Treatment and WCP/Add Treatment/android.widget.TextView - Save'

12-01-2024T11:51:09 - [TEST_STEP][PASSED] - verifyElementText(findTestObject("Object Repository/Android/IS/Treatment and WCP/Add Treatment/android.widget.TextView - Acetic Acid (1)"), "Acetic Acid"): Actual text and expected text of test object 'Object Repository/Android/IS/Treatment and WCP/Add Treatment/android.widget.TextView - Acetic Acid (1)' are matched.

12-01-2024T11:51:11 - [MESSAGE][PASSED] - Actual text and expected text of test object 'Object Repository/Android/IS/Treatment and WCP/Add Treatment/android.widget.TextView - Acetic Acid (1)' are matched.

12-01-2024T11:51:11 - [TEST_STEP][PASSED] - verifyElementText(findTestObject("Object Repository/Android/IS/Treatment and WCP/Add Treatment/android.widget.TextView - Zinc Oxide (1)"), "Zinc Oxide"): Actual text and expected text of test object 'Object Repository/Android/IS/Treatment and WCP/Add Treatment/android.widget.TextView - Zinc Oxide (1)' are matched.

12-01-2024T11:51:12 - [MESSAGE][PASSED] - Actual text and expected text of test object 'Object Repository/Android/IS/Treatment and WCP/Add Treatment/android.widget.TextView - Zinc Oxide (1)' are matched.

12-01-2024T11:51:12 - [TEST_STEP][PASSED] - pressBack(): Press back button successfully

12-01-2024T11:51:12 - [MESSAGE][PASSED] - Press back button successfully

12-01-2024T11:51:12 - [TEST_STEP][PASSED] - pressBack(): Press back button successfully

12-01-2024T11:51:13 - [MESSAGE][PASSED] - Press back button successfully

12-01-2024T11:51:13 - [TEST_STEP][PASSED] - pressBack(): Press back button successfully

12-01-2024T11:51:13 - [MESSAGE][PASSED] - Press back button successfully

12-01-2024T11:51:15 - [TEST_STEP][PASSED] - Video: Video recording for test case 'Test Cases/Android/EU Android/Treatment and WCP/EK-8380 EU Android - Add Treatment' .

12-01-2024T11:51:15 - [MESSAGE][INFO] - Video recording for test case 'Test Cases/Android/EU Android/Treatment and WCP/EK-8380 EU Android - Add Treatment' .]]></system-out>
         <system-err><![CDATA[]]></system-err>
      </testcase>
      <testcase name="Test Cases/Android/EU Android/Treatment and WCP/EK-8381 EU Android - Edit Treatment" time="22.111" classname="Test Cases/Android/EU Android/Treatment and WCP/EK-8381 EU Android - Edit Treatment" status="PASSED">
         <system-out><![CDATA[12-01-2024T11:51:15 - [TEST_CASE][PASSED] - Test Cases/Android/EU Android/Treatment and WCP/EK-8381 EU Android - Edit Treatment: Test Cases/Android/EU Android/Treatment and WCP/EK-8381 EU Android - Edit Treatment

12-01-2024T11:51:15 - [TEST_STEP][PASSED] - Start listener action : beforeTestCase: null

12-01-2024T11:51:15 - [TEST_STEP][PASSED] - addDefaultPackages(): null

12-01-2024T11:51:15 - [TEST_STEP][PASSED] - runFeatureFile("Include/features/EK-8381 EU Android - Edit Treatment.feature"): Feature file: 'Include/features/EK-8381 EU Android - Edit Treatment.feature' was passed

12-01-2024T11:51:15 - [MESSAGE][INFO] - Starting run keyword runFeatureFile: 'Include/features/EK-8381 EU Android - Edit Treatment.feature' and extract report to folder: '/Users/safaamarir/git/Android_Automation/Reports/20240112_114949/EU Android phone/EU Android Treatment and WCP/20240112_114949/cucumber_report/1705056675832'...

12-01-2024T11:51:15 - [MESSAGE][PASSED] - Feature file: 'Include/features/EK-8381 EU Android - Edit Treatment.feature' was passed

12-01-2024T11:51:15 - [TEST_STEP][PASSED] - scrollToText("Patient ID: 09ui", STOP_ON_FAILURE): Scrolling to text 'Patient ID: 09ui' successfully

12-01-2024T11:51:22 - [MESSAGE][PASSED] - Scrolling to text 'Patient ID: 09ui' successfully

12-01-2024T11:51:22 - [TEST_STEP][PASSED] - tap(findTestObject("Android/EU/Treatment Management/android.widget.TextView - Patient ID 09ui"), 30): Tapped on element 'Object Repository/Android/EU/Treatment Management/android.widget.TextView - Patient ID 09ui'

12-01-2024T11:51:22 - [MESSAGE][PASSED] - Tapped on element 'Object Repository/Android/EU/Treatment Management/android.widget.TextView - Patient ID 09ui'

12-01-2024T11:51:22 - [TEST_STEP][PASSED] - tap(findTestObject("Object Repository/Android/IS/Treatment and WCP/Edit Treatment/android.view.ViewGroup - Wound"), 30): Tapped on element 'Object Repository/Android/IS/Treatment and WCP/Edit Treatment/android.view.ViewGroup - Wound'

12-01-2024T11:51:24 - [MESSAGE][PASSED] - Tapped on element 'Object Repository/Android/IS/Treatment and WCP/Edit Treatment/android.view.ViewGroup - Wound'

12-01-2024T11:51:24 - [TEST_STEP][PASSED] - tap(findTestObject("Android/IS/Hard to find elements/android.view.ViewGroup - Treatment"), 30): Tapped on element 'Object Repository/Android/IS/Hard to find elements/android.view.ViewGroup - Treatment'

12-01-2024T11:51:26 - [MESSAGE][PASSED] - Tapped on element 'Object Repository/Android/IS/Hard to find elements/android.view.ViewGroup - Treatment'

12-01-2024T11:51:26 - [TEST_STEP][PASSED] - tap(findTestObject("Object Repository/Android/IS/Treatment and WCP/Edit Treatment/android.widget.ImageView - Edit Treatement"), 30): Tapped on element 'Object Repository/Android/IS/Treatment and WCP/Edit Treatment/android.widget.ImageView - Edit Treatement'

12-01-2024T11:51:28 - [MESSAGE][PASSED] - Tapped on element 'Object Repository/Android/IS/Treatment and WCP/Edit Treatment/android.widget.ImageView - Edit Treatement'

12-01-2024T11:51:28 - [TEST_STEP][PASSED] - tap(findTestObject("Object Repository/Android/IS/Treatment and WCP/Edit Treatment/android.widget.TextView - Next"), 30): Tapped on element 'Object Repository/Android/IS/Treatment and WCP/Edit Treatment/android.widget.TextView - Next'

12-01-2024T11:51:28 - [MESSAGE][PASSED] - Tapped on element 'Object Repository/Android/IS/Treatment and WCP/Edit Treatment/android.widget.TextView - Next'

12-01-2024T11:51:28 - [TEST_STEP][PASSED] - tap(findTestObject("Android/EU/Treatment Management/android.widget.TextView - OINTMENTS (1)"), 30): Tapped on element 'Object Repository/Android/EU/Treatment Management/android.widget.TextView - OINTMENTS (1)'

12-01-2024T11:51:30 - [MESSAGE][PASSED] - Tapped on element 'Object Repository/Android/EU/Treatment Management/android.widget.TextView - OINTMENTS (1)'

12-01-2024T11:51:30 - [TEST_STEP][PASSED] - tap(findTestObject("Android/EU/Treatment Management/android.widget.TextView - Zinc Oxide"), 30): Tapped on element 'Object Repository/Android/EU/Treatment Management/android.widget.TextView - Zinc Oxide'

12-01-2024T11:51:30 - [MESSAGE][PASSED] - Tapped on element 'Object Repository/Android/EU/Treatment Management/android.widget.TextView - Zinc Oxide'

12-01-2024T11:51:30 - [TEST_STEP][PASSED] - tap(findTestObject("Object Repository/Android/IS/Treatment and WCP/Edit Treatment/android.widget.TextView - Save"), 30): Tapped on element 'Object Repository/Android/IS/Treatment and WCP/Edit Treatment/android.widget.TextView - Save'

12-01-2024T11:51:31 - [MESSAGE][PASSED] - Tapped on element 'Object Repository/Android/IS/Treatment and WCP/Edit Treatment/android.widget.TextView - Save'

12-01-2024T11:51:31 - [TEST_STEP][PASSED] - verifyElementExist(findTestObject("Android/EU/Treatment Management/android.widget.TextView - OINTMENTS"), 30): Element 'Object Repository/Android/EU/Treatment Management/android.widget.TextView - OINTMENTS' is exist

12-01-2024T11:51:33 - [MESSAGE][PASSED] - Element 'Object Repository/Android/EU/Treatment Management/android.widget.TextView - OINTMENTS' is exist

12-01-2024T11:51:33 - [TEST_STEP][PASSED] - verifyElementExist(findTestObject("Android/EU/Treatment Management/android.widget.TextView - Zinc Oxide (1)"), 30): Element 'Object Repository/Android/EU/Treatment Management/android.widget.TextView - Zinc Oxide (1)' is exist

12-01-2024T11:51:33 - [MESSAGE][PASSED] - Element 'Object Repository/Android/EU/Treatment Management/android.widget.TextView - Zinc Oxide (1)' is exist

12-01-2024T11:51:33 - [TEST_STEP][PASSED] - verifyElementExist(findTestObject("Android/EU/Treatment Management/android.widget.TextView - DRESSING"), 30): Element 'Object Repository/Android/EU/Treatment Management/android.widget.TextView - DRESSING' is exist

12-01-2024T11:51:33 - [MESSAGE][PASSED] - Element 'Object Repository/Android/EU/Treatment Management/android.widget.TextView - DRESSING' is exist

12-01-2024T11:51:33 - [TEST_STEP][PASSED] - verifyElementExist(findTestObject("Android/EU/Treatment Management/android.widget.TextView - Activated Charcoal"), 30): Element 'Object Repository/Android/EU/Treatment Management/android.widget.TextView - Activated Charcoal' is exist

12-01-2024T11:51:34 - [MESSAGE][PASSED] - Element 'Object Repository/Android/EU/Treatment Management/android.widget.TextView - Activated Charcoal' is exist

12-01-2024T11:51:34 - [TEST_STEP][PASSED] - pressBack(): Press back button successfully

12-01-2024T11:51:34 - [MESSAGE][PASSED] - Press back button successfully

12-01-2024T11:51:34 - [TEST_STEP][PASSED] - pressBack(): Press back button successfully

12-01-2024T11:51:35 - [MESSAGE][PASSED] - Press back button successfully

12-01-2024T11:51:35 - [TEST_STEP][PASSED] - pressBack(): Press back button successfully

12-01-2024T11:51:35 - [MESSAGE][PASSED] - Press back button successfully

12-01-2024T11:51:37 - [TEST_STEP][PASSED] - Video: Video recording for test case 'Test Cases/Android/EU Android/Treatment and WCP/EK-8381 EU Android - Edit Treatment' .

12-01-2024T11:51:37 - [MESSAGE][INFO] - Video recording for test case 'Test Cases/Android/EU Android/Treatment and WCP/EK-8381 EU Android - Edit Treatment' .]]></system-out>
         <system-err><![CDATA[]]></system-err>
      </testcase>
      <testcase name="Test Cases/Android/EU Android/Treatment and WCP/EK-8382 EU Android - Treatment  WCP History" time="72.098" classname="Test Cases/Android/EU Android/Treatment and WCP/EK-8382 EU Android - Treatment  WCP History" status="PASSED">
         <system-out><![CDATA[12-01-2024T11:51:37 - [TEST_CASE][PASSED] - Test Cases/Android/EU Android/Treatment and WCP/EK-8382 EU Android - Treatment  WCP History: Test Cases/Android/EU Android/Treatment and WCP/EK-8382 EU Android - Treatment  WCP History

12-01-2024T11:51:37 - [TEST_STEP][PASSED] - Start listener action : beforeTestCase: null

12-01-2024T11:51:37 - [TEST_STEP][PASSED] - addDefaultPackages(): null

12-01-2024T11:51:37 - [TEST_STEP][PASSED] - runFeatureFile("Include/features/EK-8382 EU Android - Treatment  WCP History.feature"): Feature file: 'Include/features/EK-8382 EU Android - Treatment  WCP History.feature' was passed

12-01-2024T11:51:37 - [MESSAGE][INFO] - Starting run keyword runFeatureFile: 'Include/features/EK-8382 EU Android - Treatment  WCP History.feature' and extract report to folder: '/Users/safaamarir/git/Android_Automation/Reports/20240112_114949/EU Android phone/EU Android Treatment and WCP/20240112_114949/cucumber_report/1705056697932'...

12-01-2024T11:51:37 - [MESSAGE][PASSED] - Feature file: 'Include/features/EK-8382 EU Android - Treatment  WCP History.feature' was passed

12-01-2024T11:51:37 - [TEST_STEP][PASSED] - scrollToText("Patient ID: 97ui"): Scrolling to text 'Patient ID: 97ui' successfully

12-01-2024T11:51:47 - [MESSAGE][PASSED] - Scrolling to text 'Patient ID: 97ui' successfully

12-01-2024T11:51:47 - [TEST_STEP][PASSED] - tap(findTestObject("Android/EU/Wound Assessment/android.widget.TextView - Patient ID 97ui"), 30): Tapped on element 'Object Repository/Android/EU/Wound Assessment/android.widget.TextView - Patient ID 97ui'

12-01-2024T11:51:47 - [MESSAGE][PASSED] - Tapped on element 'Object Repository/Android/EU/Wound Assessment/android.widget.TextView - Patient ID 97ui'

12-01-2024T11:51:47 - [TEST_STEP][PASSED] - tap(findTestObject("Object Repository/Android/IS/Treatment and WCP/Treatment WCP history/android.view.ViewGroup"), 30): Tapped on element 'Object Repository/Android/IS/Treatment and WCP/Treatment WCP history/android.view.ViewGroup'

12-01-2024T11:51:49 - [MESSAGE][PASSED] - Tapped on element 'Object Repository/Android/IS/Treatment and WCP/Treatment WCP history/android.view.ViewGroup'

12-01-2024T11:51:49 - [TEST_STEP][PASSED] - tap(findTestObject("Object Repository/Android/IS/Treatment and WCP/Treatment WCP history/android.widget.TextView - Treatment"), 30): Tapped on element 'Object Repository/Android/IS/Treatment and WCP/Treatment WCP history/android.widget.TextView - Treatment'

12-01-2024T11:51:51 - [MESSAGE][PASSED] - Tapped on element 'Object Repository/Android/IS/Treatment and WCP/Treatment WCP history/android.widget.TextView - Treatment'

12-01-2024T11:51:51 - [TEST_STEP][PASSED] - verifyElementExist(findTestObject("Object Repository/Android/IS/Treatment and WCP/Treatment WCP history/android.view.ViewGroup (1)"), 30): Element 'Object Repository/Android/IS/Treatment and WCP/Treatment WCP history/android.view.ViewGroup (1)' is exist

12-01-2024T11:51:53 - [MESSAGE][PASSED] - Element 'Object Repository/Android/IS/Treatment and WCP/Treatment WCP history/android.view.ViewGroup (1)' is exist

12-01-2024T11:51:53 - [TEST_STEP][PASSED] - tap(findTestObject("Object Repository/Android/IS/Treatment and WCP/Treatment WCP history/android.widget.ImageView"), 30): Tapped on element 'Object Repository/Android/IS/Treatment and WCP/Treatment WCP history/android.widget.ImageView'

12-01-2024T11:51:53 - [MESSAGE][PASSED] - Tapped on element 'Object Repository/Android/IS/Treatment and WCP/Treatment WCP history/android.widget.ImageView'

12-01-2024T11:51:53 - [TEST_STEP][PASSED] - tap(findTestObject("Android/IS/Treatment and WCP/Treatment WCP history/android.view.ViewGroup (2)"), 30): Tapped on element 'Object Repository/Android/IS/Treatment and WCP/Treatment WCP history/android.view.ViewGroup (2)'

12-01-2024T11:52:45 - [MESSAGE][PASSED] - Tapped on element 'Object Repository/Android/IS/Treatment and WCP/Treatment WCP history/android.view.ViewGroup (2)'

12-01-2024T11:52:45 - [TEST_STEP][PASSED] - verifyElementExist(findTestObject("Android/IS/Treatment and WCP/Treatment WCP history/android.view.ViewGroup (1)"), 30): Element 'Object Repository/Android/IS/Treatment and WCP/Treatment WCP history/android.view.ViewGroup (1)' is exist

12-01-2024T11:52:45 - [MESSAGE][PASSED] - Element 'Object Repository/Android/IS/Treatment and WCP/Treatment WCP history/android.view.ViewGroup (1)' is exist

12-01-2024T11:52:45 - [TEST_STEP][PASSED] - pressBack(): Press back button successfully

12-01-2024T11:52:46 - [MESSAGE][PASSED] - Press back button successfully

12-01-2024T11:52:46 - [TEST_STEP][PASSED] - pressBack(): Press back button successfully

12-01-2024T11:52:47 - [MESSAGE][PASSED] - Press back button successfully

12-01-2024T11:52:47 - [TEST_STEP][PASSED] - pressBack(): Press back button successfully

12-01-2024T11:52:47 - [MESSAGE][PASSED] - Press back button successfully

12-01-2024T11:52:50 - [TEST_STEP][PASSED] - Video: Video recording for test case 'Test Cases/Android/EU Android/Treatment and WCP/EK-8382 EU Android - Treatment  WCP History' .

12-01-2024T11:52:50 - [MESSAGE][INFO] - Video recording for test case 'Test Cases/Android/EU Android/Treatment and WCP/EK-8382 EU Android - Treatment  WCP History' .]]></system-out>
         <system-err><![CDATA[]]></system-err>
      </testcase>
      <system-out><![CDATA[12-01-2024T11:49:51 - [TEST_SUITE][FAILED] - EU Android Treatment and WCP: Test Cases/Android/EU Android/User Management/EK-8286 EU Android - Sign-in FAILED.
Reason:
com.kms.katalon.core.exception.StepFailedException: Failed to set text into element
	at com.kms.katalon.core.mobile.keyword.internal.MobileKeywordMain.stepFailed(MobileKeywordMain.groovy:38)
	at com.kms.katalon.core.mobile.keyword.internal.MobileKeywordMain.runKeyword(MobileKeywordMain.groovy:21)
	at com.kms.katalon.core.mobile.keyword.builtin.SetTextKeyword.setText(SetTextKeyword.groovy:62)
	at com.kms.katalon.core.mobile.keyword.builtin.SetTextKeyword.execute(SetTextKeyword.groovy:42)
	at com.kms.katalon.core.keyword.internal.KeywordExecutor.executeKeywordForPlatform(KeywordExecutor.groovy:74)
	at com.kms.katalon.core.mobile.keyword.MobileBuiltInKeywords.setText(MobileBuiltInKeywords.groovy:1307)
	at EK-8286 EU Android - Sign-in.run(EK-8286 EU Android - Sign-in:24)
	at com.kms.katalon.core.main.ScriptEngine.run(ScriptEngine.java:194)
	at com.kms.katalon.core.main.ScriptEngine.runScriptAsRawText(ScriptEngine.java:119)
	at com.kms.katalon.core.main.TestCaseExecutor.runScript(TestCaseExecutor.java:448)
	at com.kms.katalon.core.main.TestCaseExecutor.doExecute(TestCaseExecutor.java:439)
	at com.kms.katalon.core.main.TestCaseExecutor.processExecutionPhase(TestCaseExecutor.java:418)
	at com.kms.katalon.core.main.TestCaseExecutor.accessMainPhase(TestCaseExecutor.java:410)
	at com.kms.katalon.core.main.TestCaseExecutor.execute(TestCaseExecutor.java:285)
	at com.kms.katalon.core.common.CommonExecutor.accessTestCaseMainPhase(CommonExecutor.java:65)
	at com.kms.katalon.core.main.TestSuiteExecutor.accessTestSuiteMainPhase(TestSuiteExecutor.java:148)
	at com.kms.katalon.core.main.TestSuiteExecutor.execute(TestSuiteExecutor.java:106)
	at com.kms.katalon.core.main.TestCaseMain.startTestSuite(TestCaseMain.java:180)
	at TempTestSuite1705056589033.run(TempTestSuite1705056589033.groovy:36)
	at java.base/jdk.internal.reflect.NativeMethodAccessorImpl.invoke0(Native Method)
	at java.base/jdk.internal.reflect.NativeMethodAccessorImpl.invoke(NativeMethodAccessorImpl.java:77)
	at java.base/jdk.internal.reflect.DelegatingMethodAccessorImpl.invoke(DelegatingMethodAccessorImpl.java:43)
Caused by: com.kms.katalon.core.exception.StepFailedException: Object Object Repository/Android/Login Page/Username input not found
	at com.kms.katalon.core.mobile.keyword.internal.MobileKeywordMain.stepFailed(MobileKeywordMain.groovy:38)
	at com.kms.katalon.core.mobile.keyword.builtin.SetTextKeyword$_setText_closure1.doCall(SetTextKeyword.groovy:52)
	at com.kms.katalon.core.mobile.keyword.builtin.SetTextKeyword$_setText_closure1.call(SetTextKeyword.groovy)
	at com.kms.katalon.core.mobile.keyword.internal.MobileKeywordMain.runKeyword(MobileKeywordMain.groovy:19)
	... 20 more]]></system-out>
      <system-err><![CDATA[12-01-2024T11:49:51 - [TEST_SUITE][FAILED] - EU Android Treatment and WCP: Test Cases/Android/EU Android/User Management/EK-8286 EU Android - Sign-in FAILED.
Reason:
com.kms.katalon.core.exception.StepFailedException: Failed to set text into element
	at com.kms.katalon.core.mobile.keyword.internal.MobileKeywordMain.stepFailed(MobileKeywordMain.groovy:38)
	at com.kms.katalon.core.mobile.keyword.internal.MobileKeywordMain.runKeyword(MobileKeywordMain.groovy:21)
	at com.kms.katalon.core.mobile.keyword.builtin.SetTextKeyword.setText(SetTextKeyword.groovy:62)
	at com.kms.katalon.core.mobile.keyword.builtin.SetTextKeyword.execute(SetTextKeyword.groovy:42)
	at com.kms.katalon.core.keyword.internal.KeywordExecutor.executeKeywordForPlatform(KeywordExecutor.groovy:74)
	at com.kms.katalon.core.mobile.keyword.MobileBuiltInKeywords.setText(MobileBuiltInKeywords.groovy:1307)
	at EK-8286 EU Android - Sign-in.run(EK-8286 EU Android - Sign-in:24)
	at com.kms.katalon.core.main.ScriptEngine.run(ScriptEngine.java:194)
	at com.kms.katalon.core.main.ScriptEngine.runScriptAsRawText(ScriptEngine.java:119)
	at com.kms.katalon.core.main.TestCaseExecutor.runScript(TestCaseExecutor.java:448)
	at com.kms.katalon.core.main.TestCaseExecutor.doExecute(TestCaseExecutor.java:439)
	at com.kms.katalon.core.main.TestCaseExecutor.processExecutionPhase(TestCaseExecutor.java:418)
	at com.kms.katalon.core.main.TestCaseExecutor.accessMainPhase(TestCaseExecutor.java:410)
	at com.kms.katalon.core.main.TestCaseExecutor.execute(TestCaseExecutor.java:285)
	at com.kms.katalon.core.common.CommonExecutor.accessTestCaseMainPhase(CommonExecutor.java:65)
	at com.kms.katalon.core.main.TestSuiteExecutor.accessTestSuiteMainPhase(TestSuiteExecutor.java:148)
	at com.kms.katalon.core.main.TestSuiteExecutor.execute(TestSuiteExecutor.java:106)
	at com.kms.katalon.core.main.TestCaseMain.startTestSuite(TestCaseMain.java:180)
	at TempTestSuite1705056589033.run(TempTestSuite1705056589033.groovy:36)
	at java.base/jdk.internal.reflect.NativeMethodAccessorImpl.invoke0(Native Method)
	at java.base/jdk.internal.reflect.NativeMethodAccessorImpl.invoke(NativeMethodAccessorImpl.java:77)
	at java.base/jdk.internal.reflect.DelegatingMethodAccessorImpl.invoke(DelegatingMethodAccessorImpl.java:43)
Caused by: com.kms.katalon.core.exception.StepFailedException: Object Object Repository/Android/Login Page/Username input not found
	at com.kms.katalon.core.mobile.keyword.internal.MobileKeywordMain.stepFailed(MobileKeywordMain.groovy:38)
	at com.kms.katalon.core.mobile.keyword.builtin.SetTextKeyword$_setText_closure1.doCall(SetTextKeyword.groovy:52)
	at com.kms.katalon.core.mobile.keyword.builtin.SetTextKeyword$_setText_closure1.call(SetTextKeyword.groovy)
	at com.kms.katalon.core.mobile.keyword.internal.MobileKeywordMain.runKeyword(MobileKeywordMain.groovy:19)
	... 20 more]]></system-err>
   </testsuite>
</testsuites>
